[2026-03-05T23:01:50.541+0000] {taskinstance.py:1957} INFO - Dependencies all met for dep_context=non-requeueable deps ti=<TaskInstance: storypoints_etl_week2.ingest_transactions scheduled__2026-03-04T09:00:00+00:00 [queued]>
[2026-03-05T23:01:50.551+0000] {taskinstance.py:1957} INFO - Dependencies all met for dep_context=requeueable deps ti=<TaskInstance: storypoints_etl_week2.ingest_transactions scheduled__2026-03-04T09:00:00+00:00 [queued]>
[2026-03-05T23:01:50.555+0000] {taskinstance.py:2171} INFO - Starting attempt 2 of 4
[2026-03-05T23:01:50.575+0000] {taskinstance.py:2192} INFO - Executing <Task(PythonOperator): ingest_transactions> on 2026-03-04 09:00:00+00:00
[2026-03-05T23:01:50.583+0000] {standard_task_runner.py:60} INFO - Started process 1635 to run task
[2026-03-05T23:01:50.594+0000] {standard_task_runner.py:87} INFO - Running: ['***', 'tasks', 'run', 'storypoints_etl_week2', 'ingest_transactions', 'scheduled__2026-03-04T09:00:00+00:00', '--job-id', '14', '--raw', '--subdir', 'DAGS_FOLDER/etl_week2_dag.py', '--cfg-path', '/tmp/tmp2htrugms']
[2026-03-05T23:01:50.597+0000] {standard_task_runner.py:88} INFO - Job 14: Subtask ingest_transactions
[2026-03-05T23:01:50.679+0000] {task_command.py:423} INFO - Running <TaskInstance: storypoints_etl_week2.ingest_transactions scheduled__2026-03-04T09:00:00+00:00 [running]> on host a47d4c5c7033
[2026-03-05T23:01:50.816+0000] {taskinstance.py:2481} INFO - Exporting env vars: AIRFLOW_CTX_DAG_EMAIL='admin@storypoints.com' AIRFLOW_CTX_DAG_OWNER='storypoints_de' AIRFLOW_CTX_DAG_ID='storypoints_etl_week2' AIRFLOW_CTX_TASK_ID='ingest_transactions' AIRFLOW_CTX_EXECUTION_DATE='2026-03-04T09:00:00+00:00' AIRFLOW_CTX_TRY_NUMBER='2' AIRFLOW_CTX_DAG_RUN_ID='scheduled__2026-03-04T09:00:00+00:00'
[2026-03-05T23:01:50.820+0000] {etl_week2_dag.py:108} INFO - ============================================================
[2026-03-05T23:01:50.821+0000] {etl_week2_dag.py:109} INFO - TASK: ingest_transactions
[2026-03-05T23:01:50.822+0000] {etl_week2_dag.py:110} INFO - ============================================================
[2026-03-05T23:01:50.823+0000] {etl_week2_dag.py:428} WARNING - 🚨 ALERT logged: MISSING FILE: /opt/***/data/raw/transactions/transactions.csv
[2026-03-05T23:01:50.824+0000] {taskinstance.py:2699} ERROR - Task failed with exception
Traceback (most recent call last):
  File "/home/airflow/.local/lib/python3.8/site-packages/airflow/models/taskinstance.py", line 428, in _execute_task
    result = execute_callable(context=context, **execute_callable_kwargs)
  File "/home/airflow/.local/lib/python3.8/site-packages/airflow/operators/python.py", line 199, in execute
    return_value = self.execute_callable()
  File "/home/airflow/.local/lib/python3.8/site-packages/airflow/operators/python.py", line 216, in execute_callable
    return self.python_callable(*self.op_args, **self.op_kwargs)
  File "/opt/airflow/dags/etl_week2_dag.py", line 114, in ingest_transactions
    raise FileNotFoundError(f"Transactions file not found: {RAW_TRANSACTIONS}")
FileNotFoundError: Transactions file not found: /opt/***/data/raw/transactions/transactions.csv
[2026-03-05T23:01:50.837+0000] {taskinstance.py:1138} INFO - Marking task as UP_FOR_RETRY. dag_id=storypoints_etl_week2, task_id=ingest_transactions, execution_date=20260304T090000, start_date=20260305T230150, end_date=20260305T230150
[2026-03-05T23:01:50.853+0000] {standard_task_runner.py:107} ERROR - Failed to execute job 14 for task ingest_transactions (Transactions file not found: /opt/***/data/raw/transactions/transactions.csv; 1635)
[2026-03-05T23:01:50.899+0000] {local_task_job_runner.py:234} INFO - Task exited with return code 1
[2026-03-05T23:01:50.950+0000] {taskinstance.py:3281} INFO - 0 downstream tasks scheduled from follow-on schedule check
