[2026-03-05T23:06:54.177+0000] {taskinstance.py:1957} INFO - Dependencies all met for dep_context=non-requeueable deps ti=<TaskInstance: storypoints_etl_week2.ingest_transactions manual__2026-03-05T22:56:44.344401+00:00 [queued]>
[2026-03-05T23:06:54.196+0000] {taskinstance.py:1957} INFO - Dependencies all met for dep_context=requeueable deps ti=<TaskInstance: storypoints_etl_week2.ingest_transactions manual__2026-03-05T22:56:44.344401+00:00 [queued]>
[2026-03-05T23:06:54.197+0000] {taskinstance.py:2171} INFO - Starting attempt 3 of 4
[2026-03-05T23:06:54.223+0000] {taskinstance.py:2192} INFO - Executing <Task(PythonOperator): ingest_transactions> on 2026-03-05 22:56:44.344401+00:00
[2026-03-05T23:06:54.247+0000] {standard_task_runner.py:60} INFO - Started process 1731 to run task
[2026-03-05T23:06:54.256+0000] {standard_task_runner.py:87} INFO - Running: ['***', 'tasks', 'run', 'storypoints_etl_week2', 'ingest_transactions', 'manual__2026-03-05T22:56:44.344401+00:00', '--job-id', '19', '--raw', '--subdir', 'DAGS_FOLDER/etl_week2_dag.py', '--cfg-path', '/tmp/tmpthta373_']
[2026-03-05T23:06:54.259+0000] {standard_task_runner.py:88} INFO - Job 19: Subtask ingest_transactions
[2026-03-05T23:06:54.387+0000] {task_command.py:423} INFO - Running <TaskInstance: storypoints_etl_week2.ingest_transactions manual__2026-03-05T22:56:44.344401+00:00 [running]> on host a47d4c5c7033
[2026-03-05T23:06:54.467+0000] {taskinstance.py:2481} INFO - Exporting env vars: AIRFLOW_CTX_DAG_EMAIL='admin@storypoints.com' AIRFLOW_CTX_DAG_OWNER='storypoints_de' AIRFLOW_CTX_DAG_ID='storypoints_etl_week2' AIRFLOW_CTX_TASK_ID='ingest_transactions' AIRFLOW_CTX_EXECUTION_DATE='2026-03-05T22:56:44.344401+00:00' AIRFLOW_CTX_TRY_NUMBER='3' AIRFLOW_CTX_DAG_RUN_ID='manual__2026-03-05T22:56:44.344401+00:00'
[2026-03-05T23:06:54.472+0000] {etl_week2_dag.py:108} INFO - ============================================================
[2026-03-05T23:06:54.473+0000] {etl_week2_dag.py:109} INFO - TASK: ingest_transactions
[2026-03-05T23:06:54.475+0000] {etl_week2_dag.py:110} INFO - ============================================================
[2026-03-05T23:06:54.477+0000] {etl_week2_dag.py:428} WARNING - 🚨 ALERT logged: MISSING FILE: /opt/***/data/raw/transactions/transactions.csv
[2026-03-05T23:06:54.478+0000] {taskinstance.py:2699} ERROR - Task failed with exception
Traceback (most recent call last):
  File "/home/airflow/.local/lib/python3.8/site-packages/airflow/models/taskinstance.py", line 428, in _execute_task
    result = execute_callable(context=context, **execute_callable_kwargs)
  File "/home/airflow/.local/lib/python3.8/site-packages/airflow/operators/python.py", line 199, in execute
    return_value = self.execute_callable()
  File "/home/airflow/.local/lib/python3.8/site-packages/airflow/operators/python.py", line 216, in execute_callable
    return self.python_callable(*self.op_args, **self.op_kwargs)
  File "/opt/airflow/dags/etl_week2_dag.py", line 114, in ingest_transactions
    raise FileNotFoundError(f"Transactions file not found: {RAW_TRANSACTIONS}")
FileNotFoundError: Transactions file not found: /opt/***/data/raw/transactions/transactions.csv
[2026-03-05T23:06:54.497+0000] {taskinstance.py:1138} INFO - Marking task as UP_FOR_RETRY. dag_id=storypoints_etl_week2, task_id=ingest_transactions, execution_date=20260305T225644, start_date=20260305T230654, end_date=20260305T230654
[2026-03-05T23:06:54.518+0000] {standard_task_runner.py:107} ERROR - Failed to execute job 19 for task ingest_transactions (Transactions file not found: /opt/***/data/raw/transactions/transactions.csv; 1731)
[2026-03-05T23:06:54.562+0000] {local_task_job_runner.py:234} INFO - Task exited with return code 1
[2026-03-05T23:06:54.623+0000] {taskinstance.py:3281} INFO - 0 downstream tasks scheduled from follow-on schedule check
