[2026-03-04T19:02:33.282+0000] {processor.py:161} INFO - Started process (PID=54959) to work on /Users/HP/storypoints-week1/venv/lib/python3.11/site-packages/airflow/example_dags/example_kubernetes_executor.py
[2026-03-04T19:02:33.285+0000] {processor.py:830} INFO - Processing file /Users/HP/storypoints-week1/venv/lib/python3.11/site-packages/airflow/example_dags/example_kubernetes_executor.py for tasks to queue
[2026-03-04T19:02:33.286+0000] {logging_mixin.py:188} INFO - [2026-03-04T19:02:33.286+0000] {dagbag.py:538} INFO - Filling up the DagBag from /Users/HP/storypoints-week1/venv/lib/python3.11/site-packages/airflow/example_dags/example_kubernetes_executor.py
[2026-03-04T19:02:33.309+0000] {logging_mixin.py:188} INFO - [2026-03-04T19:02:33.309+0000] {example_kubernetes_executor.py:38} WARNING - The example_kubernetes_executor example DAG requires the kubernetes provider. Please install it with: pip install apache-airflow[cncf.kubernetes]
[2026-03-04T19:02:33.310+0000] {processor.py:842} WARNING - No viable dags retrieved from /Users/HP/storypoints-week1/venv/lib/python3.11/site-packages/airflow/example_dags/example_kubernetes_executor.py
[2026-03-04T19:02:33.357+0000] {processor.py:183} INFO - Processing /Users/HP/storypoints-week1/venv/lib/python3.11/site-packages/airflow/example_dags/example_kubernetes_executor.py took 0.075 seconds
[2026-03-04T19:04:36.796+0000] {processor.py:161} INFO - Started process (PID=56548) to work on /Users/HP/storypoints-week1/venv/lib/python3.11/site-packages/airflow/example_dags/example_kubernetes_executor.py
[2026-03-04T19:04:36.799+0000] {processor.py:830} INFO - Processing file /Users/HP/storypoints-week1/venv/lib/python3.11/site-packages/airflow/example_dags/example_kubernetes_executor.py for tasks to queue
[2026-03-04T19:04:36.801+0000] {logging_mixin.py:188} INFO - [2026-03-04T19:04:36.801+0000] {dagbag.py:538} INFO - Filling up the DagBag from /Users/HP/storypoints-week1/venv/lib/python3.11/site-packages/airflow/example_dags/example_kubernetes_executor.py
[2026-03-04T19:04:36.826+0000] {logging_mixin.py:188} INFO - [2026-03-04T19:04:36.826+0000] {example_kubernetes_executor.py:38} WARNING - The example_kubernetes_executor example DAG requires the kubernetes provider. Please install it with: pip install apache-airflow[cncf.kubernetes]
[2026-03-04T19:04:36.826+0000] {processor.py:842} WARNING - No viable dags retrieved from /Users/HP/storypoints-week1/venv/lib/python3.11/site-packages/airflow/example_dags/example_kubernetes_executor.py
[2026-03-04T19:04:36.881+0000] {processor.py:183} INFO - Processing /Users/HP/storypoints-week1/venv/lib/python3.11/site-packages/airflow/example_dags/example_kubernetes_executor.py took 0.086 seconds
[2026-03-04T19:07:26.845+0000] {processor.py:161} INFO - Started process (PID=58165) to work on /Users/HP/storypoints-week1/venv/lib/python3.11/site-packages/airflow/example_dags/example_kubernetes_executor.py
[2026-03-04T19:07:26.848+0000] {processor.py:830} INFO - Processing file /Users/HP/storypoints-week1/venv/lib/python3.11/site-packages/airflow/example_dags/example_kubernetes_executor.py for tasks to queue
[2026-03-04T19:07:26.849+0000] {logging_mixin.py:188} INFO - [2026-03-04T19:07:26.849+0000] {dagbag.py:538} INFO - Filling up the DagBag from /Users/HP/storypoints-week1/venv/lib/python3.11/site-packages/airflow/example_dags/example_kubernetes_executor.py
[2026-03-04T19:07:26.872+0000] {logging_mixin.py:188} INFO - [2026-03-04T19:07:26.872+0000] {example_kubernetes_executor.py:38} WARNING - The example_kubernetes_executor example DAG requires the kubernetes provider. Please install it with: pip install apache-airflow[cncf.kubernetes]
[2026-03-04T19:07:26.872+0000] {processor.py:842} WARNING - No viable dags retrieved from /Users/HP/storypoints-week1/venv/lib/python3.11/site-packages/airflow/example_dags/example_kubernetes_executor.py
[2026-03-04T19:07:26.923+0000] {processor.py:183} INFO - Processing /Users/HP/storypoints-week1/venv/lib/python3.11/site-packages/airflow/example_dags/example_kubernetes_executor.py took 0.078 seconds
[2026-03-04T19:10:08.344+0000] {processor.py:161} INFO - Started process (PID=59715) to work on /Users/HP/storypoints-week1/venv/lib/python3.11/site-packages/airflow/example_dags/example_kubernetes_executor.py
[2026-03-04T19:10:08.347+0000] {processor.py:830} INFO - Processing file /Users/HP/storypoints-week1/venv/lib/python3.11/site-packages/airflow/example_dags/example_kubernetes_executor.py for tasks to queue
[2026-03-04T19:10:08.348+0000] {logging_mixin.py:188} INFO - [2026-03-04T19:10:08.348+0000] {dagbag.py:538} INFO - Filling up the DagBag from /Users/HP/storypoints-week1/venv/lib/python3.11/site-packages/airflow/example_dags/example_kubernetes_executor.py
[2026-03-04T19:10:08.371+0000] {logging_mixin.py:188} INFO - [2026-03-04T19:10:08.371+0000] {example_kubernetes_executor.py:38} WARNING - The example_kubernetes_executor example DAG requires the kubernetes provider. Please install it with: pip install apache-airflow[cncf.kubernetes]
[2026-03-04T19:10:08.371+0000] {processor.py:842} WARNING - No viable dags retrieved from /Users/HP/storypoints-week1/venv/lib/python3.11/site-packages/airflow/example_dags/example_kubernetes_executor.py
[2026-03-04T19:10:08.424+0000] {processor.py:183} INFO - Processing /Users/HP/storypoints-week1/venv/lib/python3.11/site-packages/airflow/example_dags/example_kubernetes_executor.py took 0.080 seconds
[2026-03-04T19:34:27.189+0000] {processor.py:161} INFO - Started process (PID=74886) to work on /Users/HP/storypoints-week1/venv/lib/python3.11/site-packages/airflow/example_dags/example_kubernetes_executor.py
[2026-03-04T19:34:27.191+0000] {processor.py:830} INFO - Processing file /Users/HP/storypoints-week1/venv/lib/python3.11/site-packages/airflow/example_dags/example_kubernetes_executor.py for tasks to queue
[2026-03-04T19:34:27.193+0000] {logging_mixin.py:188} INFO - [2026-03-04T19:34:27.193+0000] {dagbag.py:538} INFO - Filling up the DagBag from /Users/HP/storypoints-week1/venv/lib/python3.11/site-packages/airflow/example_dags/example_kubernetes_executor.py
[2026-03-04T19:34:27.217+0000] {logging_mixin.py:188} INFO - [2026-03-04T19:34:27.217+0000] {example_kubernetes_executor.py:38} WARNING - The example_kubernetes_executor example DAG requires the kubernetes provider. Please install it with: pip install apache-airflow[cncf.kubernetes]
[2026-03-04T19:34:27.217+0000] {processor.py:842} WARNING - No viable dags retrieved from /Users/HP/storypoints-week1/venv/lib/python3.11/site-packages/airflow/example_dags/example_kubernetes_executor.py
[2026-03-04T19:34:27.268+0000] {processor.py:183} INFO - Processing /Users/HP/storypoints-week1/venv/lib/python3.11/site-packages/airflow/example_dags/example_kubernetes_executor.py took 0.080 seconds
[2026-03-04T19:36:56.504+0000] {processor.py:161} INFO - Started process (PID=76569) to work on /Users/HP/storypoints-week1/venv/lib/python3.11/site-packages/airflow/example_dags/example_kubernetes_executor.py
[2026-03-04T19:36:56.506+0000] {processor.py:830} INFO - Processing file /Users/HP/storypoints-week1/venv/lib/python3.11/site-packages/airflow/example_dags/example_kubernetes_executor.py for tasks to queue
[2026-03-04T19:36:56.508+0000] {logging_mixin.py:188} INFO - [2026-03-04T19:36:56.508+0000] {dagbag.py:538} INFO - Filling up the DagBag from /Users/HP/storypoints-week1/venv/lib/python3.11/site-packages/airflow/example_dags/example_kubernetes_executor.py
[2026-03-04T19:36:56.529+0000] {logging_mixin.py:188} INFO - [2026-03-04T19:36:56.529+0000] {example_kubernetes_executor.py:38} WARNING - The example_kubernetes_executor example DAG requires the kubernetes provider. Please install it with: pip install apache-airflow[cncf.kubernetes]
[2026-03-04T19:36:56.529+0000] {processor.py:842} WARNING - No viable dags retrieved from /Users/HP/storypoints-week1/venv/lib/python3.11/site-packages/airflow/example_dags/example_kubernetes_executor.py
[2026-03-04T19:36:56.580+0000] {processor.py:183} INFO - Processing /Users/HP/storypoints-week1/venv/lib/python3.11/site-packages/airflow/example_dags/example_kubernetes_executor.py took 0.077 seconds
[2026-03-04T19:38:44.861+0000] {processor.py:161} INFO - Started process (PID=77599) to work on /Users/HP/storypoints-week1/venv/lib/python3.11/site-packages/airflow/example_dags/example_kubernetes_executor.py
[2026-03-04T19:38:44.864+0000] {processor.py:830} INFO - Processing file /Users/HP/storypoints-week1/venv/lib/python3.11/site-packages/airflow/example_dags/example_kubernetes_executor.py for tasks to queue
[2026-03-04T19:38:44.866+0000] {logging_mixin.py:188} INFO - [2026-03-04T19:38:44.865+0000] {dagbag.py:538} INFO - Filling up the DagBag from /Users/HP/storypoints-week1/venv/lib/python3.11/site-packages/airflow/example_dags/example_kubernetes_executor.py
[2026-03-04T19:38:44.888+0000] {logging_mixin.py:188} INFO - [2026-03-04T19:38:44.888+0000] {example_kubernetes_executor.py:38} WARNING - The example_kubernetes_executor example DAG requires the kubernetes provider. Please install it with: pip install apache-airflow[cncf.kubernetes]
[2026-03-04T19:38:44.888+0000] {processor.py:842} WARNING - No viable dags retrieved from /Users/HP/storypoints-week1/venv/lib/python3.11/site-packages/airflow/example_dags/example_kubernetes_executor.py
[2026-03-04T19:38:44.936+0000] {processor.py:183} INFO - Processing /Users/HP/storypoints-week1/venv/lib/python3.11/site-packages/airflow/example_dags/example_kubernetes_executor.py took 0.076 seconds
[2026-03-04T19:41:12.616+0000] {processor.py:161} INFO - Started process (PID=78999) to work on /Users/HP/storypoints-week1/venv/lib/python3.11/site-packages/airflow/example_dags/example_kubernetes_executor.py
[2026-03-04T19:41:12.619+0000] {processor.py:830} INFO - Processing file /Users/HP/storypoints-week1/venv/lib/python3.11/site-packages/airflow/example_dags/example_kubernetes_executor.py for tasks to queue
[2026-03-04T19:41:12.620+0000] {logging_mixin.py:188} INFO - [2026-03-04T19:41:12.620+0000] {dagbag.py:538} INFO - Filling up the DagBag from /Users/HP/storypoints-week1/venv/lib/python3.11/site-packages/airflow/example_dags/example_kubernetes_executor.py
[2026-03-04T19:41:12.644+0000] {logging_mixin.py:188} INFO - [2026-03-04T19:41:12.644+0000] {example_kubernetes_executor.py:38} WARNING - The example_kubernetes_executor example DAG requires the kubernetes provider. Please install it with: pip install apache-airflow[cncf.kubernetes]
[2026-03-04T19:41:12.644+0000] {processor.py:842} WARNING - No viable dags retrieved from /Users/HP/storypoints-week1/venv/lib/python3.11/site-packages/airflow/example_dags/example_kubernetes_executor.py
[2026-03-04T19:41:12.695+0000] {processor.py:183} INFO - Processing /Users/HP/storypoints-week1/venv/lib/python3.11/site-packages/airflow/example_dags/example_kubernetes_executor.py took 0.079 seconds
[2026-03-04T19:43:40.225+0000] {processor.py:161} INFO - Started process (PID=80386) to work on /Users/HP/storypoints-week1/venv/lib/python3.11/site-packages/airflow/example_dags/example_kubernetes_executor.py
[2026-03-04T19:43:40.227+0000] {processor.py:830} INFO - Processing file /Users/HP/storypoints-week1/venv/lib/python3.11/site-packages/airflow/example_dags/example_kubernetes_executor.py for tasks to queue
[2026-03-04T19:43:40.228+0000] {logging_mixin.py:188} INFO - [2026-03-04T19:43:40.228+0000] {dagbag.py:538} INFO - Filling up the DagBag from /Users/HP/storypoints-week1/venv/lib/python3.11/site-packages/airflow/example_dags/example_kubernetes_executor.py
[2026-03-04T19:43:40.249+0000] {logging_mixin.py:188} INFO - [2026-03-04T19:43:40.249+0000] {example_kubernetes_executor.py:38} WARNING - The example_kubernetes_executor example DAG requires the kubernetes provider. Please install it with: pip install apache-airflow[cncf.kubernetes]
[2026-03-04T19:43:40.249+0000] {processor.py:842} WARNING - No viable dags retrieved from /Users/HP/storypoints-week1/venv/lib/python3.11/site-packages/airflow/example_dags/example_kubernetes_executor.py
[2026-03-04T19:43:40.297+0000] {processor.py:183} INFO - Processing /Users/HP/storypoints-week1/venv/lib/python3.11/site-packages/airflow/example_dags/example_kubernetes_executor.py took 0.073 seconds
[2026-03-04T19:46:07.620+0000] {processor.py:161} INFO - Started process (PID=81778) to work on /Users/HP/storypoints-week1/venv/lib/python3.11/site-packages/airflow/example_dags/example_kubernetes_executor.py
[2026-03-04T19:46:07.622+0000] {processor.py:830} INFO - Processing file /Users/HP/storypoints-week1/venv/lib/python3.11/site-packages/airflow/example_dags/example_kubernetes_executor.py for tasks to queue
[2026-03-04T19:46:07.624+0000] {logging_mixin.py:188} INFO - [2026-03-04T19:46:07.624+0000] {dagbag.py:538} INFO - Filling up the DagBag from /Users/HP/storypoints-week1/venv/lib/python3.11/site-packages/airflow/example_dags/example_kubernetes_executor.py
[2026-03-04T19:46:07.647+0000] {logging_mixin.py:188} INFO - [2026-03-04T19:46:07.647+0000] {example_kubernetes_executor.py:38} WARNING - The example_kubernetes_executor example DAG requires the kubernetes provider. Please install it with: pip install apache-airflow[cncf.kubernetes]
[2026-03-04T19:46:07.647+0000] {processor.py:842} WARNING - No viable dags retrieved from /Users/HP/storypoints-week1/venv/lib/python3.11/site-packages/airflow/example_dags/example_kubernetes_executor.py
[2026-03-04T19:46:07.698+0000] {processor.py:183} INFO - Processing /Users/HP/storypoints-week1/venv/lib/python3.11/site-packages/airflow/example_dags/example_kubernetes_executor.py took 0.079 seconds
[2026-03-04T20:04:25.950+0000] {processor.py:161} INFO - Started process (PID=83229) to work on /Users/HP/storypoints-week1/venv/lib/python3.11/site-packages/airflow/example_dags/example_kubernetes_executor.py
[2026-03-04T20:04:25.952+0000] {processor.py:830} INFO - Processing file /Users/HP/storypoints-week1/venv/lib/python3.11/site-packages/airflow/example_dags/example_kubernetes_executor.py for tasks to queue
[2026-03-04T20:04:25.954+0000] {logging_mixin.py:188} INFO - [2026-03-04T20:04:25.954+0000] {dagbag.py:538} INFO - Filling up the DagBag from /Users/HP/storypoints-week1/venv/lib/python3.11/site-packages/airflow/example_dags/example_kubernetes_executor.py
[2026-03-04T20:04:25.977+0000] {logging_mixin.py:188} INFO - [2026-03-04T20:04:25.977+0000] {example_kubernetes_executor.py:38} WARNING - The example_kubernetes_executor example DAG requires the kubernetes provider. Please install it with: pip install apache-airflow[cncf.kubernetes]
[2026-03-04T20:04:25.977+0000] {processor.py:842} WARNING - No viable dags retrieved from /Users/HP/storypoints-week1/venv/lib/python3.11/site-packages/airflow/example_dags/example_kubernetes_executor.py
[2026-03-04T20:04:26.027+0000] {processor.py:183} INFO - Processing /Users/HP/storypoints-week1/venv/lib/python3.11/site-packages/airflow/example_dags/example_kubernetes_executor.py took 0.078 seconds
[2026-03-04T20:14:51.070+0000] {processor.py:161} INFO - Started process (PID=84815) to work on /Users/HP/storypoints-week1/venv/lib/python3.11/site-packages/airflow/example_dags/example_kubernetes_executor.py
[2026-03-04T20:14:51.073+0000] {processor.py:830} INFO - Processing file /Users/HP/storypoints-week1/venv/lib/python3.11/site-packages/airflow/example_dags/example_kubernetes_executor.py for tasks to queue
[2026-03-04T20:14:51.074+0000] {logging_mixin.py:188} INFO - [2026-03-04T20:14:51.074+0000] {dagbag.py:538} INFO - Filling up the DagBag from /Users/HP/storypoints-week1/venv/lib/python3.11/site-packages/airflow/example_dags/example_kubernetes_executor.py
[2026-03-04T20:14:51.098+0000] {logging_mixin.py:188} INFO - [2026-03-04T20:14:51.098+0000] {example_kubernetes_executor.py:38} WARNING - The example_kubernetes_executor example DAG requires the kubernetes provider. Please install it with: pip install apache-airflow[cncf.kubernetes]
[2026-03-04T20:14:51.098+0000] {processor.py:842} WARNING - No viable dags retrieved from /Users/HP/storypoints-week1/venv/lib/python3.11/site-packages/airflow/example_dags/example_kubernetes_executor.py
[2026-03-04T20:14:51.149+0000] {processor.py:183} INFO - Processing /Users/HP/storypoints-week1/venv/lib/python3.11/site-packages/airflow/example_dags/example_kubernetes_executor.py took 0.080 seconds
[2026-03-04T20:24:17.544+0000] {processor.py:161} INFO - Started process (PID=86296) to work on /Users/HP/storypoints-week1/venv/lib/python3.11/site-packages/airflow/example_dags/example_kubernetes_executor.py
[2026-03-04T20:24:17.547+0000] {processor.py:830} INFO - Processing file /Users/HP/storypoints-week1/venv/lib/python3.11/site-packages/airflow/example_dags/example_kubernetes_executor.py for tasks to queue
[2026-03-04T20:24:17.548+0000] {logging_mixin.py:188} INFO - [2026-03-04T20:24:17.548+0000] {dagbag.py:538} INFO - Filling up the DagBag from /Users/HP/storypoints-week1/venv/lib/python3.11/site-packages/airflow/example_dags/example_kubernetes_executor.py
[2026-03-04T20:24:17.571+0000] {logging_mixin.py:188} INFO - [2026-03-04T20:24:17.571+0000] {example_kubernetes_executor.py:38} WARNING - The example_kubernetes_executor example DAG requires the kubernetes provider. Please install it with: pip install apache-airflow[cncf.kubernetes]
[2026-03-04T20:24:17.571+0000] {processor.py:842} WARNING - No viable dags retrieved from /Users/HP/storypoints-week1/venv/lib/python3.11/site-packages/airflow/example_dags/example_kubernetes_executor.py
[2026-03-04T20:24:17.619+0000] {processor.py:183} INFO - Processing /Users/HP/storypoints-week1/venv/lib/python3.11/site-packages/airflow/example_dags/example_kubernetes_executor.py took 0.076 seconds
[2026-03-04T20:48:08.588+0000] {processor.py:161} INFO - Started process (PID=87821) to work on /Users/HP/storypoints-week1/venv/lib/python3.11/site-packages/airflow/example_dags/example_kubernetes_executor.py
[2026-03-04T20:48:08.590+0000] {processor.py:830} INFO - Processing file /Users/HP/storypoints-week1/venv/lib/python3.11/site-packages/airflow/example_dags/example_kubernetes_executor.py for tasks to queue
[2026-03-04T20:48:08.592+0000] {logging_mixin.py:188} INFO - [2026-03-04T20:48:08.591+0000] {dagbag.py:538} INFO - Filling up the DagBag from /Users/HP/storypoints-week1/venv/lib/python3.11/site-packages/airflow/example_dags/example_kubernetes_executor.py
[2026-03-04T20:48:08.614+0000] {logging_mixin.py:188} INFO - [2026-03-04T20:48:08.614+0000] {example_kubernetes_executor.py:38} WARNING - The example_kubernetes_executor example DAG requires the kubernetes provider. Please install it with: pip install apache-airflow[cncf.kubernetes]
[2026-03-04T20:48:08.614+0000] {processor.py:842} WARNING - No viable dags retrieved from /Users/HP/storypoints-week1/venv/lib/python3.11/site-packages/airflow/example_dags/example_kubernetes_executor.py
[2026-03-04T20:48:08.661+0000] {processor.py:183} INFO - Processing /Users/HP/storypoints-week1/venv/lib/python3.11/site-packages/airflow/example_dags/example_kubernetes_executor.py took 0.074 seconds
[2026-03-04T22:18:20.927+0000] {processor.py:161} INFO - Started process (PID=89434) to work on /Users/HP/storypoints-week1/venv/lib/python3.11/site-packages/airflow/example_dags/example_kubernetes_executor.py
[2026-03-04T22:18:20.929+0000] {processor.py:830} INFO - Processing file /Users/HP/storypoints-week1/venv/lib/python3.11/site-packages/airflow/example_dags/example_kubernetes_executor.py for tasks to queue
[2026-03-04T22:18:20.930+0000] {logging_mixin.py:188} INFO - [2026-03-04T22:18:20.930+0000] {dagbag.py:538} INFO - Filling up the DagBag from /Users/HP/storypoints-week1/venv/lib/python3.11/site-packages/airflow/example_dags/example_kubernetes_executor.py
[2026-03-04T22:18:20.953+0000] {logging_mixin.py:188} INFO - [2026-03-04T22:18:20.953+0000] {example_kubernetes_executor.py:38} WARNING - The example_kubernetes_executor example DAG requires the kubernetes provider. Please install it with: pip install apache-airflow[cncf.kubernetes]
[2026-03-04T22:18:20.954+0000] {processor.py:842} WARNING - No viable dags retrieved from /Users/HP/storypoints-week1/venv/lib/python3.11/site-packages/airflow/example_dags/example_kubernetes_executor.py
[2026-03-04T22:18:21.002+0000] {processor.py:183} INFO - Processing /Users/HP/storypoints-week1/venv/lib/python3.11/site-packages/airflow/example_dags/example_kubernetes_executor.py took 0.076 seconds
[2026-03-04T23:06:20.665+0000] {processor.py:161} INFO - Started process (PID=90890) to work on /Users/HP/storypoints-week1/venv/lib/python3.11/site-packages/airflow/example_dags/example_kubernetes_executor.py
[2026-03-04T23:06:20.668+0000] {processor.py:830} INFO - Processing file /Users/HP/storypoints-week1/venv/lib/python3.11/site-packages/airflow/example_dags/example_kubernetes_executor.py for tasks to queue
[2026-03-04T23:06:20.669+0000] {logging_mixin.py:188} INFO - [2026-03-04T23:06:20.669+0000] {dagbag.py:538} INFO - Filling up the DagBag from /Users/HP/storypoints-week1/venv/lib/python3.11/site-packages/airflow/example_dags/example_kubernetes_executor.py
[2026-03-04T23:06:20.692+0000] {logging_mixin.py:188} INFO - [2026-03-04T23:06:20.692+0000] {example_kubernetes_executor.py:38} WARNING - The example_kubernetes_executor example DAG requires the kubernetes provider. Please install it with: pip install apache-airflow[cncf.kubernetes]
[2026-03-04T23:06:20.692+0000] {processor.py:842} WARNING - No viable dags retrieved from /Users/HP/storypoints-week1/venv/lib/python3.11/site-packages/airflow/example_dags/example_kubernetes_executor.py
[2026-03-04T23:06:20.741+0000] {processor.py:183} INFO - Processing /Users/HP/storypoints-week1/venv/lib/python3.11/site-packages/airflow/example_dags/example_kubernetes_executor.py took 0.077 seconds
[2026-03-04T23:19:43.887+0000] {processor.py:161} INFO - Started process (PID=92312) to work on /Users/HP/storypoints-week1/venv/lib/python3.11/site-packages/airflow/example_dags/example_kubernetes_executor.py
[2026-03-04T23:19:43.889+0000] {processor.py:830} INFO - Processing file /Users/HP/storypoints-week1/venv/lib/python3.11/site-packages/airflow/example_dags/example_kubernetes_executor.py for tasks to queue
[2026-03-04T23:19:43.890+0000] {logging_mixin.py:188} INFO - [2026-03-04T23:19:43.890+0000] {dagbag.py:538} INFO - Filling up the DagBag from /Users/HP/storypoints-week1/venv/lib/python3.11/site-packages/airflow/example_dags/example_kubernetes_executor.py
[2026-03-04T23:19:43.913+0000] {logging_mixin.py:188} INFO - [2026-03-04T23:19:43.913+0000] {example_kubernetes_executor.py:38} WARNING - The example_kubernetes_executor example DAG requires the kubernetes provider. Please install it with: pip install apache-airflow[cncf.kubernetes]
[2026-03-04T23:19:43.913+0000] {processor.py:842} WARNING - No viable dags retrieved from /Users/HP/storypoints-week1/venv/lib/python3.11/site-packages/airflow/example_dags/example_kubernetes_executor.py
[2026-03-04T23:19:43.963+0000] {processor.py:183} INFO - Processing /Users/HP/storypoints-week1/venv/lib/python3.11/site-packages/airflow/example_dags/example_kubernetes_executor.py took 0.077 seconds
