[2026-03-04T19:02:39.779+0000] {processor.py:161} INFO - Started process (PID=55022) to work on /Users/HP/storypoints-week1/venv/lib/python3.11/site-packages/airflow/example_dags/example_dynamic_task_mapping.py
[2026-03-04T19:02:39.783+0000] {processor.py:830} INFO - Processing file /Users/HP/storypoints-week1/venv/lib/python3.11/site-packages/airflow/example_dags/example_dynamic_task_mapping.py for tasks to queue
[2026-03-04T19:02:39.784+0000] {logging_mixin.py:188} INFO - [2026-03-04T19:02:39.784+0000] {dagbag.py:538} INFO - Filling up the DagBag from /Users/HP/storypoints-week1/venv/lib/python3.11/site-packages/airflow/example_dags/example_dynamic_task_mapping.py
[2026-03-04T19:02:39.815+0000] {processor.py:840} INFO - DAG(s) 'example_dynamic_task_mapping' retrieved from /Users/HP/storypoints-week1/venv/lib/python3.11/site-packages/airflow/example_dags/example_dynamic_task_mapping.py
[2026-03-04T19:02:39.937+0000] {logging_mixin.py:188} INFO - [2026-03-04T19:02:39.936+0000] {override.py:1769} INFO - Created Permission View: can delete on DAG:example_dynamic_task_mapping
[2026-03-04T19:02:39.943+0000] {logging_mixin.py:188} INFO - [2026-03-04T19:02:39.943+0000] {override.py:1769} INFO - Created Permission View: can edit on DAG:example_dynamic_task_mapping
[2026-03-04T19:02:39.946+0000] {logging_mixin.py:188} INFO - [2026-03-04T19:02:39.946+0000] {override.py:1769} INFO - Created Permission View: can read on DAG:example_dynamic_task_mapping
[2026-03-04T19:02:39.947+0000] {logging_mixin.py:188} INFO - [2026-03-04T19:02:39.946+0000] {dag.py:3033} INFO - Sync 1 DAGs
[2026-03-04T19:02:39.953+0000] {logging_mixin.py:188} INFO - [2026-03-04T19:02:39.953+0000] {dag.py:3055} INFO - Creating ORM DAG for example_dynamic_task_mapping
[2026-03-04T19:02:39.958+0000] {logging_mixin.py:188} INFO - [2026-03-04T19:02:39.958+0000] {dag.py:3820} INFO - Setting next_dagrun for example_dynamic_task_mapping to 2022-03-04T00:00:00+00:00, run_after=2022-03-05T00:00:00+00:00
[2026-03-04T19:02:39.968+0000] {processor.py:183} INFO - Processing /Users/HP/storypoints-week1/venv/lib/python3.11/site-packages/airflow/example_dags/example_dynamic_task_mapping.py took 0.189 seconds
[2026-03-04T19:05:50.612+0000] {processor.py:161} INFO - Started process (PID=57236) to work on /Users/HP/storypoints-week1/venv/lib/python3.11/site-packages/airflow/example_dags/example_dynamic_task_mapping.py
[2026-03-04T19:05:50.614+0000] {processor.py:830} INFO - Processing file /Users/HP/storypoints-week1/venv/lib/python3.11/site-packages/airflow/example_dags/example_dynamic_task_mapping.py for tasks to queue
[2026-03-04T19:05:50.616+0000] {logging_mixin.py:188} INFO - [2026-03-04T19:05:50.616+0000] {dagbag.py:538} INFO - Filling up the DagBag from /Users/HP/storypoints-week1/venv/lib/python3.11/site-packages/airflow/example_dags/example_dynamic_task_mapping.py
[2026-03-04T19:05:50.641+0000] {processor.py:840} INFO - DAG(s) 'example_dynamic_task_mapping' retrieved from /Users/HP/storypoints-week1/venv/lib/python3.11/site-packages/airflow/example_dags/example_dynamic_task_mapping.py
[2026-03-04T19:05:50.700+0000] {logging_mixin.py:188} INFO - [2026-03-04T19:05:50.699+0000] {dag.py:3033} INFO - Sync 1 DAGs
[2026-03-04T19:05:50.711+0000] {logging_mixin.py:188} INFO - [2026-03-04T19:05:50.711+0000] {dag.py:3820} INFO - Setting next_dagrun for example_dynamic_task_mapping to 2022-03-04T00:00:00+00:00, run_after=2022-03-05T00:00:00+00:00
[2026-03-04T19:05:50.722+0000] {processor.py:183} INFO - Processing /Users/HP/storypoints-week1/venv/lib/python3.11/site-packages/airflow/example_dags/example_dynamic_task_mapping.py took 0.111 seconds
[2026-03-04T19:08:22.600+0000] {processor.py:161} INFO - Started process (PID=58697) to work on /Users/HP/storypoints-week1/venv/lib/python3.11/site-packages/airflow/example_dags/example_dynamic_task_mapping.py
[2026-03-04T19:08:22.602+0000] {processor.py:830} INFO - Processing file /Users/HP/storypoints-week1/venv/lib/python3.11/site-packages/airflow/example_dags/example_dynamic_task_mapping.py for tasks to queue
[2026-03-04T19:08:22.604+0000] {logging_mixin.py:188} INFO - [2026-03-04T19:08:22.604+0000] {dagbag.py:538} INFO - Filling up the DagBag from /Users/HP/storypoints-week1/venv/lib/python3.11/site-packages/airflow/example_dags/example_dynamic_task_mapping.py
[2026-03-04T19:08:22.629+0000] {processor.py:840} INFO - DAG(s) 'example_dynamic_task_mapping' retrieved from /Users/HP/storypoints-week1/venv/lib/python3.11/site-packages/airflow/example_dags/example_dynamic_task_mapping.py
[2026-03-04T19:08:22.689+0000] {logging_mixin.py:188} INFO - [2026-03-04T19:08:22.689+0000] {dag.py:3033} INFO - Sync 1 DAGs
[2026-03-04T19:08:22.700+0000] {logging_mixin.py:188} INFO - [2026-03-04T19:08:22.700+0000] {dag.py:3820} INFO - Setting next_dagrun for example_dynamic_task_mapping to 2022-03-04T00:00:00+00:00, run_after=2022-03-05T00:00:00+00:00
[2026-03-04T19:08:22.711+0000] {processor.py:183} INFO - Processing /Users/HP/storypoints-week1/venv/lib/python3.11/site-packages/airflow/example_dags/example_dynamic_task_mapping.py took 0.112 seconds
[2026-03-04T19:11:08.279+0000] {processor.py:161} INFO - Started process (PID=60276) to work on /Users/HP/storypoints-week1/venv/lib/python3.11/site-packages/airflow/example_dags/example_dynamic_task_mapping.py
[2026-03-04T19:11:08.282+0000] {processor.py:830} INFO - Processing file /Users/HP/storypoints-week1/venv/lib/python3.11/site-packages/airflow/example_dags/example_dynamic_task_mapping.py for tasks to queue
[2026-03-04T19:11:08.283+0000] {logging_mixin.py:188} INFO - [2026-03-04T19:11:08.283+0000] {dagbag.py:538} INFO - Filling up the DagBag from /Users/HP/storypoints-week1/venv/lib/python3.11/site-packages/airflow/example_dags/example_dynamic_task_mapping.py
[2026-03-04T19:11:08.307+0000] {processor.py:840} INFO - DAG(s) 'example_dynamic_task_mapping' retrieved from /Users/HP/storypoints-week1/venv/lib/python3.11/site-packages/airflow/example_dags/example_dynamic_task_mapping.py
[2026-03-04T19:11:08.359+0000] {logging_mixin.py:188} INFO - [2026-03-04T19:11:08.359+0000] {dag.py:3033} INFO - Sync 1 DAGs
[2026-03-04T19:11:08.370+0000] {logging_mixin.py:188} INFO - [2026-03-04T19:11:08.370+0000] {dag.py:3820} INFO - Setting next_dagrun for example_dynamic_task_mapping to 2022-03-04T00:00:00+00:00, run_after=2022-03-05T00:00:00+00:00
[2026-03-04T19:11:08.381+0000] {processor.py:183} INFO - Processing /Users/HP/storypoints-week1/venv/lib/python3.11/site-packages/airflow/example_dags/example_dynamic_task_mapping.py took 0.103 seconds
[2026-03-04T19:34:35.029+0000] {processor.py:161} INFO - Started process (PID=74953) to work on /Users/HP/storypoints-week1/venv/lib/python3.11/site-packages/airflow/example_dags/example_dynamic_task_mapping.py
[2026-03-04T19:34:35.032+0000] {processor.py:830} INFO - Processing file /Users/HP/storypoints-week1/venv/lib/python3.11/site-packages/airflow/example_dags/example_dynamic_task_mapping.py for tasks to queue
[2026-03-04T19:34:35.034+0000] {logging_mixin.py:188} INFO - [2026-03-04T19:34:35.034+0000] {dagbag.py:538} INFO - Filling up the DagBag from /Users/HP/storypoints-week1/venv/lib/python3.11/site-packages/airflow/example_dags/example_dynamic_task_mapping.py
[2026-03-04T19:34:35.061+0000] {processor.py:840} INFO - DAG(s) 'example_dynamic_task_mapping' retrieved from /Users/HP/storypoints-week1/venv/lib/python3.11/site-packages/airflow/example_dags/example_dynamic_task_mapping.py
[2026-03-04T19:34:35.127+0000] {logging_mixin.py:188} INFO - [2026-03-04T19:34:35.126+0000] {dag.py:3033} INFO - Sync 1 DAGs
[2026-03-04T19:34:35.139+0000] {logging_mixin.py:188} INFO - [2026-03-04T19:34:35.139+0000] {dag.py:3820} INFO - Setting next_dagrun for example_dynamic_task_mapping to 2022-03-04T00:00:00+00:00, run_after=2022-03-05T00:00:00+00:00
[2026-03-04T19:34:35.152+0000] {processor.py:183} INFO - Processing /Users/HP/storypoints-week1/venv/lib/python3.11/site-packages/airflow/example_dags/example_dynamic_task_mapping.py took 0.124 seconds
[2026-03-04T19:37:03.271+0000] {processor.py:161} INFO - Started process (PID=76628) to work on /Users/HP/storypoints-week1/venv/lib/python3.11/site-packages/airflow/example_dags/example_dynamic_task_mapping.py
[2026-03-04T19:37:03.274+0000] {processor.py:830} INFO - Processing file /Users/HP/storypoints-week1/venv/lib/python3.11/site-packages/airflow/example_dags/example_dynamic_task_mapping.py for tasks to queue
[2026-03-04T19:37:03.275+0000] {logging_mixin.py:188} INFO - [2026-03-04T19:37:03.275+0000] {dagbag.py:538} INFO - Filling up the DagBag from /Users/HP/storypoints-week1/venv/lib/python3.11/site-packages/airflow/example_dags/example_dynamic_task_mapping.py
[2026-03-04T19:37:03.297+0000] {processor.py:840} INFO - DAG(s) 'example_dynamic_task_mapping' retrieved from /Users/HP/storypoints-week1/venv/lib/python3.11/site-packages/airflow/example_dags/example_dynamic_task_mapping.py
[2026-03-04T19:37:03.357+0000] {logging_mixin.py:188} INFO - [2026-03-04T19:37:03.357+0000] {dag.py:3033} INFO - Sync 1 DAGs
[2026-03-04T19:37:03.368+0000] {logging_mixin.py:188} INFO - [2026-03-04T19:37:03.368+0000] {dag.py:3820} INFO - Setting next_dagrun for example_dynamic_task_mapping to 2022-03-04T00:00:00+00:00, run_after=2022-03-05T00:00:00+00:00
[2026-03-04T19:37:03.379+0000] {processor.py:183} INFO - Processing /Users/HP/storypoints-week1/venv/lib/python3.11/site-packages/airflow/example_dags/example_dynamic_task_mapping.py took 0.109 seconds
[2026-03-04T19:39:37.723+0000] {processor.py:161} INFO - Started process (PID=78107) to work on /Users/HP/storypoints-week1/venv/lib/python3.11/site-packages/airflow/example_dags/example_dynamic_task_mapping.py
[2026-03-04T19:39:37.726+0000] {processor.py:830} INFO - Processing file /Users/HP/storypoints-week1/venv/lib/python3.11/site-packages/airflow/example_dags/example_dynamic_task_mapping.py for tasks to queue
[2026-03-04T19:39:37.728+0000] {logging_mixin.py:188} INFO - [2026-03-04T19:39:37.727+0000] {dagbag.py:538} INFO - Filling up the DagBag from /Users/HP/storypoints-week1/venv/lib/python3.11/site-packages/airflow/example_dags/example_dynamic_task_mapping.py
[2026-03-04T19:39:37.752+0000] {processor.py:840} INFO - DAG(s) 'example_dynamic_task_mapping' retrieved from /Users/HP/storypoints-week1/venv/lib/python3.11/site-packages/airflow/example_dags/example_dynamic_task_mapping.py
[2026-03-04T19:39:37.813+0000] {logging_mixin.py:188} INFO - [2026-03-04T19:39:37.812+0000] {dag.py:3033} INFO - Sync 1 DAGs
[2026-03-04T19:39:37.824+0000] {logging_mixin.py:188} INFO - [2026-03-04T19:39:37.824+0000] {dag.py:3820} INFO - Setting next_dagrun for example_dynamic_task_mapping to 2022-03-04T00:00:00+00:00, run_after=2022-03-05T00:00:00+00:00
[2026-03-04T19:39:37.836+0000] {processor.py:183} INFO - Processing /Users/HP/storypoints-week1/venv/lib/python3.11/site-packages/airflow/example_dags/example_dynamic_task_mapping.py took 0.114 seconds
[2026-03-04T19:42:04.474+0000] {processor.py:161} INFO - Started process (PID=79485) to work on /Users/HP/storypoints-week1/venv/lib/python3.11/site-packages/airflow/example_dags/example_dynamic_task_mapping.py
[2026-03-04T19:42:04.477+0000] {processor.py:830} INFO - Processing file /Users/HP/storypoints-week1/venv/lib/python3.11/site-packages/airflow/example_dags/example_dynamic_task_mapping.py for tasks to queue
[2026-03-04T19:42:04.478+0000] {logging_mixin.py:188} INFO - [2026-03-04T19:42:04.478+0000] {dagbag.py:538} INFO - Filling up the DagBag from /Users/HP/storypoints-week1/venv/lib/python3.11/site-packages/airflow/example_dags/example_dynamic_task_mapping.py
[2026-03-04T19:42:04.502+0000] {processor.py:840} INFO - DAG(s) 'example_dynamic_task_mapping' retrieved from /Users/HP/storypoints-week1/venv/lib/python3.11/site-packages/airflow/example_dags/example_dynamic_task_mapping.py
[2026-03-04T19:42:04.563+0000] {logging_mixin.py:188} INFO - [2026-03-04T19:42:04.562+0000] {dag.py:3033} INFO - Sync 1 DAGs
[2026-03-04T19:42:04.574+0000] {logging_mixin.py:188} INFO - [2026-03-04T19:42:04.574+0000] {dag.py:3820} INFO - Setting next_dagrun for example_dynamic_task_mapping to 2022-03-04T00:00:00+00:00, run_after=2022-03-05T00:00:00+00:00
[2026-03-04T19:42:04.584+0000] {processor.py:183} INFO - Processing /Users/HP/storypoints-week1/venv/lib/python3.11/site-packages/airflow/example_dags/example_dynamic_task_mapping.py took 0.111 seconds
[2026-03-04T19:44:32.048+0000] {processor.py:161} INFO - Started process (PID=80874) to work on /Users/HP/storypoints-week1/venv/lib/python3.11/site-packages/airflow/example_dags/example_dynamic_task_mapping.py
[2026-03-04T19:44:32.050+0000] {processor.py:830} INFO - Processing file /Users/HP/storypoints-week1/venv/lib/python3.11/site-packages/airflow/example_dags/example_dynamic_task_mapping.py for tasks to queue
[2026-03-04T19:44:32.051+0000] {logging_mixin.py:188} INFO - [2026-03-04T19:44:32.051+0000] {dagbag.py:538} INFO - Filling up the DagBag from /Users/HP/storypoints-week1/venv/lib/python3.11/site-packages/airflow/example_dags/example_dynamic_task_mapping.py
[2026-03-04T19:44:32.075+0000] {processor.py:840} INFO - DAG(s) 'example_dynamic_task_mapping' retrieved from /Users/HP/storypoints-week1/venv/lib/python3.11/site-packages/airflow/example_dags/example_dynamic_task_mapping.py
[2026-03-04T19:44:32.132+0000] {logging_mixin.py:188} INFO - [2026-03-04T19:44:32.132+0000] {dag.py:3033} INFO - Sync 1 DAGs
[2026-03-04T19:44:32.144+0000] {logging_mixin.py:188} INFO - [2026-03-04T19:44:32.144+0000] {dag.py:3820} INFO - Setting next_dagrun for example_dynamic_task_mapping to 2022-03-04T00:00:00+00:00, run_after=2022-03-05T00:00:00+00:00
[2026-03-04T19:44:32.155+0000] {processor.py:183} INFO - Processing /Users/HP/storypoints-week1/venv/lib/python3.11/site-packages/airflow/example_dags/example_dynamic_task_mapping.py took 0.109 seconds
[2026-03-04T19:47:00.517+0000] {processor.py:161} INFO - Started process (PID=82284) to work on /Users/HP/storypoints-week1/venv/lib/python3.11/site-packages/airflow/example_dags/example_dynamic_task_mapping.py
[2026-03-04T19:47:00.519+0000] {processor.py:830} INFO - Processing file /Users/HP/storypoints-week1/venv/lib/python3.11/site-packages/airflow/example_dags/example_dynamic_task_mapping.py for tasks to queue
[2026-03-04T19:47:00.520+0000] {logging_mixin.py:188} INFO - [2026-03-04T19:47:00.520+0000] {dagbag.py:538} INFO - Filling up the DagBag from /Users/HP/storypoints-week1/venv/lib/python3.11/site-packages/airflow/example_dags/example_dynamic_task_mapping.py
[2026-03-04T19:47:00.545+0000] {processor.py:840} INFO - DAG(s) 'example_dynamic_task_mapping' retrieved from /Users/HP/storypoints-week1/venv/lib/python3.11/site-packages/airflow/example_dags/example_dynamic_task_mapping.py
[2026-03-04T19:47:00.606+0000] {logging_mixin.py:188} INFO - [2026-03-04T19:47:00.605+0000] {dag.py:3033} INFO - Sync 1 DAGs
[2026-03-04T19:47:00.617+0000] {logging_mixin.py:188} INFO - [2026-03-04T19:47:00.617+0000] {dag.py:3820} INFO - Setting next_dagrun for example_dynamic_task_mapping to 2022-03-04T00:00:00+00:00, run_after=2022-03-05T00:00:00+00:00
[2026-03-04T19:47:00.629+0000] {processor.py:183} INFO - Processing /Users/HP/storypoints-week1/venv/lib/python3.11/site-packages/airflow/example_dags/example_dynamic_task_mapping.py took 0.113 seconds
[2026-03-04T20:13:06.928+0000] {processor.py:161} INFO - Started process (PID=83847) to work on /Users/HP/storypoints-week1/venv/lib/python3.11/site-packages/airflow/example_dags/example_dynamic_task_mapping.py
[2026-03-04T20:13:06.931+0000] {processor.py:830} INFO - Processing file /Users/HP/storypoints-week1/venv/lib/python3.11/site-packages/airflow/example_dags/example_dynamic_task_mapping.py for tasks to queue
[2026-03-04T20:13:06.932+0000] {logging_mixin.py:188} INFO - [2026-03-04T20:13:06.932+0000] {dagbag.py:538} INFO - Filling up the DagBag from /Users/HP/storypoints-week1/venv/lib/python3.11/site-packages/airflow/example_dags/example_dynamic_task_mapping.py
[2026-03-04T20:13:06.958+0000] {processor.py:840} INFO - DAG(s) 'example_dynamic_task_mapping' retrieved from /Users/HP/storypoints-week1/venv/lib/python3.11/site-packages/airflow/example_dags/example_dynamic_task_mapping.py
[2026-03-04T20:13:07.019+0000] {logging_mixin.py:188} INFO - [2026-03-04T20:13:07.018+0000] {dag.py:3033} INFO - Sync 1 DAGs
[2026-03-04T20:13:07.030+0000] {logging_mixin.py:188} INFO - [2026-03-04T20:13:07.030+0000] {dag.py:3820} INFO - Setting next_dagrun for example_dynamic_task_mapping to 2022-03-04T00:00:00+00:00, run_after=2022-03-05T00:00:00+00:00
[2026-03-04T20:13:07.042+0000] {processor.py:183} INFO - Processing /Users/HP/storypoints-week1/venv/lib/python3.11/site-packages/airflow/example_dags/example_dynamic_task_mapping.py took 0.115 seconds
[2026-03-04T20:15:46.202+0000] {processor.py:161} INFO - Started process (PID=85326) to work on /Users/HP/storypoints-week1/venv/lib/python3.11/site-packages/airflow/example_dags/example_dynamic_task_mapping.py
[2026-03-04T20:15:46.205+0000] {processor.py:830} INFO - Processing file /Users/HP/storypoints-week1/venv/lib/python3.11/site-packages/airflow/example_dags/example_dynamic_task_mapping.py for tasks to queue
[2026-03-04T20:15:46.206+0000] {logging_mixin.py:188} INFO - [2026-03-04T20:15:46.206+0000] {dagbag.py:538} INFO - Filling up the DagBag from /Users/HP/storypoints-week1/venv/lib/python3.11/site-packages/airflow/example_dags/example_dynamic_task_mapping.py
[2026-03-04T20:15:46.232+0000] {processor.py:840} INFO - DAG(s) 'example_dynamic_task_mapping' retrieved from /Users/HP/storypoints-week1/venv/lib/python3.11/site-packages/airflow/example_dags/example_dynamic_task_mapping.py
[2026-03-04T20:15:46.291+0000] {logging_mixin.py:188} INFO - [2026-03-04T20:15:46.291+0000] {dag.py:3033} INFO - Sync 1 DAGs
[2026-03-04T20:15:46.303+0000] {logging_mixin.py:188} INFO - [2026-03-04T20:15:46.302+0000] {dag.py:3820} INFO - Setting next_dagrun for example_dynamic_task_mapping to 2022-03-04T00:00:00+00:00, run_after=2022-03-05T00:00:00+00:00
[2026-03-04T20:15:46.313+0000] {processor.py:183} INFO - Processing /Users/HP/storypoints-week1/venv/lib/python3.11/site-packages/airflow/example_dags/example_dynamic_task_mapping.py took 0.112 seconds
[2026-03-04T20:24:24.089+0000] {processor.py:161} INFO - Started process (PID=86355) to work on /Users/HP/storypoints-week1/venv/lib/python3.11/site-packages/airflow/example_dags/example_dynamic_task_mapping.py
[2026-03-04T20:24:24.092+0000] {processor.py:830} INFO - Processing file /Users/HP/storypoints-week1/venv/lib/python3.11/site-packages/airflow/example_dags/example_dynamic_task_mapping.py for tasks to queue
[2026-03-04T20:24:24.094+0000] {logging_mixin.py:188} INFO - [2026-03-04T20:24:24.093+0000] {dagbag.py:538} INFO - Filling up the DagBag from /Users/HP/storypoints-week1/venv/lib/python3.11/site-packages/airflow/example_dags/example_dynamic_task_mapping.py
[2026-03-04T20:24:24.118+0000] {processor.py:840} INFO - DAG(s) 'example_dynamic_task_mapping' retrieved from /Users/HP/storypoints-week1/venv/lib/python3.11/site-packages/airflow/example_dags/example_dynamic_task_mapping.py
[2026-03-04T20:24:24.178+0000] {logging_mixin.py:188} INFO - [2026-03-04T20:24:24.178+0000] {dag.py:3033} INFO - Sync 1 DAGs
[2026-03-04T20:24:24.189+0000] {logging_mixin.py:188} INFO - [2026-03-04T20:24:24.189+0000] {dag.py:3820} INFO - Setting next_dagrun for example_dynamic_task_mapping to 2022-03-04T00:00:00+00:00, run_after=2022-03-05T00:00:00+00:00
[2026-03-04T20:24:24.200+0000] {processor.py:183} INFO - Processing /Users/HP/storypoints-week1/venv/lib/python3.11/site-packages/airflow/example_dags/example_dynamic_task_mapping.py took 0.112 seconds
[2026-03-04T20:48:14.928+0000] {processor.py:161} INFO - Started process (PID=87885) to work on /Users/HP/storypoints-week1/venv/lib/python3.11/site-packages/airflow/example_dags/example_dynamic_task_mapping.py
[2026-03-04T20:48:14.931+0000] {processor.py:830} INFO - Processing file /Users/HP/storypoints-week1/venv/lib/python3.11/site-packages/airflow/example_dags/example_dynamic_task_mapping.py for tasks to queue
[2026-03-04T20:48:14.932+0000] {logging_mixin.py:188} INFO - [2026-03-04T20:48:14.932+0000] {dagbag.py:538} INFO - Filling up the DagBag from /Users/HP/storypoints-week1/venv/lib/python3.11/site-packages/airflow/example_dags/example_dynamic_task_mapping.py
[2026-03-04T20:48:14.955+0000] {processor.py:840} INFO - DAG(s) 'example_dynamic_task_mapping' retrieved from /Users/HP/storypoints-week1/venv/lib/python3.11/site-packages/airflow/example_dags/example_dynamic_task_mapping.py
[2026-03-04T20:48:15.009+0000] {logging_mixin.py:188} INFO - [2026-03-04T20:48:15.008+0000] {dag.py:3033} INFO - Sync 1 DAGs
[2026-03-04T20:48:15.019+0000] {logging_mixin.py:188} INFO - [2026-03-04T20:48:15.019+0000] {dag.py:3820} INFO - Setting next_dagrun for example_dynamic_task_mapping to 2022-03-04T00:00:00+00:00, run_after=2022-03-05T00:00:00+00:00
[2026-03-04T20:48:15.030+0000] {processor.py:183} INFO - Processing /Users/HP/storypoints-week1/venv/lib/python3.11/site-packages/airflow/example_dags/example_dynamic_task_mapping.py took 0.102 seconds
[2026-03-04T22:18:26.973+0000] {processor.py:161} INFO - Started process (PID=89491) to work on /Users/HP/storypoints-week1/venv/lib/python3.11/site-packages/airflow/example_dags/example_dynamic_task_mapping.py
[2026-03-04T22:18:26.976+0000] {processor.py:830} INFO - Processing file /Users/HP/storypoints-week1/venv/lib/python3.11/site-packages/airflow/example_dags/example_dynamic_task_mapping.py for tasks to queue
[2026-03-04T22:18:26.978+0000] {logging_mixin.py:188} INFO - [2026-03-04T22:18:26.978+0000] {dagbag.py:538} INFO - Filling up the DagBag from /Users/HP/storypoints-week1/venv/lib/python3.11/site-packages/airflow/example_dags/example_dynamic_task_mapping.py
[2026-03-04T22:18:27.009+0000] {processor.py:840} INFO - DAG(s) 'example_dynamic_task_mapping' retrieved from /Users/HP/storypoints-week1/venv/lib/python3.11/site-packages/airflow/example_dags/example_dynamic_task_mapping.py
[2026-03-04T22:18:27.080+0000] {logging_mixin.py:188} INFO - [2026-03-04T22:18:27.079+0000] {dag.py:3033} INFO - Sync 1 DAGs
[2026-03-04T22:18:27.091+0000] {logging_mixin.py:188} INFO - [2026-03-04T22:18:27.091+0000] {dag.py:3820} INFO - Setting next_dagrun for example_dynamic_task_mapping to 2022-03-04T00:00:00+00:00, run_after=2022-03-05T00:00:00+00:00
[2026-03-04T22:18:27.102+0000] {processor.py:183} INFO - Processing /Users/HP/storypoints-week1/venv/lib/python3.11/site-packages/airflow/example_dags/example_dynamic_task_mapping.py took 0.130 seconds
[2026-03-04T23:06:27.086+0000] {processor.py:161} INFO - Started process (PID=90951) to work on /Users/HP/storypoints-week1/venv/lib/python3.11/site-packages/airflow/example_dags/example_dynamic_task_mapping.py
[2026-03-04T23:06:27.089+0000] {processor.py:830} INFO - Processing file /Users/HP/storypoints-week1/venv/lib/python3.11/site-packages/airflow/example_dags/example_dynamic_task_mapping.py for tasks to queue
[2026-03-04T23:06:27.091+0000] {logging_mixin.py:188} INFO - [2026-03-04T23:06:27.091+0000] {dagbag.py:538} INFO - Filling up the DagBag from /Users/HP/storypoints-week1/venv/lib/python3.11/site-packages/airflow/example_dags/example_dynamic_task_mapping.py
[2026-03-04T23:06:27.115+0000] {processor.py:840} INFO - DAG(s) 'example_dynamic_task_mapping' retrieved from /Users/HP/storypoints-week1/venv/lib/python3.11/site-packages/airflow/example_dags/example_dynamic_task_mapping.py
[2026-03-04T23:06:27.173+0000] {logging_mixin.py:188} INFO - [2026-03-04T23:06:27.173+0000] {dag.py:3033} INFO - Sync 1 DAGs
[2026-03-04T23:06:27.184+0000] {logging_mixin.py:188} INFO - [2026-03-04T23:06:27.184+0000] {dag.py:3820} INFO - Setting next_dagrun for example_dynamic_task_mapping to 2022-03-04T00:00:00+00:00, run_after=2022-03-05T00:00:00+00:00
[2026-03-04T23:06:27.195+0000] {processor.py:183} INFO - Processing /Users/HP/storypoints-week1/venv/lib/python3.11/site-packages/airflow/example_dags/example_dynamic_task_mapping.py took 0.110 seconds
[2026-03-04T23:20:11.856+0000] {processor.py:161} INFO - Started process (PID=92373) to work on /Users/HP/storypoints-week1/venv/lib/python3.11/site-packages/airflow/example_dags/example_dynamic_task_mapping.py
[2026-03-04T23:20:11.859+0000] {processor.py:830} INFO - Processing file /Users/HP/storypoints-week1/venv/lib/python3.11/site-packages/airflow/example_dags/example_dynamic_task_mapping.py for tasks to queue
[2026-03-04T23:20:11.862+0000] {logging_mixin.py:188} INFO - [2026-03-04T23:20:11.862+0000] {dagbag.py:538} INFO - Filling up the DagBag from /Users/HP/storypoints-week1/venv/lib/python3.11/site-packages/airflow/example_dags/example_dynamic_task_mapping.py
[2026-03-04T23:20:11.898+0000] {processor.py:840} INFO - DAG(s) 'example_dynamic_task_mapping' retrieved from /Users/HP/storypoints-week1/venv/lib/python3.11/site-packages/airflow/example_dags/example_dynamic_task_mapping.py
[2026-03-04T23:20:11.975+0000] {logging_mixin.py:188} INFO - [2026-03-04T23:20:11.974+0000] {dag.py:3033} INFO - Sync 1 DAGs
[2026-03-04T23:20:11.992+0000] {logging_mixin.py:188} INFO - [2026-03-04T23:20:11.991+0000] {dag.py:3820} INFO - Setting next_dagrun for example_dynamic_task_mapping to 2022-03-04T00:00:00+00:00, run_after=2022-03-05T00:00:00+00:00
[2026-03-04T23:20:12.006+0000] {processor.py:183} INFO - Processing /Users/HP/storypoints-week1/venv/lib/python3.11/site-packages/airflow/example_dags/example_dynamic_task_mapping.py took 0.151 seconds
