[2026-03-04T19:02:35.652+0000] {processor.py:161} INFO - Started process (PID=54981) to work on /Users/HP/storypoints-week1/venv/lib/python3.11/site-packages/airflow/example_dags/example_external_task_marker_dag.py
[2026-03-04T19:02:35.654+0000] {processor.py:830} INFO - Processing file /Users/HP/storypoints-week1/venv/lib/python3.11/site-packages/airflow/example_dags/example_external_task_marker_dag.py for tasks to queue
[2026-03-04T19:02:35.655+0000] {logging_mixin.py:188} INFO - [2026-03-04T19:02:35.655+0000] {dagbag.py:538} INFO - Filling up the DagBag from /Users/HP/storypoints-week1/venv/lib/python3.11/site-packages/airflow/example_dags/example_external_task_marker_dag.py
[2026-03-04T19:02:35.664+0000] {processor.py:840} INFO - DAG(s) 'example_external_task_marker_child', 'example_external_task_marker_parent' retrieved from /Users/HP/storypoints-week1/venv/lib/python3.11/site-packages/airflow/example_dags/example_external_task_marker_dag.py
[2026-03-04T19:02:35.778+0000] {logging_mixin.py:188} INFO - [2026-03-04T19:02:35.778+0000] {override.py:1769} INFO - Created Permission View: can edit on DAG:example_external_task_marker_child
[2026-03-04T19:02:35.784+0000] {logging_mixin.py:188} INFO - [2026-03-04T19:02:35.784+0000] {override.py:1769} INFO - Created Permission View: can delete on DAG:example_external_task_marker_child
[2026-03-04T19:02:35.788+0000] {logging_mixin.py:188} INFO - [2026-03-04T19:02:35.787+0000] {override.py:1769} INFO - Created Permission View: can read on DAG:example_external_task_marker_child
[2026-03-04T19:02:35.794+0000] {logging_mixin.py:188} INFO - [2026-03-04T19:02:35.794+0000] {override.py:1769} INFO - Created Permission View: can edit on DAG:example_external_task_marker_parent
[2026-03-04T19:02:35.797+0000] {logging_mixin.py:188} INFO - [2026-03-04T19:02:35.797+0000] {override.py:1769} INFO - Created Permission View: can delete on DAG:example_external_task_marker_parent
[2026-03-04T19:02:35.800+0000] {logging_mixin.py:188} INFO - [2026-03-04T19:02:35.800+0000] {override.py:1769} INFO - Created Permission View: can read on DAG:example_external_task_marker_parent
[2026-03-04T19:02:35.800+0000] {logging_mixin.py:188} INFO - [2026-03-04T19:02:35.800+0000] {dag.py:3033} INFO - Sync 2 DAGs
[2026-03-04T19:02:35.807+0000] {logging_mixin.py:188} INFO - [2026-03-04T19:02:35.807+0000] {dag.py:3055} INFO - Creating ORM DAG for example_external_task_marker_child
[2026-03-04T19:02:35.808+0000] {logging_mixin.py:188} INFO - [2026-03-04T19:02:35.808+0000] {dag.py:3055} INFO - Creating ORM DAG for example_external_task_marker_parent
[2026-03-04T19:02:35.808+0000] {logging_mixin.py:188} INFO - [2026-03-04T19:02:35.808+0000] {dag.py:3820} INFO - Setting next_dagrun for example_external_task_marker_child to None, run_after=None
[2026-03-04T19:02:35.808+0000] {logging_mixin.py:188} INFO - [2026-03-04T19:02:35.808+0000] {dag.py:3820} INFO - Setting next_dagrun for example_external_task_marker_parent to None, run_after=None
[2026-03-04T19:02:35.818+0000] {processor.py:183} INFO - Processing /Users/HP/storypoints-week1/venv/lib/python3.11/site-packages/airflow/example_dags/example_external_task_marker_dag.py took 0.167 seconds
[2026-03-04T19:04:39.501+0000] {processor.py:161} INFO - Started process (PID=56578) to work on /Users/HP/storypoints-week1/venv/lib/python3.11/site-packages/airflow/example_dags/example_external_task_marker_dag.py
[2026-03-04T19:04:39.504+0000] {processor.py:830} INFO - Processing file /Users/HP/storypoints-week1/venv/lib/python3.11/site-packages/airflow/example_dags/example_external_task_marker_dag.py for tasks to queue
[2026-03-04T19:04:39.505+0000] {logging_mixin.py:188} INFO - [2026-03-04T19:04:39.505+0000] {dagbag.py:538} INFO - Filling up the DagBag from /Users/HP/storypoints-week1/venv/lib/python3.11/site-packages/airflow/example_dags/example_external_task_marker_dag.py
[2026-03-04T19:04:39.514+0000] {processor.py:840} INFO - DAG(s) 'example_external_task_marker_parent', 'example_external_task_marker_child' retrieved from /Users/HP/storypoints-week1/venv/lib/python3.11/site-packages/airflow/example_dags/example_external_task_marker_dag.py
[2026-03-04T19:04:39.577+0000] {logging_mixin.py:188} INFO - [2026-03-04T19:04:39.577+0000] {dag.py:3033} INFO - Sync 2 DAGs
[2026-03-04T19:04:39.583+0000] {logging_mixin.py:188} INFO - [2026-03-04T19:04:39.583+0000] {dag.py:3820} INFO - Setting next_dagrun for example_external_task_marker_child to None, run_after=None
[2026-03-04T19:04:39.585+0000] {logging_mixin.py:188} INFO - [2026-03-04T19:04:39.585+0000] {dag.py:3820} INFO - Setting next_dagrun for example_external_task_marker_parent to None, run_after=None
[2026-03-04T19:04:39.595+0000] {processor.py:183} INFO - Processing /Users/HP/storypoints-week1/venv/lib/python3.11/site-packages/airflow/example_dags/example_external_task_marker_dag.py took 0.095 seconds
[2026-03-04T19:07:28.435+0000] {processor.py:161} INFO - Started process (PID=58181) to work on /Users/HP/storypoints-week1/venv/lib/python3.11/site-packages/airflow/example_dags/example_external_task_marker_dag.py
[2026-03-04T19:07:28.438+0000] {processor.py:830} INFO - Processing file /Users/HP/storypoints-week1/venv/lib/python3.11/site-packages/airflow/example_dags/example_external_task_marker_dag.py for tasks to queue
[2026-03-04T19:07:28.439+0000] {logging_mixin.py:188} INFO - [2026-03-04T19:07:28.439+0000] {dagbag.py:538} INFO - Filling up the DagBag from /Users/HP/storypoints-week1/venv/lib/python3.11/site-packages/airflow/example_dags/example_external_task_marker_dag.py
[2026-03-04T19:07:28.448+0000] {processor.py:840} INFO - DAG(s) 'example_external_task_marker_parent', 'example_external_task_marker_child' retrieved from /Users/HP/storypoints-week1/venv/lib/python3.11/site-packages/airflow/example_dags/example_external_task_marker_dag.py
[2026-03-04T19:07:28.507+0000] {logging_mixin.py:188} INFO - [2026-03-04T19:07:28.507+0000] {dag.py:3033} INFO - Sync 2 DAGs
[2026-03-04T19:07:28.513+0000] {logging_mixin.py:188} INFO - [2026-03-04T19:07:28.513+0000] {dag.py:3820} INFO - Setting next_dagrun for example_external_task_marker_child to None, run_after=None
[2026-03-04T19:07:28.515+0000] {logging_mixin.py:188} INFO - [2026-03-04T19:07:28.515+0000] {dag.py:3820} INFO - Setting next_dagrun for example_external_task_marker_parent to None, run_after=None
[2026-03-04T19:07:28.523+0000] {processor.py:183} INFO - Processing /Users/HP/storypoints-week1/venv/lib/python3.11/site-packages/airflow/example_dags/example_external_task_marker_dag.py took 0.089 seconds
[2026-03-04T19:10:09.951+0000] {processor.py:161} INFO - Started process (PID=59732) to work on /Users/HP/storypoints-week1/venv/lib/python3.11/site-packages/airflow/example_dags/example_external_task_marker_dag.py
[2026-03-04T19:10:09.954+0000] {processor.py:830} INFO - Processing file /Users/HP/storypoints-week1/venv/lib/python3.11/site-packages/airflow/example_dags/example_external_task_marker_dag.py for tasks to queue
[2026-03-04T19:10:09.956+0000] {logging_mixin.py:188} INFO - [2026-03-04T19:10:09.956+0000] {dagbag.py:538} INFO - Filling up the DagBag from /Users/HP/storypoints-week1/venv/lib/python3.11/site-packages/airflow/example_dags/example_external_task_marker_dag.py
[2026-03-04T19:10:09.965+0000] {processor.py:840} INFO - DAG(s) 'example_external_task_marker_parent', 'example_external_task_marker_child' retrieved from /Users/HP/storypoints-week1/venv/lib/python3.11/site-packages/airflow/example_dags/example_external_task_marker_dag.py
[2026-03-04T19:10:10.030+0000] {logging_mixin.py:188} INFO - [2026-03-04T19:10:10.029+0000] {dag.py:3033} INFO - Sync 2 DAGs
[2026-03-04T19:10:10.036+0000] {logging_mixin.py:188} INFO - [2026-03-04T19:10:10.036+0000] {dag.py:3820} INFO - Setting next_dagrun for example_external_task_marker_child to None, run_after=None
[2026-03-04T19:10:10.038+0000] {logging_mixin.py:188} INFO - [2026-03-04T19:10:10.038+0000] {dag.py:3820} INFO - Setting next_dagrun for example_external_task_marker_parent to None, run_after=None
[2026-03-04T19:10:10.048+0000] {processor.py:183} INFO - Processing /Users/HP/storypoints-week1/venv/lib/python3.11/site-packages/airflow/example_dags/example_external_task_marker_dag.py took 0.098 seconds
[2026-03-04T19:34:29.677+0000] {processor.py:161} INFO - Started process (PID=74908) to work on /Users/HP/storypoints-week1/venv/lib/python3.11/site-packages/airflow/example_dags/example_external_task_marker_dag.py
[2026-03-04T19:34:29.680+0000] {processor.py:830} INFO - Processing file /Users/HP/storypoints-week1/venv/lib/python3.11/site-packages/airflow/example_dags/example_external_task_marker_dag.py for tasks to queue
[2026-03-04T19:34:29.681+0000] {logging_mixin.py:188} INFO - [2026-03-04T19:34:29.681+0000] {dagbag.py:538} INFO - Filling up the DagBag from /Users/HP/storypoints-week1/venv/lib/python3.11/site-packages/airflow/example_dags/example_external_task_marker_dag.py
[2026-03-04T19:34:29.690+0000] {processor.py:840} INFO - DAG(s) 'example_external_task_marker_child', 'example_external_task_marker_parent' retrieved from /Users/HP/storypoints-week1/venv/lib/python3.11/site-packages/airflow/example_dags/example_external_task_marker_dag.py
[2026-03-04T19:34:29.756+0000] {logging_mixin.py:188} INFO - [2026-03-04T19:34:29.756+0000] {dag.py:3033} INFO - Sync 2 DAGs
[2026-03-04T19:34:29.763+0000] {logging_mixin.py:188} INFO - [2026-03-04T19:34:29.763+0000] {dag.py:3820} INFO - Setting next_dagrun for example_external_task_marker_child to None, run_after=None
[2026-03-04T19:34:29.766+0000] {logging_mixin.py:188} INFO - [2026-03-04T19:34:29.766+0000] {dag.py:3820} INFO - Setting next_dagrun for example_external_task_marker_parent to None, run_after=None
[2026-03-04T19:34:29.776+0000] {processor.py:183} INFO - Processing /Users/HP/storypoints-week1/venv/lib/python3.11/site-packages/airflow/example_dags/example_external_task_marker_dag.py took 0.100 seconds
[2026-03-04T19:36:58.978+0000] {processor.py:161} INFO - Started process (PID=76591) to work on /Users/HP/storypoints-week1/venv/lib/python3.11/site-packages/airflow/example_dags/example_external_task_marker_dag.py
[2026-03-04T19:36:58.980+0000] {processor.py:830} INFO - Processing file /Users/HP/storypoints-week1/venv/lib/python3.11/site-packages/airflow/example_dags/example_external_task_marker_dag.py for tasks to queue
[2026-03-04T19:36:58.982+0000] {logging_mixin.py:188} INFO - [2026-03-04T19:36:58.982+0000] {dagbag.py:538} INFO - Filling up the DagBag from /Users/HP/storypoints-week1/venv/lib/python3.11/site-packages/airflow/example_dags/example_external_task_marker_dag.py
[2026-03-04T19:36:58.991+0000] {processor.py:840} INFO - DAG(s) 'example_external_task_marker_parent', 'example_external_task_marker_child' retrieved from /Users/HP/storypoints-week1/venv/lib/python3.11/site-packages/airflow/example_dags/example_external_task_marker_dag.py
[2026-03-04T19:36:59.056+0000] {logging_mixin.py:188} INFO - [2026-03-04T19:36:59.056+0000] {dag.py:3033} INFO - Sync 2 DAGs
[2026-03-04T19:36:59.063+0000] {logging_mixin.py:188} INFO - [2026-03-04T19:36:59.063+0000] {dag.py:3820} INFO - Setting next_dagrun for example_external_task_marker_child to None, run_after=None
[2026-03-04T19:36:59.065+0000] {logging_mixin.py:188} INFO - [2026-03-04T19:36:59.065+0000] {dag.py:3820} INFO - Setting next_dagrun for example_external_task_marker_parent to None, run_after=None
[2026-03-04T19:36:59.076+0000] {processor.py:183} INFO - Processing /Users/HP/storypoints-week1/venv/lib/python3.11/site-packages/airflow/example_dags/example_external_task_marker_dag.py took 0.099 seconds
[2026-03-04T19:39:33.656+0000] {processor.py:161} INFO - Started process (PID=78069) to work on /Users/HP/storypoints-week1/venv/lib/python3.11/site-packages/airflow/example_dags/example_external_task_marker_dag.py
[2026-03-04T19:39:33.659+0000] {processor.py:830} INFO - Processing file /Users/HP/storypoints-week1/venv/lib/python3.11/site-packages/airflow/example_dags/example_external_task_marker_dag.py for tasks to queue
[2026-03-04T19:39:33.660+0000] {logging_mixin.py:188} INFO - [2026-03-04T19:39:33.660+0000] {dagbag.py:538} INFO - Filling up the DagBag from /Users/HP/storypoints-week1/venv/lib/python3.11/site-packages/airflow/example_dags/example_external_task_marker_dag.py
[2026-03-04T19:39:33.669+0000] {processor.py:840} INFO - DAG(s) 'example_external_task_marker_child', 'example_external_task_marker_parent' retrieved from /Users/HP/storypoints-week1/venv/lib/python3.11/site-packages/airflow/example_dags/example_external_task_marker_dag.py
[2026-03-04T19:39:33.732+0000] {logging_mixin.py:188} INFO - [2026-03-04T19:39:33.732+0000] {dag.py:3033} INFO - Sync 2 DAGs
[2026-03-04T19:39:33.738+0000] {logging_mixin.py:188} INFO - [2026-03-04T19:39:33.738+0000] {dag.py:3820} INFO - Setting next_dagrun for example_external_task_marker_child to None, run_after=None
[2026-03-04T19:39:33.740+0000] {logging_mixin.py:188} INFO - [2026-03-04T19:39:33.740+0000] {dag.py:3820} INFO - Setting next_dagrun for example_external_task_marker_parent to None, run_after=None
[2026-03-04T19:39:33.750+0000] {processor.py:183} INFO - Processing /Users/HP/storypoints-week1/venv/lib/python3.11/site-packages/airflow/example_dags/example_external_task_marker_dag.py took 0.095 seconds
[2026-03-04T19:42:00.463+0000] {processor.py:161} INFO - Started process (PID=79447) to work on /Users/HP/storypoints-week1/venv/lib/python3.11/site-packages/airflow/example_dags/example_external_task_marker_dag.py
[2026-03-04T19:42:00.465+0000] {processor.py:830} INFO - Processing file /Users/HP/storypoints-week1/venv/lib/python3.11/site-packages/airflow/example_dags/example_external_task_marker_dag.py for tasks to queue
[2026-03-04T19:42:00.467+0000] {logging_mixin.py:188} INFO - [2026-03-04T19:42:00.467+0000] {dagbag.py:538} INFO - Filling up the DagBag from /Users/HP/storypoints-week1/venv/lib/python3.11/site-packages/airflow/example_dags/example_external_task_marker_dag.py
[2026-03-04T19:42:00.476+0000] {processor.py:840} INFO - DAG(s) 'example_external_task_marker_parent', 'example_external_task_marker_child' retrieved from /Users/HP/storypoints-week1/venv/lib/python3.11/site-packages/airflow/example_dags/example_external_task_marker_dag.py
[2026-03-04T19:42:00.540+0000] {logging_mixin.py:188} INFO - [2026-03-04T19:42:00.539+0000] {dag.py:3033} INFO - Sync 2 DAGs
[2026-03-04T19:42:00.546+0000] {logging_mixin.py:188} INFO - [2026-03-04T19:42:00.546+0000] {dag.py:3820} INFO - Setting next_dagrun for example_external_task_marker_child to None, run_after=None
[2026-03-04T19:42:00.548+0000] {logging_mixin.py:188} INFO - [2026-03-04T19:42:00.548+0000] {dag.py:3820} INFO - Setting next_dagrun for example_external_task_marker_parent to None, run_after=None
[2026-03-04T19:42:00.558+0000] {processor.py:183} INFO - Processing /Users/HP/storypoints-week1/venv/lib/python3.11/site-packages/airflow/example_dags/example_external_task_marker_dag.py took 0.095 seconds
[2026-03-04T19:44:28.004+0000] {processor.py:161} INFO - Started process (PID=80836) to work on /Users/HP/storypoints-week1/venv/lib/python3.11/site-packages/airflow/example_dags/example_external_task_marker_dag.py
[2026-03-04T19:44:28.007+0000] {processor.py:830} INFO - Processing file /Users/HP/storypoints-week1/venv/lib/python3.11/site-packages/airflow/example_dags/example_external_task_marker_dag.py for tasks to queue
[2026-03-04T19:44:28.009+0000] {logging_mixin.py:188} INFO - [2026-03-04T19:44:28.008+0000] {dagbag.py:538} INFO - Filling up the DagBag from /Users/HP/storypoints-week1/venv/lib/python3.11/site-packages/airflow/example_dags/example_external_task_marker_dag.py
[2026-03-04T19:44:28.017+0000] {processor.py:840} INFO - DAG(s) 'example_external_task_marker_parent', 'example_external_task_marker_child' retrieved from /Users/HP/storypoints-week1/venv/lib/python3.11/site-packages/airflow/example_dags/example_external_task_marker_dag.py
[2026-03-04T19:44:28.082+0000] {logging_mixin.py:188} INFO - [2026-03-04T19:44:28.081+0000] {dag.py:3033} INFO - Sync 2 DAGs
[2026-03-04T19:44:28.088+0000] {logging_mixin.py:188} INFO - [2026-03-04T19:44:28.088+0000] {dag.py:3820} INFO - Setting next_dagrun for example_external_task_marker_child to None, run_after=None
[2026-03-04T19:44:28.090+0000] {logging_mixin.py:188} INFO - [2026-03-04T19:44:28.090+0000] {dag.py:3820} INFO - Setting next_dagrun for example_external_task_marker_parent to None, run_after=None
[2026-03-04T19:44:28.101+0000] {processor.py:183} INFO - Processing /Users/HP/storypoints-week1/venv/lib/python3.11/site-packages/airflow/example_dags/example_external_task_marker_dag.py took 0.097 seconds
[2026-03-04T19:46:56.492+0000] {processor.py:161} INFO - Started process (PID=82247) to work on /Users/HP/storypoints-week1/venv/lib/python3.11/site-packages/airflow/example_dags/example_external_task_marker_dag.py
[2026-03-04T19:46:56.494+0000] {processor.py:830} INFO - Processing file /Users/HP/storypoints-week1/venv/lib/python3.11/site-packages/airflow/example_dags/example_external_task_marker_dag.py for tasks to queue
[2026-03-04T19:46:56.495+0000] {logging_mixin.py:188} INFO - [2026-03-04T19:46:56.495+0000] {dagbag.py:538} INFO - Filling up the DagBag from /Users/HP/storypoints-week1/venv/lib/python3.11/site-packages/airflow/example_dags/example_external_task_marker_dag.py
[2026-03-04T19:46:56.503+0000] {processor.py:840} INFO - DAG(s) 'example_external_task_marker_child', 'example_external_task_marker_parent' retrieved from /Users/HP/storypoints-week1/venv/lib/python3.11/site-packages/airflow/example_dags/example_external_task_marker_dag.py
[2026-03-04T19:46:56.569+0000] {logging_mixin.py:188} INFO - [2026-03-04T19:46:56.569+0000] {dag.py:3033} INFO - Sync 2 DAGs
[2026-03-04T19:46:56.575+0000] {logging_mixin.py:188} INFO - [2026-03-04T19:46:56.575+0000] {dag.py:3820} INFO - Setting next_dagrun for example_external_task_marker_child to None, run_after=None
[2026-03-04T19:46:56.577+0000] {logging_mixin.py:188} INFO - [2026-03-04T19:46:56.577+0000] {dag.py:3820} INFO - Setting next_dagrun for example_external_task_marker_parent to None, run_after=None
[2026-03-04T19:46:56.587+0000] {processor.py:183} INFO - Processing /Users/HP/storypoints-week1/venv/lib/python3.11/site-packages/airflow/example_dags/example_external_task_marker_dag.py took 0.096 seconds
[2026-03-04T20:13:01.587+0000] {processor.py:161} INFO - Started process (PID=83800) to work on /Users/HP/storypoints-week1/venv/lib/python3.11/site-packages/airflow/example_dags/example_external_task_marker_dag.py
[2026-03-04T20:13:01.591+0000] {processor.py:830} INFO - Processing file /Users/HP/storypoints-week1/venv/lib/python3.11/site-packages/airflow/example_dags/example_external_task_marker_dag.py for tasks to queue
[2026-03-04T20:13:01.592+0000] {logging_mixin.py:188} INFO - [2026-03-04T20:13:01.592+0000] {dagbag.py:538} INFO - Filling up the DagBag from /Users/HP/storypoints-week1/venv/lib/python3.11/site-packages/airflow/example_dags/example_external_task_marker_dag.py
[2026-03-04T20:13:01.604+0000] {processor.py:840} INFO - DAG(s) 'example_external_task_marker_child', 'example_external_task_marker_parent' retrieved from /Users/HP/storypoints-week1/venv/lib/python3.11/site-packages/airflow/example_dags/example_external_task_marker_dag.py
[2026-03-04T20:13:01.680+0000] {logging_mixin.py:188} INFO - [2026-03-04T20:13:01.679+0000] {dag.py:3033} INFO - Sync 2 DAGs
[2026-03-04T20:13:01.687+0000] {logging_mixin.py:188} INFO - [2026-03-04T20:13:01.686+0000] {dag.py:3820} INFO - Setting next_dagrun for example_external_task_marker_child to None, run_after=None
[2026-03-04T20:13:01.689+0000] {logging_mixin.py:188} INFO - [2026-03-04T20:13:01.689+0000] {dag.py:3820} INFO - Setting next_dagrun for example_external_task_marker_parent to None, run_after=None
[2026-03-04T20:13:01.699+0000] {processor.py:183} INFO - Processing /Users/HP/storypoints-week1/venv/lib/python3.11/site-packages/airflow/example_dags/example_external_task_marker_dag.py took 0.113 seconds
[2026-03-04T20:14:53.501+0000] {processor.py:161} INFO - Started process (PID=84837) to work on /Users/HP/storypoints-week1/venv/lib/python3.11/site-packages/airflow/example_dags/example_external_task_marker_dag.py
[2026-03-04T20:14:53.504+0000] {processor.py:830} INFO - Processing file /Users/HP/storypoints-week1/venv/lib/python3.11/site-packages/airflow/example_dags/example_external_task_marker_dag.py for tasks to queue
[2026-03-04T20:14:53.505+0000] {logging_mixin.py:188} INFO - [2026-03-04T20:14:53.505+0000] {dagbag.py:538} INFO - Filling up the DagBag from /Users/HP/storypoints-week1/venv/lib/python3.11/site-packages/airflow/example_dags/example_external_task_marker_dag.py
[2026-03-04T20:14:53.514+0000] {processor.py:840} INFO - DAG(s) 'example_external_task_marker_parent', 'example_external_task_marker_child' retrieved from /Users/HP/storypoints-week1/venv/lib/python3.11/site-packages/airflow/example_dags/example_external_task_marker_dag.py
[2026-03-04T20:14:53.577+0000] {logging_mixin.py:188} INFO - [2026-03-04T20:14:53.577+0000] {dag.py:3033} INFO - Sync 2 DAGs
[2026-03-04T20:14:53.583+0000] {logging_mixin.py:188} INFO - [2026-03-04T20:14:53.583+0000] {dag.py:3820} INFO - Setting next_dagrun for example_external_task_marker_child to None, run_after=None
[2026-03-04T20:14:53.585+0000] {logging_mixin.py:188} INFO - [2026-03-04T20:14:53.585+0000] {dag.py:3820} INFO - Setting next_dagrun for example_external_task_marker_parent to None, run_after=None
[2026-03-04T20:14:53.595+0000] {processor.py:183} INFO - Processing /Users/HP/storypoints-week1/venv/lib/python3.11/site-packages/airflow/example_dags/example_external_task_marker_dag.py took 0.095 seconds
[2026-03-04T20:24:19.127+0000] {processor.py:161} INFO - Started process (PID=86310) to work on /Users/HP/storypoints-week1/venv/lib/python3.11/site-packages/airflow/example_dags/example_external_task_marker_dag.py
[2026-03-04T20:24:19.130+0000] {processor.py:830} INFO - Processing file /Users/HP/storypoints-week1/venv/lib/python3.11/site-packages/airflow/example_dags/example_external_task_marker_dag.py for tasks to queue
[2026-03-04T20:24:19.132+0000] {logging_mixin.py:188} INFO - [2026-03-04T20:24:19.132+0000] {dagbag.py:538} INFO - Filling up the DagBag from /Users/HP/storypoints-week1/venv/lib/python3.11/site-packages/airflow/example_dags/example_external_task_marker_dag.py
[2026-03-04T20:24:19.141+0000] {processor.py:840} INFO - DAG(s) 'example_external_task_marker_child', 'example_external_task_marker_parent' retrieved from /Users/HP/storypoints-week1/venv/lib/python3.11/site-packages/airflow/example_dags/example_external_task_marker_dag.py
[2026-03-04T20:24:19.205+0000] {logging_mixin.py:188} INFO - [2026-03-04T20:24:19.205+0000] {dag.py:3033} INFO - Sync 2 DAGs
[2026-03-04T20:24:19.211+0000] {logging_mixin.py:188} INFO - [2026-03-04T20:24:19.211+0000] {dag.py:3820} INFO - Setting next_dagrun for example_external_task_marker_child to None, run_after=None
[2026-03-04T20:24:19.213+0000] {logging_mixin.py:188} INFO - [2026-03-04T20:24:19.213+0000] {dag.py:3820} INFO - Setting next_dagrun for example_external_task_marker_parent to None, run_after=None
[2026-03-04T20:24:19.224+0000] {processor.py:183} INFO - Processing /Users/HP/storypoints-week1/venv/lib/python3.11/site-packages/airflow/example_dags/example_external_task_marker_dag.py took 0.098 seconds
[2026-03-04T20:48:10.268+0000] {processor.py:161} INFO - Started process (PID=87839) to work on /Users/HP/storypoints-week1/venv/lib/python3.11/site-packages/airflow/example_dags/example_external_task_marker_dag.py
[2026-03-04T20:48:10.270+0000] {processor.py:830} INFO - Processing file /Users/HP/storypoints-week1/venv/lib/python3.11/site-packages/airflow/example_dags/example_external_task_marker_dag.py for tasks to queue
[2026-03-04T20:48:10.272+0000] {logging_mixin.py:188} INFO - [2026-03-04T20:48:10.272+0000] {dagbag.py:538} INFO - Filling up the DagBag from /Users/HP/storypoints-week1/venv/lib/python3.11/site-packages/airflow/example_dags/example_external_task_marker_dag.py
[2026-03-04T20:48:10.280+0000] {processor.py:840} INFO - DAG(s) 'example_external_task_marker_child', 'example_external_task_marker_parent' retrieved from /Users/HP/storypoints-week1/venv/lib/python3.11/site-packages/airflow/example_dags/example_external_task_marker_dag.py
[2026-03-04T20:48:10.343+0000] {logging_mixin.py:188} INFO - [2026-03-04T20:48:10.343+0000] {dag.py:3033} INFO - Sync 2 DAGs
[2026-03-04T20:48:10.349+0000] {logging_mixin.py:188} INFO - [2026-03-04T20:48:10.349+0000] {dag.py:3820} INFO - Setting next_dagrun for example_external_task_marker_child to None, run_after=None
[2026-03-04T20:48:10.352+0000] {logging_mixin.py:188} INFO - [2026-03-04T20:48:10.352+0000] {dag.py:3820} INFO - Setting next_dagrun for example_external_task_marker_parent to None, run_after=None
[2026-03-04T20:48:10.361+0000] {processor.py:183} INFO - Processing /Users/HP/storypoints-week1/venv/lib/python3.11/site-packages/airflow/example_dags/example_external_task_marker_dag.py took 0.094 seconds
[2026-03-04T22:18:23.298+0000] {processor.py:161} INFO - Started process (PID=89458) to work on /Users/HP/storypoints-week1/venv/lib/python3.11/site-packages/airflow/example_dags/example_external_task_marker_dag.py
[2026-03-04T22:18:23.300+0000] {processor.py:830} INFO - Processing file /Users/HP/storypoints-week1/venv/lib/python3.11/site-packages/airflow/example_dags/example_external_task_marker_dag.py for tasks to queue
[2026-03-04T22:18:23.302+0000] {logging_mixin.py:188} INFO - [2026-03-04T22:18:23.302+0000] {dagbag.py:538} INFO - Filling up the DagBag from /Users/HP/storypoints-week1/venv/lib/python3.11/site-packages/airflow/example_dags/example_external_task_marker_dag.py
[2026-03-04T22:18:23.309+0000] {processor.py:840} INFO - DAG(s) 'example_external_task_marker_child', 'example_external_task_marker_parent' retrieved from /Users/HP/storypoints-week1/venv/lib/python3.11/site-packages/airflow/example_dags/example_external_task_marker_dag.py
[2026-03-04T22:18:23.372+0000] {logging_mixin.py:188} INFO - [2026-03-04T22:18:23.372+0000] {dag.py:3033} INFO - Sync 2 DAGs
[2026-03-04T22:18:23.378+0000] {logging_mixin.py:188} INFO - [2026-03-04T22:18:23.378+0000] {dag.py:3820} INFO - Setting next_dagrun for example_external_task_marker_child to None, run_after=None
[2026-03-04T22:18:23.380+0000] {logging_mixin.py:188} INFO - [2026-03-04T22:18:23.380+0000] {dag.py:3820} INFO - Setting next_dagrun for example_external_task_marker_parent to None, run_after=None
[2026-03-04T22:18:23.390+0000] {processor.py:183} INFO - Processing /Users/HP/storypoints-week1/venv/lib/python3.11/site-packages/airflow/example_dags/example_external_task_marker_dag.py took 0.092 seconds
[2026-03-04T23:06:23.035+0000] {processor.py:161} INFO - Started process (PID=90912) to work on /Users/HP/storypoints-week1/venv/lib/python3.11/site-packages/airflow/example_dags/example_external_task_marker_dag.py
[2026-03-04T23:06:23.038+0000] {processor.py:830} INFO - Processing file /Users/HP/storypoints-week1/venv/lib/python3.11/site-packages/airflow/example_dags/example_external_task_marker_dag.py for tasks to queue
[2026-03-04T23:06:23.039+0000] {logging_mixin.py:188} INFO - [2026-03-04T23:06:23.039+0000] {dagbag.py:538} INFO - Filling up the DagBag from /Users/HP/storypoints-week1/venv/lib/python3.11/site-packages/airflow/example_dags/example_external_task_marker_dag.py
[2026-03-04T23:06:23.048+0000] {processor.py:840} INFO - DAG(s) 'example_external_task_marker_child', 'example_external_task_marker_parent' retrieved from /Users/HP/storypoints-week1/venv/lib/python3.11/site-packages/airflow/example_dags/example_external_task_marker_dag.py
[2026-03-04T23:06:23.110+0000] {logging_mixin.py:188} INFO - [2026-03-04T23:06:23.110+0000] {dag.py:3033} INFO - Sync 2 DAGs
[2026-03-04T23:06:23.116+0000] {logging_mixin.py:188} INFO - [2026-03-04T23:06:23.116+0000] {dag.py:3820} INFO - Setting next_dagrun for example_external_task_marker_child to None, run_after=None
[2026-03-04T23:06:23.118+0000] {logging_mixin.py:188} INFO - [2026-03-04T23:06:23.118+0000] {dag.py:3820} INFO - Setting next_dagrun for example_external_task_marker_parent to None, run_after=None
[2026-03-04T23:06:23.127+0000] {processor.py:183} INFO - Processing /Users/HP/storypoints-week1/venv/lib/python3.11/site-packages/airflow/example_dags/example_external_task_marker_dag.py took 0.093 seconds
[2026-03-04T23:19:46.298+0000] {processor.py:161} INFO - Started process (PID=92334) to work on /Users/HP/storypoints-week1/venv/lib/python3.11/site-packages/airflow/example_dags/example_external_task_marker_dag.py
[2026-03-04T23:19:46.301+0000] {processor.py:830} INFO - Processing file /Users/HP/storypoints-week1/venv/lib/python3.11/site-packages/airflow/example_dags/example_external_task_marker_dag.py for tasks to queue
[2026-03-04T23:19:46.302+0000] {logging_mixin.py:188} INFO - [2026-03-04T23:19:46.302+0000] {dagbag.py:538} INFO - Filling up the DagBag from /Users/HP/storypoints-week1/venv/lib/python3.11/site-packages/airflow/example_dags/example_external_task_marker_dag.py
[2026-03-04T23:19:46.310+0000] {processor.py:840} INFO - DAG(s) 'example_external_task_marker_child', 'example_external_task_marker_parent' retrieved from /Users/HP/storypoints-week1/venv/lib/python3.11/site-packages/airflow/example_dags/example_external_task_marker_dag.py
[2026-03-04T23:19:46.374+0000] {logging_mixin.py:188} INFO - [2026-03-04T23:19:46.373+0000] {dag.py:3033} INFO - Sync 2 DAGs
[2026-03-04T23:19:46.382+0000] {logging_mixin.py:188} INFO - [2026-03-04T23:19:46.382+0000] {dag.py:3820} INFO - Setting next_dagrun for example_external_task_marker_child to None, run_after=None
[2026-03-04T23:19:46.384+0000] {logging_mixin.py:188} INFO - [2026-03-04T23:19:46.384+0000] {dag.py:3820} INFO - Setting next_dagrun for example_external_task_marker_parent to None, run_after=None
[2026-03-04T23:19:46.395+0000] {processor.py:183} INFO - Processing /Users/HP/storypoints-week1/venv/lib/python3.11/site-packages/airflow/example_dags/example_external_task_marker_dag.py took 0.097 seconds
