[2026-03-04T19:03:03.400+0000] {processor.py:161} INFO - Started process (PID=55262) to work on /Users/HP/storypoints-week1/venv/lib/python3.11/site-packages/airflow/example_dags/example_branch_datetime_operator.py
[2026-03-04T19:03:03.405+0000] {processor.py:830} INFO - Processing file /Users/HP/storypoints-week1/venv/lib/python3.11/site-packages/airflow/example_dags/example_branch_datetime_operator.py for tasks to queue
[2026-03-04T19:03:03.409+0000] {logging_mixin.py:188} INFO - [2026-03-04T19:03:03.409+0000] {dagbag.py:538} INFO - Filling up the DagBag from /Users/HP/storypoints-week1/venv/lib/python3.11/site-packages/airflow/example_dags/example_branch_datetime_operator.py
[2026-03-04T19:03:03.420+0000] {processor.py:840} INFO - DAG(s) 'example_branch_datetime_operator_3', 'example_branch_datetime_operator_2', 'example_branch_datetime_operator' retrieved from /Users/HP/storypoints-week1/venv/lib/python3.11/site-packages/airflow/example_dags/example_branch_datetime_operator.py
[2026-03-04T19:03:03.685+0000] {logging_mixin.py:188} INFO - [2026-03-04T19:03:03.685+0000] {override.py:1769} INFO - Created Permission View: can read on DAG:example_branch_datetime_operator_3
[2026-03-04T19:03:03.691+0000] {logging_mixin.py:188} INFO - [2026-03-04T19:03:03.691+0000] {override.py:1769} INFO - Created Permission View: can delete on DAG:example_branch_datetime_operator_3
[2026-03-04T19:03:03.695+0000] {logging_mixin.py:188} INFO - [2026-03-04T19:03:03.695+0000] {override.py:1769} INFO - Created Permission View: can edit on DAG:example_branch_datetime_operator_3
[2026-03-04T19:03:03.703+0000] {logging_mixin.py:188} INFO - [2026-03-04T19:03:03.703+0000] {override.py:1769} INFO - Created Permission View: can read on DAG:example_branch_datetime_operator_2
[2026-03-04T19:03:03.706+0000] {logging_mixin.py:188} INFO - [2026-03-04T19:03:03.706+0000] {override.py:1769} INFO - Created Permission View: can delete on DAG:example_branch_datetime_operator_2
[2026-03-04T19:03:03.709+0000] {logging_mixin.py:188} INFO - [2026-03-04T19:03:03.709+0000] {override.py:1769} INFO - Created Permission View: can edit on DAG:example_branch_datetime_operator_2
[2026-03-04T19:03:03.717+0000] {logging_mixin.py:188} INFO - [2026-03-04T19:03:03.717+0000] {override.py:1769} INFO - Created Permission View: can read on DAG:example_branch_datetime_operator
[2026-03-04T19:03:03.721+0000] {logging_mixin.py:188} INFO - [2026-03-04T19:03:03.720+0000] {override.py:1769} INFO - Created Permission View: can delete on DAG:example_branch_datetime_operator
[2026-03-04T19:03:03.723+0000] {logging_mixin.py:188} INFO - [2026-03-04T19:03:03.723+0000] {override.py:1769} INFO - Created Permission View: can edit on DAG:example_branch_datetime_operator
[2026-03-04T19:03:03.724+0000] {logging_mixin.py:188} INFO - [2026-03-04T19:03:03.723+0000] {dag.py:3033} INFO - Sync 3 DAGs
[2026-03-04T19:03:03.731+0000] {logging_mixin.py:188} INFO - [2026-03-04T19:03:03.731+0000] {dag.py:3055} INFO - Creating ORM DAG for example_branch_datetime_operator
[2026-03-04T19:03:03.731+0000] {logging_mixin.py:188} INFO - [2026-03-04T19:03:03.731+0000] {dag.py:3055} INFO - Creating ORM DAG for example_branch_datetime_operator_3
[2026-03-04T19:03:03.731+0000] {logging_mixin.py:188} INFO - [2026-03-04T19:03:03.731+0000] {dag.py:3055} INFO - Creating ORM DAG for example_branch_datetime_operator_2
[2026-03-04T19:03:03.739+0000] {logging_mixin.py:188} INFO - [2026-03-04T19:03:03.739+0000] {dag.py:3820} INFO - Setting next_dagrun for example_branch_datetime_operator to 2026-03-03T00:00:00+00:00, run_after=2026-03-04T00:00:00+00:00
[2026-03-04T19:03:03.740+0000] {logging_mixin.py:188} INFO - [2026-03-04T19:03:03.740+0000] {dag.py:3820} INFO - Setting next_dagrun for example_branch_datetime_operator_2 to 2026-03-03T00:00:00+00:00, run_after=2026-03-04T00:00:00+00:00
[2026-03-04T19:03:03.741+0000] {logging_mixin.py:188} INFO - [2026-03-04T19:03:03.740+0000] {dag.py:3820} INFO - Setting next_dagrun for example_branch_datetime_operator_3 to 2026-03-03T00:00:00+00:00, run_after=2026-03-04T00:00:00+00:00
[2026-03-04T19:03:03.752+0000] {processor.py:183} INFO - Processing /Users/HP/storypoints-week1/venv/lib/python3.11/site-packages/airflow/example_dags/example_branch_datetime_operator.py took 0.357 seconds
[2026-03-04T19:06:10.005+0000] {processor.py:161} INFO - Started process (PID=57421) to work on /Users/HP/storypoints-week1/venv/lib/python3.11/site-packages/airflow/example_dags/example_branch_datetime_operator.py
[2026-03-04T19:06:10.008+0000] {processor.py:830} INFO - Processing file /Users/HP/storypoints-week1/venv/lib/python3.11/site-packages/airflow/example_dags/example_branch_datetime_operator.py for tasks to queue
[2026-03-04T19:06:10.010+0000] {logging_mixin.py:188} INFO - [2026-03-04T19:06:10.010+0000] {dagbag.py:538} INFO - Filling up the DagBag from /Users/HP/storypoints-week1/venv/lib/python3.11/site-packages/airflow/example_dags/example_branch_datetime_operator.py
[2026-03-04T19:06:10.018+0000] {processor.py:840} INFO - DAG(s) 'example_branch_datetime_operator_2', 'example_branch_datetime_operator_3', 'example_branch_datetime_operator' retrieved from /Users/HP/storypoints-week1/venv/lib/python3.11/site-packages/airflow/example_dags/example_branch_datetime_operator.py
[2026-03-04T19:06:10.084+0000] {logging_mixin.py:188} INFO - [2026-03-04T19:06:10.083+0000] {dag.py:3033} INFO - Sync 3 DAGs
[2026-03-04T19:06:10.095+0000] {logging_mixin.py:188} INFO - [2026-03-04T19:06:10.095+0000] {dag.py:3820} INFO - Setting next_dagrun for example_branch_datetime_operator to 2026-03-03T00:00:00+00:00, run_after=2026-03-04T00:00:00+00:00
[2026-03-04T19:06:10.098+0000] {logging_mixin.py:188} INFO - [2026-03-04T19:06:10.097+0000] {dag.py:3820} INFO - Setting next_dagrun for example_branch_datetime_operator_2 to 2026-03-03T00:00:00+00:00, run_after=2026-03-04T00:00:00+00:00
[2026-03-04T19:06:10.099+0000] {logging_mixin.py:188} INFO - [2026-03-04T19:06:10.099+0000] {dag.py:3820} INFO - Setting next_dagrun for example_branch_datetime_operator_3 to 2026-03-03T00:00:00+00:00, run_after=2026-03-04T00:00:00+00:00
[2026-03-04T19:06:10.108+0000] {processor.py:183} INFO - Processing /Users/HP/storypoints-week1/venv/lib/python3.11/site-packages/airflow/example_dags/example_branch_datetime_operator.py took 0.104 seconds
[2026-03-04T19:08:43.358+0000] {processor.py:161} INFO - Started process (PID=58895) to work on /Users/HP/storypoints-week1/venv/lib/python3.11/site-packages/airflow/example_dags/example_branch_datetime_operator.py
[2026-03-04T19:08:43.361+0000] {processor.py:830} INFO - Processing file /Users/HP/storypoints-week1/venv/lib/python3.11/site-packages/airflow/example_dags/example_branch_datetime_operator.py for tasks to queue
[2026-03-04T19:08:43.362+0000] {logging_mixin.py:188} INFO - [2026-03-04T19:08:43.362+0000] {dagbag.py:538} INFO - Filling up the DagBag from /Users/HP/storypoints-week1/venv/lib/python3.11/site-packages/airflow/example_dags/example_branch_datetime_operator.py
[2026-03-04T19:08:43.371+0000] {processor.py:840} INFO - DAG(s) 'example_branch_datetime_operator', 'example_branch_datetime_operator_3', 'example_branch_datetime_operator_2' retrieved from /Users/HP/storypoints-week1/venv/lib/python3.11/site-packages/airflow/example_dags/example_branch_datetime_operator.py
[2026-03-04T19:08:43.436+0000] {logging_mixin.py:188} INFO - [2026-03-04T19:08:43.435+0000] {dag.py:3033} INFO - Sync 3 DAGs
[2026-03-04T19:08:43.449+0000] {logging_mixin.py:188} INFO - [2026-03-04T19:08:43.448+0000] {dag.py:3820} INFO - Setting next_dagrun for example_branch_datetime_operator to 2026-03-03T00:00:00+00:00, run_after=2026-03-04T00:00:00+00:00
[2026-03-04T19:08:43.452+0000] {logging_mixin.py:188} INFO - [2026-03-04T19:08:43.452+0000] {dag.py:3820} INFO - Setting next_dagrun for example_branch_datetime_operator_2 to 2026-03-03T00:00:00+00:00, run_after=2026-03-04T00:00:00+00:00
[2026-03-04T19:08:43.453+0000] {logging_mixin.py:188} INFO - [2026-03-04T19:08:43.453+0000] {dag.py:3820} INFO - Setting next_dagrun for example_branch_datetime_operator_3 to 2026-03-03T00:00:00+00:00, run_after=2026-03-04T00:00:00+00:00
[2026-03-04T19:08:43.463+0000] {processor.py:183} INFO - Processing /Users/HP/storypoints-week1/venv/lib/python3.11/site-packages/airflow/example_dags/example_branch_datetime_operator.py took 0.106 seconds
[2026-03-04T19:11:28.830+0000] {processor.py:161} INFO - Started process (PID=60481) to work on /Users/HP/storypoints-week1/venv/lib/python3.11/site-packages/airflow/example_dags/example_branch_datetime_operator.py
[2026-03-04T19:11:28.833+0000] {processor.py:830} INFO - Processing file /Users/HP/storypoints-week1/venv/lib/python3.11/site-packages/airflow/example_dags/example_branch_datetime_operator.py for tasks to queue
[2026-03-04T19:11:28.834+0000] {logging_mixin.py:188} INFO - [2026-03-04T19:11:28.834+0000] {dagbag.py:538} INFO - Filling up the DagBag from /Users/HP/storypoints-week1/venv/lib/python3.11/site-packages/airflow/example_dags/example_branch_datetime_operator.py
[2026-03-04T19:11:28.842+0000] {processor.py:840} INFO - DAG(s) 'example_branch_datetime_operator_2', 'example_branch_datetime_operator', 'example_branch_datetime_operator_3' retrieved from /Users/HP/storypoints-week1/venv/lib/python3.11/site-packages/airflow/example_dags/example_branch_datetime_operator.py
[2026-03-04T19:11:28.908+0000] {logging_mixin.py:188} INFO - [2026-03-04T19:11:28.908+0000] {dag.py:3033} INFO - Sync 3 DAGs
[2026-03-04T19:11:28.920+0000] {logging_mixin.py:188} INFO - [2026-03-04T19:11:28.920+0000] {dag.py:3820} INFO - Setting next_dagrun for example_branch_datetime_operator to 2026-03-03T00:00:00+00:00, run_after=2026-03-04T00:00:00+00:00
[2026-03-04T19:11:28.923+0000] {logging_mixin.py:188} INFO - [2026-03-04T19:11:28.923+0000] {dag.py:3820} INFO - Setting next_dagrun for example_branch_datetime_operator_2 to 2026-03-03T00:00:00+00:00, run_after=2026-03-04T00:00:00+00:00
[2026-03-04T19:11:28.924+0000] {logging_mixin.py:188} INFO - [2026-03-04T19:11:28.924+0000] {dag.py:3820} INFO - Setting next_dagrun for example_branch_datetime_operator_3 to 2026-03-03T00:00:00+00:00, run_after=2026-03-04T00:00:00+00:00
[2026-03-04T19:11:28.934+0000] {processor.py:183} INFO - Processing /Users/HP/storypoints-week1/venv/lib/python3.11/site-packages/airflow/example_dags/example_branch_datetime_operator.py took 0.105 seconds
[2026-03-04T19:37:24.069+0000] {processor.py:161} INFO - Started process (PID=76828) to work on /Users/HP/storypoints-week1/venv/lib/python3.11/site-packages/airflow/example_dags/example_branch_datetime_operator.py
[2026-03-04T19:37:24.071+0000] {processor.py:830} INFO - Processing file /Users/HP/storypoints-week1/venv/lib/python3.11/site-packages/airflow/example_dags/example_branch_datetime_operator.py for tasks to queue
[2026-03-04T19:37:24.073+0000] {logging_mixin.py:188} INFO - [2026-03-04T19:37:24.073+0000] {dagbag.py:538} INFO - Filling up the DagBag from /Users/HP/storypoints-week1/venv/lib/python3.11/site-packages/airflow/example_dags/example_branch_datetime_operator.py
[2026-03-04T19:37:24.081+0000] {processor.py:840} INFO - DAG(s) 'example_branch_datetime_operator', 'example_branch_datetime_operator_2', 'example_branch_datetime_operator_3' retrieved from /Users/HP/storypoints-week1/venv/lib/python3.11/site-packages/airflow/example_dags/example_branch_datetime_operator.py
[2026-03-04T19:37:24.146+0000] {logging_mixin.py:188} INFO - [2026-03-04T19:37:24.146+0000] {dag.py:3033} INFO - Sync 3 DAGs
[2026-03-04T19:37:24.159+0000] {logging_mixin.py:188} INFO - [2026-03-04T19:37:24.159+0000] {dag.py:3820} INFO - Setting next_dagrun for example_branch_datetime_operator to 2026-03-03T00:00:00+00:00, run_after=2026-03-04T00:00:00+00:00
[2026-03-04T19:37:24.162+0000] {logging_mixin.py:188} INFO - [2026-03-04T19:37:24.162+0000] {dag.py:3820} INFO - Setting next_dagrun for example_branch_datetime_operator_2 to 2026-03-03T00:00:00+00:00, run_after=2026-03-04T00:00:00+00:00
[2026-03-04T19:37:24.163+0000] {logging_mixin.py:188} INFO - [2026-03-04T19:37:24.163+0000] {dag.py:3820} INFO - Setting next_dagrun for example_branch_datetime_operator_3 to 2026-03-03T00:00:00+00:00, run_after=2026-03-04T00:00:00+00:00
[2026-03-04T19:37:24.173+0000] {processor.py:183} INFO - Processing /Users/HP/storypoints-week1/venv/lib/python3.11/site-packages/airflow/example_dags/example_branch_datetime_operator.py took 0.105 seconds
[2026-03-04T19:39:57.358+0000] {processor.py:161} INFO - Started process (PID=78292) to work on /Users/HP/storypoints-week1/venv/lib/python3.11/site-packages/airflow/example_dags/example_branch_datetime_operator.py
[2026-03-04T19:39:57.361+0000] {processor.py:830} INFO - Processing file /Users/HP/storypoints-week1/venv/lib/python3.11/site-packages/airflow/example_dags/example_branch_datetime_operator.py for tasks to queue
[2026-03-04T19:39:57.363+0000] {logging_mixin.py:188} INFO - [2026-03-04T19:39:57.363+0000] {dagbag.py:538} INFO - Filling up the DagBag from /Users/HP/storypoints-week1/venv/lib/python3.11/site-packages/airflow/example_dags/example_branch_datetime_operator.py
[2026-03-04T19:39:57.371+0000] {processor.py:840} INFO - DAG(s) 'example_branch_datetime_operator', 'example_branch_datetime_operator_3', 'example_branch_datetime_operator_2' retrieved from /Users/HP/storypoints-week1/venv/lib/python3.11/site-packages/airflow/example_dags/example_branch_datetime_operator.py
[2026-03-04T19:39:57.434+0000] {logging_mixin.py:188} INFO - [2026-03-04T19:39:57.434+0000] {dag.py:3033} INFO - Sync 3 DAGs
[2026-03-04T19:39:57.446+0000] {logging_mixin.py:188} INFO - [2026-03-04T19:39:57.446+0000] {dag.py:3820} INFO - Setting next_dagrun for example_branch_datetime_operator to 2026-03-03T00:00:00+00:00, run_after=2026-03-04T00:00:00+00:00
[2026-03-04T19:39:57.449+0000] {logging_mixin.py:188} INFO - [2026-03-04T19:39:57.448+0000] {dag.py:3820} INFO - Setting next_dagrun for example_branch_datetime_operator_2 to 2026-03-03T00:00:00+00:00, run_after=2026-03-04T00:00:00+00:00
[2026-03-04T19:39:57.450+0000] {logging_mixin.py:188} INFO - [2026-03-04T19:39:57.450+0000] {dag.py:3820} INFO - Setting next_dagrun for example_branch_datetime_operator_3 to 2026-03-03T00:00:00+00:00, run_after=2026-03-04T00:00:00+00:00
[2026-03-04T19:39:57.460+0000] {processor.py:183} INFO - Processing /Users/HP/storypoints-week1/venv/lib/python3.11/site-packages/airflow/example_dags/example_branch_datetime_operator.py took 0.102 seconds
[2026-03-04T19:42:24.993+0000] {processor.py:161} INFO - Started process (PID=79677) to work on /Users/HP/storypoints-week1/venv/lib/python3.11/site-packages/airflow/example_dags/example_branch_datetime_operator.py
[2026-03-04T19:42:24.996+0000] {processor.py:830} INFO - Processing file /Users/HP/storypoints-week1/venv/lib/python3.11/site-packages/airflow/example_dags/example_branch_datetime_operator.py for tasks to queue
[2026-03-04T19:42:24.997+0000] {logging_mixin.py:188} INFO - [2026-03-04T19:42:24.997+0000] {dagbag.py:538} INFO - Filling up the DagBag from /Users/HP/storypoints-week1/venv/lib/python3.11/site-packages/airflow/example_dags/example_branch_datetime_operator.py
[2026-03-04T19:42:25.005+0000] {processor.py:840} INFO - DAG(s) 'example_branch_datetime_operator_3', 'example_branch_datetime_operator_2', 'example_branch_datetime_operator' retrieved from /Users/HP/storypoints-week1/venv/lib/python3.11/site-packages/airflow/example_dags/example_branch_datetime_operator.py
[2026-03-04T19:42:25.069+0000] {logging_mixin.py:188} INFO - [2026-03-04T19:42:25.069+0000] {dag.py:3033} INFO - Sync 3 DAGs
[2026-03-04T19:42:25.081+0000] {logging_mixin.py:188} INFO - [2026-03-04T19:42:25.081+0000] {dag.py:3820} INFO - Setting next_dagrun for example_branch_datetime_operator to 2026-03-03T00:00:00+00:00, run_after=2026-03-04T00:00:00+00:00
[2026-03-04T19:42:25.084+0000] {logging_mixin.py:188} INFO - [2026-03-04T19:42:25.084+0000] {dag.py:3820} INFO - Setting next_dagrun for example_branch_datetime_operator_2 to 2026-03-03T00:00:00+00:00, run_after=2026-03-04T00:00:00+00:00
[2026-03-04T19:42:25.086+0000] {logging_mixin.py:188} INFO - [2026-03-04T19:42:25.086+0000] {dag.py:3820} INFO - Setting next_dagrun for example_branch_datetime_operator_3 to 2026-03-03T00:00:00+00:00, run_after=2026-03-04T00:00:00+00:00
[2026-03-04T19:42:25.096+0000] {processor.py:183} INFO - Processing /Users/HP/storypoints-week1/venv/lib/python3.11/site-packages/airflow/example_dags/example_branch_datetime_operator.py took 0.104 seconds
[2026-03-04T19:44:52.490+0000] {processor.py:161} INFO - Started process (PID=81067) to work on /Users/HP/storypoints-week1/venv/lib/python3.11/site-packages/airflow/example_dags/example_branch_datetime_operator.py
[2026-03-04T19:44:52.493+0000] {processor.py:830} INFO - Processing file /Users/HP/storypoints-week1/venv/lib/python3.11/site-packages/airflow/example_dags/example_branch_datetime_operator.py for tasks to queue
[2026-03-04T19:44:52.494+0000] {logging_mixin.py:188} INFO - [2026-03-04T19:44:52.494+0000] {dagbag.py:538} INFO - Filling up the DagBag from /Users/HP/storypoints-week1/venv/lib/python3.11/site-packages/airflow/example_dags/example_branch_datetime_operator.py
[2026-03-04T19:44:52.503+0000] {processor.py:840} INFO - DAG(s) 'example_branch_datetime_operator_2', 'example_branch_datetime_operator_3', 'example_branch_datetime_operator' retrieved from /Users/HP/storypoints-week1/venv/lib/python3.11/site-packages/airflow/example_dags/example_branch_datetime_operator.py
[2026-03-04T19:44:52.568+0000] {logging_mixin.py:188} INFO - [2026-03-04T19:44:52.568+0000] {dag.py:3033} INFO - Sync 3 DAGs
[2026-03-04T19:44:52.580+0000] {logging_mixin.py:188} INFO - [2026-03-04T19:44:52.580+0000] {dag.py:3820} INFO - Setting next_dagrun for example_branch_datetime_operator to 2026-03-03T00:00:00+00:00, run_after=2026-03-04T00:00:00+00:00
[2026-03-04T19:44:52.582+0000] {logging_mixin.py:188} INFO - [2026-03-04T19:44:52.582+0000] {dag.py:3820} INFO - Setting next_dagrun for example_branch_datetime_operator_2 to 2026-03-03T00:00:00+00:00, run_after=2026-03-04T00:00:00+00:00
[2026-03-04T19:44:52.584+0000] {logging_mixin.py:188} INFO - [2026-03-04T19:44:52.584+0000] {dag.py:3820} INFO - Setting next_dagrun for example_branch_datetime_operator_3 to 2026-03-03T00:00:00+00:00, run_after=2026-03-04T00:00:00+00:00
[2026-03-04T19:44:52.593+0000] {processor.py:183} INFO - Processing /Users/HP/storypoints-week1/venv/lib/python3.11/site-packages/airflow/example_dags/example_branch_datetime_operator.py took 0.104 seconds
[2026-03-04T19:47:21.286+0000] {processor.py:161} INFO - Started process (PID=82478) to work on /Users/HP/storypoints-week1/venv/lib/python3.11/site-packages/airflow/example_dags/example_branch_datetime_operator.py
[2026-03-04T19:47:21.288+0000] {processor.py:830} INFO - Processing file /Users/HP/storypoints-week1/venv/lib/python3.11/site-packages/airflow/example_dags/example_branch_datetime_operator.py for tasks to queue
[2026-03-04T19:47:21.290+0000] {logging_mixin.py:188} INFO - [2026-03-04T19:47:21.290+0000] {dagbag.py:538} INFO - Filling up the DagBag from /Users/HP/storypoints-week1/venv/lib/python3.11/site-packages/airflow/example_dags/example_branch_datetime_operator.py
[2026-03-04T19:47:21.298+0000] {processor.py:840} INFO - DAG(s) 'example_branch_datetime_operator', 'example_branch_datetime_operator_2', 'example_branch_datetime_operator_3' retrieved from /Users/HP/storypoints-week1/venv/lib/python3.11/site-packages/airflow/example_dags/example_branch_datetime_operator.py
[2026-03-04T19:47:21.361+0000] {logging_mixin.py:188} INFO - [2026-03-04T19:47:21.361+0000] {dag.py:3033} INFO - Sync 3 DAGs
[2026-03-04T19:47:21.373+0000] {logging_mixin.py:188} INFO - [2026-03-04T19:47:21.372+0000] {dag.py:3820} INFO - Setting next_dagrun for example_branch_datetime_operator to 2026-03-03T00:00:00+00:00, run_after=2026-03-04T00:00:00+00:00
[2026-03-04T19:47:21.375+0000] {logging_mixin.py:188} INFO - [2026-03-04T19:47:21.375+0000] {dag.py:3820} INFO - Setting next_dagrun for example_branch_datetime_operator_2 to 2026-03-03T00:00:00+00:00, run_after=2026-03-04T00:00:00+00:00
[2026-03-04T19:47:21.376+0000] {logging_mixin.py:188} INFO - [2026-03-04T19:47:21.376+0000] {dag.py:3820} INFO - Setting next_dagrun for example_branch_datetime_operator_3 to 2026-03-03T00:00:00+00:00, run_after=2026-03-04T00:00:00+00:00
[2026-03-04T19:47:21.386+0000] {processor.py:183} INFO - Processing /Users/HP/storypoints-week1/venv/lib/python3.11/site-packages/airflow/example_dags/example_branch_datetime_operator.py took 0.101 seconds
[2026-03-04T20:13:30.510+0000] {processor.py:161} INFO - Started process (PID=84077) to work on /Users/HP/storypoints-week1/venv/lib/python3.11/site-packages/airflow/example_dags/example_branch_datetime_operator.py
[2026-03-04T20:13:30.512+0000] {processor.py:830} INFO - Processing file /Users/HP/storypoints-week1/venv/lib/python3.11/site-packages/airflow/example_dags/example_branch_datetime_operator.py for tasks to queue
[2026-03-04T20:13:30.514+0000] {logging_mixin.py:188} INFO - [2026-03-04T20:13:30.514+0000] {dagbag.py:538} INFO - Filling up the DagBag from /Users/HP/storypoints-week1/venv/lib/python3.11/site-packages/airflow/example_dags/example_branch_datetime_operator.py
[2026-03-04T20:13:30.523+0000] {processor.py:840} INFO - DAG(s) 'example_branch_datetime_operator', 'example_branch_datetime_operator_2', 'example_branch_datetime_operator_3' retrieved from /Users/HP/storypoints-week1/venv/lib/python3.11/site-packages/airflow/example_dags/example_branch_datetime_operator.py
[2026-03-04T20:13:30.582+0000] {logging_mixin.py:188} INFO - [2026-03-04T20:13:30.581+0000] {dag.py:3033} INFO - Sync 3 DAGs
[2026-03-04T20:13:30.592+0000] {logging_mixin.py:188} INFO - [2026-03-04T20:13:30.592+0000] {dag.py:3820} INFO - Setting next_dagrun for example_branch_datetime_operator to 2026-03-03T00:00:00+00:00, run_after=2026-03-04T00:00:00+00:00
[2026-03-04T20:13:30.594+0000] {logging_mixin.py:188} INFO - [2026-03-04T20:13:30.594+0000] {dag.py:3820} INFO - Setting next_dagrun for example_branch_datetime_operator_2 to 2026-03-03T00:00:00+00:00, run_after=2026-03-04T00:00:00+00:00
[2026-03-04T20:13:30.595+0000] {logging_mixin.py:188} INFO - [2026-03-04T20:13:30.595+0000] {dag.py:3820} INFO - Setting next_dagrun for example_branch_datetime_operator_3 to 2026-03-03T00:00:00+00:00, run_after=2026-03-04T00:00:00+00:00
[2026-03-04T20:13:30.604+0000] {processor.py:183} INFO - Processing /Users/HP/storypoints-week1/venv/lib/python3.11/site-packages/airflow/example_dags/example_branch_datetime_operator.py took 0.095 seconds
[2026-03-04T20:22:58.106+0000] {processor.py:161} INFO - Started process (PID=85551) to work on /Users/HP/storypoints-week1/venv/lib/python3.11/site-packages/airflow/example_dags/example_branch_datetime_operator.py
[2026-03-04T20:22:58.108+0000] {processor.py:830} INFO - Processing file /Users/HP/storypoints-week1/venv/lib/python3.11/site-packages/airflow/example_dags/example_branch_datetime_operator.py for tasks to queue
[2026-03-04T20:22:58.110+0000] {logging_mixin.py:188} INFO - [2026-03-04T20:22:58.110+0000] {dagbag.py:538} INFO - Filling up the DagBag from /Users/HP/storypoints-week1/venv/lib/python3.11/site-packages/airflow/example_dags/example_branch_datetime_operator.py
[2026-03-04T20:22:58.119+0000] {processor.py:840} INFO - DAG(s) 'example_branch_datetime_operator_2', 'example_branch_datetime_operator', 'example_branch_datetime_operator_3' retrieved from /Users/HP/storypoints-week1/venv/lib/python3.11/site-packages/airflow/example_dags/example_branch_datetime_operator.py
[2026-03-04T20:22:58.184+0000] {logging_mixin.py:188} INFO - [2026-03-04T20:22:58.184+0000] {dag.py:3033} INFO - Sync 3 DAGs
[2026-03-04T20:22:58.196+0000] {logging_mixin.py:188} INFO - [2026-03-04T20:22:58.196+0000] {dag.py:3820} INFO - Setting next_dagrun for example_branch_datetime_operator to 2026-03-03T00:00:00+00:00, run_after=2026-03-04T00:00:00+00:00
[2026-03-04T20:22:58.199+0000] {logging_mixin.py:188} INFO - [2026-03-04T20:22:58.199+0000] {dag.py:3820} INFO - Setting next_dagrun for example_branch_datetime_operator_2 to 2026-03-03T00:00:00+00:00, run_after=2026-03-04T00:00:00+00:00
[2026-03-04T20:22:58.200+0000] {logging_mixin.py:188} INFO - [2026-03-04T20:22:58.200+0000] {dag.py:3820} INFO - Setting next_dagrun for example_branch_datetime_operator_3 to 2026-03-03T00:00:00+00:00, run_after=2026-03-04T00:00:00+00:00
[2026-03-04T20:22:58.210+0000] {processor.py:183} INFO - Processing /Users/HP/storypoints-week1/venv/lib/python3.11/site-packages/airflow/example_dags/example_branch_datetime_operator.py took 0.105 seconds
[2026-03-04T20:29:08.375+0000] {processor.py:161} INFO - Started process (PID=87129) to work on /Users/HP/storypoints-week1/venv/lib/python3.11/site-packages/airflow/example_dags/example_branch_datetime_operator.py
[2026-03-04T20:29:08.377+0000] {processor.py:830} INFO - Processing file /Users/HP/storypoints-week1/venv/lib/python3.11/site-packages/airflow/example_dags/example_branch_datetime_operator.py for tasks to queue
[2026-03-04T20:29:08.378+0000] {logging_mixin.py:188} INFO - [2026-03-04T20:29:08.378+0000] {dagbag.py:538} INFO - Filling up the DagBag from /Users/HP/storypoints-week1/venv/lib/python3.11/site-packages/airflow/example_dags/example_branch_datetime_operator.py
[2026-03-04T20:29:08.386+0000] {processor.py:840} INFO - DAG(s) 'example_branch_datetime_operator_3', 'example_branch_datetime_operator_2', 'example_branch_datetime_operator' retrieved from /Users/HP/storypoints-week1/venv/lib/python3.11/site-packages/airflow/example_dags/example_branch_datetime_operator.py
[2026-03-04T20:29:08.448+0000] {logging_mixin.py:188} INFO - [2026-03-04T20:29:08.448+0000] {dag.py:3033} INFO - Sync 3 DAGs
[2026-03-04T20:29:08.459+0000] {logging_mixin.py:188} INFO - [2026-03-04T20:29:08.459+0000] {dag.py:3820} INFO - Setting next_dagrun for example_branch_datetime_operator to 2026-03-03T00:00:00+00:00, run_after=2026-03-04T00:00:00+00:00
[2026-03-04T20:29:08.462+0000] {logging_mixin.py:188} INFO - [2026-03-04T20:29:08.462+0000] {dag.py:3820} INFO - Setting next_dagrun for example_branch_datetime_operator_2 to 2026-03-03T00:00:00+00:00, run_after=2026-03-04T00:00:00+00:00
[2026-03-04T20:29:08.463+0000] {logging_mixin.py:188} INFO - [2026-03-04T20:29:08.463+0000] {dag.py:3820} INFO - Setting next_dagrun for example_branch_datetime_operator_3 to 2026-03-03T00:00:00+00:00, run_after=2026-03-04T00:00:00+00:00
[2026-03-04T20:29:08.473+0000] {processor.py:183} INFO - Processing /Users/HP/storypoints-week1/venv/lib/python3.11/site-packages/airflow/example_dags/example_branch_datetime_operator.py took 0.099 seconds
[2026-03-04T22:17:01.445+0000] {processor.py:161} INFO - Started process (PID=88684) to work on /Users/HP/storypoints-week1/venv/lib/python3.11/site-packages/airflow/example_dags/example_branch_datetime_operator.py
[2026-03-04T22:17:01.448+0000] {processor.py:830} INFO - Processing file /Users/HP/storypoints-week1/venv/lib/python3.11/site-packages/airflow/example_dags/example_branch_datetime_operator.py for tasks to queue
[2026-03-04T22:17:01.450+0000] {logging_mixin.py:188} INFO - [2026-03-04T22:17:01.450+0000] {dagbag.py:538} INFO - Filling up the DagBag from /Users/HP/storypoints-week1/venv/lib/python3.11/site-packages/airflow/example_dags/example_branch_datetime_operator.py
[2026-03-04T22:17:01.463+0000] {processor.py:840} INFO - DAG(s) 'example_branch_datetime_operator_3', 'example_branch_datetime_operator_2', 'example_branch_datetime_operator' retrieved from /Users/HP/storypoints-week1/venv/lib/python3.11/site-packages/airflow/example_dags/example_branch_datetime_operator.py
[2026-03-04T22:17:01.613+0000] {logging_mixin.py:188} INFO - [2026-03-04T22:17:01.612+0000] {dag.py:3033} INFO - Sync 3 DAGs
[2026-03-04T22:17:01.685+0000] {logging_mixin.py:188} INFO - [2026-03-04T22:17:01.685+0000] {dag.py:3820} INFO - Setting next_dagrun for example_branch_datetime_operator to 2026-03-03T00:00:00+00:00, run_after=2026-03-04T00:00:00+00:00
[2026-03-04T22:17:01.695+0000] {logging_mixin.py:188} INFO - [2026-03-04T22:17:01.694+0000] {dag.py:3820} INFO - Setting next_dagrun for example_branch_datetime_operator_2 to 2026-03-03T00:00:00+00:00, run_after=2026-03-04T00:00:00+00:00
[2026-03-04T22:17:01.697+0000] {logging_mixin.py:188} INFO - [2026-03-04T22:17:01.697+0000] {dag.py:3820} INFO - Setting next_dagrun for example_branch_datetime_operator_3 to 2026-03-03T00:00:00+00:00, run_after=2026-03-04T00:00:00+00:00
[2026-03-04T22:17:01.732+0000] {processor.py:183} INFO - Processing /Users/HP/storypoints-week1/venv/lib/python3.11/site-packages/airflow/example_dags/example_branch_datetime_operator.py took 0.288 seconds
[2026-03-04T22:32:28.847+0000] {processor.py:161} INFO - Started process (PID=90364) to work on /Users/HP/storypoints-week1/venv/lib/python3.11/site-packages/airflow/example_dags/example_branch_datetime_operator.py
[2026-03-04T22:32:28.850+0000] {processor.py:830} INFO - Processing file /Users/HP/storypoints-week1/venv/lib/python3.11/site-packages/airflow/example_dags/example_branch_datetime_operator.py for tasks to queue
[2026-03-04T22:32:28.851+0000] {logging_mixin.py:188} INFO - [2026-03-04T22:32:28.851+0000] {dagbag.py:538} INFO - Filling up the DagBag from /Users/HP/storypoints-week1/venv/lib/python3.11/site-packages/airflow/example_dags/example_branch_datetime_operator.py
[2026-03-04T22:32:28.859+0000] {processor.py:840} INFO - DAG(s) 'example_branch_datetime_operator_2', 'example_branch_datetime_operator_3', 'example_branch_datetime_operator' retrieved from /Users/HP/storypoints-week1/venv/lib/python3.11/site-packages/airflow/example_dags/example_branch_datetime_operator.py
[2026-03-04T22:32:28.920+0000] {logging_mixin.py:188} INFO - [2026-03-04T22:32:28.919+0000] {dag.py:3033} INFO - Sync 3 DAGs
[2026-03-04T22:32:28.929+0000] {logging_mixin.py:188} INFO - [2026-03-04T22:32:28.929+0000] {dag.py:3820} INFO - Setting next_dagrun for example_branch_datetime_operator to 2026-03-03T00:00:00+00:00, run_after=2026-03-04T00:00:00+00:00
[2026-03-04T22:32:28.932+0000] {logging_mixin.py:188} INFO - [2026-03-04T22:32:28.932+0000] {dag.py:3820} INFO - Setting next_dagrun for example_branch_datetime_operator_2 to 2026-03-03T00:00:00+00:00, run_after=2026-03-04T00:00:00+00:00
[2026-03-04T22:32:28.933+0000] {logging_mixin.py:188} INFO - [2026-03-04T22:32:28.933+0000] {dag.py:3820} INFO - Setting next_dagrun for example_branch_datetime_operator_3 to 2026-03-03T00:00:00+00:00, run_after=2026-03-04T00:00:00+00:00
[2026-03-04T22:32:28.941+0000] {processor.py:183} INFO - Processing /Users/HP/storypoints-week1/venv/lib/python3.11/site-packages/airflow/example_dags/example_branch_datetime_operator.py took 0.094 seconds
[2026-03-04T23:07:56.109+0000] {processor.py:161} INFO - Started process (PID=91803) to work on /Users/HP/storypoints-week1/venv/lib/python3.11/site-packages/airflow/example_dags/example_branch_datetime_operator.py
[2026-03-04T23:07:56.112+0000] {processor.py:830} INFO - Processing file /Users/HP/storypoints-week1/venv/lib/python3.11/site-packages/airflow/example_dags/example_branch_datetime_operator.py for tasks to queue
[2026-03-04T23:07:56.113+0000] {logging_mixin.py:188} INFO - [2026-03-04T23:07:56.113+0000] {dagbag.py:538} INFO - Filling up the DagBag from /Users/HP/storypoints-week1/venv/lib/python3.11/site-packages/airflow/example_dags/example_branch_datetime_operator.py
[2026-03-04T23:07:56.122+0000] {processor.py:840} INFO - DAG(s) 'example_branch_datetime_operator_3', 'example_branch_datetime_operator', 'example_branch_datetime_operator_2' retrieved from /Users/HP/storypoints-week1/venv/lib/python3.11/site-packages/airflow/example_dags/example_branch_datetime_operator.py
[2026-03-04T23:07:56.186+0000] {logging_mixin.py:188} INFO - [2026-03-04T23:07:56.186+0000] {dag.py:3033} INFO - Sync 3 DAGs
[2026-03-04T23:07:56.197+0000] {logging_mixin.py:188} INFO - [2026-03-04T23:07:56.197+0000] {dag.py:3820} INFO - Setting next_dagrun for example_branch_datetime_operator to 2026-03-03T00:00:00+00:00, run_after=2026-03-04T00:00:00+00:00
[2026-03-04T23:07:56.199+0000] {logging_mixin.py:188} INFO - [2026-03-04T23:07:56.199+0000] {dag.py:3820} INFO - Setting next_dagrun for example_branch_datetime_operator_2 to 2026-03-03T00:00:00+00:00, run_after=2026-03-04T00:00:00+00:00
[2026-03-04T23:07:56.201+0000] {logging_mixin.py:188} INFO - [2026-03-04T23:07:56.200+0000] {dag.py:3820} INFO - Setting next_dagrun for example_branch_datetime_operator_3 to 2026-03-03T00:00:00+00:00, run_after=2026-03-04T00:00:00+00:00
[2026-03-04T23:07:56.211+0000] {processor.py:183} INFO - Processing /Users/HP/storypoints-week1/venv/lib/python3.11/site-packages/airflow/example_dags/example_branch_datetime_operator.py took 0.103 seconds
