[2026-03-04T19:02:45.266+0000] {processor.py:161} INFO - Started process (PID=55080) to work on /Users/HP/storypoints-week1/venv/lib/python3.11/site-packages/airflow/example_dags/example_dag_decorator.py
[2026-03-04T19:02:45.268+0000] {processor.py:830} INFO - Processing file /Users/HP/storypoints-week1/venv/lib/python3.11/site-packages/airflow/example_dags/example_dag_decorator.py for tasks to queue
[2026-03-04T19:02:45.269+0000] {logging_mixin.py:188} INFO - [2026-03-04T19:02:45.269+0000] {dagbag.py:538} INFO - Filling up the DagBag from /Users/HP/storypoints-week1/venv/lib/python3.11/site-packages/airflow/example_dags/example_dag_decorator.py
[2026-03-04T19:02:45.403+0000] {processor.py:840} INFO - DAG(s) 'example_dag_decorator' retrieved from /Users/HP/storypoints-week1/venv/lib/python3.11/site-packages/airflow/example_dags/example_dag_decorator.py
[2026-03-04T19:02:45.508+0000] {logging_mixin.py:188} INFO - [2026-03-04T19:02:45.507+0000] {override.py:1769} INFO - Created Permission View: can delete on DAG:example_dag_decorator
[2026-03-04T19:02:45.513+0000] {logging_mixin.py:188} INFO - [2026-03-04T19:02:45.513+0000] {override.py:1769} INFO - Created Permission View: can edit on DAG:example_dag_decorator
[2026-03-04T19:02:45.516+0000] {logging_mixin.py:188} INFO - [2026-03-04T19:02:45.516+0000] {override.py:1769} INFO - Created Permission View: can read on DAG:example_dag_decorator
[2026-03-04T19:02:45.517+0000] {logging_mixin.py:188} INFO - [2026-03-04T19:02:45.516+0000] {dag.py:3033} INFO - Sync 1 DAGs
[2026-03-04T19:02:45.523+0000] {logging_mixin.py:188} INFO - [2026-03-04T19:02:45.523+0000] {dag.py:3055} INFO - Creating ORM DAG for example_dag_decorator
[2026-03-04T19:02:45.523+0000] {logging_mixin.py:188} INFO - [2026-03-04T19:02:45.523+0000] {dag.py:3820} INFO - Setting next_dagrun for example_dag_decorator to None, run_after=None
[2026-03-04T19:02:45.533+0000] {processor.py:183} INFO - Processing /Users/HP/storypoints-week1/venv/lib/python3.11/site-packages/airflow/example_dags/example_dag_decorator.py took 0.268 seconds
[2026-03-04T19:05:54.697+0000] {processor.py:161} INFO - Started process (PID=57276) to work on /Users/HP/storypoints-week1/venv/lib/python3.11/site-packages/airflow/example_dags/example_dag_decorator.py
[2026-03-04T19:05:54.700+0000] {processor.py:830} INFO - Processing file /Users/HP/storypoints-week1/venv/lib/python3.11/site-packages/airflow/example_dags/example_dag_decorator.py for tasks to queue
[2026-03-04T19:05:54.702+0000] {logging_mixin.py:188} INFO - [2026-03-04T19:05:54.702+0000] {dagbag.py:538} INFO - Filling up the DagBag from /Users/HP/storypoints-week1/venv/lib/python3.11/site-packages/airflow/example_dags/example_dag_decorator.py
[2026-03-04T19:05:54.842+0000] {processor.py:840} INFO - DAG(s) 'example_dag_decorator' retrieved from /Users/HP/storypoints-week1/venv/lib/python3.11/site-packages/airflow/example_dags/example_dag_decorator.py
[2026-03-04T19:05:54.964+0000] {logging_mixin.py:188} INFO - [2026-03-04T19:05:54.963+0000] {dag.py:3033} INFO - Sync 1 DAGs
[2026-03-04T19:05:54.969+0000] {logging_mixin.py:188} INFO - [2026-03-04T19:05:54.969+0000] {dag.py:3820} INFO - Setting next_dagrun for example_dag_decorator to None, run_after=None
[2026-03-04T19:05:54.980+0000] {processor.py:183} INFO - Processing /Users/HP/storypoints-week1/venv/lib/python3.11/site-packages/airflow/example_dags/example_dag_decorator.py took 0.284 seconds
[2026-03-04T19:08:27.564+0000] {processor.py:161} INFO - Started process (PID=58745) to work on /Users/HP/storypoints-week1/venv/lib/python3.11/site-packages/airflow/example_dags/example_dag_decorator.py
[2026-03-04T19:08:27.566+0000] {processor.py:830} INFO - Processing file /Users/HP/storypoints-week1/venv/lib/python3.11/site-packages/airflow/example_dags/example_dag_decorator.py for tasks to queue
[2026-03-04T19:08:27.568+0000] {logging_mixin.py:188} INFO - [2026-03-04T19:08:27.568+0000] {dagbag.py:538} INFO - Filling up the DagBag from /Users/HP/storypoints-week1/venv/lib/python3.11/site-packages/airflow/example_dags/example_dag_decorator.py
[2026-03-04T19:08:27.705+0000] {processor.py:840} INFO - DAG(s) 'example_dag_decorator' retrieved from /Users/HP/storypoints-week1/venv/lib/python3.11/site-packages/airflow/example_dags/example_dag_decorator.py
[2026-03-04T19:08:27.827+0000] {logging_mixin.py:188} INFO - [2026-03-04T19:08:27.826+0000] {dag.py:3033} INFO - Sync 1 DAGs
[2026-03-04T19:08:27.832+0000] {logging_mixin.py:188} INFO - [2026-03-04T19:08:27.832+0000] {dag.py:3820} INFO - Setting next_dagrun for example_dag_decorator to None, run_after=None
[2026-03-04T19:08:27.844+0000] {processor.py:183} INFO - Processing /Users/HP/storypoints-week1/venv/lib/python3.11/site-packages/airflow/example_dags/example_dag_decorator.py took 0.281 seconds
[2026-03-04T19:11:13.212+0000] {processor.py:161} INFO - Started process (PID=60325) to work on /Users/HP/storypoints-week1/venv/lib/python3.11/site-packages/airflow/example_dags/example_dag_decorator.py
[2026-03-04T19:11:13.214+0000] {processor.py:830} INFO - Processing file /Users/HP/storypoints-week1/venv/lib/python3.11/site-packages/airflow/example_dags/example_dag_decorator.py for tasks to queue
[2026-03-04T19:11:13.216+0000] {logging_mixin.py:188} INFO - [2026-03-04T19:11:13.216+0000] {dagbag.py:538} INFO - Filling up the DagBag from /Users/HP/storypoints-week1/venv/lib/python3.11/site-packages/airflow/example_dags/example_dag_decorator.py
[2026-03-04T19:11:13.361+0000] {processor.py:840} INFO - DAG(s) 'example_dag_decorator' retrieved from /Users/HP/storypoints-week1/venv/lib/python3.11/site-packages/airflow/example_dags/example_dag_decorator.py
[2026-03-04T19:11:13.480+0000] {logging_mixin.py:188} INFO - [2026-03-04T19:11:13.480+0000] {dag.py:3033} INFO - Sync 1 DAGs
[2026-03-04T19:11:13.486+0000] {logging_mixin.py:188} INFO - [2026-03-04T19:11:13.486+0000] {dag.py:3820} INFO - Setting next_dagrun for example_dag_decorator to None, run_after=None
[2026-03-04T19:11:13.498+0000] {processor.py:183} INFO - Processing /Users/HP/storypoints-week1/venv/lib/python3.11/site-packages/airflow/example_dags/example_dag_decorator.py took 0.287 seconds
[2026-03-04T19:34:40.373+0000] {processor.py:161} INFO - Started process (PID=74997) to work on /Users/HP/storypoints-week1/venv/lib/python3.11/site-packages/airflow/example_dags/example_dag_decorator.py
[2026-03-04T19:34:40.377+0000] {processor.py:830} INFO - Processing file /Users/HP/storypoints-week1/venv/lib/python3.11/site-packages/airflow/example_dags/example_dag_decorator.py for tasks to queue
[2026-03-04T19:34:40.388+0000] {logging_mixin.py:188} INFO - [2026-03-04T19:34:40.388+0000] {dagbag.py:538} INFO - Filling up the DagBag from /Users/HP/storypoints-week1/venv/lib/python3.11/site-packages/airflow/example_dags/example_dag_decorator.py
[2026-03-04T19:34:40.576+0000] {processor.py:840} INFO - DAG(s) 'example_dag_decorator' retrieved from /Users/HP/storypoints-week1/venv/lib/python3.11/site-packages/airflow/example_dags/example_dag_decorator.py
[2026-03-04T19:34:40.737+0000] {logging_mixin.py:188} INFO - [2026-03-04T19:34:40.737+0000] {dag.py:3033} INFO - Sync 1 DAGs
[2026-03-04T19:34:40.745+0000] {logging_mixin.py:188} INFO - [2026-03-04T19:34:40.744+0000] {dag.py:3820} INFO - Setting next_dagrun for example_dag_decorator to None, run_after=None
[2026-03-04T19:34:40.759+0000] {processor.py:183} INFO - Processing /Users/HP/storypoints-week1/venv/lib/python3.11/site-packages/airflow/example_dags/example_dag_decorator.py took 0.387 seconds
[2026-03-04T19:37:07.365+0000] {processor.py:161} INFO - Started process (PID=76667) to work on /Users/HP/storypoints-week1/venv/lib/python3.11/site-packages/airflow/example_dags/example_dag_decorator.py
[2026-03-04T19:37:07.367+0000] {processor.py:830} INFO - Processing file /Users/HP/storypoints-week1/venv/lib/python3.11/site-packages/airflow/example_dags/example_dag_decorator.py for tasks to queue
[2026-03-04T19:37:07.369+0000] {logging_mixin.py:188} INFO - [2026-03-04T19:37:07.369+0000] {dagbag.py:538} INFO - Filling up the DagBag from /Users/HP/storypoints-week1/venv/lib/python3.11/site-packages/airflow/example_dags/example_dag_decorator.py
[2026-03-04T19:37:07.503+0000] {processor.py:840} INFO - DAG(s) 'example_dag_decorator' retrieved from /Users/HP/storypoints-week1/venv/lib/python3.11/site-packages/airflow/example_dags/example_dag_decorator.py
[2026-03-04T19:37:07.613+0000] {logging_mixin.py:188} INFO - [2026-03-04T19:37:07.613+0000] {dag.py:3033} INFO - Sync 1 DAGs
[2026-03-04T19:37:07.618+0000] {logging_mixin.py:188} INFO - [2026-03-04T19:37:07.618+0000] {dag.py:3820} INFO - Setting next_dagrun for example_dag_decorator to None, run_after=None
[2026-03-04T19:37:07.628+0000] {processor.py:183} INFO - Processing /Users/HP/storypoints-week1/venv/lib/python3.11/site-packages/airflow/example_dags/example_dag_decorator.py took 0.264 seconds
[2026-03-04T19:39:41.777+0000] {processor.py:161} INFO - Started process (PID=78146) to work on /Users/HP/storypoints-week1/venv/lib/python3.11/site-packages/airflow/example_dags/example_dag_decorator.py
[2026-03-04T19:39:41.780+0000] {processor.py:830} INFO - Processing file /Users/HP/storypoints-week1/venv/lib/python3.11/site-packages/airflow/example_dags/example_dag_decorator.py for tasks to queue
[2026-03-04T19:39:41.781+0000] {logging_mixin.py:188} INFO - [2026-03-04T19:39:41.781+0000] {dagbag.py:538} INFO - Filling up the DagBag from /Users/HP/storypoints-week1/venv/lib/python3.11/site-packages/airflow/example_dags/example_dag_decorator.py
[2026-03-04T19:39:41.921+0000] {processor.py:840} INFO - DAG(s) 'example_dag_decorator' retrieved from /Users/HP/storypoints-week1/venv/lib/python3.11/site-packages/airflow/example_dags/example_dag_decorator.py
[2026-03-04T19:39:42.035+0000] {logging_mixin.py:188} INFO - [2026-03-04T19:39:42.035+0000] {dag.py:3033} INFO - Sync 1 DAGs
[2026-03-04T19:39:42.040+0000] {logging_mixin.py:188} INFO - [2026-03-04T19:39:42.040+0000] {dag.py:3820} INFO - Setting next_dagrun for example_dag_decorator to None, run_after=None
[2026-03-04T19:39:42.052+0000] {processor.py:183} INFO - Processing /Users/HP/storypoints-week1/venv/lib/python3.11/site-packages/airflow/example_dags/example_dag_decorator.py took 0.276 seconds
[2026-03-04T19:42:09.370+0000] {processor.py:161} INFO - Started process (PID=79531) to work on /Users/HP/storypoints-week1/venv/lib/python3.11/site-packages/airflow/example_dags/example_dag_decorator.py
[2026-03-04T19:42:09.373+0000] {processor.py:830} INFO - Processing file /Users/HP/storypoints-week1/venv/lib/python3.11/site-packages/airflow/example_dags/example_dag_decorator.py for tasks to queue
[2026-03-04T19:42:09.374+0000] {logging_mixin.py:188} INFO - [2026-03-04T19:42:09.374+0000] {dagbag.py:538} INFO - Filling up the DagBag from /Users/HP/storypoints-week1/venv/lib/python3.11/site-packages/airflow/example_dags/example_dag_decorator.py
[2026-03-04T19:42:09.519+0000] {processor.py:840} INFO - DAG(s) 'example_dag_decorator' retrieved from /Users/HP/storypoints-week1/venv/lib/python3.11/site-packages/airflow/example_dags/example_dag_decorator.py
[2026-03-04T19:42:09.636+0000] {logging_mixin.py:188} INFO - [2026-03-04T19:42:09.635+0000] {dag.py:3033} INFO - Sync 1 DAGs
[2026-03-04T19:42:09.641+0000] {logging_mixin.py:188} INFO - [2026-03-04T19:42:09.641+0000] {dag.py:3820} INFO - Setting next_dagrun for example_dag_decorator to None, run_after=None
[2026-03-04T19:42:09.653+0000] {processor.py:183} INFO - Processing /Users/HP/storypoints-week1/venv/lib/python3.11/site-packages/airflow/example_dags/example_dag_decorator.py took 0.283 seconds
[2026-03-04T19:44:36.957+0000] {processor.py:161} INFO - Started process (PID=80920) to work on /Users/HP/storypoints-week1/venv/lib/python3.11/site-packages/airflow/example_dags/example_dag_decorator.py
[2026-03-04T19:44:36.960+0000] {processor.py:830} INFO - Processing file /Users/HP/storypoints-week1/venv/lib/python3.11/site-packages/airflow/example_dags/example_dag_decorator.py for tasks to queue
[2026-03-04T19:44:36.961+0000] {logging_mixin.py:188} INFO - [2026-03-04T19:44:36.961+0000] {dagbag.py:538} INFO - Filling up the DagBag from /Users/HP/storypoints-week1/venv/lib/python3.11/site-packages/airflow/example_dags/example_dag_decorator.py
[2026-03-04T19:44:37.092+0000] {processor.py:840} INFO - DAG(s) 'example_dag_decorator' retrieved from /Users/HP/storypoints-week1/venv/lib/python3.11/site-packages/airflow/example_dags/example_dag_decorator.py
[2026-03-04T19:44:37.212+0000] {logging_mixin.py:188} INFO - [2026-03-04T19:44:37.212+0000] {dag.py:3033} INFO - Sync 1 DAGs
[2026-03-04T19:44:37.217+0000] {logging_mixin.py:188} INFO - [2026-03-04T19:44:37.217+0000] {dag.py:3820} INFO - Setting next_dagrun for example_dag_decorator to None, run_after=None
[2026-03-04T19:44:37.228+0000] {processor.py:183} INFO - Processing /Users/HP/storypoints-week1/venv/lib/python3.11/site-packages/airflow/example_dags/example_dag_decorator.py took 0.272 seconds
[2026-03-04T19:47:04.534+0000] {processor.py:161} INFO - Started process (PID=82323) to work on /Users/HP/storypoints-week1/venv/lib/python3.11/site-packages/airflow/example_dags/example_dag_decorator.py
[2026-03-04T19:47:04.537+0000] {processor.py:830} INFO - Processing file /Users/HP/storypoints-week1/venv/lib/python3.11/site-packages/airflow/example_dags/example_dag_decorator.py for tasks to queue
[2026-03-04T19:47:04.538+0000] {logging_mixin.py:188} INFO - [2026-03-04T19:47:04.538+0000] {dagbag.py:538} INFO - Filling up the DagBag from /Users/HP/storypoints-week1/venv/lib/python3.11/site-packages/airflow/example_dags/example_dag_decorator.py
[2026-03-04T19:47:04.683+0000] {processor.py:840} INFO - DAG(s) 'example_dag_decorator' retrieved from /Users/HP/storypoints-week1/venv/lib/python3.11/site-packages/airflow/example_dags/example_dag_decorator.py
[2026-03-04T19:47:04.805+0000] {logging_mixin.py:188} INFO - [2026-03-04T19:47:04.805+0000] {dag.py:3033} INFO - Sync 1 DAGs
[2026-03-04T19:47:04.811+0000] {logging_mixin.py:188} INFO - [2026-03-04T19:47:04.811+0000] {dag.py:3820} INFO - Setting next_dagrun for example_dag_decorator to None, run_after=None
[2026-03-04T19:47:04.822+0000] {processor.py:183} INFO - Processing /Users/HP/storypoints-week1/venv/lib/python3.11/site-packages/airflow/example_dags/example_dag_decorator.py took 0.289 seconds
[2026-03-04T20:13:12.059+0000] {processor.py:161} INFO - Started process (PID=83897) to work on /Users/HP/storypoints-week1/venv/lib/python3.11/site-packages/airflow/example_dags/example_dag_decorator.py
[2026-03-04T20:13:12.062+0000] {processor.py:830} INFO - Processing file /Users/HP/storypoints-week1/venv/lib/python3.11/site-packages/airflow/example_dags/example_dag_decorator.py for tasks to queue
[2026-03-04T20:13:12.064+0000] {logging_mixin.py:188} INFO - [2026-03-04T20:13:12.064+0000] {dagbag.py:538} INFO - Filling up the DagBag from /Users/HP/storypoints-week1/venv/lib/python3.11/site-packages/airflow/example_dags/example_dag_decorator.py
[2026-03-04T20:13:12.217+0000] {processor.py:840} INFO - DAG(s) 'example_dag_decorator' retrieved from /Users/HP/storypoints-week1/venv/lib/python3.11/site-packages/airflow/example_dags/example_dag_decorator.py
[2026-03-04T20:13:12.346+0000] {logging_mixin.py:188} INFO - [2026-03-04T20:13:12.346+0000] {dag.py:3033} INFO - Sync 1 DAGs
[2026-03-04T20:13:12.352+0000] {logging_mixin.py:188} INFO - [2026-03-04T20:13:12.352+0000] {dag.py:3820} INFO - Setting next_dagrun for example_dag_decorator to None, run_after=None
[2026-03-04T20:13:12.364+0000] {processor.py:183} INFO - Processing /Users/HP/storypoints-week1/venv/lib/python3.11/site-packages/airflow/example_dags/example_dag_decorator.py took 0.306 seconds
[2026-03-04T20:15:51.284+0000] {processor.py:161} INFO - Started process (PID=85380) to work on /Users/HP/storypoints-week1/venv/lib/python3.11/site-packages/airflow/example_dags/example_dag_decorator.py
[2026-03-04T20:15:51.287+0000] {processor.py:830} INFO - Processing file /Users/HP/storypoints-week1/venv/lib/python3.11/site-packages/airflow/example_dags/example_dag_decorator.py for tasks to queue
[2026-03-04T20:15:51.289+0000] {logging_mixin.py:188} INFO - [2026-03-04T20:15:51.289+0000] {dagbag.py:538} INFO - Filling up the DagBag from /Users/HP/storypoints-week1/venv/lib/python3.11/site-packages/airflow/example_dags/example_dag_decorator.py
[2026-03-04T20:15:51.427+0000] {processor.py:840} INFO - DAG(s) 'example_dag_decorator' retrieved from /Users/HP/storypoints-week1/venv/lib/python3.11/site-packages/airflow/example_dags/example_dag_decorator.py
[2026-03-04T20:15:51.539+0000] {logging_mixin.py:188} INFO - [2026-03-04T20:15:51.539+0000] {dag.py:3033} INFO - Sync 1 DAGs
[2026-03-04T20:15:51.545+0000] {logging_mixin.py:188} INFO - [2026-03-04T20:15:51.544+0000] {dag.py:3820} INFO - Setting next_dagrun for example_dag_decorator to None, run_after=None
[2026-03-04T20:15:51.556+0000] {processor.py:183} INFO - Processing /Users/HP/storypoints-week1/venv/lib/python3.11/site-packages/airflow/example_dags/example_dag_decorator.py took 0.272 seconds
[2026-03-04T20:24:28.095+0000] {processor.py:161} INFO - Started process (PID=86393) to work on /Users/HP/storypoints-week1/venv/lib/python3.11/site-packages/airflow/example_dags/example_dag_decorator.py
[2026-03-04T20:24:28.098+0000] {processor.py:830} INFO - Processing file /Users/HP/storypoints-week1/venv/lib/python3.11/site-packages/airflow/example_dags/example_dag_decorator.py for tasks to queue
[2026-03-04T20:24:28.099+0000] {logging_mixin.py:188} INFO - [2026-03-04T20:24:28.099+0000] {dagbag.py:538} INFO - Filling up the DagBag from /Users/HP/storypoints-week1/venv/lib/python3.11/site-packages/airflow/example_dags/example_dag_decorator.py
[2026-03-04T20:24:28.241+0000] {processor.py:840} INFO - DAG(s) 'example_dag_decorator' retrieved from /Users/HP/storypoints-week1/venv/lib/python3.11/site-packages/airflow/example_dags/example_dag_decorator.py
[2026-03-04T20:24:28.357+0000] {logging_mixin.py:188} INFO - [2026-03-04T20:24:28.357+0000] {dag.py:3033} INFO - Sync 1 DAGs
[2026-03-04T20:24:28.363+0000] {logging_mixin.py:188} INFO - [2026-03-04T20:24:28.362+0000] {dag.py:3820} INFO - Setting next_dagrun for example_dag_decorator to None, run_after=None
[2026-03-04T20:24:28.374+0000] {processor.py:183} INFO - Processing /Users/HP/storypoints-week1/venv/lib/python3.11/site-packages/airflow/example_dags/example_dag_decorator.py took 0.280 seconds
[2026-03-04T20:48:19.115+0000] {processor.py:161} INFO - Started process (PID=87924) to work on /Users/HP/storypoints-week1/venv/lib/python3.11/site-packages/airflow/example_dags/example_dag_decorator.py
[2026-03-04T20:48:19.117+0000] {processor.py:830} INFO - Processing file /Users/HP/storypoints-week1/venv/lib/python3.11/site-packages/airflow/example_dags/example_dag_decorator.py for tasks to queue
[2026-03-04T20:48:19.119+0000] {logging_mixin.py:188} INFO - [2026-03-04T20:48:19.119+0000] {dagbag.py:538} INFO - Filling up the DagBag from /Users/HP/storypoints-week1/venv/lib/python3.11/site-packages/airflow/example_dags/example_dag_decorator.py
[2026-03-04T20:48:19.231+0000] {processor.py:840} INFO - DAG(s) 'example_dag_decorator' retrieved from /Users/HP/storypoints-week1/venv/lib/python3.11/site-packages/airflow/example_dags/example_dag_decorator.py
[2026-03-04T20:48:19.335+0000] {logging_mixin.py:188} INFO - [2026-03-04T20:48:19.335+0000] {dag.py:3033} INFO - Sync 1 DAGs
[2026-03-04T20:48:19.341+0000] {logging_mixin.py:188} INFO - [2026-03-04T20:48:19.341+0000] {dag.py:3820} INFO - Setting next_dagrun for example_dag_decorator to None, run_after=None
[2026-03-04T20:48:19.352+0000] {processor.py:183} INFO - Processing /Users/HP/storypoints-week1/venv/lib/python3.11/site-packages/airflow/example_dags/example_dag_decorator.py took 0.238 seconds
[2026-03-04T22:18:31.443+0000] {processor.py:161} INFO - Started process (PID=89534) to work on /Users/HP/storypoints-week1/venv/lib/python3.11/site-packages/airflow/example_dags/example_dag_decorator.py
[2026-03-04T22:18:31.446+0000] {processor.py:830} INFO - Processing file /Users/HP/storypoints-week1/venv/lib/python3.11/site-packages/airflow/example_dags/example_dag_decorator.py for tasks to queue
[2026-03-04T22:18:31.447+0000] {logging_mixin.py:188} INFO - [2026-03-04T22:18:31.447+0000] {dagbag.py:538} INFO - Filling up the DagBag from /Users/HP/storypoints-week1/venv/lib/python3.11/site-packages/airflow/example_dags/example_dag_decorator.py
[2026-03-04T22:18:31.571+0000] {processor.py:840} INFO - DAG(s) 'example_dag_decorator' retrieved from /Users/HP/storypoints-week1/venv/lib/python3.11/site-packages/airflow/example_dags/example_dag_decorator.py
[2026-03-04T22:18:31.679+0000] {logging_mixin.py:188} INFO - [2026-03-04T22:18:31.678+0000] {dag.py:3033} INFO - Sync 1 DAGs
[2026-03-04T22:18:31.684+0000] {logging_mixin.py:188} INFO - [2026-03-04T22:18:31.684+0000] {dag.py:3820} INFO - Setting next_dagrun for example_dag_decorator to None, run_after=None
[2026-03-04T22:18:31.696+0000] {processor.py:183} INFO - Processing /Users/HP/storypoints-week1/venv/lib/python3.11/site-packages/airflow/example_dags/example_dag_decorator.py took 0.254 seconds
[2026-03-04T23:06:31.957+0000] {processor.py:161} INFO - Started process (PID=90998) to work on /Users/HP/storypoints-week1/venv/lib/python3.11/site-packages/airflow/example_dags/example_dag_decorator.py
[2026-03-04T23:06:31.962+0000] {processor.py:830} INFO - Processing file /Users/HP/storypoints-week1/venv/lib/python3.11/site-packages/airflow/example_dags/example_dag_decorator.py for tasks to queue
[2026-03-04T23:06:31.963+0000] {logging_mixin.py:188} INFO - [2026-03-04T23:06:31.963+0000] {dagbag.py:538} INFO - Filling up the DagBag from /Users/HP/storypoints-week1/venv/lib/python3.11/site-packages/airflow/example_dags/example_dag_decorator.py
[2026-03-04T23:06:32.103+0000] {processor.py:840} INFO - DAG(s) 'example_dag_decorator' retrieved from /Users/HP/storypoints-week1/venv/lib/python3.11/site-packages/airflow/example_dags/example_dag_decorator.py
[2026-03-04T23:06:32.223+0000] {logging_mixin.py:188} INFO - [2026-03-04T23:06:32.223+0000] {dag.py:3033} INFO - Sync 1 DAGs
[2026-03-04T23:06:32.228+0000] {logging_mixin.py:188} INFO - [2026-03-04T23:06:32.227+0000] {dag.py:3820} INFO - Setting next_dagrun for example_dag_decorator to None, run_after=None
[2026-03-04T23:06:32.238+0000] {processor.py:183} INFO - Processing /Users/HP/storypoints-week1/venv/lib/python3.11/site-packages/airflow/example_dags/example_dag_decorator.py took 0.282 seconds
[2026-03-04T23:20:15.859+0000] {processor.py:161} INFO - Started process (PID=92413) to work on /Users/HP/storypoints-week1/venv/lib/python3.11/site-packages/airflow/example_dags/example_dag_decorator.py
[2026-03-04T23:20:15.861+0000] {processor.py:830} INFO - Processing file /Users/HP/storypoints-week1/venv/lib/python3.11/site-packages/airflow/example_dags/example_dag_decorator.py for tasks to queue
[2026-03-04T23:20:15.863+0000] {logging_mixin.py:188} INFO - [2026-03-04T23:20:15.863+0000] {dagbag.py:538} INFO - Filling up the DagBag from /Users/HP/storypoints-week1/venv/lib/python3.11/site-packages/airflow/example_dags/example_dag_decorator.py
[2026-03-04T23:20:15.978+0000] {processor.py:840} INFO - DAG(s) 'example_dag_decorator' retrieved from /Users/HP/storypoints-week1/venv/lib/python3.11/site-packages/airflow/example_dags/example_dag_decorator.py
[2026-03-04T23:20:16.083+0000] {logging_mixin.py:188} INFO - [2026-03-04T23:20:16.082+0000] {dag.py:3033} INFO - Sync 1 DAGs
[2026-03-04T23:20:16.087+0000] {logging_mixin.py:188} INFO - [2026-03-04T23:20:16.087+0000] {dag.py:3820} INFO - Setting next_dagrun for example_dag_decorator to None, run_after=None
[2026-03-04T23:20:16.097+0000] {processor.py:183} INFO - Processing /Users/HP/storypoints-week1/venv/lib/python3.11/site-packages/airflow/example_dags/example_dag_decorator.py took 0.239 seconds
