[2026-03-04T19:01:59.278+0000] {processor.py:161} INFO - Started process (PID=54648) to work on /Users/HP/storypoints-week1/venv/lib/python3.11/site-packages/airflow/example_dags/example_short_circuit_decorator.py
[2026-03-04T19:01:59.281+0000] {processor.py:830} INFO - Processing file /Users/HP/storypoints-week1/venv/lib/python3.11/site-packages/airflow/example_dags/example_short_circuit_decorator.py for tasks to queue
[2026-03-04T19:01:59.282+0000] {logging_mixin.py:188} INFO - [2026-03-04T19:01:59.282+0000] {dagbag.py:538} INFO - Filling up the DagBag from /Users/HP/storypoints-week1/venv/lib/python3.11/site-packages/airflow/example_dags/example_short_circuit_decorator.py
[2026-03-04T19:01:59.307+0000] {processor.py:840} INFO - DAG(s) 'example_short_circuit_decorator' retrieved from /Users/HP/storypoints-week1/venv/lib/python3.11/site-packages/airflow/example_dags/example_short_circuit_decorator.py
[2026-03-04T19:01:59.421+0000] {logging_mixin.py:188} INFO - [2026-03-04T19:01:59.421+0000] {override.py:1769} INFO - Created Permission View: can edit on DAG:example_short_circuit_decorator
[2026-03-04T19:01:59.426+0000] {logging_mixin.py:188} INFO - [2026-03-04T19:01:59.426+0000] {override.py:1769} INFO - Created Permission View: can delete on DAG:example_short_circuit_decorator
[2026-03-04T19:01:59.430+0000] {logging_mixin.py:188} INFO - [2026-03-04T19:01:59.430+0000] {override.py:1769} INFO - Created Permission View: can read on DAG:example_short_circuit_decorator
[2026-03-04T19:01:59.430+0000] {logging_mixin.py:188} INFO - [2026-03-04T19:01:59.430+0000] {dag.py:3033} INFO - Sync 1 DAGs
[2026-03-04T19:01:59.436+0000] {logging_mixin.py:188} INFO - [2026-03-04T19:01:59.436+0000] {dag.py:3055} INFO - Creating ORM DAG for example_short_circuit_decorator
[2026-03-04T19:01:59.441+0000] {logging_mixin.py:188} INFO - [2026-03-04T19:01:59.441+0000] {dag.py:3820} INFO - Setting next_dagrun for example_short_circuit_decorator to 2026-03-03T00:00:00+00:00, run_after=2026-03-04T00:00:00+00:00
[2026-03-04T19:01:59.451+0000] {processor.py:183} INFO - Processing /Users/HP/storypoints-week1/venv/lib/python3.11/site-packages/airflow/example_dags/example_short_circuit_decorator.py took 0.174 seconds
[2026-03-04T19:03:58.888+0000] {processor.py:161} INFO - Started process (PID=55782) to work on /Users/HP/storypoints-week1/venv/lib/python3.11/site-packages/airflow/example_dags/example_short_circuit_decorator.py
[2026-03-04T19:03:58.892+0000] {processor.py:830} INFO - Processing file /Users/HP/storypoints-week1/venv/lib/python3.11/site-packages/airflow/example_dags/example_short_circuit_decorator.py for tasks to queue
[2026-03-04T19:03:58.894+0000] {logging_mixin.py:188} INFO - [2026-03-04T19:03:58.894+0000] {dagbag.py:538} INFO - Filling up the DagBag from /Users/HP/storypoints-week1/venv/lib/python3.11/site-packages/airflow/example_dags/example_short_circuit_decorator.py
[2026-03-04T19:03:58.921+0000] {processor.py:840} INFO - DAG(s) 'example_short_circuit_decorator' retrieved from /Users/HP/storypoints-week1/venv/lib/python3.11/site-packages/airflow/example_dags/example_short_circuit_decorator.py
[2026-03-04T19:03:58.983+0000] {logging_mixin.py:188} INFO - [2026-03-04T19:03:58.983+0000] {dag.py:3033} INFO - Sync 1 DAGs
[2026-03-04T19:03:58.995+0000] {logging_mixin.py:188} INFO - [2026-03-04T19:03:58.995+0000] {dag.py:3820} INFO - Setting next_dagrun for example_short_circuit_decorator to 2026-03-03T00:00:00+00:00, run_after=2026-03-04T00:00:00+00:00
[2026-03-04T19:03:59.006+0000] {processor.py:183} INFO - Processing /Users/HP/storypoints-week1/venv/lib/python3.11/site-packages/airflow/example_dags/example_short_circuit_decorator.py took 0.119 seconds
[2026-03-04T19:05:36.110+0000] {processor.py:161} INFO - Started process (PID=57100) to work on /Users/HP/storypoints-week1/venv/lib/python3.11/site-packages/airflow/example_dags/example_short_circuit_decorator.py
[2026-03-04T19:05:36.119+0000] {processor.py:830} INFO - Processing file /Users/HP/storypoints-week1/venv/lib/python3.11/site-packages/airflow/example_dags/example_short_circuit_decorator.py for tasks to queue
[2026-03-04T19:05:36.121+0000] {logging_mixin.py:188} INFO - [2026-03-04T19:05:36.121+0000] {dagbag.py:538} INFO - Filling up the DagBag from /Users/HP/storypoints-week1/venv/lib/python3.11/site-packages/airflow/example_dags/example_short_circuit_decorator.py
[2026-03-04T19:05:36.160+0000] {processor.py:840} INFO - DAG(s) 'example_short_circuit_decorator' retrieved from /Users/HP/storypoints-week1/venv/lib/python3.11/site-packages/airflow/example_dags/example_short_circuit_decorator.py
[2026-03-04T19:05:36.252+0000] {logging_mixin.py:188} INFO - [2026-03-04T19:05:36.251+0000] {dag.py:3033} INFO - Sync 1 DAGs
[2026-03-04T19:05:36.268+0000] {logging_mixin.py:188} INFO - [2026-03-04T19:05:36.268+0000] {dag.py:3820} INFO - Setting next_dagrun for example_short_circuit_decorator to 2026-03-03T00:00:00+00:00, run_after=2026-03-04T00:00:00+00:00
[2026-03-04T19:05:36.285+0000] {processor.py:183} INFO - Processing /Users/HP/storypoints-week1/venv/lib/python3.11/site-packages/airflow/example_dags/example_short_circuit_decorator.py took 0.176 seconds
[2026-03-04T19:07:00.678+0000] {processor.py:161} INFO - Started process (PID=57914) to work on /Users/HP/storypoints-week1/venv/lib/python3.11/site-packages/airflow/example_dags/example_short_circuit_decorator.py
[2026-03-04T19:07:00.681+0000] {processor.py:830} INFO - Processing file /Users/HP/storypoints-week1/venv/lib/python3.11/site-packages/airflow/example_dags/example_short_circuit_decorator.py for tasks to queue
[2026-03-04T19:07:00.682+0000] {logging_mixin.py:188} INFO - [2026-03-04T19:07:00.682+0000] {dagbag.py:538} INFO - Filling up the DagBag from /Users/HP/storypoints-week1/venv/lib/python3.11/site-packages/airflow/example_dags/example_short_circuit_decorator.py
[2026-03-04T19:07:00.708+0000] {processor.py:840} INFO - DAG(s) 'example_short_circuit_decorator' retrieved from /Users/HP/storypoints-week1/venv/lib/python3.11/site-packages/airflow/example_dags/example_short_circuit_decorator.py
[2026-03-04T19:07:00.771+0000] {logging_mixin.py:188} INFO - [2026-03-04T19:07:00.770+0000] {dag.py:3033} INFO - Sync 1 DAGs
[2026-03-04T19:07:00.782+0000] {logging_mixin.py:188} INFO - [2026-03-04T19:07:00.782+0000] {dag.py:3820} INFO - Setting next_dagrun for example_short_circuit_decorator to 2026-03-03T00:00:00+00:00, run_after=2026-03-04T00:00:00+00:00
[2026-03-04T19:07:00.793+0000] {processor.py:183} INFO - Processing /Users/HP/storypoints-week1/venv/lib/python3.11/site-packages/airflow/example_dags/example_short_circuit_decorator.py took 0.116 seconds
[2026-03-04T19:09:37.694+0000] {processor.py:161} INFO - Started process (PID=59412) to work on /Users/HP/storypoints-week1/venv/lib/python3.11/site-packages/airflow/example_dags/example_short_circuit_decorator.py
[2026-03-04T19:09:37.697+0000] {processor.py:830} INFO - Processing file /Users/HP/storypoints-week1/venv/lib/python3.11/site-packages/airflow/example_dags/example_short_circuit_decorator.py for tasks to queue
[2026-03-04T19:09:37.698+0000] {logging_mixin.py:188} INFO - [2026-03-04T19:09:37.698+0000] {dagbag.py:538} INFO - Filling up the DagBag from /Users/HP/storypoints-week1/venv/lib/python3.11/site-packages/airflow/example_dags/example_short_circuit_decorator.py
[2026-03-04T19:09:37.725+0000] {processor.py:840} INFO - DAG(s) 'example_short_circuit_decorator' retrieved from /Users/HP/storypoints-week1/venv/lib/python3.11/site-packages/airflow/example_dags/example_short_circuit_decorator.py
[2026-03-04T19:09:37.789+0000] {logging_mixin.py:188} INFO - [2026-03-04T19:09:37.788+0000] {dag.py:3033} INFO - Sync 1 DAGs
[2026-03-04T19:09:37.800+0000] {logging_mixin.py:188} INFO - [2026-03-04T19:09:37.800+0000] {dag.py:3820} INFO - Setting next_dagrun for example_short_circuit_decorator to 2026-03-03T00:00:00+00:00, run_after=2026-03-04T00:00:00+00:00
[2026-03-04T19:09:37.811+0000] {processor.py:183} INFO - Processing /Users/HP/storypoints-week1/venv/lib/python3.11/site-packages/airflow/example_dags/example_short_circuit_decorator.py took 0.118 seconds
[2026-03-04T19:10:59.222+0000] {processor.py:161} INFO - Started process (PID=60189) to work on /Users/HP/storypoints-week1/venv/lib/python3.11/site-packages/airflow/example_dags/example_short_circuit_decorator.py
[2026-03-04T19:10:59.225+0000] {processor.py:830} INFO - Processing file /Users/HP/storypoints-week1/venv/lib/python3.11/site-packages/airflow/example_dags/example_short_circuit_decorator.py for tasks to queue
[2026-03-04T19:10:59.226+0000] {logging_mixin.py:188} INFO - [2026-03-04T19:10:59.226+0000] {dagbag.py:538} INFO - Filling up the DagBag from /Users/HP/storypoints-week1/venv/lib/python3.11/site-packages/airflow/example_dags/example_short_circuit_decorator.py
[2026-03-04T19:10:59.254+0000] {processor.py:840} INFO - DAG(s) 'example_short_circuit_decorator' retrieved from /Users/HP/storypoints-week1/venv/lib/python3.11/site-packages/airflow/example_dags/example_short_circuit_decorator.py
[2026-03-04T19:10:59.313+0000] {logging_mixin.py:188} INFO - [2026-03-04T19:10:59.312+0000] {dag.py:3033} INFO - Sync 1 DAGs
[2026-03-04T19:10:59.324+0000] {logging_mixin.py:188} INFO - [2026-03-04T19:10:59.324+0000] {dag.py:3820} INFO - Setting next_dagrun for example_short_circuit_decorator to 2026-03-03T00:00:00+00:00, run_after=2026-03-04T00:00:00+00:00
[2026-03-04T19:10:59.335+0000] {processor.py:183} INFO - Processing /Users/HP/storypoints-week1/venv/lib/python3.11/site-packages/airflow/example_dags/example_short_circuit_decorator.py took 0.115 seconds
[2026-03-04T19:12:18.301+0000] {processor.py:161} INFO - Started process (PID=60954) to work on /Users/HP/storypoints-week1/venv/lib/python3.11/site-packages/airflow/example_dags/example_short_circuit_decorator.py
[2026-03-04T19:12:18.304+0000] {processor.py:830} INFO - Processing file /Users/HP/storypoints-week1/venv/lib/python3.11/site-packages/airflow/example_dags/example_short_circuit_decorator.py for tasks to queue
[2026-03-04T19:12:18.306+0000] {logging_mixin.py:188} INFO - [2026-03-04T19:12:18.306+0000] {dagbag.py:538} INFO - Filling up the DagBag from /Users/HP/storypoints-week1/venv/lib/python3.11/site-packages/airflow/example_dags/example_short_circuit_decorator.py
[2026-03-04T19:12:18.334+0000] {processor.py:840} INFO - DAG(s) 'example_short_circuit_decorator' retrieved from /Users/HP/storypoints-week1/venv/lib/python3.11/site-packages/airflow/example_dags/example_short_circuit_decorator.py
[2026-03-04T19:12:18.396+0000] {logging_mixin.py:188} INFO - [2026-03-04T19:12:18.396+0000] {dag.py:3033} INFO - Sync 1 DAGs
[2026-03-04T19:12:18.408+0000] {logging_mixin.py:188} INFO - [2026-03-04T19:12:18.408+0000] {dag.py:3820} INFO - Setting next_dagrun for example_short_circuit_decorator to 2026-03-03T00:00:00+00:00, run_after=2026-03-04T00:00:00+00:00
[2026-03-04T19:12:18.419+0000] {processor.py:183} INFO - Processing /Users/HP/storypoints-week1/venv/lib/python3.11/site-packages/airflow/example_dags/example_short_circuit_decorator.py took 0.118 seconds
[2026-03-04T19:33:50.340+0000] {processor.py:161} INFO - Started process (PID=74584) to work on /Users/HP/storypoints-week1/venv/lib/python3.11/site-packages/airflow/example_dags/example_short_circuit_decorator.py
[2026-03-04T19:33:50.343+0000] {processor.py:830} INFO - Processing file /Users/HP/storypoints-week1/venv/lib/python3.11/site-packages/airflow/example_dags/example_short_circuit_decorator.py for tasks to queue
[2026-03-04T19:33:50.345+0000] {logging_mixin.py:188} INFO - [2026-03-04T19:33:50.345+0000] {dagbag.py:538} INFO - Filling up the DagBag from /Users/HP/storypoints-week1/venv/lib/python3.11/site-packages/airflow/example_dags/example_short_circuit_decorator.py
[2026-03-04T19:33:50.377+0000] {processor.py:840} INFO - DAG(s) 'example_short_circuit_decorator' retrieved from /Users/HP/storypoints-week1/venv/lib/python3.11/site-packages/airflow/example_dags/example_short_circuit_decorator.py
[2026-03-04T19:33:50.451+0000] {logging_mixin.py:188} INFO - [2026-03-04T19:33:50.451+0000] {dag.py:3033} INFO - Sync 1 DAGs
[2026-03-04T19:33:50.464+0000] {logging_mixin.py:188} INFO - [2026-03-04T19:33:50.464+0000] {dag.py:3820} INFO - Setting next_dagrun for example_short_circuit_decorator to 2026-03-03T00:00:00+00:00, run_after=2026-03-04T00:00:00+00:00
[2026-03-04T19:33:50.477+0000] {processor.py:183} INFO - Processing /Users/HP/storypoints-week1/venv/lib/python3.11/site-packages/airflow/example_dags/example_short_circuit_decorator.py took 0.137 seconds
[2026-03-04T19:36:25.330+0000] {processor.py:161} INFO - Started process (PID=76274) to work on /Users/HP/storypoints-week1/venv/lib/python3.11/site-packages/airflow/example_dags/example_short_circuit_decorator.py
[2026-03-04T19:36:25.333+0000] {processor.py:830} INFO - Processing file /Users/HP/storypoints-week1/venv/lib/python3.11/site-packages/airflow/example_dags/example_short_circuit_decorator.py for tasks to queue
[2026-03-04T19:36:25.334+0000] {logging_mixin.py:188} INFO - [2026-03-04T19:36:25.334+0000] {dagbag.py:538} INFO - Filling up the DagBag from /Users/HP/storypoints-week1/venv/lib/python3.11/site-packages/airflow/example_dags/example_short_circuit_decorator.py
[2026-03-04T19:36:25.361+0000] {processor.py:840} INFO - DAG(s) 'example_short_circuit_decorator' retrieved from /Users/HP/storypoints-week1/venv/lib/python3.11/site-packages/airflow/example_dags/example_short_circuit_decorator.py
[2026-03-04T19:36:25.423+0000] {logging_mixin.py:188} INFO - [2026-03-04T19:36:25.423+0000] {dag.py:3033} INFO - Sync 1 DAGs
[2026-03-04T19:36:25.434+0000] {logging_mixin.py:188} INFO - [2026-03-04T19:36:25.434+0000] {dag.py:3820} INFO - Setting next_dagrun for example_short_circuit_decorator to 2026-03-03T00:00:00+00:00, run_after=2026-03-04T00:00:00+00:00
[2026-03-04T19:36:25.445+0000] {processor.py:183} INFO - Processing /Users/HP/storypoints-week1/venv/lib/python3.11/site-packages/airflow/example_dags/example_short_circuit_decorator.py took 0.116 seconds
[2026-03-04T19:38:13.210+0000] {processor.py:161} INFO - Started process (PID=77291) to work on /Users/HP/storypoints-week1/venv/lib/python3.11/site-packages/airflow/example_dags/example_short_circuit_decorator.py
[2026-03-04T19:38:13.213+0000] {processor.py:830} INFO - Processing file /Users/HP/storypoints-week1/venv/lib/python3.11/site-packages/airflow/example_dags/example_short_circuit_decorator.py for tasks to queue
[2026-03-04T19:38:13.215+0000] {logging_mixin.py:188} INFO - [2026-03-04T19:38:13.215+0000] {dagbag.py:538} INFO - Filling up the DagBag from /Users/HP/storypoints-week1/venv/lib/python3.11/site-packages/airflow/example_dags/example_short_circuit_decorator.py
[2026-03-04T19:38:13.242+0000] {processor.py:840} INFO - DAG(s) 'example_short_circuit_decorator' retrieved from /Users/HP/storypoints-week1/venv/lib/python3.11/site-packages/airflow/example_dags/example_short_circuit_decorator.py
[2026-03-04T19:38:13.303+0000] {logging_mixin.py:188} INFO - [2026-03-04T19:38:13.303+0000] {dag.py:3033} INFO - Sync 1 DAGs
[2026-03-04T19:38:13.315+0000] {logging_mixin.py:188} INFO - [2026-03-04T19:38:13.315+0000] {dag.py:3820} INFO - Setting next_dagrun for example_short_circuit_decorator to 2026-03-03T00:00:00+00:00, run_after=2026-03-04T00:00:00+00:00
[2026-03-04T19:38:13.326+0000] {processor.py:183} INFO - Processing /Users/HP/storypoints-week1/venv/lib/python3.11/site-packages/airflow/example_dags/example_short_circuit_decorator.py took 0.116 seconds
[2026-03-04T19:39:31.221+0000] {processor.py:161} INFO - Started process (PID=78047) to work on /Users/HP/storypoints-week1/venv/lib/python3.11/site-packages/airflow/example_dags/example_short_circuit_decorator.py
[2026-03-04T19:39:31.223+0000] {processor.py:830} INFO - Processing file /Users/HP/storypoints-week1/venv/lib/python3.11/site-packages/airflow/example_dags/example_short_circuit_decorator.py for tasks to queue
[2026-03-04T19:39:31.225+0000] {logging_mixin.py:188} INFO - [2026-03-04T19:39:31.225+0000] {dagbag.py:538} INFO - Filling up the DagBag from /Users/HP/storypoints-week1/venv/lib/python3.11/site-packages/airflow/example_dags/example_short_circuit_decorator.py
[2026-03-04T19:39:31.251+0000] {processor.py:840} INFO - DAG(s) 'example_short_circuit_decorator' retrieved from /Users/HP/storypoints-week1/venv/lib/python3.11/site-packages/airflow/example_dags/example_short_circuit_decorator.py
[2026-03-04T19:39:31.313+0000] {logging_mixin.py:188} INFO - [2026-03-04T19:39:31.312+0000] {dag.py:3033} INFO - Sync 1 DAGs
[2026-03-04T19:39:31.323+0000] {logging_mixin.py:188} INFO - [2026-03-04T19:39:31.323+0000] {dag.py:3820} INFO - Setting next_dagrun for example_short_circuit_decorator to 2026-03-03T00:00:00+00:00, run_after=2026-03-04T00:00:00+00:00
[2026-03-04T19:39:31.333+0000] {processor.py:183} INFO - Processing /Users/HP/storypoints-week1/venv/lib/python3.11/site-packages/airflow/example_dags/example_short_circuit_decorator.py took 0.113 seconds
[2026-03-04T19:41:57.975+0000] {processor.py:161} INFO - Started process (PID=79426) to work on /Users/HP/storypoints-week1/venv/lib/python3.11/site-packages/airflow/example_dags/example_short_circuit_decorator.py
[2026-03-04T19:41:57.978+0000] {processor.py:830} INFO - Processing file /Users/HP/storypoints-week1/venv/lib/python3.11/site-packages/airflow/example_dags/example_short_circuit_decorator.py for tasks to queue
[2026-03-04T19:41:57.979+0000] {logging_mixin.py:188} INFO - [2026-03-04T19:41:57.979+0000] {dagbag.py:538} INFO - Filling up the DagBag from /Users/HP/storypoints-week1/venv/lib/python3.11/site-packages/airflow/example_dags/example_short_circuit_decorator.py
[2026-03-04T19:41:58.007+0000] {processor.py:840} INFO - DAG(s) 'example_short_circuit_decorator' retrieved from /Users/HP/storypoints-week1/venv/lib/python3.11/site-packages/airflow/example_dags/example_short_circuit_decorator.py
[2026-03-04T19:41:58.069+0000] {logging_mixin.py:188} INFO - [2026-03-04T19:41:58.069+0000] {dag.py:3033} INFO - Sync 1 DAGs
[2026-03-04T19:41:58.081+0000] {logging_mixin.py:188} INFO - [2026-03-04T19:41:58.081+0000] {dag.py:3820} INFO - Setting next_dagrun for example_short_circuit_decorator to 2026-03-03T00:00:00+00:00, run_after=2026-03-04T00:00:00+00:00
[2026-03-04T19:41:58.092+0000] {processor.py:183} INFO - Processing /Users/HP/storypoints-week1/venv/lib/python3.11/site-packages/airflow/example_dags/example_short_circuit_decorator.py took 0.117 seconds
[2026-03-04T19:44:25.566+0000] {processor.py:161} INFO - Started process (PID=80811) to work on /Users/HP/storypoints-week1/venv/lib/python3.11/site-packages/airflow/example_dags/example_short_circuit_decorator.py
[2026-03-04T19:44:25.569+0000] {processor.py:830} INFO - Processing file /Users/HP/storypoints-week1/venv/lib/python3.11/site-packages/airflow/example_dags/example_short_circuit_decorator.py for tasks to queue
[2026-03-04T19:44:25.570+0000] {logging_mixin.py:188} INFO - [2026-03-04T19:44:25.570+0000] {dagbag.py:538} INFO - Filling up the DagBag from /Users/HP/storypoints-week1/venv/lib/python3.11/site-packages/airflow/example_dags/example_short_circuit_decorator.py
[2026-03-04T19:44:25.596+0000] {processor.py:840} INFO - DAG(s) 'example_short_circuit_decorator' retrieved from /Users/HP/storypoints-week1/venv/lib/python3.11/site-packages/airflow/example_dags/example_short_circuit_decorator.py
[2026-03-04T19:44:25.656+0000] {logging_mixin.py:188} INFO - [2026-03-04T19:44:25.656+0000] {dag.py:3033} INFO - Sync 1 DAGs
[2026-03-04T19:44:25.668+0000] {logging_mixin.py:188} INFO - [2026-03-04T19:44:25.668+0000] {dag.py:3820} INFO - Setting next_dagrun for example_short_circuit_decorator to 2026-03-03T00:00:00+00:00, run_after=2026-03-04T00:00:00+00:00
[2026-03-04T19:44:25.679+0000] {processor.py:183} INFO - Processing /Users/HP/storypoints-week1/venv/lib/python3.11/site-packages/airflow/example_dags/example_short_circuit_decorator.py took 0.113 seconds
[2026-03-04T19:46:53.971+0000] {processor.py:161} INFO - Started process (PID=82223) to work on /Users/HP/storypoints-week1/venv/lib/python3.11/site-packages/airflow/example_dags/example_short_circuit_decorator.py
[2026-03-04T19:46:53.974+0000] {processor.py:830} INFO - Processing file /Users/HP/storypoints-week1/venv/lib/python3.11/site-packages/airflow/example_dags/example_short_circuit_decorator.py for tasks to queue
[2026-03-04T19:46:53.975+0000] {logging_mixin.py:188} INFO - [2026-03-04T19:46:53.975+0000] {dagbag.py:538} INFO - Filling up the DagBag from /Users/HP/storypoints-week1/venv/lib/python3.11/site-packages/airflow/example_dags/example_short_circuit_decorator.py
[2026-03-04T19:46:54.003+0000] {processor.py:840} INFO - DAG(s) 'example_short_circuit_decorator' retrieved from /Users/HP/storypoints-week1/venv/lib/python3.11/site-packages/airflow/example_dags/example_short_circuit_decorator.py
[2026-03-04T19:46:54.064+0000] {logging_mixin.py:188} INFO - [2026-03-04T19:46:54.064+0000] {dag.py:3033} INFO - Sync 1 DAGs
[2026-03-04T19:46:54.076+0000] {logging_mixin.py:188} INFO - [2026-03-04T19:46:54.076+0000] {dag.py:3820} INFO - Setting next_dagrun for example_short_circuit_decorator to 2026-03-03T00:00:00+00:00, run_after=2026-03-04T00:00:00+00:00
[2026-03-04T19:46:54.087+0000] {processor.py:183} INFO - Processing /Users/HP/storypoints-week1/venv/lib/python3.11/site-packages/airflow/example_dags/example_short_circuit_decorator.py took 0.117 seconds
[2026-03-04T20:00:18.819+0000] {processor.py:161} INFO - Started process (PID=82933) to work on /Users/HP/storypoints-week1/venv/lib/python3.11/site-packages/airflow/example_dags/example_short_circuit_decorator.py
[2026-03-04T20:00:18.821+0000] {processor.py:830} INFO - Processing file /Users/HP/storypoints-week1/venv/lib/python3.11/site-packages/airflow/example_dags/example_short_circuit_decorator.py for tasks to queue
[2026-03-04T20:00:18.823+0000] {logging_mixin.py:188} INFO - [2026-03-04T20:00:18.823+0000] {dagbag.py:538} INFO - Filling up the DagBag from /Users/HP/storypoints-week1/venv/lib/python3.11/site-packages/airflow/example_dags/example_short_circuit_decorator.py
[2026-03-04T20:00:18.845+0000] {processor.py:840} INFO - DAG(s) 'example_short_circuit_decorator' retrieved from /Users/HP/storypoints-week1/venv/lib/python3.11/site-packages/airflow/example_dags/example_short_circuit_decorator.py
[2026-03-04T20:00:18.900+0000] {logging_mixin.py:188} INFO - [2026-03-04T20:00:18.900+0000] {dag.py:3033} INFO - Sync 1 DAGs
[2026-03-04T20:00:18.912+0000] {logging_mixin.py:188} INFO - [2026-03-04T20:00:18.911+0000] {dag.py:3820} INFO - Setting next_dagrun for example_short_circuit_decorator to 2026-03-03T00:00:00+00:00, run_after=2026-03-04T00:00:00+00:00
[2026-03-04T20:00:18.923+0000] {processor.py:183} INFO - Processing /Users/HP/storypoints-week1/venv/lib/python3.11/site-packages/airflow/example_dags/example_short_circuit_decorator.py took 0.105 seconds
[2026-03-04T20:12:50.145+0000] {processor.py:161} INFO - Started process (PID=83694) to work on /Users/HP/storypoints-week1/venv/lib/python3.11/site-packages/airflow/example_dags/example_short_circuit_decorator.py
[2026-03-04T20:12:50.148+0000] {processor.py:830} INFO - Processing file /Users/HP/storypoints-week1/venv/lib/python3.11/site-packages/airflow/example_dags/example_short_circuit_decorator.py for tasks to queue
[2026-03-04T20:12:50.149+0000] {logging_mixin.py:188} INFO - [2026-03-04T20:12:50.149+0000] {dagbag.py:538} INFO - Filling up the DagBag from /Users/HP/storypoints-week1/venv/lib/python3.11/site-packages/airflow/example_dags/example_short_circuit_decorator.py
[2026-03-04T20:12:50.175+0000] {processor.py:840} INFO - DAG(s) 'example_short_circuit_decorator' retrieved from /Users/HP/storypoints-week1/venv/lib/python3.11/site-packages/airflow/example_dags/example_short_circuit_decorator.py
[2026-03-04T20:12:50.237+0000] {logging_mixin.py:188} INFO - [2026-03-04T20:12:50.237+0000] {dag.py:3033} INFO - Sync 1 DAGs
[2026-03-04T20:12:50.249+0000] {logging_mixin.py:188} INFO - [2026-03-04T20:12:50.249+0000] {dag.py:3820} INFO - Setting next_dagrun for example_short_circuit_decorator to 2026-03-03T00:00:00+00:00, run_after=2026-03-04T00:00:00+00:00
[2026-03-04T20:12:50.260+0000] {processor.py:183} INFO - Processing /Users/HP/storypoints-week1/venv/lib/python3.11/site-packages/airflow/example_dags/example_short_circuit_decorator.py took 0.116 seconds
[2026-03-04T20:14:21.585+0000] {processor.py:161} INFO - Started process (PID=84541) to work on /Users/HP/storypoints-week1/venv/lib/python3.11/site-packages/airflow/example_dags/example_short_circuit_decorator.py
[2026-03-04T20:14:21.588+0000] {processor.py:830} INFO - Processing file /Users/HP/storypoints-week1/venv/lib/python3.11/site-packages/airflow/example_dags/example_short_circuit_decorator.py for tasks to queue
[2026-03-04T20:14:21.590+0000] {logging_mixin.py:188} INFO - [2026-03-04T20:14:21.589+0000] {dagbag.py:538} INFO - Filling up the DagBag from /Users/HP/storypoints-week1/venv/lib/python3.11/site-packages/airflow/example_dags/example_short_circuit_decorator.py
[2026-03-04T20:14:21.621+0000] {processor.py:840} INFO - DAG(s) 'example_short_circuit_decorator' retrieved from /Users/HP/storypoints-week1/venv/lib/python3.11/site-packages/airflow/example_dags/example_short_circuit_decorator.py
[2026-03-04T20:14:21.683+0000] {logging_mixin.py:188} INFO - [2026-03-04T20:14:21.682+0000] {dag.py:3033} INFO - Sync 1 DAGs
[2026-03-04T20:14:21.695+0000] {logging_mixin.py:188} INFO - [2026-03-04T20:14:21.694+0000] {dag.py:3820} INFO - Setting next_dagrun for example_short_circuit_decorator to 2026-03-03T00:00:00+00:00, run_after=2026-03-04T00:00:00+00:00
[2026-03-04T20:14:21.706+0000] {processor.py:183} INFO - Processing /Users/HP/storypoints-week1/venv/lib/python3.11/site-packages/airflow/example_dags/example_short_circuit_decorator.py took 0.122 seconds
[2026-03-04T20:15:39.670+0000] {processor.py:161} INFO - Started process (PID=85265) to work on /Users/HP/storypoints-week1/venv/lib/python3.11/site-packages/airflow/example_dags/example_short_circuit_decorator.py
[2026-03-04T20:15:39.673+0000] {processor.py:830} INFO - Processing file /Users/HP/storypoints-week1/venv/lib/python3.11/site-packages/airflow/example_dags/example_short_circuit_decorator.py for tasks to queue
[2026-03-04T20:15:39.674+0000] {logging_mixin.py:188} INFO - [2026-03-04T20:15:39.674+0000] {dagbag.py:538} INFO - Filling up the DagBag from /Users/HP/storypoints-week1/venv/lib/python3.11/site-packages/airflow/example_dags/example_short_circuit_decorator.py
[2026-03-04T20:15:39.701+0000] {processor.py:840} INFO - DAG(s) 'example_short_circuit_decorator' retrieved from /Users/HP/storypoints-week1/venv/lib/python3.11/site-packages/airflow/example_dags/example_short_circuit_decorator.py
[2026-03-04T20:15:39.763+0000] {logging_mixin.py:188} INFO - [2026-03-04T20:15:39.762+0000] {dag.py:3033} INFO - Sync 1 DAGs
[2026-03-04T20:15:39.774+0000] {logging_mixin.py:188} INFO - [2026-03-04T20:15:39.774+0000] {dag.py:3820} INFO - Setting next_dagrun for example_short_circuit_decorator to 2026-03-03T00:00:00+00:00, run_after=2026-03-04T00:00:00+00:00
[2026-03-04T20:15:39.786+0000] {processor.py:183} INFO - Processing /Users/HP/storypoints-week1/venv/lib/python3.11/site-packages/airflow/example_dags/example_short_circuit_decorator.py took 0.117 seconds
[2026-03-04T20:23:46.560+0000] {processor.py:161} INFO - Started process (PID=86007) to work on /Users/HP/storypoints-week1/venv/lib/python3.11/site-packages/airflow/example_dags/example_short_circuit_decorator.py
[2026-03-04T20:23:46.563+0000] {processor.py:830} INFO - Processing file /Users/HP/storypoints-week1/venv/lib/python3.11/site-packages/airflow/example_dags/example_short_circuit_decorator.py for tasks to queue
[2026-03-04T20:23:46.564+0000] {logging_mixin.py:188} INFO - [2026-03-04T20:23:46.564+0000] {dagbag.py:538} INFO - Filling up the DagBag from /Users/HP/storypoints-week1/venv/lib/python3.11/site-packages/airflow/example_dags/example_short_circuit_decorator.py
[2026-03-04T20:23:46.590+0000] {processor.py:840} INFO - DAG(s) 'example_short_circuit_decorator' retrieved from /Users/HP/storypoints-week1/venv/lib/python3.11/site-packages/airflow/example_dags/example_short_circuit_decorator.py
[2026-03-04T20:23:46.647+0000] {logging_mixin.py:188} INFO - [2026-03-04T20:23:46.646+0000] {dag.py:3033} INFO - Sync 1 DAGs
[2026-03-04T20:23:46.658+0000] {logging_mixin.py:188} INFO - [2026-03-04T20:23:46.658+0000] {dag.py:3820} INFO - Setting next_dagrun for example_short_circuit_decorator to 2026-03-03T00:00:00+00:00, run_after=2026-03-04T00:00:00+00:00
[2026-03-04T20:23:46.670+0000] {processor.py:183} INFO - Processing /Users/HP/storypoints-week1/venv/lib/python3.11/site-packages/airflow/example_dags/example_short_circuit_decorator.py took 0.110 seconds
[2026-03-04T20:25:16.558+0000] {processor.py:161} INFO - Started process (PID=86846) to work on /Users/HP/storypoints-week1/venv/lib/python3.11/site-packages/airflow/example_dags/example_short_circuit_decorator.py
[2026-03-04T20:25:16.561+0000] {processor.py:830} INFO - Processing file /Users/HP/storypoints-week1/venv/lib/python3.11/site-packages/airflow/example_dags/example_short_circuit_decorator.py for tasks to queue
[2026-03-04T20:25:16.562+0000] {logging_mixin.py:188} INFO - [2026-03-04T20:25:16.562+0000] {dagbag.py:538} INFO - Filling up the DagBag from /Users/HP/storypoints-week1/venv/lib/python3.11/site-packages/airflow/example_dags/example_short_circuit_decorator.py
[2026-03-04T20:25:16.588+0000] {processor.py:840} INFO - DAG(s) 'example_short_circuit_decorator' retrieved from /Users/HP/storypoints-week1/venv/lib/python3.11/site-packages/airflow/example_dags/example_short_circuit_decorator.py
[2026-03-04T20:25:16.648+0000] {logging_mixin.py:188} INFO - [2026-03-04T20:25:16.647+0000] {dag.py:3033} INFO - Sync 1 DAGs
[2026-03-04T20:25:16.659+0000] {logging_mixin.py:188} INFO - [2026-03-04T20:25:16.659+0000] {dag.py:3820} INFO - Setting next_dagrun for example_short_circuit_decorator to 2026-03-03T00:00:00+00:00, run_after=2026-03-04T00:00:00+00:00
[2026-03-04T20:25:16.671+0000] {processor.py:183} INFO - Processing /Users/HP/storypoints-week1/venv/lib/python3.11/site-packages/airflow/example_dags/example_short_circuit_decorator.py took 0.113 seconds
[2026-03-04T20:45:55.908+0000] {processor.py:161} INFO - Started process (PID=87588) to work on /Users/HP/storypoints-week1/venv/lib/python3.11/site-packages/airflow/example_dags/example_short_circuit_decorator.py
[2026-03-04T20:45:55.910+0000] {processor.py:830} INFO - Processing file /Users/HP/storypoints-week1/venv/lib/python3.11/site-packages/airflow/example_dags/example_short_circuit_decorator.py for tasks to queue
[2026-03-04T20:45:55.912+0000] {logging_mixin.py:188} INFO - [2026-03-04T20:45:55.911+0000] {dagbag.py:538} INFO - Filling up the DagBag from /Users/HP/storypoints-week1/venv/lib/python3.11/site-packages/airflow/example_dags/example_short_circuit_decorator.py
[2026-03-04T20:45:55.936+0000] {processor.py:840} INFO - DAG(s) 'example_short_circuit_decorator' retrieved from /Users/HP/storypoints-week1/venv/lib/python3.11/site-packages/airflow/example_dags/example_short_circuit_decorator.py
[2026-03-04T20:45:55.988+0000] {logging_mixin.py:188} INFO - [2026-03-04T20:45:55.988+0000] {dag.py:3033} INFO - Sync 1 DAGs
[2026-03-04T20:45:55.998+0000] {logging_mixin.py:188} INFO - [2026-03-04T20:45:55.997+0000] {dag.py:3820} INFO - Setting next_dagrun for example_short_circuit_decorator to 2026-03-03T00:00:00+00:00, run_after=2026-03-04T00:00:00+00:00
[2026-03-04T20:45:56.007+0000] {processor.py:183} INFO - Processing /Users/HP/storypoints-week1/venv/lib/python3.11/site-packages/airflow/example_dags/example_short_circuit_decorator.py took 0.099 seconds
[2026-03-04T22:05:10.875+0000] {processor.py:161} INFO - Started process (PID=88398) to work on /Users/HP/storypoints-week1/venv/lib/python3.11/site-packages/airflow/example_dags/example_short_circuit_decorator.py
[2026-03-04T22:05:10.877+0000] {processor.py:830} INFO - Processing file /Users/HP/storypoints-week1/venv/lib/python3.11/site-packages/airflow/example_dags/example_short_circuit_decorator.py for tasks to queue
[2026-03-04T22:05:10.878+0000] {logging_mixin.py:188} INFO - [2026-03-04T22:05:10.878+0000] {dagbag.py:538} INFO - Filling up the DagBag from /Users/HP/storypoints-week1/venv/lib/python3.11/site-packages/airflow/example_dags/example_short_circuit_decorator.py
[2026-03-04T22:05:10.902+0000] {processor.py:840} INFO - DAG(s) 'example_short_circuit_decorator' retrieved from /Users/HP/storypoints-week1/venv/lib/python3.11/site-packages/airflow/example_dags/example_short_circuit_decorator.py
[2026-03-04T22:05:10.959+0000] {logging_mixin.py:188} INFO - [2026-03-04T22:05:10.959+0000] {dag.py:3033} INFO - Sync 1 DAGs
[2026-03-04T22:05:10.971+0000] {logging_mixin.py:188} INFO - [2026-03-04T22:05:10.971+0000] {dag.py:3820} INFO - Setting next_dagrun for example_short_circuit_decorator to 2026-03-03T00:00:00+00:00, run_after=2026-03-04T00:00:00+00:00
[2026-03-04T22:05:10.982+0000] {processor.py:183} INFO - Processing /Users/HP/storypoints-week1/venv/lib/python3.11/site-packages/airflow/example_dags/example_short_circuit_decorator.py took 0.109 seconds
[2026-03-04T22:17:50.920+0000] {processor.py:161} INFO - Started process (PID=89151) to work on /Users/HP/storypoints-week1/venv/lib/python3.11/site-packages/airflow/example_dags/example_short_circuit_decorator.py
[2026-03-04T22:17:50.922+0000] {processor.py:830} INFO - Processing file /Users/HP/storypoints-week1/venv/lib/python3.11/site-packages/airflow/example_dags/example_short_circuit_decorator.py for tasks to queue
[2026-03-04T22:17:50.924+0000] {logging_mixin.py:188} INFO - [2026-03-04T22:17:50.924+0000] {dagbag.py:538} INFO - Filling up the DagBag from /Users/HP/storypoints-week1/venv/lib/python3.11/site-packages/airflow/example_dags/example_short_circuit_decorator.py
[2026-03-04T22:17:50.950+0000] {processor.py:840} INFO - DAG(s) 'example_short_circuit_decorator' retrieved from /Users/HP/storypoints-week1/venv/lib/python3.11/site-packages/airflow/example_dags/example_short_circuit_decorator.py
[2026-03-04T22:17:51.011+0000] {logging_mixin.py:188} INFO - [2026-03-04T22:17:51.011+0000] {dag.py:3033} INFO - Sync 1 DAGs
[2026-03-04T22:17:51.023+0000] {logging_mixin.py:188} INFO - [2026-03-04T22:17:51.023+0000] {dag.py:3820} INFO - Setting next_dagrun for example_short_circuit_decorator to 2026-03-03T00:00:00+00:00, run_after=2026-03-04T00:00:00+00:00
[2026-03-04T22:17:51.034+0000] {processor.py:183} INFO - Processing /Users/HP/storypoints-week1/venv/lib/python3.11/site-packages/airflow/example_dags/example_short_circuit_decorator.py took 0.115 seconds
[2026-03-04T22:32:03.255+0000] {processor.py:161} INFO - Started process (PID=90111) to work on /Users/HP/storypoints-week1/venv/lib/python3.11/site-packages/airflow/example_dags/example_short_circuit_decorator.py
[2026-03-04T22:32:03.257+0000] {processor.py:830} INFO - Processing file /Users/HP/storypoints-week1/venv/lib/python3.11/site-packages/airflow/example_dags/example_short_circuit_decorator.py for tasks to queue
[2026-03-04T22:32:03.259+0000] {logging_mixin.py:188} INFO - [2026-03-04T22:32:03.259+0000] {dagbag.py:538} INFO - Filling up the DagBag from /Users/HP/storypoints-week1/venv/lib/python3.11/site-packages/airflow/example_dags/example_short_circuit_decorator.py
[2026-03-04T22:32:03.285+0000] {processor.py:840} INFO - DAG(s) 'example_short_circuit_decorator' retrieved from /Users/HP/storypoints-week1/venv/lib/python3.11/site-packages/airflow/example_dags/example_short_circuit_decorator.py
[2026-03-04T22:32:03.338+0000] {logging_mixin.py:188} INFO - [2026-03-04T22:32:03.338+0000] {dag.py:3033} INFO - Sync 1 DAGs
[2026-03-04T22:32:03.349+0000] {logging_mixin.py:188} INFO - [2026-03-04T22:32:03.348+0000] {dag.py:3820} INFO - Setting next_dagrun for example_short_circuit_decorator to 2026-03-03T00:00:00+00:00, run_after=2026-03-04T00:00:00+00:00
[2026-03-04T22:32:03.360+0000] {processor.py:183} INFO - Processing /Users/HP/storypoints-week1/venv/lib/python3.11/site-packages/airflow/example_dags/example_short_circuit_decorator.py took 0.105 seconds
[2026-03-04T23:07:30.185+0000] {processor.py:161} INFO - Started process (PID=91558) to work on /Users/HP/storypoints-week1/venv/lib/python3.11/site-packages/airflow/example_dags/example_short_circuit_decorator.py
[2026-03-04T23:07:30.188+0000] {processor.py:830} INFO - Processing file /Users/HP/storypoints-week1/venv/lib/python3.11/site-packages/airflow/example_dags/example_short_circuit_decorator.py for tasks to queue
[2026-03-04T23:07:30.189+0000] {logging_mixin.py:188} INFO - [2026-03-04T23:07:30.189+0000] {dagbag.py:538} INFO - Filling up the DagBag from /Users/HP/storypoints-week1/venv/lib/python3.11/site-packages/airflow/example_dags/example_short_circuit_decorator.py
[2026-03-04T23:07:30.215+0000] {processor.py:840} INFO - DAG(s) 'example_short_circuit_decorator' retrieved from /Users/HP/storypoints-week1/venv/lib/python3.11/site-packages/airflow/example_dags/example_short_circuit_decorator.py
[2026-03-04T23:07:30.277+0000] {logging_mixin.py:188} INFO - [2026-03-04T23:07:30.276+0000] {dag.py:3033} INFO - Sync 1 DAGs
[2026-03-04T23:07:30.288+0000] {logging_mixin.py:188} INFO - [2026-03-04T23:07:30.288+0000] {dag.py:3820} INFO - Setting next_dagrun for example_short_circuit_decorator to 2026-03-03T00:00:00+00:00, run_after=2026-03-04T00:00:00+00:00
[2026-03-04T23:07:30.299+0000] {processor.py:183} INFO - Processing /Users/HP/storypoints-week1/venv/lib/python3.11/site-packages/airflow/example_dags/example_short_circuit_decorator.py took 0.115 seconds
