[2026-03-04T19:01:29.340+0000] {processor.py:161} INFO - Started process (PID=54355) to work on /Users/HP/storypoints-week1/venv/lib/python3.11/site-packages/airflow/example_dags/example_xcomargs.py
[2026-03-04T19:01:29.342+0000] {processor.py:830} INFO - Processing file /Users/HP/storypoints-week1/venv/lib/python3.11/site-packages/airflow/example_dags/example_xcomargs.py for tasks to queue
[2026-03-04T19:01:29.343+0000] {logging_mixin.py:188} INFO - [2026-03-04T19:01:29.343+0000] {dagbag.py:538} INFO - Filling up the DagBag from /Users/HP/storypoints-week1/venv/lib/python3.11/site-packages/airflow/example_dags/example_xcomargs.py
[2026-03-04T19:01:29.371+0000] {processor.py:840} INFO - DAG(s) 'example_xcom_args_with_operators', 'example_xcom_args' retrieved from /Users/HP/storypoints-week1/venv/lib/python3.11/site-packages/airflow/example_dags/example_xcomargs.py
[2026-03-04T19:01:29.482+0000] {logging_mixin.py:188} INFO - [2026-03-04T19:01:29.482+0000] {override.py:1769} INFO - Created Permission View: can read on DAG:example_xcom_args_with_operators
[2026-03-04T19:01:29.488+0000] {logging_mixin.py:188} INFO - [2026-03-04T19:01:29.487+0000] {override.py:1769} INFO - Created Permission View: can edit on DAG:example_xcom_args_with_operators
[2026-03-04T19:01:29.491+0000] {logging_mixin.py:188} INFO - [2026-03-04T19:01:29.491+0000] {override.py:1769} INFO - Created Permission View: can delete on DAG:example_xcom_args_with_operators
[2026-03-04T19:01:29.498+0000] {logging_mixin.py:188} INFO - [2026-03-04T19:01:29.498+0000] {override.py:1769} INFO - Created Permission View: can read on DAG:example_xcom_args
[2026-03-04T19:01:29.501+0000] {logging_mixin.py:188} INFO - [2026-03-04T19:01:29.501+0000] {override.py:1769} INFO - Created Permission View: can edit on DAG:example_xcom_args
[2026-03-04T19:01:29.504+0000] {logging_mixin.py:188} INFO - [2026-03-04T19:01:29.504+0000] {override.py:1769} INFO - Created Permission View: can delete on DAG:example_xcom_args
[2026-03-04T19:01:29.504+0000] {logging_mixin.py:188} INFO - [2026-03-04T19:01:29.504+0000] {dag.py:3033} INFO - Sync 2 DAGs
[2026-03-04T19:01:29.510+0000] {logging_mixin.py:188} INFO - [2026-03-04T19:01:29.510+0000] {dag.py:3055} INFO - Creating ORM DAG for example_xcom_args_with_operators
[2026-03-04T19:01:29.510+0000] {logging_mixin.py:188} INFO - [2026-03-04T19:01:29.510+0000] {dag.py:3055} INFO - Creating ORM DAG for example_xcom_args
[2026-03-04T19:01:29.511+0000] {logging_mixin.py:188} INFO - [2026-03-04T19:01:29.511+0000] {dag.py:3820} INFO - Setting next_dagrun for example_xcom_args to None, run_after=None
[2026-03-04T19:01:29.511+0000] {logging_mixin.py:188} INFO - [2026-03-04T19:01:29.511+0000] {dag.py:3820} INFO - Setting next_dagrun for example_xcom_args_with_operators to None, run_after=None
[2026-03-04T19:01:29.521+0000] {processor.py:183} INFO - Processing /Users/HP/storypoints-week1/venv/lib/python3.11/site-packages/airflow/example_dags/example_xcomargs.py took 0.182 seconds
[2026-03-04T19:03:29.678+0000] {processor.py:161} INFO - Started process (PID=55503) to work on /Users/HP/storypoints-week1/venv/lib/python3.11/site-packages/airflow/example_dags/example_xcomargs.py
[2026-03-04T19:03:29.681+0000] {processor.py:830} INFO - Processing file /Users/HP/storypoints-week1/venv/lib/python3.11/site-packages/airflow/example_dags/example_xcomargs.py for tasks to queue
[2026-03-04T19:03:29.682+0000] {logging_mixin.py:188} INFO - [2026-03-04T19:03:29.682+0000] {dagbag.py:538} INFO - Filling up the DagBag from /Users/HP/storypoints-week1/venv/lib/python3.11/site-packages/airflow/example_dags/example_xcomargs.py
[2026-03-04T19:03:29.709+0000] {processor.py:840} INFO - DAG(s) 'example_xcom_args_with_operators', 'example_xcom_args' retrieved from /Users/HP/storypoints-week1/venv/lib/python3.11/site-packages/airflow/example_dags/example_xcomargs.py
[2026-03-04T19:03:29.774+0000] {logging_mixin.py:188} INFO - [2026-03-04T19:03:29.774+0000] {dag.py:3033} INFO - Sync 2 DAGs
[2026-03-04T19:03:29.781+0000] {logging_mixin.py:188} INFO - [2026-03-04T19:03:29.781+0000] {dag.py:3820} INFO - Setting next_dagrun for example_xcom_args to None, run_after=None
[2026-03-04T19:03:29.784+0000] {logging_mixin.py:188} INFO - [2026-03-04T19:03:29.784+0000] {dag.py:3820} INFO - Setting next_dagrun for example_xcom_args_with_operators to None, run_after=None
[2026-03-04T19:03:29.798+0000] {processor.py:183} INFO - Processing /Users/HP/storypoints-week1/venv/lib/python3.11/site-packages/airflow/example_dags/example_xcomargs.py took 0.121 seconds
[2026-03-04T19:05:06.225+0000] {processor.py:161} INFO - Started process (PID=56822) to work on /Users/HP/storypoints-week1/venv/lib/python3.11/site-packages/airflow/example_dags/example_xcomargs.py
[2026-03-04T19:05:06.228+0000] {processor.py:830} INFO - Processing file /Users/HP/storypoints-week1/venv/lib/python3.11/site-packages/airflow/example_dags/example_xcomargs.py for tasks to queue
[2026-03-04T19:05:06.230+0000] {logging_mixin.py:188} INFO - [2026-03-04T19:05:06.230+0000] {dagbag.py:538} INFO - Filling up the DagBag from /Users/HP/storypoints-week1/venv/lib/python3.11/site-packages/airflow/example_dags/example_xcomargs.py
[2026-03-04T19:05:06.264+0000] {processor.py:840} INFO - DAG(s) 'example_xcom_args_with_operators', 'example_xcom_args' retrieved from /Users/HP/storypoints-week1/venv/lib/python3.11/site-packages/airflow/example_dags/example_xcomargs.py
[2026-03-04T19:05:06.333+0000] {logging_mixin.py:188} INFO - [2026-03-04T19:05:06.333+0000] {dag.py:3033} INFO - Sync 2 DAGs
[2026-03-04T19:05:06.339+0000] {logging_mixin.py:188} INFO - [2026-03-04T19:05:06.339+0000] {dag.py:3820} INFO - Setting next_dagrun for example_xcom_args to None, run_after=None
[2026-03-04T19:05:06.341+0000] {logging_mixin.py:188} INFO - [2026-03-04T19:05:06.341+0000] {dag.py:3820} INFO - Setting next_dagrun for example_xcom_args_with_operators to None, run_after=None
[2026-03-04T19:05:06.355+0000] {processor.py:183} INFO - Processing /Users/HP/storypoints-week1/venv/lib/python3.11/site-packages/airflow/example_dags/example_xcomargs.py took 0.131 seconds
[2026-03-04T19:06:34.995+0000] {processor.py:161} INFO - Started process (PID=57670) to work on /Users/HP/storypoints-week1/venv/lib/python3.11/site-packages/airflow/example_dags/example_xcomargs.py
[2026-03-04T19:06:34.998+0000] {processor.py:830} INFO - Processing file /Users/HP/storypoints-week1/venv/lib/python3.11/site-packages/airflow/example_dags/example_xcomargs.py for tasks to queue
[2026-03-04T19:06:35.000+0000] {logging_mixin.py:188} INFO - [2026-03-04T19:06:35.000+0000] {dagbag.py:538} INFO - Filling up the DagBag from /Users/HP/storypoints-week1/venv/lib/python3.11/site-packages/airflow/example_dags/example_xcomargs.py
[2026-03-04T19:06:35.031+0000] {processor.py:840} INFO - DAG(s) 'example_xcom_args_with_operators', 'example_xcom_args' retrieved from /Users/HP/storypoints-week1/venv/lib/python3.11/site-packages/airflow/example_dags/example_xcomargs.py
[2026-03-04T19:06:35.091+0000] {logging_mixin.py:188} INFO - [2026-03-04T19:06:35.091+0000] {dag.py:3033} INFO - Sync 2 DAGs
[2026-03-04T19:06:35.097+0000] {logging_mixin.py:188} INFO - [2026-03-04T19:06:35.097+0000] {dag.py:3820} INFO - Setting next_dagrun for example_xcom_args to None, run_after=None
[2026-03-04T19:06:35.099+0000] {logging_mixin.py:188} INFO - [2026-03-04T19:06:35.099+0000] {dag.py:3820} INFO - Setting next_dagrun for example_xcom_args_with_operators to None, run_after=None
[2026-03-04T19:06:35.110+0000] {processor.py:183} INFO - Processing /Users/HP/storypoints-week1/venv/lib/python3.11/site-packages/airflow/example_dags/example_xcomargs.py took 0.116 seconds
[2026-03-04T19:07:50.478+0000] {processor.py:161} INFO - Started process (PID=58391) to work on /Users/HP/storypoints-week1/venv/lib/python3.11/site-packages/airflow/example_dags/example_xcomargs.py
[2026-03-04T19:07:50.481+0000] {processor.py:830} INFO - Processing file /Users/HP/storypoints-week1/venv/lib/python3.11/site-packages/airflow/example_dags/example_xcomargs.py for tasks to queue
[2026-03-04T19:07:50.483+0000] {logging_mixin.py:188} INFO - [2026-03-04T19:07:50.483+0000] {dagbag.py:538} INFO - Filling up the DagBag from /Users/HP/storypoints-week1/venv/lib/python3.11/site-packages/airflow/example_dags/example_xcomargs.py
[2026-03-04T19:07:50.509+0000] {processor.py:840} INFO - DAG(s) 'example_xcom_args_with_operators', 'example_xcom_args' retrieved from /Users/HP/storypoints-week1/venv/lib/python3.11/site-packages/airflow/example_dags/example_xcomargs.py
[2026-03-04T19:07:50.569+0000] {logging_mixin.py:188} INFO - [2026-03-04T19:07:50.569+0000] {dag.py:3033} INFO - Sync 2 DAGs
[2026-03-04T19:07:50.575+0000] {logging_mixin.py:188} INFO - [2026-03-04T19:07:50.575+0000] {dag.py:3820} INFO - Setting next_dagrun for example_xcom_args to None, run_after=None
[2026-03-04T19:07:50.577+0000] {logging_mixin.py:188} INFO - [2026-03-04T19:07:50.577+0000] {dag.py:3820} INFO - Setting next_dagrun for example_xcom_args_with_operators to None, run_after=None
[2026-03-04T19:07:50.589+0000] {processor.py:183} INFO - Processing /Users/HP/storypoints-week1/venv/lib/python3.11/site-packages/airflow/example_dags/example_xcomargs.py took 0.111 seconds
[2026-03-04T19:09:07.887+0000] {processor.py:161} INFO - Started process (PID=59138) to work on /Users/HP/storypoints-week1/venv/lib/python3.11/site-packages/airflow/example_dags/example_xcomargs.py
[2026-03-04T19:09:07.891+0000] {processor.py:830} INFO - Processing file /Users/HP/storypoints-week1/venv/lib/python3.11/site-packages/airflow/example_dags/example_xcomargs.py for tasks to queue
[2026-03-04T19:09:07.892+0000] {logging_mixin.py:188} INFO - [2026-03-04T19:09:07.892+0000] {dagbag.py:538} INFO - Filling up the DagBag from /Users/HP/storypoints-week1/venv/lib/python3.11/site-packages/airflow/example_dags/example_xcomargs.py
[2026-03-04T19:09:07.930+0000] {processor.py:840} INFO - DAG(s) 'example_xcom_args_with_operators', 'example_xcom_args' retrieved from /Users/HP/storypoints-week1/venv/lib/python3.11/site-packages/airflow/example_dags/example_xcomargs.py
[2026-03-04T19:09:08.018+0000] {logging_mixin.py:188} INFO - [2026-03-04T19:09:08.017+0000] {dag.py:3033} INFO - Sync 2 DAGs
[2026-03-04T19:09:08.025+0000] {logging_mixin.py:188} INFO - [2026-03-04T19:09:08.025+0000] {dag.py:3820} INFO - Setting next_dagrun for example_xcom_args to None, run_after=None
[2026-03-04T19:09:08.027+0000] {logging_mixin.py:188} INFO - [2026-03-04T19:09:08.027+0000] {dag.py:3820} INFO - Setting next_dagrun for example_xcom_args_with_operators to None, run_after=None
[2026-03-04T19:09:08.043+0000] {processor.py:183} INFO - Processing /Users/HP/storypoints-week1/venv/lib/python3.11/site-packages/airflow/example_dags/example_xcomargs.py took 0.156 seconds
[2026-03-04T19:10:33.272+0000] {processor.py:161} INFO - Started process (PID=59951) to work on /Users/HP/storypoints-week1/venv/lib/python3.11/site-packages/airflow/example_dags/example_xcomargs.py
[2026-03-04T19:10:33.274+0000] {processor.py:830} INFO - Processing file /Users/HP/storypoints-week1/venv/lib/python3.11/site-packages/airflow/example_dags/example_xcomargs.py for tasks to queue
[2026-03-04T19:10:33.276+0000] {logging_mixin.py:188} INFO - [2026-03-04T19:10:33.276+0000] {dagbag.py:538} INFO - Filling up the DagBag from /Users/HP/storypoints-week1/venv/lib/python3.11/site-packages/airflow/example_dags/example_xcomargs.py
[2026-03-04T19:10:33.303+0000] {processor.py:840} INFO - DAG(s) 'example_xcom_args_with_operators', 'example_xcom_args' retrieved from /Users/HP/storypoints-week1/venv/lib/python3.11/site-packages/airflow/example_dags/example_xcomargs.py
[2026-03-04T19:10:33.365+0000] {logging_mixin.py:188} INFO - [2026-03-04T19:10:33.365+0000] {dag.py:3033} INFO - Sync 2 DAGs
[2026-03-04T19:10:33.371+0000] {logging_mixin.py:188} INFO - [2026-03-04T19:10:33.371+0000] {dag.py:3820} INFO - Setting next_dagrun for example_xcom_args to None, run_after=None
[2026-03-04T19:10:33.373+0000] {logging_mixin.py:188} INFO - [2026-03-04T19:10:33.373+0000] {dag.py:3820} INFO - Setting next_dagrun for example_xcom_args_with_operators to None, run_after=None
[2026-03-04T19:10:33.384+0000] {processor.py:183} INFO - Processing /Users/HP/storypoints-week1/venv/lib/python3.11/site-packages/airflow/example_dags/example_xcomargs.py took 0.113 seconds
[2026-03-04T19:11:53.390+0000] {processor.py:161} INFO - Started process (PID=60718) to work on /Users/HP/storypoints-week1/venv/lib/python3.11/site-packages/airflow/example_dags/example_xcomargs.py
[2026-03-04T19:11:53.393+0000] {processor.py:830} INFO - Processing file /Users/HP/storypoints-week1/venv/lib/python3.11/site-packages/airflow/example_dags/example_xcomargs.py for tasks to queue
[2026-03-04T19:11:53.394+0000] {logging_mixin.py:188} INFO - [2026-03-04T19:11:53.394+0000] {dagbag.py:538} INFO - Filling up the DagBag from /Users/HP/storypoints-week1/venv/lib/python3.11/site-packages/airflow/example_dags/example_xcomargs.py
[2026-03-04T19:11:53.420+0000] {processor.py:840} INFO - DAG(s) 'example_xcom_args_with_operators', 'example_xcom_args' retrieved from /Users/HP/storypoints-week1/venv/lib/python3.11/site-packages/airflow/example_dags/example_xcomargs.py
[2026-03-04T19:11:53.484+0000] {logging_mixin.py:188} INFO - [2026-03-04T19:11:53.484+0000] {dag.py:3033} INFO - Sync 2 DAGs
[2026-03-04T19:11:53.494+0000] {logging_mixin.py:188} INFO - [2026-03-04T19:11:53.494+0000] {dag.py:3820} INFO - Setting next_dagrun for example_xcom_args to None, run_after=None
[2026-03-04T19:11:53.500+0000] {logging_mixin.py:188} INFO - [2026-03-04T19:11:53.500+0000] {dag.py:3820} INFO - Setting next_dagrun for example_xcom_args_with_operators to None, run_after=None
[2026-03-04T19:11:53.524+0000] {processor.py:183} INFO - Processing /Users/HP/storypoints-week1/venv/lib/python3.11/site-packages/airflow/example_dags/example_xcomargs.py took 0.135 seconds
[2026-03-04T19:33:21.212+0000] {processor.py:161} INFO - Started process (PID=74331) to work on /Users/HP/storypoints-week1/venv/lib/python3.11/site-packages/airflow/example_dags/example_xcomargs.py
[2026-03-04T19:33:21.215+0000] {processor.py:830} INFO - Processing file /Users/HP/storypoints-week1/venv/lib/python3.11/site-packages/airflow/example_dags/example_xcomargs.py for tasks to queue
[2026-03-04T19:33:21.216+0000] {logging_mixin.py:188} INFO - [2026-03-04T19:33:21.216+0000] {dagbag.py:538} INFO - Filling up the DagBag from /Users/HP/storypoints-week1/venv/lib/python3.11/site-packages/airflow/example_dags/example_xcomargs.py
[2026-03-04T19:33:21.247+0000] {processor.py:840} INFO - DAG(s) 'example_xcom_args', 'example_xcom_args_with_operators' retrieved from /Users/HP/storypoints-week1/venv/lib/python3.11/site-packages/airflow/example_dags/example_xcomargs.py
[2026-03-04T19:33:21.317+0000] {logging_mixin.py:188} INFO - [2026-03-04T19:33:21.317+0000] {dag.py:3033} INFO - Sync 2 DAGs
[2026-03-04T19:33:21.326+0000] {logging_mixin.py:188} INFO - [2026-03-04T19:33:21.326+0000] {dag.py:3820} INFO - Setting next_dagrun for example_xcom_args to None, run_after=None
[2026-03-04T19:33:21.329+0000] {logging_mixin.py:188} INFO - [2026-03-04T19:33:21.329+0000] {dag.py:3820} INFO - Setting next_dagrun for example_xcom_args_with_operators to None, run_after=None
[2026-03-04T19:33:21.344+0000] {processor.py:183} INFO - Processing /Users/HP/storypoints-week1/venv/lib/python3.11/site-packages/airflow/example_dags/example_xcomargs.py took 0.133 seconds
[2026-03-04T19:35:59.579+0000] {processor.py:161} INFO - Started process (PID=76034) to work on /Users/HP/storypoints-week1/venv/lib/python3.11/site-packages/airflow/example_dags/example_xcomargs.py
[2026-03-04T19:35:59.581+0000] {processor.py:830} INFO - Processing file /Users/HP/storypoints-week1/venv/lib/python3.11/site-packages/airflow/example_dags/example_xcomargs.py for tasks to queue
[2026-03-04T19:35:59.583+0000] {logging_mixin.py:188} INFO - [2026-03-04T19:35:59.583+0000] {dagbag.py:538} INFO - Filling up the DagBag from /Users/HP/storypoints-week1/venv/lib/python3.11/site-packages/airflow/example_dags/example_xcomargs.py
[2026-03-04T19:35:59.610+0000] {processor.py:840} INFO - DAG(s) 'example_xcom_args', 'example_xcom_args_with_operators' retrieved from /Users/HP/storypoints-week1/venv/lib/python3.11/site-packages/airflow/example_dags/example_xcomargs.py
[2026-03-04T19:35:59.674+0000] {logging_mixin.py:188} INFO - [2026-03-04T19:35:59.674+0000] {dag.py:3033} INFO - Sync 2 DAGs
[2026-03-04T19:35:59.681+0000] {logging_mixin.py:188} INFO - [2026-03-04T19:35:59.681+0000] {dag.py:3820} INFO - Setting next_dagrun for example_xcom_args to None, run_after=None
[2026-03-04T19:35:59.683+0000] {logging_mixin.py:188} INFO - [2026-03-04T19:35:59.683+0000] {dag.py:3820} INFO - Setting next_dagrun for example_xcom_args_with_operators to None, run_after=None
[2026-03-04T19:35:59.696+0000] {processor.py:183} INFO - Processing /Users/HP/storypoints-week1/venv/lib/python3.11/site-packages/airflow/example_dags/example_xcomargs.py took 0.118 seconds
[2026-03-04T19:37:48.044+0000] {processor.py:161} INFO - Started process (PID=77055) to work on /Users/HP/storypoints-week1/venv/lib/python3.11/site-packages/airflow/example_dags/example_xcomargs.py
[2026-03-04T19:37:48.047+0000] {processor.py:830} INFO - Processing file /Users/HP/storypoints-week1/venv/lib/python3.11/site-packages/airflow/example_dags/example_xcomargs.py for tasks to queue
[2026-03-04T19:37:48.048+0000] {logging_mixin.py:188} INFO - [2026-03-04T19:37:48.048+0000] {dagbag.py:538} INFO - Filling up the DagBag from /Users/HP/storypoints-week1/venv/lib/python3.11/site-packages/airflow/example_dags/example_xcomargs.py
[2026-03-04T19:37:48.075+0000] {processor.py:840} INFO - DAG(s) 'example_xcom_args', 'example_xcom_args_with_operators' retrieved from /Users/HP/storypoints-week1/venv/lib/python3.11/site-packages/airflow/example_dags/example_xcomargs.py
[2026-03-04T19:37:48.137+0000] {logging_mixin.py:188} INFO - [2026-03-04T19:37:48.137+0000] {dag.py:3033} INFO - Sync 2 DAGs
[2026-03-04T19:37:48.143+0000] {logging_mixin.py:188} INFO - [2026-03-04T19:37:48.143+0000] {dag.py:3820} INFO - Setting next_dagrun for example_xcom_args to None, run_after=None
[2026-03-04T19:37:48.145+0000] {logging_mixin.py:188} INFO - [2026-03-04T19:37:48.145+0000] {dag.py:3820} INFO - Setting next_dagrun for example_xcom_args_with_operators to None, run_after=None
[2026-03-04T19:37:48.159+0000] {processor.py:183} INFO - Processing /Users/HP/storypoints-week1/venv/lib/python3.11/site-packages/airflow/example_dags/example_xcomargs.py took 0.115 seconds
[2026-03-04T19:39:06.840+0000] {processor.py:161} INFO - Started process (PID=77812) to work on /Users/HP/storypoints-week1/venv/lib/python3.11/site-packages/airflow/example_dags/example_xcomargs.py
[2026-03-04T19:39:06.843+0000] {processor.py:830} INFO - Processing file /Users/HP/storypoints-week1/venv/lib/python3.11/site-packages/airflow/example_dags/example_xcomargs.py for tasks to queue
[2026-03-04T19:39:06.845+0000] {logging_mixin.py:188} INFO - [2026-03-04T19:39:06.844+0000] {dagbag.py:538} INFO - Filling up the DagBag from /Users/HP/storypoints-week1/venv/lib/python3.11/site-packages/airflow/example_dags/example_xcomargs.py
[2026-03-04T19:39:06.872+0000] {processor.py:840} INFO - DAG(s) 'example_xcom_args_with_operators', 'example_xcom_args' retrieved from /Users/HP/storypoints-week1/venv/lib/python3.11/site-packages/airflow/example_dags/example_xcomargs.py
[2026-03-04T19:39:06.936+0000] {logging_mixin.py:188} INFO - [2026-03-04T19:39:06.935+0000] {dag.py:3033} INFO - Sync 2 DAGs
[2026-03-04T19:39:06.942+0000] {logging_mixin.py:188} INFO - [2026-03-04T19:39:06.942+0000] {dag.py:3820} INFO - Setting next_dagrun for example_xcom_args to None, run_after=None
[2026-03-04T19:39:06.944+0000] {logging_mixin.py:188} INFO - [2026-03-04T19:39:06.944+0000] {dag.py:3820} INFO - Setting next_dagrun for example_xcom_args_with_operators to None, run_after=None
[2026-03-04T19:39:06.955+0000] {processor.py:183} INFO - Processing /Users/HP/storypoints-week1/venv/lib/python3.11/site-packages/airflow/example_dags/example_xcomargs.py took 0.115 seconds
[2026-03-04T19:40:20.733+0000] {processor.py:161} INFO - Started process (PID=78510) to work on /Users/HP/storypoints-week1/venv/lib/python3.11/site-packages/airflow/example_dags/example_xcomargs.py
[2026-03-04T19:40:20.736+0000] {processor.py:830} INFO - Processing file /Users/HP/storypoints-week1/venv/lib/python3.11/site-packages/airflow/example_dags/example_xcomargs.py for tasks to queue
[2026-03-04T19:40:20.737+0000] {logging_mixin.py:188} INFO - [2026-03-04T19:40:20.737+0000] {dagbag.py:538} INFO - Filling up the DagBag from /Users/HP/storypoints-week1/venv/lib/python3.11/site-packages/airflow/example_dags/example_xcomargs.py
[2026-03-04T19:40:20.763+0000] {processor.py:840} INFO - DAG(s) 'example_xcom_args_with_operators', 'example_xcom_args' retrieved from /Users/HP/storypoints-week1/venv/lib/python3.11/site-packages/airflow/example_dags/example_xcomargs.py
[2026-03-04T19:40:20.826+0000] {logging_mixin.py:188} INFO - [2026-03-04T19:40:20.825+0000] {dag.py:3033} INFO - Sync 2 DAGs
[2026-03-04T19:40:20.832+0000] {logging_mixin.py:188} INFO - [2026-03-04T19:40:20.832+0000] {dag.py:3820} INFO - Setting next_dagrun for example_xcom_args to None, run_after=None
[2026-03-04T19:40:20.833+0000] {logging_mixin.py:188} INFO - [2026-03-04T19:40:20.833+0000] {dag.py:3820} INFO - Setting next_dagrun for example_xcom_args_with_operators to None, run_after=None
[2026-03-04T19:40:20.845+0000] {processor.py:183} INFO - Processing /Users/HP/storypoints-week1/venv/lib/python3.11/site-packages/airflow/example_dags/example_xcomargs.py took 0.112 seconds
[2026-03-04T19:41:34.432+0000] {processor.py:161} INFO - Started process (PID=79205) to work on /Users/HP/storypoints-week1/venv/lib/python3.11/site-packages/airflow/example_dags/example_xcomargs.py
[2026-03-04T19:41:34.434+0000] {processor.py:830} INFO - Processing file /Users/HP/storypoints-week1/venv/lib/python3.11/site-packages/airflow/example_dags/example_xcomargs.py for tasks to queue
[2026-03-04T19:41:34.435+0000] {logging_mixin.py:188} INFO - [2026-03-04T19:41:34.435+0000] {dagbag.py:538} INFO - Filling up the DagBag from /Users/HP/storypoints-week1/venv/lib/python3.11/site-packages/airflow/example_dags/example_xcomargs.py
[2026-03-04T19:41:34.461+0000] {processor.py:840} INFO - DAG(s) 'example_xcom_args', 'example_xcom_args_with_operators' retrieved from /Users/HP/storypoints-week1/venv/lib/python3.11/site-packages/airflow/example_dags/example_xcomargs.py
[2026-03-04T19:41:34.519+0000] {logging_mixin.py:188} INFO - [2026-03-04T19:41:34.519+0000] {dag.py:3033} INFO - Sync 2 DAGs
[2026-03-04T19:41:34.525+0000] {logging_mixin.py:188} INFO - [2026-03-04T19:41:34.525+0000] {dag.py:3820} INFO - Setting next_dagrun for example_xcom_args to None, run_after=None
[2026-03-04T19:41:34.527+0000] {logging_mixin.py:188} INFO - [2026-03-04T19:41:34.527+0000] {dag.py:3820} INFO - Setting next_dagrun for example_xcom_args_with_operators to None, run_after=None
[2026-03-04T19:41:34.538+0000] {processor.py:183} INFO - Processing /Users/HP/storypoints-week1/venv/lib/python3.11/site-packages/airflow/example_dags/example_xcomargs.py took 0.107 seconds
[2026-03-04T19:42:48.362+0000] {processor.py:161} INFO - Started process (PID=79897) to work on /Users/HP/storypoints-week1/venv/lib/python3.11/site-packages/airflow/example_dags/example_xcomargs.py
[2026-03-04T19:42:48.367+0000] {processor.py:830} INFO - Processing file /Users/HP/storypoints-week1/venv/lib/python3.11/site-packages/airflow/example_dags/example_xcomargs.py for tasks to queue
[2026-03-04T19:42:48.370+0000] {logging_mixin.py:188} INFO - [2026-03-04T19:42:48.370+0000] {dagbag.py:538} INFO - Filling up the DagBag from /Users/HP/storypoints-week1/venv/lib/python3.11/site-packages/airflow/example_dags/example_xcomargs.py
[2026-03-04T19:42:48.398+0000] {processor.py:840} INFO - DAG(s) 'example_xcom_args_with_operators', 'example_xcom_args' retrieved from /Users/HP/storypoints-week1/venv/lib/python3.11/site-packages/airflow/example_dags/example_xcomargs.py
[2026-03-04T19:42:48.460+0000] {logging_mixin.py:188} INFO - [2026-03-04T19:42:48.460+0000] {dag.py:3033} INFO - Sync 2 DAGs
[2026-03-04T19:42:48.466+0000] {logging_mixin.py:188} INFO - [2026-03-04T19:42:48.466+0000] {dag.py:3820} INFO - Setting next_dagrun for example_xcom_args to None, run_after=None
[2026-03-04T19:42:48.468+0000] {logging_mixin.py:188} INFO - [2026-03-04T19:42:48.468+0000] {dag.py:3820} INFO - Setting next_dagrun for example_xcom_args_with_operators to None, run_after=None
[2026-03-04T19:42:48.480+0000] {processor.py:183} INFO - Processing /Users/HP/storypoints-week1/venv/lib/python3.11/site-packages/airflow/example_dags/example_xcomargs.py took 0.119 seconds
[2026-03-04T19:44:02.014+0000] {processor.py:161} INFO - Started process (PID=80591) to work on /Users/HP/storypoints-week1/venv/lib/python3.11/site-packages/airflow/example_dags/example_xcomargs.py
[2026-03-04T19:44:02.017+0000] {processor.py:830} INFO - Processing file /Users/HP/storypoints-week1/venv/lib/python3.11/site-packages/airflow/example_dags/example_xcomargs.py for tasks to queue
[2026-03-04T19:44:02.018+0000] {logging_mixin.py:188} INFO - [2026-03-04T19:44:02.018+0000] {dagbag.py:538} INFO - Filling up the DagBag from /Users/HP/storypoints-week1/venv/lib/python3.11/site-packages/airflow/example_dags/example_xcomargs.py
[2026-03-04T19:44:02.043+0000] {processor.py:840} INFO - DAG(s) 'example_xcom_args_with_operators', 'example_xcom_args' retrieved from /Users/HP/storypoints-week1/venv/lib/python3.11/site-packages/airflow/example_dags/example_xcomargs.py
[2026-03-04T19:44:02.104+0000] {logging_mixin.py:188} INFO - [2026-03-04T19:44:02.104+0000] {dag.py:3033} INFO - Sync 2 DAGs
[2026-03-04T19:44:02.110+0000] {logging_mixin.py:188} INFO - [2026-03-04T19:44:02.110+0000] {dag.py:3820} INFO - Setting next_dagrun for example_xcom_args to None, run_after=None
[2026-03-04T19:44:02.112+0000] {logging_mixin.py:188} INFO - [2026-03-04T19:44:02.112+0000] {dag.py:3820} INFO - Setting next_dagrun for example_xcom_args_with_operators to None, run_after=None
[2026-03-04T19:44:02.123+0000] {processor.py:183} INFO - Processing /Users/HP/storypoints-week1/venv/lib/python3.11/site-packages/airflow/example_dags/example_xcomargs.py took 0.110 seconds
[2026-03-04T19:45:15.876+0000] {processor.py:161} INFO - Started process (PID=81287) to work on /Users/HP/storypoints-week1/venv/lib/python3.11/site-packages/airflow/example_dags/example_xcomargs.py
[2026-03-04T19:45:15.879+0000] {processor.py:830} INFO - Processing file /Users/HP/storypoints-week1/venv/lib/python3.11/site-packages/airflow/example_dags/example_xcomargs.py for tasks to queue
[2026-03-04T19:45:15.880+0000] {logging_mixin.py:188} INFO - [2026-03-04T19:45:15.880+0000] {dagbag.py:538} INFO - Filling up the DagBag from /Users/HP/storypoints-week1/venv/lib/python3.11/site-packages/airflow/example_dags/example_xcomargs.py
[2026-03-04T19:45:15.905+0000] {processor.py:840} INFO - DAG(s) 'example_xcom_args_with_operators', 'example_xcom_args' retrieved from /Users/HP/storypoints-week1/venv/lib/python3.11/site-packages/airflow/example_dags/example_xcomargs.py
[2026-03-04T19:45:15.965+0000] {logging_mixin.py:188} INFO - [2026-03-04T19:45:15.965+0000] {dag.py:3033} INFO - Sync 2 DAGs
[2026-03-04T19:45:15.972+0000] {logging_mixin.py:188} INFO - [2026-03-04T19:45:15.971+0000] {dag.py:3820} INFO - Setting next_dagrun for example_xcom_args to None, run_after=None
[2026-03-04T19:45:15.974+0000] {logging_mixin.py:188} INFO - [2026-03-04T19:45:15.974+0000] {dag.py:3820} INFO - Setting next_dagrun for example_xcom_args_with_operators to None, run_after=None
[2026-03-04T19:45:15.985+0000] {processor.py:183} INFO - Processing /Users/HP/storypoints-week1/venv/lib/python3.11/site-packages/airflow/example_dags/example_xcomargs.py took 0.109 seconds
[2026-03-04T19:46:30.233+0000] {processor.py:161} INFO - Started process (PID=82001) to work on /Users/HP/storypoints-week1/venv/lib/python3.11/site-packages/airflow/example_dags/example_xcomargs.py
[2026-03-04T19:46:30.235+0000] {processor.py:830} INFO - Processing file /Users/HP/storypoints-week1/venv/lib/python3.11/site-packages/airflow/example_dags/example_xcomargs.py for tasks to queue
[2026-03-04T19:46:30.237+0000] {logging_mixin.py:188} INFO - [2026-03-04T19:46:30.237+0000] {dagbag.py:538} INFO - Filling up the DagBag from /Users/HP/storypoints-week1/venv/lib/python3.11/site-packages/airflow/example_dags/example_xcomargs.py
[2026-03-04T19:46:30.262+0000] {processor.py:840} INFO - DAG(s) 'example_xcom_args', 'example_xcom_args_with_operators' retrieved from /Users/HP/storypoints-week1/venv/lib/python3.11/site-packages/airflow/example_dags/example_xcomargs.py
[2026-03-04T19:46:30.325+0000] {logging_mixin.py:188} INFO - [2026-03-04T19:46:30.325+0000] {dag.py:3033} INFO - Sync 2 DAGs
[2026-03-04T19:46:30.331+0000] {logging_mixin.py:188} INFO - [2026-03-04T19:46:30.331+0000] {dag.py:3820} INFO - Setting next_dagrun for example_xcom_args to None, run_after=None
[2026-03-04T19:46:30.333+0000] {logging_mixin.py:188} INFO - [2026-03-04T19:46:30.333+0000] {dag.py:3820} INFO - Setting next_dagrun for example_xcom_args_with_operators to None, run_after=None
[2026-03-04T19:46:30.344+0000] {processor.py:183} INFO - Processing /Users/HP/storypoints-week1/venv/lib/python3.11/site-packages/airflow/example_dags/example_xcomargs.py took 0.112 seconds
[2026-03-04T19:59:55.620+0000] {processor.py:161} INFO - Started process (PID=82705) to work on /Users/HP/storypoints-week1/venv/lib/python3.11/site-packages/airflow/example_dags/example_xcomargs.py
[2026-03-04T19:59:55.622+0000] {processor.py:830} INFO - Processing file /Users/HP/storypoints-week1/venv/lib/python3.11/site-packages/airflow/example_dags/example_xcomargs.py for tasks to queue
[2026-03-04T19:59:55.624+0000] {logging_mixin.py:188} INFO - [2026-03-04T19:59:55.624+0000] {dagbag.py:538} INFO - Filling up the DagBag from /Users/HP/storypoints-week1/venv/lib/python3.11/site-packages/airflow/example_dags/example_xcomargs.py
[2026-03-04T19:59:55.650+0000] {processor.py:840} INFO - DAG(s) 'example_xcom_args', 'example_xcom_args_with_operators' retrieved from /Users/HP/storypoints-week1/venv/lib/python3.11/site-packages/airflow/example_dags/example_xcomargs.py
[2026-03-04T19:59:55.709+0000] {logging_mixin.py:188} INFO - [2026-03-04T19:59:55.708+0000] {dag.py:3033} INFO - Sync 2 DAGs
[2026-03-04T19:59:55.715+0000] {logging_mixin.py:188} INFO - [2026-03-04T19:59:55.715+0000] {dag.py:3820} INFO - Setting next_dagrun for example_xcom_args to None, run_after=None
[2026-03-04T19:59:55.717+0000] {logging_mixin.py:188} INFO - [2026-03-04T19:59:55.717+0000] {dag.py:3820} INFO - Setting next_dagrun for example_xcom_args_with_operators to None, run_after=None
[2026-03-04T19:59:55.729+0000] {processor.py:183} INFO - Processing /Users/HP/storypoints-week1/venv/lib/python3.11/site-packages/airflow/example_dags/example_xcomargs.py took 0.110 seconds
[2026-03-04T20:04:46.752+0000] {processor.py:161} INFO - Started process (PID=83430) to work on /Users/HP/storypoints-week1/venv/lib/python3.11/site-packages/airflow/example_dags/example_xcomargs.py
[2026-03-04T20:04:46.754+0000] {processor.py:830} INFO - Processing file /Users/HP/storypoints-week1/venv/lib/python3.11/site-packages/airflow/example_dags/example_xcomargs.py for tasks to queue
[2026-03-04T20:04:46.756+0000] {logging_mixin.py:188} INFO - [2026-03-04T20:04:46.756+0000] {dagbag.py:538} INFO - Filling up the DagBag from /Users/HP/storypoints-week1/venv/lib/python3.11/site-packages/airflow/example_dags/example_xcomargs.py
[2026-03-04T20:04:46.782+0000] {processor.py:840} INFO - DAG(s) 'example_xcom_args_with_operators', 'example_xcom_args' retrieved from /Users/HP/storypoints-week1/venv/lib/python3.11/site-packages/airflow/example_dags/example_xcomargs.py
[2026-03-04T20:04:46.843+0000] {logging_mixin.py:188} INFO - [2026-03-04T20:04:46.843+0000] {dag.py:3033} INFO - Sync 2 DAGs
[2026-03-04T20:04:46.849+0000] {logging_mixin.py:188} INFO - [2026-03-04T20:04:46.849+0000] {dag.py:3820} INFO - Setting next_dagrun for example_xcom_args to None, run_after=None
[2026-03-04T20:04:46.851+0000] {logging_mixin.py:188} INFO - [2026-03-04T20:04:46.851+0000] {dag.py:3820} INFO - Setting next_dagrun for example_xcom_args_with_operators to None, run_after=None
[2026-03-04T20:04:46.862+0000] {processor.py:183} INFO - Processing /Users/HP/storypoints-week1/venv/lib/python3.11/site-packages/airflow/example_dags/example_xcomargs.py took 0.111 seconds
[2026-03-04T20:13:57.146+0000] {processor.py:161} INFO - Started process (PID=84308) to work on /Users/HP/storypoints-week1/venv/lib/python3.11/site-packages/airflow/example_dags/example_xcomargs.py
[2026-03-04T20:13:57.149+0000] {processor.py:830} INFO - Processing file /Users/HP/storypoints-week1/venv/lib/python3.11/site-packages/airflow/example_dags/example_xcomargs.py for tasks to queue
[2026-03-04T20:13:57.151+0000] {logging_mixin.py:188} INFO - [2026-03-04T20:13:57.151+0000] {dagbag.py:538} INFO - Filling up the DagBag from /Users/HP/storypoints-week1/venv/lib/python3.11/site-packages/airflow/example_dags/example_xcomargs.py
[2026-03-04T20:13:57.178+0000] {processor.py:840} INFO - DAG(s) 'example_xcom_args', 'example_xcom_args_with_operators' retrieved from /Users/HP/storypoints-week1/venv/lib/python3.11/site-packages/airflow/example_dags/example_xcomargs.py
[2026-03-04T20:13:57.238+0000] {logging_mixin.py:188} INFO - [2026-03-04T20:13:57.238+0000] {dag.py:3033} INFO - Sync 2 DAGs
[2026-03-04T20:13:57.244+0000] {logging_mixin.py:188} INFO - [2026-03-04T20:13:57.244+0000] {dag.py:3820} INFO - Setting next_dagrun for example_xcom_args to None, run_after=None
[2026-03-04T20:13:57.246+0000] {logging_mixin.py:188} INFO - [2026-03-04T20:13:57.246+0000] {dag.py:3820} INFO - Setting next_dagrun for example_xcom_args_with_operators to None, run_after=None
[2026-03-04T20:13:57.258+0000] {processor.py:183} INFO - Processing /Users/HP/storypoints-week1/venv/lib/python3.11/site-packages/airflow/example_dags/example_xcomargs.py took 0.112 seconds
[2026-03-04T20:15:15.077+0000] {processor.py:161} INFO - Started process (PID=85038) to work on /Users/HP/storypoints-week1/venv/lib/python3.11/site-packages/airflow/example_dags/example_xcomargs.py
[2026-03-04T20:15:15.080+0000] {processor.py:830} INFO - Processing file /Users/HP/storypoints-week1/venv/lib/python3.11/site-packages/airflow/example_dags/example_xcomargs.py for tasks to queue
[2026-03-04T20:15:15.081+0000] {logging_mixin.py:188} INFO - [2026-03-04T20:15:15.081+0000] {dagbag.py:538} INFO - Filling up the DagBag from /Users/HP/storypoints-week1/venv/lib/python3.11/site-packages/airflow/example_dags/example_xcomargs.py
[2026-03-04T20:15:15.108+0000] {processor.py:840} INFO - DAG(s) 'example_xcom_args_with_operators', 'example_xcom_args' retrieved from /Users/HP/storypoints-week1/venv/lib/python3.11/site-packages/airflow/example_dags/example_xcomargs.py
[2026-03-04T20:15:15.169+0000] {logging_mixin.py:188} INFO - [2026-03-04T20:15:15.168+0000] {dag.py:3033} INFO - Sync 2 DAGs
[2026-03-04T20:15:15.175+0000] {logging_mixin.py:188} INFO - [2026-03-04T20:15:15.175+0000] {dag.py:3820} INFO - Setting next_dagrun for example_xcom_args to None, run_after=None
[2026-03-04T20:15:15.177+0000] {logging_mixin.py:188} INFO - [2026-03-04T20:15:15.177+0000] {dag.py:3820} INFO - Setting next_dagrun for example_xcom_args_with_operators to None, run_after=None
[2026-03-04T20:15:15.188+0000] {processor.py:183} INFO - Processing /Users/HP/storypoints-week1/venv/lib/python3.11/site-packages/airflow/example_dags/example_xcomargs.py took 0.112 seconds
[2026-03-04T20:23:23.009+0000] {processor.py:161} INFO - Started process (PID=85784) to work on /Users/HP/storypoints-week1/venv/lib/python3.11/site-packages/airflow/example_dags/example_xcomargs.py
[2026-03-04T20:23:23.012+0000] {processor.py:830} INFO - Processing file /Users/HP/storypoints-week1/venv/lib/python3.11/site-packages/airflow/example_dags/example_xcomargs.py for tasks to queue
[2026-03-04T20:23:23.013+0000] {logging_mixin.py:188} INFO - [2026-03-04T20:23:23.013+0000] {dagbag.py:538} INFO - Filling up the DagBag from /Users/HP/storypoints-week1/venv/lib/python3.11/site-packages/airflow/example_dags/example_xcomargs.py
[2026-03-04T20:23:23.039+0000] {processor.py:840} INFO - DAG(s) 'example_xcom_args_with_operators', 'example_xcom_args' retrieved from /Users/HP/storypoints-week1/venv/lib/python3.11/site-packages/airflow/example_dags/example_xcomargs.py
[2026-03-04T20:23:23.097+0000] {logging_mixin.py:188} INFO - [2026-03-04T20:23:23.097+0000] {dag.py:3033} INFO - Sync 2 DAGs
[2026-03-04T20:23:23.103+0000] {logging_mixin.py:188} INFO - [2026-03-04T20:23:23.103+0000] {dag.py:3820} INFO - Setting next_dagrun for example_xcom_args to None, run_after=None
[2026-03-04T20:23:23.104+0000] {logging_mixin.py:188} INFO - [2026-03-04T20:23:23.104+0000] {dag.py:3820} INFO - Setting next_dagrun for example_xcom_args_with_operators to None, run_after=None
[2026-03-04T20:23:23.114+0000] {processor.py:183} INFO - Processing /Users/HP/storypoints-week1/venv/lib/python3.11/site-packages/airflow/example_dags/example_xcomargs.py took 0.106 seconds
[2026-03-04T20:24:52.868+0000] {processor.py:161} INFO - Started process (PID=86625) to work on /Users/HP/storypoints-week1/venv/lib/python3.11/site-packages/airflow/example_dags/example_xcomargs.py
[2026-03-04T20:24:52.871+0000] {processor.py:830} INFO - Processing file /Users/HP/storypoints-week1/venv/lib/python3.11/site-packages/airflow/example_dags/example_xcomargs.py for tasks to queue
[2026-03-04T20:24:52.872+0000] {logging_mixin.py:188} INFO - [2026-03-04T20:24:52.872+0000] {dagbag.py:538} INFO - Filling up the DagBag from /Users/HP/storypoints-week1/venv/lib/python3.11/site-packages/airflow/example_dags/example_xcomargs.py
[2026-03-04T20:24:52.899+0000] {processor.py:840} INFO - DAG(s) 'example_xcom_args_with_operators', 'example_xcom_args' retrieved from /Users/HP/storypoints-week1/venv/lib/python3.11/site-packages/airflow/example_dags/example_xcomargs.py
[2026-03-04T20:24:52.961+0000] {logging_mixin.py:188} INFO - [2026-03-04T20:24:52.961+0000] {dag.py:3033} INFO - Sync 2 DAGs
[2026-03-04T20:24:52.967+0000] {logging_mixin.py:188} INFO - [2026-03-04T20:24:52.967+0000] {dag.py:3820} INFO - Setting next_dagrun for example_xcom_args to None, run_after=None
[2026-03-04T20:24:52.969+0000] {logging_mixin.py:188} INFO - [2026-03-04T20:24:52.969+0000] {dag.py:3820} INFO - Setting next_dagrun for example_xcom_args_with_operators to None, run_after=None
[2026-03-04T20:24:52.980+0000] {processor.py:183} INFO - Processing /Users/HP/storypoints-week1/venv/lib/python3.11/site-packages/airflow/example_dags/example_xcomargs.py took 0.112 seconds
[2026-03-04T20:29:31.341+0000] {processor.py:161} INFO - Started process (PID=87356) to work on /Users/HP/storypoints-week1/venv/lib/python3.11/site-packages/airflow/example_dags/example_xcomargs.py
[2026-03-04T20:29:31.343+0000] {processor.py:830} INFO - Processing file /Users/HP/storypoints-week1/venv/lib/python3.11/site-packages/airflow/example_dags/example_xcomargs.py for tasks to queue
[2026-03-04T20:29:31.345+0000] {logging_mixin.py:188} INFO - [2026-03-04T20:29:31.345+0000] {dagbag.py:538} INFO - Filling up the DagBag from /Users/HP/storypoints-week1/venv/lib/python3.11/site-packages/airflow/example_dags/example_xcomargs.py
[2026-03-04T20:29:31.370+0000] {processor.py:840} INFO - DAG(s) 'example_xcom_args', 'example_xcom_args_with_operators' retrieved from /Users/HP/storypoints-week1/venv/lib/python3.11/site-packages/airflow/example_dags/example_xcomargs.py
[2026-03-04T20:29:31.432+0000] {logging_mixin.py:188} INFO - [2026-03-04T20:29:31.432+0000] {dag.py:3033} INFO - Sync 2 DAGs
[2026-03-04T20:29:31.438+0000] {logging_mixin.py:188} INFO - [2026-03-04T20:29:31.438+0000] {dag.py:3820} INFO - Setting next_dagrun for example_xcom_args to None, run_after=None
[2026-03-04T20:29:31.440+0000] {logging_mixin.py:188} INFO - [2026-03-04T20:29:31.440+0000] {dag.py:3820} INFO - Setting next_dagrun for example_xcom_args_with_operators to None, run_after=None
[2026-03-04T20:29:31.450+0000] {processor.py:183} INFO - Processing /Users/HP/storypoints-week1/venv/lib/python3.11/site-packages/airflow/example_dags/example_xcomargs.py took 0.109 seconds
[2026-03-04T20:48:43.410+0000] {processor.py:161} INFO - Started process (PID=88164) to work on /Users/HP/storypoints-week1/venv/lib/python3.11/site-packages/airflow/example_dags/example_xcomargs.py
[2026-03-04T20:48:43.412+0000] {processor.py:830} INFO - Processing file /Users/HP/storypoints-week1/venv/lib/python3.11/site-packages/airflow/example_dags/example_xcomargs.py for tasks to queue
[2026-03-04T20:48:43.413+0000] {logging_mixin.py:188} INFO - [2026-03-04T20:48:43.413+0000] {dagbag.py:538} INFO - Filling up the DagBag from /Users/HP/storypoints-week1/venv/lib/python3.11/site-packages/airflow/example_dags/example_xcomargs.py
[2026-03-04T20:48:43.440+0000] {processor.py:840} INFO - DAG(s) 'example_xcom_args_with_operators', 'example_xcom_args' retrieved from /Users/HP/storypoints-week1/venv/lib/python3.11/site-packages/airflow/example_dags/example_xcomargs.py
[2026-03-04T20:48:43.501+0000] {logging_mixin.py:188} INFO - [2026-03-04T20:48:43.501+0000] {dag.py:3033} INFO - Sync 2 DAGs
[2026-03-04T20:48:43.507+0000] {logging_mixin.py:188} INFO - [2026-03-04T20:48:43.507+0000] {dag.py:3820} INFO - Setting next_dagrun for example_xcom_args to None, run_after=None
[2026-03-04T20:48:43.509+0000] {logging_mixin.py:188} INFO - [2026-03-04T20:48:43.509+0000] {dag.py:3820} INFO - Setting next_dagrun for example_xcom_args_with_operators to None, run_after=None
[2026-03-04T20:48:43.520+0000] {processor.py:183} INFO - Processing /Users/HP/storypoints-week1/venv/lib/python3.11/site-packages/airflow/example_dags/example_xcomargs.py took 0.111 seconds
[2026-03-04T22:17:26.534+0000] {processor.py:161} INFO - Started process (PID=88919) to work on /Users/HP/storypoints-week1/venv/lib/python3.11/site-packages/airflow/example_dags/example_xcomargs.py
[2026-03-04T22:17:26.537+0000] {processor.py:830} INFO - Processing file /Users/HP/storypoints-week1/venv/lib/python3.11/site-packages/airflow/example_dags/example_xcomargs.py for tasks to queue
[2026-03-04T22:17:26.538+0000] {logging_mixin.py:188} INFO - [2026-03-04T22:17:26.538+0000] {dagbag.py:538} INFO - Filling up the DagBag from /Users/HP/storypoints-week1/venv/lib/python3.11/site-packages/airflow/example_dags/example_xcomargs.py
[2026-03-04T22:17:26.564+0000] {processor.py:840} INFO - DAG(s) 'example_xcom_args_with_operators', 'example_xcom_args' retrieved from /Users/HP/storypoints-week1/venv/lib/python3.11/site-packages/airflow/example_dags/example_xcomargs.py
[2026-03-04T22:17:26.626+0000] {logging_mixin.py:188} INFO - [2026-03-04T22:17:26.626+0000] {dag.py:3033} INFO - Sync 2 DAGs
[2026-03-04T22:17:26.632+0000] {logging_mixin.py:188} INFO - [2026-03-04T22:17:26.632+0000] {dag.py:3820} INFO - Setting next_dagrun for example_xcom_args to None, run_after=None
[2026-03-04T22:17:26.634+0000] {logging_mixin.py:188} INFO - [2026-03-04T22:17:26.634+0000] {dag.py:3820} INFO - Setting next_dagrun for example_xcom_args_with_operators to None, run_after=None
[2026-03-04T22:17:26.646+0000] {processor.py:183} INFO - Processing /Users/HP/storypoints-week1/venv/lib/python3.11/site-packages/airflow/example_dags/example_xcomargs.py took 0.112 seconds
[2026-03-04T22:19:06.358+0000] {processor.py:161} INFO - Started process (PID=89862) to work on /Users/HP/storypoints-week1/venv/lib/python3.11/site-packages/airflow/example_dags/example_xcomargs.py
[2026-03-04T22:19:06.361+0000] {processor.py:830} INFO - Processing file /Users/HP/storypoints-week1/venv/lib/python3.11/site-packages/airflow/example_dags/example_xcomargs.py for tasks to queue
[2026-03-04T22:19:06.362+0000] {logging_mixin.py:188} INFO - [2026-03-04T22:19:06.362+0000] {dagbag.py:538} INFO - Filling up the DagBag from /Users/HP/storypoints-week1/venv/lib/python3.11/site-packages/airflow/example_dags/example_xcomargs.py
[2026-03-04T22:19:06.385+0000] {processor.py:840} INFO - DAG(s) 'example_xcom_args_with_operators', 'example_xcom_args' retrieved from /Users/HP/storypoints-week1/venv/lib/python3.11/site-packages/airflow/example_dags/example_xcomargs.py
[2026-03-04T22:19:06.439+0000] {logging_mixin.py:188} INFO - [2026-03-04T22:19:06.439+0000] {dag.py:3033} INFO - Sync 2 DAGs
[2026-03-04T22:19:06.445+0000] {logging_mixin.py:188} INFO - [2026-03-04T22:19:06.445+0000] {dag.py:3820} INFO - Setting next_dagrun for example_xcom_args to None, run_after=None
[2026-03-04T22:19:06.447+0000] {logging_mixin.py:188} INFO - [2026-03-04T22:19:06.447+0000] {dag.py:3820} INFO - Setting next_dagrun for example_xcom_args_with_operators to None, run_after=None
[2026-03-04T22:19:06.459+0000] {processor.py:183} INFO - Processing /Users/HP/storypoints-week1/venv/lib/python3.11/site-packages/airflow/example_dags/example_xcomargs.py took 0.102 seconds
[2026-03-04T23:05:53.752+0000] {processor.py:161} INFO - Started process (PID=90630) to work on /Users/HP/storypoints-week1/venv/lib/python3.11/site-packages/airflow/example_dags/example_xcomargs.py
[2026-03-04T23:05:53.755+0000] {processor.py:830} INFO - Processing file /Users/HP/storypoints-week1/venv/lib/python3.11/site-packages/airflow/example_dags/example_xcomargs.py for tasks to queue
[2026-03-04T23:05:53.757+0000] {logging_mixin.py:188} INFO - [2026-03-04T23:05:53.756+0000] {dagbag.py:538} INFO - Filling up the DagBag from /Users/HP/storypoints-week1/venv/lib/python3.11/site-packages/airflow/example_dags/example_xcomargs.py
[2026-03-04T23:05:53.784+0000] {processor.py:840} INFO - DAG(s) 'example_xcom_args', 'example_xcom_args_with_operators' retrieved from /Users/HP/storypoints-week1/venv/lib/python3.11/site-packages/airflow/example_dags/example_xcomargs.py
[2026-03-04T23:05:53.846+0000] {logging_mixin.py:188} INFO - [2026-03-04T23:05:53.846+0000] {dag.py:3033} INFO - Sync 2 DAGs
[2026-03-04T23:05:53.852+0000] {logging_mixin.py:188} INFO - [2026-03-04T23:05:53.852+0000] {dag.py:3820} INFO - Setting next_dagrun for example_xcom_args to None, run_after=None
[2026-03-04T23:05:53.854+0000] {logging_mixin.py:188} INFO - [2026-03-04T23:05:53.854+0000] {dag.py:3820} INFO - Setting next_dagrun for example_xcom_args_with_operators to None, run_after=None
[2026-03-04T23:05:53.865+0000] {processor.py:183} INFO - Processing /Users/HP/storypoints-week1/venv/lib/python3.11/site-packages/airflow/example_dags/example_xcomargs.py took 0.114 seconds
[2026-03-04T23:07:06.780+0000] {processor.py:161} INFO - Started process (PID=91334) to work on /Users/HP/storypoints-week1/venv/lib/python3.11/site-packages/airflow/example_dags/example_xcomargs.py
[2026-03-04T23:07:06.782+0000] {processor.py:830} INFO - Processing file /Users/HP/storypoints-week1/venv/lib/python3.11/site-packages/airflow/example_dags/example_xcomargs.py for tasks to queue
[2026-03-04T23:07:06.784+0000] {logging_mixin.py:188} INFO - [2026-03-04T23:07:06.783+0000] {dagbag.py:538} INFO - Filling up the DagBag from /Users/HP/storypoints-week1/venv/lib/python3.11/site-packages/airflow/example_dags/example_xcomargs.py
[2026-03-04T23:07:06.810+0000] {processor.py:840} INFO - DAG(s) 'example_xcom_args_with_operators', 'example_xcom_args' retrieved from /Users/HP/storypoints-week1/venv/lib/python3.11/site-packages/airflow/example_dags/example_xcomargs.py
[2026-03-04T23:07:06.871+0000] {logging_mixin.py:188} INFO - [2026-03-04T23:07:06.871+0000] {dag.py:3033} INFO - Sync 2 DAGs
[2026-03-04T23:07:06.877+0000] {logging_mixin.py:188} INFO - [2026-03-04T23:07:06.877+0000] {dag.py:3820} INFO - Setting next_dagrun for example_xcom_args to None, run_after=None
[2026-03-04T23:07:06.879+0000] {logging_mixin.py:188} INFO - [2026-03-04T23:07:06.879+0000] {dag.py:3820} INFO - Setting next_dagrun for example_xcom_args_with_operators to None, run_after=None
[2026-03-04T23:07:06.890+0000] {processor.py:183} INFO - Processing /Users/HP/storypoints-week1/venv/lib/python3.11/site-packages/airflow/example_dags/example_xcomargs.py took 0.111 seconds
[2026-03-04T23:19:15.866+0000] {processor.py:161} INFO - Started process (PID=92038) to work on /Users/HP/storypoints-week1/venv/lib/python3.11/site-packages/airflow/example_dags/example_xcomargs.py
[2026-03-04T23:19:15.868+0000] {processor.py:830} INFO - Processing file /Users/HP/storypoints-week1/venv/lib/python3.11/site-packages/airflow/example_dags/example_xcomargs.py for tasks to queue
[2026-03-04T23:19:15.869+0000] {logging_mixin.py:188} INFO - [2026-03-04T23:19:15.869+0000] {dagbag.py:538} INFO - Filling up the DagBag from /Users/HP/storypoints-week1/venv/lib/python3.11/site-packages/airflow/example_dags/example_xcomargs.py
[2026-03-04T23:19:15.896+0000] {processor.py:840} INFO - DAG(s) 'example_xcom_args_with_operators', 'example_xcom_args' retrieved from /Users/HP/storypoints-week1/venv/lib/python3.11/site-packages/airflow/example_dags/example_xcomargs.py
[2026-03-04T23:19:15.958+0000] {logging_mixin.py:188} INFO - [2026-03-04T23:19:15.958+0000] {dag.py:3033} INFO - Sync 2 DAGs
[2026-03-04T23:19:15.964+0000] {logging_mixin.py:188} INFO - [2026-03-04T23:19:15.964+0000] {dag.py:3820} INFO - Setting next_dagrun for example_xcom_args to None, run_after=None
[2026-03-04T23:19:15.966+0000] {logging_mixin.py:188} INFO - [2026-03-04T23:19:15.965+0000] {dag.py:3820} INFO - Setting next_dagrun for example_xcom_args_with_operators to None, run_after=None
[2026-03-04T23:19:15.976+0000] {processor.py:183} INFO - Processing /Users/HP/storypoints-week1/venv/lib/python3.11/site-packages/airflow/example_dags/example_xcomargs.py took 0.112 seconds
[2026-03-04T23:20:49.762+0000] {processor.py:161} INFO - Started process (PID=92742) to work on /Users/HP/storypoints-week1/venv/lib/python3.11/site-packages/airflow/example_dags/example_xcomargs.py
[2026-03-04T23:20:49.764+0000] {processor.py:830} INFO - Processing file /Users/HP/storypoints-week1/venv/lib/python3.11/site-packages/airflow/example_dags/example_xcomargs.py for tasks to queue
[2026-03-04T23:20:49.766+0000] {logging_mixin.py:188} INFO - [2026-03-04T23:20:49.766+0000] {dagbag.py:538} INFO - Filling up the DagBag from /Users/HP/storypoints-week1/venv/lib/python3.11/site-packages/airflow/example_dags/example_xcomargs.py
[2026-03-04T23:20:49.791+0000] {processor.py:840} INFO - DAG(s) 'example_xcom_args_with_operators', 'example_xcom_args' retrieved from /Users/HP/storypoints-week1/venv/lib/python3.11/site-packages/airflow/example_dags/example_xcomargs.py
[2026-03-04T23:20:49.850+0000] {logging_mixin.py:188} INFO - [2026-03-04T23:20:49.850+0000] {dag.py:3033} INFO - Sync 2 DAGs
[2026-03-04T23:20:49.856+0000] {logging_mixin.py:188} INFO - [2026-03-04T23:20:49.856+0000] {dag.py:3820} INFO - Setting next_dagrun for example_xcom_args to None, run_after=None
[2026-03-04T23:20:49.858+0000] {logging_mixin.py:188} INFO - [2026-03-04T23:20:49.858+0000] {dag.py:3820} INFO - Setting next_dagrun for example_xcom_args_with_operators to None, run_after=None
[2026-03-04T23:20:49.869+0000] {processor.py:183} INFO - Processing /Users/HP/storypoints-week1/venv/lib/python3.11/site-packages/airflow/example_dags/example_xcomargs.py took 0.108 seconds
