[2026-03-04T19:01:56.597+0000] {processor.py:161} INFO - Started process (PID=54623) to work on /Users/HP/storypoints-week1/venv/lib/python3.11/site-packages/airflow/example_dags/example_short_circuit_operator.py
[2026-03-04T19:01:56.599+0000] {processor.py:830} INFO - Processing file /Users/HP/storypoints-week1/venv/lib/python3.11/site-packages/airflow/example_dags/example_short_circuit_operator.py for tasks to queue
[2026-03-04T19:01:56.601+0000] {logging_mixin.py:188} INFO - [2026-03-04T19:01:56.601+0000] {dagbag.py:538} INFO - Filling up the DagBag from /Users/HP/storypoints-week1/venv/lib/python3.11/site-packages/airflow/example_dags/example_short_circuit_operator.py
[2026-03-04T19:01:56.622+0000] {processor.py:840} INFO - DAG(s) 'example_short_circuit_operator' retrieved from /Users/HP/storypoints-week1/venv/lib/python3.11/site-packages/airflow/example_dags/example_short_circuit_operator.py
[2026-03-04T19:01:56.742+0000] {logging_mixin.py:188} INFO - [2026-03-04T19:01:56.741+0000] {override.py:1769} INFO - Created Permission View: can edit on DAG:example_short_circuit_operator
[2026-03-04T19:01:56.749+0000] {logging_mixin.py:188} INFO - [2026-03-04T19:01:56.749+0000] {override.py:1769} INFO - Created Permission View: can delete on DAG:example_short_circuit_operator
[2026-03-04T19:01:56.752+0000] {logging_mixin.py:188} INFO - [2026-03-04T19:01:56.752+0000] {override.py:1769} INFO - Created Permission View: can read on DAG:example_short_circuit_operator
[2026-03-04T19:01:56.753+0000] {logging_mixin.py:188} INFO - [2026-03-04T19:01:56.752+0000] {dag.py:3033} INFO - Sync 1 DAGs
[2026-03-04T19:01:56.759+0000] {logging_mixin.py:188} INFO - [2026-03-04T19:01:56.759+0000] {dag.py:3055} INFO - Creating ORM DAG for example_short_circuit_operator
[2026-03-04T19:01:56.764+0000] {logging_mixin.py:188} INFO - [2026-03-04T19:01:56.764+0000] {dag.py:3820} INFO - Setting next_dagrun for example_short_circuit_operator to 2026-03-03T00:00:00+00:00, run_after=2026-03-04T00:00:00+00:00
[2026-03-04T19:01:56.774+0000] {processor.py:183} INFO - Processing /Users/HP/storypoints-week1/venv/lib/python3.11/site-packages/airflow/example_dags/example_short_circuit_operator.py took 0.178 seconds
[2026-03-04T19:03:56.333+0000] {processor.py:161} INFO - Started process (PID=55757) to work on /Users/HP/storypoints-week1/venv/lib/python3.11/site-packages/airflow/example_dags/example_short_circuit_operator.py
[2026-03-04T19:03:56.336+0000] {processor.py:830} INFO - Processing file /Users/HP/storypoints-week1/venv/lib/python3.11/site-packages/airflow/example_dags/example_short_circuit_operator.py for tasks to queue
[2026-03-04T19:03:56.337+0000] {logging_mixin.py:188} INFO - [2026-03-04T19:03:56.337+0000] {dagbag.py:538} INFO - Filling up the DagBag from /Users/HP/storypoints-week1/venv/lib/python3.11/site-packages/airflow/example_dags/example_short_circuit_operator.py
[2026-03-04T19:03:56.356+0000] {processor.py:840} INFO - DAG(s) 'example_short_circuit_operator' retrieved from /Users/HP/storypoints-week1/venv/lib/python3.11/site-packages/airflow/example_dags/example_short_circuit_operator.py
[2026-03-04T19:03:56.416+0000] {logging_mixin.py:188} INFO - [2026-03-04T19:03:56.416+0000] {dag.py:3033} INFO - Sync 1 DAGs
[2026-03-04T19:03:56.427+0000] {logging_mixin.py:188} INFO - [2026-03-04T19:03:56.426+0000] {dag.py:3820} INFO - Setting next_dagrun for example_short_circuit_operator to 2026-03-03T00:00:00+00:00, run_after=2026-03-04T00:00:00+00:00
[2026-03-04T19:03:56.439+0000] {processor.py:183} INFO - Processing /Users/HP/storypoints-week1/venv/lib/python3.11/site-packages/airflow/example_dags/example_short_circuit_operator.py took 0.107 seconds
[2026-03-04T19:05:33.008+0000] {processor.py:161} INFO - Started process (PID=57075) to work on /Users/HP/storypoints-week1/venv/lib/python3.11/site-packages/airflow/example_dags/example_short_circuit_operator.py
[2026-03-04T19:05:33.010+0000] {processor.py:830} INFO - Processing file /Users/HP/storypoints-week1/venv/lib/python3.11/site-packages/airflow/example_dags/example_short_circuit_operator.py for tasks to queue
[2026-03-04T19:05:33.012+0000] {logging_mixin.py:188} INFO - [2026-03-04T19:05:33.012+0000] {dagbag.py:538} INFO - Filling up the DagBag from /Users/HP/storypoints-week1/venv/lib/python3.11/site-packages/airflow/example_dags/example_short_circuit_operator.py
[2026-03-04T19:05:33.035+0000] {processor.py:840} INFO - DAG(s) 'example_short_circuit_operator' retrieved from /Users/HP/storypoints-week1/venv/lib/python3.11/site-packages/airflow/example_dags/example_short_circuit_operator.py
[2026-03-04T19:05:33.102+0000] {logging_mixin.py:188} INFO - [2026-03-04T19:05:33.102+0000] {dag.py:3033} INFO - Sync 1 DAGs
[2026-03-04T19:05:33.113+0000] {logging_mixin.py:188} INFO - [2026-03-04T19:05:33.113+0000] {dag.py:3820} INFO - Setting next_dagrun for example_short_circuit_operator to 2026-03-03T00:00:00+00:00, run_after=2026-03-04T00:00:00+00:00
[2026-03-04T19:05:33.128+0000] {processor.py:183} INFO - Processing /Users/HP/storypoints-week1/venv/lib/python3.11/site-packages/airflow/example_dags/example_short_circuit_operator.py took 0.121 seconds
[2026-03-04T19:06:58.191+0000] {processor.py:161} INFO - Started process (PID=57890) to work on /Users/HP/storypoints-week1/venv/lib/python3.11/site-packages/airflow/example_dags/example_short_circuit_operator.py
[2026-03-04T19:06:58.193+0000] {processor.py:830} INFO - Processing file /Users/HP/storypoints-week1/venv/lib/python3.11/site-packages/airflow/example_dags/example_short_circuit_operator.py for tasks to queue
[2026-03-04T19:06:58.195+0000] {logging_mixin.py:188} INFO - [2026-03-04T19:06:58.195+0000] {dagbag.py:538} INFO - Filling up the DagBag from /Users/HP/storypoints-week1/venv/lib/python3.11/site-packages/airflow/example_dags/example_short_circuit_operator.py
[2026-03-04T19:06:58.215+0000] {processor.py:840} INFO - DAG(s) 'example_short_circuit_operator' retrieved from /Users/HP/storypoints-week1/venv/lib/python3.11/site-packages/airflow/example_dags/example_short_circuit_operator.py
[2026-03-04T19:06:58.275+0000] {logging_mixin.py:188} INFO - [2026-03-04T19:06:58.275+0000] {dag.py:3033} INFO - Sync 1 DAGs
[2026-03-04T19:06:58.285+0000] {logging_mixin.py:188} INFO - [2026-03-04T19:06:58.285+0000] {dag.py:3820} INFO - Setting next_dagrun for example_short_circuit_operator to 2026-03-03T00:00:00+00:00, run_after=2026-03-04T00:00:00+00:00
[2026-03-04T19:06:58.298+0000] {processor.py:183} INFO - Processing /Users/HP/storypoints-week1/venv/lib/python3.11/site-packages/airflow/example_dags/example_short_circuit_operator.py took 0.108 seconds
[2026-03-04T19:08:12.848+0000] {processor.py:161} INFO - Started process (PID=58603) to work on /Users/HP/storypoints-week1/venv/lib/python3.11/site-packages/airflow/example_dags/example_short_circuit_operator.py
[2026-03-04T19:08:12.851+0000] {processor.py:830} INFO - Processing file /Users/HP/storypoints-week1/venv/lib/python3.11/site-packages/airflow/example_dags/example_short_circuit_operator.py for tasks to queue
[2026-03-04T19:08:12.852+0000] {logging_mixin.py:188} INFO - [2026-03-04T19:08:12.852+0000] {dagbag.py:538} INFO - Filling up the DagBag from /Users/HP/storypoints-week1/venv/lib/python3.11/site-packages/airflow/example_dags/example_short_circuit_operator.py
[2026-03-04T19:08:12.872+0000] {processor.py:840} INFO - DAG(s) 'example_short_circuit_operator' retrieved from /Users/HP/storypoints-week1/venv/lib/python3.11/site-packages/airflow/example_dags/example_short_circuit_operator.py
[2026-03-04T19:08:12.934+0000] {logging_mixin.py:188} INFO - [2026-03-04T19:08:12.934+0000] {dag.py:3033} INFO - Sync 1 DAGs
[2026-03-04T19:08:12.945+0000] {logging_mixin.py:188} INFO - [2026-03-04T19:08:12.945+0000] {dag.py:3820} INFO - Setting next_dagrun for example_short_circuit_operator to 2026-03-03T00:00:00+00:00, run_after=2026-03-04T00:00:00+00:00
[2026-03-04T19:08:12.958+0000] {processor.py:183} INFO - Processing /Users/HP/storypoints-week1/venv/lib/python3.11/site-packages/airflow/example_dags/example_short_circuit_operator.py took 0.110 seconds
[2026-03-04T19:09:34.990+0000] {processor.py:161} INFO - Started process (PID=59385) to work on /Users/HP/storypoints-week1/venv/lib/python3.11/site-packages/airflow/example_dags/example_short_circuit_operator.py
[2026-03-04T19:09:34.993+0000] {processor.py:830} INFO - Processing file /Users/HP/storypoints-week1/venv/lib/python3.11/site-packages/airflow/example_dags/example_short_circuit_operator.py for tasks to queue
[2026-03-04T19:09:34.996+0000] {logging_mixin.py:188} INFO - [2026-03-04T19:09:34.995+0000] {dagbag.py:538} INFO - Filling up the DagBag from /Users/HP/storypoints-week1/venv/lib/python3.11/site-packages/airflow/example_dags/example_short_circuit_operator.py
[2026-03-04T19:09:35.023+0000] {processor.py:840} INFO - DAG(s) 'example_short_circuit_operator' retrieved from /Users/HP/storypoints-week1/venv/lib/python3.11/site-packages/airflow/example_dags/example_short_circuit_operator.py
[2026-03-04T19:09:35.100+0000] {logging_mixin.py:188} INFO - [2026-03-04T19:09:35.100+0000] {dag.py:3033} INFO - Sync 1 DAGs
[2026-03-04T19:09:35.113+0000] {logging_mixin.py:188} INFO - [2026-03-04T19:09:35.113+0000] {dag.py:3820} INFO - Setting next_dagrun for example_short_circuit_operator to 2026-03-03T00:00:00+00:00, run_after=2026-03-04T00:00:00+00:00
[2026-03-04T19:09:35.129+0000] {processor.py:183} INFO - Processing /Users/HP/storypoints-week1/venv/lib/python3.11/site-packages/airflow/example_dags/example_short_circuit_operator.py took 0.140 seconds
[2026-03-04T19:10:56.735+0000] {processor.py:161} INFO - Started process (PID=60164) to work on /Users/HP/storypoints-week1/venv/lib/python3.11/site-packages/airflow/example_dags/example_short_circuit_operator.py
[2026-03-04T19:10:56.738+0000] {processor.py:830} INFO - Processing file /Users/HP/storypoints-week1/venv/lib/python3.11/site-packages/airflow/example_dags/example_short_circuit_operator.py for tasks to queue
[2026-03-04T19:10:56.739+0000] {logging_mixin.py:188} INFO - [2026-03-04T19:10:56.739+0000] {dagbag.py:538} INFO - Filling up the DagBag from /Users/HP/storypoints-week1/venv/lib/python3.11/site-packages/airflow/example_dags/example_short_circuit_operator.py
[2026-03-04T19:10:56.758+0000] {processor.py:840} INFO - DAG(s) 'example_short_circuit_operator' retrieved from /Users/HP/storypoints-week1/venv/lib/python3.11/site-packages/airflow/example_dags/example_short_circuit_operator.py
[2026-03-04T19:10:56.821+0000] {logging_mixin.py:188} INFO - [2026-03-04T19:10:56.821+0000] {dag.py:3033} INFO - Sync 1 DAGs
[2026-03-04T19:10:56.832+0000] {logging_mixin.py:188} INFO - [2026-03-04T19:10:56.832+0000] {dag.py:3820} INFO - Setting next_dagrun for example_short_circuit_operator to 2026-03-03T00:00:00+00:00, run_after=2026-03-04T00:00:00+00:00
[2026-03-04T19:10:56.844+0000] {processor.py:183} INFO - Processing /Users/HP/storypoints-week1/venv/lib/python3.11/site-packages/airflow/example_dags/example_short_circuit_operator.py took 0.110 seconds
[2026-03-04T19:12:16.564+0000] {processor.py:161} INFO - Started process (PID=60940) to work on /Users/HP/storypoints-week1/venv/lib/python3.11/site-packages/airflow/example_dags/example_short_circuit_operator.py
[2026-03-04T19:12:16.567+0000] {processor.py:830} INFO - Processing file /Users/HP/storypoints-week1/venv/lib/python3.11/site-packages/airflow/example_dags/example_short_circuit_operator.py for tasks to queue
[2026-03-04T19:12:16.569+0000] {logging_mixin.py:188} INFO - [2026-03-04T19:12:16.569+0000] {dagbag.py:538} INFO - Filling up the DagBag from /Users/HP/storypoints-week1/venv/lib/python3.11/site-packages/airflow/example_dags/example_short_circuit_operator.py
[2026-03-04T19:12:16.589+0000] {processor.py:840} INFO - DAG(s) 'example_short_circuit_operator' retrieved from /Users/HP/storypoints-week1/venv/lib/python3.11/site-packages/airflow/example_dags/example_short_circuit_operator.py
[2026-03-04T19:12:16.650+0000] {logging_mixin.py:188} INFO - [2026-03-04T19:12:16.650+0000] {dag.py:3033} INFO - Sync 1 DAGs
[2026-03-04T19:12:16.661+0000] {logging_mixin.py:188} INFO - [2026-03-04T19:12:16.661+0000] {dag.py:3820} INFO - Setting next_dagrun for example_short_circuit_operator to 2026-03-03T00:00:00+00:00, run_after=2026-03-04T00:00:00+00:00
[2026-03-04T19:12:16.675+0000] {processor.py:183} INFO - Processing /Users/HP/storypoints-week1/venv/lib/python3.11/site-packages/airflow/example_dags/example_short_circuit_operator.py took 0.112 seconds
[2026-03-04T19:33:47.502+0000] {processor.py:161} INFO - Started process (PID=74562) to work on /Users/HP/storypoints-week1/venv/lib/python3.11/site-packages/airflow/example_dags/example_short_circuit_operator.py
[2026-03-04T19:33:47.505+0000] {processor.py:830} INFO - Processing file /Users/HP/storypoints-week1/venv/lib/python3.11/site-packages/airflow/example_dags/example_short_circuit_operator.py for tasks to queue
[2026-03-04T19:33:47.507+0000] {logging_mixin.py:188} INFO - [2026-03-04T19:33:47.507+0000] {dagbag.py:538} INFO - Filling up the DagBag from /Users/HP/storypoints-week1/venv/lib/python3.11/site-packages/airflow/example_dags/example_short_circuit_operator.py
[2026-03-04T19:33:47.533+0000] {processor.py:840} INFO - DAG(s) 'example_short_circuit_operator' retrieved from /Users/HP/storypoints-week1/venv/lib/python3.11/site-packages/airflow/example_dags/example_short_circuit_operator.py
[2026-03-04T19:33:47.610+0000] {logging_mixin.py:188} INFO - [2026-03-04T19:33:47.609+0000] {dag.py:3033} INFO - Sync 1 DAGs
[2026-03-04T19:33:47.622+0000] {logging_mixin.py:188} INFO - [2026-03-04T19:33:47.622+0000] {dag.py:3820} INFO - Setting next_dagrun for example_short_circuit_operator to 2026-03-03T00:00:00+00:00, run_after=2026-03-04T00:00:00+00:00
[2026-03-04T19:33:47.638+0000] {processor.py:183} INFO - Processing /Users/HP/storypoints-week1/venv/lib/python3.11/site-packages/airflow/example_dags/example_short_circuit_operator.py took 0.137 seconds
[2026-03-04T19:36:22.804+0000] {processor.py:161} INFO - Started process (PID=76252) to work on /Users/HP/storypoints-week1/venv/lib/python3.11/site-packages/airflow/example_dags/example_short_circuit_operator.py
[2026-03-04T19:36:22.806+0000] {processor.py:830} INFO - Processing file /Users/HP/storypoints-week1/venv/lib/python3.11/site-packages/airflow/example_dags/example_short_circuit_operator.py for tasks to queue
[2026-03-04T19:36:22.808+0000] {logging_mixin.py:188} INFO - [2026-03-04T19:36:22.808+0000] {dagbag.py:538} INFO - Filling up the DagBag from /Users/HP/storypoints-week1/venv/lib/python3.11/site-packages/airflow/example_dags/example_short_circuit_operator.py
[2026-03-04T19:36:22.829+0000] {processor.py:840} INFO - DAG(s) 'example_short_circuit_operator' retrieved from /Users/HP/storypoints-week1/venv/lib/python3.11/site-packages/airflow/example_dags/example_short_circuit_operator.py
[2026-03-04T19:36:22.892+0000] {logging_mixin.py:188} INFO - [2026-03-04T19:36:22.892+0000] {dag.py:3033} INFO - Sync 1 DAGs
[2026-03-04T19:36:22.903+0000] {logging_mixin.py:188} INFO - [2026-03-04T19:36:22.902+0000] {dag.py:3820} INFO - Setting next_dagrun for example_short_circuit_operator to 2026-03-03T00:00:00+00:00, run_after=2026-03-04T00:00:00+00:00
[2026-03-04T19:36:22.915+0000] {processor.py:183} INFO - Processing /Users/HP/storypoints-week1/venv/lib/python3.11/site-packages/airflow/example_dags/example_short_circuit_operator.py took 0.112 seconds
[2026-03-04T19:38:11.413+0000] {processor.py:161} INFO - Started process (PID=77276) to work on /Users/HP/storypoints-week1/venv/lib/python3.11/site-packages/airflow/example_dags/example_short_circuit_operator.py
[2026-03-04T19:38:11.416+0000] {processor.py:830} INFO - Processing file /Users/HP/storypoints-week1/venv/lib/python3.11/site-packages/airflow/example_dags/example_short_circuit_operator.py for tasks to queue
[2026-03-04T19:38:11.418+0000] {logging_mixin.py:188} INFO - [2026-03-04T19:38:11.418+0000] {dagbag.py:538} INFO - Filling up the DagBag from /Users/HP/storypoints-week1/venv/lib/python3.11/site-packages/airflow/example_dags/example_short_circuit_operator.py
[2026-03-04T19:38:11.438+0000] {processor.py:840} INFO - DAG(s) 'example_short_circuit_operator' retrieved from /Users/HP/storypoints-week1/venv/lib/python3.11/site-packages/airflow/example_dags/example_short_circuit_operator.py
[2026-03-04T19:38:11.501+0000] {logging_mixin.py:188} INFO - [2026-03-04T19:38:11.501+0000] {dag.py:3033} INFO - Sync 1 DAGs
[2026-03-04T19:38:11.512+0000] {logging_mixin.py:188} INFO - [2026-03-04T19:38:11.512+0000] {dag.py:3820} INFO - Setting next_dagrun for example_short_circuit_operator to 2026-03-03T00:00:00+00:00, run_after=2026-03-04T00:00:00+00:00
[2026-03-04T19:38:11.525+0000] {processor.py:183} INFO - Processing /Users/HP/storypoints-week1/venv/lib/python3.11/site-packages/airflow/example_dags/example_short_circuit_operator.py took 0.112 seconds
[2026-03-04T19:39:28.776+0000] {processor.py:161} INFO - Started process (PID=78023) to work on /Users/HP/storypoints-week1/venv/lib/python3.11/site-packages/airflow/example_dags/example_short_circuit_operator.py
[2026-03-04T19:39:28.778+0000] {processor.py:830} INFO - Processing file /Users/HP/storypoints-week1/venv/lib/python3.11/site-packages/airflow/example_dags/example_short_circuit_operator.py for tasks to queue
[2026-03-04T19:39:28.779+0000] {logging_mixin.py:188} INFO - [2026-03-04T19:39:28.779+0000] {dagbag.py:538} INFO - Filling up the DagBag from /Users/HP/storypoints-week1/venv/lib/python3.11/site-packages/airflow/example_dags/example_short_circuit_operator.py
[2026-03-04T19:39:28.799+0000] {processor.py:840} INFO - DAG(s) 'example_short_circuit_operator' retrieved from /Users/HP/storypoints-week1/venv/lib/python3.11/site-packages/airflow/example_dags/example_short_circuit_operator.py
[2026-03-04T19:39:28.859+0000] {logging_mixin.py:188} INFO - [2026-03-04T19:39:28.859+0000] {dag.py:3033} INFO - Sync 1 DAGs
[2026-03-04T19:39:28.870+0000] {logging_mixin.py:188} INFO - [2026-03-04T19:39:28.870+0000] {dag.py:3820} INFO - Setting next_dagrun for example_short_circuit_operator to 2026-03-03T00:00:00+00:00, run_after=2026-03-04T00:00:00+00:00
[2026-03-04T19:39:28.881+0000] {processor.py:183} INFO - Processing /Users/HP/storypoints-week1/venv/lib/python3.11/site-packages/airflow/example_dags/example_short_circuit_operator.py took 0.106 seconds
[2026-03-04T19:40:42.637+0000] {processor.py:161} INFO - Started process (PID=78719) to work on /Users/HP/storypoints-week1/venv/lib/python3.11/site-packages/airflow/example_dags/example_short_circuit_operator.py
[2026-03-04T19:40:42.639+0000] {processor.py:830} INFO - Processing file /Users/HP/storypoints-week1/venv/lib/python3.11/site-packages/airflow/example_dags/example_short_circuit_operator.py for tasks to queue
[2026-03-04T19:40:42.641+0000] {logging_mixin.py:188} INFO - [2026-03-04T19:40:42.641+0000] {dagbag.py:538} INFO - Filling up the DagBag from /Users/HP/storypoints-week1/venv/lib/python3.11/site-packages/airflow/example_dags/example_short_circuit_operator.py
[2026-03-04T19:40:42.659+0000] {processor.py:840} INFO - DAG(s) 'example_short_circuit_operator' retrieved from /Users/HP/storypoints-week1/venv/lib/python3.11/site-packages/airflow/example_dags/example_short_circuit_operator.py
[2026-03-04T19:40:42.721+0000] {logging_mixin.py:188} INFO - [2026-03-04T19:40:42.721+0000] {dag.py:3033} INFO - Sync 1 DAGs
[2026-03-04T19:40:42.732+0000] {logging_mixin.py:188} INFO - [2026-03-04T19:40:42.732+0000] {dag.py:3820} INFO - Setting next_dagrun for example_short_circuit_operator to 2026-03-03T00:00:00+00:00, run_after=2026-03-04T00:00:00+00:00
[2026-03-04T19:40:42.744+0000] {processor.py:183} INFO - Processing /Users/HP/storypoints-week1/venv/lib/python3.11/site-packages/airflow/example_dags/example_short_circuit_operator.py took 0.108 seconds
[2026-03-04T19:41:56.337+0000] {processor.py:161} INFO - Started process (PID=79411) to work on /Users/HP/storypoints-week1/venv/lib/python3.11/site-packages/airflow/example_dags/example_short_circuit_operator.py
[2026-03-04T19:41:56.340+0000] {processor.py:830} INFO - Processing file /Users/HP/storypoints-week1/venv/lib/python3.11/site-packages/airflow/example_dags/example_short_circuit_operator.py for tasks to queue
[2026-03-04T19:41:56.341+0000] {logging_mixin.py:188} INFO - [2026-03-04T19:41:56.341+0000] {dagbag.py:538} INFO - Filling up the DagBag from /Users/HP/storypoints-week1/venv/lib/python3.11/site-packages/airflow/example_dags/example_short_circuit_operator.py
[2026-03-04T19:41:56.360+0000] {processor.py:840} INFO - DAG(s) 'example_short_circuit_operator' retrieved from /Users/HP/storypoints-week1/venv/lib/python3.11/site-packages/airflow/example_dags/example_short_circuit_operator.py
[2026-03-04T19:41:56.423+0000] {logging_mixin.py:188} INFO - [2026-03-04T19:41:56.423+0000] {dag.py:3033} INFO - Sync 1 DAGs
[2026-03-04T19:41:56.434+0000] {logging_mixin.py:188} INFO - [2026-03-04T19:41:56.434+0000] {dag.py:3820} INFO - Setting next_dagrun for example_short_circuit_operator to 2026-03-03T00:00:00+00:00, run_after=2026-03-04T00:00:00+00:00
[2026-03-04T19:41:56.446+0000] {processor.py:183} INFO - Processing /Users/HP/storypoints-week1/venv/lib/python3.11/site-packages/airflow/example_dags/example_short_circuit_operator.py took 0.109 seconds
[2026-03-04T19:43:10.307+0000] {processor.py:161} INFO - Started process (PID=80103) to work on /Users/HP/storypoints-week1/venv/lib/python3.11/site-packages/airflow/example_dags/example_short_circuit_operator.py
[2026-03-04T19:43:10.309+0000] {processor.py:830} INFO - Processing file /Users/HP/storypoints-week1/venv/lib/python3.11/site-packages/airflow/example_dags/example_short_circuit_operator.py for tasks to queue
[2026-03-04T19:43:10.311+0000] {logging_mixin.py:188} INFO - [2026-03-04T19:43:10.311+0000] {dagbag.py:538} INFO - Filling up the DagBag from /Users/HP/storypoints-week1/venv/lib/python3.11/site-packages/airflow/example_dags/example_short_circuit_operator.py
[2026-03-04T19:43:10.330+0000] {processor.py:840} INFO - DAG(s) 'example_short_circuit_operator' retrieved from /Users/HP/storypoints-week1/venv/lib/python3.11/site-packages/airflow/example_dags/example_short_circuit_operator.py
[2026-03-04T19:43:10.387+0000] {logging_mixin.py:188} INFO - [2026-03-04T19:43:10.386+0000] {dag.py:3033} INFO - Sync 1 DAGs
[2026-03-04T19:43:10.396+0000] {logging_mixin.py:188} INFO - [2026-03-04T19:43:10.396+0000] {dag.py:3820} INFO - Setting next_dagrun for example_short_circuit_operator to 2026-03-03T00:00:00+00:00, run_after=2026-03-04T00:00:00+00:00
[2026-03-04T19:43:10.410+0000] {processor.py:183} INFO - Processing /Users/HP/storypoints-week1/venv/lib/python3.11/site-packages/airflow/example_dags/example_short_circuit_operator.py took 0.104 seconds
[2026-03-04T19:44:23.389+0000] {processor.py:161} INFO - Started process (PID=80791) to work on /Users/HP/storypoints-week1/venv/lib/python3.11/site-packages/airflow/example_dags/example_short_circuit_operator.py
[2026-03-04T19:44:23.391+0000] {processor.py:830} INFO - Processing file /Users/HP/storypoints-week1/venv/lib/python3.11/site-packages/airflow/example_dags/example_short_circuit_operator.py for tasks to queue
[2026-03-04T19:44:23.393+0000] {logging_mixin.py:188} INFO - [2026-03-04T19:44:23.392+0000] {dagbag.py:538} INFO - Filling up the DagBag from /Users/HP/storypoints-week1/venv/lib/python3.11/site-packages/airflow/example_dags/example_short_circuit_operator.py
[2026-03-04T19:44:23.411+0000] {processor.py:840} INFO - DAG(s) 'example_short_circuit_operator' retrieved from /Users/HP/storypoints-week1/venv/lib/python3.11/site-packages/airflow/example_dags/example_short_circuit_operator.py
[2026-03-04T19:44:23.471+0000] {logging_mixin.py:188} INFO - [2026-03-04T19:44:23.471+0000] {dag.py:3033} INFO - Sync 1 DAGs
[2026-03-04T19:44:23.482+0000] {logging_mixin.py:188} INFO - [2026-03-04T19:44:23.482+0000] {dag.py:3820} INFO - Setting next_dagrun for example_short_circuit_operator to 2026-03-03T00:00:00+00:00, run_after=2026-03-04T00:00:00+00:00
[2026-03-04T19:44:23.494+0000] {processor.py:183} INFO - Processing /Users/HP/storypoints-week1/venv/lib/python3.11/site-packages/airflow/example_dags/example_short_circuit_operator.py took 0.105 seconds
[2026-03-04T19:45:37.655+0000] {processor.py:161} INFO - Started process (PID=81497) to work on /Users/HP/storypoints-week1/venv/lib/python3.11/site-packages/airflow/example_dags/example_short_circuit_operator.py
[2026-03-04T19:45:37.657+0000] {processor.py:830} INFO - Processing file /Users/HP/storypoints-week1/venv/lib/python3.11/site-packages/airflow/example_dags/example_short_circuit_operator.py for tasks to queue
[2026-03-04T19:45:37.659+0000] {logging_mixin.py:188} INFO - [2026-03-04T19:45:37.659+0000] {dagbag.py:538} INFO - Filling up the DagBag from /Users/HP/storypoints-week1/venv/lib/python3.11/site-packages/airflow/example_dags/example_short_circuit_operator.py
[2026-03-04T19:45:37.678+0000] {processor.py:840} INFO - DAG(s) 'example_short_circuit_operator' retrieved from /Users/HP/storypoints-week1/venv/lib/python3.11/site-packages/airflow/example_dags/example_short_circuit_operator.py
[2026-03-04T19:45:37.738+0000] {logging_mixin.py:188} INFO - [2026-03-04T19:45:37.738+0000] {dag.py:3033} INFO - Sync 1 DAGs
[2026-03-04T19:45:37.749+0000] {logging_mixin.py:188} INFO - [2026-03-04T19:45:37.749+0000] {dag.py:3820} INFO - Setting next_dagrun for example_short_circuit_operator to 2026-03-03T00:00:00+00:00, run_after=2026-03-04T00:00:00+00:00
[2026-03-04T19:45:37.760+0000] {processor.py:183} INFO - Processing /Users/HP/storypoints-week1/venv/lib/python3.11/site-packages/airflow/example_dags/example_short_circuit_operator.py took 0.107 seconds
[2026-03-04T19:46:51.526+0000] {processor.py:161} INFO - Started process (PID=82200) to work on /Users/HP/storypoints-week1/venv/lib/python3.11/site-packages/airflow/example_dags/example_short_circuit_operator.py
[2026-03-04T19:46:51.528+0000] {processor.py:830} INFO - Processing file /Users/HP/storypoints-week1/venv/lib/python3.11/site-packages/airflow/example_dags/example_short_circuit_operator.py for tasks to queue
[2026-03-04T19:46:51.529+0000] {logging_mixin.py:188} INFO - [2026-03-04T19:46:51.529+0000] {dagbag.py:538} INFO - Filling up the DagBag from /Users/HP/storypoints-week1/venv/lib/python3.11/site-packages/airflow/example_dags/example_short_circuit_operator.py
[2026-03-04T19:46:51.548+0000] {processor.py:840} INFO - DAG(s) 'example_short_circuit_operator' retrieved from /Users/HP/storypoints-week1/venv/lib/python3.11/site-packages/airflow/example_dags/example_short_circuit_operator.py
[2026-03-04T19:46:51.610+0000] {logging_mixin.py:188} INFO - [2026-03-04T19:46:51.610+0000] {dag.py:3033} INFO - Sync 1 DAGs
[2026-03-04T19:46:51.621+0000] {logging_mixin.py:188} INFO - [2026-03-04T19:46:51.620+0000] {dag.py:3820} INFO - Setting next_dagrun for example_short_circuit_operator to 2026-03-03T00:00:00+00:00, run_after=2026-03-04T00:00:00+00:00
[2026-03-04T19:46:51.633+0000] {processor.py:183} INFO - Processing /Users/HP/storypoints-week1/venv/lib/python3.11/site-packages/airflow/example_dags/example_short_circuit_operator.py took 0.108 seconds
[2026-03-04T20:00:17.119+0000] {processor.py:161} INFO - Started process (PID=82916) to work on /Users/HP/storypoints-week1/venv/lib/python3.11/site-packages/airflow/example_dags/example_short_circuit_operator.py
[2026-03-04T20:00:17.121+0000] {processor.py:830} INFO - Processing file /Users/HP/storypoints-week1/venv/lib/python3.11/site-packages/airflow/example_dags/example_short_circuit_operator.py for tasks to queue
[2026-03-04T20:00:17.123+0000] {logging_mixin.py:188} INFO - [2026-03-04T20:00:17.123+0000] {dagbag.py:538} INFO - Filling up the DagBag from /Users/HP/storypoints-week1/venv/lib/python3.11/site-packages/airflow/example_dags/example_short_circuit_operator.py
[2026-03-04T20:00:17.142+0000] {processor.py:840} INFO - DAG(s) 'example_short_circuit_operator' retrieved from /Users/HP/storypoints-week1/venv/lib/python3.11/site-packages/airflow/example_dags/example_short_circuit_operator.py
[2026-03-04T20:00:17.197+0000] {logging_mixin.py:188} INFO - [2026-03-04T20:00:17.196+0000] {dag.py:3033} INFO - Sync 1 DAGs
[2026-03-04T20:00:17.206+0000] {logging_mixin.py:188} INFO - [2026-03-04T20:00:17.206+0000] {dag.py:3820} INFO - Setting next_dagrun for example_short_circuit_operator to 2026-03-03T00:00:00+00:00, run_after=2026-03-04T00:00:00+00:00
[2026-03-04T20:00:17.217+0000] {processor.py:183} INFO - Processing /Users/HP/storypoints-week1/venv/lib/python3.11/site-packages/airflow/example_dags/example_short_circuit_operator.py took 0.099 seconds
[2026-03-04T20:12:48.540+0000] {processor.py:161} INFO - Started process (PID=83679) to work on /Users/HP/storypoints-week1/venv/lib/python3.11/site-packages/airflow/example_dags/example_short_circuit_operator.py
[2026-03-04T20:12:48.543+0000] {processor.py:830} INFO - Processing file /Users/HP/storypoints-week1/venv/lib/python3.11/site-packages/airflow/example_dags/example_short_circuit_operator.py for tasks to queue
[2026-03-04T20:12:48.544+0000] {logging_mixin.py:188} INFO - [2026-03-04T20:12:48.544+0000] {dagbag.py:538} INFO - Filling up the DagBag from /Users/HP/storypoints-week1/venv/lib/python3.11/site-packages/airflow/example_dags/example_short_circuit_operator.py
[2026-03-04T20:12:48.562+0000] {processor.py:840} INFO - DAG(s) 'example_short_circuit_operator' retrieved from /Users/HP/storypoints-week1/venv/lib/python3.11/site-packages/airflow/example_dags/example_short_circuit_operator.py
[2026-03-04T20:12:48.620+0000] {logging_mixin.py:188} INFO - [2026-03-04T20:12:48.620+0000] {dag.py:3033} INFO - Sync 1 DAGs
[2026-03-04T20:12:48.630+0000] {logging_mixin.py:188} INFO - [2026-03-04T20:12:48.630+0000] {dag.py:3820} INFO - Setting next_dagrun for example_short_circuit_operator to 2026-03-03T00:00:00+00:00, run_after=2026-03-04T00:00:00+00:00
[2026-03-04T20:12:48.640+0000] {processor.py:183} INFO - Processing /Users/HP/storypoints-week1/venv/lib/python3.11/site-packages/airflow/example_dags/example_short_circuit_operator.py took 0.101 seconds
[2026-03-04T20:14:19.110+0000] {processor.py:161} INFO - Started process (PID=84517) to work on /Users/HP/storypoints-week1/venv/lib/python3.11/site-packages/airflow/example_dags/example_short_circuit_operator.py
[2026-03-04T20:14:19.112+0000] {processor.py:830} INFO - Processing file /Users/HP/storypoints-week1/venv/lib/python3.11/site-packages/airflow/example_dags/example_short_circuit_operator.py for tasks to queue
[2026-03-04T20:14:19.114+0000] {logging_mixin.py:188} INFO - [2026-03-04T20:14:19.114+0000] {dagbag.py:538} INFO - Filling up the DagBag from /Users/HP/storypoints-week1/venv/lib/python3.11/site-packages/airflow/example_dags/example_short_circuit_operator.py
[2026-03-04T20:14:19.134+0000] {processor.py:840} INFO - DAG(s) 'example_short_circuit_operator' retrieved from /Users/HP/storypoints-week1/venv/lib/python3.11/site-packages/airflow/example_dags/example_short_circuit_operator.py
[2026-03-04T20:14:19.194+0000] {logging_mixin.py:188} INFO - [2026-03-04T20:14:19.194+0000] {dag.py:3033} INFO - Sync 1 DAGs
[2026-03-04T20:14:19.205+0000] {logging_mixin.py:188} INFO - [2026-03-04T20:14:19.205+0000] {dag.py:3820} INFO - Setting next_dagrun for example_short_circuit_operator to 2026-03-03T00:00:00+00:00, run_after=2026-03-04T00:00:00+00:00
[2026-03-04T20:14:19.217+0000] {processor.py:183} INFO - Processing /Users/HP/storypoints-week1/venv/lib/python3.11/site-packages/airflow/example_dags/example_short_circuit_operator.py took 0.108 seconds
[2026-03-04T20:15:38.092+0000] {processor.py:161} INFO - Started process (PID=85249) to work on /Users/HP/storypoints-week1/venv/lib/python3.11/site-packages/airflow/example_dags/example_short_circuit_operator.py
[2026-03-04T20:15:38.095+0000] {processor.py:830} INFO - Processing file /Users/HP/storypoints-week1/venv/lib/python3.11/site-packages/airflow/example_dags/example_short_circuit_operator.py for tasks to queue
[2026-03-04T20:15:38.097+0000] {logging_mixin.py:188} INFO - [2026-03-04T20:15:38.097+0000] {dagbag.py:538} INFO - Filling up the DagBag from /Users/HP/storypoints-week1/venv/lib/python3.11/site-packages/airflow/example_dags/example_short_circuit_operator.py
[2026-03-04T20:15:38.116+0000] {processor.py:840} INFO - DAG(s) 'example_short_circuit_operator' retrieved from /Users/HP/storypoints-week1/venv/lib/python3.11/site-packages/airflow/example_dags/example_short_circuit_operator.py
[2026-03-04T20:15:38.174+0000] {logging_mixin.py:188} INFO - [2026-03-04T20:15:38.174+0000] {dag.py:3033} INFO - Sync 1 DAGs
[2026-03-04T20:15:38.185+0000] {logging_mixin.py:188} INFO - [2026-03-04T20:15:38.185+0000] {dag.py:3820} INFO - Setting next_dagrun for example_short_circuit_operator to 2026-03-03T00:00:00+00:00, run_after=2026-03-04T00:00:00+00:00
[2026-03-04T20:15:38.197+0000] {processor.py:183} INFO - Processing /Users/HP/storypoints-week1/venv/lib/python3.11/site-packages/airflow/example_dags/example_short_circuit_operator.py took 0.106 seconds
[2026-03-04T20:23:44.972+0000] {processor.py:161} INFO - Started process (PID=85991) to work on /Users/HP/storypoints-week1/venv/lib/python3.11/site-packages/airflow/example_dags/example_short_circuit_operator.py
[2026-03-04T20:23:44.975+0000] {processor.py:830} INFO - Processing file /Users/HP/storypoints-week1/venv/lib/python3.11/site-packages/airflow/example_dags/example_short_circuit_operator.py for tasks to queue
[2026-03-04T20:23:44.977+0000] {logging_mixin.py:188} INFO - [2026-03-04T20:23:44.977+0000] {dagbag.py:538} INFO - Filling up the DagBag from /Users/HP/storypoints-week1/venv/lib/python3.11/site-packages/airflow/example_dags/example_short_circuit_operator.py
[2026-03-04T20:23:44.996+0000] {processor.py:840} INFO - DAG(s) 'example_short_circuit_operator' retrieved from /Users/HP/storypoints-week1/venv/lib/python3.11/site-packages/airflow/example_dags/example_short_circuit_operator.py
[2026-03-04T20:23:45.060+0000] {logging_mixin.py:188} INFO - [2026-03-04T20:23:45.059+0000] {dag.py:3033} INFO - Sync 1 DAGs
[2026-03-04T20:23:45.070+0000] {logging_mixin.py:188} INFO - [2026-03-04T20:23:45.070+0000] {dag.py:3820} INFO - Setting next_dagrun for example_short_circuit_operator to 2026-03-03T00:00:00+00:00, run_after=2026-03-04T00:00:00+00:00
[2026-03-04T20:23:45.083+0000] {processor.py:183} INFO - Processing /Users/HP/storypoints-week1/venv/lib/python3.11/site-packages/airflow/example_dags/example_short_circuit_operator.py took 0.111 seconds
[2026-03-04T20:25:14.876+0000] {processor.py:161} INFO - Started process (PID=86829) to work on /Users/HP/storypoints-week1/venv/lib/python3.11/site-packages/airflow/example_dags/example_short_circuit_operator.py
[2026-03-04T20:25:14.879+0000] {processor.py:830} INFO - Processing file /Users/HP/storypoints-week1/venv/lib/python3.11/site-packages/airflow/example_dags/example_short_circuit_operator.py for tasks to queue
[2026-03-04T20:25:14.880+0000] {logging_mixin.py:188} INFO - [2026-03-04T20:25:14.880+0000] {dagbag.py:538} INFO - Filling up the DagBag from /Users/HP/storypoints-week1/venv/lib/python3.11/site-packages/airflow/example_dags/example_short_circuit_operator.py
[2026-03-04T20:25:14.899+0000] {processor.py:840} INFO - DAG(s) 'example_short_circuit_operator' retrieved from /Users/HP/storypoints-week1/venv/lib/python3.11/site-packages/airflow/example_dags/example_short_circuit_operator.py
[2026-03-04T20:25:14.966+0000] {logging_mixin.py:188} INFO - [2026-03-04T20:25:14.966+0000] {dag.py:3033} INFO - Sync 1 DAGs
[2026-03-04T20:25:14.977+0000] {logging_mixin.py:188} INFO - [2026-03-04T20:25:14.976+0000] {dag.py:3820} INFO - Setting next_dagrun for example_short_circuit_operator to 2026-03-03T00:00:00+00:00, run_after=2026-03-04T00:00:00+00:00
[2026-03-04T20:25:14.989+0000] {processor.py:183} INFO - Processing /Users/HP/storypoints-week1/venv/lib/python3.11/site-packages/airflow/example_dags/example_short_circuit_operator.py took 0.113 seconds
[2026-03-04T20:45:54.179+0000] {processor.py:161} INFO - Started process (PID=87572) to work on /Users/HP/storypoints-week1/venv/lib/python3.11/site-packages/airflow/example_dags/example_short_circuit_operator.py
[2026-03-04T20:45:54.181+0000] {processor.py:830} INFO - Processing file /Users/HP/storypoints-week1/venv/lib/python3.11/site-packages/airflow/example_dags/example_short_circuit_operator.py for tasks to queue
[2026-03-04T20:45:54.183+0000] {logging_mixin.py:188} INFO - [2026-03-04T20:45:54.183+0000] {dagbag.py:538} INFO - Filling up the DagBag from /Users/HP/storypoints-week1/venv/lib/python3.11/site-packages/airflow/example_dags/example_short_circuit_operator.py
[2026-03-04T20:45:54.203+0000] {processor.py:840} INFO - DAG(s) 'example_short_circuit_operator' retrieved from /Users/HP/storypoints-week1/venv/lib/python3.11/site-packages/airflow/example_dags/example_short_circuit_operator.py
[2026-03-04T20:45:54.264+0000] {logging_mixin.py:188} INFO - [2026-03-04T20:45:54.264+0000] {dag.py:3033} INFO - Sync 1 DAGs
[2026-03-04T20:45:54.273+0000] {logging_mixin.py:188} INFO - [2026-03-04T20:45:54.273+0000] {dag.py:3820} INFO - Setting next_dagrun for example_short_circuit_operator to 2026-03-03T00:00:00+00:00, run_after=2026-03-04T00:00:00+00:00
[2026-03-04T20:45:54.284+0000] {processor.py:183} INFO - Processing /Users/HP/storypoints-week1/venv/lib/python3.11/site-packages/airflow/example_dags/example_short_circuit_operator.py took 0.105 seconds
[2026-03-04T22:05:08.935+0000] {processor.py:161} INFO - Started process (PID=88379) to work on /Users/HP/storypoints-week1/venv/lib/python3.11/site-packages/airflow/example_dags/example_short_circuit_operator.py
[2026-03-04T22:05:08.938+0000] {processor.py:830} INFO - Processing file /Users/HP/storypoints-week1/venv/lib/python3.11/site-packages/airflow/example_dags/example_short_circuit_operator.py for tasks to queue
[2026-03-04T22:05:08.939+0000] {logging_mixin.py:188} INFO - [2026-03-04T22:05:08.939+0000] {dagbag.py:538} INFO - Filling up the DagBag from /Users/HP/storypoints-week1/venv/lib/python3.11/site-packages/airflow/example_dags/example_short_circuit_operator.py
[2026-03-04T22:05:08.958+0000] {processor.py:840} INFO - DAG(s) 'example_short_circuit_operator' retrieved from /Users/HP/storypoints-week1/venv/lib/python3.11/site-packages/airflow/example_dags/example_short_circuit_operator.py
[2026-03-04T22:05:09.014+0000] {logging_mixin.py:188} INFO - [2026-03-04T22:05:09.014+0000] {dag.py:3033} INFO - Sync 1 DAGs
[2026-03-04T22:05:09.024+0000] {logging_mixin.py:188} INFO - [2026-03-04T22:05:09.024+0000] {dag.py:3820} INFO - Setting next_dagrun for example_short_circuit_operator to 2026-03-03T00:00:00+00:00, run_after=2026-03-04T00:00:00+00:00
[2026-03-04T22:05:09.036+0000] {processor.py:183} INFO - Processing /Users/HP/storypoints-week1/venv/lib/python3.11/site-packages/airflow/example_dags/example_short_circuit_operator.py took 0.101 seconds
[2026-03-04T22:17:48.488+0000] {processor.py:161} INFO - Started process (PID=89129) to work on /Users/HP/storypoints-week1/venv/lib/python3.11/site-packages/airflow/example_dags/example_short_circuit_operator.py
[2026-03-04T22:17:48.491+0000] {processor.py:830} INFO - Processing file /Users/HP/storypoints-week1/venv/lib/python3.11/site-packages/airflow/example_dags/example_short_circuit_operator.py for tasks to queue
[2026-03-04T22:17:48.492+0000] {logging_mixin.py:188} INFO - [2026-03-04T22:17:48.492+0000] {dagbag.py:538} INFO - Filling up the DagBag from /Users/HP/storypoints-week1/venv/lib/python3.11/site-packages/airflow/example_dags/example_short_circuit_operator.py
[2026-03-04T22:17:48.511+0000] {processor.py:840} INFO - DAG(s) 'example_short_circuit_operator' retrieved from /Users/HP/storypoints-week1/venv/lib/python3.11/site-packages/airflow/example_dags/example_short_circuit_operator.py
[2026-03-04T22:17:48.571+0000] {logging_mixin.py:188} INFO - [2026-03-04T22:17:48.570+0000] {dag.py:3033} INFO - Sync 1 DAGs
[2026-03-04T22:17:48.581+0000] {logging_mixin.py:188} INFO - [2026-03-04T22:17:48.581+0000] {dag.py:3820} INFO - Setting next_dagrun for example_short_circuit_operator to 2026-03-03T00:00:00+00:00, run_after=2026-03-04T00:00:00+00:00
[2026-03-04T22:17:48.593+0000] {processor.py:183} INFO - Processing /Users/HP/storypoints-week1/venv/lib/python3.11/site-packages/airflow/example_dags/example_short_circuit_operator.py took 0.106 seconds
[2026-03-04T22:32:00.907+0000] {processor.py:161} INFO - Started process (PID=90089) to work on /Users/HP/storypoints-week1/venv/lib/python3.11/site-packages/airflow/example_dags/example_short_circuit_operator.py
[2026-03-04T22:32:00.909+0000] {processor.py:830} INFO - Processing file /Users/HP/storypoints-week1/venv/lib/python3.11/site-packages/airflow/example_dags/example_short_circuit_operator.py for tasks to queue
[2026-03-04T22:32:00.911+0000] {logging_mixin.py:188} INFO - [2026-03-04T22:32:00.911+0000] {dagbag.py:538} INFO - Filling up the DagBag from /Users/HP/storypoints-week1/venv/lib/python3.11/site-packages/airflow/example_dags/example_short_circuit_operator.py
[2026-03-04T22:32:00.930+0000] {processor.py:840} INFO - DAG(s) 'example_short_circuit_operator' retrieved from /Users/HP/storypoints-week1/venv/lib/python3.11/site-packages/airflow/example_dags/example_short_circuit_operator.py
[2026-03-04T22:32:00.986+0000] {logging_mixin.py:188} INFO - [2026-03-04T22:32:00.986+0000] {dag.py:3033} INFO - Sync 1 DAGs
[2026-03-04T22:32:00.995+0000] {logging_mixin.py:188} INFO - [2026-03-04T22:32:00.995+0000] {dag.py:3820} INFO - Setting next_dagrun for example_short_circuit_operator to 2026-03-03T00:00:00+00:00, run_after=2026-03-04T00:00:00+00:00
[2026-03-04T22:32:01.006+0000] {processor.py:183} INFO - Processing /Users/HP/storypoints-week1/venv/lib/python3.11/site-packages/airflow/example_dags/example_short_circuit_operator.py took 0.099 seconds
[2026-03-04T23:06:14.210+0000] {processor.py:161} INFO - Started process (PID=90828) to work on /Users/HP/storypoints-week1/venv/lib/python3.11/site-packages/airflow/example_dags/example_short_circuit_operator.py
[2026-03-04T23:06:14.213+0000] {processor.py:830} INFO - Processing file /Users/HP/storypoints-week1/venv/lib/python3.11/site-packages/airflow/example_dags/example_short_circuit_operator.py for tasks to queue
[2026-03-04T23:06:14.214+0000] {logging_mixin.py:188} INFO - [2026-03-04T23:06:14.214+0000] {dagbag.py:538} INFO - Filling up the DagBag from /Users/HP/storypoints-week1/venv/lib/python3.11/site-packages/airflow/example_dags/example_short_circuit_operator.py
[2026-03-04T23:06:14.233+0000] {processor.py:840} INFO - DAG(s) 'example_short_circuit_operator' retrieved from /Users/HP/storypoints-week1/venv/lib/python3.11/site-packages/airflow/example_dags/example_short_circuit_operator.py
[2026-03-04T23:06:14.293+0000] {logging_mixin.py:188} INFO - [2026-03-04T23:06:14.293+0000] {dag.py:3033} INFO - Sync 1 DAGs
[2026-03-04T23:06:14.303+0000] {logging_mixin.py:188} INFO - [2026-03-04T23:06:14.303+0000] {dag.py:3820} INFO - Setting next_dagrun for example_short_circuit_operator to 2026-03-03T00:00:00+00:00, run_after=2026-03-04T00:00:00+00:00
[2026-03-04T23:06:14.316+0000] {processor.py:183} INFO - Processing /Users/HP/storypoints-week1/venv/lib/python3.11/site-packages/airflow/example_dags/example_short_circuit_operator.py took 0.106 seconds
[2026-03-04T23:07:28.074+0000] {processor.py:161} INFO - Started process (PID=91537) to work on /Users/HP/storypoints-week1/venv/lib/python3.11/site-packages/airflow/example_dags/example_short_circuit_operator.py
[2026-03-04T23:07:28.077+0000] {processor.py:830} INFO - Processing file /Users/HP/storypoints-week1/venv/lib/python3.11/site-packages/airflow/example_dags/example_short_circuit_operator.py for tasks to queue
[2026-03-04T23:07:28.078+0000] {logging_mixin.py:188} INFO - [2026-03-04T23:07:28.078+0000] {dagbag.py:538} INFO - Filling up the DagBag from /Users/HP/storypoints-week1/venv/lib/python3.11/site-packages/airflow/example_dags/example_short_circuit_operator.py
[2026-03-04T23:07:28.097+0000] {processor.py:840} INFO - DAG(s) 'example_short_circuit_operator' retrieved from /Users/HP/storypoints-week1/venv/lib/python3.11/site-packages/airflow/example_dags/example_short_circuit_operator.py
[2026-03-04T23:07:28.157+0000] {logging_mixin.py:188} INFO - [2026-03-04T23:07:28.157+0000] {dag.py:3033} INFO - Sync 1 DAGs
[2026-03-04T23:07:28.167+0000] {logging_mixin.py:188} INFO - [2026-03-04T23:07:28.167+0000] {dag.py:3820} INFO - Setting next_dagrun for example_short_circuit_operator to 2026-03-03T00:00:00+00:00, run_after=2026-03-04T00:00:00+00:00
[2026-03-04T23:07:28.180+0000] {processor.py:183} INFO - Processing /Users/HP/storypoints-week1/venv/lib/python3.11/site-packages/airflow/example_dags/example_short_circuit_operator.py took 0.107 seconds
[2026-03-04T23:19:37.454+0000] {processor.py:161} INFO - Started process (PID=92251) to work on /Users/HP/storypoints-week1/venv/lib/python3.11/site-packages/airflow/example_dags/example_short_circuit_operator.py
[2026-03-04T23:19:37.456+0000] {processor.py:830} INFO - Processing file /Users/HP/storypoints-week1/venv/lib/python3.11/site-packages/airflow/example_dags/example_short_circuit_operator.py for tasks to queue
[2026-03-04T23:19:37.458+0000] {logging_mixin.py:188} INFO - [2026-03-04T23:19:37.458+0000] {dagbag.py:538} INFO - Filling up the DagBag from /Users/HP/storypoints-week1/venv/lib/python3.11/site-packages/airflow/example_dags/example_short_circuit_operator.py
[2026-03-04T23:19:37.477+0000] {processor.py:840} INFO - DAG(s) 'example_short_circuit_operator' retrieved from /Users/HP/storypoints-week1/venv/lib/python3.11/site-packages/airflow/example_dags/example_short_circuit_operator.py
[2026-03-04T23:19:37.537+0000] {logging_mixin.py:188} INFO - [2026-03-04T23:19:37.537+0000] {dag.py:3033} INFO - Sync 1 DAGs
[2026-03-04T23:19:37.547+0000] {logging_mixin.py:188} INFO - [2026-03-04T23:19:37.547+0000] {dag.py:3820} INFO - Setting next_dagrun for example_short_circuit_operator to 2026-03-03T00:00:00+00:00, run_after=2026-03-04T00:00:00+00:00
[2026-03-04T23:19:37.559+0000] {processor.py:183} INFO - Processing /Users/HP/storypoints-week1/venv/lib/python3.11/site-packages/airflow/example_dags/example_short_circuit_operator.py took 0.106 seconds
