[2026-03-04T19:03:05.758+0000] {processor.py:161} INFO - Started process (PID=55279) to work on /Users/HP/storypoints-week1/venv/lib/python3.11/site-packages/airflow/example_dags/example_bash_operator.py
[2026-03-04T19:03:05.761+0000] {processor.py:830} INFO - Processing file /Users/HP/storypoints-week1/venv/lib/python3.11/site-packages/airflow/example_dags/example_bash_operator.py for tasks to queue
[2026-03-04T19:03:05.762+0000] {logging_mixin.py:188} INFO - [2026-03-04T19:03:05.762+0000] {dagbag.py:538} INFO - Filling up the DagBag from /Users/HP/storypoints-week1/venv/lib/python3.11/site-packages/airflow/example_dags/example_bash_operator.py
[2026-03-04T19:03:05.770+0000] {processor.py:840} INFO - DAG(s) 'example_bash_operator' retrieved from /Users/HP/storypoints-week1/venv/lib/python3.11/site-packages/airflow/example_dags/example_bash_operator.py
[2026-03-04T19:03:05.890+0000] {logging_mixin.py:188} INFO - [2026-03-04T19:03:05.889+0000] {override.py:1769} INFO - Created Permission View: can read on DAG:example_bash_operator
[2026-03-04T19:03:05.895+0000] {logging_mixin.py:188} INFO - [2026-03-04T19:03:05.895+0000] {override.py:1769} INFO - Created Permission View: can edit on DAG:example_bash_operator
[2026-03-04T19:03:05.899+0000] {logging_mixin.py:188} INFO - [2026-03-04T19:03:05.899+0000] {override.py:1769} INFO - Created Permission View: can delete on DAG:example_bash_operator
[2026-03-04T19:03:05.899+0000] {logging_mixin.py:188} INFO - [2026-03-04T19:03:05.899+0000] {dag.py:3033} INFO - Sync 1 DAGs
[2026-03-04T19:03:05.906+0000] {logging_mixin.py:188} INFO - [2026-03-04T19:03:05.906+0000] {dag.py:3055} INFO - Creating ORM DAG for example_bash_operator
[2026-03-04T19:03:05.912+0000] {logging_mixin.py:188} INFO - [2026-03-04T19:03:05.912+0000] {dag.py:3820} INFO - Setting next_dagrun for example_bash_operator to 2026-03-03T00:00:00+00:00, run_after=2026-03-04T00:00:00+00:00
[2026-03-04T19:03:05.924+0000] {processor.py:183} INFO - Processing /Users/HP/storypoints-week1/venv/lib/python3.11/site-packages/airflow/example_dags/example_bash_operator.py took 0.166 seconds
[2026-03-04T19:06:12.498+0000] {processor.py:161} INFO - Started process (PID=57445) to work on /Users/HP/storypoints-week1/venv/lib/python3.11/site-packages/airflow/example_dags/example_bash_operator.py
[2026-03-04T19:06:12.501+0000] {processor.py:830} INFO - Processing file /Users/HP/storypoints-week1/venv/lib/python3.11/site-packages/airflow/example_dags/example_bash_operator.py for tasks to queue
[2026-03-04T19:06:12.502+0000] {logging_mixin.py:188} INFO - [2026-03-04T19:06:12.502+0000] {dagbag.py:538} INFO - Filling up the DagBag from /Users/HP/storypoints-week1/venv/lib/python3.11/site-packages/airflow/example_dags/example_bash_operator.py
[2026-03-04T19:06:12.510+0000] {processor.py:840} INFO - DAG(s) 'example_bash_operator' retrieved from /Users/HP/storypoints-week1/venv/lib/python3.11/site-packages/airflow/example_dags/example_bash_operator.py
[2026-03-04T19:06:12.575+0000] {logging_mixin.py:188} INFO - [2026-03-04T19:06:12.575+0000] {dag.py:3033} INFO - Sync 1 DAGs
[2026-03-04T19:06:12.587+0000] {logging_mixin.py:188} INFO - [2026-03-04T19:06:12.586+0000] {dag.py:3820} INFO - Setting next_dagrun for example_bash_operator to 2026-03-03T00:00:00+00:00, run_after=2026-03-04T00:00:00+00:00
[2026-03-04T19:06:12.597+0000] {processor.py:183} INFO - Processing /Users/HP/storypoints-week1/venv/lib/python3.11/site-packages/airflow/example_dags/example_bash_operator.py took 0.100 seconds
[2026-03-04T19:08:45.844+0000] {processor.py:161} INFO - Started process (PID=58919) to work on /Users/HP/storypoints-week1/venv/lib/python3.11/site-packages/airflow/example_dags/example_bash_operator.py
[2026-03-04T19:08:45.847+0000] {processor.py:830} INFO - Processing file /Users/HP/storypoints-week1/venv/lib/python3.11/site-packages/airflow/example_dags/example_bash_operator.py for tasks to queue
[2026-03-04T19:08:45.849+0000] {logging_mixin.py:188} INFO - [2026-03-04T19:08:45.849+0000] {dagbag.py:538} INFO - Filling up the DagBag from /Users/HP/storypoints-week1/venv/lib/python3.11/site-packages/airflow/example_dags/example_bash_operator.py
[2026-03-04T19:08:45.857+0000] {processor.py:840} INFO - DAG(s) 'example_bash_operator' retrieved from /Users/HP/storypoints-week1/venv/lib/python3.11/site-packages/airflow/example_dags/example_bash_operator.py
[2026-03-04T19:08:45.923+0000] {logging_mixin.py:188} INFO - [2026-03-04T19:08:45.923+0000] {dag.py:3033} INFO - Sync 1 DAGs
[2026-03-04T19:08:45.934+0000] {logging_mixin.py:188} INFO - [2026-03-04T19:08:45.934+0000] {dag.py:3820} INFO - Setting next_dagrun for example_bash_operator to 2026-03-03T00:00:00+00:00, run_after=2026-03-04T00:00:00+00:00
[2026-03-04T19:08:45.945+0000] {processor.py:183} INFO - Processing /Users/HP/storypoints-week1/venv/lib/python3.11/site-packages/airflow/example_dags/example_bash_operator.py took 0.101 seconds
[2026-03-04T19:11:31.275+0000] {processor.py:161} INFO - Started process (PID=60505) to work on /Users/HP/storypoints-week1/venv/lib/python3.11/site-packages/airflow/example_dags/example_bash_operator.py
[2026-03-04T19:11:31.278+0000] {processor.py:830} INFO - Processing file /Users/HP/storypoints-week1/venv/lib/python3.11/site-packages/airflow/example_dags/example_bash_operator.py for tasks to queue
[2026-03-04T19:11:31.279+0000] {logging_mixin.py:188} INFO - [2026-03-04T19:11:31.279+0000] {dagbag.py:538} INFO - Filling up the DagBag from /Users/HP/storypoints-week1/venv/lib/python3.11/site-packages/airflow/example_dags/example_bash_operator.py
[2026-03-04T19:11:31.287+0000] {processor.py:840} INFO - DAG(s) 'example_bash_operator' retrieved from /Users/HP/storypoints-week1/venv/lib/python3.11/site-packages/airflow/example_dags/example_bash_operator.py
[2026-03-04T19:11:31.351+0000] {logging_mixin.py:188} INFO - [2026-03-04T19:11:31.351+0000] {dag.py:3033} INFO - Sync 1 DAGs
[2026-03-04T19:11:31.363+0000] {logging_mixin.py:188} INFO - [2026-03-04T19:11:31.363+0000] {dag.py:3820} INFO - Setting next_dagrun for example_bash_operator to 2026-03-03T00:00:00+00:00, run_after=2026-03-04T00:00:00+00:00
[2026-03-04T19:11:31.374+0000] {processor.py:183} INFO - Processing /Users/HP/storypoints-week1/venv/lib/python3.11/site-packages/airflow/example_dags/example_bash_operator.py took 0.100 seconds
[2026-03-04T19:37:25.636+0000] {processor.py:161} INFO - Started process (PID=76841) to work on /Users/HP/storypoints-week1/venv/lib/python3.11/site-packages/airflow/example_dags/example_bash_operator.py
[2026-03-04T19:37:25.639+0000] {processor.py:830} INFO - Processing file /Users/HP/storypoints-week1/venv/lib/python3.11/site-packages/airflow/example_dags/example_bash_operator.py for tasks to queue
[2026-03-04T19:37:25.640+0000] {logging_mixin.py:188} INFO - [2026-03-04T19:37:25.640+0000] {dagbag.py:538} INFO - Filling up the DagBag from /Users/HP/storypoints-week1/venv/lib/python3.11/site-packages/airflow/example_dags/example_bash_operator.py
[2026-03-04T19:37:25.648+0000] {processor.py:840} INFO - DAG(s) 'example_bash_operator' retrieved from /Users/HP/storypoints-week1/venv/lib/python3.11/site-packages/airflow/example_dags/example_bash_operator.py
[2026-03-04T19:37:25.715+0000] {logging_mixin.py:188} INFO - [2026-03-04T19:37:25.715+0000] {dag.py:3033} INFO - Sync 1 DAGs
[2026-03-04T19:37:25.726+0000] {logging_mixin.py:188} INFO - [2026-03-04T19:37:25.726+0000] {dag.py:3820} INFO - Setting next_dagrun for example_bash_operator to 2026-03-03T00:00:00+00:00, run_after=2026-03-04T00:00:00+00:00
[2026-03-04T19:37:25.737+0000] {processor.py:183} INFO - Processing /Users/HP/storypoints-week1/venv/lib/python3.11/site-packages/airflow/example_dags/example_bash_operator.py took 0.102 seconds
[2026-03-04T19:39:59.820+0000] {processor.py:161} INFO - Started process (PID=78314) to work on /Users/HP/storypoints-week1/venv/lib/python3.11/site-packages/airflow/example_dags/example_bash_operator.py
[2026-03-04T19:39:59.823+0000] {processor.py:830} INFO - Processing file /Users/HP/storypoints-week1/venv/lib/python3.11/site-packages/airflow/example_dags/example_bash_operator.py for tasks to queue
[2026-03-04T19:39:59.825+0000] {logging_mixin.py:188} INFO - [2026-03-04T19:39:59.824+0000] {dagbag.py:538} INFO - Filling up the DagBag from /Users/HP/storypoints-week1/venv/lib/python3.11/site-packages/airflow/example_dags/example_bash_operator.py
[2026-03-04T19:39:59.833+0000] {processor.py:840} INFO - DAG(s) 'example_bash_operator' retrieved from /Users/HP/storypoints-week1/venv/lib/python3.11/site-packages/airflow/example_dags/example_bash_operator.py
[2026-03-04T19:39:59.905+0000] {logging_mixin.py:188} INFO - [2026-03-04T19:39:59.905+0000] {dag.py:3033} INFO - Sync 1 DAGs
[2026-03-04T19:39:59.919+0000] {logging_mixin.py:188} INFO - [2026-03-04T19:39:59.919+0000] {dag.py:3820} INFO - Setting next_dagrun for example_bash_operator to 2026-03-03T00:00:00+00:00, run_after=2026-03-04T00:00:00+00:00
[2026-03-04T19:39:59.934+0000] {processor.py:183} INFO - Processing /Users/HP/storypoints-week1/venv/lib/python3.11/site-packages/airflow/example_dags/example_bash_operator.py took 0.115 seconds
[2026-03-04T19:42:27.421+0000] {processor.py:161} INFO - Started process (PID=79701) to work on /Users/HP/storypoints-week1/venv/lib/python3.11/site-packages/airflow/example_dags/example_bash_operator.py
[2026-03-04T19:42:27.423+0000] {processor.py:830} INFO - Processing file /Users/HP/storypoints-week1/venv/lib/python3.11/site-packages/airflow/example_dags/example_bash_operator.py for tasks to queue
[2026-03-04T19:42:27.424+0000] {logging_mixin.py:188} INFO - [2026-03-04T19:42:27.424+0000] {dagbag.py:538} INFO - Filling up the DagBag from /Users/HP/storypoints-week1/venv/lib/python3.11/site-packages/airflow/example_dags/example_bash_operator.py
[2026-03-04T19:42:27.432+0000] {processor.py:840} INFO - DAG(s) 'example_bash_operator' retrieved from /Users/HP/storypoints-week1/venv/lib/python3.11/site-packages/airflow/example_dags/example_bash_operator.py
[2026-03-04T19:42:27.491+0000] {logging_mixin.py:188} INFO - [2026-03-04T19:42:27.491+0000] {dag.py:3033} INFO - Sync 1 DAGs
[2026-03-04T19:42:27.500+0000] {logging_mixin.py:188} INFO - [2026-03-04T19:42:27.500+0000] {dag.py:3820} INFO - Setting next_dagrun for example_bash_operator to 2026-03-03T00:00:00+00:00, run_after=2026-03-04T00:00:00+00:00
[2026-03-04T19:42:27.512+0000] {processor.py:183} INFO - Processing /Users/HP/storypoints-week1/venv/lib/python3.11/site-packages/airflow/example_dags/example_bash_operator.py took 0.092 seconds
[2026-03-04T19:44:54.927+0000] {processor.py:161} INFO - Started process (PID=81091) to work on /Users/HP/storypoints-week1/venv/lib/python3.11/site-packages/airflow/example_dags/example_bash_operator.py
[2026-03-04T19:44:54.929+0000] {processor.py:830} INFO - Processing file /Users/HP/storypoints-week1/venv/lib/python3.11/site-packages/airflow/example_dags/example_bash_operator.py for tasks to queue
[2026-03-04T19:44:54.931+0000] {logging_mixin.py:188} INFO - [2026-03-04T19:44:54.931+0000] {dagbag.py:538} INFO - Filling up the DagBag from /Users/HP/storypoints-week1/venv/lib/python3.11/site-packages/airflow/example_dags/example_bash_operator.py
[2026-03-04T19:44:54.938+0000] {processor.py:840} INFO - DAG(s) 'example_bash_operator' retrieved from /Users/HP/storypoints-week1/venv/lib/python3.11/site-packages/airflow/example_dags/example_bash_operator.py
[2026-03-04T19:44:55.003+0000] {logging_mixin.py:188} INFO - [2026-03-04T19:44:55.002+0000] {dag.py:3033} INFO - Sync 1 DAGs
[2026-03-04T19:44:55.014+0000] {logging_mixin.py:188} INFO - [2026-03-04T19:44:55.014+0000] {dag.py:3820} INFO - Setting next_dagrun for example_bash_operator to 2026-03-03T00:00:00+00:00, run_after=2026-03-04T00:00:00+00:00
[2026-03-04T19:44:55.025+0000] {processor.py:183} INFO - Processing /Users/HP/storypoints-week1/venv/lib/python3.11/site-packages/airflow/example_dags/example_bash_operator.py took 0.099 seconds
[2026-03-04T19:47:22.895+0000] {processor.py:161} INFO - Started process (PID=82492) to work on /Users/HP/storypoints-week1/venv/lib/python3.11/site-packages/airflow/example_dags/example_bash_operator.py
[2026-03-04T19:47:22.898+0000] {processor.py:830} INFO - Processing file /Users/HP/storypoints-week1/venv/lib/python3.11/site-packages/airflow/example_dags/example_bash_operator.py for tasks to queue
[2026-03-04T19:47:22.899+0000] {logging_mixin.py:188} INFO - [2026-03-04T19:47:22.899+0000] {dagbag.py:538} INFO - Filling up the DagBag from /Users/HP/storypoints-week1/venv/lib/python3.11/site-packages/airflow/example_dags/example_bash_operator.py
[2026-03-04T19:47:22.907+0000] {processor.py:840} INFO - DAG(s) 'example_bash_operator' retrieved from /Users/HP/storypoints-week1/venv/lib/python3.11/site-packages/airflow/example_dags/example_bash_operator.py
[2026-03-04T19:47:23.009+0000] {logging_mixin.py:188} INFO - [2026-03-04T19:47:23.008+0000] {dag.py:3033} INFO - Sync 1 DAGs
[2026-03-04T19:47:23.030+0000] {logging_mixin.py:188} INFO - [2026-03-04T19:47:23.030+0000] {dag.py:3820} INFO - Setting next_dagrun for example_bash_operator to 2026-03-03T00:00:00+00:00, run_after=2026-03-04T00:00:00+00:00
[2026-03-04T19:47:23.084+0000] {processor.py:183} INFO - Processing /Users/HP/storypoints-week1/venv/lib/python3.11/site-packages/airflow/example_dags/example_bash_operator.py took 0.189 seconds
[2026-03-04T20:13:32.957+0000] {processor.py:161} INFO - Started process (PID=84101) to work on /Users/HP/storypoints-week1/venv/lib/python3.11/site-packages/airflow/example_dags/example_bash_operator.py
[2026-03-04T20:13:32.960+0000] {processor.py:830} INFO - Processing file /Users/HP/storypoints-week1/venv/lib/python3.11/site-packages/airflow/example_dags/example_bash_operator.py for tasks to queue
[2026-03-04T20:13:32.962+0000] {logging_mixin.py:188} INFO - [2026-03-04T20:13:32.962+0000] {dagbag.py:538} INFO - Filling up the DagBag from /Users/HP/storypoints-week1/venv/lib/python3.11/site-packages/airflow/example_dags/example_bash_operator.py
[2026-03-04T20:13:32.970+0000] {processor.py:840} INFO - DAG(s) 'example_bash_operator' retrieved from /Users/HP/storypoints-week1/venv/lib/python3.11/site-packages/airflow/example_dags/example_bash_operator.py
[2026-03-04T20:13:33.034+0000] {logging_mixin.py:188} INFO - [2026-03-04T20:13:33.034+0000] {dag.py:3033} INFO - Sync 1 DAGs
[2026-03-04T20:13:33.046+0000] {logging_mixin.py:188} INFO - [2026-03-04T20:13:33.046+0000] {dag.py:3820} INFO - Setting next_dagrun for example_bash_operator to 2026-03-03T00:00:00+00:00, run_after=2026-03-04T00:00:00+00:00
[2026-03-04T20:13:33.057+0000] {processor.py:183} INFO - Processing /Users/HP/storypoints-week1/venv/lib/python3.11/site-packages/airflow/example_dags/example_bash_operator.py took 0.100 seconds
[2026-03-04T20:23:00.653+0000] {processor.py:161} INFO - Started process (PID=85575) to work on /Users/HP/storypoints-week1/venv/lib/python3.11/site-packages/airflow/example_dags/example_bash_operator.py
[2026-03-04T20:23:00.656+0000] {processor.py:830} INFO - Processing file /Users/HP/storypoints-week1/venv/lib/python3.11/site-packages/airflow/example_dags/example_bash_operator.py for tasks to queue
[2026-03-04T20:23:00.657+0000] {logging_mixin.py:188} INFO - [2026-03-04T20:23:00.657+0000] {dagbag.py:538} INFO - Filling up the DagBag from /Users/HP/storypoints-week1/venv/lib/python3.11/site-packages/airflow/example_dags/example_bash_operator.py
[2026-03-04T20:23:00.665+0000] {processor.py:840} INFO - DAG(s) 'example_bash_operator' retrieved from /Users/HP/storypoints-week1/venv/lib/python3.11/site-packages/airflow/example_dags/example_bash_operator.py
[2026-03-04T20:23:00.727+0000] {logging_mixin.py:188} INFO - [2026-03-04T20:23:00.727+0000] {dag.py:3033} INFO - Sync 1 DAGs
[2026-03-04T20:23:00.738+0000] {logging_mixin.py:188} INFO - [2026-03-04T20:23:00.738+0000] {dag.py:3820} INFO - Setting next_dagrun for example_bash_operator to 2026-03-03T00:00:00+00:00, run_after=2026-03-04T00:00:00+00:00
[2026-03-04T20:23:00.750+0000] {processor.py:183} INFO - Processing /Users/HP/storypoints-week1/venv/lib/python3.11/site-packages/airflow/example_dags/example_bash_operator.py took 0.097 seconds
[2026-03-04T20:29:10.261+0000] {processor.py:161} INFO - Started process (PID=87146) to work on /Users/HP/storypoints-week1/venv/lib/python3.11/site-packages/airflow/example_dags/example_bash_operator.py
[2026-03-04T20:29:10.263+0000] {processor.py:830} INFO - Processing file /Users/HP/storypoints-week1/venv/lib/python3.11/site-packages/airflow/example_dags/example_bash_operator.py for tasks to queue
[2026-03-04T20:29:10.265+0000] {logging_mixin.py:188} INFO - [2026-03-04T20:29:10.265+0000] {dagbag.py:538} INFO - Filling up the DagBag from /Users/HP/storypoints-week1/venv/lib/python3.11/site-packages/airflow/example_dags/example_bash_operator.py
[2026-03-04T20:29:10.272+0000] {processor.py:840} INFO - DAG(s) 'example_bash_operator' retrieved from /Users/HP/storypoints-week1/venv/lib/python3.11/site-packages/airflow/example_dags/example_bash_operator.py
[2026-03-04T20:29:10.335+0000] {logging_mixin.py:188} INFO - [2026-03-04T20:29:10.335+0000] {dag.py:3033} INFO - Sync 1 DAGs
[2026-03-04T20:29:10.346+0000] {logging_mixin.py:188} INFO - [2026-03-04T20:29:10.346+0000] {dag.py:3820} INFO - Setting next_dagrun for example_bash_operator to 2026-03-03T00:00:00+00:00, run_after=2026-03-04T00:00:00+00:00
[2026-03-04T20:29:10.357+0000] {processor.py:183} INFO - Processing /Users/HP/storypoints-week1/venv/lib/python3.11/site-packages/airflow/example_dags/example_bash_operator.py took 0.097 seconds
[2026-03-04T22:17:04.577+0000] {processor.py:161} INFO - Started process (PID=88712) to work on /Users/HP/storypoints-week1/venv/lib/python3.11/site-packages/airflow/example_dags/example_bash_operator.py
[2026-03-04T22:17:04.579+0000] {processor.py:830} INFO - Processing file /Users/HP/storypoints-week1/venv/lib/python3.11/site-packages/airflow/example_dags/example_bash_operator.py for tasks to queue
[2026-03-04T22:17:04.581+0000] {logging_mixin.py:188} INFO - [2026-03-04T22:17:04.581+0000] {dagbag.py:538} INFO - Filling up the DagBag from /Users/HP/storypoints-week1/venv/lib/python3.11/site-packages/airflow/example_dags/example_bash_operator.py
[2026-03-04T22:17:04.590+0000] {processor.py:840} INFO - DAG(s) 'example_bash_operator' retrieved from /Users/HP/storypoints-week1/venv/lib/python3.11/site-packages/airflow/example_dags/example_bash_operator.py
[2026-03-04T22:17:04.676+0000] {logging_mixin.py:188} INFO - [2026-03-04T22:17:04.676+0000] {dag.py:3033} INFO - Sync 1 DAGs
[2026-03-04T22:17:04.709+0000] {logging_mixin.py:188} INFO - [2026-03-04T22:17:04.709+0000] {dag.py:3820} INFO - Setting next_dagrun for example_bash_operator to 2026-03-03T00:00:00+00:00, run_after=2026-03-04T00:00:00+00:00
[2026-03-04T22:17:04.723+0000] {processor.py:183} INFO - Processing /Users/HP/storypoints-week1/venv/lib/python3.11/site-packages/airflow/example_dags/example_bash_operator.py took 0.147 seconds
[2026-03-04T22:32:31.156+0000] {processor.py:161} INFO - Started process (PID=90386) to work on /Users/HP/storypoints-week1/venv/lib/python3.11/site-packages/airflow/example_dags/example_bash_operator.py
[2026-03-04T22:32:31.158+0000] {processor.py:830} INFO - Processing file /Users/HP/storypoints-week1/venv/lib/python3.11/site-packages/airflow/example_dags/example_bash_operator.py for tasks to queue
[2026-03-04T22:32:31.160+0000] {logging_mixin.py:188} INFO - [2026-03-04T22:32:31.159+0000] {dagbag.py:538} INFO - Filling up the DagBag from /Users/HP/storypoints-week1/venv/lib/python3.11/site-packages/airflow/example_dags/example_bash_operator.py
[2026-03-04T22:32:31.166+0000] {processor.py:840} INFO - DAG(s) 'example_bash_operator' retrieved from /Users/HP/storypoints-week1/venv/lib/python3.11/site-packages/airflow/example_dags/example_bash_operator.py
[2026-03-04T22:32:31.223+0000] {logging_mixin.py:188} INFO - [2026-03-04T22:32:31.223+0000] {dag.py:3033} INFO - Sync 1 DAGs
[2026-03-04T22:32:31.233+0000] {logging_mixin.py:188} INFO - [2026-03-04T22:32:31.233+0000] {dag.py:3820} INFO - Setting next_dagrun for example_bash_operator to 2026-03-03T00:00:00+00:00, run_after=2026-03-04T00:00:00+00:00
[2026-03-04T22:32:31.242+0000] {processor.py:183} INFO - Processing /Users/HP/storypoints-week1/venv/lib/python3.11/site-packages/airflow/example_dags/example_bash_operator.py took 0.087 seconds
[2026-03-04T23:07:58.317+0000] {processor.py:161} INFO - Started process (PID=91821) to work on /Users/HP/storypoints-week1/venv/lib/python3.11/site-packages/airflow/example_dags/example_bash_operator.py
[2026-03-04T23:07:58.320+0000] {processor.py:830} INFO - Processing file /Users/HP/storypoints-week1/venv/lib/python3.11/site-packages/airflow/example_dags/example_bash_operator.py for tasks to queue
[2026-03-04T23:07:58.322+0000] {logging_mixin.py:188} INFO - [2026-03-04T23:07:58.321+0000] {dagbag.py:538} INFO - Filling up the DagBag from /Users/HP/storypoints-week1/venv/lib/python3.11/site-packages/airflow/example_dags/example_bash_operator.py
[2026-03-04T23:07:58.329+0000] {processor.py:840} INFO - DAG(s) 'example_bash_operator' retrieved from /Users/HP/storypoints-week1/venv/lib/python3.11/site-packages/airflow/example_dags/example_bash_operator.py
[2026-03-04T23:07:58.395+0000] {logging_mixin.py:188} INFO - [2026-03-04T23:07:58.395+0000] {dag.py:3033} INFO - Sync 1 DAGs
[2026-03-04T23:07:58.406+0000] {logging_mixin.py:188} INFO - [2026-03-04T23:07:58.406+0000] {dag.py:3820} INFO - Setting next_dagrun for example_bash_operator to 2026-03-03T00:00:00+00:00, run_after=2026-03-04T00:00:00+00:00
[2026-03-04T23:07:58.417+0000] {processor.py:183} INFO - Processing /Users/HP/storypoints-week1/venv/lib/python3.11/site-packages/airflow/example_dags/example_bash_operator.py took 0.100 seconds
