[2026-03-04T19:02:18.539+0000] {processor.py:161} INFO - Started process (PID=54831) to work on /Users/HP/storypoints-week1/venv/lib/python3.11/site-packages/airflow/example_dags/example_params_ui_tutorial.py
[2026-03-04T19:02:18.542+0000] {processor.py:830} INFO - Processing file /Users/HP/storypoints-week1/venv/lib/python3.11/site-packages/airflow/example_dags/example_params_ui_tutorial.py for tasks to queue
[2026-03-04T19:02:18.543+0000] {logging_mixin.py:188} INFO - [2026-03-04T19:02:18.543+0000] {dagbag.py:538} INFO - Filling up the DagBag from /Users/HP/storypoints-week1/venv/lib/python3.11/site-packages/airflow/example_dags/example_params_ui_tutorial.py
[2026-03-04T19:02:18.572+0000] {processor.py:840} INFO - DAG(s) 'example_params_ui_tutorial' retrieved from /Users/HP/storypoints-week1/venv/lib/python3.11/site-packages/airflow/example_dags/example_params_ui_tutorial.py
[2026-03-04T19:02:18.700+0000] {logging_mixin.py:188} INFO - [2026-03-04T19:02:18.700+0000] {override.py:1769} INFO - Created Permission View: can read on DAG:example_params_ui_tutorial
[2026-03-04T19:02:18.706+0000] {logging_mixin.py:188} INFO - [2026-03-04T19:02:18.706+0000] {override.py:1769} INFO - Created Permission View: can edit on DAG:example_params_ui_tutorial
[2026-03-04T19:02:18.709+0000] {logging_mixin.py:188} INFO - [2026-03-04T19:02:18.709+0000] {override.py:1769} INFO - Created Permission View: can delete on DAG:example_params_ui_tutorial
[2026-03-04T19:02:18.709+0000] {logging_mixin.py:188} INFO - [2026-03-04T19:02:18.709+0000] {dag.py:3033} INFO - Sync 1 DAGs
[2026-03-04T19:02:18.715+0000] {logging_mixin.py:188} INFO - [2026-03-04T19:02:18.715+0000] {dag.py:3055} INFO - Creating ORM DAG for example_params_ui_tutorial
[2026-03-04T19:02:18.715+0000] {logging_mixin.py:188} INFO - [2026-03-04T19:02:18.715+0000] {dag.py:3820} INFO - Setting next_dagrun for example_params_ui_tutorial to None, run_after=None
[2026-03-04T19:02:18.726+0000] {processor.py:183} INFO - Processing /Users/HP/storypoints-week1/venv/lib/python3.11/site-packages/airflow/example_dags/example_params_ui_tutorial.py took 0.187 seconds
[2026-03-04T19:04:20.187+0000] {processor.py:161} INFO - Started process (PID=55975) to work on /Users/HP/storypoints-week1/venv/lib/python3.11/site-packages/airflow/example_dags/example_params_ui_tutorial.py
[2026-03-04T19:04:20.195+0000] {processor.py:830} INFO - Processing file /Users/HP/storypoints-week1/venv/lib/python3.11/site-packages/airflow/example_dags/example_params_ui_tutorial.py for tasks to queue
[2026-03-04T19:04:20.197+0000] {logging_mixin.py:188} INFO - [2026-03-04T19:04:20.197+0000] {dagbag.py:538} INFO - Filling up the DagBag from /Users/HP/storypoints-week1/venv/lib/python3.11/site-packages/airflow/example_dags/example_params_ui_tutorial.py
[2026-03-04T19:04:20.256+0000] {processor.py:840} INFO - DAG(s) 'example_params_ui_tutorial' retrieved from /Users/HP/storypoints-week1/venv/lib/python3.11/site-packages/airflow/example_dags/example_params_ui_tutorial.py
[2026-03-04T19:04:20.355+0000] {logging_mixin.py:188} INFO - [2026-03-04T19:04:20.355+0000] {dag.py:3033} INFO - Sync 1 DAGs
[2026-03-04T19:04:20.363+0000] {logging_mixin.py:188} INFO - [2026-03-04T19:04:20.363+0000] {dag.py:3820} INFO - Setting next_dagrun for example_params_ui_tutorial to None, run_after=None
[2026-03-04T19:04:20.375+0000] {processor.py:183} INFO - Processing /Users/HP/storypoints-week1/venv/lib/python3.11/site-packages/airflow/example_dags/example_params_ui_tutorial.py took 0.190 seconds
[2026-03-04T19:07:13.732+0000] {processor.py:161} INFO - Started process (PID=58039) to work on /Users/HP/storypoints-week1/venv/lib/python3.11/site-packages/airflow/example_dags/example_params_ui_tutorial.py
[2026-03-04T19:07:13.734+0000] {processor.py:830} INFO - Processing file /Users/HP/storypoints-week1/venv/lib/python3.11/site-packages/airflow/example_dags/example_params_ui_tutorial.py for tasks to queue
[2026-03-04T19:07:13.736+0000] {logging_mixin.py:188} INFO - [2026-03-04T19:07:13.736+0000] {dagbag.py:538} INFO - Filling up the DagBag from /Users/HP/storypoints-week1/venv/lib/python3.11/site-packages/airflow/example_dags/example_params_ui_tutorial.py
[2026-03-04T19:07:13.763+0000] {processor.py:840} INFO - DAG(s) 'example_params_ui_tutorial' retrieved from /Users/HP/storypoints-week1/venv/lib/python3.11/site-packages/airflow/example_dags/example_params_ui_tutorial.py
[2026-03-04T19:07:13.838+0000] {logging_mixin.py:188} INFO - [2026-03-04T19:07:13.837+0000] {dag.py:3033} INFO - Sync 1 DAGs
[2026-03-04T19:07:13.845+0000] {logging_mixin.py:188} INFO - [2026-03-04T19:07:13.844+0000] {dag.py:3820} INFO - Setting next_dagrun for example_params_ui_tutorial to None, run_after=None
[2026-03-04T19:07:13.856+0000] {processor.py:183} INFO - Processing /Users/HP/storypoints-week1/venv/lib/python3.11/site-packages/airflow/example_dags/example_params_ui_tutorial.py took 0.125 seconds
[2026-03-04T19:09:53.117+0000] {processor.py:161} INFO - Started process (PID=59567) to work on /Users/HP/storypoints-week1/venv/lib/python3.11/site-packages/airflow/example_dags/example_params_ui_tutorial.py
[2026-03-04T19:09:53.120+0000] {processor.py:830} INFO - Processing file /Users/HP/storypoints-week1/venv/lib/python3.11/site-packages/airflow/example_dags/example_params_ui_tutorial.py for tasks to queue
[2026-03-04T19:09:53.121+0000] {logging_mixin.py:188} INFO - [2026-03-04T19:09:53.121+0000] {dagbag.py:538} INFO - Filling up the DagBag from /Users/HP/storypoints-week1/venv/lib/python3.11/site-packages/airflow/example_dags/example_params_ui_tutorial.py
[2026-03-04T19:09:53.149+0000] {processor.py:840} INFO - DAG(s) 'example_params_ui_tutorial' retrieved from /Users/HP/storypoints-week1/venv/lib/python3.11/site-packages/airflow/example_dags/example_params_ui_tutorial.py
[2026-03-04T19:09:53.225+0000] {logging_mixin.py:188} INFO - [2026-03-04T19:09:53.224+0000] {dag.py:3033} INFO - Sync 1 DAGs
[2026-03-04T19:09:53.232+0000] {logging_mixin.py:188} INFO - [2026-03-04T19:09:53.232+0000] {dag.py:3820} INFO - Setting next_dagrun for example_params_ui_tutorial to None, run_after=None
[2026-03-04T19:09:53.244+0000] {processor.py:183} INFO - Processing /Users/HP/storypoints-week1/venv/lib/python3.11/site-packages/airflow/example_dags/example_params_ui_tutorial.py took 0.128 seconds
[2026-03-04T19:12:37.990+0000] {processor.py:161} INFO - Started process (PID=61134) to work on /Users/HP/storypoints-week1/venv/lib/python3.11/site-packages/airflow/example_dags/example_params_ui_tutorial.py
[2026-03-04T19:12:37.993+0000] {processor.py:830} INFO - Processing file /Users/HP/storypoints-week1/venv/lib/python3.11/site-packages/airflow/example_dags/example_params_ui_tutorial.py for tasks to queue
[2026-03-04T19:12:37.995+0000] {logging_mixin.py:188} INFO - [2026-03-04T19:12:37.994+0000] {dagbag.py:538} INFO - Filling up the DagBag from /Users/HP/storypoints-week1/venv/lib/python3.11/site-packages/airflow/example_dags/example_params_ui_tutorial.py
[2026-03-04T19:12:38.023+0000] {processor.py:840} INFO - DAG(s) 'example_params_ui_tutorial' retrieved from /Users/HP/storypoints-week1/venv/lib/python3.11/site-packages/airflow/example_dags/example_params_ui_tutorial.py
[2026-03-04T19:12:38.100+0000] {logging_mixin.py:188} INFO - [2026-03-04T19:12:38.099+0000] {dag.py:3033} INFO - Sync 1 DAGs
[2026-03-04T19:12:38.107+0000] {logging_mixin.py:188} INFO - [2026-03-04T19:12:38.107+0000] {dag.py:3820} INFO - Setting next_dagrun for example_params_ui_tutorial to None, run_after=None
[2026-03-04T19:12:38.119+0000] {processor.py:183} INFO - Processing /Users/HP/storypoints-week1/venv/lib/python3.11/site-packages/airflow/example_dags/example_params_ui_tutorial.py took 0.131 seconds
[2026-03-04T19:34:10.598+0000] {processor.py:161} INFO - Started process (PID=74756) to work on /Users/HP/storypoints-week1/venv/lib/python3.11/site-packages/airflow/example_dags/example_params_ui_tutorial.py
[2026-03-04T19:34:10.601+0000] {processor.py:830} INFO - Processing file /Users/HP/storypoints-week1/venv/lib/python3.11/site-packages/airflow/example_dags/example_params_ui_tutorial.py for tasks to queue
[2026-03-04T19:34:10.602+0000] {logging_mixin.py:188} INFO - [2026-03-04T19:34:10.602+0000] {dagbag.py:538} INFO - Filling up the DagBag from /Users/HP/storypoints-week1/venv/lib/python3.11/site-packages/airflow/example_dags/example_params_ui_tutorial.py
[2026-03-04T19:34:10.630+0000] {processor.py:840} INFO - DAG(s) 'example_params_ui_tutorial' retrieved from /Users/HP/storypoints-week1/venv/lib/python3.11/site-packages/airflow/example_dags/example_params_ui_tutorial.py
[2026-03-04T19:34:10.707+0000] {logging_mixin.py:188} INFO - [2026-03-04T19:34:10.707+0000] {dag.py:3033} INFO - Sync 1 DAGs
[2026-03-04T19:34:10.715+0000] {logging_mixin.py:188} INFO - [2026-03-04T19:34:10.714+0000] {dag.py:3820} INFO - Setting next_dagrun for example_params_ui_tutorial to None, run_after=None
[2026-03-04T19:34:10.727+0000] {processor.py:183} INFO - Processing /Users/HP/storypoints-week1/venv/lib/python3.11/site-packages/airflow/example_dags/example_params_ui_tutorial.py took 0.130 seconds
[2026-03-04T19:36:43.437+0000] {processor.py:161} INFO - Started process (PID=76447) to work on /Users/HP/storypoints-week1/venv/lib/python3.11/site-packages/airflow/example_dags/example_params_ui_tutorial.py
[2026-03-04T19:36:43.440+0000] {processor.py:830} INFO - Processing file /Users/HP/storypoints-week1/venv/lib/python3.11/site-packages/airflow/example_dags/example_params_ui_tutorial.py for tasks to queue
[2026-03-04T19:36:43.442+0000] {logging_mixin.py:188} INFO - [2026-03-04T19:36:43.441+0000] {dagbag.py:538} INFO - Filling up the DagBag from /Users/HP/storypoints-week1/venv/lib/python3.11/site-packages/airflow/example_dags/example_params_ui_tutorial.py
[2026-03-04T19:36:43.465+0000] {processor.py:840} INFO - DAG(s) 'example_params_ui_tutorial' retrieved from /Users/HP/storypoints-week1/venv/lib/python3.11/site-packages/airflow/example_dags/example_params_ui_tutorial.py
[2026-03-04T19:36:43.538+0000] {logging_mixin.py:188} INFO - [2026-03-04T19:36:43.538+0000] {dag.py:3033} INFO - Sync 1 DAGs
[2026-03-04T19:36:43.545+0000] {logging_mixin.py:188} INFO - [2026-03-04T19:36:43.545+0000] {dag.py:3820} INFO - Setting next_dagrun for example_params_ui_tutorial to None, run_after=None
[2026-03-04T19:36:43.556+0000] {processor.py:183} INFO - Processing /Users/HP/storypoints-week1/venv/lib/python3.11/site-packages/airflow/example_dags/example_params_ui_tutorial.py took 0.120 seconds
[2026-03-04T19:38:32.021+0000] {processor.py:161} INFO - Started process (PID=77475) to work on /Users/HP/storypoints-week1/venv/lib/python3.11/site-packages/airflow/example_dags/example_params_ui_tutorial.py
[2026-03-04T19:38:32.024+0000] {processor.py:830} INFO - Processing file /Users/HP/storypoints-week1/venv/lib/python3.11/site-packages/airflow/example_dags/example_params_ui_tutorial.py for tasks to queue
[2026-03-04T19:38:32.026+0000] {logging_mixin.py:188} INFO - [2026-03-04T19:38:32.026+0000] {dagbag.py:538} INFO - Filling up the DagBag from /Users/HP/storypoints-week1/venv/lib/python3.11/site-packages/airflow/example_dags/example_params_ui_tutorial.py
[2026-03-04T19:38:32.054+0000] {processor.py:840} INFO - DAG(s) 'example_params_ui_tutorial' retrieved from /Users/HP/storypoints-week1/venv/lib/python3.11/site-packages/airflow/example_dags/example_params_ui_tutorial.py
[2026-03-04T19:38:32.127+0000] {logging_mixin.py:188} INFO - [2026-03-04T19:38:32.126+0000] {dag.py:3033} INFO - Sync 1 DAGs
[2026-03-04T19:38:32.133+0000] {logging_mixin.py:188} INFO - [2026-03-04T19:38:32.132+0000] {dag.py:3820} INFO - Setting next_dagrun for example_params_ui_tutorial to None, run_after=None
[2026-03-04T19:38:32.143+0000] {processor.py:183} INFO - Processing /Users/HP/storypoints-week1/venv/lib/python3.11/site-packages/airflow/example_dags/example_params_ui_tutorial.py took 0.123 seconds
[2026-03-04T19:40:59.652+0000] {processor.py:161} INFO - Started process (PID=78878) to work on /Users/HP/storypoints-week1/venv/lib/python3.11/site-packages/airflow/example_dags/example_params_ui_tutorial.py
[2026-03-04T19:40:59.655+0000] {processor.py:830} INFO - Processing file /Users/HP/storypoints-week1/venv/lib/python3.11/site-packages/airflow/example_dags/example_params_ui_tutorial.py for tasks to queue
[2026-03-04T19:40:59.656+0000] {logging_mixin.py:188} INFO - [2026-03-04T19:40:59.656+0000] {dagbag.py:538} INFO - Filling up the DagBag from /Users/HP/storypoints-week1/venv/lib/python3.11/site-packages/airflow/example_dags/example_params_ui_tutorial.py
[2026-03-04T19:40:59.684+0000] {processor.py:840} INFO - DAG(s) 'example_params_ui_tutorial' retrieved from /Users/HP/storypoints-week1/venv/lib/python3.11/site-packages/airflow/example_dags/example_params_ui_tutorial.py
[2026-03-04T19:40:59.760+0000] {logging_mixin.py:188} INFO - [2026-03-04T19:40:59.760+0000] {dag.py:3033} INFO - Sync 1 DAGs
[2026-03-04T19:40:59.767+0000] {logging_mixin.py:188} INFO - [2026-03-04T19:40:59.767+0000] {dag.py:3820} INFO - Setting next_dagrun for example_params_ui_tutorial to None, run_after=None
[2026-03-04T19:40:59.779+0000] {processor.py:183} INFO - Processing /Users/HP/storypoints-week1/venv/lib/python3.11/site-packages/airflow/example_dags/example_params_ui_tutorial.py took 0.128 seconds
[2026-03-04T19:43:27.286+0000] {processor.py:161} INFO - Started process (PID=80264) to work on /Users/HP/storypoints-week1/venv/lib/python3.11/site-packages/airflow/example_dags/example_params_ui_tutorial.py
[2026-03-04T19:43:27.289+0000] {processor.py:830} INFO - Processing file /Users/HP/storypoints-week1/venv/lib/python3.11/site-packages/airflow/example_dags/example_params_ui_tutorial.py for tasks to queue
[2026-03-04T19:43:27.290+0000] {logging_mixin.py:188} INFO - [2026-03-04T19:43:27.290+0000] {dagbag.py:538} INFO - Filling up the DagBag from /Users/HP/storypoints-week1/venv/lib/python3.11/site-packages/airflow/example_dags/example_params_ui_tutorial.py
[2026-03-04T19:43:27.318+0000] {processor.py:840} INFO - DAG(s) 'example_params_ui_tutorial' retrieved from /Users/HP/storypoints-week1/venv/lib/python3.11/site-packages/airflow/example_dags/example_params_ui_tutorial.py
[2026-03-04T19:43:27.393+0000] {logging_mixin.py:188} INFO - [2026-03-04T19:43:27.392+0000] {dag.py:3033} INFO - Sync 1 DAGs
[2026-03-04T19:43:27.400+0000] {logging_mixin.py:188} INFO - [2026-03-04T19:43:27.399+0000] {dag.py:3820} INFO - Setting next_dagrun for example_params_ui_tutorial to None, run_after=None
[2026-03-04T19:43:27.411+0000] {processor.py:183} INFO - Processing /Users/HP/storypoints-week1/venv/lib/python3.11/site-packages/airflow/example_dags/example_params_ui_tutorial.py took 0.125 seconds
[2026-03-04T19:45:54.640+0000] {processor.py:161} INFO - Started process (PID=81656) to work on /Users/HP/storypoints-week1/venv/lib/python3.11/site-packages/airflow/example_dags/example_params_ui_tutorial.py
[2026-03-04T19:45:54.643+0000] {processor.py:830} INFO - Processing file /Users/HP/storypoints-week1/venv/lib/python3.11/site-packages/airflow/example_dags/example_params_ui_tutorial.py for tasks to queue
[2026-03-04T19:45:54.644+0000] {logging_mixin.py:188} INFO - [2026-03-04T19:45:54.644+0000] {dagbag.py:538} INFO - Filling up the DagBag from /Users/HP/storypoints-week1/venv/lib/python3.11/site-packages/airflow/example_dags/example_params_ui_tutorial.py
[2026-03-04T19:45:54.671+0000] {processor.py:840} INFO - DAG(s) 'example_params_ui_tutorial' retrieved from /Users/HP/storypoints-week1/venv/lib/python3.11/site-packages/airflow/example_dags/example_params_ui_tutorial.py
[2026-03-04T19:45:54.747+0000] {logging_mixin.py:188} INFO - [2026-03-04T19:45:54.747+0000] {dag.py:3033} INFO - Sync 1 DAGs
[2026-03-04T19:45:54.754+0000] {logging_mixin.py:188} INFO - [2026-03-04T19:45:54.754+0000] {dag.py:3820} INFO - Setting next_dagrun for example_params_ui_tutorial to None, run_after=None
[2026-03-04T19:45:54.766+0000] {processor.py:183} INFO - Processing /Users/HP/storypoints-week1/venv/lib/python3.11/site-packages/airflow/example_dags/example_params_ui_tutorial.py took 0.127 seconds
[2026-03-04T20:04:13.058+0000] {processor.py:161} INFO - Started process (PID=83106) to work on /Users/HP/storypoints-week1/venv/lib/python3.11/site-packages/airflow/example_dags/example_params_ui_tutorial.py
[2026-03-04T20:04:13.060+0000] {processor.py:830} INFO - Processing file /Users/HP/storypoints-week1/venv/lib/python3.11/site-packages/airflow/example_dags/example_params_ui_tutorial.py for tasks to queue
[2026-03-04T20:04:13.061+0000] {logging_mixin.py:188} INFO - [2026-03-04T20:04:13.061+0000] {dagbag.py:538} INFO - Filling up the DagBag from /Users/HP/storypoints-week1/venv/lib/python3.11/site-packages/airflow/example_dags/example_params_ui_tutorial.py
[2026-03-04T20:04:13.088+0000] {processor.py:840} INFO - DAG(s) 'example_params_ui_tutorial' retrieved from /Users/HP/storypoints-week1/venv/lib/python3.11/site-packages/airflow/example_dags/example_params_ui_tutorial.py
[2026-03-04T20:04:13.159+0000] {logging_mixin.py:188} INFO - [2026-03-04T20:04:13.159+0000] {dag.py:3033} INFO - Sync 1 DAGs
[2026-03-04T20:04:13.165+0000] {logging_mixin.py:188} INFO - [2026-03-04T20:04:13.165+0000] {dag.py:3820} INFO - Setting next_dagrun for example_params_ui_tutorial to None, run_after=None
[2026-03-04T20:04:13.175+0000] {processor.py:183} INFO - Processing /Users/HP/storypoints-week1/venv/lib/python3.11/site-packages/airflow/example_dags/example_params_ui_tutorial.py took 0.118 seconds
[2026-03-04T20:14:38.645+0000] {processor.py:161} INFO - Started process (PID=84698) to work on /Users/HP/storypoints-week1/venv/lib/python3.11/site-packages/airflow/example_dags/example_params_ui_tutorial.py
[2026-03-04T20:14:38.648+0000] {processor.py:830} INFO - Processing file /Users/HP/storypoints-week1/venv/lib/python3.11/site-packages/airflow/example_dags/example_params_ui_tutorial.py for tasks to queue
[2026-03-04T20:14:38.649+0000] {logging_mixin.py:188} INFO - [2026-03-04T20:14:38.649+0000] {dagbag.py:538} INFO - Filling up the DagBag from /Users/HP/storypoints-week1/venv/lib/python3.11/site-packages/airflow/example_dags/example_params_ui_tutorial.py
[2026-03-04T20:14:38.675+0000] {processor.py:840} INFO - DAG(s) 'example_params_ui_tutorial' retrieved from /Users/HP/storypoints-week1/venv/lib/python3.11/site-packages/airflow/example_dags/example_params_ui_tutorial.py
[2026-03-04T20:14:38.743+0000] {logging_mixin.py:188} INFO - [2026-03-04T20:14:38.742+0000] {dag.py:3033} INFO - Sync 1 DAGs
[2026-03-04T20:14:38.750+0000] {logging_mixin.py:188} INFO - [2026-03-04T20:14:38.749+0000] {dag.py:3820} INFO - Setting next_dagrun for example_params_ui_tutorial to None, run_after=None
[2026-03-04T20:14:38.761+0000] {processor.py:183} INFO - Processing /Users/HP/storypoints-week1/venv/lib/python3.11/site-packages/airflow/example_dags/example_params_ui_tutorial.py took 0.117 seconds
[2026-03-04T20:24:03.966+0000] {processor.py:161} INFO - Started process (PID=86167) to work on /Users/HP/storypoints-week1/venv/lib/python3.11/site-packages/airflow/example_dags/example_params_ui_tutorial.py
[2026-03-04T20:24:03.969+0000] {processor.py:830} INFO - Processing file /Users/HP/storypoints-week1/venv/lib/python3.11/site-packages/airflow/example_dags/example_params_ui_tutorial.py for tasks to queue
[2026-03-04T20:24:03.970+0000] {logging_mixin.py:188} INFO - [2026-03-04T20:24:03.970+0000] {dagbag.py:538} INFO - Filling up the DagBag from /Users/HP/storypoints-week1/venv/lib/python3.11/site-packages/airflow/example_dags/example_params_ui_tutorial.py
[2026-03-04T20:24:03.998+0000] {processor.py:840} INFO - DAG(s) 'example_params_ui_tutorial' retrieved from /Users/HP/storypoints-week1/venv/lib/python3.11/site-packages/airflow/example_dags/example_params_ui_tutorial.py
[2026-03-04T20:24:04.073+0000] {logging_mixin.py:188} INFO - [2026-03-04T20:24:04.072+0000] {dag.py:3033} INFO - Sync 1 DAGs
[2026-03-04T20:24:04.080+0000] {logging_mixin.py:188} INFO - [2026-03-04T20:24:04.079+0000] {dag.py:3820} INFO - Setting next_dagrun for example_params_ui_tutorial to None, run_after=None
[2026-03-04T20:24:04.091+0000] {processor.py:183} INFO - Processing /Users/HP/storypoints-week1/venv/lib/python3.11/site-packages/airflow/example_dags/example_params_ui_tutorial.py took 0.125 seconds
[2026-03-04T20:46:06.463+0000] {processor.py:161} INFO - Started process (PID=87691) to work on /Users/HP/storypoints-week1/venv/lib/python3.11/site-packages/airflow/example_dags/example_params_ui_tutorial.py
[2026-03-04T20:46:06.466+0000] {processor.py:830} INFO - Processing file /Users/HP/storypoints-week1/venv/lib/python3.11/site-packages/airflow/example_dags/example_params_ui_tutorial.py for tasks to queue
[2026-03-04T20:46:06.467+0000] {logging_mixin.py:188} INFO - [2026-03-04T20:46:06.467+0000] {dagbag.py:538} INFO - Filling up the DagBag from /Users/HP/storypoints-week1/venv/lib/python3.11/site-packages/airflow/example_dags/example_params_ui_tutorial.py
[2026-03-04T20:46:06.494+0000] {processor.py:840} INFO - DAG(s) 'example_params_ui_tutorial' retrieved from /Users/HP/storypoints-week1/venv/lib/python3.11/site-packages/airflow/example_dags/example_params_ui_tutorial.py
[2026-03-04T20:46:06.569+0000] {logging_mixin.py:188} INFO - [2026-03-04T20:46:06.569+0000] {dag.py:3033} INFO - Sync 1 DAGs
[2026-03-04T20:46:06.576+0000] {logging_mixin.py:188} INFO - [2026-03-04T20:46:06.576+0000] {dag.py:3820} INFO - Setting next_dagrun for example_params_ui_tutorial to None, run_after=None
[2026-03-04T20:46:06.588+0000] {processor.py:183} INFO - Processing /Users/HP/storypoints-week1/venv/lib/python3.11/site-packages/airflow/example_dags/example_params_ui_tutorial.py took 0.125 seconds
[2026-03-04T22:05:27.605+0000] {processor.py:161} INFO - Started process (PID=88559) to work on /Users/HP/storypoints-week1/venv/lib/python3.11/site-packages/airflow/example_dags/example_params_ui_tutorial.py
[2026-03-04T22:05:27.607+0000] {processor.py:830} INFO - Processing file /Users/HP/storypoints-week1/venv/lib/python3.11/site-packages/airflow/example_dags/example_params_ui_tutorial.py for tasks to queue
[2026-03-04T22:05:27.608+0000] {logging_mixin.py:188} INFO - [2026-03-04T22:05:27.608+0000] {dagbag.py:538} INFO - Filling up the DagBag from /Users/HP/storypoints-week1/venv/lib/python3.11/site-packages/airflow/example_dags/example_params_ui_tutorial.py
[2026-03-04T22:05:27.633+0000] {processor.py:840} INFO - DAG(s) 'example_params_ui_tutorial' retrieved from /Users/HP/storypoints-week1/venv/lib/python3.11/site-packages/airflow/example_dags/example_params_ui_tutorial.py
[2026-03-04T22:05:27.702+0000] {logging_mixin.py:188} INFO - [2026-03-04T22:05:27.702+0000] {dag.py:3033} INFO - Sync 1 DAGs
[2026-03-04T22:05:27.709+0000] {logging_mixin.py:188} INFO - [2026-03-04T22:05:27.709+0000] {dag.py:3820} INFO - Setting next_dagrun for example_params_ui_tutorial to None, run_after=None
[2026-03-04T22:05:27.720+0000] {processor.py:183} INFO - Processing /Users/HP/storypoints-week1/venv/lib/python3.11/site-packages/airflow/example_dags/example_params_ui_tutorial.py took 0.116 seconds
[2026-03-04T22:18:07.973+0000] {processor.py:161} INFO - Started process (PID=89313) to work on /Users/HP/storypoints-week1/venv/lib/python3.11/site-packages/airflow/example_dags/example_params_ui_tutorial.py
[2026-03-04T22:18:07.975+0000] {processor.py:830} INFO - Processing file /Users/HP/storypoints-week1/venv/lib/python3.11/site-packages/airflow/example_dags/example_params_ui_tutorial.py for tasks to queue
[2026-03-04T22:18:07.977+0000] {logging_mixin.py:188} INFO - [2026-03-04T22:18:07.977+0000] {dagbag.py:538} INFO - Filling up the DagBag from /Users/HP/storypoints-week1/venv/lib/python3.11/site-packages/airflow/example_dags/example_params_ui_tutorial.py
[2026-03-04T22:18:08.005+0000] {processor.py:840} INFO - DAG(s) 'example_params_ui_tutorial' retrieved from /Users/HP/storypoints-week1/venv/lib/python3.11/site-packages/airflow/example_dags/example_params_ui_tutorial.py
[2026-03-04T22:18:08.078+0000] {logging_mixin.py:188} INFO - [2026-03-04T22:18:08.078+0000] {dag.py:3033} INFO - Sync 1 DAGs
[2026-03-04T22:18:08.085+0000] {logging_mixin.py:188} INFO - [2026-03-04T22:18:08.085+0000] {dag.py:3820} INFO - Setting next_dagrun for example_params_ui_tutorial to None, run_after=None
[2026-03-04T22:18:08.095+0000] {processor.py:183} INFO - Processing /Users/HP/storypoints-week1/venv/lib/python3.11/site-packages/airflow/example_dags/example_params_ui_tutorial.py took 0.122 seconds
[2026-03-04T22:32:20.134+0000] {processor.py:161} INFO - Started process (PID=90279) to work on /Users/HP/storypoints-week1/venv/lib/python3.11/site-packages/airflow/example_dags/example_params_ui_tutorial.py
[2026-03-04T22:32:20.136+0000] {processor.py:830} INFO - Processing file /Users/HP/storypoints-week1/venv/lib/python3.11/site-packages/airflow/example_dags/example_params_ui_tutorial.py for tasks to queue
[2026-03-04T22:32:20.137+0000] {logging_mixin.py:188} INFO - [2026-03-04T22:32:20.137+0000] {dagbag.py:538} INFO - Filling up the DagBag from /Users/HP/storypoints-week1/venv/lib/python3.11/site-packages/airflow/example_dags/example_params_ui_tutorial.py
[2026-03-04T22:32:20.161+0000] {processor.py:840} INFO - DAG(s) 'example_params_ui_tutorial' retrieved from /Users/HP/storypoints-week1/venv/lib/python3.11/site-packages/airflow/example_dags/example_params_ui_tutorial.py
[2026-03-04T22:32:20.225+0000] {logging_mixin.py:188} INFO - [2026-03-04T22:32:20.225+0000] {dag.py:3033} INFO - Sync 1 DAGs
[2026-03-04T22:32:20.232+0000] {logging_mixin.py:188} INFO - [2026-03-04T22:32:20.232+0000] {dag.py:3820} INFO - Setting next_dagrun for example_params_ui_tutorial to None, run_after=None
[2026-03-04T22:32:20.244+0000] {processor.py:183} INFO - Processing /Users/HP/storypoints-week1/venv/lib/python3.11/site-packages/airflow/example_dags/example_params_ui_tutorial.py took 0.110 seconds
[2026-03-04T23:07:48.060+0000] {processor.py:161} INFO - Started process (PID=91727) to work on /Users/HP/storypoints-week1/venv/lib/python3.11/site-packages/airflow/example_dags/example_params_ui_tutorial.py
[2026-03-04T23:07:48.063+0000] {processor.py:830} INFO - Processing file /Users/HP/storypoints-week1/venv/lib/python3.11/site-packages/airflow/example_dags/example_params_ui_tutorial.py for tasks to queue
[2026-03-04T23:07:48.065+0000] {logging_mixin.py:188} INFO - [2026-03-04T23:07:48.065+0000] {dagbag.py:538} INFO - Filling up the DagBag from /Users/HP/storypoints-week1/venv/lib/python3.11/site-packages/airflow/example_dags/example_params_ui_tutorial.py
[2026-03-04T23:07:48.093+0000] {processor.py:840} INFO - DAG(s) 'example_params_ui_tutorial' retrieved from /Users/HP/storypoints-week1/venv/lib/python3.11/site-packages/airflow/example_dags/example_params_ui_tutorial.py
[2026-03-04T23:07:48.169+0000] {logging_mixin.py:188} INFO - [2026-03-04T23:07:48.169+0000] {dag.py:3033} INFO - Sync 1 DAGs
[2026-03-04T23:07:48.176+0000] {logging_mixin.py:188} INFO - [2026-03-04T23:07:48.176+0000] {dag.py:3820} INFO - Setting next_dagrun for example_params_ui_tutorial to None, run_after=None
[2026-03-04T23:07:48.187+0000] {processor.py:183} INFO - Processing /Users/HP/storypoints-week1/venv/lib/python3.11/site-packages/airflow/example_dags/example_params_ui_tutorial.py took 0.128 seconds
