[2026-03-04T19:02:06.515+0000] {processor.py:161} INFO - Started process (PID=54714) to work on /Users/HP/storypoints-week1/venv/lib/python3.11/site-packages/airflow/example_dags/example_sensors.py
[2026-03-04T19:02:06.518+0000] {processor.py:830} INFO - Processing file /Users/HP/storypoints-week1/venv/lib/python3.11/site-packages/airflow/example_dags/example_sensors.py for tasks to queue
[2026-03-04T19:02:06.519+0000] {logging_mixin.py:188} INFO - [2026-03-04T19:02:06.519+0000] {dagbag.py:538} INFO - Filling up the DagBag from /Users/HP/storypoints-week1/venv/lib/python3.11/site-packages/airflow/example_dags/example_sensors.py
[2026-03-04T19:02:06.529+0000] {processor.py:840} INFO - DAG(s) 'example_sensors' retrieved from /Users/HP/storypoints-week1/venv/lib/python3.11/site-packages/airflow/example_dags/example_sensors.py
[2026-03-04T19:02:06.653+0000] {logging_mixin.py:188} INFO - [2026-03-04T19:02:06.652+0000] {override.py:1769} INFO - Created Permission View: can edit on DAG:example_sensors
[2026-03-04T19:02:06.658+0000] {logging_mixin.py:188} INFO - [2026-03-04T19:02:06.658+0000] {override.py:1769} INFO - Created Permission View: can read on DAG:example_sensors
[2026-03-04T19:02:06.661+0000] {logging_mixin.py:188} INFO - [2026-03-04T19:02:06.661+0000] {override.py:1769} INFO - Created Permission View: can delete on DAG:example_sensors
[2026-03-04T19:02:06.661+0000] {logging_mixin.py:188} INFO - [2026-03-04T19:02:06.661+0000] {dag.py:3033} INFO - Sync 1 DAGs
[2026-03-04T19:02:06.668+0000] {logging_mixin.py:188} INFO - [2026-03-04T19:02:06.668+0000] {dag.py:3055} INFO - Creating ORM DAG for example_sensors
[2026-03-04T19:02:06.668+0000] {logging_mixin.py:188} INFO - [2026-03-04T19:02:06.668+0000] {dag.py:3820} INFO - Setting next_dagrun for example_sensors to None, run_after=None
[2026-03-04T19:02:06.678+0000] {processor.py:183} INFO - Processing /Users/HP/storypoints-week1/venv/lib/python3.11/site-packages/airflow/example_dags/example_sensors.py took 0.164 seconds
[2026-03-04T19:04:06.590+0000] {processor.py:161} INFO - Started process (PID=55855) to work on /Users/HP/storypoints-week1/venv/lib/python3.11/site-packages/airflow/example_dags/example_sensors.py
[2026-03-04T19:04:06.593+0000] {processor.py:830} INFO - Processing file /Users/HP/storypoints-week1/venv/lib/python3.11/site-packages/airflow/example_dags/example_sensors.py for tasks to queue
[2026-03-04T19:04:06.594+0000] {logging_mixin.py:188} INFO - [2026-03-04T19:04:06.594+0000] {dagbag.py:538} INFO - Filling up the DagBag from /Users/HP/storypoints-week1/venv/lib/python3.11/site-packages/airflow/example_dags/example_sensors.py
[2026-03-04T19:04:06.604+0000] {processor.py:840} INFO - DAG(s) 'example_sensors' retrieved from /Users/HP/storypoints-week1/venv/lib/python3.11/site-packages/airflow/example_dags/example_sensors.py
[2026-03-04T19:04:06.673+0000] {logging_mixin.py:188} INFO - [2026-03-04T19:04:06.673+0000] {dag.py:3033} INFO - Sync 1 DAGs
[2026-03-04T19:04:06.679+0000] {logging_mixin.py:188} INFO - [2026-03-04T19:04:06.679+0000] {dag.py:3820} INFO - Setting next_dagrun for example_sensors to None, run_after=None
[2026-03-04T19:04:06.691+0000] {processor.py:183} INFO - Processing /Users/HP/storypoints-week1/venv/lib/python3.11/site-packages/airflow/example_dags/example_sensors.py took 0.101 seconds
[2026-03-04T19:05:44.124+0000] {processor.py:161} INFO - Started process (PID=57174) to work on /Users/HP/storypoints-week1/venv/lib/python3.11/site-packages/airflow/example_dags/example_sensors.py
[2026-03-04T19:05:44.126+0000] {processor.py:830} INFO - Processing file /Users/HP/storypoints-week1/venv/lib/python3.11/site-packages/airflow/example_dags/example_sensors.py for tasks to queue
[2026-03-04T19:05:44.128+0000] {logging_mixin.py:188} INFO - [2026-03-04T19:05:44.128+0000] {dagbag.py:538} INFO - Filling up the DagBag from /Users/HP/storypoints-week1/venv/lib/python3.11/site-packages/airflow/example_dags/example_sensors.py
[2026-03-04T19:05:44.138+0000] {processor.py:840} INFO - DAG(s) 'example_sensors' retrieved from /Users/HP/storypoints-week1/venv/lib/python3.11/site-packages/airflow/example_dags/example_sensors.py
[2026-03-04T19:05:44.208+0000] {logging_mixin.py:188} INFO - [2026-03-04T19:05:44.208+0000] {dag.py:3033} INFO - Sync 1 DAGs
[2026-03-04T19:05:44.214+0000] {logging_mixin.py:188} INFO - [2026-03-04T19:05:44.214+0000] {dag.py:3820} INFO - Setting next_dagrun for example_sensors to None, run_after=None
[2026-03-04T19:05:44.226+0000] {processor.py:183} INFO - Processing /Users/HP/storypoints-week1/venv/lib/python3.11/site-packages/airflow/example_dags/example_sensors.py took 0.103 seconds
[2026-03-04T19:08:15.323+0000] {processor.py:161} INFO - Started process (PID=58627) to work on /Users/HP/storypoints-week1/venv/lib/python3.11/site-packages/airflow/example_dags/example_sensors.py
[2026-03-04T19:08:15.326+0000] {processor.py:830} INFO - Processing file /Users/HP/storypoints-week1/venv/lib/python3.11/site-packages/airflow/example_dags/example_sensors.py for tasks to queue
[2026-03-04T19:08:15.327+0000] {logging_mixin.py:188} INFO - [2026-03-04T19:08:15.327+0000] {dagbag.py:538} INFO - Filling up the DagBag from /Users/HP/storypoints-week1/venv/lib/python3.11/site-packages/airflow/example_dags/example_sensors.py
[2026-03-04T19:08:15.337+0000] {processor.py:840} INFO - DAG(s) 'example_sensors' retrieved from /Users/HP/storypoints-week1/venv/lib/python3.11/site-packages/airflow/example_dags/example_sensors.py
[2026-03-04T19:08:15.406+0000] {logging_mixin.py:188} INFO - [2026-03-04T19:08:15.406+0000] {dag.py:3033} INFO - Sync 1 DAGs
[2026-03-04T19:08:15.412+0000] {logging_mixin.py:188} INFO - [2026-03-04T19:08:15.412+0000] {dag.py:3820} INFO - Setting next_dagrun for example_sensors to None, run_after=None
[2026-03-04T19:08:15.423+0000] {processor.py:183} INFO - Processing /Users/HP/storypoints-week1/venv/lib/python3.11/site-packages/airflow/example_dags/example_sensors.py took 0.101 seconds
[2026-03-04T19:09:44.039+0000] {processor.py:161} INFO - Started process (PID=59476) to work on /Users/HP/storypoints-week1/venv/lib/python3.11/site-packages/airflow/example_dags/example_sensors.py
[2026-03-04T19:09:44.041+0000] {processor.py:830} INFO - Processing file /Users/HP/storypoints-week1/venv/lib/python3.11/site-packages/airflow/example_dags/example_sensors.py for tasks to queue
[2026-03-04T19:09:44.043+0000] {logging_mixin.py:188} INFO - [2026-03-04T19:09:44.043+0000] {dagbag.py:538} INFO - Filling up the DagBag from /Users/HP/storypoints-week1/venv/lib/python3.11/site-packages/airflow/example_dags/example_sensors.py
[2026-03-04T19:09:44.053+0000] {processor.py:840} INFO - DAG(s) 'example_sensors' retrieved from /Users/HP/storypoints-week1/venv/lib/python3.11/site-packages/airflow/example_dags/example_sensors.py
[2026-03-04T19:09:44.119+0000] {logging_mixin.py:188} INFO - [2026-03-04T19:09:44.119+0000] {dag.py:3033} INFO - Sync 1 DAGs
[2026-03-04T19:09:44.125+0000] {logging_mixin.py:188} INFO - [2026-03-04T19:09:44.125+0000] {dag.py:3820} INFO - Setting next_dagrun for example_sensors to None, run_after=None
[2026-03-04T19:09:44.137+0000] {processor.py:183} INFO - Processing /Users/HP/storypoints-week1/venv/lib/python3.11/site-packages/airflow/example_dags/example_sensors.py took 0.099 seconds
[2026-03-04T19:12:25.982+0000] {processor.py:161} INFO - Started process (PID=61022) to work on /Users/HP/storypoints-week1/venv/lib/python3.11/site-packages/airflow/example_dags/example_sensors.py
[2026-03-04T19:12:25.986+0000] {processor.py:830} INFO - Processing file /Users/HP/storypoints-week1/venv/lib/python3.11/site-packages/airflow/example_dags/example_sensors.py for tasks to queue
[2026-03-04T19:12:25.988+0000] {logging_mixin.py:188} INFO - [2026-03-04T19:12:25.987+0000] {dagbag.py:538} INFO - Filling up the DagBag from /Users/HP/storypoints-week1/venv/lib/python3.11/site-packages/airflow/example_dags/example_sensors.py
[2026-03-04T19:12:26.004+0000] {processor.py:840} INFO - DAG(s) 'example_sensors' retrieved from /Users/HP/storypoints-week1/venv/lib/python3.11/site-packages/airflow/example_dags/example_sensors.py
[2026-03-04T19:12:26.184+0000] {logging_mixin.py:188} INFO - [2026-03-04T19:12:26.184+0000] {dag.py:3033} INFO - Sync 1 DAGs
[2026-03-04T19:12:26.193+0000] {logging_mixin.py:188} INFO - [2026-03-04T19:12:26.192+0000] {dag.py:3820} INFO - Setting next_dagrun for example_sensors to None, run_after=None
[2026-03-04T19:12:26.212+0000] {processor.py:183} INFO - Processing /Users/HP/storypoints-week1/venv/lib/python3.11/site-packages/airflow/example_dags/example_sensors.py took 0.233 seconds
[2026-03-04T19:33:57.697+0000] {processor.py:161} INFO - Started process (PID=74646) to work on /Users/HP/storypoints-week1/venv/lib/python3.11/site-packages/airflow/example_dags/example_sensors.py
[2026-03-04T19:33:57.700+0000] {processor.py:830} INFO - Processing file /Users/HP/storypoints-week1/venv/lib/python3.11/site-packages/airflow/example_dags/example_sensors.py for tasks to queue
[2026-03-04T19:33:57.702+0000] {logging_mixin.py:188} INFO - [2026-03-04T19:33:57.702+0000] {dagbag.py:538} INFO - Filling up the DagBag from /Users/HP/storypoints-week1/venv/lib/python3.11/site-packages/airflow/example_dags/example_sensors.py
[2026-03-04T19:33:57.711+0000] {processor.py:840} INFO - DAG(s) 'example_sensors' retrieved from /Users/HP/storypoints-week1/venv/lib/python3.11/site-packages/airflow/example_dags/example_sensors.py
[2026-03-04T19:33:57.781+0000] {logging_mixin.py:188} INFO - [2026-03-04T19:33:57.781+0000] {dag.py:3033} INFO - Sync 1 DAGs
[2026-03-04T19:33:57.787+0000] {logging_mixin.py:188} INFO - [2026-03-04T19:33:57.787+0000] {dag.py:3820} INFO - Setting next_dagrun for example_sensors to None, run_after=None
[2026-03-04T19:33:57.798+0000] {processor.py:183} INFO - Processing /Users/HP/storypoints-week1/venv/lib/python3.11/site-packages/airflow/example_dags/example_sensors.py took 0.102 seconds
[2026-03-04T19:36:32.827+0000] {processor.py:161} INFO - Started process (PID=76347) to work on /Users/HP/storypoints-week1/venv/lib/python3.11/site-packages/airflow/example_dags/example_sensors.py
[2026-03-04T19:36:32.830+0000] {processor.py:830} INFO - Processing file /Users/HP/storypoints-week1/venv/lib/python3.11/site-packages/airflow/example_dags/example_sensors.py for tasks to queue
[2026-03-04T19:36:32.832+0000] {logging_mixin.py:188} INFO - [2026-03-04T19:36:32.832+0000] {dagbag.py:538} INFO - Filling up the DagBag from /Users/HP/storypoints-week1/venv/lib/python3.11/site-packages/airflow/example_dags/example_sensors.py
[2026-03-04T19:36:32.841+0000] {processor.py:840} INFO - DAG(s) 'example_sensors' retrieved from /Users/HP/storypoints-week1/venv/lib/python3.11/site-packages/airflow/example_dags/example_sensors.py
[2026-03-04T19:36:32.912+0000] {logging_mixin.py:188} INFO - [2026-03-04T19:36:32.912+0000] {dag.py:3033} INFO - Sync 1 DAGs
[2026-03-04T19:36:32.918+0000] {logging_mixin.py:188} INFO - [2026-03-04T19:36:32.918+0000] {dag.py:3820} INFO - Setting next_dagrun for example_sensors to None, run_after=None
[2026-03-04T19:36:32.930+0000] {processor.py:183} INFO - Processing /Users/HP/storypoints-week1/venv/lib/python3.11/site-packages/airflow/example_dags/example_sensors.py took 0.103 seconds
[2026-03-04T19:38:21.451+0000] {processor.py:161} INFO - Started process (PID=77375) to work on /Users/HP/storypoints-week1/venv/lib/python3.11/site-packages/airflow/example_dags/example_sensors.py
[2026-03-04T19:38:21.454+0000] {processor.py:830} INFO - Processing file /Users/HP/storypoints-week1/venv/lib/python3.11/site-packages/airflow/example_dags/example_sensors.py for tasks to queue
[2026-03-04T19:38:21.455+0000] {logging_mixin.py:188} INFO - [2026-03-04T19:38:21.455+0000] {dagbag.py:538} INFO - Filling up the DagBag from /Users/HP/storypoints-week1/venv/lib/python3.11/site-packages/airflow/example_dags/example_sensors.py
[2026-03-04T19:38:21.465+0000] {processor.py:840} INFO - DAG(s) 'example_sensors' retrieved from /Users/HP/storypoints-week1/venv/lib/python3.11/site-packages/airflow/example_dags/example_sensors.py
[2026-03-04T19:38:21.535+0000] {logging_mixin.py:188} INFO - [2026-03-04T19:38:21.534+0000] {dag.py:3033} INFO - Sync 1 DAGs
[2026-03-04T19:38:21.540+0000] {logging_mixin.py:188} INFO - [2026-03-04T19:38:21.540+0000] {dag.py:3820} INFO - Setting next_dagrun for example_sensors to None, run_after=None
[2026-03-04T19:38:21.552+0000] {processor.py:183} INFO - Processing /Users/HP/storypoints-week1/venv/lib/python3.11/site-packages/airflow/example_dags/example_sensors.py took 0.101 seconds
[2026-03-04T19:40:49.112+0000] {processor.py:161} INFO - Started process (PID=78780) to work on /Users/HP/storypoints-week1/venv/lib/python3.11/site-packages/airflow/example_dags/example_sensors.py
[2026-03-04T19:40:49.115+0000] {processor.py:830} INFO - Processing file /Users/HP/storypoints-week1/venv/lib/python3.11/site-packages/airflow/example_dags/example_sensors.py for tasks to queue
[2026-03-04T19:40:49.119+0000] {logging_mixin.py:188} INFO - [2026-03-04T19:40:49.119+0000] {dagbag.py:538} INFO - Filling up the DagBag from /Users/HP/storypoints-week1/venv/lib/python3.11/site-packages/airflow/example_dags/example_sensors.py
[2026-03-04T19:40:49.138+0000] {processor.py:840} INFO - DAG(s) 'example_sensors' retrieved from /Users/HP/storypoints-week1/venv/lib/python3.11/site-packages/airflow/example_dags/example_sensors.py
[2026-03-04T19:40:49.224+0000] {logging_mixin.py:188} INFO - [2026-03-04T19:40:49.224+0000] {dag.py:3033} INFO - Sync 1 DAGs
[2026-03-04T19:40:49.231+0000] {logging_mixin.py:188} INFO - [2026-03-04T19:40:49.231+0000] {dag.py:3820} INFO - Setting next_dagrun for example_sensors to None, run_after=None
[2026-03-04T19:40:49.245+0000] {processor.py:183} INFO - Processing /Users/HP/storypoints-week1/venv/lib/python3.11/site-packages/airflow/example_dags/example_sensors.py took 0.134 seconds
[2026-03-04T19:43:16.320+0000] {processor.py:161} INFO - Started process (PID=80160) to work on /Users/HP/storypoints-week1/venv/lib/python3.11/site-packages/airflow/example_dags/example_sensors.py
[2026-03-04T19:43:16.322+0000] {processor.py:830} INFO - Processing file /Users/HP/storypoints-week1/venv/lib/python3.11/site-packages/airflow/example_dags/example_sensors.py for tasks to queue
[2026-03-04T19:43:16.324+0000] {logging_mixin.py:188} INFO - [2026-03-04T19:43:16.324+0000] {dagbag.py:538} INFO - Filling up the DagBag from /Users/HP/storypoints-week1/venv/lib/python3.11/site-packages/airflow/example_dags/example_sensors.py
[2026-03-04T19:43:16.333+0000] {processor.py:840} INFO - DAG(s) 'example_sensors' retrieved from /Users/HP/storypoints-week1/venv/lib/python3.11/site-packages/airflow/example_dags/example_sensors.py
[2026-03-04T19:43:16.404+0000] {logging_mixin.py:188} INFO - [2026-03-04T19:43:16.403+0000] {dag.py:3033} INFO - Sync 1 DAGs
[2026-03-04T19:43:16.410+0000] {logging_mixin.py:188} INFO - [2026-03-04T19:43:16.409+0000] {dag.py:3820} INFO - Setting next_dagrun for example_sensors to None, run_after=None
[2026-03-04T19:43:16.421+0000] {processor.py:183} INFO - Processing /Users/HP/storypoints-week1/venv/lib/python3.11/site-packages/airflow/example_dags/example_sensors.py took 0.102 seconds
[2026-03-04T19:45:44.122+0000] {processor.py:161} INFO - Started process (PID=81557) to work on /Users/HP/storypoints-week1/venv/lib/python3.11/site-packages/airflow/example_dags/example_sensors.py
[2026-03-04T19:45:44.124+0000] {processor.py:830} INFO - Processing file /Users/HP/storypoints-week1/venv/lib/python3.11/site-packages/airflow/example_dags/example_sensors.py for tasks to queue
[2026-03-04T19:45:44.125+0000] {logging_mixin.py:188} INFO - [2026-03-04T19:45:44.125+0000] {dagbag.py:538} INFO - Filling up the DagBag from /Users/HP/storypoints-week1/venv/lib/python3.11/site-packages/airflow/example_dags/example_sensors.py
[2026-03-04T19:45:44.133+0000] {processor.py:840} INFO - DAG(s) 'example_sensors' retrieved from /Users/HP/storypoints-week1/venv/lib/python3.11/site-packages/airflow/example_dags/example_sensors.py
[2026-03-04T19:45:44.201+0000] {logging_mixin.py:188} INFO - [2026-03-04T19:45:44.201+0000] {dag.py:3033} INFO - Sync 1 DAGs
[2026-03-04T19:45:44.207+0000] {logging_mixin.py:188} INFO - [2026-03-04T19:45:44.207+0000] {dag.py:3820} INFO - Setting next_dagrun for example_sensors to None, run_after=None
[2026-03-04T19:45:44.218+0000] {processor.py:183} INFO - Processing /Users/HP/storypoints-week1/venv/lib/python3.11/site-packages/airflow/example_dags/example_sensors.py took 0.097 seconds
[2026-03-04T20:00:25.242+0000] {processor.py:161} INFO - Started process (PID=82996) to work on /Users/HP/storypoints-week1/venv/lib/python3.11/site-packages/airflow/example_dags/example_sensors.py
[2026-03-04T20:00:25.245+0000] {processor.py:830} INFO - Processing file /Users/HP/storypoints-week1/venv/lib/python3.11/site-packages/airflow/example_dags/example_sensors.py for tasks to queue
[2026-03-04T20:00:25.246+0000] {logging_mixin.py:188} INFO - [2026-03-04T20:00:25.246+0000] {dagbag.py:538} INFO - Filling up the DagBag from /Users/HP/storypoints-week1/venv/lib/python3.11/site-packages/airflow/example_dags/example_sensors.py
[2026-03-04T20:00:25.256+0000] {processor.py:840} INFO - DAG(s) 'example_sensors' retrieved from /Users/HP/storypoints-week1/venv/lib/python3.11/site-packages/airflow/example_dags/example_sensors.py
[2026-03-04T20:00:25.322+0000] {logging_mixin.py:188} INFO - [2026-03-04T20:00:25.322+0000] {dag.py:3033} INFO - Sync 1 DAGs
[2026-03-04T20:00:25.327+0000] {logging_mixin.py:188} INFO - [2026-03-04T20:00:25.327+0000] {dag.py:3820} INFO - Setting next_dagrun for example_sensors to None, run_after=None
[2026-03-04T20:00:25.337+0000] {processor.py:183} INFO - Processing /Users/HP/storypoints-week1/venv/lib/python3.11/site-packages/airflow/example_dags/example_sensors.py took 0.096 seconds
[2026-03-04T20:12:56.603+0000] {processor.py:161} INFO - Started process (PID=83754) to work on /Users/HP/storypoints-week1/venv/lib/python3.11/site-packages/airflow/example_dags/example_sensors.py
[2026-03-04T20:12:56.606+0000] {processor.py:830} INFO - Processing file /Users/HP/storypoints-week1/venv/lib/python3.11/site-packages/airflow/example_dags/example_sensors.py for tasks to queue
[2026-03-04T20:12:56.607+0000] {logging_mixin.py:188} INFO - [2026-03-04T20:12:56.607+0000] {dagbag.py:538} INFO - Filling up the DagBag from /Users/HP/storypoints-week1/venv/lib/python3.11/site-packages/airflow/example_dags/example_sensors.py
[2026-03-04T20:12:56.618+0000] {processor.py:840} INFO - DAG(s) 'example_sensors' retrieved from /Users/HP/storypoints-week1/venv/lib/python3.11/site-packages/airflow/example_dags/example_sensors.py
[2026-03-04T20:12:56.687+0000] {logging_mixin.py:188} INFO - [2026-03-04T20:12:56.686+0000] {dag.py:3033} INFO - Sync 1 DAGs
[2026-03-04T20:12:56.692+0000] {logging_mixin.py:188} INFO - [2026-03-04T20:12:56.692+0000] {dag.py:3820} INFO - Setting next_dagrun for example_sensors to None, run_after=None
[2026-03-04T20:12:56.704+0000] {processor.py:183} INFO - Processing /Users/HP/storypoints-week1/venv/lib/python3.11/site-packages/airflow/example_dags/example_sensors.py took 0.102 seconds
[2026-03-04T20:14:28.028+0000] {processor.py:161} INFO - Started process (PID=84601) to work on /Users/HP/storypoints-week1/venv/lib/python3.11/site-packages/airflow/example_dags/example_sensors.py
[2026-03-04T20:14:28.031+0000] {processor.py:830} INFO - Processing file /Users/HP/storypoints-week1/venv/lib/python3.11/site-packages/airflow/example_dags/example_sensors.py for tasks to queue
[2026-03-04T20:14:28.032+0000] {logging_mixin.py:188} INFO - [2026-03-04T20:14:28.032+0000] {dagbag.py:538} INFO - Filling up the DagBag from /Users/HP/storypoints-week1/venv/lib/python3.11/site-packages/airflow/example_dags/example_sensors.py
[2026-03-04T20:14:28.042+0000] {processor.py:840} INFO - DAG(s) 'example_sensors' retrieved from /Users/HP/storypoints-week1/venv/lib/python3.11/site-packages/airflow/example_dags/example_sensors.py
[2026-03-04T20:14:28.112+0000] {logging_mixin.py:188} INFO - [2026-03-04T20:14:28.112+0000] {dag.py:3033} INFO - Sync 1 DAGs
[2026-03-04T20:14:28.118+0000] {logging_mixin.py:188} INFO - [2026-03-04T20:14:28.118+0000] {dag.py:3820} INFO - Setting next_dagrun for example_sensors to None, run_after=None
[2026-03-04T20:14:28.129+0000] {processor.py:183} INFO - Processing /Users/HP/storypoints-week1/venv/lib/python3.11/site-packages/airflow/example_dags/example_sensors.py took 0.103 seconds
[2026-03-04T20:23:53.110+0000] {processor.py:161} INFO - Started process (PID=86067) to work on /Users/HP/storypoints-week1/venv/lib/python3.11/site-packages/airflow/example_dags/example_sensors.py
[2026-03-04T20:23:53.113+0000] {processor.py:830} INFO - Processing file /Users/HP/storypoints-week1/venv/lib/python3.11/site-packages/airflow/example_dags/example_sensors.py for tasks to queue
[2026-03-04T20:23:53.114+0000] {logging_mixin.py:188} INFO - [2026-03-04T20:23:53.114+0000] {dagbag.py:538} INFO - Filling up the DagBag from /Users/HP/storypoints-week1/venv/lib/python3.11/site-packages/airflow/example_dags/example_sensors.py
[2026-03-04T20:23:53.124+0000] {processor.py:840} INFO - DAG(s) 'example_sensors' retrieved from /Users/HP/storypoints-week1/venv/lib/python3.11/site-packages/airflow/example_dags/example_sensors.py
[2026-03-04T20:23:53.194+0000] {logging_mixin.py:188} INFO - [2026-03-04T20:23:53.194+0000] {dag.py:3033} INFO - Sync 1 DAGs
[2026-03-04T20:23:53.200+0000] {logging_mixin.py:188} INFO - [2026-03-04T20:23:53.200+0000] {dag.py:3820} INFO - Setting next_dagrun for example_sensors to None, run_after=None
[2026-03-04T20:23:53.211+0000] {processor.py:183} INFO - Processing /Users/HP/storypoints-week1/venv/lib/python3.11/site-packages/airflow/example_dags/example_sensors.py took 0.103 seconds
[2026-03-04T20:25:23.859+0000] {processor.py:161} INFO - Started process (PID=86915) to work on /Users/HP/storypoints-week1/venv/lib/python3.11/site-packages/airflow/example_dags/example_sensors.py
[2026-03-04T20:25:23.861+0000] {processor.py:830} INFO - Processing file /Users/HP/storypoints-week1/venv/lib/python3.11/site-packages/airflow/example_dags/example_sensors.py for tasks to queue
[2026-03-04T20:25:23.862+0000] {logging_mixin.py:188} INFO - [2026-03-04T20:25:23.862+0000] {dagbag.py:538} INFO - Filling up the DagBag from /Users/HP/storypoints-week1/venv/lib/python3.11/site-packages/airflow/example_dags/example_sensors.py
[2026-03-04T20:25:23.870+0000] {processor.py:840} INFO - DAG(s) 'example_sensors' retrieved from /Users/HP/storypoints-week1/venv/lib/python3.11/site-packages/airflow/example_dags/example_sensors.py
[2026-03-04T20:25:23.938+0000] {logging_mixin.py:188} INFO - [2026-03-04T20:25:23.938+0000] {dag.py:3033} INFO - Sync 1 DAGs
[2026-03-04T20:25:23.944+0000] {logging_mixin.py:188} INFO - [2026-03-04T20:25:23.944+0000] {dag.py:3820} INFO - Setting next_dagrun for example_sensors to None, run_after=None
[2026-03-04T20:25:23.955+0000] {processor.py:183} INFO - Processing /Users/HP/storypoints-week1/venv/lib/python3.11/site-packages/airflow/example_dags/example_sensors.py took 0.097 seconds
[2026-03-04T20:46:02.298+0000] {processor.py:161} INFO - Started process (PID=87650) to work on /Users/HP/storypoints-week1/venv/lib/python3.11/site-packages/airflow/example_dags/example_sensors.py
[2026-03-04T20:46:02.300+0000] {processor.py:830} INFO - Processing file /Users/HP/storypoints-week1/venv/lib/python3.11/site-packages/airflow/example_dags/example_sensors.py for tasks to queue
[2026-03-04T20:46:02.301+0000] {logging_mixin.py:188} INFO - [2026-03-04T20:46:02.301+0000] {dagbag.py:538} INFO - Filling up the DagBag from /Users/HP/storypoints-week1/venv/lib/python3.11/site-packages/airflow/example_dags/example_sensors.py
[2026-03-04T20:46:02.309+0000] {processor.py:840} INFO - DAG(s) 'example_sensors' retrieved from /Users/HP/storypoints-week1/venv/lib/python3.11/site-packages/airflow/example_dags/example_sensors.py
[2026-03-04T20:46:02.377+0000] {logging_mixin.py:188} INFO - [2026-03-04T20:46:02.376+0000] {dag.py:3033} INFO - Sync 1 DAGs
[2026-03-04T20:46:02.382+0000] {logging_mixin.py:188} INFO - [2026-03-04T20:46:02.382+0000] {dag.py:3820} INFO - Setting next_dagrun for example_sensors to None, run_after=None
[2026-03-04T20:46:02.394+0000] {processor.py:183} INFO - Processing /Users/HP/storypoints-week1/venv/lib/python3.11/site-packages/airflow/example_dags/example_sensors.py took 0.097 seconds
[2026-03-04T22:05:17.117+0000] {processor.py:161} INFO - Started process (PID=88458) to work on /Users/HP/storypoints-week1/venv/lib/python3.11/site-packages/airflow/example_dags/example_sensors.py
[2026-03-04T22:05:17.120+0000] {processor.py:830} INFO - Processing file /Users/HP/storypoints-week1/venv/lib/python3.11/site-packages/airflow/example_dags/example_sensors.py for tasks to queue
[2026-03-04T22:05:17.121+0000] {logging_mixin.py:188} INFO - [2026-03-04T22:05:17.121+0000] {dagbag.py:538} INFO - Filling up the DagBag from /Users/HP/storypoints-week1/venv/lib/python3.11/site-packages/airflow/example_dags/example_sensors.py
[2026-03-04T22:05:17.130+0000] {processor.py:840} INFO - DAG(s) 'example_sensors' retrieved from /Users/HP/storypoints-week1/venv/lib/python3.11/site-packages/airflow/example_dags/example_sensors.py
[2026-03-04T22:05:17.199+0000] {logging_mixin.py:188} INFO - [2026-03-04T22:05:17.199+0000] {dag.py:3033} INFO - Sync 1 DAGs
[2026-03-04T22:05:17.204+0000] {logging_mixin.py:188} INFO - [2026-03-04T22:05:17.204+0000] {dag.py:3820} INFO - Setting next_dagrun for example_sensors to None, run_after=None
[2026-03-04T22:05:17.214+0000] {processor.py:183} INFO - Processing /Users/HP/storypoints-week1/venv/lib/python3.11/site-packages/airflow/example_dags/example_sensors.py took 0.098 seconds
[2026-03-04T22:17:56.805+0000] {processor.py:161} INFO - Started process (PID=89205) to work on /Users/HP/storypoints-week1/venv/lib/python3.11/site-packages/airflow/example_dags/example_sensors.py
[2026-03-04T22:17:56.808+0000] {processor.py:830} INFO - Processing file /Users/HP/storypoints-week1/venv/lib/python3.11/site-packages/airflow/example_dags/example_sensors.py for tasks to queue
[2026-03-04T22:17:56.809+0000] {logging_mixin.py:188} INFO - [2026-03-04T22:17:56.809+0000] {dagbag.py:538} INFO - Filling up the DagBag from /Users/HP/storypoints-week1/venv/lib/python3.11/site-packages/airflow/example_dags/example_sensors.py
[2026-03-04T22:17:56.817+0000] {processor.py:840} INFO - DAG(s) 'example_sensors' retrieved from /Users/HP/storypoints-week1/venv/lib/python3.11/site-packages/airflow/example_dags/example_sensors.py
[2026-03-04T22:17:56.886+0000] {logging_mixin.py:188} INFO - [2026-03-04T22:17:56.886+0000] {dag.py:3033} INFO - Sync 1 DAGs
[2026-03-04T22:17:56.892+0000] {logging_mixin.py:188} INFO - [2026-03-04T22:17:56.892+0000] {dag.py:3820} INFO - Setting next_dagrun for example_sensors to None, run_after=None
[2026-03-04T22:17:56.903+0000] {processor.py:183} INFO - Processing /Users/HP/storypoints-week1/venv/lib/python3.11/site-packages/airflow/example_dags/example_sensors.py took 0.099 seconds
[2026-03-04T22:32:09.647+0000] {processor.py:161} INFO - Started process (PID=90175) to work on /Users/HP/storypoints-week1/venv/lib/python3.11/site-packages/airflow/example_dags/example_sensors.py
[2026-03-04T22:32:09.649+0000] {processor.py:830} INFO - Processing file /Users/HP/storypoints-week1/venv/lib/python3.11/site-packages/airflow/example_dags/example_sensors.py for tasks to queue
[2026-03-04T22:32:09.651+0000] {logging_mixin.py:188} INFO - [2026-03-04T22:32:09.651+0000] {dagbag.py:538} INFO - Filling up the DagBag from /Users/HP/storypoints-week1/venv/lib/python3.11/site-packages/airflow/example_dags/example_sensors.py
[2026-03-04T22:32:09.660+0000] {processor.py:840} INFO - DAG(s) 'example_sensors' retrieved from /Users/HP/storypoints-week1/venv/lib/python3.11/site-packages/airflow/example_dags/example_sensors.py
[2026-03-04T22:32:09.728+0000] {logging_mixin.py:188} INFO - [2026-03-04T22:32:09.728+0000] {dag.py:3033} INFO - Sync 1 DAGs
[2026-03-04T22:32:09.733+0000] {logging_mixin.py:188} INFO - [2026-03-04T22:32:09.733+0000] {dag.py:3820} INFO - Setting next_dagrun for example_sensors to None, run_after=None
[2026-03-04T22:32:09.745+0000] {processor.py:183} INFO - Processing /Users/HP/storypoints-week1/venv/lib/python3.11/site-packages/airflow/example_dags/example_sensors.py took 0.098 seconds
[2026-03-04T23:07:36.638+0000] {processor.py:161} INFO - Started process (PID=91618) to work on /Users/HP/storypoints-week1/venv/lib/python3.11/site-packages/airflow/example_dags/example_sensors.py
[2026-03-04T23:07:36.641+0000] {processor.py:830} INFO - Processing file /Users/HP/storypoints-week1/venv/lib/python3.11/site-packages/airflow/example_dags/example_sensors.py for tasks to queue
[2026-03-04T23:07:36.642+0000] {logging_mixin.py:188} INFO - [2026-03-04T23:07:36.642+0000] {dagbag.py:538} INFO - Filling up the DagBag from /Users/HP/storypoints-week1/venv/lib/python3.11/site-packages/airflow/example_dags/example_sensors.py
[2026-03-04T23:07:36.652+0000] {processor.py:840} INFO - DAG(s) 'example_sensors' retrieved from /Users/HP/storypoints-week1/venv/lib/python3.11/site-packages/airflow/example_dags/example_sensors.py
[2026-03-04T23:07:36.719+0000] {logging_mixin.py:188} INFO - [2026-03-04T23:07:36.719+0000] {dag.py:3033} INFO - Sync 1 DAGs
[2026-03-04T23:07:36.725+0000] {logging_mixin.py:188} INFO - [2026-03-04T23:07:36.725+0000] {dag.py:3820} INFO - Setting next_dagrun for example_sensors to None, run_after=None
[2026-03-04T23:07:36.737+0000] {processor.py:183} INFO - Processing /Users/HP/storypoints-week1/venv/lib/python3.11/site-packages/airflow/example_dags/example_sensors.py took 0.100 seconds
