[2026-03-04T19:02:01.925+0000] {processor.py:161} INFO - Started process (PID=54673) to work on /Users/HP/storypoints-week1/venv/lib/python3.11/site-packages/airflow/example_dags/example_setup_teardown_taskflow.py
[2026-03-04T19:02:01.927+0000] {processor.py:830} INFO - Processing file /Users/HP/storypoints-week1/venv/lib/python3.11/site-packages/airflow/example_dags/example_setup_teardown_taskflow.py for tasks to queue
[2026-03-04T19:02:01.929+0000] {logging_mixin.py:188} INFO - [2026-03-04T19:02:01.929+0000] {dagbag.py:538} INFO - Filling up the DagBag from /Users/HP/storypoints-week1/venv/lib/python3.11/site-packages/airflow/example_dags/example_setup_teardown_taskflow.py
[2026-03-04T19:02:01.957+0000] {processor.py:840} INFO - DAG(s) 'example_setup_teardown_taskflow' retrieved from /Users/HP/storypoints-week1/venv/lib/python3.11/site-packages/airflow/example_dags/example_setup_teardown_taskflow.py
[2026-03-04T19:02:02.077+0000] {logging_mixin.py:188} INFO - [2026-03-04T19:02:02.076+0000] {override.py:1769} INFO - Created Permission View: can delete on DAG:example_setup_teardown_taskflow
[2026-03-04T19:02:02.085+0000] {logging_mixin.py:188} INFO - [2026-03-04T19:02:02.084+0000] {override.py:1769} INFO - Created Permission View: can read on DAG:example_setup_teardown_taskflow
[2026-03-04T19:02:02.089+0000] {logging_mixin.py:188} INFO - [2026-03-04T19:02:02.089+0000] {override.py:1769} INFO - Created Permission View: can edit on DAG:example_setup_teardown_taskflow
[2026-03-04T19:02:02.089+0000] {logging_mixin.py:188} INFO - [2026-03-04T19:02:02.089+0000] {dag.py:3033} INFO - Sync 1 DAGs
[2026-03-04T19:02:02.098+0000] {logging_mixin.py:188} INFO - [2026-03-04T19:02:02.098+0000] {dag.py:3055} INFO - Creating ORM DAG for example_setup_teardown_taskflow
[2026-03-04T19:02:02.104+0000] {logging_mixin.py:188} INFO - [2026-03-04T19:02:02.104+0000] {dag.py:3820} INFO - Setting next_dagrun for example_setup_teardown_taskflow to 2026-03-03T00:00:00+00:00, run_after=2026-03-04T00:00:00+00:00
[2026-03-04T19:02:02.120+0000] {processor.py:183} INFO - Processing /Users/HP/storypoints-week1/venv/lib/python3.11/site-packages/airflow/example_dags/example_setup_teardown_taskflow.py took 0.196 seconds
[2026-03-04T19:04:01.519+0000] {processor.py:161} INFO - Started process (PID=55807) to work on /Users/HP/storypoints-week1/venv/lib/python3.11/site-packages/airflow/example_dags/example_setup_teardown_taskflow.py
[2026-03-04T19:04:01.522+0000] {processor.py:830} INFO - Processing file /Users/HP/storypoints-week1/venv/lib/python3.11/site-packages/airflow/example_dags/example_setup_teardown_taskflow.py for tasks to queue
[2026-03-04T19:04:01.523+0000] {logging_mixin.py:188} INFO - [2026-03-04T19:04:01.523+0000] {dagbag.py:538} INFO - Filling up the DagBag from /Users/HP/storypoints-week1/venv/lib/python3.11/site-packages/airflow/example_dags/example_setup_teardown_taskflow.py
[2026-03-04T19:04:01.550+0000] {processor.py:840} INFO - DAG(s) 'example_setup_teardown_taskflow' retrieved from /Users/HP/storypoints-week1/venv/lib/python3.11/site-packages/airflow/example_dags/example_setup_teardown_taskflow.py
[2026-03-04T19:04:01.611+0000] {logging_mixin.py:188} INFO - [2026-03-04T19:04:01.611+0000] {dag.py:3033} INFO - Sync 1 DAGs
[2026-03-04T19:04:01.622+0000] {logging_mixin.py:188} INFO - [2026-03-04T19:04:01.622+0000] {dag.py:3820} INFO - Setting next_dagrun for example_setup_teardown_taskflow to 2026-03-03T00:00:00+00:00, run_after=2026-03-04T00:00:00+00:00
[2026-03-04T19:04:01.633+0000] {processor.py:183} INFO - Processing /Users/HP/storypoints-week1/venv/lib/python3.11/site-packages/airflow/example_dags/example_setup_teardown_taskflow.py took 0.115 seconds
[2026-03-04T19:05:39.047+0000] {processor.py:161} INFO - Started process (PID=57125) to work on /Users/HP/storypoints-week1/venv/lib/python3.11/site-packages/airflow/example_dags/example_setup_teardown_taskflow.py
[2026-03-04T19:05:39.051+0000] {processor.py:830} INFO - Processing file /Users/HP/storypoints-week1/venv/lib/python3.11/site-packages/airflow/example_dags/example_setup_teardown_taskflow.py for tasks to queue
[2026-03-04T19:05:39.053+0000] {logging_mixin.py:188} INFO - [2026-03-04T19:05:39.053+0000] {dagbag.py:538} INFO - Filling up the DagBag from /Users/HP/storypoints-week1/venv/lib/python3.11/site-packages/airflow/example_dags/example_setup_teardown_taskflow.py
[2026-03-04T19:05:39.087+0000] {processor.py:840} INFO - DAG(s) 'example_setup_teardown_taskflow' retrieved from /Users/HP/storypoints-week1/venv/lib/python3.11/site-packages/airflow/example_dags/example_setup_teardown_taskflow.py
[2026-03-04T19:05:39.170+0000] {logging_mixin.py:188} INFO - [2026-03-04T19:05:39.170+0000] {dag.py:3033} INFO - Sync 1 DAGs
[2026-03-04T19:05:39.188+0000] {logging_mixin.py:188} INFO - [2026-03-04T19:05:39.188+0000] {dag.py:3820} INFO - Setting next_dagrun for example_setup_teardown_taskflow to 2026-03-03T00:00:00+00:00, run_after=2026-03-04T00:00:00+00:00
[2026-03-04T19:05:39.204+0000] {processor.py:183} INFO - Processing /Users/HP/storypoints-week1/venv/lib/python3.11/site-packages/airflow/example_dags/example_setup_teardown_taskflow.py took 0.158 seconds
[2026-03-04T19:07:02.228+0000] {processor.py:161} INFO - Started process (PID=57930) to work on /Users/HP/storypoints-week1/venv/lib/python3.11/site-packages/airflow/example_dags/example_setup_teardown_taskflow.py
[2026-03-04T19:07:02.231+0000] {processor.py:830} INFO - Processing file /Users/HP/storypoints-week1/venv/lib/python3.11/site-packages/airflow/example_dags/example_setup_teardown_taskflow.py for tasks to queue
[2026-03-04T19:07:02.232+0000] {logging_mixin.py:188} INFO - [2026-03-04T19:07:02.232+0000] {dagbag.py:538} INFO - Filling up the DagBag from /Users/HP/storypoints-week1/venv/lib/python3.11/site-packages/airflow/example_dags/example_setup_teardown_taskflow.py
[2026-03-04T19:07:02.260+0000] {processor.py:840} INFO - DAG(s) 'example_setup_teardown_taskflow' retrieved from /Users/HP/storypoints-week1/venv/lib/python3.11/site-packages/airflow/example_dags/example_setup_teardown_taskflow.py
[2026-03-04T19:07:02.325+0000] {logging_mixin.py:188} INFO - [2026-03-04T19:07:02.325+0000] {dag.py:3033} INFO - Sync 1 DAGs
[2026-03-04T19:07:02.337+0000] {logging_mixin.py:188} INFO - [2026-03-04T19:07:02.336+0000] {dag.py:3820} INFO - Setting next_dagrun for example_setup_teardown_taskflow to 2026-03-03T00:00:00+00:00, run_after=2026-03-04T00:00:00+00:00
[2026-03-04T19:07:02.348+0000] {processor.py:183} INFO - Processing /Users/HP/storypoints-week1/venv/lib/python3.11/site-packages/airflow/example_dags/example_setup_teardown_taskflow.py took 0.121 seconds
[2026-03-04T19:09:39.637+0000] {processor.py:161} INFO - Started process (PID=59431) to work on /Users/HP/storypoints-week1/venv/lib/python3.11/site-packages/airflow/example_dags/example_setup_teardown_taskflow.py
[2026-03-04T19:09:39.640+0000] {processor.py:830} INFO - Processing file /Users/HP/storypoints-week1/venv/lib/python3.11/site-packages/airflow/example_dags/example_setup_teardown_taskflow.py for tasks to queue
[2026-03-04T19:09:39.642+0000] {logging_mixin.py:188} INFO - [2026-03-04T19:09:39.641+0000] {dagbag.py:538} INFO - Filling up the DagBag from /Users/HP/storypoints-week1/venv/lib/python3.11/site-packages/airflow/example_dags/example_setup_teardown_taskflow.py
[2026-03-04T19:09:39.669+0000] {processor.py:840} INFO - DAG(s) 'example_setup_teardown_taskflow' retrieved from /Users/HP/storypoints-week1/venv/lib/python3.11/site-packages/airflow/example_dags/example_setup_teardown_taskflow.py
[2026-03-04T19:09:39.729+0000] {logging_mixin.py:188} INFO - [2026-03-04T19:09:39.729+0000] {dag.py:3033} INFO - Sync 1 DAGs
[2026-03-04T19:09:39.741+0000] {logging_mixin.py:188} INFO - [2026-03-04T19:09:39.740+0000] {dag.py:3820} INFO - Setting next_dagrun for example_setup_teardown_taskflow to 2026-03-03T00:00:00+00:00, run_after=2026-03-04T00:00:00+00:00
[2026-03-04T19:09:39.752+0000] {processor.py:183} INFO - Processing /Users/HP/storypoints-week1/venv/lib/python3.11/site-packages/airflow/example_dags/example_setup_teardown_taskflow.py took 0.115 seconds
[2026-03-04T19:11:01.770+0000] {processor.py:161} INFO - Started process (PID=60215) to work on /Users/HP/storypoints-week1/venv/lib/python3.11/site-packages/airflow/example_dags/example_setup_teardown_taskflow.py
[2026-03-04T19:11:01.773+0000] {processor.py:830} INFO - Processing file /Users/HP/storypoints-week1/venv/lib/python3.11/site-packages/airflow/example_dags/example_setup_teardown_taskflow.py for tasks to queue
[2026-03-04T19:11:01.775+0000] {logging_mixin.py:188} INFO - [2026-03-04T19:11:01.774+0000] {dagbag.py:538} INFO - Filling up the DagBag from /Users/HP/storypoints-week1/venv/lib/python3.11/site-packages/airflow/example_dags/example_setup_teardown_taskflow.py
[2026-03-04T19:11:01.802+0000] {processor.py:840} INFO - DAG(s) 'example_setup_teardown_taskflow' retrieved from /Users/HP/storypoints-week1/venv/lib/python3.11/site-packages/airflow/example_dags/example_setup_teardown_taskflow.py
[2026-03-04T19:11:01.864+0000] {logging_mixin.py:188} INFO - [2026-03-04T19:11:01.863+0000] {dag.py:3033} INFO - Sync 1 DAGs
[2026-03-04T19:11:01.875+0000] {logging_mixin.py:188} INFO - [2026-03-04T19:11:01.875+0000] {dag.py:3820} INFO - Setting next_dagrun for example_setup_teardown_taskflow to 2026-03-03T00:00:00+00:00, run_after=2026-03-04T00:00:00+00:00
[2026-03-04T19:11:01.886+0000] {processor.py:183} INFO - Processing /Users/HP/storypoints-week1/venv/lib/python3.11/site-packages/airflow/example_dags/example_setup_teardown_taskflow.py took 0.117 seconds
[2026-03-04T19:12:20.881+0000] {processor.py:161} INFO - Started process (PID=60979) to work on /Users/HP/storypoints-week1/venv/lib/python3.11/site-packages/airflow/example_dags/example_setup_teardown_taskflow.py
[2026-03-04T19:12:20.886+0000] {processor.py:830} INFO - Processing file /Users/HP/storypoints-week1/venv/lib/python3.11/site-packages/airflow/example_dags/example_setup_teardown_taskflow.py for tasks to queue
[2026-03-04T19:12:20.888+0000] {logging_mixin.py:188} INFO - [2026-03-04T19:12:20.887+0000] {dagbag.py:538} INFO - Filling up the DagBag from /Users/HP/storypoints-week1/venv/lib/python3.11/site-packages/airflow/example_dags/example_setup_teardown_taskflow.py
[2026-03-04T19:12:20.919+0000] {processor.py:840} INFO - DAG(s) 'example_setup_teardown_taskflow' retrieved from /Users/HP/storypoints-week1/venv/lib/python3.11/site-packages/airflow/example_dags/example_setup_teardown_taskflow.py
[2026-03-04T19:12:20.985+0000] {logging_mixin.py:188} INFO - [2026-03-04T19:12:20.985+0000] {dag.py:3033} INFO - Sync 1 DAGs
[2026-03-04T19:12:20.998+0000] {logging_mixin.py:188} INFO - [2026-03-04T19:12:20.998+0000] {dag.py:3820} INFO - Setting next_dagrun for example_setup_teardown_taskflow to 2026-03-03T00:00:00+00:00, run_after=2026-03-04T00:00:00+00:00
[2026-03-04T19:12:21.010+0000] {processor.py:183} INFO - Processing /Users/HP/storypoints-week1/venv/lib/python3.11/site-packages/airflow/example_dags/example_setup_teardown_taskflow.py took 0.130 seconds
[2026-03-04T19:33:53.150+0000] {processor.py:161} INFO - Started process (PID=74607) to work on /Users/HP/storypoints-week1/venv/lib/python3.11/site-packages/airflow/example_dags/example_setup_teardown_taskflow.py
[2026-03-04T19:33:53.153+0000] {processor.py:830} INFO - Processing file /Users/HP/storypoints-week1/venv/lib/python3.11/site-packages/airflow/example_dags/example_setup_teardown_taskflow.py for tasks to queue
[2026-03-04T19:33:53.154+0000] {logging_mixin.py:188} INFO - [2026-03-04T19:33:53.154+0000] {dagbag.py:538} INFO - Filling up the DagBag from /Users/HP/storypoints-week1/venv/lib/python3.11/site-packages/airflow/example_dags/example_setup_teardown_taskflow.py
[2026-03-04T19:33:53.188+0000] {processor.py:840} INFO - DAG(s) 'example_setup_teardown_taskflow' retrieved from /Users/HP/storypoints-week1/venv/lib/python3.11/site-packages/airflow/example_dags/example_setup_teardown_taskflow.py
[2026-03-04T19:33:53.259+0000] {logging_mixin.py:188} INFO - [2026-03-04T19:33:53.258+0000] {dag.py:3033} INFO - Sync 1 DAGs
[2026-03-04T19:33:53.271+0000] {logging_mixin.py:188} INFO - [2026-03-04T19:33:53.271+0000] {dag.py:3820} INFO - Setting next_dagrun for example_setup_teardown_taskflow to 2026-03-03T00:00:00+00:00, run_after=2026-03-04T00:00:00+00:00
[2026-03-04T19:33:53.283+0000] {processor.py:183} INFO - Processing /Users/HP/storypoints-week1/venv/lib/python3.11/site-packages/airflow/example_dags/example_setup_teardown_taskflow.py took 0.134 seconds
[2026-03-04T19:36:27.771+0000] {processor.py:161} INFO - Started process (PID=76301) to work on /Users/HP/storypoints-week1/venv/lib/python3.11/site-packages/airflow/example_dags/example_setup_teardown_taskflow.py
[2026-03-04T19:36:27.774+0000] {processor.py:830} INFO - Processing file /Users/HP/storypoints-week1/venv/lib/python3.11/site-packages/airflow/example_dags/example_setup_teardown_taskflow.py for tasks to queue
[2026-03-04T19:36:27.776+0000] {logging_mixin.py:188} INFO - [2026-03-04T19:36:27.776+0000] {dagbag.py:538} INFO - Filling up the DagBag from /Users/HP/storypoints-week1/venv/lib/python3.11/site-packages/airflow/example_dags/example_setup_teardown_taskflow.py
[2026-03-04T19:36:27.803+0000] {processor.py:840} INFO - DAG(s) 'example_setup_teardown_taskflow' retrieved from /Users/HP/storypoints-week1/venv/lib/python3.11/site-packages/airflow/example_dags/example_setup_teardown_taskflow.py
[2026-03-04T19:36:27.867+0000] {logging_mixin.py:188} INFO - [2026-03-04T19:36:27.867+0000] {dag.py:3033} INFO - Sync 1 DAGs
[2026-03-04T19:36:27.882+0000] {logging_mixin.py:188} INFO - [2026-03-04T19:36:27.881+0000] {dag.py:3820} INFO - Setting next_dagrun for example_setup_teardown_taskflow to 2026-03-03T00:00:00+00:00, run_after=2026-03-04T00:00:00+00:00
[2026-03-04T19:36:27.895+0000] {processor.py:183} INFO - Processing /Users/HP/storypoints-week1/venv/lib/python3.11/site-packages/airflow/example_dags/example_setup_teardown_taskflow.py took 0.124 seconds
[2026-03-04T19:38:16.077+0000] {processor.py:161} INFO - Started process (PID=77315) to work on /Users/HP/storypoints-week1/venv/lib/python3.11/site-packages/airflow/example_dags/example_setup_teardown_taskflow.py
[2026-03-04T19:38:16.079+0000] {processor.py:830} INFO - Processing file /Users/HP/storypoints-week1/venv/lib/python3.11/site-packages/airflow/example_dags/example_setup_teardown_taskflow.py for tasks to queue
[2026-03-04T19:38:16.082+0000] {logging_mixin.py:188} INFO - [2026-03-04T19:38:16.082+0000] {dagbag.py:538} INFO - Filling up the DagBag from /Users/HP/storypoints-week1/venv/lib/python3.11/site-packages/airflow/example_dags/example_setup_teardown_taskflow.py
[2026-03-04T19:38:16.111+0000] {processor.py:840} INFO - DAG(s) 'example_setup_teardown_taskflow' retrieved from /Users/HP/storypoints-week1/venv/lib/python3.11/site-packages/airflow/example_dags/example_setup_teardown_taskflow.py
[2026-03-04T19:38:16.179+0000] {logging_mixin.py:188} INFO - [2026-03-04T19:38:16.179+0000] {dag.py:3033} INFO - Sync 1 DAGs
[2026-03-04T19:38:16.192+0000] {logging_mixin.py:188} INFO - [2026-03-04T19:38:16.191+0000] {dag.py:3820} INFO - Setting next_dagrun for example_setup_teardown_taskflow to 2026-03-03T00:00:00+00:00, run_after=2026-03-04T00:00:00+00:00
[2026-03-04T19:38:16.204+0000] {processor.py:183} INFO - Processing /Users/HP/storypoints-week1/venv/lib/python3.11/site-packages/airflow/example_dags/example_setup_teardown_taskflow.py took 0.129 seconds
[2026-03-04T19:40:45.079+0000] {processor.py:161} INFO - Started process (PID=78741) to work on /Users/HP/storypoints-week1/venv/lib/python3.11/site-packages/airflow/example_dags/example_setup_teardown_taskflow.py
[2026-03-04T19:40:45.082+0000] {processor.py:830} INFO - Processing file /Users/HP/storypoints-week1/venv/lib/python3.11/site-packages/airflow/example_dags/example_setup_teardown_taskflow.py for tasks to queue
[2026-03-04T19:40:45.084+0000] {logging_mixin.py:188} INFO - [2026-03-04T19:40:45.083+0000] {dagbag.py:538} INFO - Filling up the DagBag from /Users/HP/storypoints-week1/venv/lib/python3.11/site-packages/airflow/example_dags/example_setup_teardown_taskflow.py
[2026-03-04T19:40:45.110+0000] {processor.py:840} INFO - DAG(s) 'example_setup_teardown_taskflow' retrieved from /Users/HP/storypoints-week1/venv/lib/python3.11/site-packages/airflow/example_dags/example_setup_teardown_taskflow.py
[2026-03-04T19:40:45.166+0000] {logging_mixin.py:188} INFO - [2026-03-04T19:40:45.166+0000] {dag.py:3033} INFO - Sync 1 DAGs
[2026-03-04T19:40:45.176+0000] {logging_mixin.py:188} INFO - [2026-03-04T19:40:45.176+0000] {dag.py:3820} INFO - Setting next_dagrun for example_setup_teardown_taskflow to 2026-03-03T00:00:00+00:00, run_after=2026-03-04T00:00:00+00:00
[2026-03-04T19:40:45.186+0000] {processor.py:183} INFO - Processing /Users/HP/storypoints-week1/venv/lib/python3.11/site-packages/airflow/example_dags/example_setup_teardown_taskflow.py took 0.107 seconds
[2026-03-04T19:43:12.757+0000] {processor.py:161} INFO - Started process (PID=80127) to work on /Users/HP/storypoints-week1/venv/lib/python3.11/site-packages/airflow/example_dags/example_setup_teardown_taskflow.py
[2026-03-04T19:43:12.759+0000] {processor.py:830} INFO - Processing file /Users/HP/storypoints-week1/venv/lib/python3.11/site-packages/airflow/example_dags/example_setup_teardown_taskflow.py for tasks to queue
[2026-03-04T19:43:12.761+0000] {logging_mixin.py:188} INFO - [2026-03-04T19:43:12.760+0000] {dagbag.py:538} INFO - Filling up the DagBag from /Users/HP/storypoints-week1/venv/lib/python3.11/site-packages/airflow/example_dags/example_setup_teardown_taskflow.py
[2026-03-04T19:43:12.787+0000] {processor.py:840} INFO - DAG(s) 'example_setup_teardown_taskflow' retrieved from /Users/HP/storypoints-week1/venv/lib/python3.11/site-packages/airflow/example_dags/example_setup_teardown_taskflow.py
[2026-03-04T19:43:12.849+0000] {logging_mixin.py:188} INFO - [2026-03-04T19:43:12.848+0000] {dag.py:3033} INFO - Sync 1 DAGs
[2026-03-04T19:43:12.861+0000] {logging_mixin.py:188} INFO - [2026-03-04T19:43:12.861+0000] {dag.py:3820} INFO - Setting next_dagrun for example_setup_teardown_taskflow to 2026-03-03T00:00:00+00:00, run_after=2026-03-04T00:00:00+00:00
[2026-03-04T19:43:12.872+0000] {processor.py:183} INFO - Processing /Users/HP/storypoints-week1/venv/lib/python3.11/site-packages/airflow/example_dags/example_setup_teardown_taskflow.py took 0.116 seconds
[2026-03-04T19:45:39.636+0000] {processor.py:161} INFO - Started process (PID=81514) to work on /Users/HP/storypoints-week1/venv/lib/python3.11/site-packages/airflow/example_dags/example_setup_teardown_taskflow.py
[2026-03-04T19:45:39.639+0000] {processor.py:830} INFO - Processing file /Users/HP/storypoints-week1/venv/lib/python3.11/site-packages/airflow/example_dags/example_setup_teardown_taskflow.py for tasks to queue
[2026-03-04T19:45:39.640+0000] {logging_mixin.py:188} INFO - [2026-03-04T19:45:39.640+0000] {dagbag.py:538} INFO - Filling up the DagBag from /Users/HP/storypoints-week1/venv/lib/python3.11/site-packages/airflow/example_dags/example_setup_teardown_taskflow.py
[2026-03-04T19:45:39.667+0000] {processor.py:840} INFO - DAG(s) 'example_setup_teardown_taskflow' retrieved from /Users/HP/storypoints-week1/venv/lib/python3.11/site-packages/airflow/example_dags/example_setup_teardown_taskflow.py
[2026-03-04T19:45:39.729+0000] {logging_mixin.py:188} INFO - [2026-03-04T19:45:39.729+0000] {dag.py:3033} INFO - Sync 1 DAGs
[2026-03-04T19:45:39.741+0000] {logging_mixin.py:188} INFO - [2026-03-04T19:45:39.740+0000] {dag.py:3820} INFO - Setting next_dagrun for example_setup_teardown_taskflow to 2026-03-03T00:00:00+00:00, run_after=2026-03-04T00:00:00+00:00
[2026-03-04T19:45:39.751+0000] {processor.py:183} INFO - Processing /Users/HP/storypoints-week1/venv/lib/python3.11/site-packages/airflow/example_dags/example_setup_teardown_taskflow.py took 0.115 seconds
[2026-03-04T20:00:21.179+0000] {processor.py:161} INFO - Started process (PID=82956) to work on /Users/HP/storypoints-week1/venv/lib/python3.11/site-packages/airflow/example_dags/example_setup_teardown_taskflow.py
[2026-03-04T20:00:21.182+0000] {processor.py:830} INFO - Processing file /Users/HP/storypoints-week1/venv/lib/python3.11/site-packages/airflow/example_dags/example_setup_teardown_taskflow.py for tasks to queue
[2026-03-04T20:00:21.183+0000] {logging_mixin.py:188} INFO - [2026-03-04T20:00:21.183+0000] {dagbag.py:538} INFO - Filling up the DagBag from /Users/HP/storypoints-week1/venv/lib/python3.11/site-packages/airflow/example_dags/example_setup_teardown_taskflow.py
[2026-03-04T20:00:21.209+0000] {processor.py:840} INFO - DAG(s) 'example_setup_teardown_taskflow' retrieved from /Users/HP/storypoints-week1/venv/lib/python3.11/site-packages/airflow/example_dags/example_setup_teardown_taskflow.py
[2026-03-04T20:00:21.269+0000] {logging_mixin.py:188} INFO - [2026-03-04T20:00:21.268+0000] {dag.py:3033} INFO - Sync 1 DAGs
[2026-03-04T20:00:21.280+0000] {logging_mixin.py:188} INFO - [2026-03-04T20:00:21.280+0000] {dag.py:3820} INFO - Setting next_dagrun for example_setup_teardown_taskflow to 2026-03-03T00:00:00+00:00, run_after=2026-03-04T00:00:00+00:00
[2026-03-04T20:00:21.292+0000] {processor.py:183} INFO - Processing /Users/HP/storypoints-week1/venv/lib/python3.11/site-packages/airflow/example_dags/example_setup_teardown_taskflow.py took 0.113 seconds
[2026-03-04T20:12:52.555+0000] {processor.py:161} INFO - Started process (PID=83716) to work on /Users/HP/storypoints-week1/venv/lib/python3.11/site-packages/airflow/example_dags/example_setup_teardown_taskflow.py
[2026-03-04T20:12:52.558+0000] {processor.py:830} INFO - Processing file /Users/HP/storypoints-week1/venv/lib/python3.11/site-packages/airflow/example_dags/example_setup_teardown_taskflow.py for tasks to queue
[2026-03-04T20:12:52.559+0000] {logging_mixin.py:188} INFO - [2026-03-04T20:12:52.559+0000] {dagbag.py:538} INFO - Filling up the DagBag from /Users/HP/storypoints-week1/venv/lib/python3.11/site-packages/airflow/example_dags/example_setup_teardown_taskflow.py
[2026-03-04T20:12:52.584+0000] {processor.py:840} INFO - DAG(s) 'example_setup_teardown_taskflow' retrieved from /Users/HP/storypoints-week1/venv/lib/python3.11/site-packages/airflow/example_dags/example_setup_teardown_taskflow.py
[2026-03-04T20:12:52.639+0000] {logging_mixin.py:188} INFO - [2026-03-04T20:12:52.638+0000] {dag.py:3033} INFO - Sync 1 DAGs
[2026-03-04T20:12:52.651+0000] {logging_mixin.py:188} INFO - [2026-03-04T20:12:52.650+0000] {dag.py:3820} INFO - Setting next_dagrun for example_setup_teardown_taskflow to 2026-03-03T00:00:00+00:00, run_after=2026-03-04T00:00:00+00:00
[2026-03-04T20:12:52.662+0000] {processor.py:183} INFO - Processing /Users/HP/storypoints-week1/venv/lib/python3.11/site-packages/airflow/example_dags/example_setup_teardown_taskflow.py took 0.107 seconds
[2026-03-04T20:14:23.123+0000] {processor.py:161} INFO - Started process (PID=84555) to work on /Users/HP/storypoints-week1/venv/lib/python3.11/site-packages/airflow/example_dags/example_setup_teardown_taskflow.py
[2026-03-04T20:14:23.126+0000] {processor.py:830} INFO - Processing file /Users/HP/storypoints-week1/venv/lib/python3.11/site-packages/airflow/example_dags/example_setup_teardown_taskflow.py for tasks to queue
[2026-03-04T20:14:23.127+0000] {logging_mixin.py:188} INFO - [2026-03-04T20:14:23.127+0000] {dagbag.py:538} INFO - Filling up the DagBag from /Users/HP/storypoints-week1/venv/lib/python3.11/site-packages/airflow/example_dags/example_setup_teardown_taskflow.py
[2026-03-04T20:14:23.153+0000] {processor.py:840} INFO - DAG(s) 'example_setup_teardown_taskflow' retrieved from /Users/HP/storypoints-week1/venv/lib/python3.11/site-packages/airflow/example_dags/example_setup_teardown_taskflow.py
[2026-03-04T20:14:23.214+0000] {logging_mixin.py:188} INFO - [2026-03-04T20:14:23.214+0000] {dag.py:3033} INFO - Sync 1 DAGs
[2026-03-04T20:14:23.225+0000] {logging_mixin.py:188} INFO - [2026-03-04T20:14:23.225+0000] {dag.py:3820} INFO - Setting next_dagrun for example_setup_teardown_taskflow to 2026-03-03T00:00:00+00:00, run_after=2026-03-04T00:00:00+00:00
[2026-03-04T20:14:23.236+0000] {processor.py:183} INFO - Processing /Users/HP/storypoints-week1/venv/lib/python3.11/site-packages/airflow/example_dags/example_setup_teardown_taskflow.py took 0.114 seconds
[2026-03-04T20:15:42.161+0000] {processor.py:161} INFO - Started process (PID=85286) to work on /Users/HP/storypoints-week1/venv/lib/python3.11/site-packages/airflow/example_dags/example_setup_teardown_taskflow.py
[2026-03-04T20:15:42.164+0000] {processor.py:830} INFO - Processing file /Users/HP/storypoints-week1/venv/lib/python3.11/site-packages/airflow/example_dags/example_setup_teardown_taskflow.py for tasks to queue
[2026-03-04T20:15:42.165+0000] {logging_mixin.py:188} INFO - [2026-03-04T20:15:42.165+0000] {dagbag.py:538} INFO - Filling up the DagBag from /Users/HP/storypoints-week1/venv/lib/python3.11/site-packages/airflow/example_dags/example_setup_teardown_taskflow.py
[2026-03-04T20:15:42.192+0000] {processor.py:840} INFO - DAG(s) 'example_setup_teardown_taskflow' retrieved from /Users/HP/storypoints-week1/venv/lib/python3.11/site-packages/airflow/example_dags/example_setup_teardown_taskflow.py
[2026-03-04T20:15:42.254+0000] {logging_mixin.py:188} INFO - [2026-03-04T20:15:42.254+0000] {dag.py:3033} INFO - Sync 1 DAGs
[2026-03-04T20:15:42.265+0000] {logging_mixin.py:188} INFO - [2026-03-04T20:15:42.265+0000] {dag.py:3820} INFO - Setting next_dagrun for example_setup_teardown_taskflow to 2026-03-03T00:00:00+00:00, run_after=2026-03-04T00:00:00+00:00
[2026-03-04T20:15:42.277+0000] {processor.py:183} INFO - Processing /Users/HP/storypoints-week1/venv/lib/python3.11/site-packages/airflow/example_dags/example_setup_teardown_taskflow.py took 0.117 seconds
[2026-03-04T20:23:49.066+0000] {processor.py:161} INFO - Started process (PID=86029) to work on /Users/HP/storypoints-week1/venv/lib/python3.11/site-packages/airflow/example_dags/example_setup_teardown_taskflow.py
[2026-03-04T20:23:49.068+0000] {processor.py:830} INFO - Processing file /Users/HP/storypoints-week1/venv/lib/python3.11/site-packages/airflow/example_dags/example_setup_teardown_taskflow.py for tasks to queue
[2026-03-04T20:23:49.070+0000] {logging_mixin.py:188} INFO - [2026-03-04T20:23:49.070+0000] {dagbag.py:538} INFO - Filling up the DagBag from /Users/HP/storypoints-week1/venv/lib/python3.11/site-packages/airflow/example_dags/example_setup_teardown_taskflow.py
[2026-03-04T20:23:49.097+0000] {processor.py:840} INFO - DAG(s) 'example_setup_teardown_taskflow' retrieved from /Users/HP/storypoints-week1/venv/lib/python3.11/site-packages/airflow/example_dags/example_setup_teardown_taskflow.py
[2026-03-04T20:23:49.158+0000] {logging_mixin.py:188} INFO - [2026-03-04T20:23:49.158+0000] {dag.py:3033} INFO - Sync 1 DAGs
[2026-03-04T20:23:49.170+0000] {logging_mixin.py:188} INFO - [2026-03-04T20:23:49.169+0000] {dag.py:3820} INFO - Setting next_dagrun for example_setup_teardown_taskflow to 2026-03-03T00:00:00+00:00, run_after=2026-03-04T00:00:00+00:00
[2026-03-04T20:23:49.181+0000] {processor.py:183} INFO - Processing /Users/HP/storypoints-week1/venv/lib/python3.11/site-packages/airflow/example_dags/example_setup_teardown_taskflow.py took 0.116 seconds
[2026-03-04T20:25:19.091+0000] {processor.py:161} INFO - Started process (PID=86868) to work on /Users/HP/storypoints-week1/venv/lib/python3.11/site-packages/airflow/example_dags/example_setup_teardown_taskflow.py
[2026-03-04T20:25:19.094+0000] {processor.py:830} INFO - Processing file /Users/HP/storypoints-week1/venv/lib/python3.11/site-packages/airflow/example_dags/example_setup_teardown_taskflow.py for tasks to queue
[2026-03-04T20:25:19.095+0000] {logging_mixin.py:188} INFO - [2026-03-04T20:25:19.095+0000] {dagbag.py:538} INFO - Filling up the DagBag from /Users/HP/storypoints-week1/venv/lib/python3.11/site-packages/airflow/example_dags/example_setup_teardown_taskflow.py
[2026-03-04T20:25:19.121+0000] {processor.py:840} INFO - DAG(s) 'example_setup_teardown_taskflow' retrieved from /Users/HP/storypoints-week1/venv/lib/python3.11/site-packages/airflow/example_dags/example_setup_teardown_taskflow.py
[2026-03-04T20:25:19.182+0000] {logging_mixin.py:188} INFO - [2026-03-04T20:25:19.182+0000] {dag.py:3033} INFO - Sync 1 DAGs
[2026-03-04T20:25:19.194+0000] {logging_mixin.py:188} INFO - [2026-03-04T20:25:19.194+0000] {dag.py:3820} INFO - Setting next_dagrun for example_setup_teardown_taskflow to 2026-03-03T00:00:00+00:00, run_after=2026-03-04T00:00:00+00:00
[2026-03-04T20:25:19.205+0000] {processor.py:183} INFO - Processing /Users/HP/storypoints-week1/venv/lib/python3.11/site-packages/airflow/example_dags/example_setup_teardown_taskflow.py took 0.115 seconds
[2026-03-04T20:45:58.258+0000] {processor.py:161} INFO - Started process (PID=87611) to work on /Users/HP/storypoints-week1/venv/lib/python3.11/site-packages/airflow/example_dags/example_setup_teardown_taskflow.py
[2026-03-04T20:45:58.261+0000] {processor.py:830} INFO - Processing file /Users/HP/storypoints-week1/venv/lib/python3.11/site-packages/airflow/example_dags/example_setup_teardown_taskflow.py for tasks to queue
[2026-03-04T20:45:58.262+0000] {logging_mixin.py:188} INFO - [2026-03-04T20:45:58.262+0000] {dagbag.py:538} INFO - Filling up the DagBag from /Users/HP/storypoints-week1/venv/lib/python3.11/site-packages/airflow/example_dags/example_setup_teardown_taskflow.py
[2026-03-04T20:45:58.288+0000] {processor.py:840} INFO - DAG(s) 'example_setup_teardown_taskflow' retrieved from /Users/HP/storypoints-week1/venv/lib/python3.11/site-packages/airflow/example_dags/example_setup_teardown_taskflow.py
[2026-03-04T20:45:58.348+0000] {logging_mixin.py:188} INFO - [2026-03-04T20:45:58.348+0000] {dag.py:3033} INFO - Sync 1 DAGs
[2026-03-04T20:45:58.359+0000] {logging_mixin.py:188} INFO - [2026-03-04T20:45:58.358+0000] {dag.py:3820} INFO - Setting next_dagrun for example_setup_teardown_taskflow to 2026-03-03T00:00:00+00:00, run_after=2026-03-04T00:00:00+00:00
[2026-03-04T20:45:58.368+0000] {processor.py:183} INFO - Processing /Users/HP/storypoints-week1/venv/lib/python3.11/site-packages/airflow/example_dags/example_setup_teardown_taskflow.py took 0.111 seconds
[2026-03-04T22:05:12.392+0000] {processor.py:161} INFO - Started process (PID=88412) to work on /Users/HP/storypoints-week1/venv/lib/python3.11/site-packages/airflow/example_dags/example_setup_teardown_taskflow.py
[2026-03-04T22:05:12.394+0000] {processor.py:830} INFO - Processing file /Users/HP/storypoints-week1/venv/lib/python3.11/site-packages/airflow/example_dags/example_setup_teardown_taskflow.py for tasks to queue
[2026-03-04T22:05:12.395+0000] {logging_mixin.py:188} INFO - [2026-03-04T22:05:12.395+0000] {dagbag.py:538} INFO - Filling up the DagBag from /Users/HP/storypoints-week1/venv/lib/python3.11/site-packages/airflow/example_dags/example_setup_teardown_taskflow.py
[2026-03-04T22:05:12.420+0000] {processor.py:840} INFO - DAG(s) 'example_setup_teardown_taskflow' retrieved from /Users/HP/storypoints-week1/venv/lib/python3.11/site-packages/airflow/example_dags/example_setup_teardown_taskflow.py
[2026-03-04T22:05:12.475+0000] {logging_mixin.py:188} INFO - [2026-03-04T22:05:12.474+0000] {dag.py:3033} INFO - Sync 1 DAGs
[2026-03-04T22:05:12.486+0000] {logging_mixin.py:188} INFO - [2026-03-04T22:05:12.486+0000] {dag.py:3820} INFO - Setting next_dagrun for example_setup_teardown_taskflow to 2026-03-03T00:00:00+00:00, run_after=2026-03-04T00:00:00+00:00
[2026-03-04T22:05:12.496+0000] {processor.py:183} INFO - Processing /Users/HP/storypoints-week1/venv/lib/python3.11/site-packages/airflow/example_dags/example_setup_teardown_taskflow.py took 0.105 seconds
[2026-03-04T22:17:52.458+0000] {processor.py:161} INFO - Started process (PID=89164) to work on /Users/HP/storypoints-week1/venv/lib/python3.11/site-packages/airflow/example_dags/example_setup_teardown_taskflow.py
[2026-03-04T22:17:52.460+0000] {processor.py:830} INFO - Processing file /Users/HP/storypoints-week1/venv/lib/python3.11/site-packages/airflow/example_dags/example_setup_teardown_taskflow.py for tasks to queue
[2026-03-04T22:17:52.461+0000] {logging_mixin.py:188} INFO - [2026-03-04T22:17:52.461+0000] {dagbag.py:538} INFO - Filling up the DagBag from /Users/HP/storypoints-week1/venv/lib/python3.11/site-packages/airflow/example_dags/example_setup_teardown_taskflow.py
[2026-03-04T22:17:52.487+0000] {processor.py:840} INFO - DAG(s) 'example_setup_teardown_taskflow' retrieved from /Users/HP/storypoints-week1/venv/lib/python3.11/site-packages/airflow/example_dags/example_setup_teardown_taskflow.py
[2026-03-04T22:17:52.549+0000] {logging_mixin.py:188} INFO - [2026-03-04T22:17:52.548+0000] {dag.py:3033} INFO - Sync 1 DAGs
[2026-03-04T22:17:52.561+0000] {logging_mixin.py:188} INFO - [2026-03-04T22:17:52.560+0000] {dag.py:3820} INFO - Setting next_dagrun for example_setup_teardown_taskflow to 2026-03-03T00:00:00+00:00, run_after=2026-03-04T00:00:00+00:00
[2026-03-04T22:17:52.572+0000] {processor.py:183} INFO - Processing /Users/HP/storypoints-week1/venv/lib/python3.11/site-packages/airflow/example_dags/example_setup_teardown_taskflow.py took 0.114 seconds
[2026-03-04T22:32:05.576+0000] {processor.py:161} INFO - Started process (PID=90135) to work on /Users/HP/storypoints-week1/venv/lib/python3.11/site-packages/airflow/example_dags/example_setup_teardown_taskflow.py
[2026-03-04T22:32:05.578+0000] {processor.py:830} INFO - Processing file /Users/HP/storypoints-week1/venv/lib/python3.11/site-packages/airflow/example_dags/example_setup_teardown_taskflow.py for tasks to queue
[2026-03-04T22:32:05.579+0000] {logging_mixin.py:188} INFO - [2026-03-04T22:32:05.579+0000] {dagbag.py:538} INFO - Filling up the DagBag from /Users/HP/storypoints-week1/venv/lib/python3.11/site-packages/airflow/example_dags/example_setup_teardown_taskflow.py
[2026-03-04T22:32:05.603+0000] {processor.py:840} INFO - DAG(s) 'example_setup_teardown_taskflow' retrieved from /Users/HP/storypoints-week1/venv/lib/python3.11/site-packages/airflow/example_dags/example_setup_teardown_taskflow.py
[2026-03-04T22:32:05.663+0000] {logging_mixin.py:188} INFO - [2026-03-04T22:32:05.663+0000] {dag.py:3033} INFO - Sync 1 DAGs
[2026-03-04T22:32:05.675+0000] {logging_mixin.py:188} INFO - [2026-03-04T22:32:05.675+0000] {dag.py:3820} INFO - Setting next_dagrun for example_setup_teardown_taskflow to 2026-03-03T00:00:00+00:00, run_after=2026-03-04T00:00:00+00:00
[2026-03-04T22:32:05.686+0000] {processor.py:183} INFO - Processing /Users/HP/storypoints-week1/venv/lib/python3.11/site-packages/airflow/example_dags/example_setup_teardown_taskflow.py took 0.111 seconds
[2026-03-04T23:07:32.599+0000] {processor.py:161} INFO - Started process (PID=91580) to work on /Users/HP/storypoints-week1/venv/lib/python3.11/site-packages/airflow/example_dags/example_setup_teardown_taskflow.py
[2026-03-04T23:07:32.601+0000] {processor.py:830} INFO - Processing file /Users/HP/storypoints-week1/venv/lib/python3.11/site-packages/airflow/example_dags/example_setup_teardown_taskflow.py for tasks to queue
[2026-03-04T23:07:32.603+0000] {logging_mixin.py:188} INFO - [2026-03-04T23:07:32.603+0000] {dagbag.py:538} INFO - Filling up the DagBag from /Users/HP/storypoints-week1/venv/lib/python3.11/site-packages/airflow/example_dags/example_setup_teardown_taskflow.py
[2026-03-04T23:07:32.629+0000] {processor.py:840} INFO - DAG(s) 'example_setup_teardown_taskflow' retrieved from /Users/HP/storypoints-week1/venv/lib/python3.11/site-packages/airflow/example_dags/example_setup_teardown_taskflow.py
[2026-03-04T23:07:32.688+0000] {logging_mixin.py:188} INFO - [2026-03-04T23:07:32.687+0000] {dag.py:3033} INFO - Sync 1 DAGs
[2026-03-04T23:07:32.698+0000] {logging_mixin.py:188} INFO - [2026-03-04T23:07:32.697+0000] {dag.py:3820} INFO - Setting next_dagrun for example_setup_teardown_taskflow to 2026-03-03T00:00:00+00:00, run_after=2026-03-04T00:00:00+00:00
[2026-03-04T23:07:32.709+0000] {processor.py:183} INFO - Processing /Users/HP/storypoints-week1/venv/lib/python3.11/site-packages/airflow/example_dags/example_setup_teardown_taskflow.py took 0.111 seconds
