[2026-03-04T19:02:28.306+0000] {processor.py:161} INFO - Started process (PID=54916) to work on /Users/HP/storypoints-week1/venv/lib/python3.11/site-packages/airflow/example_dags/example_latest_only_with_trigger.py
[2026-03-04T19:02:28.309+0000] {processor.py:830} INFO - Processing file /Users/HP/storypoints-week1/venv/lib/python3.11/site-packages/airflow/example_dags/example_latest_only_with_trigger.py for tasks to queue
[2026-03-04T19:02:28.311+0000] {logging_mixin.py:188} INFO - [2026-03-04T19:02:28.311+0000] {dagbag.py:538} INFO - Filling up the DagBag from /Users/HP/storypoints-week1/venv/lib/python3.11/site-packages/airflow/example_dags/example_latest_only_with_trigger.py
[2026-03-04T19:02:28.317+0000] {processor.py:840} INFO - DAG(s) 'latest_only_with_trigger' retrieved from /Users/HP/storypoints-week1/venv/lib/python3.11/site-packages/airflow/example_dags/example_latest_only_with_trigger.py
[2026-03-04T19:02:28.470+0000] {logging_mixin.py:188} INFO - [2026-03-04T19:02:28.469+0000] {override.py:1769} INFO - Created Permission View: can edit on DAG:latest_only_with_trigger
[2026-03-04T19:02:28.476+0000] {logging_mixin.py:188} INFO - [2026-03-04T19:02:28.476+0000] {override.py:1769} INFO - Created Permission View: can delete on DAG:latest_only_with_trigger
[2026-03-04T19:02:28.481+0000] {logging_mixin.py:188} INFO - [2026-03-04T19:02:28.481+0000] {override.py:1769} INFO - Created Permission View: can read on DAG:latest_only_with_trigger
[2026-03-04T19:02:28.481+0000] {logging_mixin.py:188} INFO - [2026-03-04T19:02:28.481+0000] {dag.py:3033} INFO - Sync 1 DAGs
[2026-03-04T19:02:28.490+0000] {logging_mixin.py:188} INFO - [2026-03-04T19:02:28.490+0000] {dag.py:3055} INFO - Creating ORM DAG for latest_only_with_trigger
[2026-03-04T19:02:28.498+0000] {logging_mixin.py:188} INFO - [2026-03-04T19:02:28.498+0000] {dag.py:3820} INFO - Setting next_dagrun for latest_only_with_trigger to 2026-03-04T12:00:00+00:00, run_after=2026-03-04T16:00:00+00:00
[2026-03-04T19:02:28.512+0000] {processor.py:183} INFO - Processing /Users/HP/storypoints-week1/venv/lib/python3.11/site-packages/airflow/example_dags/example_latest_only_with_trigger.py took 0.206 seconds
[2026-03-04T19:04:31.275+0000] {processor.py:161} INFO - Started process (PID=56500) to work on /Users/HP/storypoints-week1/venv/lib/python3.11/site-packages/airflow/example_dags/example_latest_only_with_trigger.py
[2026-03-04T19:04:31.278+0000] {processor.py:830} INFO - Processing file /Users/HP/storypoints-week1/venv/lib/python3.11/site-packages/airflow/example_dags/example_latest_only_with_trigger.py for tasks to queue
[2026-03-04T19:04:31.279+0000] {logging_mixin.py:188} INFO - [2026-03-04T19:04:31.279+0000] {dagbag.py:538} INFO - Filling up the DagBag from /Users/HP/storypoints-week1/venv/lib/python3.11/site-packages/airflow/example_dags/example_latest_only_with_trigger.py
[2026-03-04T19:04:31.285+0000] {processor.py:840} INFO - DAG(s) 'latest_only_with_trigger' retrieved from /Users/HP/storypoints-week1/venv/lib/python3.11/site-packages/airflow/example_dags/example_latest_only_with_trigger.py
[2026-03-04T19:04:31.343+0000] {logging_mixin.py:188} INFO - [2026-03-04T19:04:31.343+0000] {dag.py:3033} INFO - Sync 1 DAGs
[2026-03-04T19:04:31.355+0000] {logging_mixin.py:188} INFO - [2026-03-04T19:04:31.355+0000] {dag.py:3820} INFO - Setting next_dagrun for latest_only_with_trigger to 2026-03-04T12:00:00+00:00, run_after=2026-03-04T16:00:00+00:00
[2026-03-04T19:04:31.368+0000] {processor.py:183} INFO - Processing /Users/HP/storypoints-week1/venv/lib/python3.11/site-packages/airflow/example_dags/example_latest_only_with_trigger.py took 0.094 seconds
[2026-03-04T19:07:21.891+0000] {processor.py:161} INFO - Started process (PID=58117) to work on /Users/HP/storypoints-week1/venv/lib/python3.11/site-packages/airflow/example_dags/example_latest_only_with_trigger.py
[2026-03-04T19:07:21.893+0000] {processor.py:830} INFO - Processing file /Users/HP/storypoints-week1/venv/lib/python3.11/site-packages/airflow/example_dags/example_latest_only_with_trigger.py for tasks to queue
[2026-03-04T19:07:21.895+0000] {logging_mixin.py:188} INFO - [2026-03-04T19:07:21.895+0000] {dagbag.py:538} INFO - Filling up the DagBag from /Users/HP/storypoints-week1/venv/lib/python3.11/site-packages/airflow/example_dags/example_latest_only_with_trigger.py
[2026-03-04T19:07:21.901+0000] {processor.py:840} INFO - DAG(s) 'latest_only_with_trigger' retrieved from /Users/HP/storypoints-week1/venv/lib/python3.11/site-packages/airflow/example_dags/example_latest_only_with_trigger.py
[2026-03-04T19:07:21.962+0000] {logging_mixin.py:188} INFO - [2026-03-04T19:07:21.962+0000] {dag.py:3033} INFO - Sync 1 DAGs
[2026-03-04T19:07:21.973+0000] {logging_mixin.py:188} INFO - [2026-03-04T19:07:21.972+0000] {dag.py:3820} INFO - Setting next_dagrun for latest_only_with_trigger to 2026-03-04T12:00:00+00:00, run_after=2026-03-04T16:00:00+00:00
[2026-03-04T19:07:21.984+0000] {processor.py:183} INFO - Processing /Users/HP/storypoints-week1/venv/lib/python3.11/site-packages/airflow/example_dags/example_latest_only_with_trigger.py took 0.094 seconds
[2026-03-04T19:10:03.423+0000] {processor.py:161} INFO - Started process (PID=59668) to work on /Users/HP/storypoints-week1/venv/lib/python3.11/site-packages/airflow/example_dags/example_latest_only_with_trigger.py
[2026-03-04T19:10:03.426+0000] {processor.py:830} INFO - Processing file /Users/HP/storypoints-week1/venv/lib/python3.11/site-packages/airflow/example_dags/example_latest_only_with_trigger.py for tasks to queue
[2026-03-04T19:10:03.428+0000] {logging_mixin.py:188} INFO - [2026-03-04T19:10:03.428+0000] {dagbag.py:538} INFO - Filling up the DagBag from /Users/HP/storypoints-week1/venv/lib/python3.11/site-packages/airflow/example_dags/example_latest_only_with_trigger.py
[2026-03-04T19:10:03.434+0000] {processor.py:840} INFO - DAG(s) 'latest_only_with_trigger' retrieved from /Users/HP/storypoints-week1/venv/lib/python3.11/site-packages/airflow/example_dags/example_latest_only_with_trigger.py
[2026-03-04T19:10:03.494+0000] {logging_mixin.py:188} INFO - [2026-03-04T19:10:03.494+0000] {dag.py:3033} INFO - Sync 1 DAGs
[2026-03-04T19:10:03.505+0000] {logging_mixin.py:188} INFO - [2026-03-04T19:10:03.504+0000] {dag.py:3820} INFO - Setting next_dagrun for latest_only_with_trigger to 2026-03-04T12:00:00+00:00, run_after=2026-03-04T16:00:00+00:00
[2026-03-04T19:10:03.516+0000] {processor.py:183} INFO - Processing /Users/HP/storypoints-week1/venv/lib/python3.11/site-packages/airflow/example_dags/example_latest_only_with_trigger.py took 0.093 seconds
[2026-03-04T19:34:21.977+0000] {processor.py:161} INFO - Started process (PID=74843) to work on /Users/HP/storypoints-week1/venv/lib/python3.11/site-packages/airflow/example_dags/example_latest_only_with_trigger.py
[2026-03-04T19:34:21.980+0000] {processor.py:830} INFO - Processing file /Users/HP/storypoints-week1/venv/lib/python3.11/site-packages/airflow/example_dags/example_latest_only_with_trigger.py for tasks to queue
[2026-03-04T19:34:21.981+0000] {logging_mixin.py:188} INFO - [2026-03-04T19:34:21.981+0000] {dagbag.py:538} INFO - Filling up the DagBag from /Users/HP/storypoints-week1/venv/lib/python3.11/site-packages/airflow/example_dags/example_latest_only_with_trigger.py
[2026-03-04T19:34:21.987+0000] {processor.py:840} INFO - DAG(s) 'latest_only_with_trigger' retrieved from /Users/HP/storypoints-week1/venv/lib/python3.11/site-packages/airflow/example_dags/example_latest_only_with_trigger.py
[2026-03-04T19:34:22.065+0000] {logging_mixin.py:188} INFO - [2026-03-04T19:34:22.065+0000] {dag.py:3033} INFO - Sync 1 DAGs
[2026-03-04T19:34:22.079+0000] {logging_mixin.py:188} INFO - [2026-03-04T19:34:22.079+0000] {dag.py:3820} INFO - Setting next_dagrun for latest_only_with_trigger to 2026-03-04T12:00:00+00:00, run_after=2026-03-04T16:00:00+00:00
[2026-03-04T19:34:22.093+0000] {processor.py:183} INFO - Processing /Users/HP/storypoints-week1/venv/lib/python3.11/site-packages/airflow/example_dags/example_latest_only_with_trigger.py took 0.119 seconds
[2026-03-04T19:36:52.428+0000] {processor.py:161} INFO - Started process (PID=76531) to work on /Users/HP/storypoints-week1/venv/lib/python3.11/site-packages/airflow/example_dags/example_latest_only_with_trigger.py
[2026-03-04T19:36:52.431+0000] {processor.py:830} INFO - Processing file /Users/HP/storypoints-week1/venv/lib/python3.11/site-packages/airflow/example_dags/example_latest_only_with_trigger.py for tasks to queue
[2026-03-04T19:36:52.432+0000] {logging_mixin.py:188} INFO - [2026-03-04T19:36:52.432+0000] {dagbag.py:538} INFO - Filling up the DagBag from /Users/HP/storypoints-week1/venv/lib/python3.11/site-packages/airflow/example_dags/example_latest_only_with_trigger.py
[2026-03-04T19:36:52.438+0000] {processor.py:840} INFO - DAG(s) 'latest_only_with_trigger' retrieved from /Users/HP/storypoints-week1/venv/lib/python3.11/site-packages/airflow/example_dags/example_latest_only_with_trigger.py
[2026-03-04T19:36:52.500+0000] {logging_mixin.py:188} INFO - [2026-03-04T19:36:52.499+0000] {dag.py:3033} INFO - Sync 1 DAGs
[2026-03-04T19:36:52.510+0000] {logging_mixin.py:188} INFO - [2026-03-04T19:36:52.510+0000] {dag.py:3820} INFO - Setting next_dagrun for latest_only_with_trigger to 2026-03-04T12:00:00+00:00, run_after=2026-03-04T16:00:00+00:00
[2026-03-04T19:36:52.521+0000] {processor.py:183} INFO - Processing /Users/HP/storypoints-week1/venv/lib/python3.11/site-packages/airflow/example_dags/example_latest_only_with_trigger.py took 0.094 seconds
[2026-03-04T19:38:40.836+0000] {processor.py:161} INFO - Started process (PID=77562) to work on /Users/HP/storypoints-week1/venv/lib/python3.11/site-packages/airflow/example_dags/example_latest_only_with_trigger.py
[2026-03-04T19:38:40.839+0000] {processor.py:830} INFO - Processing file /Users/HP/storypoints-week1/venv/lib/python3.11/site-packages/airflow/example_dags/example_latest_only_with_trigger.py for tasks to queue
[2026-03-04T19:38:40.840+0000] {logging_mixin.py:188} INFO - [2026-03-04T19:38:40.840+0000] {dagbag.py:538} INFO - Filling up the DagBag from /Users/HP/storypoints-week1/venv/lib/python3.11/site-packages/airflow/example_dags/example_latest_only_with_trigger.py
[2026-03-04T19:38:40.846+0000] {processor.py:840} INFO - DAG(s) 'latest_only_with_trigger' retrieved from /Users/HP/storypoints-week1/venv/lib/python3.11/site-packages/airflow/example_dags/example_latest_only_with_trigger.py
[2026-03-04T19:38:40.906+0000] {logging_mixin.py:188} INFO - [2026-03-04T19:38:40.906+0000] {dag.py:3033} INFO - Sync 1 DAGs
[2026-03-04T19:38:40.917+0000] {logging_mixin.py:188} INFO - [2026-03-04T19:38:40.917+0000] {dag.py:3820} INFO - Setting next_dagrun for latest_only_with_trigger to 2026-03-04T12:00:00+00:00, run_after=2026-03-04T16:00:00+00:00
[2026-03-04T19:38:40.928+0000] {processor.py:183} INFO - Processing /Users/HP/storypoints-week1/venv/lib/python3.11/site-packages/airflow/example_dags/example_latest_only_with_trigger.py took 0.093 seconds
[2026-03-04T19:41:08.068+0000] {processor.py:161} INFO - Started process (PID=78957) to work on /Users/HP/storypoints-week1/venv/lib/python3.11/site-packages/airflow/example_dags/example_latest_only_with_trigger.py
[2026-03-04T19:41:08.071+0000] {processor.py:830} INFO - Processing file /Users/HP/storypoints-week1/venv/lib/python3.11/site-packages/airflow/example_dags/example_latest_only_with_trigger.py for tasks to queue
[2026-03-04T19:41:08.072+0000] {logging_mixin.py:188} INFO - [2026-03-04T19:41:08.072+0000] {dagbag.py:538} INFO - Filling up the DagBag from /Users/HP/storypoints-week1/venv/lib/python3.11/site-packages/airflow/example_dags/example_latest_only_with_trigger.py
[2026-03-04T19:41:08.077+0000] {processor.py:840} INFO - DAG(s) 'latest_only_with_trigger' retrieved from /Users/HP/storypoints-week1/venv/lib/python3.11/site-packages/airflow/example_dags/example_latest_only_with_trigger.py
[2026-03-04T19:41:08.135+0000] {logging_mixin.py:188} INFO - [2026-03-04T19:41:08.135+0000] {dag.py:3033} INFO - Sync 1 DAGs
[2026-03-04T19:41:08.145+0000] {logging_mixin.py:188} INFO - [2026-03-04T19:41:08.145+0000] {dag.py:3820} INFO - Setting next_dagrun for latest_only_with_trigger to 2026-03-04T12:00:00+00:00, run_after=2026-03-04T16:00:00+00:00
[2026-03-04T19:41:08.157+0000] {processor.py:183} INFO - Processing /Users/HP/storypoints-week1/venv/lib/python3.11/site-packages/airflow/example_dags/example_latest_only_with_trigger.py took 0.089 seconds
[2026-03-04T19:43:36.208+0000] {processor.py:161} INFO - Started process (PID=80348) to work on /Users/HP/storypoints-week1/venv/lib/python3.11/site-packages/airflow/example_dags/example_latest_only_with_trigger.py
[2026-03-04T19:43:36.210+0000] {processor.py:830} INFO - Processing file /Users/HP/storypoints-week1/venv/lib/python3.11/site-packages/airflow/example_dags/example_latest_only_with_trigger.py for tasks to queue
[2026-03-04T19:43:36.212+0000] {logging_mixin.py:188} INFO - [2026-03-04T19:43:36.212+0000] {dagbag.py:538} INFO - Filling up the DagBag from /Users/HP/storypoints-week1/venv/lib/python3.11/site-packages/airflow/example_dags/example_latest_only_with_trigger.py
[2026-03-04T19:43:36.217+0000] {processor.py:840} INFO - DAG(s) 'latest_only_with_trigger' retrieved from /Users/HP/storypoints-week1/venv/lib/python3.11/site-packages/airflow/example_dags/example_latest_only_with_trigger.py
[2026-03-04T19:43:36.278+0000] {logging_mixin.py:188} INFO - [2026-03-04T19:43:36.278+0000] {dag.py:3033} INFO - Sync 1 DAGs
[2026-03-04T19:43:36.288+0000] {logging_mixin.py:188} INFO - [2026-03-04T19:43:36.288+0000] {dag.py:3820} INFO - Setting next_dagrun for latest_only_with_trigger to 2026-03-04T12:00:00+00:00, run_after=2026-03-04T16:00:00+00:00
[2026-03-04T19:43:36.300+0000] {processor.py:183} INFO - Processing /Users/HP/storypoints-week1/venv/lib/python3.11/site-packages/airflow/example_dags/example_latest_only_with_trigger.py took 0.092 seconds
[2026-03-04T19:46:03.622+0000] {processor.py:161} INFO - Started process (PID=81739) to work on /Users/HP/storypoints-week1/venv/lib/python3.11/site-packages/airflow/example_dags/example_latest_only_with_trigger.py
[2026-03-04T19:46:03.624+0000] {processor.py:830} INFO - Processing file /Users/HP/storypoints-week1/venv/lib/python3.11/site-packages/airflow/example_dags/example_latest_only_with_trigger.py for tasks to queue
[2026-03-04T19:46:03.626+0000] {logging_mixin.py:188} INFO - [2026-03-04T19:46:03.625+0000] {dagbag.py:538} INFO - Filling up the DagBag from /Users/HP/storypoints-week1/venv/lib/python3.11/site-packages/airflow/example_dags/example_latest_only_with_trigger.py
[2026-03-04T19:46:03.631+0000] {processor.py:840} INFO - DAG(s) 'latest_only_with_trigger' retrieved from /Users/HP/storypoints-week1/venv/lib/python3.11/site-packages/airflow/example_dags/example_latest_only_with_trigger.py
[2026-03-04T19:46:03.694+0000] {logging_mixin.py:188} INFO - [2026-03-04T19:46:03.693+0000] {dag.py:3033} INFO - Sync 1 DAGs
[2026-03-04T19:46:03.704+0000] {logging_mixin.py:188} INFO - [2026-03-04T19:46:03.704+0000] {dag.py:3820} INFO - Setting next_dagrun for latest_only_with_trigger to 2026-03-04T12:00:00+00:00, run_after=2026-03-04T16:00:00+00:00
[2026-03-04T19:46:03.715+0000] {processor.py:183} INFO - Processing /Users/HP/storypoints-week1/venv/lib/python3.11/site-packages/airflow/example_dags/example_latest_only_with_trigger.py took 0.094 seconds
[2026-03-04T20:04:21.204+0000] {processor.py:161} INFO - Started process (PID=83183) to work on /Users/HP/storypoints-week1/venv/lib/python3.11/site-packages/airflow/example_dags/example_latest_only_with_trigger.py
[2026-03-04T20:04:21.207+0000] {processor.py:830} INFO - Processing file /Users/HP/storypoints-week1/venv/lib/python3.11/site-packages/airflow/example_dags/example_latest_only_with_trigger.py for tasks to queue
[2026-03-04T20:04:21.209+0000] {logging_mixin.py:188} INFO - [2026-03-04T20:04:21.209+0000] {dagbag.py:538} INFO - Filling up the DagBag from /Users/HP/storypoints-week1/venv/lib/python3.11/site-packages/airflow/example_dags/example_latest_only_with_trigger.py
[2026-03-04T20:04:21.215+0000] {processor.py:840} INFO - DAG(s) 'latest_only_with_trigger' retrieved from /Users/HP/storypoints-week1/venv/lib/python3.11/site-packages/airflow/example_dags/example_latest_only_with_trigger.py
[2026-03-04T20:04:21.277+0000] {logging_mixin.py:188} INFO - [2026-03-04T20:04:21.277+0000] {dag.py:3033} INFO - Sync 1 DAGs
[2026-03-04T20:04:21.288+0000] {logging_mixin.py:188} INFO - [2026-03-04T20:04:21.287+0000] {dag.py:3820} INFO - Setting next_dagrun for latest_only_with_trigger to 2026-03-04T16:00:00+00:00, run_after=2026-03-04T20:00:00+00:00
[2026-03-04T20:04:21.299+0000] {processor.py:183} INFO - Processing /Users/HP/storypoints-week1/venv/lib/python3.11/site-packages/airflow/example_dags/example_latest_only_with_trigger.py took 0.095 seconds
[2026-03-04T20:14:47.554+0000] {processor.py:161} INFO - Started process (PID=84783) to work on /Users/HP/storypoints-week1/venv/lib/python3.11/site-packages/airflow/example_dags/example_latest_only_with_trigger.py
[2026-03-04T20:14:47.557+0000] {processor.py:830} INFO - Processing file /Users/HP/storypoints-week1/venv/lib/python3.11/site-packages/airflow/example_dags/example_latest_only_with_trigger.py for tasks to queue
[2026-03-04T20:14:47.558+0000] {logging_mixin.py:188} INFO - [2026-03-04T20:14:47.558+0000] {dagbag.py:538} INFO - Filling up the DagBag from /Users/HP/storypoints-week1/venv/lib/python3.11/site-packages/airflow/example_dags/example_latest_only_with_trigger.py
[2026-03-04T20:14:47.564+0000] {processor.py:840} INFO - DAG(s) 'latest_only_with_trigger' retrieved from /Users/HP/storypoints-week1/venv/lib/python3.11/site-packages/airflow/example_dags/example_latest_only_with_trigger.py
[2026-03-04T20:14:47.620+0000] {logging_mixin.py:188} INFO - [2026-03-04T20:14:47.620+0000] {dag.py:3033} INFO - Sync 1 DAGs
[2026-03-04T20:14:47.629+0000] {logging_mixin.py:188} INFO - [2026-03-04T20:14:47.629+0000] {dag.py:3820} INFO - Setting next_dagrun for latest_only_with_trigger to 2026-03-04T16:00:00+00:00, run_after=2026-03-04T20:00:00+00:00
[2026-03-04T20:14:47.639+0000] {processor.py:183} INFO - Processing /Users/HP/storypoints-week1/venv/lib/python3.11/site-packages/airflow/example_dags/example_latest_only_with_trigger.py took 0.085 seconds
[2026-03-04T20:24:12.650+0000] {processor.py:161} INFO - Started process (PID=86250) to work on /Users/HP/storypoints-week1/venv/lib/python3.11/site-packages/airflow/example_dags/example_latest_only_with_trigger.py
[2026-03-04T20:24:12.652+0000] {processor.py:830} INFO - Processing file /Users/HP/storypoints-week1/venv/lib/python3.11/site-packages/airflow/example_dags/example_latest_only_with_trigger.py for tasks to queue
[2026-03-04T20:24:12.654+0000] {logging_mixin.py:188} INFO - [2026-03-04T20:24:12.654+0000] {dagbag.py:538} INFO - Filling up the DagBag from /Users/HP/storypoints-week1/venv/lib/python3.11/site-packages/airflow/example_dags/example_latest_only_with_trigger.py
[2026-03-04T20:24:12.660+0000] {processor.py:840} INFO - DAG(s) 'latest_only_with_trigger' retrieved from /Users/HP/storypoints-week1/venv/lib/python3.11/site-packages/airflow/example_dags/example_latest_only_with_trigger.py
[2026-03-04T20:24:12.720+0000] {logging_mixin.py:188} INFO - [2026-03-04T20:24:12.720+0000] {dag.py:3033} INFO - Sync 1 DAGs
[2026-03-04T20:24:12.731+0000] {logging_mixin.py:188} INFO - [2026-03-04T20:24:12.731+0000] {dag.py:3820} INFO - Setting next_dagrun for latest_only_with_trigger to 2026-03-04T16:00:00+00:00, run_after=2026-03-04T20:00:00+00:00
[2026-03-04T20:24:12.742+0000] {processor.py:183} INFO - Processing /Users/HP/storypoints-week1/venv/lib/python3.11/site-packages/airflow/example_dags/example_latest_only_with_trigger.py took 0.093 seconds
[2026-03-04T20:48:03.889+0000] {processor.py:161} INFO - Started process (PID=87776) to work on /Users/HP/storypoints-week1/venv/lib/python3.11/site-packages/airflow/example_dags/example_latest_only_with_trigger.py
[2026-03-04T20:48:03.891+0000] {processor.py:830} INFO - Processing file /Users/HP/storypoints-week1/venv/lib/python3.11/site-packages/airflow/example_dags/example_latest_only_with_trigger.py for tasks to queue
[2026-03-04T20:48:03.893+0000] {logging_mixin.py:188} INFO - [2026-03-04T20:48:03.893+0000] {dagbag.py:538} INFO - Filling up the DagBag from /Users/HP/storypoints-week1/venv/lib/python3.11/site-packages/airflow/example_dags/example_latest_only_with_trigger.py
[2026-03-04T20:48:03.898+0000] {processor.py:840} INFO - DAG(s) 'latest_only_with_trigger' retrieved from /Users/HP/storypoints-week1/venv/lib/python3.11/site-packages/airflow/example_dags/example_latest_only_with_trigger.py
[2026-03-04T20:48:03.959+0000] {logging_mixin.py:188} INFO - [2026-03-04T20:48:03.959+0000] {dag.py:3033} INFO - Sync 1 DAGs
[2026-03-04T20:48:03.969+0000] {logging_mixin.py:188} INFO - [2026-03-04T20:48:03.969+0000] {dag.py:3820} INFO - Setting next_dagrun for latest_only_with_trigger to 2026-03-04T16:00:00+00:00, run_after=2026-03-04T20:00:00+00:00
[2026-03-04T20:48:03.980+0000] {processor.py:183} INFO - Processing /Users/HP/storypoints-week1/venv/lib/python3.11/site-packages/airflow/example_dags/example_latest_only_with_trigger.py took 0.092 seconds
[2026-03-04T22:18:16.807+0000] {processor.py:161} INFO - Started process (PID=89396) to work on /Users/HP/storypoints-week1/venv/lib/python3.11/site-packages/airflow/example_dags/example_latest_only_with_trigger.py
[2026-03-04T22:18:16.810+0000] {processor.py:830} INFO - Processing file /Users/HP/storypoints-week1/venv/lib/python3.11/site-packages/airflow/example_dags/example_latest_only_with_trigger.py for tasks to queue
[2026-03-04T22:18:16.811+0000] {logging_mixin.py:188} INFO - [2026-03-04T22:18:16.811+0000] {dagbag.py:538} INFO - Filling up the DagBag from /Users/HP/storypoints-week1/venv/lib/python3.11/site-packages/airflow/example_dags/example_latest_only_with_trigger.py
[2026-03-04T22:18:16.816+0000] {processor.py:840} INFO - DAG(s) 'latest_only_with_trigger' retrieved from /Users/HP/storypoints-week1/venv/lib/python3.11/site-packages/airflow/example_dags/example_latest_only_with_trigger.py
[2026-03-04T22:18:16.875+0000] {logging_mixin.py:188} INFO - [2026-03-04T22:18:16.874+0000] {dag.py:3033} INFO - Sync 1 DAGs
[2026-03-04T22:18:16.885+0000] {logging_mixin.py:188} INFO - [2026-03-04T22:18:16.885+0000] {dag.py:3820} INFO - Setting next_dagrun for latest_only_with_trigger to 2026-03-04T16:00:00+00:00, run_after=2026-03-04T20:00:00+00:00
[2026-03-04T22:18:16.897+0000] {processor.py:183} INFO - Processing /Users/HP/storypoints-week1/venv/lib/python3.11/site-packages/airflow/example_dags/example_latest_only_with_trigger.py took 0.090 seconds
[2026-03-04T23:06:16.726+0000] {processor.py:161} INFO - Started process (PID=90850) to work on /Users/HP/storypoints-week1/venv/lib/python3.11/site-packages/airflow/example_dags/example_latest_only_with_trigger.py
[2026-03-04T23:06:16.729+0000] {processor.py:830} INFO - Processing file /Users/HP/storypoints-week1/venv/lib/python3.11/site-packages/airflow/example_dags/example_latest_only_with_trigger.py for tasks to queue
[2026-03-04T23:06:16.731+0000] {logging_mixin.py:188} INFO - [2026-03-04T23:06:16.731+0000] {dagbag.py:538} INFO - Filling up the DagBag from /Users/HP/storypoints-week1/venv/lib/python3.11/site-packages/airflow/example_dags/example_latest_only_with_trigger.py
[2026-03-04T23:06:16.736+0000] {processor.py:840} INFO - DAG(s) 'latest_only_with_trigger' retrieved from /Users/HP/storypoints-week1/venv/lib/python3.11/site-packages/airflow/example_dags/example_latest_only_with_trigger.py
[2026-03-04T23:06:16.796+0000] {logging_mixin.py:188} INFO - [2026-03-04T23:06:16.796+0000] {dag.py:3033} INFO - Sync 1 DAGs
[2026-03-04T23:06:16.806+0000] {logging_mixin.py:188} INFO - [2026-03-04T23:06:16.806+0000] {dag.py:3820} INFO - Setting next_dagrun for latest_only_with_trigger to 2026-03-04T16:00:00+00:00, run_after=2026-03-04T20:00:00+00:00
[2026-03-04T23:06:16.817+0000] {processor.py:183} INFO - Processing /Users/HP/storypoints-week1/venv/lib/python3.11/site-packages/airflow/example_dags/example_latest_only_with_trigger.py took 0.092 seconds
[2026-03-04T23:19:39.803+0000] {processor.py:161} INFO - Started process (PID=92273) to work on /Users/HP/storypoints-week1/venv/lib/python3.11/site-packages/airflow/example_dags/example_latest_only_with_trigger.py
[2026-03-04T23:19:39.805+0000] {processor.py:830} INFO - Processing file /Users/HP/storypoints-week1/venv/lib/python3.11/site-packages/airflow/example_dags/example_latest_only_with_trigger.py for tasks to queue
[2026-03-04T23:19:39.807+0000] {logging_mixin.py:188} INFO - [2026-03-04T23:19:39.807+0000] {dagbag.py:538} INFO - Filling up the DagBag from /Users/HP/storypoints-week1/venv/lib/python3.11/site-packages/airflow/example_dags/example_latest_only_with_trigger.py
[2026-03-04T23:19:39.812+0000] {processor.py:840} INFO - DAG(s) 'latest_only_with_trigger' retrieved from /Users/HP/storypoints-week1/venv/lib/python3.11/site-packages/airflow/example_dags/example_latest_only_with_trigger.py
[2026-03-04T23:19:39.873+0000] {logging_mixin.py:188} INFO - [2026-03-04T23:19:39.873+0000] {dag.py:3033} INFO - Sync 1 DAGs
[2026-03-04T23:19:39.883+0000] {logging_mixin.py:188} INFO - [2026-03-04T23:19:39.883+0000] {dag.py:3820} INFO - Setting next_dagrun for latest_only_with_trigger to 2026-03-04T16:00:00+00:00, run_after=2026-03-04T20:00:00+00:00
[2026-03-04T23:19:39.894+0000] {processor.py:183} INFO - Processing /Users/HP/storypoints-week1/venv/lib/python3.11/site-packages/airflow/example_dags/example_latest_only_with_trigger.py took 0.092 seconds
