[2026-03-04T19:02:47.864+0000] {processor.py:161} INFO - Started process (PID=55109) to work on /Users/HP/storypoints-week1/venv/lib/python3.11/site-packages/airflow/example_dags/example_complex.py
[2026-03-04T19:02:47.866+0000] {processor.py:830} INFO - Processing file /Users/HP/storypoints-week1/venv/lib/python3.11/site-packages/airflow/example_dags/example_complex.py for tasks to queue
[2026-03-04T19:02:47.868+0000] {logging_mixin.py:188} INFO - [2026-03-04T19:02:47.867+0000] {dagbag.py:538} INFO - Filling up the DagBag from /Users/HP/storypoints-week1/venv/lib/python3.11/site-packages/airflow/example_dags/example_complex.py
[2026-03-04T19:02:47.876+0000] {processor.py:840} INFO - DAG(s) 'example_complex' retrieved from /Users/HP/storypoints-week1/venv/lib/python3.11/site-packages/airflow/example_dags/example_complex.py
[2026-03-04T19:02:47.997+0000] {logging_mixin.py:188} INFO - [2026-03-04T19:02:47.996+0000] {override.py:1769} INFO - Created Permission View: can read on DAG:example_complex
[2026-03-04T19:02:48.002+0000] {logging_mixin.py:188} INFO - [2026-03-04T19:02:48.002+0000] {override.py:1769} INFO - Created Permission View: can delete on DAG:example_complex
[2026-03-04T19:02:48.005+0000] {logging_mixin.py:188} INFO - [2026-03-04T19:02:48.005+0000] {override.py:1769} INFO - Created Permission View: can edit on DAG:example_complex
[2026-03-04T19:02:48.005+0000] {logging_mixin.py:188} INFO - [2026-03-04T19:02:48.005+0000] {dag.py:3033} INFO - Sync 1 DAGs
[2026-03-04T19:02:48.012+0000] {logging_mixin.py:188} INFO - [2026-03-04T19:02:48.012+0000] {dag.py:3055} INFO - Creating ORM DAG for example_complex
[2026-03-04T19:02:48.012+0000] {logging_mixin.py:188} INFO - [2026-03-04T19:02:48.012+0000] {dag.py:3820} INFO - Setting next_dagrun for example_complex to None, run_after=None
[2026-03-04T19:02:48.022+0000] {processor.py:183} INFO - Processing /Users/HP/storypoints-week1/venv/lib/python3.11/site-packages/airflow/example_dags/example_complex.py took 0.159 seconds
[2026-03-04T19:05:57.398+0000] {processor.py:161} INFO - Started process (PID=57302) to work on /Users/HP/storypoints-week1/venv/lib/python3.11/site-packages/airflow/example_dags/example_complex.py
[2026-03-04T19:05:57.402+0000] {processor.py:830} INFO - Processing file /Users/HP/storypoints-week1/venv/lib/python3.11/site-packages/airflow/example_dags/example_complex.py for tasks to queue
[2026-03-04T19:05:57.403+0000] {logging_mixin.py:188} INFO - [2026-03-04T19:05:57.403+0000] {dagbag.py:538} INFO - Filling up the DagBag from /Users/HP/storypoints-week1/venv/lib/python3.11/site-packages/airflow/example_dags/example_complex.py
[2026-03-04T19:05:57.412+0000] {processor.py:840} INFO - DAG(s) 'example_complex' retrieved from /Users/HP/storypoints-week1/venv/lib/python3.11/site-packages/airflow/example_dags/example_complex.py
[2026-03-04T19:05:57.479+0000] {logging_mixin.py:188} INFO - [2026-03-04T19:05:57.479+0000] {dag.py:3033} INFO - Sync 1 DAGs
[2026-03-04T19:05:57.485+0000] {logging_mixin.py:188} INFO - [2026-03-04T19:05:57.485+0000] {dag.py:3820} INFO - Setting next_dagrun for example_complex to None, run_after=None
[2026-03-04T19:05:57.496+0000] {processor.py:183} INFO - Processing /Users/HP/storypoints-week1/venv/lib/python3.11/site-packages/airflow/example_dags/example_complex.py took 0.099 seconds
[2026-03-04T19:08:30.297+0000] {processor.py:161} INFO - Started process (PID=58770) to work on /Users/HP/storypoints-week1/venv/lib/python3.11/site-packages/airflow/example_dags/example_complex.py
[2026-03-04T19:08:30.301+0000] {processor.py:830} INFO - Processing file /Users/HP/storypoints-week1/venv/lib/python3.11/site-packages/airflow/example_dags/example_complex.py for tasks to queue
[2026-03-04T19:08:30.303+0000] {logging_mixin.py:188} INFO - [2026-03-04T19:08:30.303+0000] {dagbag.py:538} INFO - Filling up the DagBag from /Users/HP/storypoints-week1/venv/lib/python3.11/site-packages/airflow/example_dags/example_complex.py
[2026-03-04T19:08:30.311+0000] {processor.py:840} INFO - DAG(s) 'example_complex' retrieved from /Users/HP/storypoints-week1/venv/lib/python3.11/site-packages/airflow/example_dags/example_complex.py
[2026-03-04T19:08:30.377+0000] {logging_mixin.py:188} INFO - [2026-03-04T19:08:30.377+0000] {dag.py:3033} INFO - Sync 1 DAGs
[2026-03-04T19:08:30.383+0000] {logging_mixin.py:188} INFO - [2026-03-04T19:08:30.383+0000] {dag.py:3820} INFO - Setting next_dagrun for example_complex to None, run_after=None
[2026-03-04T19:08:30.394+0000] {processor.py:183} INFO - Processing /Users/HP/storypoints-week1/venv/lib/python3.11/site-packages/airflow/example_dags/example_complex.py took 0.098 seconds
[2026-03-04T19:11:15.858+0000] {processor.py:161} INFO - Started process (PID=60350) to work on /Users/HP/storypoints-week1/venv/lib/python3.11/site-packages/airflow/example_dags/example_complex.py
[2026-03-04T19:11:15.860+0000] {processor.py:830} INFO - Processing file /Users/HP/storypoints-week1/venv/lib/python3.11/site-packages/airflow/example_dags/example_complex.py for tasks to queue
[2026-03-04T19:11:15.861+0000] {logging_mixin.py:188} INFO - [2026-03-04T19:11:15.861+0000] {dagbag.py:538} INFO - Filling up the DagBag from /Users/HP/storypoints-week1/venv/lib/python3.11/site-packages/airflow/example_dags/example_complex.py
[2026-03-04T19:11:15.868+0000] {processor.py:840} INFO - DAG(s) 'example_complex' retrieved from /Users/HP/storypoints-week1/venv/lib/python3.11/site-packages/airflow/example_dags/example_complex.py
[2026-03-04T19:11:15.937+0000] {logging_mixin.py:188} INFO - [2026-03-04T19:11:15.937+0000] {dag.py:3033} INFO - Sync 1 DAGs
[2026-03-04T19:11:15.943+0000] {logging_mixin.py:188} INFO - [2026-03-04T19:11:15.942+0000] {dag.py:3820} INFO - Setting next_dagrun for example_complex to None, run_after=None
[2026-03-04T19:11:15.954+0000] {processor.py:183} INFO - Processing /Users/HP/storypoints-week1/venv/lib/python3.11/site-packages/airflow/example_dags/example_complex.py took 0.097 seconds
[2026-03-04T19:34:43.289+0000] {processor.py:161} INFO - Started process (PID=75248) to work on /Users/HP/storypoints-week1/venv/lib/python3.11/site-packages/airflow/example_dags/example_complex.py
[2026-03-04T19:34:43.292+0000] {processor.py:830} INFO - Processing file /Users/HP/storypoints-week1/venv/lib/python3.11/site-packages/airflow/example_dags/example_complex.py for tasks to queue
[2026-03-04T19:34:43.294+0000] {logging_mixin.py:188} INFO - [2026-03-04T19:34:43.294+0000] {dagbag.py:538} INFO - Filling up the DagBag from /Users/HP/storypoints-week1/venv/lib/python3.11/site-packages/airflow/example_dags/example_complex.py
[2026-03-04T19:34:43.303+0000] {processor.py:840} INFO - DAG(s) 'example_complex' retrieved from /Users/HP/storypoints-week1/venv/lib/python3.11/site-packages/airflow/example_dags/example_complex.py
[2026-03-04T19:34:43.379+0000] {logging_mixin.py:188} INFO - [2026-03-04T19:34:43.379+0000] {dag.py:3033} INFO - Sync 1 DAGs
[2026-03-04T19:34:43.386+0000] {logging_mixin.py:188} INFO - [2026-03-04T19:34:43.386+0000] {dag.py:3820} INFO - Setting next_dagrun for example_complex to None, run_after=None
[2026-03-04T19:34:43.400+0000] {processor.py:183} INFO - Processing /Users/HP/storypoints-week1/venv/lib/python3.11/site-packages/airflow/example_dags/example_complex.py took 0.112 seconds
[2026-03-04T19:37:10.063+0000] {processor.py:161} INFO - Started process (PID=76692) to work on /Users/HP/storypoints-week1/venv/lib/python3.11/site-packages/airflow/example_dags/example_complex.py
[2026-03-04T19:37:10.066+0000] {processor.py:830} INFO - Processing file /Users/HP/storypoints-week1/venv/lib/python3.11/site-packages/airflow/example_dags/example_complex.py for tasks to queue
[2026-03-04T19:37:10.067+0000] {logging_mixin.py:188} INFO - [2026-03-04T19:37:10.067+0000] {dagbag.py:538} INFO - Filling up the DagBag from /Users/HP/storypoints-week1/venv/lib/python3.11/site-packages/airflow/example_dags/example_complex.py
[2026-03-04T19:37:10.076+0000] {processor.py:840} INFO - DAG(s) 'example_complex' retrieved from /Users/HP/storypoints-week1/venv/lib/python3.11/site-packages/airflow/example_dags/example_complex.py
[2026-03-04T19:37:10.144+0000] {logging_mixin.py:188} INFO - [2026-03-04T19:37:10.143+0000] {dag.py:3033} INFO - Sync 1 DAGs
[2026-03-04T19:37:10.150+0000] {logging_mixin.py:188} INFO - [2026-03-04T19:37:10.150+0000] {dag.py:3820} INFO - Setting next_dagrun for example_complex to None, run_after=None
[2026-03-04T19:37:10.161+0000] {processor.py:183} INFO - Processing /Users/HP/storypoints-week1/venv/lib/python3.11/site-packages/airflow/example_dags/example_complex.py took 0.099 seconds
[2026-03-04T19:39:44.424+0000] {processor.py:161} INFO - Started process (PID=78170) to work on /Users/HP/storypoints-week1/venv/lib/python3.11/site-packages/airflow/example_dags/example_complex.py
[2026-03-04T19:39:44.427+0000] {processor.py:830} INFO - Processing file /Users/HP/storypoints-week1/venv/lib/python3.11/site-packages/airflow/example_dags/example_complex.py for tasks to queue
[2026-03-04T19:39:44.428+0000] {logging_mixin.py:188} INFO - [2026-03-04T19:39:44.428+0000] {dagbag.py:538} INFO - Filling up the DagBag from /Users/HP/storypoints-week1/venv/lib/python3.11/site-packages/airflow/example_dags/example_complex.py
[2026-03-04T19:39:44.437+0000] {processor.py:840} INFO - DAG(s) 'example_complex' retrieved from /Users/HP/storypoints-week1/venv/lib/python3.11/site-packages/airflow/example_dags/example_complex.py
[2026-03-04T19:39:44.503+0000] {logging_mixin.py:188} INFO - [2026-03-04T19:39:44.503+0000] {dag.py:3033} INFO - Sync 1 DAGs
[2026-03-04T19:39:44.509+0000] {logging_mixin.py:188} INFO - [2026-03-04T19:39:44.509+0000] {dag.py:3820} INFO - Setting next_dagrun for example_complex to None, run_after=None
[2026-03-04T19:39:44.522+0000] {processor.py:183} INFO - Processing /Users/HP/storypoints-week1/venv/lib/python3.11/site-packages/airflow/example_dags/example_complex.py took 0.098 seconds
[2026-03-04T19:42:12.017+0000] {processor.py:161} INFO - Started process (PID=79556) to work on /Users/HP/storypoints-week1/venv/lib/python3.11/site-packages/airflow/example_dags/example_complex.py
[2026-03-04T19:42:12.019+0000] {processor.py:830} INFO - Processing file /Users/HP/storypoints-week1/venv/lib/python3.11/site-packages/airflow/example_dags/example_complex.py for tasks to queue
[2026-03-04T19:42:12.020+0000] {logging_mixin.py:188} INFO - [2026-03-04T19:42:12.020+0000] {dagbag.py:538} INFO - Filling up the DagBag from /Users/HP/storypoints-week1/venv/lib/python3.11/site-packages/airflow/example_dags/example_complex.py
[2026-03-04T19:42:12.027+0000] {processor.py:840} INFO - DAG(s) 'example_complex' retrieved from /Users/HP/storypoints-week1/venv/lib/python3.11/site-packages/airflow/example_dags/example_complex.py
[2026-03-04T19:42:12.095+0000] {logging_mixin.py:188} INFO - [2026-03-04T19:42:12.094+0000] {dag.py:3033} INFO - Sync 1 DAGs
[2026-03-04T19:42:12.101+0000] {logging_mixin.py:188} INFO - [2026-03-04T19:42:12.101+0000] {dag.py:3820} INFO - Setting next_dagrun for example_complex to None, run_after=None
[2026-03-04T19:42:12.112+0000] {processor.py:183} INFO - Processing /Users/HP/storypoints-week1/venv/lib/python3.11/site-packages/airflow/example_dags/example_complex.py took 0.096 seconds
[2026-03-04T19:44:39.431+0000] {processor.py:161} INFO - Started process (PID=80942) to work on /Users/HP/storypoints-week1/venv/lib/python3.11/site-packages/airflow/example_dags/example_complex.py
[2026-03-04T19:44:39.433+0000] {processor.py:830} INFO - Processing file /Users/HP/storypoints-week1/venv/lib/python3.11/site-packages/airflow/example_dags/example_complex.py for tasks to queue
[2026-03-04T19:44:39.435+0000] {logging_mixin.py:188} INFO - [2026-03-04T19:44:39.434+0000] {dagbag.py:538} INFO - Filling up the DagBag from /Users/HP/storypoints-week1/venv/lib/python3.11/site-packages/airflow/example_dags/example_complex.py
[2026-03-04T19:44:39.443+0000] {processor.py:840} INFO - DAG(s) 'example_complex' retrieved from /Users/HP/storypoints-week1/venv/lib/python3.11/site-packages/airflow/example_dags/example_complex.py
[2026-03-04T19:44:39.510+0000] {logging_mixin.py:188} INFO - [2026-03-04T19:44:39.510+0000] {dag.py:3033} INFO - Sync 1 DAGs
[2026-03-04T19:44:39.516+0000] {logging_mixin.py:188} INFO - [2026-03-04T19:44:39.516+0000] {dag.py:3820} INFO - Setting next_dagrun for example_complex to None, run_after=None
[2026-03-04T19:44:39.528+0000] {processor.py:183} INFO - Processing /Users/HP/storypoints-week1/venv/lib/python3.11/site-packages/airflow/example_dags/example_complex.py took 0.098 seconds
[2026-03-04T19:47:07.459+0000] {processor.py:161} INFO - Started process (PID=82348) to work on /Users/HP/storypoints-week1/venv/lib/python3.11/site-packages/airflow/example_dags/example_complex.py
[2026-03-04T19:47:07.462+0000] {processor.py:830} INFO - Processing file /Users/HP/storypoints-week1/venv/lib/python3.11/site-packages/airflow/example_dags/example_complex.py for tasks to queue
[2026-03-04T19:47:07.464+0000] {logging_mixin.py:188} INFO - [2026-03-04T19:47:07.464+0000] {dagbag.py:538} INFO - Filling up the DagBag from /Users/HP/storypoints-week1/venv/lib/python3.11/site-packages/airflow/example_dags/example_complex.py
[2026-03-04T19:47:07.474+0000] {processor.py:840} INFO - DAG(s) 'example_complex' retrieved from /Users/HP/storypoints-week1/venv/lib/python3.11/site-packages/airflow/example_dags/example_complex.py
[2026-03-04T19:47:07.553+0000] {logging_mixin.py:188} INFO - [2026-03-04T19:47:07.553+0000] {dag.py:3033} INFO - Sync 1 DAGs
[2026-03-04T19:47:07.560+0000] {logging_mixin.py:188} INFO - [2026-03-04T19:47:07.560+0000] {dag.py:3820} INFO - Setting next_dagrun for example_complex to None, run_after=None
[2026-03-04T19:47:07.571+0000] {processor.py:183} INFO - Processing /Users/HP/storypoints-week1/venv/lib/python3.11/site-packages/airflow/example_dags/example_complex.py took 0.113 seconds
[2026-03-04T20:13:14.989+0000] {processor.py:161} INFO - Started process (PID=83922) to work on /Users/HP/storypoints-week1/venv/lib/python3.11/site-packages/airflow/example_dags/example_complex.py
[2026-03-04T20:13:14.992+0000] {processor.py:830} INFO - Processing file /Users/HP/storypoints-week1/venv/lib/python3.11/site-packages/airflow/example_dags/example_complex.py for tasks to queue
[2026-03-04T20:13:14.994+0000] {logging_mixin.py:188} INFO - [2026-03-04T20:13:14.994+0000] {dagbag.py:538} INFO - Filling up the DagBag from /Users/HP/storypoints-week1/venv/lib/python3.11/site-packages/airflow/example_dags/example_complex.py
[2026-03-04T20:13:15.003+0000] {processor.py:840} INFO - DAG(s) 'example_complex' retrieved from /Users/HP/storypoints-week1/venv/lib/python3.11/site-packages/airflow/example_dags/example_complex.py
[2026-03-04T20:13:15.070+0000] {logging_mixin.py:188} INFO - [2026-03-04T20:13:15.070+0000] {dag.py:3033} INFO - Sync 1 DAGs
[2026-03-04T20:13:15.076+0000] {logging_mixin.py:188} INFO - [2026-03-04T20:13:15.076+0000] {dag.py:3820} INFO - Setting next_dagrun for example_complex to None, run_after=None
[2026-03-04T20:13:15.087+0000] {processor.py:183} INFO - Processing /Users/HP/storypoints-week1/venv/lib/python3.11/site-packages/airflow/example_dags/example_complex.py took 0.098 seconds
[2026-03-04T20:15:53.926+0000] {processor.py:161} INFO - Started process (PID=85404) to work on /Users/HP/storypoints-week1/venv/lib/python3.11/site-packages/airflow/example_dags/example_complex.py
[2026-03-04T20:15:53.930+0000] {processor.py:830} INFO - Processing file /Users/HP/storypoints-week1/venv/lib/python3.11/site-packages/airflow/example_dags/example_complex.py for tasks to queue
[2026-03-04T20:15:53.932+0000] {logging_mixin.py:188} INFO - [2026-03-04T20:15:53.932+0000] {dagbag.py:538} INFO - Filling up the DagBag from /Users/HP/storypoints-week1/venv/lib/python3.11/site-packages/airflow/example_dags/example_complex.py
[2026-03-04T20:15:53.943+0000] {processor.py:840} INFO - DAG(s) 'example_complex' retrieved from /Users/HP/storypoints-week1/venv/lib/python3.11/site-packages/airflow/example_dags/example_complex.py
[2026-03-04T20:15:54.021+0000] {logging_mixin.py:188} INFO - [2026-03-04T20:15:54.021+0000] {dag.py:3033} INFO - Sync 1 DAGs
[2026-03-04T20:15:54.028+0000] {logging_mixin.py:188} INFO - [2026-03-04T20:15:54.028+0000] {dag.py:3820} INFO - Setting next_dagrun for example_complex to None, run_after=None
[2026-03-04T20:15:54.039+0000] {processor.py:183} INFO - Processing /Users/HP/storypoints-week1/venv/lib/python3.11/site-packages/airflow/example_dags/example_complex.py took 0.114 seconds
[2026-03-04T20:24:30.778+0000] {processor.py:161} INFO - Started process (PID=86417) to work on /Users/HP/storypoints-week1/venv/lib/python3.11/site-packages/airflow/example_dags/example_complex.py
[2026-03-04T20:24:30.781+0000] {processor.py:830} INFO - Processing file /Users/HP/storypoints-week1/venv/lib/python3.11/site-packages/airflow/example_dags/example_complex.py for tasks to queue
[2026-03-04T20:24:30.782+0000] {logging_mixin.py:188} INFO - [2026-03-04T20:24:30.782+0000] {dagbag.py:538} INFO - Filling up the DagBag from /Users/HP/storypoints-week1/venv/lib/python3.11/site-packages/airflow/example_dags/example_complex.py
[2026-03-04T20:24:30.790+0000] {processor.py:840} INFO - DAG(s) 'example_complex' retrieved from /Users/HP/storypoints-week1/venv/lib/python3.11/site-packages/airflow/example_dags/example_complex.py
[2026-03-04T20:24:30.855+0000] {logging_mixin.py:188} INFO - [2026-03-04T20:24:30.855+0000] {dag.py:3033} INFO - Sync 1 DAGs
[2026-03-04T20:24:30.861+0000] {logging_mixin.py:188} INFO - [2026-03-04T20:24:30.861+0000] {dag.py:3820} INFO - Setting next_dagrun for example_complex to None, run_after=None
[2026-03-04T20:24:30.873+0000] {processor.py:183} INFO - Processing /Users/HP/storypoints-week1/venv/lib/python3.11/site-packages/airflow/example_dags/example_complex.py took 0.095 seconds
[2026-03-04T20:48:21.681+0000] {processor.py:161} INFO - Started process (PID=87950) to work on /Users/HP/storypoints-week1/venv/lib/python3.11/site-packages/airflow/example_dags/example_complex.py
[2026-03-04T20:48:21.684+0000] {processor.py:830} INFO - Processing file /Users/HP/storypoints-week1/venv/lib/python3.11/site-packages/airflow/example_dags/example_complex.py for tasks to queue
[2026-03-04T20:48:21.685+0000] {logging_mixin.py:188} INFO - [2026-03-04T20:48:21.685+0000] {dagbag.py:538} INFO - Filling up the DagBag from /Users/HP/storypoints-week1/venv/lib/python3.11/site-packages/airflow/example_dags/example_complex.py
[2026-03-04T20:48:21.692+0000] {processor.py:840} INFO - DAG(s) 'example_complex' retrieved from /Users/HP/storypoints-week1/venv/lib/python3.11/site-packages/airflow/example_dags/example_complex.py
[2026-03-04T20:48:21.759+0000] {logging_mixin.py:188} INFO - [2026-03-04T20:48:21.759+0000] {dag.py:3033} INFO - Sync 1 DAGs
[2026-03-04T20:48:21.764+0000] {logging_mixin.py:188} INFO - [2026-03-04T20:48:21.764+0000] {dag.py:3820} INFO - Setting next_dagrun for example_complex to None, run_after=None
[2026-03-04T20:48:21.774+0000] {processor.py:183} INFO - Processing /Users/HP/storypoints-week1/venv/lib/python3.11/site-packages/airflow/example_dags/example_complex.py took 0.093 seconds
[2026-03-04T22:18:34.053+0000] {processor.py:161} INFO - Started process (PID=89559) to work on /Users/HP/storypoints-week1/venv/lib/python3.11/site-packages/airflow/example_dags/example_complex.py
[2026-03-04T22:18:34.056+0000] {processor.py:830} INFO - Processing file /Users/HP/storypoints-week1/venv/lib/python3.11/site-packages/airflow/example_dags/example_complex.py for tasks to queue
[2026-03-04T22:18:34.057+0000] {logging_mixin.py:188} INFO - [2026-03-04T22:18:34.057+0000] {dagbag.py:538} INFO - Filling up the DagBag from /Users/HP/storypoints-week1/venv/lib/python3.11/site-packages/airflow/example_dags/example_complex.py
[2026-03-04T22:18:34.065+0000] {processor.py:840} INFO - DAG(s) 'example_complex' retrieved from /Users/HP/storypoints-week1/venv/lib/python3.11/site-packages/airflow/example_dags/example_complex.py
[2026-03-04T22:18:34.130+0000] {logging_mixin.py:188} INFO - [2026-03-04T22:18:34.130+0000] {dag.py:3033} INFO - Sync 1 DAGs
[2026-03-04T22:18:34.136+0000] {logging_mixin.py:188} INFO - [2026-03-04T22:18:34.136+0000] {dag.py:3820} INFO - Setting next_dagrun for example_complex to None, run_after=None
[2026-03-04T22:18:34.147+0000] {processor.py:183} INFO - Processing /Users/HP/storypoints-week1/venv/lib/python3.11/site-packages/airflow/example_dags/example_complex.py took 0.094 seconds
[2026-03-04T23:06:34.439+0000] {processor.py:161} INFO - Started process (PID=91023) to work on /Users/HP/storypoints-week1/venv/lib/python3.11/site-packages/airflow/example_dags/example_complex.py
[2026-03-04T23:06:34.442+0000] {processor.py:830} INFO - Processing file /Users/HP/storypoints-week1/venv/lib/python3.11/site-packages/airflow/example_dags/example_complex.py for tasks to queue
[2026-03-04T23:06:34.444+0000] {logging_mixin.py:188} INFO - [2026-03-04T23:06:34.443+0000] {dagbag.py:538} INFO - Filling up the DagBag from /Users/HP/storypoints-week1/venv/lib/python3.11/site-packages/airflow/example_dags/example_complex.py
[2026-03-04T23:06:34.452+0000] {processor.py:840} INFO - DAG(s) 'example_complex' retrieved from /Users/HP/storypoints-week1/venv/lib/python3.11/site-packages/airflow/example_dags/example_complex.py
[2026-03-04T23:06:34.517+0000] {logging_mixin.py:188} INFO - [2026-03-04T23:06:34.517+0000] {dag.py:3033} INFO - Sync 1 DAGs
[2026-03-04T23:06:34.525+0000] {logging_mixin.py:188} INFO - [2026-03-04T23:06:34.525+0000] {dag.py:3820} INFO - Setting next_dagrun for example_complex to None, run_after=None
[2026-03-04T23:06:34.535+0000] {processor.py:183} INFO - Processing /Users/HP/storypoints-week1/venv/lib/python3.11/site-packages/airflow/example_dags/example_complex.py took 0.096 seconds
[2026-03-04T23:20:17.684+0000] {processor.py:161} INFO - Started process (PID=92429) to work on /Users/HP/storypoints-week1/venv/lib/python3.11/site-packages/airflow/example_dags/example_complex.py
[2026-03-04T23:20:17.686+0000] {processor.py:830} INFO - Processing file /Users/HP/storypoints-week1/venv/lib/python3.11/site-packages/airflow/example_dags/example_complex.py for tasks to queue
[2026-03-04T23:20:17.687+0000] {logging_mixin.py:188} INFO - [2026-03-04T23:20:17.687+0000] {dagbag.py:538} INFO - Filling up the DagBag from /Users/HP/storypoints-week1/venv/lib/python3.11/site-packages/airflow/example_dags/example_complex.py
[2026-03-04T23:20:17.695+0000] {processor.py:840} INFO - DAG(s) 'example_complex' retrieved from /Users/HP/storypoints-week1/venv/lib/python3.11/site-packages/airflow/example_dags/example_complex.py
[2026-03-04T23:20:17.760+0000] {logging_mixin.py:188} INFO - [2026-03-04T23:20:17.760+0000] {dag.py:3033} INFO - Sync 1 DAGs
[2026-03-04T23:20:17.766+0000] {logging_mixin.py:188} INFO - [2026-03-04T23:20:17.766+0000] {dag.py:3820} INFO - Setting next_dagrun for example_complex to None, run_after=None
[2026-03-04T23:20:17.776+0000] {processor.py:183} INFO - Processing /Users/HP/storypoints-week1/venv/lib/python3.11/site-packages/airflow/example_dags/example_complex.py took 0.094 seconds
