[2026-03-04T19:02:50.314+0000] {processor.py:161} INFO - Started process (PID=55133) to work on /Users/HP/storypoints-week1/venv/lib/python3.11/site-packages/airflow/example_dags/example_branch_python_dop_operator_3.py
[2026-03-04T19:02:50.316+0000] {processor.py:830} INFO - Processing file /Users/HP/storypoints-week1/venv/lib/python3.11/site-packages/airflow/example_dags/example_branch_python_dop_operator_3.py for tasks to queue
[2026-03-04T19:02:50.317+0000] {logging_mixin.py:188} INFO - [2026-03-04T19:02:50.317+0000] {dagbag.py:538} INFO - Filling up the DagBag from /Users/HP/storypoints-week1/venv/lib/python3.11/site-packages/airflow/example_dags/example_branch_python_dop_operator_3.py
[2026-03-04T19:02:50.343+0000] {processor.py:840} INFO - DAG(s) 'example_branch_dop_operator_v3' retrieved from /Users/HP/storypoints-week1/venv/lib/python3.11/site-packages/airflow/example_dags/example_branch_python_dop_operator_3.py
[2026-03-04T19:02:50.457+0000] {logging_mixin.py:188} INFO - [2026-03-04T19:02:50.457+0000] {override.py:1769} INFO - Created Permission View: can delete on DAG:example_branch_dop_operator_v3
[2026-03-04T19:02:50.462+0000] {logging_mixin.py:188} INFO - [2026-03-04T19:02:50.462+0000] {override.py:1769} INFO - Created Permission View: can read on DAG:example_branch_dop_operator_v3
[2026-03-04T19:02:50.465+0000] {logging_mixin.py:188} INFO - [2026-03-04T19:02:50.465+0000] {override.py:1769} INFO - Created Permission View: can edit on DAG:example_branch_dop_operator_v3
[2026-03-04T19:02:50.465+0000] {logging_mixin.py:188} INFO - [2026-03-04T19:02:50.465+0000] {dag.py:3033} INFO - Sync 1 DAGs
[2026-03-04T19:02:50.471+0000] {logging_mixin.py:188} INFO - [2026-03-04T19:02:50.471+0000] {dag.py:3055} INFO - Creating ORM DAG for example_branch_dop_operator_v3
[2026-03-04T19:02:50.478+0000] {logging_mixin.py:188} INFO - [2026-03-04T19:02:50.478+0000] {dag.py:3820} INFO - Setting next_dagrun for example_branch_dop_operator_v3 to 2026-03-04T19:01:00+00:00, run_after=2026-03-04T19:02:00+00:00
[2026-03-04T19:02:50.490+0000] {processor.py:183} INFO - Processing /Users/HP/storypoints-week1/venv/lib/python3.11/site-packages/airflow/example_dags/example_branch_python_dop_operator_3.py took 0.177 seconds
[2026-03-04T19:05:59.845+0000] {processor.py:161} INFO - Started process (PID=57326) to work on /Users/HP/storypoints-week1/venv/lib/python3.11/site-packages/airflow/example_dags/example_branch_python_dop_operator_3.py
[2026-03-04T19:05:59.847+0000] {processor.py:830} INFO - Processing file /Users/HP/storypoints-week1/venv/lib/python3.11/site-packages/airflow/example_dags/example_branch_python_dop_operator_3.py for tasks to queue
[2026-03-04T19:05:59.849+0000] {logging_mixin.py:188} INFO - [2026-03-04T19:05:59.849+0000] {dagbag.py:538} INFO - Filling up the DagBag from /Users/HP/storypoints-week1/venv/lib/python3.11/site-packages/airflow/example_dags/example_branch_python_dop_operator_3.py
[2026-03-04T19:05:59.876+0000] {processor.py:840} INFO - DAG(s) 'example_branch_dop_operator_v3' retrieved from /Users/HP/storypoints-week1/venv/lib/python3.11/site-packages/airflow/example_dags/example_branch_python_dop_operator_3.py
[2026-03-04T19:05:59.937+0000] {logging_mixin.py:188} INFO - [2026-03-04T19:05:59.937+0000] {dag.py:3033} INFO - Sync 1 DAGs
[2026-03-04T19:05:59.951+0000] {logging_mixin.py:188} INFO - [2026-03-04T19:05:59.951+0000] {dag.py:3820} INFO - Setting next_dagrun for example_branch_dop_operator_v3 to 2026-03-04T19:04:00+00:00, run_after=2026-03-04T19:05:00+00:00
[2026-03-04T19:05:59.964+0000] {processor.py:183} INFO - Processing /Users/HP/storypoints-week1/venv/lib/python3.11/site-packages/airflow/example_dags/example_branch_python_dop_operator_3.py took 0.120 seconds
[2026-03-04T19:08:31.832+0000] {processor.py:161} INFO - Started process (PID=58786) to work on /Users/HP/storypoints-week1/venv/lib/python3.11/site-packages/airflow/example_dags/example_branch_python_dop_operator_3.py
[2026-03-04T19:08:31.836+0000] {processor.py:830} INFO - Processing file /Users/HP/storypoints-week1/venv/lib/python3.11/site-packages/airflow/example_dags/example_branch_python_dop_operator_3.py for tasks to queue
[2026-03-04T19:08:31.837+0000] {logging_mixin.py:188} INFO - [2026-03-04T19:08:31.837+0000] {dagbag.py:538} INFO - Filling up the DagBag from /Users/HP/storypoints-week1/venv/lib/python3.11/site-packages/airflow/example_dags/example_branch_python_dop_operator_3.py
[2026-03-04T19:08:31.864+0000] {processor.py:840} INFO - DAG(s) 'example_branch_dop_operator_v3' retrieved from /Users/HP/storypoints-week1/venv/lib/python3.11/site-packages/airflow/example_dags/example_branch_python_dop_operator_3.py
[2026-03-04T19:08:31.924+0000] {logging_mixin.py:188} INFO - [2026-03-04T19:08:31.924+0000] {dag.py:3033} INFO - Sync 1 DAGs
[2026-03-04T19:08:31.938+0000] {logging_mixin.py:188} INFO - [2026-03-04T19:08:31.938+0000] {dag.py:3820} INFO - Setting next_dagrun for example_branch_dop_operator_v3 to 2026-03-04T19:07:00+00:00, run_after=2026-03-04T19:08:00+00:00
[2026-03-04T19:08:31.950+0000] {processor.py:183} INFO - Processing /Users/HP/storypoints-week1/venv/lib/python3.11/site-packages/airflow/example_dags/example_branch_python_dop_operator_3.py took 0.118 seconds
[2026-03-04T19:11:18.294+0000] {processor.py:161} INFO - Started process (PID=60374) to work on /Users/HP/storypoints-week1/venv/lib/python3.11/site-packages/airflow/example_dags/example_branch_python_dop_operator_3.py
[2026-03-04T19:11:18.297+0000] {processor.py:830} INFO - Processing file /Users/HP/storypoints-week1/venv/lib/python3.11/site-packages/airflow/example_dags/example_branch_python_dop_operator_3.py for tasks to queue
[2026-03-04T19:11:18.298+0000] {logging_mixin.py:188} INFO - [2026-03-04T19:11:18.298+0000] {dagbag.py:538} INFO - Filling up the DagBag from /Users/HP/storypoints-week1/venv/lib/python3.11/site-packages/airflow/example_dags/example_branch_python_dop_operator_3.py
[2026-03-04T19:11:18.322+0000] {processor.py:840} INFO - DAG(s) 'example_branch_dop_operator_v3' retrieved from /Users/HP/storypoints-week1/venv/lib/python3.11/site-packages/airflow/example_dags/example_branch_python_dop_operator_3.py
[2026-03-04T19:11:18.380+0000] {logging_mixin.py:188} INFO - [2026-03-04T19:11:18.380+0000] {dag.py:3033} INFO - Sync 1 DAGs
[2026-03-04T19:11:18.394+0000] {logging_mixin.py:188} INFO - [2026-03-04T19:11:18.394+0000] {dag.py:3820} INFO - Setting next_dagrun for example_branch_dop_operator_v3 to 2026-03-04T19:10:00+00:00, run_after=2026-03-04T19:11:00+00:00
[2026-03-04T19:11:18.405+0000] {processor.py:183} INFO - Processing /Users/HP/storypoints-week1/venv/lib/python3.11/site-packages/airflow/example_dags/example_branch_python_dop_operator_3.py took 0.111 seconds
[2026-03-04T19:34:46.055+0000] {processor.py:161} INFO - Started process (PID=75271) to work on /Users/HP/storypoints-week1/venv/lib/python3.11/site-packages/airflow/example_dags/example_branch_python_dop_operator_3.py
[2026-03-04T19:34:46.057+0000] {processor.py:830} INFO - Processing file /Users/HP/storypoints-week1/venv/lib/python3.11/site-packages/airflow/example_dags/example_branch_python_dop_operator_3.py for tasks to queue
[2026-03-04T19:34:46.059+0000] {logging_mixin.py:188} INFO - [2026-03-04T19:34:46.059+0000] {dagbag.py:538} INFO - Filling up the DagBag from /Users/HP/storypoints-week1/venv/lib/python3.11/site-packages/airflow/example_dags/example_branch_python_dop_operator_3.py
[2026-03-04T19:34:46.087+0000] {processor.py:840} INFO - DAG(s) 'example_branch_dop_operator_v3' retrieved from /Users/HP/storypoints-week1/venv/lib/python3.11/site-packages/airflow/example_dags/example_branch_python_dop_operator_3.py
[2026-03-04T19:34:46.148+0000] {logging_mixin.py:188} INFO - [2026-03-04T19:34:46.148+0000] {dag.py:3033} INFO - Sync 1 DAGs
[2026-03-04T19:34:46.162+0000] {logging_mixin.py:188} INFO - [2026-03-04T19:34:46.162+0000] {dag.py:3820} INFO - Setting next_dagrun for example_branch_dop_operator_v3 to 2026-03-04T19:33:00+00:00, run_after=2026-03-04T19:34:00+00:00
[2026-03-04T19:34:46.174+0000] {processor.py:183} INFO - Processing /Users/HP/storypoints-week1/venv/lib/python3.11/site-packages/airflow/example_dags/example_branch_python_dop_operator_3.py took 0.120 seconds
[2026-03-04T19:37:12.546+0000] {processor.py:161} INFO - Started process (PID=76713) to work on /Users/HP/storypoints-week1/venv/lib/python3.11/site-packages/airflow/example_dags/example_branch_python_dop_operator_3.py
[2026-03-04T19:37:12.549+0000] {processor.py:830} INFO - Processing file /Users/HP/storypoints-week1/venv/lib/python3.11/site-packages/airflow/example_dags/example_branch_python_dop_operator_3.py for tasks to queue
[2026-03-04T19:37:12.550+0000] {logging_mixin.py:188} INFO - [2026-03-04T19:37:12.550+0000] {dagbag.py:538} INFO - Filling up the DagBag from /Users/HP/storypoints-week1/venv/lib/python3.11/site-packages/airflow/example_dags/example_branch_python_dop_operator_3.py
[2026-03-04T19:37:12.577+0000] {processor.py:840} INFO - DAG(s) 'example_branch_dop_operator_v3' retrieved from /Users/HP/storypoints-week1/venv/lib/python3.11/site-packages/airflow/example_dags/example_branch_python_dop_operator_3.py
[2026-03-04T19:37:12.640+0000] {logging_mixin.py:188} INFO - [2026-03-04T19:37:12.640+0000] {dag.py:3033} INFO - Sync 1 DAGs
[2026-03-04T19:37:12.654+0000] {logging_mixin.py:188} INFO - [2026-03-04T19:37:12.654+0000] {dag.py:3820} INFO - Setting next_dagrun for example_branch_dop_operator_v3 to 2026-03-04T19:36:00+00:00, run_after=2026-03-04T19:37:00+00:00
[2026-03-04T19:37:12.666+0000] {processor.py:183} INFO - Processing /Users/HP/storypoints-week1/venv/lib/python3.11/site-packages/airflow/example_dags/example_branch_python_dop_operator_3.py took 0.121 seconds
[2026-03-04T19:39:46.730+0000] {processor.py:161} INFO - Started process (PID=78193) to work on /Users/HP/storypoints-week1/venv/lib/python3.11/site-packages/airflow/example_dags/example_branch_python_dop_operator_3.py
[2026-03-04T19:39:46.733+0000] {processor.py:830} INFO - Processing file /Users/HP/storypoints-week1/venv/lib/python3.11/site-packages/airflow/example_dags/example_branch_python_dop_operator_3.py for tasks to queue
[2026-03-04T19:39:46.734+0000] {logging_mixin.py:188} INFO - [2026-03-04T19:39:46.734+0000] {dagbag.py:538} INFO - Filling up the DagBag from /Users/HP/storypoints-week1/venv/lib/python3.11/site-packages/airflow/example_dags/example_branch_python_dop_operator_3.py
[2026-03-04T19:39:46.762+0000] {processor.py:840} INFO - DAG(s) 'example_branch_dop_operator_v3' retrieved from /Users/HP/storypoints-week1/venv/lib/python3.11/site-packages/airflow/example_dags/example_branch_python_dop_operator_3.py
[2026-03-04T19:39:46.821+0000] {logging_mixin.py:188} INFO - [2026-03-04T19:39:46.820+0000] {dag.py:3033} INFO - Sync 1 DAGs
[2026-03-04T19:39:46.834+0000] {logging_mixin.py:188} INFO - [2026-03-04T19:39:46.834+0000] {dag.py:3820} INFO - Setting next_dagrun for example_branch_dop_operator_v3 to 2026-03-04T19:38:00+00:00, run_after=2026-03-04T19:39:00+00:00
[2026-03-04T19:39:46.845+0000] {processor.py:183} INFO - Processing /Users/HP/storypoints-week1/venv/lib/python3.11/site-packages/airflow/example_dags/example_branch_python_dop_operator_3.py took 0.115 seconds
[2026-03-04T19:42:14.438+0000] {processor.py:161} INFO - Started process (PID=79578) to work on /Users/HP/storypoints-week1/venv/lib/python3.11/site-packages/airflow/example_dags/example_branch_python_dop_operator_3.py
[2026-03-04T19:42:14.440+0000] {processor.py:830} INFO - Processing file /Users/HP/storypoints-week1/venv/lib/python3.11/site-packages/airflow/example_dags/example_branch_python_dop_operator_3.py for tasks to queue
[2026-03-04T19:42:14.442+0000] {logging_mixin.py:188} INFO - [2026-03-04T19:42:14.442+0000] {dagbag.py:538} INFO - Filling up the DagBag from /Users/HP/storypoints-week1/venv/lib/python3.11/site-packages/airflow/example_dags/example_branch_python_dop_operator_3.py
[2026-03-04T19:42:14.468+0000] {processor.py:840} INFO - DAG(s) 'example_branch_dop_operator_v3' retrieved from /Users/HP/storypoints-week1/venv/lib/python3.11/site-packages/airflow/example_dags/example_branch_python_dop_operator_3.py
[2026-03-04T19:42:14.528+0000] {logging_mixin.py:188} INFO - [2026-03-04T19:42:14.528+0000] {dag.py:3033} INFO - Sync 1 DAGs
[2026-03-04T19:42:14.542+0000] {logging_mixin.py:188} INFO - [2026-03-04T19:42:14.542+0000] {dag.py:3820} INFO - Setting next_dagrun for example_branch_dop_operator_v3 to 2026-03-04T19:41:00+00:00, run_after=2026-03-04T19:42:00+00:00
[2026-03-04T19:42:14.553+0000] {processor.py:183} INFO - Processing /Users/HP/storypoints-week1/venv/lib/python3.11/site-packages/airflow/example_dags/example_branch_python_dop_operator_3.py took 0.116 seconds
[2026-03-04T19:44:41.859+0000] {processor.py:161} INFO - Started process (PID=80967) to work on /Users/HP/storypoints-week1/venv/lib/python3.11/site-packages/airflow/example_dags/example_branch_python_dop_operator_3.py
[2026-03-04T19:44:41.861+0000] {processor.py:830} INFO - Processing file /Users/HP/storypoints-week1/venv/lib/python3.11/site-packages/airflow/example_dags/example_branch_python_dop_operator_3.py for tasks to queue
[2026-03-04T19:44:41.863+0000] {logging_mixin.py:188} INFO - [2026-03-04T19:44:41.863+0000] {dagbag.py:538} INFO - Filling up the DagBag from /Users/HP/storypoints-week1/venv/lib/python3.11/site-packages/airflow/example_dags/example_branch_python_dop_operator_3.py
[2026-03-04T19:44:41.888+0000] {processor.py:840} INFO - DAG(s) 'example_branch_dop_operator_v3' retrieved from /Users/HP/storypoints-week1/venv/lib/python3.11/site-packages/airflow/example_dags/example_branch_python_dop_operator_3.py
[2026-03-04T19:44:41.944+0000] {logging_mixin.py:188} INFO - [2026-03-04T19:44:41.944+0000] {dag.py:3033} INFO - Sync 1 DAGs
[2026-03-04T19:44:41.959+0000] {logging_mixin.py:188} INFO - [2026-03-04T19:44:41.959+0000] {dag.py:3820} INFO - Setting next_dagrun for example_branch_dop_operator_v3 to 2026-03-04T19:43:00+00:00, run_after=2026-03-04T19:44:00+00:00
[2026-03-04T19:44:41.971+0000] {processor.py:183} INFO - Processing /Users/HP/storypoints-week1/venv/lib/python3.11/site-packages/airflow/example_dags/example_branch_python_dop_operator_3.py took 0.113 seconds
[2026-03-04T19:47:09.909+0000] {processor.py:161} INFO - Started process (PID=82369) to work on /Users/HP/storypoints-week1/venv/lib/python3.11/site-packages/airflow/example_dags/example_branch_python_dop_operator_3.py
[2026-03-04T19:47:09.911+0000] {processor.py:830} INFO - Processing file /Users/HP/storypoints-week1/venv/lib/python3.11/site-packages/airflow/example_dags/example_branch_python_dop_operator_3.py for tasks to queue
[2026-03-04T19:47:09.912+0000] {logging_mixin.py:188} INFO - [2026-03-04T19:47:09.912+0000] {dagbag.py:538} INFO - Filling up the DagBag from /Users/HP/storypoints-week1/venv/lib/python3.11/site-packages/airflow/example_dags/example_branch_python_dop_operator_3.py
[2026-03-04T19:47:09.936+0000] {processor.py:840} INFO - DAG(s) 'example_branch_dop_operator_v3' retrieved from /Users/HP/storypoints-week1/venv/lib/python3.11/site-packages/airflow/example_dags/example_branch_python_dop_operator_3.py
[2026-03-04T19:47:09.997+0000] {logging_mixin.py:188} INFO - [2026-03-04T19:47:09.996+0000] {dag.py:3033} INFO - Sync 1 DAGs
[2026-03-04T19:47:10.010+0000] {logging_mixin.py:188} INFO - [2026-03-04T19:47:10.010+0000] {dag.py:3820} INFO - Setting next_dagrun for example_branch_dop_operator_v3 to 2026-03-04T19:46:00+00:00, run_after=2026-03-04T19:47:00+00:00
[2026-03-04T19:47:10.022+0000] {processor.py:183} INFO - Processing /Users/HP/storypoints-week1/venv/lib/python3.11/site-packages/airflow/example_dags/example_branch_python_dop_operator_3.py took 0.114 seconds
[2026-03-04T20:13:17.409+0000] {processor.py:161} INFO - Started process (PID=83946) to work on /Users/HP/storypoints-week1/venv/lib/python3.11/site-packages/airflow/example_dags/example_branch_python_dop_operator_3.py
[2026-03-04T20:13:17.411+0000] {processor.py:830} INFO - Processing file /Users/HP/storypoints-week1/venv/lib/python3.11/site-packages/airflow/example_dags/example_branch_python_dop_operator_3.py for tasks to queue
[2026-03-04T20:13:17.413+0000] {logging_mixin.py:188} INFO - [2026-03-04T20:13:17.413+0000] {dagbag.py:538} INFO - Filling up the DagBag from /Users/HP/storypoints-week1/venv/lib/python3.11/site-packages/airflow/example_dags/example_branch_python_dop_operator_3.py
[2026-03-04T20:13:17.439+0000] {processor.py:840} INFO - DAG(s) 'example_branch_dop_operator_v3' retrieved from /Users/HP/storypoints-week1/venv/lib/python3.11/site-packages/airflow/example_dags/example_branch_python_dop_operator_3.py
[2026-03-04T20:13:17.497+0000] {logging_mixin.py:188} INFO - [2026-03-04T20:13:17.497+0000] {dag.py:3033} INFO - Sync 1 DAGs
[2026-03-04T20:13:17.510+0000] {logging_mixin.py:188} INFO - [2026-03-04T20:13:17.510+0000] {dag.py:3820} INFO - Setting next_dagrun for example_branch_dop_operator_v3 to 2026-03-04T20:12:00+00:00, run_after=2026-03-04T20:13:00+00:00
[2026-03-04T20:13:17.521+0000] {processor.py:183} INFO - Processing /Users/HP/storypoints-week1/venv/lib/python3.11/site-packages/airflow/example_dags/example_branch_python_dop_operator_3.py took 0.113 seconds
[2026-03-04T20:22:45.458+0000] {processor.py:161} INFO - Started process (PID=85428) to work on /Users/HP/storypoints-week1/venv/lib/python3.11/site-packages/airflow/example_dags/example_branch_python_dop_operator_3.py
[2026-03-04T20:22:45.461+0000] {processor.py:830} INFO - Processing file /Users/HP/storypoints-week1/venv/lib/python3.11/site-packages/airflow/example_dags/example_branch_python_dop_operator_3.py for tasks to queue
[2026-03-04T20:22:45.463+0000] {logging_mixin.py:188} INFO - [2026-03-04T20:22:45.463+0000] {dagbag.py:538} INFO - Filling up the DagBag from /Users/HP/storypoints-week1/venv/lib/python3.11/site-packages/airflow/example_dags/example_branch_python_dop_operator_3.py
[2026-03-04T20:22:45.507+0000] {processor.py:840} INFO - DAG(s) 'example_branch_dop_operator_v3' retrieved from /Users/HP/storypoints-week1/venv/lib/python3.11/site-packages/airflow/example_dags/example_branch_python_dop_operator_3.py
[2026-03-04T20:22:45.581+0000] {logging_mixin.py:188} INFO - [2026-03-04T20:22:45.581+0000] {dag.py:3033} INFO - Sync 1 DAGs
[2026-03-04T20:22:45.601+0000] {logging_mixin.py:188} INFO - [2026-03-04T20:22:45.601+0000] {dag.py:3820} INFO - Setting next_dagrun for example_branch_dop_operator_v3 to 2026-03-04T20:21:00+00:00, run_after=2026-03-04T20:22:00+00:00
[2026-03-04T20:22:45.617+0000] {processor.py:183} INFO - Processing /Users/HP/storypoints-week1/venv/lib/python3.11/site-packages/airflow/example_dags/example_branch_python_dop_operator_3.py took 0.161 seconds
[2026-03-04T20:28:56.929+0000] {processor.py:161} INFO - Started process (PID=87023) to work on /Users/HP/storypoints-week1/venv/lib/python3.11/site-packages/airflow/example_dags/example_branch_python_dop_operator_3.py
[2026-03-04T20:28:56.931+0000] {processor.py:830} INFO - Processing file /Users/HP/storypoints-week1/venv/lib/python3.11/site-packages/airflow/example_dags/example_branch_python_dop_operator_3.py for tasks to queue
[2026-03-04T20:28:56.933+0000] {logging_mixin.py:188} INFO - [2026-03-04T20:28:56.932+0000] {dagbag.py:538} INFO - Filling up the DagBag from /Users/HP/storypoints-week1/venv/lib/python3.11/site-packages/airflow/example_dags/example_branch_python_dop_operator_3.py
[2026-03-04T20:28:56.958+0000] {processor.py:840} INFO - DAG(s) 'example_branch_dop_operator_v3' retrieved from /Users/HP/storypoints-week1/venv/lib/python3.11/site-packages/airflow/example_dags/example_branch_python_dop_operator_3.py
[2026-03-04T20:28:57.017+0000] {logging_mixin.py:188} INFO - [2026-03-04T20:28:57.016+0000] {dag.py:3033} INFO - Sync 1 DAGs
[2026-03-04T20:28:57.030+0000] {logging_mixin.py:188} INFO - [2026-03-04T20:28:57.030+0000] {dag.py:3820} INFO - Setting next_dagrun for example_branch_dop_operator_v3 to 2026-03-04T20:27:00+00:00, run_after=2026-03-04T20:28:00+00:00
[2026-03-04T20:28:57.042+0000] {processor.py:183} INFO - Processing /Users/HP/storypoints-week1/venv/lib/python3.11/site-packages/airflow/example_dags/example_branch_python_dop_operator_3.py took 0.114 seconds
[2026-03-04T22:05:29.989+0000] {processor.py:161} INFO - Started process (PID=88581) to work on /Users/HP/storypoints-week1/venv/lib/python3.11/site-packages/airflow/example_dags/example_branch_python_dop_operator_3.py
[2026-03-04T22:05:29.992+0000] {processor.py:830} INFO - Processing file /Users/HP/storypoints-week1/venv/lib/python3.11/site-packages/airflow/example_dags/example_branch_python_dop_operator_3.py for tasks to queue
[2026-03-04T22:05:29.993+0000] {logging_mixin.py:188} INFO - [2026-03-04T22:05:29.993+0000] {dagbag.py:538} INFO - Filling up the DagBag from /Users/HP/storypoints-week1/venv/lib/python3.11/site-packages/airflow/example_dags/example_branch_python_dop_operator_3.py
[2026-03-04T22:05:30.018+0000] {processor.py:840} INFO - DAG(s) 'example_branch_dop_operator_v3' retrieved from /Users/HP/storypoints-week1/venv/lib/python3.11/site-packages/airflow/example_dags/example_branch_python_dop_operator_3.py
[2026-03-04T22:05:30.077+0000] {logging_mixin.py:188} INFO - [2026-03-04T22:05:30.077+0000] {dag.py:3033} INFO - Sync 1 DAGs
[2026-03-04T22:05:30.091+0000] {logging_mixin.py:188} INFO - [2026-03-04T22:05:30.091+0000] {dag.py:3820} INFO - Setting next_dagrun for example_branch_dop_operator_v3 to 2026-03-04T22:04:00+00:00, run_after=2026-03-04T22:05:00+00:00
[2026-03-04T22:05:30.102+0000] {processor.py:183} INFO - Processing /Users/HP/storypoints-week1/venv/lib/python3.11/site-packages/airflow/example_dags/example_branch_python_dop_operator_3.py took 0.114 seconds
[2026-03-04T22:18:36.432+0000] {processor.py:161} INFO - Started process (PID=89581) to work on /Users/HP/storypoints-week1/venv/lib/python3.11/site-packages/airflow/example_dags/example_branch_python_dop_operator_3.py
[2026-03-04T22:18:36.435+0000] {processor.py:830} INFO - Processing file /Users/HP/storypoints-week1/venv/lib/python3.11/site-packages/airflow/example_dags/example_branch_python_dop_operator_3.py for tasks to queue
[2026-03-04T22:18:36.436+0000] {logging_mixin.py:188} INFO - [2026-03-04T22:18:36.436+0000] {dagbag.py:538} INFO - Filling up the DagBag from /Users/HP/storypoints-week1/venv/lib/python3.11/site-packages/airflow/example_dags/example_branch_python_dop_operator_3.py
[2026-03-04T22:18:36.462+0000] {processor.py:840} INFO - DAG(s) 'example_branch_dop_operator_v3' retrieved from /Users/HP/storypoints-week1/venv/lib/python3.11/site-packages/airflow/example_dags/example_branch_python_dop_operator_3.py
[2026-03-04T22:18:36.520+0000] {logging_mixin.py:188} INFO - [2026-03-04T22:18:36.520+0000] {dag.py:3033} INFO - Sync 1 DAGs
[2026-03-04T22:18:36.534+0000] {logging_mixin.py:188} INFO - [2026-03-04T22:18:36.534+0000] {dag.py:3820} INFO - Setting next_dagrun for example_branch_dop_operator_v3 to 2026-03-04T22:17:00+00:00, run_after=2026-03-04T22:18:00+00:00
[2026-03-04T22:18:36.545+0000] {processor.py:183} INFO - Processing /Users/HP/storypoints-week1/venv/lib/python3.11/site-packages/airflow/example_dags/example_branch_python_dop_operator_3.py took 0.114 seconds
[2026-03-04T23:06:36.851+0000] {processor.py:161} INFO - Started process (PID=91047) to work on /Users/HP/storypoints-week1/venv/lib/python3.11/site-packages/airflow/example_dags/example_branch_python_dop_operator_3.py
[2026-03-04T23:06:36.854+0000] {processor.py:830} INFO - Processing file /Users/HP/storypoints-week1/venv/lib/python3.11/site-packages/airflow/example_dags/example_branch_python_dop_operator_3.py for tasks to queue
[2026-03-04T23:06:36.855+0000] {logging_mixin.py:188} INFO - [2026-03-04T23:06:36.855+0000] {dagbag.py:538} INFO - Filling up the DagBag from /Users/HP/storypoints-week1/venv/lib/python3.11/site-packages/airflow/example_dags/example_branch_python_dop_operator_3.py
[2026-03-04T23:06:36.881+0000] {processor.py:840} INFO - DAG(s) 'example_branch_dop_operator_v3' retrieved from /Users/HP/storypoints-week1/venv/lib/python3.11/site-packages/airflow/example_dags/example_branch_python_dop_operator_3.py
[2026-03-04T23:06:36.939+0000] {logging_mixin.py:188} INFO - [2026-03-04T23:06:36.938+0000] {dag.py:3033} INFO - Sync 1 DAGs
[2026-03-04T23:06:36.952+0000] {logging_mixin.py:188} INFO - [2026-03-04T23:06:36.952+0000] {dag.py:3820} INFO - Setting next_dagrun for example_branch_dop_operator_v3 to 2026-03-04T23:05:00+00:00, run_after=2026-03-04T23:06:00+00:00
[2026-03-04T23:06:36.963+0000] {processor.py:183} INFO - Processing /Users/HP/storypoints-week1/venv/lib/python3.11/site-packages/airflow/example_dags/example_branch_python_dop_operator_3.py took 0.113 seconds
[2026-03-04T23:20:20.044+0000] {processor.py:161} INFO - Started process (PID=92451) to work on /Users/HP/storypoints-week1/venv/lib/python3.11/site-packages/airflow/example_dags/example_branch_python_dop_operator_3.py
[2026-03-04T23:20:20.047+0000] {processor.py:830} INFO - Processing file /Users/HP/storypoints-week1/venv/lib/python3.11/site-packages/airflow/example_dags/example_branch_python_dop_operator_3.py for tasks to queue
[2026-03-04T23:20:20.050+0000] {logging_mixin.py:188} INFO - [2026-03-04T23:20:20.050+0000] {dagbag.py:538} INFO - Filling up the DagBag from /Users/HP/storypoints-week1/venv/lib/python3.11/site-packages/airflow/example_dags/example_branch_python_dop_operator_3.py
[2026-03-04T23:20:20.089+0000] {processor.py:840} INFO - DAG(s) 'example_branch_dop_operator_v3' retrieved from /Users/HP/storypoints-week1/venv/lib/python3.11/site-packages/airflow/example_dags/example_branch_python_dop_operator_3.py
[2026-03-04T23:20:20.156+0000] {logging_mixin.py:188} INFO - [2026-03-04T23:20:20.156+0000] {dag.py:3033} INFO - Sync 1 DAGs
[2026-03-04T23:20:20.170+0000] {logging_mixin.py:188} INFO - [2026-03-04T23:20:20.170+0000] {dag.py:3820} INFO - Setting next_dagrun for example_branch_dop_operator_v3 to 2026-03-04T23:19:00+00:00, run_after=2026-03-04T23:20:00+00:00
[2026-03-04T23:20:20.182+0000] {processor.py:183} INFO - Processing /Users/HP/storypoints-week1/venv/lib/python3.11/site-packages/airflow/example_dags/example_branch_python_dop_operator_3.py took 0.140 seconds
