[2026-03-04T19:02:42.431+0000] {processor.py:161} INFO - Started process (PID=55046) to work on /Users/HP/storypoints-week1/venv/lib/python3.11/site-packages/airflow/example_dags/example_datasets.py
[2026-03-04T19:02:42.434+0000] {processor.py:830} INFO - Processing file /Users/HP/storypoints-week1/venv/lib/python3.11/site-packages/airflow/example_dags/example_datasets.py for tasks to queue
[2026-03-04T19:02:42.435+0000] {logging_mixin.py:188} INFO - [2026-03-04T19:02:42.435+0000] {dagbag.py:538} INFO - Filling up the DagBag from /Users/HP/storypoints-week1/venv/lib/python3.11/site-packages/airflow/example_dags/example_datasets.py
[2026-03-04T19:02:42.444+0000] {processor.py:840} INFO - DAG(s) 'dataset_consumes_unknown_never_scheduled', 'dataset_produces_1', 'dataset_consumes_1_and_2', 'dataset_produces_2', 'dataset_consumes_1', 'dataset_consumes_1_never_scheduled' retrieved from /Users/HP/storypoints-week1/venv/lib/python3.11/site-packages/airflow/example_dags/example_datasets.py
[2026-03-04T19:02:42.577+0000] {logging_mixin.py:188} INFO - [2026-03-04T19:02:42.576+0000] {override.py:1769} INFO - Created Permission View: can edit on DAG:dataset_consumes_unknown_never_scheduled
[2026-03-04T19:02:42.584+0000] {logging_mixin.py:188} INFO - [2026-03-04T19:02:42.584+0000] {override.py:1769} INFO - Created Permission View: can read on DAG:dataset_consumes_unknown_never_scheduled
[2026-03-04T19:02:42.587+0000] {logging_mixin.py:188} INFO - [2026-03-04T19:02:42.587+0000] {override.py:1769} INFO - Created Permission View: can delete on DAG:dataset_consumes_unknown_never_scheduled
[2026-03-04T19:02:42.594+0000] {logging_mixin.py:188} INFO - [2026-03-04T19:02:42.594+0000] {override.py:1769} INFO - Created Permission View: can edit on DAG:dataset_produces_1
[2026-03-04T19:02:42.598+0000] {logging_mixin.py:188} INFO - [2026-03-04T19:02:42.597+0000] {override.py:1769} INFO - Created Permission View: can read on DAG:dataset_produces_1
[2026-03-04T19:02:42.601+0000] {logging_mixin.py:188} INFO - [2026-03-04T19:02:42.601+0000] {override.py:1769} INFO - Created Permission View: can delete on DAG:dataset_produces_1
[2026-03-04T19:02:42.607+0000] {logging_mixin.py:188} INFO - [2026-03-04T19:02:42.607+0000] {override.py:1769} INFO - Created Permission View: can edit on DAG:dataset_consumes_1_and_2
[2026-03-04T19:02:42.610+0000] {logging_mixin.py:188} INFO - [2026-03-04T19:02:42.610+0000] {override.py:1769} INFO - Created Permission View: can read on DAG:dataset_consumes_1_and_2
[2026-03-04T19:02:42.614+0000] {logging_mixin.py:188} INFO - [2026-03-04T19:02:42.614+0000] {override.py:1769} INFO - Created Permission View: can delete on DAG:dataset_consumes_1_and_2
[2026-03-04T19:02:42.621+0000] {logging_mixin.py:188} INFO - [2026-03-04T19:02:42.621+0000] {override.py:1769} INFO - Created Permission View: can edit on DAG:dataset_produces_2
[2026-03-04T19:02:42.624+0000] {logging_mixin.py:188} INFO - [2026-03-04T19:02:42.623+0000] {override.py:1769} INFO - Created Permission View: can read on DAG:dataset_produces_2
[2026-03-04T19:02:42.626+0000] {logging_mixin.py:188} INFO - [2026-03-04T19:02:42.626+0000] {override.py:1769} INFO - Created Permission View: can delete on DAG:dataset_produces_2
[2026-03-04T19:02:42.634+0000] {logging_mixin.py:188} INFO - [2026-03-04T19:02:42.634+0000] {override.py:1769} INFO - Created Permission View: can edit on DAG:dataset_consumes_1
[2026-03-04T19:02:42.637+0000] {logging_mixin.py:188} INFO - [2026-03-04T19:02:42.637+0000] {override.py:1769} INFO - Created Permission View: can read on DAG:dataset_consumes_1
[2026-03-04T19:02:42.640+0000] {logging_mixin.py:188} INFO - [2026-03-04T19:02:42.640+0000] {override.py:1769} INFO - Created Permission View: can delete on DAG:dataset_consumes_1
[2026-03-04T19:02:42.648+0000] {logging_mixin.py:188} INFO - [2026-03-04T19:02:42.648+0000] {override.py:1769} INFO - Created Permission View: can edit on DAG:dataset_consumes_1_never_scheduled
[2026-03-04T19:02:42.651+0000] {logging_mixin.py:188} INFO - [2026-03-04T19:02:42.651+0000] {override.py:1769} INFO - Created Permission View: can read on DAG:dataset_consumes_1_never_scheduled
[2026-03-04T19:02:42.654+0000] {logging_mixin.py:188} INFO - [2026-03-04T19:02:42.654+0000] {override.py:1769} INFO - Created Permission View: can delete on DAG:dataset_consumes_1_never_scheduled
[2026-03-04T19:02:42.654+0000] {logging_mixin.py:188} INFO - [2026-03-04T19:02:42.654+0000] {dag.py:3033} INFO - Sync 6 DAGs
[2026-03-04T19:02:42.662+0000] {logging_mixin.py:188} INFO - [2026-03-04T19:02:42.662+0000] {dag.py:3055} INFO - Creating ORM DAG for dataset_consumes_1_and_2
[2026-03-04T19:02:42.662+0000] {logging_mixin.py:188} INFO - [2026-03-04T19:02:42.662+0000] {dag.py:3055} INFO - Creating ORM DAG for dataset_produces_2
[2026-03-04T19:02:42.663+0000] {logging_mixin.py:188} INFO - [2026-03-04T19:02:42.662+0000] {dag.py:3055} INFO - Creating ORM DAG for dataset_consumes_1_never_scheduled
[2026-03-04T19:02:42.663+0000] {logging_mixin.py:188} INFO - [2026-03-04T19:02:42.663+0000] {dag.py:3055} INFO - Creating ORM DAG for dataset_consumes_unknown_never_scheduled
[2026-03-04T19:02:42.663+0000] {logging_mixin.py:188} INFO - [2026-03-04T19:02:42.663+0000] {dag.py:3055} INFO - Creating ORM DAG for dataset_produces_1
[2026-03-04T19:02:42.663+0000] {logging_mixin.py:188} INFO - [2026-03-04T19:02:42.663+0000] {dag.py:3055} INFO - Creating ORM DAG for dataset_consumes_1
[2026-03-04T19:02:42.671+0000] {logging_mixin.py:188} INFO - [2026-03-04T19:02:42.671+0000] {dag.py:3820} INFO - Setting next_dagrun for dataset_consumes_1 to None, run_after=None
[2026-03-04T19:02:42.671+0000] {logging_mixin.py:188} INFO - [2026-03-04T19:02:42.671+0000] {dag.py:3820} INFO - Setting next_dagrun for dataset_consumes_1_and_2 to None, run_after=None
[2026-03-04T19:02:42.672+0000] {logging_mixin.py:188} INFO - [2026-03-04T19:02:42.672+0000] {dag.py:3820} INFO - Setting next_dagrun for dataset_consumes_1_never_scheduled to None, run_after=None
[2026-03-04T19:02:42.672+0000] {logging_mixin.py:188} INFO - [2026-03-04T19:02:42.672+0000] {dag.py:3820} INFO - Setting next_dagrun for dataset_consumes_unknown_never_scheduled to None, run_after=None
[2026-03-04T19:02:42.673+0000] {logging_mixin.py:188} INFO - [2026-03-04T19:02:42.673+0000] {dag.py:3820} INFO - Setting next_dagrun for dataset_produces_1 to 2026-03-03T00:00:00+00:00, run_after=2026-03-04T00:00:00+00:00
[2026-03-04T19:02:42.674+0000] {logging_mixin.py:188} INFO - [2026-03-04T19:02:42.674+0000] {dag.py:3820} INFO - Setting next_dagrun for dataset_produces_2 to None, run_after=None
[2026-03-04T19:02:42.704+0000] {processor.py:183} INFO - Processing /Users/HP/storypoints-week1/venv/lib/python3.11/site-packages/airflow/example_dags/example_datasets.py took 0.274 seconds
[2026-03-04T19:05:52.749+0000] {processor.py:161} INFO - Started process (PID=57258) to work on /Users/HP/storypoints-week1/venv/lib/python3.11/site-packages/airflow/example_dags/example_datasets.py
[2026-03-04T19:05:52.752+0000] {processor.py:830} INFO - Processing file /Users/HP/storypoints-week1/venv/lib/python3.11/site-packages/airflow/example_dags/example_datasets.py for tasks to queue
[2026-03-04T19:05:52.753+0000] {logging_mixin.py:188} INFO - [2026-03-04T19:05:52.753+0000] {dagbag.py:538} INFO - Filling up the DagBag from /Users/HP/storypoints-week1/venv/lib/python3.11/site-packages/airflow/example_dags/example_datasets.py
[2026-03-04T19:05:52.761+0000] {processor.py:840} INFO - DAG(s) 'dataset_consumes_1_never_scheduled', 'dataset_produces_1', 'dataset_consumes_1_and_2', 'dataset_consumes_unknown_never_scheduled', 'dataset_produces_2', 'dataset_consumes_1' retrieved from /Users/HP/storypoints-week1/venv/lib/python3.11/site-packages/airflow/example_dags/example_datasets.py
[2026-03-04T19:05:52.827+0000] {logging_mixin.py:188} INFO - [2026-03-04T19:05:52.827+0000] {dag.py:3033} INFO - Sync 6 DAGs
[2026-03-04T19:05:52.838+0000] {logging_mixin.py:188} INFO - [2026-03-04T19:05:52.838+0000] {dag.py:3820} INFO - Setting next_dagrun for dataset_consumes_1 to None, run_after=None
[2026-03-04T19:05:52.840+0000] {logging_mixin.py:188} INFO - [2026-03-04T19:05:52.840+0000] {dag.py:3820} INFO - Setting next_dagrun for dataset_consumes_1_and_2 to None, run_after=None
[2026-03-04T19:05:52.840+0000] {logging_mixin.py:188} INFO - [2026-03-04T19:05:52.840+0000] {dag.py:3820} INFO - Setting next_dagrun for dataset_consumes_1_never_scheduled to None, run_after=None
[2026-03-04T19:05:52.841+0000] {logging_mixin.py:188} INFO - [2026-03-04T19:05:52.841+0000] {dag.py:3820} INFO - Setting next_dagrun for dataset_consumes_unknown_never_scheduled to None, run_after=None
[2026-03-04T19:05:52.842+0000] {logging_mixin.py:188} INFO - [2026-03-04T19:05:52.842+0000] {dag.py:3820} INFO - Setting next_dagrun for dataset_produces_1 to 2026-03-03T00:00:00+00:00, run_after=2026-03-04T00:00:00+00:00
[2026-03-04T19:05:52.842+0000] {logging_mixin.py:188} INFO - [2026-03-04T19:05:52.842+0000] {dag.py:3820} INFO - Setting next_dagrun for dataset_produces_2 to None, run_after=None
[2026-03-04T19:05:52.857+0000] {processor.py:183} INFO - Processing /Users/HP/storypoints-week1/venv/lib/python3.11/site-packages/airflow/example_dags/example_datasets.py took 0.110 seconds
[2026-03-04T19:08:25.089+0000] {processor.py:161} INFO - Started process (PID=58721) to work on /Users/HP/storypoints-week1/venv/lib/python3.11/site-packages/airflow/example_dags/example_datasets.py
[2026-03-04T19:08:25.091+0000] {processor.py:830} INFO - Processing file /Users/HP/storypoints-week1/venv/lib/python3.11/site-packages/airflow/example_dags/example_datasets.py for tasks to queue
[2026-03-04T19:08:25.093+0000] {logging_mixin.py:188} INFO - [2026-03-04T19:08:25.093+0000] {dagbag.py:538} INFO - Filling up the DagBag from /Users/HP/storypoints-week1/venv/lib/python3.11/site-packages/airflow/example_dags/example_datasets.py
[2026-03-04T19:08:25.100+0000] {processor.py:840} INFO - DAG(s) 'dataset_consumes_1_and_2', 'dataset_produces_2', 'dataset_consumes_unknown_never_scheduled', 'dataset_consumes_1', 'dataset_consumes_1_never_scheduled', 'dataset_produces_1' retrieved from /Users/HP/storypoints-week1/venv/lib/python3.11/site-packages/airflow/example_dags/example_datasets.py
[2026-03-04T19:08:25.166+0000] {logging_mixin.py:188} INFO - [2026-03-04T19:08:25.166+0000] {dag.py:3033} INFO - Sync 6 DAGs
[2026-03-04T19:08:25.177+0000] {logging_mixin.py:188} INFO - [2026-03-04T19:08:25.177+0000] {dag.py:3820} INFO - Setting next_dagrun for dataset_consumes_1 to None, run_after=None
[2026-03-04T19:08:25.179+0000] {logging_mixin.py:188} INFO - [2026-03-04T19:08:25.179+0000] {dag.py:3820} INFO - Setting next_dagrun for dataset_consumes_1_and_2 to None, run_after=None
[2026-03-04T19:08:25.179+0000] {logging_mixin.py:188} INFO - [2026-03-04T19:08:25.179+0000] {dag.py:3820} INFO - Setting next_dagrun for dataset_consumes_1_never_scheduled to None, run_after=None
[2026-03-04T19:08:25.180+0000] {logging_mixin.py:188} INFO - [2026-03-04T19:08:25.180+0000] {dag.py:3820} INFO - Setting next_dagrun for dataset_consumes_unknown_never_scheduled to None, run_after=None
[2026-03-04T19:08:25.181+0000] {logging_mixin.py:188} INFO - [2026-03-04T19:08:25.181+0000] {dag.py:3820} INFO - Setting next_dagrun for dataset_produces_1 to 2026-03-03T00:00:00+00:00, run_after=2026-03-04T00:00:00+00:00
[2026-03-04T19:08:25.182+0000] {logging_mixin.py:188} INFO - [2026-03-04T19:08:25.182+0000] {dag.py:3820} INFO - Setting next_dagrun for dataset_produces_2 to None, run_after=None
[2026-03-04T19:08:25.198+0000] {processor.py:183} INFO - Processing /Users/HP/storypoints-week1/venv/lib/python3.11/site-packages/airflow/example_dags/example_datasets.py took 0.110 seconds
[2026-03-04T19:11:10.716+0000] {processor.py:161} INFO - Started process (PID=60300) to work on /Users/HP/storypoints-week1/venv/lib/python3.11/site-packages/airflow/example_dags/example_datasets.py
[2026-03-04T19:11:10.720+0000] {processor.py:830} INFO - Processing file /Users/HP/storypoints-week1/venv/lib/python3.11/site-packages/airflow/example_dags/example_datasets.py for tasks to queue
[2026-03-04T19:11:10.721+0000] {logging_mixin.py:188} INFO - [2026-03-04T19:11:10.721+0000] {dagbag.py:538} INFO - Filling up the DagBag from /Users/HP/storypoints-week1/venv/lib/python3.11/site-packages/airflow/example_dags/example_datasets.py
[2026-03-04T19:11:10.728+0000] {processor.py:840} INFO - DAG(s) 'dataset_consumes_1_and_2', 'dataset_produces_1', 'dataset_consumes_unknown_never_scheduled', 'dataset_produces_2', 'dataset_consumes_1', 'dataset_consumes_1_never_scheduled' retrieved from /Users/HP/storypoints-week1/venv/lib/python3.11/site-packages/airflow/example_dags/example_datasets.py
[2026-03-04T19:11:10.796+0000] {logging_mixin.py:188} INFO - [2026-03-04T19:11:10.796+0000] {dag.py:3033} INFO - Sync 6 DAGs
[2026-03-04T19:11:10.808+0000] {logging_mixin.py:188} INFO - [2026-03-04T19:11:10.808+0000] {dag.py:3820} INFO - Setting next_dagrun for dataset_consumes_1 to None, run_after=None
[2026-03-04T19:11:10.810+0000] {logging_mixin.py:188} INFO - [2026-03-04T19:11:10.810+0000] {dag.py:3820} INFO - Setting next_dagrun for dataset_consumes_1_and_2 to None, run_after=None
[2026-03-04T19:11:10.810+0000] {logging_mixin.py:188} INFO - [2026-03-04T19:11:10.810+0000] {dag.py:3820} INFO - Setting next_dagrun for dataset_consumes_1_never_scheduled to None, run_after=None
[2026-03-04T19:11:10.811+0000] {logging_mixin.py:188} INFO - [2026-03-04T19:11:10.811+0000] {dag.py:3820} INFO - Setting next_dagrun for dataset_consumes_unknown_never_scheduled to None, run_after=None
[2026-03-04T19:11:10.812+0000] {logging_mixin.py:188} INFO - [2026-03-04T19:11:10.812+0000] {dag.py:3820} INFO - Setting next_dagrun for dataset_produces_1 to 2026-03-03T00:00:00+00:00, run_after=2026-03-04T00:00:00+00:00
[2026-03-04T19:11:10.813+0000] {logging_mixin.py:188} INFO - [2026-03-04T19:11:10.813+0000] {dag.py:3820} INFO - Setting next_dagrun for dataset_produces_2 to None, run_after=None
[2026-03-04T19:11:10.828+0000] {processor.py:183} INFO - Processing /Users/HP/storypoints-week1/venv/lib/python3.11/site-packages/airflow/example_dags/example_datasets.py took 0.113 seconds
[2026-03-04T19:34:37.700+0000] {processor.py:161} INFO - Started process (PID=74975) to work on /Users/HP/storypoints-week1/venv/lib/python3.11/site-packages/airflow/example_dags/example_datasets.py
[2026-03-04T19:34:37.703+0000] {processor.py:830} INFO - Processing file /Users/HP/storypoints-week1/venv/lib/python3.11/site-packages/airflow/example_dags/example_datasets.py for tasks to queue
[2026-03-04T19:34:37.705+0000] {logging_mixin.py:188} INFO - [2026-03-04T19:34:37.705+0000] {dagbag.py:538} INFO - Filling up the DagBag from /Users/HP/storypoints-week1/venv/lib/python3.11/site-packages/airflow/example_dags/example_datasets.py
[2026-03-04T19:34:37.712+0000] {processor.py:840} INFO - DAG(s) 'dataset_consumes_1', 'dataset_produces_2', 'dataset_consumes_unknown_never_scheduled', 'dataset_consumes_1_and_2', 'dataset_produces_1', 'dataset_consumes_1_never_scheduled' retrieved from /Users/HP/storypoints-week1/venv/lib/python3.11/site-packages/airflow/example_dags/example_datasets.py
[2026-03-04T19:34:37.786+0000] {logging_mixin.py:188} INFO - [2026-03-04T19:34:37.785+0000] {dag.py:3033} INFO - Sync 6 DAGs
[2026-03-04T19:34:37.799+0000] {logging_mixin.py:188} INFO - [2026-03-04T19:34:37.799+0000] {dag.py:3820} INFO - Setting next_dagrun for dataset_consumes_1 to None, run_after=None
[2026-03-04T19:34:37.801+0000] {logging_mixin.py:188} INFO - [2026-03-04T19:34:37.801+0000] {dag.py:3820} INFO - Setting next_dagrun for dataset_consumes_1_and_2 to None, run_after=None
[2026-03-04T19:34:37.802+0000] {logging_mixin.py:188} INFO - [2026-03-04T19:34:37.801+0000] {dag.py:3820} INFO - Setting next_dagrun for dataset_consumes_1_never_scheduled to None, run_after=None
[2026-03-04T19:34:37.802+0000] {logging_mixin.py:188} INFO - [2026-03-04T19:34:37.802+0000] {dag.py:3820} INFO - Setting next_dagrun for dataset_consumes_unknown_never_scheduled to None, run_after=None
[2026-03-04T19:34:37.803+0000] {logging_mixin.py:188} INFO - [2026-03-04T19:34:37.803+0000] {dag.py:3820} INFO - Setting next_dagrun for dataset_produces_1 to 2026-03-03T00:00:00+00:00, run_after=2026-03-04T00:00:00+00:00
[2026-03-04T19:34:37.804+0000] {logging_mixin.py:188} INFO - [2026-03-04T19:34:37.804+0000] {dag.py:3820} INFO - Setting next_dagrun for dataset_produces_2 to None, run_after=None
[2026-03-04T19:34:37.821+0000] {processor.py:183} INFO - Processing /Users/HP/storypoints-week1/venv/lib/python3.11/site-packages/airflow/example_dags/example_datasets.py took 0.122 seconds
[2026-03-04T19:37:05.758+0000] {processor.py:161} INFO - Started process (PID=76651) to work on /Users/HP/storypoints-week1/venv/lib/python3.11/site-packages/airflow/example_dags/example_datasets.py
[2026-03-04T19:37:05.761+0000] {processor.py:830} INFO - Processing file /Users/HP/storypoints-week1/venv/lib/python3.11/site-packages/airflow/example_dags/example_datasets.py for tasks to queue
[2026-03-04T19:37:05.762+0000] {logging_mixin.py:188} INFO - [2026-03-04T19:37:05.762+0000] {dagbag.py:538} INFO - Filling up the DagBag from /Users/HP/storypoints-week1/venv/lib/python3.11/site-packages/airflow/example_dags/example_datasets.py
[2026-03-04T19:37:05.770+0000] {processor.py:840} INFO - DAG(s) 'dataset_consumes_unknown_never_scheduled', 'dataset_consumes_1', 'dataset_produces_1', 'dataset_produces_2', 'dataset_consumes_1_and_2', 'dataset_consumes_1_never_scheduled' retrieved from /Users/HP/storypoints-week1/venv/lib/python3.11/site-packages/airflow/example_dags/example_datasets.py
[2026-03-04T19:37:05.840+0000] {logging_mixin.py:188} INFO - [2026-03-04T19:37:05.840+0000] {dag.py:3033} INFO - Sync 6 DAGs
[2026-03-04T19:37:05.851+0000] {logging_mixin.py:188} INFO - [2026-03-04T19:37:05.851+0000] {dag.py:3820} INFO - Setting next_dagrun for dataset_consumes_1 to None, run_after=None
[2026-03-04T19:37:05.853+0000] {logging_mixin.py:188} INFO - [2026-03-04T19:37:05.853+0000] {dag.py:3820} INFO - Setting next_dagrun for dataset_consumes_1_and_2 to None, run_after=None
[2026-03-04T19:37:05.853+0000] {logging_mixin.py:188} INFO - [2026-03-04T19:37:05.853+0000] {dag.py:3820} INFO - Setting next_dagrun for dataset_consumes_1_never_scheduled to None, run_after=None
[2026-03-04T19:37:05.854+0000] {logging_mixin.py:188} INFO - [2026-03-04T19:37:05.854+0000] {dag.py:3820} INFO - Setting next_dagrun for dataset_consumes_unknown_never_scheduled to None, run_after=None
[2026-03-04T19:37:05.855+0000] {logging_mixin.py:188} INFO - [2026-03-04T19:37:05.855+0000] {dag.py:3820} INFO - Setting next_dagrun for dataset_produces_1 to 2026-03-03T00:00:00+00:00, run_after=2026-03-04T00:00:00+00:00
[2026-03-04T19:37:05.856+0000] {logging_mixin.py:188} INFO - [2026-03-04T19:37:05.856+0000] {dag.py:3820} INFO - Setting next_dagrun for dataset_produces_2 to None, run_after=None
[2026-03-04T19:37:05.871+0000] {processor.py:183} INFO - Processing /Users/HP/storypoints-week1/venv/lib/python3.11/site-packages/airflow/example_dags/example_datasets.py took 0.114 seconds
[2026-03-04T19:39:40.185+0000] {processor.py:161} INFO - Started process (PID=78130) to work on /Users/HP/storypoints-week1/venv/lib/python3.11/site-packages/airflow/example_dags/example_datasets.py
[2026-03-04T19:39:40.188+0000] {processor.py:830} INFO - Processing file /Users/HP/storypoints-week1/venv/lib/python3.11/site-packages/airflow/example_dags/example_datasets.py for tasks to queue
[2026-03-04T19:39:40.189+0000] {logging_mixin.py:188} INFO - [2026-03-04T19:39:40.189+0000] {dagbag.py:538} INFO - Filling up the DagBag from /Users/HP/storypoints-week1/venv/lib/python3.11/site-packages/airflow/example_dags/example_datasets.py
[2026-03-04T19:39:40.196+0000] {processor.py:840} INFO - DAG(s) 'dataset_produces_1', 'dataset_produces_2', 'dataset_consumes_1_never_scheduled', 'dataset_consumes_1', 'dataset_consumes_unknown_never_scheduled', 'dataset_consumes_1_and_2' retrieved from /Users/HP/storypoints-week1/venv/lib/python3.11/site-packages/airflow/example_dags/example_datasets.py
[2026-03-04T19:39:40.265+0000] {logging_mixin.py:188} INFO - [2026-03-04T19:39:40.265+0000] {dag.py:3033} INFO - Sync 6 DAGs
[2026-03-04T19:39:40.276+0000] {logging_mixin.py:188} INFO - [2026-03-04T19:39:40.276+0000] {dag.py:3820} INFO - Setting next_dagrun for dataset_consumes_1 to None, run_after=None
[2026-03-04T19:39:40.278+0000] {logging_mixin.py:188} INFO - [2026-03-04T19:39:40.278+0000] {dag.py:3820} INFO - Setting next_dagrun for dataset_consumes_1_and_2 to None, run_after=None
[2026-03-04T19:39:40.278+0000] {logging_mixin.py:188} INFO - [2026-03-04T19:39:40.278+0000] {dag.py:3820} INFO - Setting next_dagrun for dataset_consumes_1_never_scheduled to None, run_after=None
[2026-03-04T19:39:40.279+0000] {logging_mixin.py:188} INFO - [2026-03-04T19:39:40.279+0000] {dag.py:3820} INFO - Setting next_dagrun for dataset_consumes_unknown_never_scheduled to None, run_after=None
[2026-03-04T19:39:40.280+0000] {logging_mixin.py:188} INFO - [2026-03-04T19:39:40.280+0000] {dag.py:3820} INFO - Setting next_dagrun for dataset_produces_1 to 2026-03-03T00:00:00+00:00, run_after=2026-03-04T00:00:00+00:00
[2026-03-04T19:39:40.281+0000] {logging_mixin.py:188} INFO - [2026-03-04T19:39:40.281+0000] {dag.py:3820} INFO - Setting next_dagrun for dataset_produces_2 to None, run_after=None
[2026-03-04T19:39:40.296+0000] {processor.py:183} INFO - Processing /Users/HP/storypoints-week1/venv/lib/python3.11/site-packages/airflow/example_dags/example_datasets.py took 0.111 seconds
[2026-03-04T19:42:06.942+0000] {processor.py:161} INFO - Started process (PID=79509) to work on /Users/HP/storypoints-week1/venv/lib/python3.11/site-packages/airflow/example_dags/example_datasets.py
[2026-03-04T19:42:06.944+0000] {processor.py:830} INFO - Processing file /Users/HP/storypoints-week1/venv/lib/python3.11/site-packages/airflow/example_dags/example_datasets.py for tasks to queue
[2026-03-04T19:42:06.945+0000] {logging_mixin.py:188} INFO - [2026-03-04T19:42:06.945+0000] {dagbag.py:538} INFO - Filling up the DagBag from /Users/HP/storypoints-week1/venv/lib/python3.11/site-packages/airflow/example_dags/example_datasets.py
[2026-03-04T19:42:06.951+0000] {processor.py:840} INFO - DAG(s) 'dataset_produces_2', 'dataset_consumes_1_never_scheduled', 'dataset_consumes_1_and_2', 'dataset_consumes_unknown_never_scheduled', 'dataset_produces_1', 'dataset_consumes_1' retrieved from /Users/HP/storypoints-week1/venv/lib/python3.11/site-packages/airflow/example_dags/example_datasets.py
[2026-03-04T19:42:07.013+0000] {logging_mixin.py:188} INFO - [2026-03-04T19:42:07.013+0000] {dag.py:3033} INFO - Sync 6 DAGs
[2026-03-04T19:42:07.026+0000] {logging_mixin.py:188} INFO - [2026-03-04T19:42:07.026+0000] {dag.py:3820} INFO - Setting next_dagrun for dataset_consumes_1 to None, run_after=None
[2026-03-04T19:42:07.028+0000] {logging_mixin.py:188} INFO - [2026-03-04T19:42:07.028+0000] {dag.py:3820} INFO - Setting next_dagrun for dataset_consumes_1_and_2 to None, run_after=None
[2026-03-04T19:42:07.029+0000] {logging_mixin.py:188} INFO - [2026-03-04T19:42:07.029+0000] {dag.py:3820} INFO - Setting next_dagrun for dataset_consumes_1_never_scheduled to None, run_after=None
[2026-03-04T19:42:07.029+0000] {logging_mixin.py:188} INFO - [2026-03-04T19:42:07.029+0000] {dag.py:3820} INFO - Setting next_dagrun for dataset_consumes_unknown_never_scheduled to None, run_after=None
[2026-03-04T19:42:07.031+0000] {logging_mixin.py:188} INFO - [2026-03-04T19:42:07.030+0000] {dag.py:3820} INFO - Setting next_dagrun for dataset_produces_1 to 2026-03-03T00:00:00+00:00, run_after=2026-03-04T00:00:00+00:00
[2026-03-04T19:42:07.031+0000] {logging_mixin.py:188} INFO - [2026-03-04T19:42:07.031+0000] {dag.py:3820} INFO - Setting next_dagrun for dataset_produces_2 to None, run_after=None
[2026-03-04T19:42:07.047+0000] {processor.py:183} INFO - Processing /Users/HP/storypoints-week1/venv/lib/python3.11/site-packages/airflow/example_dags/example_datasets.py took 0.105 seconds
[2026-03-04T19:44:34.497+0000] {processor.py:161} INFO - Started process (PID=80896) to work on /Users/HP/storypoints-week1/venv/lib/python3.11/site-packages/airflow/example_dags/example_datasets.py
[2026-03-04T19:44:34.499+0000] {processor.py:830} INFO - Processing file /Users/HP/storypoints-week1/venv/lib/python3.11/site-packages/airflow/example_dags/example_datasets.py for tasks to queue
[2026-03-04T19:44:34.501+0000] {logging_mixin.py:188} INFO - [2026-03-04T19:44:34.501+0000] {dagbag.py:538} INFO - Filling up the DagBag from /Users/HP/storypoints-week1/venv/lib/python3.11/site-packages/airflow/example_dags/example_datasets.py
[2026-03-04T19:44:34.508+0000] {processor.py:840} INFO - DAG(s) 'dataset_produces_2', 'dataset_consumes_1_and_2', 'dataset_consumes_unknown_never_scheduled', 'dataset_produces_1', 'dataset_consumes_1_never_scheduled', 'dataset_consumes_1' retrieved from /Users/HP/storypoints-week1/venv/lib/python3.11/site-packages/airflow/example_dags/example_datasets.py
[2026-03-04T19:44:34.577+0000] {logging_mixin.py:188} INFO - [2026-03-04T19:44:34.576+0000] {dag.py:3033} INFO - Sync 6 DAGs
[2026-03-04T19:44:34.588+0000] {logging_mixin.py:188} INFO - [2026-03-04T19:44:34.588+0000] {dag.py:3820} INFO - Setting next_dagrun for dataset_consumes_1 to None, run_after=None
[2026-03-04T19:44:34.590+0000] {logging_mixin.py:188} INFO - [2026-03-04T19:44:34.590+0000] {dag.py:3820} INFO - Setting next_dagrun for dataset_consumes_1_and_2 to None, run_after=None
[2026-03-04T19:44:34.591+0000] {logging_mixin.py:188} INFO - [2026-03-04T19:44:34.591+0000] {dag.py:3820} INFO - Setting next_dagrun for dataset_consumes_1_never_scheduled to None, run_after=None
[2026-03-04T19:44:34.592+0000] {logging_mixin.py:188} INFO - [2026-03-04T19:44:34.592+0000] {dag.py:3820} INFO - Setting next_dagrun for dataset_consumes_unknown_never_scheduled to None, run_after=None
[2026-03-04T19:44:34.593+0000] {logging_mixin.py:188} INFO - [2026-03-04T19:44:34.593+0000] {dag.py:3820} INFO - Setting next_dagrun for dataset_produces_1 to 2026-03-03T00:00:00+00:00, run_after=2026-03-04T00:00:00+00:00
[2026-03-04T19:44:34.593+0000] {logging_mixin.py:188} INFO - [2026-03-04T19:44:34.593+0000] {dag.py:3820} INFO - Setting next_dagrun for dataset_produces_2 to None, run_after=None
[2026-03-04T19:44:34.609+0000] {processor.py:183} INFO - Processing /Users/HP/storypoints-week1/venv/lib/python3.11/site-packages/airflow/example_dags/example_datasets.py took 0.113 seconds
[2026-03-04T19:47:02.953+0000] {processor.py:161} INFO - Started process (PID=82308) to work on /Users/HP/storypoints-week1/venv/lib/python3.11/site-packages/airflow/example_dags/example_datasets.py
[2026-03-04T19:47:02.956+0000] {processor.py:830} INFO - Processing file /Users/HP/storypoints-week1/venv/lib/python3.11/site-packages/airflow/example_dags/example_datasets.py for tasks to queue
[2026-03-04T19:47:02.957+0000] {logging_mixin.py:188} INFO - [2026-03-04T19:47:02.957+0000] {dagbag.py:538} INFO - Filling up the DagBag from /Users/HP/storypoints-week1/venv/lib/python3.11/site-packages/airflow/example_dags/example_datasets.py
[2026-03-04T19:47:02.965+0000] {processor.py:840} INFO - DAG(s) 'dataset_consumes_1', 'dataset_consumes_1_and_2', 'dataset_produces_2', 'dataset_consumes_unknown_never_scheduled', 'dataset_produces_1', 'dataset_consumes_1_never_scheduled' retrieved from /Users/HP/storypoints-week1/venv/lib/python3.11/site-packages/airflow/example_dags/example_datasets.py
[2026-03-04T19:47:03.032+0000] {logging_mixin.py:188} INFO - [2026-03-04T19:47:03.032+0000] {dag.py:3033} INFO - Sync 6 DAGs
[2026-03-04T19:47:03.046+0000] {logging_mixin.py:188} INFO - [2026-03-04T19:47:03.046+0000] {dag.py:3820} INFO - Setting next_dagrun for dataset_consumes_1 to None, run_after=None
[2026-03-04T19:47:03.048+0000] {logging_mixin.py:188} INFO - [2026-03-04T19:47:03.048+0000] {dag.py:3820} INFO - Setting next_dagrun for dataset_consumes_1_and_2 to None, run_after=None
[2026-03-04T19:47:03.049+0000] {logging_mixin.py:188} INFO - [2026-03-04T19:47:03.049+0000] {dag.py:3820} INFO - Setting next_dagrun for dataset_consumes_1_never_scheduled to None, run_after=None
[2026-03-04T19:47:03.049+0000] {logging_mixin.py:188} INFO - [2026-03-04T19:47:03.049+0000] {dag.py:3820} INFO - Setting next_dagrun for dataset_consumes_unknown_never_scheduled to None, run_after=None
[2026-03-04T19:47:03.051+0000] {logging_mixin.py:188} INFO - [2026-03-04T19:47:03.051+0000] {dag.py:3820} INFO - Setting next_dagrun for dataset_produces_1 to 2026-03-03T00:00:00+00:00, run_after=2026-03-04T00:00:00+00:00
[2026-03-04T19:47:03.051+0000] {logging_mixin.py:188} INFO - [2026-03-04T19:47:03.051+0000] {dag.py:3820} INFO - Setting next_dagrun for dataset_produces_2 to None, run_after=None
[2026-03-04T19:47:03.067+0000] {processor.py:183} INFO - Processing /Users/HP/storypoints-week1/venv/lib/python3.11/site-packages/airflow/example_dags/example_datasets.py took 0.114 seconds
[2026-03-04T20:13:09.565+0000] {processor.py:161} INFO - Started process (PID=83871) to work on /Users/HP/storypoints-week1/venv/lib/python3.11/site-packages/airflow/example_dags/example_datasets.py
[2026-03-04T20:13:09.567+0000] {processor.py:830} INFO - Processing file /Users/HP/storypoints-week1/venv/lib/python3.11/site-packages/airflow/example_dags/example_datasets.py for tasks to queue
[2026-03-04T20:13:09.569+0000] {logging_mixin.py:188} INFO - [2026-03-04T20:13:09.569+0000] {dagbag.py:538} INFO - Filling up the DagBag from /Users/HP/storypoints-week1/venv/lib/python3.11/site-packages/airflow/example_dags/example_datasets.py
[2026-03-04T20:13:09.576+0000] {processor.py:840} INFO - DAG(s) 'dataset_produces_2', 'dataset_consumes_1_never_scheduled', 'dataset_produces_1', 'dataset_consumes_1', 'dataset_consumes_1_and_2', 'dataset_consumes_unknown_never_scheduled' retrieved from /Users/HP/storypoints-week1/venv/lib/python3.11/site-packages/airflow/example_dags/example_datasets.py
[2026-03-04T20:13:09.638+0000] {logging_mixin.py:188} INFO - [2026-03-04T20:13:09.638+0000] {dag.py:3033} INFO - Sync 6 DAGs
[2026-03-04T20:13:09.648+0000] {logging_mixin.py:188} INFO - [2026-03-04T20:13:09.648+0000] {dag.py:3820} INFO - Setting next_dagrun for dataset_consumes_1 to None, run_after=None
[2026-03-04T20:13:09.650+0000] {logging_mixin.py:188} INFO - [2026-03-04T20:13:09.650+0000] {dag.py:3820} INFO - Setting next_dagrun for dataset_consumes_1_and_2 to None, run_after=None
[2026-03-04T20:13:09.650+0000] {logging_mixin.py:188} INFO - [2026-03-04T20:13:09.650+0000] {dag.py:3820} INFO - Setting next_dagrun for dataset_consumes_1_never_scheduled to None, run_after=None
[2026-03-04T20:13:09.651+0000] {logging_mixin.py:188} INFO - [2026-03-04T20:13:09.651+0000] {dag.py:3820} INFO - Setting next_dagrun for dataset_consumes_unknown_never_scheduled to None, run_after=None
[2026-03-04T20:13:09.652+0000] {logging_mixin.py:188} INFO - [2026-03-04T20:13:09.652+0000] {dag.py:3820} INFO - Setting next_dagrun for dataset_produces_1 to 2026-03-03T00:00:00+00:00, run_after=2026-03-04T00:00:00+00:00
[2026-03-04T20:13:09.652+0000] {logging_mixin.py:188} INFO - [2026-03-04T20:13:09.652+0000] {dag.py:3820} INFO - Setting next_dagrun for dataset_produces_2 to None, run_after=None
[2026-03-04T20:13:09.667+0000] {processor.py:183} INFO - Processing /Users/HP/storypoints-week1/venv/lib/python3.11/site-packages/airflow/example_dags/example_datasets.py took 0.103 seconds
[2026-03-04T20:15:48.901+0000] {processor.py:161} INFO - Started process (PID=85347) to work on /Users/HP/storypoints-week1/venv/lib/python3.11/site-packages/airflow/example_dags/example_datasets.py
[2026-03-04T20:15:48.904+0000] {processor.py:830} INFO - Processing file /Users/HP/storypoints-week1/venv/lib/python3.11/site-packages/airflow/example_dags/example_datasets.py for tasks to queue
[2026-03-04T20:15:48.905+0000] {logging_mixin.py:188} INFO - [2026-03-04T20:15:48.905+0000] {dagbag.py:538} INFO - Filling up the DagBag from /Users/HP/storypoints-week1/venv/lib/python3.11/site-packages/airflow/example_dags/example_datasets.py
[2026-03-04T20:15:48.914+0000] {processor.py:840} INFO - DAG(s) 'dataset_consumes_unknown_never_scheduled', 'dataset_consumes_1_never_scheduled', 'dataset_consumes_1', 'dataset_produces_1', 'dataset_produces_2', 'dataset_consumes_1_and_2' retrieved from /Users/HP/storypoints-week1/venv/lib/python3.11/site-packages/airflow/example_dags/example_datasets.py
[2026-03-04T20:15:48.994+0000] {logging_mixin.py:188} INFO - [2026-03-04T20:15:48.993+0000] {dag.py:3033} INFO - Sync 6 DAGs
[2026-03-04T20:15:49.009+0000] {logging_mixin.py:188} INFO - [2026-03-04T20:15:49.008+0000] {dag.py:3820} INFO - Setting next_dagrun for dataset_consumes_1 to None, run_after=None
[2026-03-04T20:15:49.011+0000] {logging_mixin.py:188} INFO - [2026-03-04T20:15:49.011+0000] {dag.py:3820} INFO - Setting next_dagrun for dataset_consumes_1_and_2 to None, run_after=None
[2026-03-04T20:15:49.011+0000] {logging_mixin.py:188} INFO - [2026-03-04T20:15:49.011+0000] {dag.py:3820} INFO - Setting next_dagrun for dataset_consumes_1_never_scheduled to None, run_after=None
[2026-03-04T20:15:49.012+0000] {logging_mixin.py:188} INFO - [2026-03-04T20:15:49.012+0000] {dag.py:3820} INFO - Setting next_dagrun for dataset_consumes_unknown_never_scheduled to None, run_after=None
[2026-03-04T20:15:49.013+0000] {logging_mixin.py:188} INFO - [2026-03-04T20:15:49.013+0000] {dag.py:3820} INFO - Setting next_dagrun for dataset_produces_1 to 2026-03-03T00:00:00+00:00, run_after=2026-03-04T00:00:00+00:00
[2026-03-04T20:15:49.013+0000] {logging_mixin.py:188} INFO - [2026-03-04T20:15:49.013+0000] {dag.py:3820} INFO - Setting next_dagrun for dataset_produces_2 to None, run_after=None
[2026-03-04T20:15:49.032+0000] {processor.py:183} INFO - Processing /Users/HP/storypoints-week1/venv/lib/python3.11/site-packages/airflow/example_dags/example_datasets.py took 0.132 seconds
[2026-03-04T20:24:25.632+0000] {processor.py:161} INFO - Started process (PID=86369) to work on /Users/HP/storypoints-week1/venv/lib/python3.11/site-packages/airflow/example_dags/example_datasets.py
[2026-03-04T20:24:25.634+0000] {processor.py:830} INFO - Processing file /Users/HP/storypoints-week1/venv/lib/python3.11/site-packages/airflow/example_dags/example_datasets.py for tasks to queue
[2026-03-04T20:24:25.636+0000] {logging_mixin.py:188} INFO - [2026-03-04T20:24:25.636+0000] {dagbag.py:538} INFO - Filling up the DagBag from /Users/HP/storypoints-week1/venv/lib/python3.11/site-packages/airflow/example_dags/example_datasets.py
[2026-03-04T20:24:25.642+0000] {processor.py:840} INFO - DAG(s) 'dataset_consumes_1_never_scheduled', 'dataset_produces_2', 'dataset_consumes_1', 'dataset_consumes_unknown_never_scheduled', 'dataset_produces_1', 'dataset_consumes_1_and_2' retrieved from /Users/HP/storypoints-week1/venv/lib/python3.11/site-packages/airflow/example_dags/example_datasets.py
[2026-03-04T20:24:25.706+0000] {logging_mixin.py:188} INFO - [2026-03-04T20:24:25.706+0000] {dag.py:3033} INFO - Sync 6 DAGs
[2026-03-04T20:24:25.717+0000] {logging_mixin.py:188} INFO - [2026-03-04T20:24:25.717+0000] {dag.py:3820} INFO - Setting next_dagrun for dataset_consumes_1 to None, run_after=None
[2026-03-04T20:24:25.719+0000] {logging_mixin.py:188} INFO - [2026-03-04T20:24:25.719+0000] {dag.py:3820} INFO - Setting next_dagrun for dataset_consumes_1_and_2 to None, run_after=None
[2026-03-04T20:24:25.719+0000] {logging_mixin.py:188} INFO - [2026-03-04T20:24:25.719+0000] {dag.py:3820} INFO - Setting next_dagrun for dataset_consumes_1_never_scheduled to None, run_after=None
[2026-03-04T20:24:25.720+0000] {logging_mixin.py:188} INFO - [2026-03-04T20:24:25.720+0000] {dag.py:3820} INFO - Setting next_dagrun for dataset_consumes_unknown_never_scheduled to None, run_after=None
[2026-03-04T20:24:25.721+0000] {logging_mixin.py:188} INFO - [2026-03-04T20:24:25.721+0000] {dag.py:3820} INFO - Setting next_dagrun for dataset_produces_1 to 2026-03-03T00:00:00+00:00, run_after=2026-03-04T00:00:00+00:00
[2026-03-04T20:24:25.722+0000] {logging_mixin.py:188} INFO - [2026-03-04T20:24:25.722+0000] {dag.py:3820} INFO - Setting next_dagrun for dataset_produces_2 to None, run_after=None
[2026-03-04T20:24:25.736+0000] {processor.py:183} INFO - Processing /Users/HP/storypoints-week1/venv/lib/python3.11/site-packages/airflow/example_dags/example_datasets.py took 0.105 seconds
[2026-03-04T20:48:16.660+0000] {processor.py:161} INFO - Started process (PID=87902) to work on /Users/HP/storypoints-week1/venv/lib/python3.11/site-packages/airflow/example_dags/example_datasets.py
[2026-03-04T20:48:16.662+0000] {processor.py:830} INFO - Processing file /Users/HP/storypoints-week1/venv/lib/python3.11/site-packages/airflow/example_dags/example_datasets.py for tasks to queue
[2026-03-04T20:48:16.664+0000] {logging_mixin.py:188} INFO - [2026-03-04T20:48:16.664+0000] {dagbag.py:538} INFO - Filling up the DagBag from /Users/HP/storypoints-week1/venv/lib/python3.11/site-packages/airflow/example_dags/example_datasets.py
[2026-03-04T20:48:16.670+0000] {processor.py:840} INFO - DAG(s) 'dataset_consumes_1_never_scheduled', 'dataset_consumes_1', 'dataset_produces_1', 'dataset_consumes_unknown_never_scheduled', 'dataset_produces_2', 'dataset_consumes_1_and_2' retrieved from /Users/HP/storypoints-week1/venv/lib/python3.11/site-packages/airflow/example_dags/example_datasets.py
[2026-03-04T20:48:16.730+0000] {logging_mixin.py:188} INFO - [2026-03-04T20:48:16.730+0000] {dag.py:3033} INFO - Sync 6 DAGs
[2026-03-04T20:48:16.740+0000] {logging_mixin.py:188} INFO - [2026-03-04T20:48:16.740+0000] {dag.py:3820} INFO - Setting next_dagrun for dataset_consumes_1 to None, run_after=None
[2026-03-04T20:48:16.742+0000] {logging_mixin.py:188} INFO - [2026-03-04T20:48:16.742+0000] {dag.py:3820} INFO - Setting next_dagrun for dataset_consumes_1_and_2 to None, run_after=None
[2026-03-04T20:48:16.743+0000] {logging_mixin.py:188} INFO - [2026-03-04T20:48:16.743+0000] {dag.py:3820} INFO - Setting next_dagrun for dataset_consumes_1_never_scheduled to None, run_after=None
[2026-03-04T20:48:16.743+0000] {logging_mixin.py:188} INFO - [2026-03-04T20:48:16.743+0000] {dag.py:3820} INFO - Setting next_dagrun for dataset_consumes_unknown_never_scheduled to None, run_after=None
[2026-03-04T20:48:16.744+0000] {logging_mixin.py:188} INFO - [2026-03-04T20:48:16.744+0000] {dag.py:3820} INFO - Setting next_dagrun for dataset_produces_1 to 2026-03-03T00:00:00+00:00, run_after=2026-03-04T00:00:00+00:00
[2026-03-04T20:48:16.745+0000] {logging_mixin.py:188} INFO - [2026-03-04T20:48:16.745+0000] {dag.py:3820} INFO - Setting next_dagrun for dataset_produces_2 to None, run_after=None
[2026-03-04T20:48:16.758+0000] {processor.py:183} INFO - Processing /Users/HP/storypoints-week1/venv/lib/python3.11/site-packages/airflow/example_dags/example_datasets.py took 0.099 seconds
[2026-03-04T22:18:29.432+0000] {processor.py:161} INFO - Started process (PID=89516) to work on /Users/HP/storypoints-week1/venv/lib/python3.11/site-packages/airflow/example_dags/example_datasets.py
[2026-03-04T22:18:29.435+0000] {processor.py:830} INFO - Processing file /Users/HP/storypoints-week1/venv/lib/python3.11/site-packages/airflow/example_dags/example_datasets.py for tasks to queue
[2026-03-04T22:18:29.436+0000] {logging_mixin.py:188} INFO - [2026-03-04T22:18:29.436+0000] {dagbag.py:538} INFO - Filling up the DagBag from /Users/HP/storypoints-week1/venv/lib/python3.11/site-packages/airflow/example_dags/example_datasets.py
[2026-03-04T22:18:29.443+0000] {processor.py:840} INFO - DAG(s) 'dataset_produces_2', 'dataset_consumes_1', 'dataset_consumes_1_never_scheduled', 'dataset_consumes_unknown_never_scheduled', 'dataset_consumes_1_and_2', 'dataset_produces_1' retrieved from /Users/HP/storypoints-week1/venv/lib/python3.11/site-packages/airflow/example_dags/example_datasets.py
[2026-03-04T22:18:29.512+0000] {logging_mixin.py:188} INFO - [2026-03-04T22:18:29.512+0000] {dag.py:3033} INFO - Sync 6 DAGs
[2026-03-04T22:18:29.523+0000] {logging_mixin.py:188} INFO - [2026-03-04T22:18:29.523+0000] {dag.py:3820} INFO - Setting next_dagrun for dataset_consumes_1 to None, run_after=None
[2026-03-04T22:18:29.525+0000] {logging_mixin.py:188} INFO - [2026-03-04T22:18:29.525+0000] {dag.py:3820} INFO - Setting next_dagrun for dataset_consumes_1_and_2 to None, run_after=None
[2026-03-04T22:18:29.526+0000] {logging_mixin.py:188} INFO - [2026-03-04T22:18:29.526+0000] {dag.py:3820} INFO - Setting next_dagrun for dataset_consumes_1_never_scheduled to None, run_after=None
[2026-03-04T22:18:29.526+0000] {logging_mixin.py:188} INFO - [2026-03-04T22:18:29.526+0000] {dag.py:3820} INFO - Setting next_dagrun for dataset_consumes_unknown_never_scheduled to None, run_after=None
[2026-03-04T22:18:29.527+0000] {logging_mixin.py:188} INFO - [2026-03-04T22:18:29.527+0000] {dag.py:3820} INFO - Setting next_dagrun for dataset_produces_1 to 2026-03-03T00:00:00+00:00, run_after=2026-03-04T00:00:00+00:00
[2026-03-04T22:18:29.528+0000] {logging_mixin.py:188} INFO - [2026-03-04T22:18:29.528+0000] {dag.py:3820} INFO - Setting next_dagrun for dataset_produces_2 to None, run_after=None
[2026-03-04T22:18:29.543+0000] {processor.py:183} INFO - Processing /Users/HP/storypoints-week1/venv/lib/python3.11/site-packages/airflow/example_dags/example_datasets.py took 0.112 seconds
[2026-03-04T23:06:29.511+0000] {processor.py:161} INFO - Started process (PID=90976) to work on /Users/HP/storypoints-week1/venv/lib/python3.11/site-packages/airflow/example_dags/example_datasets.py
[2026-03-04T23:06:29.514+0000] {processor.py:830} INFO - Processing file /Users/HP/storypoints-week1/venv/lib/python3.11/site-packages/airflow/example_dags/example_datasets.py for tasks to queue
[2026-03-04T23:06:29.516+0000] {logging_mixin.py:188} INFO - [2026-03-04T23:06:29.515+0000] {dagbag.py:538} INFO - Filling up the DagBag from /Users/HP/storypoints-week1/venv/lib/python3.11/site-packages/airflow/example_dags/example_datasets.py
[2026-03-04T23:06:29.523+0000] {processor.py:840} INFO - DAG(s) 'dataset_consumes_1_and_2', 'dataset_consumes_1', 'dataset_consumes_unknown_never_scheduled', 'dataset_produces_1', 'dataset_consumes_1_never_scheduled', 'dataset_produces_2' retrieved from /Users/HP/storypoints-week1/venv/lib/python3.11/site-packages/airflow/example_dags/example_datasets.py
[2026-03-04T23:06:29.589+0000] {logging_mixin.py:188} INFO - [2026-03-04T23:06:29.589+0000] {dag.py:3033} INFO - Sync 6 DAGs
[2026-03-04T23:06:29.600+0000] {logging_mixin.py:188} INFO - [2026-03-04T23:06:29.600+0000] {dag.py:3820} INFO - Setting next_dagrun for dataset_consumes_1 to None, run_after=None
[2026-03-04T23:06:29.602+0000] {logging_mixin.py:188} INFO - [2026-03-04T23:06:29.602+0000] {dag.py:3820} INFO - Setting next_dagrun for dataset_consumes_1_and_2 to None, run_after=None
[2026-03-04T23:06:29.603+0000] {logging_mixin.py:188} INFO - [2026-03-04T23:06:29.602+0000] {dag.py:3820} INFO - Setting next_dagrun for dataset_consumes_1_never_scheduled to None, run_after=None
[2026-03-04T23:06:29.603+0000] {logging_mixin.py:188} INFO - [2026-03-04T23:06:29.603+0000] {dag.py:3820} INFO - Setting next_dagrun for dataset_consumes_unknown_never_scheduled to None, run_after=None
[2026-03-04T23:06:29.604+0000] {logging_mixin.py:188} INFO - [2026-03-04T23:06:29.604+0000] {dag.py:3820} INFO - Setting next_dagrun for dataset_produces_1 to 2026-03-03T00:00:00+00:00, run_after=2026-03-04T00:00:00+00:00
[2026-03-04T23:06:29.605+0000] {logging_mixin.py:188} INFO - [2026-03-04T23:06:29.605+0000] {dag.py:3820} INFO - Setting next_dagrun for dataset_produces_2 to None, run_after=None
[2026-03-04T23:06:29.618+0000] {processor.py:183} INFO - Processing /Users/HP/storypoints-week1/venv/lib/python3.11/site-packages/airflow/example_dags/example_datasets.py took 0.107 seconds
[2026-03-04T23:20:14.295+0000] {processor.py:161} INFO - Started process (PID=92395) to work on /Users/HP/storypoints-week1/venv/lib/python3.11/site-packages/airflow/example_dags/example_datasets.py
[2026-03-04T23:20:14.297+0000] {processor.py:830} INFO - Processing file /Users/HP/storypoints-week1/venv/lib/python3.11/site-packages/airflow/example_dags/example_datasets.py for tasks to queue
[2026-03-04T23:20:14.299+0000] {logging_mixin.py:188} INFO - [2026-03-04T23:20:14.299+0000] {dagbag.py:538} INFO - Filling up the DagBag from /Users/HP/storypoints-week1/venv/lib/python3.11/site-packages/airflow/example_dags/example_datasets.py
[2026-03-04T23:20:14.306+0000] {processor.py:840} INFO - DAG(s) 'dataset_consumes_1_and_2', 'dataset_produces_2', 'dataset_consumes_unknown_never_scheduled', 'dataset_consumes_1_never_scheduled', 'dataset_consumes_1', 'dataset_produces_1' retrieved from /Users/HP/storypoints-week1/venv/lib/python3.11/site-packages/airflow/example_dags/example_datasets.py
[2026-03-04T23:20:14.372+0000] {logging_mixin.py:188} INFO - [2026-03-04T23:20:14.372+0000] {dag.py:3033} INFO - Sync 6 DAGs
[2026-03-04T23:20:14.384+0000] {logging_mixin.py:188} INFO - [2026-03-04T23:20:14.384+0000] {dag.py:3820} INFO - Setting next_dagrun for dataset_consumes_1 to None, run_after=None
[2026-03-04T23:20:14.386+0000] {logging_mixin.py:188} INFO - [2026-03-04T23:20:14.386+0000] {dag.py:3820} INFO - Setting next_dagrun for dataset_consumes_1_and_2 to None, run_after=None
[2026-03-04T23:20:14.386+0000] {logging_mixin.py:188} INFO - [2026-03-04T23:20:14.386+0000] {dag.py:3820} INFO - Setting next_dagrun for dataset_consumes_1_never_scheduled to None, run_after=None
[2026-03-04T23:20:14.387+0000] {logging_mixin.py:188} INFO - [2026-03-04T23:20:14.387+0000] {dag.py:3820} INFO - Setting next_dagrun for dataset_consumes_unknown_never_scheduled to None, run_after=None
[2026-03-04T23:20:14.388+0000] {logging_mixin.py:188} INFO - [2026-03-04T23:20:14.388+0000] {dag.py:3820} INFO - Setting next_dagrun for dataset_produces_1 to 2026-03-03T00:00:00+00:00, run_after=2026-03-04T00:00:00+00:00
[2026-03-04T23:20:14.388+0000] {logging_mixin.py:188} INFO - [2026-03-04T23:20:14.388+0000] {dag.py:3820} INFO - Setting next_dagrun for dataset_produces_2 to None, run_after=None
[2026-03-04T23:20:14.404+0000] {processor.py:183} INFO - Processing /Users/HP/storypoints-week1/venv/lib/python3.11/site-packages/airflow/example_dags/example_datasets.py took 0.109 seconds
