[2026-03-04T19:02:57.982+0000] {processor.py:161} INFO - Started process (PID=55208) to work on /Users/HP/storypoints-week1/venv/lib/python3.11/site-packages/airflow/example_dags/example_branch_labels.py
[2026-03-04T19:02:57.984+0000] {processor.py:830} INFO - Processing file /Users/HP/storypoints-week1/venv/lib/python3.11/site-packages/airflow/example_dags/example_branch_labels.py for tasks to queue
[2026-03-04T19:02:57.986+0000] {logging_mixin.py:188} INFO - [2026-03-04T19:02:57.985+0000] {dagbag.py:538} INFO - Filling up the DagBag from /Users/HP/storypoints-week1/venv/lib/python3.11/site-packages/airflow/example_dags/example_branch_labels.py
[2026-03-04T19:02:57.992+0000] {processor.py:840} INFO - DAG(s) 'example_branch_labels' retrieved from /Users/HP/storypoints-week1/venv/lib/python3.11/site-packages/airflow/example_dags/example_branch_labels.py
[2026-03-04T19:02:58.109+0000] {logging_mixin.py:188} INFO - [2026-03-04T19:02:58.109+0000] {override.py:1769} INFO - Created Permission View: can delete on DAG:example_branch_labels
[2026-03-04T19:02:58.116+0000] {logging_mixin.py:188} INFO - [2026-03-04T19:02:58.116+0000] {override.py:1769} INFO - Created Permission View: can edit on DAG:example_branch_labels
[2026-03-04T19:02:58.120+0000] {logging_mixin.py:188} INFO - [2026-03-04T19:02:58.120+0000] {override.py:1769} INFO - Created Permission View: can read on DAG:example_branch_labels
[2026-03-04T19:02:58.120+0000] {logging_mixin.py:188} INFO - [2026-03-04T19:02:58.120+0000] {dag.py:3033} INFO - Sync 1 DAGs
[2026-03-04T19:02:58.128+0000] {logging_mixin.py:188} INFO - [2026-03-04T19:02:58.128+0000] {dag.py:3055} INFO - Creating ORM DAG for example_branch_labels
[2026-03-04T19:02:58.138+0000] {logging_mixin.py:188} INFO - [2026-03-04T19:02:58.138+0000] {dag.py:3820} INFO - Setting next_dagrun for example_branch_labels to 2026-03-03T00:00:00+00:00, run_after=2026-03-04T00:00:00+00:00
[2026-03-04T19:02:58.151+0000] {processor.py:183} INFO - Processing /Users/HP/storypoints-week1/venv/lib/python3.11/site-packages/airflow/example_dags/example_branch_labels.py took 0.170 seconds
[2026-03-04T19:06:06.160+0000] {processor.py:161} INFO - Started process (PID=57386) to work on /Users/HP/storypoints-week1/venv/lib/python3.11/site-packages/airflow/example_dags/example_branch_labels.py
[2026-03-04T19:06:06.163+0000] {processor.py:830} INFO - Processing file /Users/HP/storypoints-week1/venv/lib/python3.11/site-packages/airflow/example_dags/example_branch_labels.py for tasks to queue
[2026-03-04T19:06:06.165+0000] {logging_mixin.py:188} INFO - [2026-03-04T19:06:06.165+0000] {dagbag.py:538} INFO - Filling up the DagBag from /Users/HP/storypoints-week1/venv/lib/python3.11/site-packages/airflow/example_dags/example_branch_labels.py
[2026-03-04T19:06:06.171+0000] {processor.py:840} INFO - DAG(s) 'example_branch_labels' retrieved from /Users/HP/storypoints-week1/venv/lib/python3.11/site-packages/airflow/example_dags/example_branch_labels.py
[2026-03-04T19:06:06.231+0000] {logging_mixin.py:188} INFO - [2026-03-04T19:06:06.231+0000] {dag.py:3033} INFO - Sync 1 DAGs
[2026-03-04T19:06:06.244+0000] {logging_mixin.py:188} INFO - [2026-03-04T19:06:06.243+0000] {dag.py:3820} INFO - Setting next_dagrun for example_branch_labels to 2026-03-03T00:00:00+00:00, run_after=2026-03-04T00:00:00+00:00
[2026-03-04T19:06:06.254+0000] {processor.py:183} INFO - Processing /Users/HP/storypoints-week1/venv/lib/python3.11/site-packages/airflow/example_dags/example_branch_labels.py took 0.095 seconds
[2026-03-04T19:08:39.270+0000] {processor.py:161} INFO - Started process (PID=58858) to work on /Users/HP/storypoints-week1/venv/lib/python3.11/site-packages/airflow/example_dags/example_branch_labels.py
[2026-03-04T19:08:39.272+0000] {processor.py:830} INFO - Processing file /Users/HP/storypoints-week1/venv/lib/python3.11/site-packages/airflow/example_dags/example_branch_labels.py for tasks to queue
[2026-03-04T19:08:39.274+0000] {logging_mixin.py:188} INFO - [2026-03-04T19:08:39.274+0000] {dagbag.py:538} INFO - Filling up the DagBag from /Users/HP/storypoints-week1/venv/lib/python3.11/site-packages/airflow/example_dags/example_branch_labels.py
[2026-03-04T19:08:39.280+0000] {processor.py:840} INFO - DAG(s) 'example_branch_labels' retrieved from /Users/HP/storypoints-week1/venv/lib/python3.11/site-packages/airflow/example_dags/example_branch_labels.py
[2026-03-04T19:08:39.342+0000] {logging_mixin.py:188} INFO - [2026-03-04T19:08:39.342+0000] {dag.py:3033} INFO - Sync 1 DAGs
[2026-03-04T19:08:39.353+0000] {logging_mixin.py:188} INFO - [2026-03-04T19:08:39.353+0000] {dag.py:3820} INFO - Setting next_dagrun for example_branch_labels to 2026-03-03T00:00:00+00:00, run_after=2026-03-04T00:00:00+00:00
[2026-03-04T19:08:39.364+0000] {processor.py:183} INFO - Processing /Users/HP/storypoints-week1/venv/lib/python3.11/site-packages/airflow/example_dags/example_branch_labels.py took 0.095 seconds
[2026-03-04T19:11:24.925+0000] {processor.py:161} INFO - Started process (PID=60443) to work on /Users/HP/storypoints-week1/venv/lib/python3.11/site-packages/airflow/example_dags/example_branch_labels.py
[2026-03-04T19:11:24.928+0000] {processor.py:830} INFO - Processing file /Users/HP/storypoints-week1/venv/lib/python3.11/site-packages/airflow/example_dags/example_branch_labels.py for tasks to queue
[2026-03-04T19:11:24.930+0000] {logging_mixin.py:188} INFO - [2026-03-04T19:11:24.929+0000] {dagbag.py:538} INFO - Filling up the DagBag from /Users/HP/storypoints-week1/venv/lib/python3.11/site-packages/airflow/example_dags/example_branch_labels.py
[2026-03-04T19:11:24.936+0000] {processor.py:840} INFO - DAG(s) 'example_branch_labels' retrieved from /Users/HP/storypoints-week1/venv/lib/python3.11/site-packages/airflow/example_dags/example_branch_labels.py
[2026-03-04T19:11:25.000+0000] {logging_mixin.py:188} INFO - [2026-03-04T19:11:24.999+0000] {dag.py:3033} INFO - Sync 1 DAGs
[2026-03-04T19:11:25.011+0000] {logging_mixin.py:188} INFO - [2026-03-04T19:11:25.011+0000] {dag.py:3820} INFO - Setting next_dagrun for example_branch_labels to 2026-03-03T00:00:00+00:00, run_after=2026-03-04T00:00:00+00:00
[2026-03-04T19:11:25.022+0000] {processor.py:183} INFO - Processing /Users/HP/storypoints-week1/venv/lib/python3.11/site-packages/airflow/example_dags/example_branch_labels.py took 0.098 seconds
[2026-03-04T19:34:54.425+0000] {processor.py:161} INFO - Started process (PID=75349) to work on /Users/HP/storypoints-week1/venv/lib/python3.11/site-packages/airflow/example_dags/example_branch_labels.py
[2026-03-04T19:34:54.428+0000] {processor.py:830} INFO - Processing file /Users/HP/storypoints-week1/venv/lib/python3.11/site-packages/airflow/example_dags/example_branch_labels.py for tasks to queue
[2026-03-04T19:34:54.430+0000] {logging_mixin.py:188} INFO - [2026-03-04T19:34:54.430+0000] {dagbag.py:538} INFO - Filling up the DagBag from /Users/HP/storypoints-week1/venv/lib/python3.11/site-packages/airflow/example_dags/example_branch_labels.py
[2026-03-04T19:34:54.436+0000] {processor.py:840} INFO - DAG(s) 'example_branch_labels' retrieved from /Users/HP/storypoints-week1/venv/lib/python3.11/site-packages/airflow/example_dags/example_branch_labels.py
[2026-03-04T19:34:54.497+0000] {logging_mixin.py:188} INFO - [2026-03-04T19:34:54.497+0000] {dag.py:3033} INFO - Sync 1 DAGs
[2026-03-04T19:34:54.508+0000] {logging_mixin.py:188} INFO - [2026-03-04T19:34:54.508+0000] {dag.py:3820} INFO - Setting next_dagrun for example_branch_labels to 2026-03-03T00:00:00+00:00, run_after=2026-03-04T00:00:00+00:00
[2026-03-04T19:34:54.520+0000] {processor.py:183} INFO - Processing /Users/HP/storypoints-week1/venv/lib/python3.11/site-packages/airflow/example_dags/example_branch_labels.py took 0.096 seconds
[2026-03-04T19:37:19.154+0000] {processor.py:161} INFO - Started process (PID=76773) to work on /Users/HP/storypoints-week1/venv/lib/python3.11/site-packages/airflow/example_dags/example_branch_labels.py
[2026-03-04T19:37:19.156+0000] {processor.py:830} INFO - Processing file /Users/HP/storypoints-week1/venv/lib/python3.11/site-packages/airflow/example_dags/example_branch_labels.py for tasks to queue
[2026-03-04T19:37:19.158+0000] {logging_mixin.py:188} INFO - [2026-03-04T19:37:19.157+0000] {dagbag.py:538} INFO - Filling up the DagBag from /Users/HP/storypoints-week1/venv/lib/python3.11/site-packages/airflow/example_dags/example_branch_labels.py
[2026-03-04T19:37:19.165+0000] {processor.py:840} INFO - DAG(s) 'example_branch_labels' retrieved from /Users/HP/storypoints-week1/venv/lib/python3.11/site-packages/airflow/example_dags/example_branch_labels.py
[2026-03-04T19:37:19.224+0000] {logging_mixin.py:188} INFO - [2026-03-04T19:37:19.223+0000] {dag.py:3033} INFO - Sync 1 DAGs
[2026-03-04T19:37:19.235+0000] {logging_mixin.py:188} INFO - [2026-03-04T19:37:19.235+0000] {dag.py:3820} INFO - Setting next_dagrun for example_branch_labels to 2026-03-03T00:00:00+00:00, run_after=2026-03-04T00:00:00+00:00
[2026-03-04T19:37:19.245+0000] {processor.py:183} INFO - Processing /Users/HP/storypoints-week1/venv/lib/python3.11/site-packages/airflow/example_dags/example_branch_labels.py took 0.092 seconds
[2026-03-04T19:39:53.299+0000] {processor.py:161} INFO - Started process (PID=78254) to work on /Users/HP/storypoints-week1/venv/lib/python3.11/site-packages/airflow/example_dags/example_branch_labels.py
[2026-03-04T19:39:53.302+0000] {processor.py:830} INFO - Processing file /Users/HP/storypoints-week1/venv/lib/python3.11/site-packages/airflow/example_dags/example_branch_labels.py for tasks to queue
[2026-03-04T19:39:53.304+0000] {logging_mixin.py:188} INFO - [2026-03-04T19:39:53.303+0000] {dagbag.py:538} INFO - Filling up the DagBag from /Users/HP/storypoints-week1/venv/lib/python3.11/site-packages/airflow/example_dags/example_branch_labels.py
[2026-03-04T19:39:53.309+0000] {processor.py:840} INFO - DAG(s) 'example_branch_labels' retrieved from /Users/HP/storypoints-week1/venv/lib/python3.11/site-packages/airflow/example_dags/example_branch_labels.py
[2026-03-04T19:39:53.372+0000] {logging_mixin.py:188} INFO - [2026-03-04T19:39:53.372+0000] {dag.py:3033} INFO - Sync 1 DAGs
[2026-03-04T19:39:53.384+0000] {logging_mixin.py:188} INFO - [2026-03-04T19:39:53.384+0000] {dag.py:3820} INFO - Setting next_dagrun for example_branch_labels to 2026-03-03T00:00:00+00:00, run_after=2026-03-04T00:00:00+00:00
[2026-03-04T19:39:53.395+0000] {processor.py:183} INFO - Processing /Users/HP/storypoints-week1/venv/lib/python3.11/site-packages/airflow/example_dags/example_branch_labels.py took 0.097 seconds
[2026-03-04T19:42:20.785+0000] {processor.py:161} INFO - Started process (PID=79638) to work on /Users/HP/storypoints-week1/venv/lib/python3.11/site-packages/airflow/example_dags/example_branch_labels.py
[2026-03-04T19:42:20.788+0000] {processor.py:830} INFO - Processing file /Users/HP/storypoints-week1/venv/lib/python3.11/site-packages/airflow/example_dags/example_branch_labels.py for tasks to queue
[2026-03-04T19:42:20.789+0000] {logging_mixin.py:188} INFO - [2026-03-04T19:42:20.789+0000] {dagbag.py:538} INFO - Filling up the DagBag from /Users/HP/storypoints-week1/venv/lib/python3.11/site-packages/airflow/example_dags/example_branch_labels.py
[2026-03-04T19:42:20.795+0000] {processor.py:840} INFO - DAG(s) 'example_branch_labels' retrieved from /Users/HP/storypoints-week1/venv/lib/python3.11/site-packages/airflow/example_dags/example_branch_labels.py
[2026-03-04T19:42:20.859+0000] {logging_mixin.py:188} INFO - [2026-03-04T19:42:20.859+0000] {dag.py:3033} INFO - Sync 1 DAGs
[2026-03-04T19:42:20.870+0000] {logging_mixin.py:188} INFO - [2026-03-04T19:42:20.870+0000] {dag.py:3820} INFO - Setting next_dagrun for example_branch_labels to 2026-03-03T00:00:00+00:00, run_after=2026-03-04T00:00:00+00:00
[2026-03-04T19:42:20.881+0000] {processor.py:183} INFO - Processing /Users/HP/storypoints-week1/venv/lib/python3.11/site-packages/airflow/example_dags/example_branch_labels.py took 0.096 seconds
[2026-03-04T19:44:48.360+0000] {processor.py:161} INFO - Started process (PID=81028) to work on /Users/HP/storypoints-week1/venv/lib/python3.11/site-packages/airflow/example_dags/example_branch_labels.py
[2026-03-04T19:44:48.362+0000] {processor.py:830} INFO - Processing file /Users/HP/storypoints-week1/venv/lib/python3.11/site-packages/airflow/example_dags/example_branch_labels.py for tasks to queue
[2026-03-04T19:44:48.364+0000] {logging_mixin.py:188} INFO - [2026-03-04T19:44:48.364+0000] {dagbag.py:538} INFO - Filling up the DagBag from /Users/HP/storypoints-week1/venv/lib/python3.11/site-packages/airflow/example_dags/example_branch_labels.py
[2026-03-04T19:44:48.371+0000] {processor.py:840} INFO - DAG(s) 'example_branch_labels' retrieved from /Users/HP/storypoints-week1/venv/lib/python3.11/site-packages/airflow/example_dags/example_branch_labels.py
[2026-03-04T19:44:48.432+0000] {logging_mixin.py:188} INFO - [2026-03-04T19:44:48.431+0000] {dag.py:3033} INFO - Sync 1 DAGs
[2026-03-04T19:44:48.443+0000] {logging_mixin.py:188} INFO - [2026-03-04T19:44:48.443+0000] {dag.py:3820} INFO - Setting next_dagrun for example_branch_labels to 2026-03-03T00:00:00+00:00, run_after=2026-03-04T00:00:00+00:00
[2026-03-04T19:44:48.454+0000] {processor.py:183} INFO - Processing /Users/HP/storypoints-week1/venv/lib/python3.11/site-packages/airflow/example_dags/example_branch_labels.py took 0.095 seconds
[2026-03-04T19:47:16.408+0000] {processor.py:161} INFO - Started process (PID=82432) to work on /Users/HP/storypoints-week1/venv/lib/python3.11/site-packages/airflow/example_dags/example_branch_labels.py
[2026-03-04T19:47:16.411+0000] {processor.py:830} INFO - Processing file /Users/HP/storypoints-week1/venv/lib/python3.11/site-packages/airflow/example_dags/example_branch_labels.py for tasks to queue
[2026-03-04T19:47:16.412+0000] {logging_mixin.py:188} INFO - [2026-03-04T19:47:16.412+0000] {dagbag.py:538} INFO - Filling up the DagBag from /Users/HP/storypoints-week1/venv/lib/python3.11/site-packages/airflow/example_dags/example_branch_labels.py
[2026-03-04T19:47:16.418+0000] {processor.py:840} INFO - DAG(s) 'example_branch_labels' retrieved from /Users/HP/storypoints-week1/venv/lib/python3.11/site-packages/airflow/example_dags/example_branch_labels.py
[2026-03-04T19:47:16.481+0000] {logging_mixin.py:188} INFO - [2026-03-04T19:47:16.481+0000] {dag.py:3033} INFO - Sync 1 DAGs
[2026-03-04T19:47:16.492+0000] {logging_mixin.py:188} INFO - [2026-03-04T19:47:16.492+0000] {dag.py:3820} INFO - Setting next_dagrun for example_branch_labels to 2026-03-03T00:00:00+00:00, run_after=2026-03-04T00:00:00+00:00
[2026-03-04T19:47:16.503+0000] {processor.py:183} INFO - Processing /Users/HP/storypoints-week1/venv/lib/python3.11/site-packages/airflow/example_dags/example_branch_labels.py took 0.096 seconds
[2026-03-04T20:13:25.234+0000] {processor.py:161} INFO - Started process (PID=84028) to work on /Users/HP/storypoints-week1/venv/lib/python3.11/site-packages/airflow/example_dags/example_branch_labels.py
[2026-03-04T20:13:25.237+0000] {processor.py:830} INFO - Processing file /Users/HP/storypoints-week1/venv/lib/python3.11/site-packages/airflow/example_dags/example_branch_labels.py for tasks to queue
[2026-03-04T20:13:25.238+0000] {logging_mixin.py:188} INFO - [2026-03-04T20:13:25.238+0000] {dagbag.py:538} INFO - Filling up the DagBag from /Users/HP/storypoints-week1/venv/lib/python3.11/site-packages/airflow/example_dags/example_branch_labels.py
[2026-03-04T20:13:25.245+0000] {processor.py:840} INFO - DAG(s) 'example_branch_labels' retrieved from /Users/HP/storypoints-week1/venv/lib/python3.11/site-packages/airflow/example_dags/example_branch_labels.py
[2026-03-04T20:13:25.309+0000] {logging_mixin.py:188} INFO - [2026-03-04T20:13:25.308+0000] {dag.py:3033} INFO - Sync 1 DAGs
[2026-03-04T20:13:25.321+0000] {logging_mixin.py:188} INFO - [2026-03-04T20:13:25.321+0000] {dag.py:3820} INFO - Setting next_dagrun for example_branch_labels to 2026-03-03T00:00:00+00:00, run_after=2026-03-04T00:00:00+00:00
[2026-03-04T20:13:25.334+0000] {processor.py:183} INFO - Processing /Users/HP/storypoints-week1/venv/lib/python3.11/site-packages/airflow/example_dags/example_branch_labels.py took 0.101 seconds
[2026-03-04T20:22:53.392+0000] {processor.py:161} INFO - Started process (PID=85508) to work on /Users/HP/storypoints-week1/venv/lib/python3.11/site-packages/airflow/example_dags/example_branch_labels.py
[2026-03-04T20:22:53.394+0000] {processor.py:830} INFO - Processing file /Users/HP/storypoints-week1/venv/lib/python3.11/site-packages/airflow/example_dags/example_branch_labels.py for tasks to queue
[2026-03-04T20:22:53.396+0000] {logging_mixin.py:188} INFO - [2026-03-04T20:22:53.396+0000] {dagbag.py:538} INFO - Filling up the DagBag from /Users/HP/storypoints-week1/venv/lib/python3.11/site-packages/airflow/example_dags/example_branch_labels.py
[2026-03-04T20:22:53.402+0000] {processor.py:840} INFO - DAG(s) 'example_branch_labels' retrieved from /Users/HP/storypoints-week1/venv/lib/python3.11/site-packages/airflow/example_dags/example_branch_labels.py
[2026-03-04T20:22:53.463+0000] {logging_mixin.py:188} INFO - [2026-03-04T20:22:53.462+0000] {dag.py:3033} INFO - Sync 1 DAGs
[2026-03-04T20:22:53.474+0000] {logging_mixin.py:188} INFO - [2026-03-04T20:22:53.474+0000] {dag.py:3820} INFO - Setting next_dagrun for example_branch_labels to 2026-03-03T00:00:00+00:00, run_after=2026-03-04T00:00:00+00:00
[2026-03-04T20:22:53.485+0000] {processor.py:183} INFO - Processing /Users/HP/storypoints-week1/venv/lib/python3.11/site-packages/airflow/example_dags/example_branch_labels.py took 0.094 seconds
[2026-03-04T20:29:03.626+0000] {processor.py:161} INFO - Started process (PID=87086) to work on /Users/HP/storypoints-week1/venv/lib/python3.11/site-packages/airflow/example_dags/example_branch_labels.py
[2026-03-04T20:29:03.630+0000] {processor.py:830} INFO - Processing file /Users/HP/storypoints-week1/venv/lib/python3.11/site-packages/airflow/example_dags/example_branch_labels.py for tasks to queue
[2026-03-04T20:29:03.632+0000] {logging_mixin.py:188} INFO - [2026-03-04T20:29:03.632+0000] {dagbag.py:538} INFO - Filling up the DagBag from /Users/HP/storypoints-week1/venv/lib/python3.11/site-packages/airflow/example_dags/example_branch_labels.py
[2026-03-04T20:29:03.641+0000] {processor.py:840} INFO - DAG(s) 'example_branch_labels' retrieved from /Users/HP/storypoints-week1/venv/lib/python3.11/site-packages/airflow/example_dags/example_branch_labels.py
[2026-03-04T20:29:03.734+0000] {logging_mixin.py:188} INFO - [2026-03-04T20:29:03.733+0000] {dag.py:3033} INFO - Sync 1 DAGs
[2026-03-04T20:29:03.755+0000] {logging_mixin.py:188} INFO - [2026-03-04T20:29:03.754+0000] {dag.py:3820} INFO - Setting next_dagrun for example_branch_labels to 2026-03-03T00:00:00+00:00, run_after=2026-03-04T00:00:00+00:00
[2026-03-04T20:29:03.783+0000] {processor.py:183} INFO - Processing /Users/HP/storypoints-week1/venv/lib/python3.11/site-packages/airflow/example_dags/example_branch_labels.py took 0.157 seconds
[2026-03-04T22:05:36.320+0000] {processor.py:161} INFO - Started process (PID=88644) to work on /Users/HP/storypoints-week1/venv/lib/python3.11/site-packages/airflow/example_dags/example_branch_labels.py
[2026-03-04T22:05:36.322+0000] {processor.py:830} INFO - Processing file /Users/HP/storypoints-week1/venv/lib/python3.11/site-packages/airflow/example_dags/example_branch_labels.py for tasks to queue
[2026-03-04T22:05:36.324+0000] {logging_mixin.py:188} INFO - [2026-03-04T22:05:36.324+0000] {dagbag.py:538} INFO - Filling up the DagBag from /Users/HP/storypoints-week1/venv/lib/python3.11/site-packages/airflow/example_dags/example_branch_labels.py
[2026-03-04T22:05:36.330+0000] {processor.py:840} INFO - DAG(s) 'example_branch_labels' retrieved from /Users/HP/storypoints-week1/venv/lib/python3.11/site-packages/airflow/example_dags/example_branch_labels.py
[2026-03-04T22:05:36.391+0000] {logging_mixin.py:188} INFO - [2026-03-04T22:05:36.390+0000] {dag.py:3033} INFO - Sync 1 DAGs
[2026-03-04T22:05:36.402+0000] {logging_mixin.py:188} INFO - [2026-03-04T22:05:36.402+0000] {dag.py:3820} INFO - Setting next_dagrun for example_branch_labels to 2026-03-03T00:00:00+00:00, run_after=2026-03-04T00:00:00+00:00
[2026-03-04T22:05:36.411+0000] {processor.py:183} INFO - Processing /Users/HP/storypoints-week1/venv/lib/python3.11/site-packages/airflow/example_dags/example_branch_labels.py took 0.092 seconds
[2026-03-04T22:18:42.941+0000] {processor.py:161} INFO - Started process (PID=89644) to work on /Users/HP/storypoints-week1/venv/lib/python3.11/site-packages/airflow/example_dags/example_branch_labels.py
[2026-03-04T22:18:42.944+0000] {processor.py:830} INFO - Processing file /Users/HP/storypoints-week1/venv/lib/python3.11/site-packages/airflow/example_dags/example_branch_labels.py for tasks to queue
[2026-03-04T22:18:42.945+0000] {logging_mixin.py:188} INFO - [2026-03-04T22:18:42.945+0000] {dagbag.py:538} INFO - Filling up the DagBag from /Users/HP/storypoints-week1/venv/lib/python3.11/site-packages/airflow/example_dags/example_branch_labels.py
[2026-03-04T22:18:42.951+0000] {processor.py:840} INFO - DAG(s) 'example_branch_labels' retrieved from /Users/HP/storypoints-week1/venv/lib/python3.11/site-packages/airflow/example_dags/example_branch_labels.py
[2026-03-04T22:18:43.014+0000] {logging_mixin.py:188} INFO - [2026-03-04T22:18:43.014+0000] {dag.py:3033} INFO - Sync 1 DAGs
[2026-03-04T22:18:43.025+0000] {logging_mixin.py:188} INFO - [2026-03-04T22:18:43.025+0000] {dag.py:3820} INFO - Setting next_dagrun for example_branch_labels to 2026-03-03T00:00:00+00:00, run_after=2026-03-04T00:00:00+00:00
[2026-03-04T22:18:43.036+0000] {processor.py:183} INFO - Processing /Users/HP/storypoints-week1/venv/lib/python3.11/site-packages/airflow/example_dags/example_branch_labels.py took 0.095 seconds
[2026-03-04T23:06:43.418+0000] {processor.py:161} INFO - Started process (PID=91111) to work on /Users/HP/storypoints-week1/venv/lib/python3.11/site-packages/airflow/example_dags/example_branch_labels.py
[2026-03-04T23:06:43.420+0000] {processor.py:830} INFO - Processing file /Users/HP/storypoints-week1/venv/lib/python3.11/site-packages/airflow/example_dags/example_branch_labels.py for tasks to queue
[2026-03-04T23:06:43.422+0000] {logging_mixin.py:188} INFO - [2026-03-04T23:06:43.422+0000] {dagbag.py:538} INFO - Filling up the DagBag from /Users/HP/storypoints-week1/venv/lib/python3.11/site-packages/airflow/example_dags/example_branch_labels.py
[2026-03-04T23:06:43.428+0000] {processor.py:840} INFO - DAG(s) 'example_branch_labels' retrieved from /Users/HP/storypoints-week1/venv/lib/python3.11/site-packages/airflow/example_dags/example_branch_labels.py
[2026-03-04T23:06:43.488+0000] {logging_mixin.py:188} INFO - [2026-03-04T23:06:43.487+0000] {dag.py:3033} INFO - Sync 1 DAGs
[2026-03-04T23:06:43.499+0000] {logging_mixin.py:188} INFO - [2026-03-04T23:06:43.499+0000] {dag.py:3820} INFO - Setting next_dagrun for example_branch_labels to 2026-03-03T00:00:00+00:00, run_after=2026-03-04T00:00:00+00:00
[2026-03-04T23:06:43.509+0000] {processor.py:183} INFO - Processing /Users/HP/storypoints-week1/venv/lib/python3.11/site-packages/airflow/example_dags/example_branch_labels.py took 0.092 seconds
[2026-03-04T23:20:26.995+0000] {processor.py:161} INFO - Started process (PID=92521) to work on /Users/HP/storypoints-week1/venv/lib/python3.11/site-packages/airflow/example_dags/example_branch_labels.py
[2026-03-04T23:20:26.997+0000] {processor.py:830} INFO - Processing file /Users/HP/storypoints-week1/venv/lib/python3.11/site-packages/airflow/example_dags/example_branch_labels.py for tasks to queue
[2026-03-04T23:20:26.999+0000] {logging_mixin.py:188} INFO - [2026-03-04T23:20:26.999+0000] {dagbag.py:538} INFO - Filling up the DagBag from /Users/HP/storypoints-week1/venv/lib/python3.11/site-packages/airflow/example_dags/example_branch_labels.py
[2026-03-04T23:20:27.004+0000] {processor.py:840} INFO - DAG(s) 'example_branch_labels' retrieved from /Users/HP/storypoints-week1/venv/lib/python3.11/site-packages/airflow/example_dags/example_branch_labels.py
[2026-03-04T23:20:27.063+0000] {logging_mixin.py:188} INFO - [2026-03-04T23:20:27.062+0000] {dag.py:3033} INFO - Sync 1 DAGs
[2026-03-04T23:20:27.074+0000] {logging_mixin.py:188} INFO - [2026-03-04T23:20:27.074+0000] {dag.py:3820} INFO - Setting next_dagrun for example_branch_labels to 2026-03-03T00:00:00+00:00, run_after=2026-03-04T00:00:00+00:00
[2026-03-04T23:20:27.085+0000] {processor.py:183} INFO - Processing /Users/HP/storypoints-week1/venv/lib/python3.11/site-packages/airflow/example_dags/example_branch_labels.py took 0.090 seconds
