[2026-03-04T19:01:38.040+0000] {processor.py:161} INFO - Started process (PID=54437) to work on /Users/HP/storypoints-week1/venv/lib/python3.11/site-packages/airflow/example_dags/example_trigger_controller_dag.py
[2026-03-04T19:01:38.042+0000] {processor.py:830} INFO - Processing file /Users/HP/storypoints-week1/venv/lib/python3.11/site-packages/airflow/example_dags/example_trigger_controller_dag.py for tasks to queue
[2026-03-04T19:01:38.044+0000] {logging_mixin.py:188} INFO - [2026-03-04T19:01:38.044+0000] {dagbag.py:538} INFO - Filling up the DagBag from /Users/HP/storypoints-week1/venv/lib/python3.11/site-packages/airflow/example_dags/example_trigger_controller_dag.py
[2026-03-04T19:01:38.051+0000] {processor.py:840} INFO - DAG(s) 'example_trigger_controller_dag' retrieved from /Users/HP/storypoints-week1/venv/lib/python3.11/site-packages/airflow/example_dags/example_trigger_controller_dag.py
[2026-03-04T19:01:38.166+0000] {logging_mixin.py:188} INFO - [2026-03-04T19:01:38.166+0000] {override.py:1769} INFO - Created Permission View: can edit on DAG:example_trigger_controller_dag
[2026-03-04T19:01:38.172+0000] {logging_mixin.py:188} INFO - [2026-03-04T19:01:38.171+0000] {override.py:1769} INFO - Created Permission View: can delete on DAG:example_trigger_controller_dag
[2026-03-04T19:01:38.175+0000] {logging_mixin.py:188} INFO - [2026-03-04T19:01:38.175+0000] {override.py:1769} INFO - Created Permission View: can read on DAG:example_trigger_controller_dag
[2026-03-04T19:01:38.175+0000] {logging_mixin.py:188} INFO - [2026-03-04T19:01:38.175+0000] {dag.py:3033} INFO - Sync 1 DAGs
[2026-03-04T19:01:38.181+0000] {logging_mixin.py:188} INFO - [2026-03-04T19:01:38.181+0000] {dag.py:3055} INFO - Creating ORM DAG for example_trigger_controller_dag
[2026-03-04T19:01:38.187+0000] {logging_mixin.py:188} INFO - [2026-03-04T19:01:38.187+0000] {dag.py:3820} INFO - Setting next_dagrun for example_trigger_controller_dag to 2021-01-01T00:00:00+00:00, run_after=2021-01-01T00:00:00+00:00
[2026-03-04T19:01:38.198+0000] {processor.py:183} INFO - Processing /Users/HP/storypoints-week1/venv/lib/python3.11/site-packages/airflow/example_dags/example_trigger_controller_dag.py took 0.159 seconds
[2026-03-04T19:03:37.440+0000] {processor.py:161} INFO - Started process (PID=55575) to work on /Users/HP/storypoints-week1/venv/lib/python3.11/site-packages/airflow/example_dags/example_trigger_controller_dag.py
[2026-03-04T19:03:37.443+0000] {processor.py:830} INFO - Processing file /Users/HP/storypoints-week1/venv/lib/python3.11/site-packages/airflow/example_dags/example_trigger_controller_dag.py for tasks to queue
[2026-03-04T19:03:37.445+0000] {logging_mixin.py:188} INFO - [2026-03-04T19:03:37.445+0000] {dagbag.py:538} INFO - Filling up the DagBag from /Users/HP/storypoints-week1/venv/lib/python3.11/site-packages/airflow/example_dags/example_trigger_controller_dag.py
[2026-03-04T19:03:37.453+0000] {processor.py:840} INFO - DAG(s) 'example_trigger_controller_dag' retrieved from /Users/HP/storypoints-week1/venv/lib/python3.11/site-packages/airflow/example_dags/example_trigger_controller_dag.py
[2026-03-04T19:03:37.515+0000] {logging_mixin.py:188} INFO - [2026-03-04T19:03:37.515+0000] {dag.py:3033} INFO - Sync 1 DAGs
[2026-03-04T19:03:37.526+0000] {logging_mixin.py:188} INFO - [2026-03-04T19:03:37.526+0000] {dag.py:3820} INFO - Setting next_dagrun for example_trigger_controller_dag to 2021-01-01T00:00:00+00:00, run_after=2021-01-01T00:00:00+00:00
[2026-03-04T19:03:37.538+0000] {processor.py:183} INFO - Processing /Users/HP/storypoints-week1/venv/lib/python3.11/site-packages/airflow/example_dags/example_trigger_controller_dag.py took 0.098 seconds
[2026-03-04T19:05:14.003+0000] {processor.py:161} INFO - Started process (PID=56903) to work on /Users/HP/storypoints-week1/venv/lib/python3.11/site-packages/airflow/example_dags/example_trigger_controller_dag.py
[2026-03-04T19:05:14.005+0000] {processor.py:830} INFO - Processing file /Users/HP/storypoints-week1/venv/lib/python3.11/site-packages/airflow/example_dags/example_trigger_controller_dag.py for tasks to queue
[2026-03-04T19:05:14.007+0000] {logging_mixin.py:188} INFO - [2026-03-04T19:05:14.007+0000] {dagbag.py:538} INFO - Filling up the DagBag from /Users/HP/storypoints-week1/venv/lib/python3.11/site-packages/airflow/example_dags/example_trigger_controller_dag.py
[2026-03-04T19:05:14.014+0000] {processor.py:840} INFO - DAG(s) 'example_trigger_controller_dag' retrieved from /Users/HP/storypoints-week1/venv/lib/python3.11/site-packages/airflow/example_dags/example_trigger_controller_dag.py
[2026-03-04T19:05:14.070+0000] {logging_mixin.py:188} INFO - [2026-03-04T19:05:14.070+0000] {dag.py:3033} INFO - Sync 1 DAGs
[2026-03-04T19:05:14.080+0000] {logging_mixin.py:188} INFO - [2026-03-04T19:05:14.080+0000] {dag.py:3820} INFO - Setting next_dagrun for example_trigger_controller_dag to 2021-01-01T00:00:00+00:00, run_after=2021-01-01T00:00:00+00:00
[2026-03-04T19:05:14.091+0000] {processor.py:183} INFO - Processing /Users/HP/storypoints-week1/venv/lib/python3.11/site-packages/airflow/example_dags/example_trigger_controller_dag.py took 0.089 seconds
[2026-03-04T19:06:42.399+0000] {processor.py:161} INFO - Started process (PID=57742) to work on /Users/HP/storypoints-week1/venv/lib/python3.11/site-packages/airflow/example_dags/example_trigger_controller_dag.py
[2026-03-04T19:06:42.402+0000] {processor.py:830} INFO - Processing file /Users/HP/storypoints-week1/venv/lib/python3.11/site-packages/airflow/example_dags/example_trigger_controller_dag.py for tasks to queue
[2026-03-04T19:06:42.403+0000] {logging_mixin.py:188} INFO - [2026-03-04T19:06:42.403+0000] {dagbag.py:538} INFO - Filling up the DagBag from /Users/HP/storypoints-week1/venv/lib/python3.11/site-packages/airflow/example_dags/example_trigger_controller_dag.py
[2026-03-04T19:06:42.410+0000] {processor.py:840} INFO - DAG(s) 'example_trigger_controller_dag' retrieved from /Users/HP/storypoints-week1/venv/lib/python3.11/site-packages/airflow/example_dags/example_trigger_controller_dag.py
[2026-03-04T19:06:42.468+0000] {logging_mixin.py:188} INFO - [2026-03-04T19:06:42.468+0000] {dag.py:3033} INFO - Sync 1 DAGs
[2026-03-04T19:06:42.478+0000] {logging_mixin.py:188} INFO - [2026-03-04T19:06:42.478+0000] {dag.py:3820} INFO - Setting next_dagrun for example_trigger_controller_dag to 2021-01-01T00:00:00+00:00, run_after=2021-01-01T00:00:00+00:00
[2026-03-04T19:06:42.490+0000] {processor.py:183} INFO - Processing /Users/HP/storypoints-week1/venv/lib/python3.11/site-packages/airflow/example_dags/example_trigger_controller_dag.py took 0.092 seconds
[2026-03-04T19:07:57.360+0000] {processor.py:161} INFO - Started process (PID=58457) to work on /Users/HP/storypoints-week1/venv/lib/python3.11/site-packages/airflow/example_dags/example_trigger_controller_dag.py
[2026-03-04T19:07:57.363+0000] {processor.py:830} INFO - Processing file /Users/HP/storypoints-week1/venv/lib/python3.11/site-packages/airflow/example_dags/example_trigger_controller_dag.py for tasks to queue
[2026-03-04T19:07:57.364+0000] {logging_mixin.py:188} INFO - [2026-03-04T19:07:57.364+0000] {dagbag.py:538} INFO - Filling up the DagBag from /Users/HP/storypoints-week1/venv/lib/python3.11/site-packages/airflow/example_dags/example_trigger_controller_dag.py
[2026-03-04T19:07:57.371+0000] {processor.py:840} INFO - DAG(s) 'example_trigger_controller_dag' retrieved from /Users/HP/storypoints-week1/venv/lib/python3.11/site-packages/airflow/example_dags/example_trigger_controller_dag.py
[2026-03-04T19:07:57.428+0000] {logging_mixin.py:188} INFO - [2026-03-04T19:07:57.428+0000] {dag.py:3033} INFO - Sync 1 DAGs
[2026-03-04T19:07:57.438+0000] {logging_mixin.py:188} INFO - [2026-03-04T19:07:57.438+0000] {dag.py:3820} INFO - Setting next_dagrun for example_trigger_controller_dag to 2021-01-01T00:00:00+00:00, run_after=2021-01-01T00:00:00+00:00
[2026-03-04T19:07:57.449+0000] {processor.py:183} INFO - Processing /Users/HP/storypoints-week1/venv/lib/python3.11/site-packages/airflow/example_dags/example_trigger_controller_dag.py took 0.090 seconds
[2026-03-04T19:09:15.136+0000] {processor.py:161} INFO - Started process (PID=59210) to work on /Users/HP/storypoints-week1/venv/lib/python3.11/site-packages/airflow/example_dags/example_trigger_controller_dag.py
[2026-03-04T19:09:15.139+0000] {processor.py:830} INFO - Processing file /Users/HP/storypoints-week1/venv/lib/python3.11/site-packages/airflow/example_dags/example_trigger_controller_dag.py for tasks to queue
[2026-03-04T19:09:15.141+0000] {logging_mixin.py:188} INFO - [2026-03-04T19:09:15.140+0000] {dagbag.py:538} INFO - Filling up the DagBag from /Users/HP/storypoints-week1/venv/lib/python3.11/site-packages/airflow/example_dags/example_trigger_controller_dag.py
[2026-03-04T19:09:15.149+0000] {processor.py:840} INFO - DAG(s) 'example_trigger_controller_dag' retrieved from /Users/HP/storypoints-week1/venv/lib/python3.11/site-packages/airflow/example_dags/example_trigger_controller_dag.py
[2026-03-04T19:09:15.206+0000] {logging_mixin.py:188} INFO - [2026-03-04T19:09:15.205+0000] {dag.py:3033} INFO - Sync 1 DAGs
[2026-03-04T19:09:15.216+0000] {logging_mixin.py:188} INFO - [2026-03-04T19:09:15.216+0000] {dag.py:3820} INFO - Setting next_dagrun for example_trigger_controller_dag to 2021-01-01T00:00:00+00:00, run_after=2021-01-01T00:00:00+00:00
[2026-03-04T19:09:15.227+0000] {processor.py:183} INFO - Processing /Users/HP/storypoints-week1/venv/lib/python3.11/site-packages/airflow/example_dags/example_trigger_controller_dag.py took 0.091 seconds
[2026-03-04T19:10:40.042+0000] {processor.py:161} INFO - Started process (PID=60015) to work on /Users/HP/storypoints-week1/venv/lib/python3.11/site-packages/airflow/example_dags/example_trigger_controller_dag.py
[2026-03-04T19:10:40.046+0000] {processor.py:830} INFO - Processing file /Users/HP/storypoints-week1/venv/lib/python3.11/site-packages/airflow/example_dags/example_trigger_controller_dag.py for tasks to queue
[2026-03-04T19:10:40.048+0000] {logging_mixin.py:188} INFO - [2026-03-04T19:10:40.048+0000] {dagbag.py:538} INFO - Filling up the DagBag from /Users/HP/storypoints-week1/venv/lib/python3.11/site-packages/airflow/example_dags/example_trigger_controller_dag.py
[2026-03-04T19:10:40.057+0000] {processor.py:840} INFO - DAG(s) 'example_trigger_controller_dag' retrieved from /Users/HP/storypoints-week1/venv/lib/python3.11/site-packages/airflow/example_dags/example_trigger_controller_dag.py
[2026-03-04T19:10:40.138+0000] {logging_mixin.py:188} INFO - [2026-03-04T19:10:40.138+0000] {dag.py:3033} INFO - Sync 1 DAGs
[2026-03-04T19:10:40.153+0000] {logging_mixin.py:188} INFO - [2026-03-04T19:10:40.153+0000] {dag.py:3820} INFO - Setting next_dagrun for example_trigger_controller_dag to 2021-01-01T00:00:00+00:00, run_after=2021-01-01T00:00:00+00:00
[2026-03-04T19:10:40.173+0000] {processor.py:183} INFO - Processing /Users/HP/storypoints-week1/venv/lib/python3.11/site-packages/airflow/example_dags/example_trigger_controller_dag.py took 0.133 seconds
[2026-03-04T19:12:00.179+0000] {processor.py:161} INFO - Started process (PID=60784) to work on /Users/HP/storypoints-week1/venv/lib/python3.11/site-packages/airflow/example_dags/example_trigger_controller_dag.py
[2026-03-04T19:12:00.181+0000] {processor.py:830} INFO - Processing file /Users/HP/storypoints-week1/venv/lib/python3.11/site-packages/airflow/example_dags/example_trigger_controller_dag.py for tasks to queue
[2026-03-04T19:12:00.183+0000] {logging_mixin.py:188} INFO - [2026-03-04T19:12:00.183+0000] {dagbag.py:538} INFO - Filling up the DagBag from /Users/HP/storypoints-week1/venv/lib/python3.11/site-packages/airflow/example_dags/example_trigger_controller_dag.py
[2026-03-04T19:12:00.190+0000] {processor.py:840} INFO - DAG(s) 'example_trigger_controller_dag' retrieved from /Users/HP/storypoints-week1/venv/lib/python3.11/site-packages/airflow/example_dags/example_trigger_controller_dag.py
[2026-03-04T19:12:00.248+0000] {logging_mixin.py:188} INFO - [2026-03-04T19:12:00.247+0000] {dag.py:3033} INFO - Sync 1 DAGs
[2026-03-04T19:12:00.258+0000] {logging_mixin.py:188} INFO - [2026-03-04T19:12:00.258+0000] {dag.py:3820} INFO - Setting next_dagrun for example_trigger_controller_dag to 2021-01-01T00:00:00+00:00, run_after=2021-01-01T00:00:00+00:00
[2026-03-04T19:12:00.271+0000] {processor.py:183} INFO - Processing /Users/HP/storypoints-week1/venv/lib/python3.11/site-packages/airflow/example_dags/example_trigger_controller_dag.py took 0.092 seconds
[2026-03-04T19:33:29.731+0000] {processor.py:161} INFO - Started process (PID=74406) to work on /Users/HP/storypoints-week1/venv/lib/python3.11/site-packages/airflow/example_dags/example_trigger_controller_dag.py
[2026-03-04T19:33:29.734+0000] {processor.py:830} INFO - Processing file /Users/HP/storypoints-week1/venv/lib/python3.11/site-packages/airflow/example_dags/example_trigger_controller_dag.py for tasks to queue
[2026-03-04T19:33:29.735+0000] {logging_mixin.py:188} INFO - [2026-03-04T19:33:29.735+0000] {dagbag.py:538} INFO - Filling up the DagBag from /Users/HP/storypoints-week1/venv/lib/python3.11/site-packages/airflow/example_dags/example_trigger_controller_dag.py
[2026-03-04T19:33:29.743+0000] {processor.py:840} INFO - DAG(s) 'example_trigger_controller_dag' retrieved from /Users/HP/storypoints-week1/venv/lib/python3.11/site-packages/airflow/example_dags/example_trigger_controller_dag.py
[2026-03-04T19:33:29.801+0000] {logging_mixin.py:188} INFO - [2026-03-04T19:33:29.801+0000] {dag.py:3033} INFO - Sync 1 DAGs
[2026-03-04T19:33:29.812+0000] {logging_mixin.py:188} INFO - [2026-03-04T19:33:29.812+0000] {dag.py:3820} INFO - Setting next_dagrun for example_trigger_controller_dag to 2021-01-01T00:00:00+00:00, run_after=2021-01-01T00:00:00+00:00
[2026-03-04T19:33:29.824+0000] {processor.py:183} INFO - Processing /Users/HP/storypoints-week1/venv/lib/python3.11/site-packages/airflow/example_dags/example_trigger_controller_dag.py took 0.093 seconds
[2026-03-04T19:36:07.206+0000] {processor.py:161} INFO - Started process (PID=76105) to work on /Users/HP/storypoints-week1/venv/lib/python3.11/site-packages/airflow/example_dags/example_trigger_controller_dag.py
[2026-03-04T19:36:07.209+0000] {processor.py:830} INFO - Processing file /Users/HP/storypoints-week1/venv/lib/python3.11/site-packages/airflow/example_dags/example_trigger_controller_dag.py for tasks to queue
[2026-03-04T19:36:07.211+0000] {logging_mixin.py:188} INFO - [2026-03-04T19:36:07.211+0000] {dagbag.py:538} INFO - Filling up the DagBag from /Users/HP/storypoints-week1/venv/lib/python3.11/site-packages/airflow/example_dags/example_trigger_controller_dag.py
[2026-03-04T19:36:07.218+0000] {processor.py:840} INFO - DAG(s) 'example_trigger_controller_dag' retrieved from /Users/HP/storypoints-week1/venv/lib/python3.11/site-packages/airflow/example_dags/example_trigger_controller_dag.py
[2026-03-04T19:36:07.274+0000] {logging_mixin.py:188} INFO - [2026-03-04T19:36:07.274+0000] {dag.py:3033} INFO - Sync 1 DAGs
[2026-03-04T19:36:07.284+0000] {logging_mixin.py:188} INFO - [2026-03-04T19:36:07.284+0000] {dag.py:3820} INFO - Setting next_dagrun for example_trigger_controller_dag to 2021-01-01T00:00:00+00:00, run_after=2021-01-01T00:00:00+00:00
[2026-03-04T19:36:07.296+0000] {processor.py:183} INFO - Processing /Users/HP/storypoints-week1/venv/lib/python3.11/site-packages/airflow/example_dags/example_trigger_controller_dag.py took 0.090 seconds
[2026-03-04T19:37:54.645+0000] {processor.py:161} INFO - Started process (PID=77115) to work on /Users/HP/storypoints-week1/venv/lib/python3.11/site-packages/airflow/example_dags/example_trigger_controller_dag.py
[2026-03-04T19:37:54.647+0000] {processor.py:830} INFO - Processing file /Users/HP/storypoints-week1/venv/lib/python3.11/site-packages/airflow/example_dags/example_trigger_controller_dag.py for tasks to queue
[2026-03-04T19:37:54.649+0000] {logging_mixin.py:188} INFO - [2026-03-04T19:37:54.648+0000] {dagbag.py:538} INFO - Filling up the DagBag from /Users/HP/storypoints-week1/venv/lib/python3.11/site-packages/airflow/example_dags/example_trigger_controller_dag.py
[2026-03-04T19:37:54.656+0000] {processor.py:840} INFO - DAG(s) 'example_trigger_controller_dag' retrieved from /Users/HP/storypoints-week1/venv/lib/python3.11/site-packages/airflow/example_dags/example_trigger_controller_dag.py
[2026-03-04T19:37:54.713+0000] {logging_mixin.py:188} INFO - [2026-03-04T19:37:54.712+0000] {dag.py:3033} INFO - Sync 1 DAGs
[2026-03-04T19:37:54.725+0000] {logging_mixin.py:188} INFO - [2026-03-04T19:37:54.724+0000] {dag.py:3820} INFO - Setting next_dagrun for example_trigger_controller_dag to 2021-01-01T00:00:00+00:00, run_after=2021-01-01T00:00:00+00:00
[2026-03-04T19:37:54.739+0000] {processor.py:183} INFO - Processing /Users/HP/storypoints-week1/venv/lib/python3.11/site-packages/airflow/example_dags/example_trigger_controller_dag.py took 0.095 seconds
[2026-03-04T19:39:13.975+0000] {processor.py:161} INFO - Started process (PID=77878) to work on /Users/HP/storypoints-week1/venv/lib/python3.11/site-packages/airflow/example_dags/example_trigger_controller_dag.py
[2026-03-04T19:39:13.978+0000] {processor.py:830} INFO - Processing file /Users/HP/storypoints-week1/venv/lib/python3.11/site-packages/airflow/example_dags/example_trigger_controller_dag.py for tasks to queue
[2026-03-04T19:39:13.979+0000] {logging_mixin.py:188} INFO - [2026-03-04T19:39:13.979+0000] {dagbag.py:538} INFO - Filling up the DagBag from /Users/HP/storypoints-week1/venv/lib/python3.11/site-packages/airflow/example_dags/example_trigger_controller_dag.py
[2026-03-04T19:39:13.986+0000] {processor.py:840} INFO - DAG(s) 'example_trigger_controller_dag' retrieved from /Users/HP/storypoints-week1/venv/lib/python3.11/site-packages/airflow/example_dags/example_trigger_controller_dag.py
[2026-03-04T19:39:14.045+0000] {logging_mixin.py:188} INFO - [2026-03-04T19:39:14.045+0000] {dag.py:3033} INFO - Sync 1 DAGs
[2026-03-04T19:39:14.055+0000] {logging_mixin.py:188} INFO - [2026-03-04T19:39:14.055+0000] {dag.py:3820} INFO - Setting next_dagrun for example_trigger_controller_dag to 2021-01-01T00:00:00+00:00, run_after=2021-01-01T00:00:00+00:00
[2026-03-04T19:39:14.066+0000] {processor.py:183} INFO - Processing /Users/HP/storypoints-week1/venv/lib/python3.11/site-packages/airflow/example_dags/example_trigger_controller_dag.py took 0.092 seconds
[2026-03-04T19:40:27.245+0000] {processor.py:161} INFO - Started process (PID=78572) to work on /Users/HP/storypoints-week1/venv/lib/python3.11/site-packages/airflow/example_dags/example_trigger_controller_dag.py
[2026-03-04T19:40:27.247+0000] {processor.py:830} INFO - Processing file /Users/HP/storypoints-week1/venv/lib/python3.11/site-packages/airflow/example_dags/example_trigger_controller_dag.py for tasks to queue
[2026-03-04T19:40:27.249+0000] {logging_mixin.py:188} INFO - [2026-03-04T19:40:27.249+0000] {dagbag.py:538} INFO - Filling up the DagBag from /Users/HP/storypoints-week1/venv/lib/python3.11/site-packages/airflow/example_dags/example_trigger_controller_dag.py
[2026-03-04T19:40:27.256+0000] {processor.py:840} INFO - DAG(s) 'example_trigger_controller_dag' retrieved from /Users/HP/storypoints-week1/venv/lib/python3.11/site-packages/airflow/example_dags/example_trigger_controller_dag.py
[2026-03-04T19:40:27.313+0000] {logging_mixin.py:188} INFO - [2026-03-04T19:40:27.313+0000] {dag.py:3033} INFO - Sync 1 DAGs
[2026-03-04T19:40:27.324+0000] {logging_mixin.py:188} INFO - [2026-03-04T19:40:27.324+0000] {dag.py:3820} INFO - Setting next_dagrun for example_trigger_controller_dag to 2021-01-01T00:00:00+00:00, run_after=2021-01-01T00:00:00+00:00
[2026-03-04T19:40:27.335+0000] {processor.py:183} INFO - Processing /Users/HP/storypoints-week1/venv/lib/python3.11/site-packages/airflow/example_dags/example_trigger_controller_dag.py took 0.091 seconds
[2026-03-04T19:41:40.401+0000] {processor.py:161} INFO - Started process (PID=79261) to work on /Users/HP/storypoints-week1/venv/lib/python3.11/site-packages/airflow/example_dags/example_trigger_controller_dag.py
[2026-03-04T19:41:40.404+0000] {processor.py:830} INFO - Processing file /Users/HP/storypoints-week1/venv/lib/python3.11/site-packages/airflow/example_dags/example_trigger_controller_dag.py for tasks to queue
[2026-03-04T19:41:40.405+0000] {logging_mixin.py:188} INFO - [2026-03-04T19:41:40.405+0000] {dagbag.py:538} INFO - Filling up the DagBag from /Users/HP/storypoints-week1/venv/lib/python3.11/site-packages/airflow/example_dags/example_trigger_controller_dag.py
[2026-03-04T19:41:40.412+0000] {processor.py:840} INFO - DAG(s) 'example_trigger_controller_dag' retrieved from /Users/HP/storypoints-week1/venv/lib/python3.11/site-packages/airflow/example_dags/example_trigger_controller_dag.py
[2026-03-04T19:41:40.467+0000] {logging_mixin.py:188} INFO - [2026-03-04T19:41:40.467+0000] {dag.py:3033} INFO - Sync 1 DAGs
[2026-03-04T19:41:40.477+0000] {logging_mixin.py:188} INFO - [2026-03-04T19:41:40.477+0000] {dag.py:3820} INFO - Setting next_dagrun for example_trigger_controller_dag to 2021-01-01T00:00:00+00:00, run_after=2021-01-01T00:00:00+00:00
[2026-03-04T19:41:40.487+0000] {processor.py:183} INFO - Processing /Users/HP/storypoints-week1/venv/lib/python3.11/site-packages/airflow/example_dags/example_trigger_controller_dag.py took 0.087 seconds
[2026-03-04T19:42:54.893+0000] {processor.py:161} INFO - Started process (PID=79958) to work on /Users/HP/storypoints-week1/venv/lib/python3.11/site-packages/airflow/example_dags/example_trigger_controller_dag.py
[2026-03-04T19:42:54.895+0000] {processor.py:830} INFO - Processing file /Users/HP/storypoints-week1/venv/lib/python3.11/site-packages/airflow/example_dags/example_trigger_controller_dag.py for tasks to queue
[2026-03-04T19:42:54.897+0000] {logging_mixin.py:188} INFO - [2026-03-04T19:42:54.897+0000] {dagbag.py:538} INFO - Filling up the DagBag from /Users/HP/storypoints-week1/venv/lib/python3.11/site-packages/airflow/example_dags/example_trigger_controller_dag.py
[2026-03-04T19:42:54.904+0000] {processor.py:840} INFO - DAG(s) 'example_trigger_controller_dag' retrieved from /Users/HP/storypoints-week1/venv/lib/python3.11/site-packages/airflow/example_dags/example_trigger_controller_dag.py
[2026-03-04T19:42:54.964+0000] {logging_mixin.py:188} INFO - [2026-03-04T19:42:54.964+0000] {dag.py:3033} INFO - Sync 1 DAGs
[2026-03-04T19:42:54.977+0000] {logging_mixin.py:188} INFO - [2026-03-04T19:42:54.977+0000] {dag.py:3820} INFO - Setting next_dagrun for example_trigger_controller_dag to 2021-01-01T00:00:00+00:00, run_after=2021-01-01T00:00:00+00:00
[2026-03-04T19:42:54.988+0000] {processor.py:183} INFO - Processing /Users/HP/storypoints-week1/venv/lib/python3.11/site-packages/airflow/example_dags/example_trigger_controller_dag.py took 0.096 seconds
[2026-03-04T19:44:08.501+0000] {processor.py:161} INFO - Started process (PID=80652) to work on /Users/HP/storypoints-week1/venv/lib/python3.11/site-packages/airflow/example_dags/example_trigger_controller_dag.py
[2026-03-04T19:44:08.503+0000] {processor.py:830} INFO - Processing file /Users/HP/storypoints-week1/venv/lib/python3.11/site-packages/airflow/example_dags/example_trigger_controller_dag.py for tasks to queue
[2026-03-04T19:44:08.504+0000] {logging_mixin.py:188} INFO - [2026-03-04T19:44:08.504+0000] {dagbag.py:538} INFO - Filling up the DagBag from /Users/HP/storypoints-week1/venv/lib/python3.11/site-packages/airflow/example_dags/example_trigger_controller_dag.py
[2026-03-04T19:44:08.511+0000] {processor.py:840} INFO - DAG(s) 'example_trigger_controller_dag' retrieved from /Users/HP/storypoints-week1/venv/lib/python3.11/site-packages/airflow/example_dags/example_trigger_controller_dag.py
[2026-03-04T19:44:08.566+0000] {logging_mixin.py:188} INFO - [2026-03-04T19:44:08.566+0000] {dag.py:3033} INFO - Sync 1 DAGs
[2026-03-04T19:44:08.576+0000] {logging_mixin.py:188} INFO - [2026-03-04T19:44:08.576+0000] {dag.py:3820} INFO - Setting next_dagrun for example_trigger_controller_dag to 2021-01-01T00:00:00+00:00, run_after=2021-01-01T00:00:00+00:00
[2026-03-04T19:44:08.587+0000] {processor.py:183} INFO - Processing /Users/HP/storypoints-week1/venv/lib/python3.11/site-packages/airflow/example_dags/example_trigger_controller_dag.py took 0.088 seconds
[2026-03-04T19:45:22.364+0000] {processor.py:161} INFO - Started process (PID=81350) to work on /Users/HP/storypoints-week1/venv/lib/python3.11/site-packages/airflow/example_dags/example_trigger_controller_dag.py
[2026-03-04T19:45:22.367+0000] {processor.py:830} INFO - Processing file /Users/HP/storypoints-week1/venv/lib/python3.11/site-packages/airflow/example_dags/example_trigger_controller_dag.py for tasks to queue
[2026-03-04T19:45:22.368+0000] {logging_mixin.py:188} INFO - [2026-03-04T19:45:22.368+0000] {dagbag.py:538} INFO - Filling up the DagBag from /Users/HP/storypoints-week1/venv/lib/python3.11/site-packages/airflow/example_dags/example_trigger_controller_dag.py
[2026-03-04T19:45:22.376+0000] {processor.py:840} INFO - DAG(s) 'example_trigger_controller_dag' retrieved from /Users/HP/storypoints-week1/venv/lib/python3.11/site-packages/airflow/example_dags/example_trigger_controller_dag.py
[2026-03-04T19:45:22.433+0000] {logging_mixin.py:188} INFO - [2026-03-04T19:45:22.433+0000] {dag.py:3033} INFO - Sync 1 DAGs
[2026-03-04T19:45:22.444+0000] {logging_mixin.py:188} INFO - [2026-03-04T19:45:22.444+0000] {dag.py:3820} INFO - Setting next_dagrun for example_trigger_controller_dag to 2021-01-01T00:00:00+00:00, run_after=2021-01-01T00:00:00+00:00
[2026-03-04T19:45:22.454+0000] {processor.py:183} INFO - Processing /Users/HP/storypoints-week1/venv/lib/python3.11/site-packages/airflow/example_dags/example_trigger_controller_dag.py took 0.091 seconds
[2026-03-04T19:46:36.952+0000] {processor.py:161} INFO - Started process (PID=82065) to work on /Users/HP/storypoints-week1/venv/lib/python3.11/site-packages/airflow/example_dags/example_trigger_controller_dag.py
[2026-03-04T19:46:36.955+0000] {processor.py:830} INFO - Processing file /Users/HP/storypoints-week1/venv/lib/python3.11/site-packages/airflow/example_dags/example_trigger_controller_dag.py for tasks to queue
[2026-03-04T19:46:36.956+0000] {logging_mixin.py:188} INFO - [2026-03-04T19:46:36.956+0000] {dagbag.py:538} INFO - Filling up the DagBag from /Users/HP/storypoints-week1/venv/lib/python3.11/site-packages/airflow/example_dags/example_trigger_controller_dag.py
[2026-03-04T19:46:36.963+0000] {processor.py:840} INFO - DAG(s) 'example_trigger_controller_dag' retrieved from /Users/HP/storypoints-week1/venv/lib/python3.11/site-packages/airflow/example_dags/example_trigger_controller_dag.py
[2026-03-04T19:46:37.019+0000] {logging_mixin.py:188} INFO - [2026-03-04T19:46:37.019+0000] {dag.py:3033} INFO - Sync 1 DAGs
[2026-03-04T19:46:37.029+0000] {logging_mixin.py:188} INFO - [2026-03-04T19:46:37.029+0000] {dag.py:3820} INFO - Setting next_dagrun for example_trigger_controller_dag to 2021-01-01T00:00:00+00:00, run_after=2021-01-01T00:00:00+00:00
[2026-03-04T19:46:37.040+0000] {processor.py:183} INFO - Processing /Users/HP/storypoints-week1/venv/lib/python3.11/site-packages/airflow/example_dags/example_trigger_controller_dag.py took 0.089 seconds
[2026-03-04T20:00:01.911+0000] {processor.py:161} INFO - Started process (PID=82766) to work on /Users/HP/storypoints-week1/venv/lib/python3.11/site-packages/airflow/example_dags/example_trigger_controller_dag.py
[2026-03-04T20:00:01.914+0000] {processor.py:830} INFO - Processing file /Users/HP/storypoints-week1/venv/lib/python3.11/site-packages/airflow/example_dags/example_trigger_controller_dag.py for tasks to queue
[2026-03-04T20:00:01.915+0000] {logging_mixin.py:188} INFO - [2026-03-04T20:00:01.915+0000] {dagbag.py:538} INFO - Filling up the DagBag from /Users/HP/storypoints-week1/venv/lib/python3.11/site-packages/airflow/example_dags/example_trigger_controller_dag.py
[2026-03-04T20:00:01.922+0000] {processor.py:840} INFO - DAG(s) 'example_trigger_controller_dag' retrieved from /Users/HP/storypoints-week1/venv/lib/python3.11/site-packages/airflow/example_dags/example_trigger_controller_dag.py
[2026-03-04T20:00:01.979+0000] {logging_mixin.py:188} INFO - [2026-03-04T20:00:01.979+0000] {dag.py:3033} INFO - Sync 1 DAGs
[2026-03-04T20:00:01.990+0000] {logging_mixin.py:188} INFO - [2026-03-04T20:00:01.990+0000] {dag.py:3820} INFO - Setting next_dagrun for example_trigger_controller_dag to 2021-01-01T00:00:00+00:00, run_after=2021-01-01T00:00:00+00:00
[2026-03-04T20:00:01.999+0000] {processor.py:183} INFO - Processing /Users/HP/storypoints-week1/venv/lib/python3.11/site-packages/airflow/example_dags/example_trigger_controller_dag.py took 0.088 seconds
[2026-03-04T20:12:30.208+0000] {processor.py:161} INFO - Started process (PID=83511) to work on /Users/HP/storypoints-week1/venv/lib/python3.11/site-packages/airflow/example_dags/example_trigger_controller_dag.py
[2026-03-04T20:12:30.211+0000] {processor.py:830} INFO - Processing file /Users/HP/storypoints-week1/venv/lib/python3.11/site-packages/airflow/example_dags/example_trigger_controller_dag.py for tasks to queue
[2026-03-04T20:12:30.213+0000] {logging_mixin.py:188} INFO - [2026-03-04T20:12:30.213+0000] {dagbag.py:538} INFO - Filling up the DagBag from /Users/HP/storypoints-week1/venv/lib/python3.11/site-packages/airflow/example_dags/example_trigger_controller_dag.py
[2026-03-04T20:12:30.223+0000] {processor.py:840} INFO - DAG(s) 'example_trigger_controller_dag' retrieved from /Users/HP/storypoints-week1/venv/lib/python3.11/site-packages/airflow/example_dags/example_trigger_controller_dag.py
[2026-03-04T20:12:30.290+0000] {logging_mixin.py:188} INFO - [2026-03-04T20:12:30.290+0000] {dag.py:3033} INFO - Sync 1 DAGs
[2026-03-04T20:12:30.302+0000] {logging_mixin.py:188} INFO - [2026-03-04T20:12:30.302+0000] {dag.py:3820} INFO - Setting next_dagrun for example_trigger_controller_dag to 2021-01-01T00:00:00+00:00, run_after=2021-01-01T00:00:00+00:00
[2026-03-04T20:12:30.314+0000] {processor.py:183} INFO - Processing /Users/HP/storypoints-week1/venv/lib/python3.11/site-packages/airflow/example_dags/example_trigger_controller_dag.py took 0.107 seconds
[2026-03-04T20:14:03.659+0000] {processor.py:161} INFO - Started process (PID=84371) to work on /Users/HP/storypoints-week1/venv/lib/python3.11/site-packages/airflow/example_dags/example_trigger_controller_dag.py
[2026-03-04T20:14:03.662+0000] {processor.py:830} INFO - Processing file /Users/HP/storypoints-week1/venv/lib/python3.11/site-packages/airflow/example_dags/example_trigger_controller_dag.py for tasks to queue
[2026-03-04T20:14:03.664+0000] {logging_mixin.py:188} INFO - [2026-03-04T20:14:03.664+0000] {dagbag.py:538} INFO - Filling up the DagBag from /Users/HP/storypoints-week1/venv/lib/python3.11/site-packages/airflow/example_dags/example_trigger_controller_dag.py
[2026-03-04T20:14:03.671+0000] {processor.py:840} INFO - DAG(s) 'example_trigger_controller_dag' retrieved from /Users/HP/storypoints-week1/venv/lib/python3.11/site-packages/airflow/example_dags/example_trigger_controller_dag.py
[2026-03-04T20:14:03.728+0000] {logging_mixin.py:188} INFO - [2026-03-04T20:14:03.728+0000] {dag.py:3033} INFO - Sync 1 DAGs
[2026-03-04T20:14:03.738+0000] {logging_mixin.py:188} INFO - [2026-03-04T20:14:03.738+0000] {dag.py:3820} INFO - Setting next_dagrun for example_trigger_controller_dag to 2021-01-01T00:00:00+00:00, run_after=2021-01-01T00:00:00+00:00
[2026-03-04T20:14:03.749+0000] {processor.py:183} INFO - Processing /Users/HP/storypoints-week1/venv/lib/python3.11/site-packages/airflow/example_dags/example_trigger_controller_dag.py took 0.091 seconds
[2026-03-04T20:15:22.655+0000] {processor.py:161} INFO - Started process (PID=85107) to work on /Users/HP/storypoints-week1/venv/lib/python3.11/site-packages/airflow/example_dags/example_trigger_controller_dag.py
[2026-03-04T20:15:22.658+0000] {processor.py:830} INFO - Processing file /Users/HP/storypoints-week1/venv/lib/python3.11/site-packages/airflow/example_dags/example_trigger_controller_dag.py for tasks to queue
[2026-03-04T20:15:22.659+0000] {logging_mixin.py:188} INFO - [2026-03-04T20:15:22.659+0000] {dagbag.py:538} INFO - Filling up the DagBag from /Users/HP/storypoints-week1/venv/lib/python3.11/site-packages/airflow/example_dags/example_trigger_controller_dag.py
[2026-03-04T20:15:22.666+0000] {processor.py:840} INFO - DAG(s) 'example_trigger_controller_dag' retrieved from /Users/HP/storypoints-week1/venv/lib/python3.11/site-packages/airflow/example_dags/example_trigger_controller_dag.py
[2026-03-04T20:15:22.720+0000] {logging_mixin.py:188} INFO - [2026-03-04T20:15:22.720+0000] {dag.py:3033} INFO - Sync 1 DAGs
[2026-03-04T20:15:22.735+0000] {logging_mixin.py:188} INFO - [2026-03-04T20:15:22.734+0000] {dag.py:3820} INFO - Setting next_dagrun for example_trigger_controller_dag to 2021-01-01T00:00:00+00:00, run_after=2021-01-01T00:00:00+00:00
[2026-03-04T20:15:22.746+0000] {processor.py:183} INFO - Processing /Users/HP/storypoints-week1/venv/lib/python3.11/site-packages/airflow/example_dags/example_trigger_controller_dag.py took 0.091 seconds
[2026-03-04T20:23:29.475+0000] {processor.py:161} INFO - Started process (PID=85844) to work on /Users/HP/storypoints-week1/venv/lib/python3.11/site-packages/airflow/example_dags/example_trigger_controller_dag.py
[2026-03-04T20:23:29.478+0000] {processor.py:830} INFO - Processing file /Users/HP/storypoints-week1/venv/lib/python3.11/site-packages/airflow/example_dags/example_trigger_controller_dag.py for tasks to queue
[2026-03-04T20:23:29.480+0000] {logging_mixin.py:188} INFO - [2026-03-04T20:23:29.479+0000] {dagbag.py:538} INFO - Filling up the DagBag from /Users/HP/storypoints-week1/venv/lib/python3.11/site-packages/airflow/example_dags/example_trigger_controller_dag.py
[2026-03-04T20:23:29.487+0000] {processor.py:840} INFO - DAG(s) 'example_trigger_controller_dag' retrieved from /Users/HP/storypoints-week1/venv/lib/python3.11/site-packages/airflow/example_dags/example_trigger_controller_dag.py
[2026-03-04T20:23:29.543+0000] {logging_mixin.py:188} INFO - [2026-03-04T20:23:29.542+0000] {dag.py:3033} INFO - Sync 1 DAGs
[2026-03-04T20:23:29.552+0000] {logging_mixin.py:188} INFO - [2026-03-04T20:23:29.552+0000] {dag.py:3820} INFO - Setting next_dagrun for example_trigger_controller_dag to 2021-01-01T00:00:00+00:00, run_after=2021-01-01T00:00:00+00:00
[2026-03-04T20:23:29.562+0000] {processor.py:183} INFO - Processing /Users/HP/storypoints-week1/venv/lib/python3.11/site-packages/airflow/example_dags/example_trigger_controller_dag.py took 0.087 seconds
[2026-03-04T20:24:59.356+0000] {processor.py:161} INFO - Started process (PID=86685) to work on /Users/HP/storypoints-week1/venv/lib/python3.11/site-packages/airflow/example_dags/example_trigger_controller_dag.py
[2026-03-04T20:24:59.359+0000] {processor.py:830} INFO - Processing file /Users/HP/storypoints-week1/venv/lib/python3.11/site-packages/airflow/example_dags/example_trigger_controller_dag.py for tasks to queue
[2026-03-04T20:24:59.360+0000] {logging_mixin.py:188} INFO - [2026-03-04T20:24:59.360+0000] {dagbag.py:538} INFO - Filling up the DagBag from /Users/HP/storypoints-week1/venv/lib/python3.11/site-packages/airflow/example_dags/example_trigger_controller_dag.py
[2026-03-04T20:24:59.367+0000] {processor.py:840} INFO - DAG(s) 'example_trigger_controller_dag' retrieved from /Users/HP/storypoints-week1/venv/lib/python3.11/site-packages/airflow/example_dags/example_trigger_controller_dag.py
[2026-03-04T20:24:59.425+0000] {logging_mixin.py:188} INFO - [2026-03-04T20:24:59.424+0000] {dag.py:3033} INFO - Sync 1 DAGs
[2026-03-04T20:24:59.435+0000] {logging_mixin.py:188} INFO - [2026-03-04T20:24:59.435+0000] {dag.py:3820} INFO - Setting next_dagrun for example_trigger_controller_dag to 2021-01-01T00:00:00+00:00, run_after=2021-01-01T00:00:00+00:00
[2026-03-04T20:24:59.446+0000] {processor.py:183} INFO - Processing /Users/HP/storypoints-week1/venv/lib/python3.11/site-packages/airflow/example_dags/example_trigger_controller_dag.py took 0.091 seconds
[2026-03-04T20:45:39.040+0000] {processor.py:161} INFO - Started process (PID=87425) to work on /Users/HP/storypoints-week1/venv/lib/python3.11/site-packages/airflow/example_dags/example_trigger_controller_dag.py
[2026-03-04T20:45:39.043+0000] {processor.py:830} INFO - Processing file /Users/HP/storypoints-week1/venv/lib/python3.11/site-packages/airflow/example_dags/example_trigger_controller_dag.py for tasks to queue
[2026-03-04T20:45:39.045+0000] {logging_mixin.py:188} INFO - [2026-03-04T20:45:39.044+0000] {dagbag.py:538} INFO - Filling up the DagBag from /Users/HP/storypoints-week1/venv/lib/python3.11/site-packages/airflow/example_dags/example_trigger_controller_dag.py
[2026-03-04T20:45:39.052+0000] {processor.py:840} INFO - DAG(s) 'example_trigger_controller_dag' retrieved from /Users/HP/storypoints-week1/venv/lib/python3.11/site-packages/airflow/example_dags/example_trigger_controller_dag.py
[2026-03-04T20:45:39.109+0000] {logging_mixin.py:188} INFO - [2026-03-04T20:45:39.109+0000] {dag.py:3033} INFO - Sync 1 DAGs
[2026-03-04T20:45:39.120+0000] {logging_mixin.py:188} INFO - [2026-03-04T20:45:39.120+0000] {dag.py:3820} INFO - Setting next_dagrun for example_trigger_controller_dag to 2021-01-01T00:00:00+00:00, run_after=2021-01-01T00:00:00+00:00
[2026-03-04T20:45:39.131+0000] {processor.py:183} INFO - Processing /Users/HP/storypoints-week1/venv/lib/python3.11/site-packages/airflow/example_dags/example_trigger_controller_dag.py took 0.091 seconds
[2026-03-04T22:04:54.680+0000] {processor.py:161} INFO - Started process (PID=88239) to work on /Users/HP/storypoints-week1/venv/lib/python3.11/site-packages/airflow/example_dags/example_trigger_controller_dag.py
[2026-03-04T22:04:54.683+0000] {processor.py:830} INFO - Processing file /Users/HP/storypoints-week1/venv/lib/python3.11/site-packages/airflow/example_dags/example_trigger_controller_dag.py for tasks to queue
[2026-03-04T22:04:54.684+0000] {logging_mixin.py:188} INFO - [2026-03-04T22:04:54.684+0000] {dagbag.py:538} INFO - Filling up the DagBag from /Users/HP/storypoints-week1/venv/lib/python3.11/site-packages/airflow/example_dags/example_trigger_controller_dag.py
[2026-03-04T22:04:54.692+0000] {processor.py:840} INFO - DAG(s) 'example_trigger_controller_dag' retrieved from /Users/HP/storypoints-week1/venv/lib/python3.11/site-packages/airflow/example_dags/example_trigger_controller_dag.py
[2026-03-04T22:04:54.748+0000] {logging_mixin.py:188} INFO - [2026-03-04T22:04:54.748+0000] {dag.py:3033} INFO - Sync 1 DAGs
[2026-03-04T22:04:54.759+0000] {logging_mixin.py:188} INFO - [2026-03-04T22:04:54.759+0000] {dag.py:3820} INFO - Setting next_dagrun for example_trigger_controller_dag to 2021-01-01T00:00:00+00:00, run_after=2021-01-01T00:00:00+00:00
[2026-03-04T22:04:54.768+0000] {processor.py:183} INFO - Processing /Users/HP/storypoints-week1/venv/lib/python3.11/site-packages/airflow/example_dags/example_trigger_controller_dag.py took 0.089 seconds
[2026-03-04T22:17:33.065+0000] {processor.py:161} INFO - Started process (PID=88983) to work on /Users/HP/storypoints-week1/venv/lib/python3.11/site-packages/airflow/example_dags/example_trigger_controller_dag.py
[2026-03-04T22:17:33.067+0000] {processor.py:830} INFO - Processing file /Users/HP/storypoints-week1/venv/lib/python3.11/site-packages/airflow/example_dags/example_trigger_controller_dag.py for tasks to queue
[2026-03-04T22:17:33.069+0000] {logging_mixin.py:188} INFO - [2026-03-04T22:17:33.068+0000] {dagbag.py:538} INFO - Filling up the DagBag from /Users/HP/storypoints-week1/venv/lib/python3.11/site-packages/airflow/example_dags/example_trigger_controller_dag.py
[2026-03-04T22:17:33.075+0000] {processor.py:840} INFO - DAG(s) 'example_trigger_controller_dag' retrieved from /Users/HP/storypoints-week1/venv/lib/python3.11/site-packages/airflow/example_dags/example_trigger_controller_dag.py
[2026-03-04T22:17:33.130+0000] {logging_mixin.py:188} INFO - [2026-03-04T22:17:33.130+0000] {dag.py:3033} INFO - Sync 1 DAGs
[2026-03-04T22:17:33.140+0000] {logging_mixin.py:188} INFO - [2026-03-04T22:17:33.140+0000] {dag.py:3820} INFO - Setting next_dagrun for example_trigger_controller_dag to 2021-01-01T00:00:00+00:00, run_after=2021-01-01T00:00:00+00:00
[2026-03-04T22:17:33.151+0000] {processor.py:183} INFO - Processing /Users/HP/storypoints-week1/venv/lib/python3.11/site-packages/airflow/example_dags/example_trigger_controller_dag.py took 0.087 seconds
[2026-03-04T22:19:13.117+0000] {processor.py:161} INFO - Started process (PID=89924) to work on /Users/HP/storypoints-week1/venv/lib/python3.11/site-packages/airflow/example_dags/example_trigger_controller_dag.py
[2026-03-04T22:19:13.120+0000] {processor.py:830} INFO - Processing file /Users/HP/storypoints-week1/venv/lib/python3.11/site-packages/airflow/example_dags/example_trigger_controller_dag.py for tasks to queue
[2026-03-04T22:19:13.121+0000] {logging_mixin.py:188} INFO - [2026-03-04T22:19:13.121+0000] {dagbag.py:538} INFO - Filling up the DagBag from /Users/HP/storypoints-week1/venv/lib/python3.11/site-packages/airflow/example_dags/example_trigger_controller_dag.py
[2026-03-04T22:19:13.130+0000] {processor.py:840} INFO - DAG(s) 'example_trigger_controller_dag' retrieved from /Users/HP/storypoints-week1/venv/lib/python3.11/site-packages/airflow/example_dags/example_trigger_controller_dag.py
[2026-03-04T22:19:13.189+0000] {logging_mixin.py:188} INFO - [2026-03-04T22:19:13.189+0000] {dag.py:3033} INFO - Sync 1 DAGs
[2026-03-04T22:19:13.201+0000] {logging_mixin.py:188} INFO - [2026-03-04T22:19:13.201+0000] {dag.py:3820} INFO - Setting next_dagrun for example_trigger_controller_dag to 2021-01-01T00:00:00+00:00, run_after=2021-01-01T00:00:00+00:00
[2026-03-04T22:19:13.212+0000] {processor.py:183} INFO - Processing /Users/HP/storypoints-week1/venv/lib/python3.11/site-packages/airflow/example_dags/example_trigger_controller_dag.py took 0.095 seconds
[2026-03-04T23:06:00.199+0000] {processor.py:161} INFO - Started process (PID=90694) to work on /Users/HP/storypoints-week1/venv/lib/python3.11/site-packages/airflow/example_dags/example_trigger_controller_dag.py
[2026-03-04T23:06:00.202+0000] {processor.py:830} INFO - Processing file /Users/HP/storypoints-week1/venv/lib/python3.11/site-packages/airflow/example_dags/example_trigger_controller_dag.py for tasks to queue
[2026-03-04T23:06:00.203+0000] {logging_mixin.py:188} INFO - [2026-03-04T23:06:00.203+0000] {dagbag.py:538} INFO - Filling up the DagBag from /Users/HP/storypoints-week1/venv/lib/python3.11/site-packages/airflow/example_dags/example_trigger_controller_dag.py
[2026-03-04T23:06:00.211+0000] {processor.py:840} INFO - DAG(s) 'example_trigger_controller_dag' retrieved from /Users/HP/storypoints-week1/venv/lib/python3.11/site-packages/airflow/example_dags/example_trigger_controller_dag.py
[2026-03-04T23:06:00.267+0000] {logging_mixin.py:188} INFO - [2026-03-04T23:06:00.267+0000] {dag.py:3033} INFO - Sync 1 DAGs
[2026-03-04T23:06:00.277+0000] {logging_mixin.py:188} INFO - [2026-03-04T23:06:00.277+0000] {dag.py:3820} INFO - Setting next_dagrun for example_trigger_controller_dag to 2021-01-01T00:00:00+00:00, run_after=2021-01-01T00:00:00+00:00
[2026-03-04T23:06:00.287+0000] {processor.py:183} INFO - Processing /Users/HP/storypoints-week1/venv/lib/python3.11/site-packages/airflow/example_dags/example_trigger_controller_dag.py took 0.089 seconds
[2026-03-04T23:07:13.247+0000] {processor.py:161} INFO - Started process (PID=91395) to work on /Users/HP/storypoints-week1/venv/lib/python3.11/site-packages/airflow/example_dags/example_trigger_controller_dag.py
[2026-03-04T23:07:13.250+0000] {processor.py:830} INFO - Processing file /Users/HP/storypoints-week1/venv/lib/python3.11/site-packages/airflow/example_dags/example_trigger_controller_dag.py for tasks to queue
[2026-03-04T23:07:13.251+0000] {logging_mixin.py:188} INFO - [2026-03-04T23:07:13.251+0000] {dagbag.py:538} INFO - Filling up the DagBag from /Users/HP/storypoints-week1/venv/lib/python3.11/site-packages/airflow/example_dags/example_trigger_controller_dag.py
[2026-03-04T23:07:13.259+0000] {processor.py:840} INFO - DAG(s) 'example_trigger_controller_dag' retrieved from /Users/HP/storypoints-week1/venv/lib/python3.11/site-packages/airflow/example_dags/example_trigger_controller_dag.py
[2026-03-04T23:07:13.318+0000] {logging_mixin.py:188} INFO - [2026-03-04T23:07:13.318+0000] {dag.py:3033} INFO - Sync 1 DAGs
[2026-03-04T23:07:13.328+0000] {logging_mixin.py:188} INFO - [2026-03-04T23:07:13.328+0000] {dag.py:3820} INFO - Setting next_dagrun for example_trigger_controller_dag to 2021-01-01T00:00:00+00:00, run_after=2021-01-01T00:00:00+00:00
[2026-03-04T23:07:13.339+0000] {processor.py:183} INFO - Processing /Users/HP/storypoints-week1/venv/lib/python3.11/site-packages/airflow/example_dags/example_trigger_controller_dag.py took 0.092 seconds
[2026-03-04T23:19:22.279+0000] {processor.py:161} INFO - Started process (PID=92102) to work on /Users/HP/storypoints-week1/venv/lib/python3.11/site-packages/airflow/example_dags/example_trigger_controller_dag.py
[2026-03-04T23:19:22.281+0000] {processor.py:830} INFO - Processing file /Users/HP/storypoints-week1/venv/lib/python3.11/site-packages/airflow/example_dags/example_trigger_controller_dag.py for tasks to queue
[2026-03-04T23:19:22.282+0000] {logging_mixin.py:188} INFO - [2026-03-04T23:19:22.282+0000] {dagbag.py:538} INFO - Filling up the DagBag from /Users/HP/storypoints-week1/venv/lib/python3.11/site-packages/airflow/example_dags/example_trigger_controller_dag.py
[2026-03-04T23:19:22.289+0000] {processor.py:840} INFO - DAG(s) 'example_trigger_controller_dag' retrieved from /Users/HP/storypoints-week1/venv/lib/python3.11/site-packages/airflow/example_dags/example_trigger_controller_dag.py
[2026-03-04T23:19:22.343+0000] {logging_mixin.py:188} INFO - [2026-03-04T23:19:22.343+0000] {dag.py:3033} INFO - Sync 1 DAGs
[2026-03-04T23:19:22.352+0000] {logging_mixin.py:188} INFO - [2026-03-04T23:19:22.352+0000] {dag.py:3820} INFO - Setting next_dagrun for example_trigger_controller_dag to 2021-01-01T00:00:00+00:00, run_after=2021-01-01T00:00:00+00:00
[2026-03-04T23:19:22.362+0000] {processor.py:183} INFO - Processing /Users/HP/storypoints-week1/venv/lib/python3.11/site-packages/airflow/example_dags/example_trigger_controller_dag.py took 0.083 seconds
[2026-03-04T23:38:32.961+0000] {processor.py:161} INFO - Started process (PID=92808) to work on /Users/HP/storypoints-week1/venv/lib/python3.11/site-packages/airflow/example_dags/example_trigger_controller_dag.py
[2026-03-04T23:38:32.963+0000] {processor.py:830} INFO - Processing file /Users/HP/storypoints-week1/venv/lib/python3.11/site-packages/airflow/example_dags/example_trigger_controller_dag.py for tasks to queue
[2026-03-04T23:38:32.965+0000] {logging_mixin.py:188} INFO - [2026-03-04T23:38:32.964+0000] {dagbag.py:538} INFO - Filling up the DagBag from /Users/HP/storypoints-week1/venv/lib/python3.11/site-packages/airflow/example_dags/example_trigger_controller_dag.py
[2026-03-04T23:38:32.972+0000] {processor.py:840} INFO - DAG(s) 'example_trigger_controller_dag' retrieved from /Users/HP/storypoints-week1/venv/lib/python3.11/site-packages/airflow/example_dags/example_trigger_controller_dag.py
[2026-03-04T23:38:33.028+0000] {logging_mixin.py:188} INFO - [2026-03-04T23:38:33.027+0000] {dag.py:3033} INFO - Sync 1 DAGs
[2026-03-04T23:38:33.037+0000] {logging_mixin.py:188} INFO - [2026-03-04T23:38:33.037+0000] {dag.py:3820} INFO - Setting next_dagrun for example_trigger_controller_dag to 2021-01-01T00:00:00+00:00, run_after=2021-01-01T00:00:00+00:00
[2026-03-04T23:38:33.048+0000] {processor.py:183} INFO - Processing /Users/HP/storypoints-week1/venv/lib/python3.11/site-packages/airflow/example_dags/example_trigger_controller_dag.py took 0.087 seconds
