[2026-03-04T19:01:43.331+0000] {processor.py:161} INFO - Started process (PID=54494) to work on /Users/HP/storypoints-week1/venv/lib/python3.11/site-packages/airflow/example_dags/example_task_group_decorator.py
[2026-03-04T19:01:43.335+0000] {processor.py:830} INFO - Processing file /Users/HP/storypoints-week1/venv/lib/python3.11/site-packages/airflow/example_dags/example_task_group_decorator.py for tasks to queue
[2026-03-04T19:01:43.336+0000] {logging_mixin.py:188} INFO - [2026-03-04T19:01:43.336+0000] {dagbag.py:538} INFO - Filling up the DagBag from /Users/HP/storypoints-week1/venv/lib/python3.11/site-packages/airflow/example_dags/example_task_group_decorator.py
[2026-03-04T19:01:43.370+0000] {processor.py:840} INFO - DAG(s) 'example_task_group_decorator' retrieved from /Users/HP/storypoints-week1/venv/lib/python3.11/site-packages/airflow/example_dags/example_task_group_decorator.py
[2026-03-04T19:01:43.496+0000] {logging_mixin.py:188} INFO - [2026-03-04T19:01:43.495+0000] {override.py:1769} INFO - Created Permission View: can edit on DAG:example_task_group_decorator
[2026-03-04T19:01:43.502+0000] {logging_mixin.py:188} INFO - [2026-03-04T19:01:43.501+0000] {override.py:1769} INFO - Created Permission View: can delete on DAG:example_task_group_decorator
[2026-03-04T19:01:43.505+0000] {logging_mixin.py:188} INFO - [2026-03-04T19:01:43.505+0000] {override.py:1769} INFO - Created Permission View: can read on DAG:example_task_group_decorator
[2026-03-04T19:01:43.506+0000] {logging_mixin.py:188} INFO - [2026-03-04T19:01:43.505+0000] {dag.py:3033} INFO - Sync 1 DAGs
[2026-03-04T19:01:43.512+0000] {logging_mixin.py:188} INFO - [2026-03-04T19:01:43.512+0000] {dag.py:3055} INFO - Creating ORM DAG for example_task_group_decorator
[2026-03-04T19:01:43.517+0000] {logging_mixin.py:188} INFO - [2026-03-04T19:01:43.517+0000] {dag.py:3820} INFO - Setting next_dagrun for example_task_group_decorator to 2026-03-03T00:00:00+00:00, run_after=2026-03-04T00:00:00+00:00
[2026-03-04T19:01:43.526+0000] {processor.py:183} INFO - Processing /Users/HP/storypoints-week1/venv/lib/python3.11/site-packages/airflow/example_dags/example_task_group_decorator.py took 0.196 seconds
[2026-03-04T19:03:42.858+0000] {processor.py:161} INFO - Started process (PID=55625) to work on /Users/HP/storypoints-week1/venv/lib/python3.11/site-packages/airflow/example_dags/example_task_group_decorator.py
[2026-03-04T19:03:42.864+0000] {processor.py:830} INFO - Processing file /Users/HP/storypoints-week1/venv/lib/python3.11/site-packages/airflow/example_dags/example_task_group_decorator.py for tasks to queue
[2026-03-04T19:03:42.868+0000] {logging_mixin.py:188} INFO - [2026-03-04T19:03:42.868+0000] {dagbag.py:538} INFO - Filling up the DagBag from /Users/HP/storypoints-week1/venv/lib/python3.11/site-packages/airflow/example_dags/example_task_group_decorator.py
[2026-03-04T19:03:42.924+0000] {processor.py:840} INFO - DAG(s) 'example_task_group_decorator' retrieved from /Users/HP/storypoints-week1/venv/lib/python3.11/site-packages/airflow/example_dags/example_task_group_decorator.py
[2026-03-04T19:03:43.007+0000] {logging_mixin.py:188} INFO - [2026-03-04T19:03:43.007+0000] {dag.py:3033} INFO - Sync 1 DAGs
[2026-03-04T19:03:43.022+0000] {logging_mixin.py:188} INFO - [2026-03-04T19:03:43.022+0000] {dag.py:3820} INFO - Setting next_dagrun for example_task_group_decorator to 2026-03-03T00:00:00+00:00, run_after=2026-03-04T00:00:00+00:00
[2026-03-04T19:03:43.036+0000] {processor.py:183} INFO - Processing /Users/HP/storypoints-week1/venv/lib/python3.11/site-packages/airflow/example_dags/example_task_group_decorator.py took 0.179 seconds
[2026-03-04T19:05:19.369+0000] {processor.py:161} INFO - Started process (PID=56953) to work on /Users/HP/storypoints-week1/venv/lib/python3.11/site-packages/airflow/example_dags/example_task_group_decorator.py
[2026-03-04T19:05:19.371+0000] {processor.py:830} INFO - Processing file /Users/HP/storypoints-week1/venv/lib/python3.11/site-packages/airflow/example_dags/example_task_group_decorator.py for tasks to queue
[2026-03-04T19:05:19.373+0000] {logging_mixin.py:188} INFO - [2026-03-04T19:05:19.373+0000] {dagbag.py:538} INFO - Filling up the DagBag from /Users/HP/storypoints-week1/venv/lib/python3.11/site-packages/airflow/example_dags/example_task_group_decorator.py
[2026-03-04T19:05:19.399+0000] {processor.py:840} INFO - DAG(s) 'example_task_group_decorator' retrieved from /Users/HP/storypoints-week1/venv/lib/python3.11/site-packages/airflow/example_dags/example_task_group_decorator.py
[2026-03-04T19:05:19.456+0000] {logging_mixin.py:188} INFO - [2026-03-04T19:05:19.456+0000] {dag.py:3033} INFO - Sync 1 DAGs
[2026-03-04T19:05:19.468+0000] {logging_mixin.py:188} INFO - [2026-03-04T19:05:19.468+0000] {dag.py:3820} INFO - Setting next_dagrun for example_task_group_decorator to 2026-03-03T00:00:00+00:00, run_after=2026-03-04T00:00:00+00:00
[2026-03-04T19:05:19.481+0000] {processor.py:183} INFO - Processing /Users/HP/storypoints-week1/venv/lib/python3.11/site-packages/airflow/example_dags/example_task_group_decorator.py took 0.112 seconds
[2026-03-04T19:06:46.625+0000] {processor.py:161} INFO - Started process (PID=57782) to work on /Users/HP/storypoints-week1/venv/lib/python3.11/site-packages/airflow/example_dags/example_task_group_decorator.py
[2026-03-04T19:06:46.628+0000] {processor.py:830} INFO - Processing file /Users/HP/storypoints-week1/venv/lib/python3.11/site-packages/airflow/example_dags/example_task_group_decorator.py for tasks to queue
[2026-03-04T19:06:46.629+0000] {logging_mixin.py:188} INFO - [2026-03-04T19:06:46.629+0000] {dagbag.py:538} INFO - Filling up the DagBag from /Users/HP/storypoints-week1/venv/lib/python3.11/site-packages/airflow/example_dags/example_task_group_decorator.py
[2026-03-04T19:06:46.659+0000] {processor.py:840} INFO - DAG(s) 'example_task_group_decorator' retrieved from /Users/HP/storypoints-week1/venv/lib/python3.11/site-packages/airflow/example_dags/example_task_group_decorator.py
[2026-03-04T19:06:46.721+0000] {logging_mixin.py:188} INFO - [2026-03-04T19:06:46.721+0000] {dag.py:3033} INFO - Sync 1 DAGs
[2026-03-04T19:06:46.734+0000] {logging_mixin.py:188} INFO - [2026-03-04T19:06:46.734+0000] {dag.py:3820} INFO - Setting next_dagrun for example_task_group_decorator to 2026-03-03T00:00:00+00:00, run_after=2026-03-04T00:00:00+00:00
[2026-03-04T19:06:46.746+0000] {processor.py:183} INFO - Processing /Users/HP/storypoints-week1/venv/lib/python3.11/site-packages/airflow/example_dags/example_task_group_decorator.py took 0.122 seconds
[2026-03-04T19:08:02.017+0000] {processor.py:161} INFO - Started process (PID=58503) to work on /Users/HP/storypoints-week1/venv/lib/python3.11/site-packages/airflow/example_dags/example_task_group_decorator.py
[2026-03-04T19:08:02.020+0000] {processor.py:830} INFO - Processing file /Users/HP/storypoints-week1/venv/lib/python3.11/site-packages/airflow/example_dags/example_task_group_decorator.py for tasks to queue
[2026-03-04T19:08:02.023+0000] {logging_mixin.py:188} INFO - [2026-03-04T19:08:02.023+0000] {dagbag.py:538} INFO - Filling up the DagBag from /Users/HP/storypoints-week1/venv/lib/python3.11/site-packages/airflow/example_dags/example_task_group_decorator.py
[2026-03-04T19:08:02.061+0000] {processor.py:840} INFO - DAG(s) 'example_task_group_decorator' retrieved from /Users/HP/storypoints-week1/venv/lib/python3.11/site-packages/airflow/example_dags/example_task_group_decorator.py
[2026-03-04T19:08:02.131+0000] {logging_mixin.py:188} INFO - [2026-03-04T19:08:02.131+0000] {dag.py:3033} INFO - Sync 1 DAGs
[2026-03-04T19:08:02.143+0000] {logging_mixin.py:188} INFO - [2026-03-04T19:08:02.143+0000] {dag.py:3820} INFO - Setting next_dagrun for example_task_group_decorator to 2026-03-03T00:00:00+00:00, run_after=2026-03-04T00:00:00+00:00
[2026-03-04T19:08:02.155+0000] {processor.py:183} INFO - Processing /Users/HP/storypoints-week1/venv/lib/python3.11/site-packages/airflow/example_dags/example_task_group_decorator.py took 0.139 seconds
[2026-03-04T19:09:19.455+0000] {processor.py:161} INFO - Started process (PID=59252) to work on /Users/HP/storypoints-week1/venv/lib/python3.11/site-packages/airflow/example_dags/example_task_group_decorator.py
[2026-03-04T19:09:19.457+0000] {processor.py:830} INFO - Processing file /Users/HP/storypoints-week1/venv/lib/python3.11/site-packages/airflow/example_dags/example_task_group_decorator.py for tasks to queue
[2026-03-04T19:09:19.458+0000] {logging_mixin.py:188} INFO - [2026-03-04T19:09:19.458+0000] {dagbag.py:538} INFO - Filling up the DagBag from /Users/HP/storypoints-week1/venv/lib/python3.11/site-packages/airflow/example_dags/example_task_group_decorator.py
[2026-03-04T19:09:19.487+0000] {processor.py:840} INFO - DAG(s) 'example_task_group_decorator' retrieved from /Users/HP/storypoints-week1/venv/lib/python3.11/site-packages/airflow/example_dags/example_task_group_decorator.py
[2026-03-04T19:09:19.550+0000] {logging_mixin.py:188} INFO - [2026-03-04T19:09:19.549+0000] {dag.py:3033} INFO - Sync 1 DAGs
[2026-03-04T19:09:19.561+0000] {logging_mixin.py:188} INFO - [2026-03-04T19:09:19.561+0000] {dag.py:3820} INFO - Setting next_dagrun for example_task_group_decorator to 2026-03-03T00:00:00+00:00, run_after=2026-03-04T00:00:00+00:00
[2026-03-04T19:09:19.572+0000] {processor.py:183} INFO - Processing /Users/HP/storypoints-week1/venv/lib/python3.11/site-packages/airflow/example_dags/example_task_group_decorator.py took 0.119 seconds
[2026-03-04T19:10:45.007+0000] {processor.py:161} INFO - Started process (PID=60057) to work on /Users/HP/storypoints-week1/venv/lib/python3.11/site-packages/airflow/example_dags/example_task_group_decorator.py
[2026-03-04T19:10:45.010+0000] {processor.py:830} INFO - Processing file /Users/HP/storypoints-week1/venv/lib/python3.11/site-packages/airflow/example_dags/example_task_group_decorator.py for tasks to queue
[2026-03-04T19:10:45.013+0000] {logging_mixin.py:188} INFO - [2026-03-04T19:10:45.013+0000] {dagbag.py:538} INFO - Filling up the DagBag from /Users/HP/storypoints-week1/venv/lib/python3.11/site-packages/airflow/example_dags/example_task_group_decorator.py
[2026-03-04T19:10:45.056+0000] {processor.py:840} INFO - DAG(s) 'example_task_group_decorator' retrieved from /Users/HP/storypoints-week1/venv/lib/python3.11/site-packages/airflow/example_dags/example_task_group_decorator.py
[2026-03-04T19:10:45.149+0000] {logging_mixin.py:188} INFO - [2026-03-04T19:10:45.148+0000] {dag.py:3033} INFO - Sync 1 DAGs
[2026-03-04T19:10:45.165+0000] {logging_mixin.py:188} INFO - [2026-03-04T19:10:45.165+0000] {dag.py:3820} INFO - Setting next_dagrun for example_task_group_decorator to 2026-03-03T00:00:00+00:00, run_after=2026-03-04T00:00:00+00:00
[2026-03-04T19:10:45.183+0000] {processor.py:183} INFO - Processing /Users/HP/storypoints-week1/venv/lib/python3.11/site-packages/airflow/example_dags/example_task_group_decorator.py took 0.177 seconds
[2026-03-04T19:12:04.856+0000] {processor.py:161} INFO - Started process (PID=60830) to work on /Users/HP/storypoints-week1/venv/lib/python3.11/site-packages/airflow/example_dags/example_task_group_decorator.py
[2026-03-04T19:12:04.859+0000] {processor.py:830} INFO - Processing file /Users/HP/storypoints-week1/venv/lib/python3.11/site-packages/airflow/example_dags/example_task_group_decorator.py for tasks to queue
[2026-03-04T19:12:04.861+0000] {logging_mixin.py:188} INFO - [2026-03-04T19:12:04.861+0000] {dagbag.py:538} INFO - Filling up the DagBag from /Users/HP/storypoints-week1/venv/lib/python3.11/site-packages/airflow/example_dags/example_task_group_decorator.py
[2026-03-04T19:12:04.892+0000] {processor.py:840} INFO - DAG(s) 'example_task_group_decorator' retrieved from /Users/HP/storypoints-week1/venv/lib/python3.11/site-packages/airflow/example_dags/example_task_group_decorator.py
[2026-03-04T19:12:04.954+0000] {logging_mixin.py:188} INFO - [2026-03-04T19:12:04.954+0000] {dag.py:3033} INFO - Sync 1 DAGs
[2026-03-04T19:12:04.965+0000] {logging_mixin.py:188} INFO - [2026-03-04T19:12:04.965+0000] {dag.py:3820} INFO - Setting next_dagrun for example_task_group_decorator to 2026-03-03T00:00:00+00:00, run_after=2026-03-04T00:00:00+00:00
[2026-03-04T19:12:04.977+0000] {processor.py:183} INFO - Processing /Users/HP/storypoints-week1/venv/lib/python3.11/site-packages/airflow/example_dags/example_task_group_decorator.py took 0.122 seconds
[2026-03-04T19:33:34.842+0000] {processor.py:161} INFO - Started process (PID=74451) to work on /Users/HP/storypoints-week1/venv/lib/python3.11/site-packages/airflow/example_dags/example_task_group_decorator.py
[2026-03-04T19:33:34.845+0000] {processor.py:830} INFO - Processing file /Users/HP/storypoints-week1/venv/lib/python3.11/site-packages/airflow/example_dags/example_task_group_decorator.py for tasks to queue
[2026-03-04T19:33:34.846+0000] {logging_mixin.py:188} INFO - [2026-03-04T19:33:34.846+0000] {dagbag.py:538} INFO - Filling up the DagBag from /Users/HP/storypoints-week1/venv/lib/python3.11/site-packages/airflow/example_dags/example_task_group_decorator.py
[2026-03-04T19:33:34.875+0000] {processor.py:840} INFO - DAG(s) 'example_task_group_decorator' retrieved from /Users/HP/storypoints-week1/venv/lib/python3.11/site-packages/airflow/example_dags/example_task_group_decorator.py
[2026-03-04T19:33:34.938+0000] {logging_mixin.py:188} INFO - [2026-03-04T19:33:34.938+0000] {dag.py:3033} INFO - Sync 1 DAGs
[2026-03-04T19:33:34.949+0000] {logging_mixin.py:188} INFO - [2026-03-04T19:33:34.949+0000] {dag.py:3820} INFO - Setting next_dagrun for example_task_group_decorator to 2026-03-03T00:00:00+00:00, run_after=2026-03-04T00:00:00+00:00
[2026-03-04T19:33:34.961+0000] {processor.py:183} INFO - Processing /Users/HP/storypoints-week1/venv/lib/python3.11/site-packages/airflow/example_dags/example_task_group_decorator.py took 0.119 seconds
[2026-03-04T19:36:11.231+0000] {processor.py:161} INFO - Started process (PID=76142) to work on /Users/HP/storypoints-week1/venv/lib/python3.11/site-packages/airflow/example_dags/example_task_group_decorator.py
[2026-03-04T19:36:11.233+0000] {processor.py:830} INFO - Processing file /Users/HP/storypoints-week1/venv/lib/python3.11/site-packages/airflow/example_dags/example_task_group_decorator.py for tasks to queue
[2026-03-04T19:36:11.234+0000] {logging_mixin.py:188} INFO - [2026-03-04T19:36:11.234+0000] {dagbag.py:538} INFO - Filling up the DagBag from /Users/HP/storypoints-week1/venv/lib/python3.11/site-packages/airflow/example_dags/example_task_group_decorator.py
[2026-03-04T19:36:11.264+0000] {processor.py:840} INFO - DAG(s) 'example_task_group_decorator' retrieved from /Users/HP/storypoints-week1/venv/lib/python3.11/site-packages/airflow/example_dags/example_task_group_decorator.py
[2026-03-04T19:36:11.326+0000] {logging_mixin.py:188} INFO - [2026-03-04T19:36:11.326+0000] {dag.py:3033} INFO - Sync 1 DAGs
[2026-03-04T19:36:11.338+0000] {logging_mixin.py:188} INFO - [2026-03-04T19:36:11.338+0000] {dag.py:3820} INFO - Setting next_dagrun for example_task_group_decorator to 2026-03-03T00:00:00+00:00, run_after=2026-03-04T00:00:00+00:00
[2026-03-04T19:36:11.349+0000] {processor.py:183} INFO - Processing /Users/HP/storypoints-week1/venv/lib/python3.11/site-packages/airflow/example_dags/example_task_group_decorator.py took 0.119 seconds
[2026-03-04T19:37:59.549+0000] {processor.py:161} INFO - Started process (PID=77160) to work on /Users/HP/storypoints-week1/venv/lib/python3.11/site-packages/airflow/example_dags/example_task_group_decorator.py
[2026-03-04T19:37:59.551+0000] {processor.py:830} INFO - Processing file /Users/HP/storypoints-week1/venv/lib/python3.11/site-packages/airflow/example_dags/example_task_group_decorator.py for tasks to queue
[2026-03-04T19:37:59.553+0000] {logging_mixin.py:188} INFO - [2026-03-04T19:37:59.553+0000] {dagbag.py:538} INFO - Filling up the DagBag from /Users/HP/storypoints-week1/venv/lib/python3.11/site-packages/airflow/example_dags/example_task_group_decorator.py
[2026-03-04T19:37:59.582+0000] {processor.py:840} INFO - DAG(s) 'example_task_group_decorator' retrieved from /Users/HP/storypoints-week1/venv/lib/python3.11/site-packages/airflow/example_dags/example_task_group_decorator.py
[2026-03-04T19:37:59.645+0000] {logging_mixin.py:188} INFO - [2026-03-04T19:37:59.645+0000] {dag.py:3033} INFO - Sync 1 DAGs
[2026-03-04T19:37:59.656+0000] {logging_mixin.py:188} INFO - [2026-03-04T19:37:59.656+0000] {dag.py:3820} INFO - Setting next_dagrun for example_task_group_decorator to 2026-03-03T00:00:00+00:00, run_after=2026-03-04T00:00:00+00:00
[2026-03-04T19:37:59.667+0000] {processor.py:183} INFO - Processing /Users/HP/storypoints-week1/venv/lib/python3.11/site-packages/airflow/example_dags/example_task_group_decorator.py took 0.119 seconds
[2026-03-04T19:39:18.282+0000] {processor.py:161} INFO - Started process (PID=77924) to work on /Users/HP/storypoints-week1/venv/lib/python3.11/site-packages/airflow/example_dags/example_task_group_decorator.py
[2026-03-04T19:39:18.284+0000] {processor.py:830} INFO - Processing file /Users/HP/storypoints-week1/venv/lib/python3.11/site-packages/airflow/example_dags/example_task_group_decorator.py for tasks to queue
[2026-03-04T19:39:18.285+0000] {logging_mixin.py:188} INFO - [2026-03-04T19:39:18.285+0000] {dagbag.py:538} INFO - Filling up the DagBag from /Users/HP/storypoints-week1/venv/lib/python3.11/site-packages/airflow/example_dags/example_task_group_decorator.py
[2026-03-04T19:39:18.313+0000] {processor.py:840} INFO - DAG(s) 'example_task_group_decorator' retrieved from /Users/HP/storypoints-week1/venv/lib/python3.11/site-packages/airflow/example_dags/example_task_group_decorator.py
[2026-03-04T19:39:18.375+0000] {logging_mixin.py:188} INFO - [2026-03-04T19:39:18.375+0000] {dag.py:3033} INFO - Sync 1 DAGs
[2026-03-04T19:39:18.387+0000] {logging_mixin.py:188} INFO - [2026-03-04T19:39:18.387+0000] {dag.py:3820} INFO - Setting next_dagrun for example_task_group_decorator to 2026-03-03T00:00:00+00:00, run_after=2026-03-04T00:00:00+00:00
[2026-03-04T19:39:18.398+0000] {processor.py:183} INFO - Processing /Users/HP/storypoints-week1/venv/lib/python3.11/site-packages/airflow/example_dags/example_task_group_decorator.py took 0.117 seconds
[2026-03-04T19:40:32.145+0000] {processor.py:161} INFO - Started process (PID=78619) to work on /Users/HP/storypoints-week1/venv/lib/python3.11/site-packages/airflow/example_dags/example_task_group_decorator.py
[2026-03-04T19:40:32.147+0000] {processor.py:830} INFO - Processing file /Users/HP/storypoints-week1/venv/lib/python3.11/site-packages/airflow/example_dags/example_task_group_decorator.py for tasks to queue
[2026-03-04T19:40:32.149+0000] {logging_mixin.py:188} INFO - [2026-03-04T19:40:32.149+0000] {dagbag.py:538} INFO - Filling up the DagBag from /Users/HP/storypoints-week1/venv/lib/python3.11/site-packages/airflow/example_dags/example_task_group_decorator.py
[2026-03-04T19:40:32.179+0000] {processor.py:840} INFO - DAG(s) 'example_task_group_decorator' retrieved from /Users/HP/storypoints-week1/venv/lib/python3.11/site-packages/airflow/example_dags/example_task_group_decorator.py
[2026-03-04T19:40:32.242+0000] {logging_mixin.py:188} INFO - [2026-03-04T19:40:32.242+0000] {dag.py:3033} INFO - Sync 1 DAGs
[2026-03-04T19:40:32.254+0000] {logging_mixin.py:188} INFO - [2026-03-04T19:40:32.253+0000] {dag.py:3820} INFO - Setting next_dagrun for example_task_group_decorator to 2026-03-03T00:00:00+00:00, run_after=2026-03-04T00:00:00+00:00
[2026-03-04T19:40:32.265+0000] {processor.py:183} INFO - Processing /Users/HP/storypoints-week1/venv/lib/python3.11/site-packages/airflow/example_dags/example_task_group_decorator.py took 0.121 seconds
[2026-03-04T19:41:44.957+0000] {processor.py:161} INFO - Started process (PID=79302) to work on /Users/HP/storypoints-week1/venv/lib/python3.11/site-packages/airflow/example_dags/example_task_group_decorator.py
[2026-03-04T19:41:44.960+0000] {processor.py:830} INFO - Processing file /Users/HP/storypoints-week1/venv/lib/python3.11/site-packages/airflow/example_dags/example_task_group_decorator.py for tasks to queue
[2026-03-04T19:41:44.961+0000] {logging_mixin.py:188} INFO - [2026-03-04T19:41:44.961+0000] {dagbag.py:538} INFO - Filling up the DagBag from /Users/HP/storypoints-week1/venv/lib/python3.11/site-packages/airflow/example_dags/example_task_group_decorator.py
[2026-03-04T19:41:44.991+0000] {processor.py:840} INFO - DAG(s) 'example_task_group_decorator' retrieved from /Users/HP/storypoints-week1/venv/lib/python3.11/site-packages/airflow/example_dags/example_task_group_decorator.py
[2026-03-04T19:41:45.054+0000] {logging_mixin.py:188} INFO - [2026-03-04T19:41:45.054+0000] {dag.py:3033} INFO - Sync 1 DAGs
[2026-03-04T19:41:45.065+0000] {logging_mixin.py:188} INFO - [2026-03-04T19:41:45.065+0000] {dag.py:3820} INFO - Setting next_dagrun for example_task_group_decorator to 2026-03-03T00:00:00+00:00, run_after=2026-03-04T00:00:00+00:00
[2026-03-04T19:41:45.077+0000] {processor.py:183} INFO - Processing /Users/HP/storypoints-week1/venv/lib/python3.11/site-packages/airflow/example_dags/example_task_group_decorator.py took 0.120 seconds
[2026-03-04T19:42:59.812+0000] {processor.py:161} INFO - Started process (PID=80005) to work on /Users/HP/storypoints-week1/venv/lib/python3.11/site-packages/airflow/example_dags/example_task_group_decorator.py
[2026-03-04T19:42:59.814+0000] {processor.py:830} INFO - Processing file /Users/HP/storypoints-week1/venv/lib/python3.11/site-packages/airflow/example_dags/example_task_group_decorator.py for tasks to queue
[2026-03-04T19:42:59.816+0000] {logging_mixin.py:188} INFO - [2026-03-04T19:42:59.816+0000] {dagbag.py:538} INFO - Filling up the DagBag from /Users/HP/storypoints-week1/venv/lib/python3.11/site-packages/airflow/example_dags/example_task_group_decorator.py
[2026-03-04T19:42:59.846+0000] {processor.py:840} INFO - DAG(s) 'example_task_group_decorator' retrieved from /Users/HP/storypoints-week1/venv/lib/python3.11/site-packages/airflow/example_dags/example_task_group_decorator.py
[2026-03-04T19:42:59.910+0000] {logging_mixin.py:188} INFO - [2026-03-04T19:42:59.909+0000] {dag.py:3033} INFO - Sync 1 DAGs
[2026-03-04T19:42:59.921+0000] {logging_mixin.py:188} INFO - [2026-03-04T19:42:59.921+0000] {dag.py:3820} INFO - Setting next_dagrun for example_task_group_decorator to 2026-03-03T00:00:00+00:00, run_after=2026-03-04T00:00:00+00:00
[2026-03-04T19:42:59.932+0000] {processor.py:183} INFO - Processing /Users/HP/storypoints-week1/venv/lib/python3.11/site-packages/airflow/example_dags/example_task_group_decorator.py took 0.122 seconds
[2026-03-04T19:44:12.564+0000] {processor.py:161} INFO - Started process (PID=80690) to work on /Users/HP/storypoints-week1/venv/lib/python3.11/site-packages/airflow/example_dags/example_task_group_decorator.py
[2026-03-04T19:44:12.567+0000] {processor.py:830} INFO - Processing file /Users/HP/storypoints-week1/venv/lib/python3.11/site-packages/airflow/example_dags/example_task_group_decorator.py for tasks to queue
[2026-03-04T19:44:12.568+0000] {logging_mixin.py:188} INFO - [2026-03-04T19:44:12.568+0000] {dagbag.py:538} INFO - Filling up the DagBag from /Users/HP/storypoints-week1/venv/lib/python3.11/site-packages/airflow/example_dags/example_task_group_decorator.py
[2026-03-04T19:44:12.597+0000] {processor.py:840} INFO - DAG(s) 'example_task_group_decorator' retrieved from /Users/HP/storypoints-week1/venv/lib/python3.11/site-packages/airflow/example_dags/example_task_group_decorator.py
[2026-03-04T19:44:12.662+0000] {logging_mixin.py:188} INFO - [2026-03-04T19:44:12.662+0000] {dag.py:3033} INFO - Sync 1 DAGs
[2026-03-04T19:44:12.673+0000] {logging_mixin.py:188} INFO - [2026-03-04T19:44:12.673+0000] {dag.py:3820} INFO - Setting next_dagrun for example_task_group_decorator to 2026-03-03T00:00:00+00:00, run_after=2026-03-04T00:00:00+00:00
[2026-03-04T19:44:12.685+0000] {processor.py:183} INFO - Processing /Users/HP/storypoints-week1/venv/lib/python3.11/site-packages/airflow/example_dags/example_task_group_decorator.py took 0.121 seconds
[2026-03-04T19:45:26.610+0000] {processor.py:161} INFO - Started process (PID=81390) to work on /Users/HP/storypoints-week1/venv/lib/python3.11/site-packages/airflow/example_dags/example_task_group_decorator.py
[2026-03-04T19:45:26.612+0000] {processor.py:830} INFO - Processing file /Users/HP/storypoints-week1/venv/lib/python3.11/site-packages/airflow/example_dags/example_task_group_decorator.py for tasks to queue
[2026-03-04T19:45:26.614+0000] {logging_mixin.py:188} INFO - [2026-03-04T19:45:26.614+0000] {dagbag.py:538} INFO - Filling up the DagBag from /Users/HP/storypoints-week1/venv/lib/python3.11/site-packages/airflow/example_dags/example_task_group_decorator.py
[2026-03-04T19:45:26.644+0000] {processor.py:840} INFO - DAG(s) 'example_task_group_decorator' retrieved from /Users/HP/storypoints-week1/venv/lib/python3.11/site-packages/airflow/example_dags/example_task_group_decorator.py
[2026-03-04T19:45:26.707+0000] {logging_mixin.py:188} INFO - [2026-03-04T19:45:26.707+0000] {dag.py:3033} INFO - Sync 1 DAGs
[2026-03-04T19:45:26.719+0000] {logging_mixin.py:188} INFO - [2026-03-04T19:45:26.718+0000] {dag.py:3820} INFO - Setting next_dagrun for example_task_group_decorator to 2026-03-03T00:00:00+00:00, run_after=2026-03-04T00:00:00+00:00
[2026-03-04T19:45:26.729+0000] {processor.py:183} INFO - Processing /Users/HP/storypoints-week1/venv/lib/python3.11/site-packages/airflow/example_dags/example_task_group_decorator.py took 0.121 seconds
[2026-03-04T19:46:40.973+0000] {processor.py:161} INFO - Started process (PID=82101) to work on /Users/HP/storypoints-week1/venv/lib/python3.11/site-packages/airflow/example_dags/example_task_group_decorator.py
[2026-03-04T19:46:40.975+0000] {processor.py:830} INFO - Processing file /Users/HP/storypoints-week1/venv/lib/python3.11/site-packages/airflow/example_dags/example_task_group_decorator.py for tasks to queue
[2026-03-04T19:46:40.977+0000] {logging_mixin.py:188} INFO - [2026-03-04T19:46:40.977+0000] {dagbag.py:538} INFO - Filling up the DagBag from /Users/HP/storypoints-week1/venv/lib/python3.11/site-packages/airflow/example_dags/example_task_group_decorator.py
[2026-03-04T19:46:41.006+0000] {processor.py:840} INFO - DAG(s) 'example_task_group_decorator' retrieved from /Users/HP/storypoints-week1/venv/lib/python3.11/site-packages/airflow/example_dags/example_task_group_decorator.py
[2026-03-04T19:46:41.070+0000] {logging_mixin.py:188} INFO - [2026-03-04T19:46:41.070+0000] {dag.py:3033} INFO - Sync 1 DAGs
[2026-03-04T19:46:41.082+0000] {logging_mixin.py:188} INFO - [2026-03-04T19:46:41.082+0000] {dag.py:3820} INFO - Setting next_dagrun for example_task_group_decorator to 2026-03-03T00:00:00+00:00, run_after=2026-03-04T00:00:00+00:00
[2026-03-04T19:46:41.093+0000] {processor.py:183} INFO - Processing /Users/HP/storypoints-week1/venv/lib/python3.11/site-packages/airflow/example_dags/example_task_group_decorator.py took 0.120 seconds
[2026-03-04T20:00:05.941+0000] {processor.py:161} INFO - Started process (PID=82807) to work on /Users/HP/storypoints-week1/venv/lib/python3.11/site-packages/airflow/example_dags/example_task_group_decorator.py
[2026-03-04T20:00:05.944+0000] {processor.py:830} INFO - Processing file /Users/HP/storypoints-week1/venv/lib/python3.11/site-packages/airflow/example_dags/example_task_group_decorator.py for tasks to queue
[2026-03-04T20:00:05.946+0000] {logging_mixin.py:188} INFO - [2026-03-04T20:00:05.945+0000] {dagbag.py:538} INFO - Filling up the DagBag from /Users/HP/storypoints-week1/venv/lib/python3.11/site-packages/airflow/example_dags/example_task_group_decorator.py
[2026-03-04T20:00:05.975+0000] {processor.py:840} INFO - DAG(s) 'example_task_group_decorator' retrieved from /Users/HP/storypoints-week1/venv/lib/python3.11/site-packages/airflow/example_dags/example_task_group_decorator.py
[2026-03-04T20:00:06.030+0000] {logging_mixin.py:188} INFO - [2026-03-04T20:00:06.030+0000] {dag.py:3033} INFO - Sync 1 DAGs
[2026-03-04T20:00:06.041+0000] {logging_mixin.py:188} INFO - [2026-03-04T20:00:06.041+0000] {dag.py:3820} INFO - Setting next_dagrun for example_task_group_decorator to 2026-03-03T00:00:00+00:00, run_after=2026-03-04T00:00:00+00:00
[2026-03-04T20:00:06.052+0000] {processor.py:183} INFO - Processing /Users/HP/storypoints-week1/venv/lib/python3.11/site-packages/airflow/example_dags/example_task_group_decorator.py took 0.112 seconds
[2026-03-04T20:12:35.572+0000] {processor.py:161} INFO - Started process (PID=83558) to work on /Users/HP/storypoints-week1/venv/lib/python3.11/site-packages/airflow/example_dags/example_task_group_decorator.py
[2026-03-04T20:12:35.575+0000] {processor.py:830} INFO - Processing file /Users/HP/storypoints-week1/venv/lib/python3.11/site-packages/airflow/example_dags/example_task_group_decorator.py for tasks to queue
[2026-03-04T20:12:35.576+0000] {logging_mixin.py:188} INFO - [2026-03-04T20:12:35.576+0000] {dagbag.py:538} INFO - Filling up the DagBag from /Users/HP/storypoints-week1/venv/lib/python3.11/site-packages/airflow/example_dags/example_task_group_decorator.py
[2026-03-04T20:12:35.607+0000] {processor.py:840} INFO - DAG(s) 'example_task_group_decorator' retrieved from /Users/HP/storypoints-week1/venv/lib/python3.11/site-packages/airflow/example_dags/example_task_group_decorator.py
[2026-03-04T20:12:35.670+0000] {logging_mixin.py:188} INFO - [2026-03-04T20:12:35.669+0000] {dag.py:3033} INFO - Sync 1 DAGs
[2026-03-04T20:12:35.681+0000] {logging_mixin.py:188} INFO - [2026-03-04T20:12:35.681+0000] {dag.py:3820} INFO - Setting next_dagrun for example_task_group_decorator to 2026-03-03T00:00:00+00:00, run_after=2026-03-04T00:00:00+00:00
[2026-03-04T20:12:35.692+0000] {processor.py:183} INFO - Processing /Users/HP/storypoints-week1/venv/lib/python3.11/site-packages/airflow/example_dags/example_task_group_decorator.py took 0.121 seconds
[2026-03-04T20:14:08.402+0000] {processor.py:161} INFO - Started process (PID=84416) to work on /Users/HP/storypoints-week1/venv/lib/python3.11/site-packages/airflow/example_dags/example_task_group_decorator.py
[2026-03-04T20:14:08.405+0000] {processor.py:830} INFO - Processing file /Users/HP/storypoints-week1/venv/lib/python3.11/site-packages/airflow/example_dags/example_task_group_decorator.py for tasks to queue
[2026-03-04T20:14:08.407+0000] {logging_mixin.py:188} INFO - [2026-03-04T20:14:08.406+0000] {dagbag.py:538} INFO - Filling up the DagBag from /Users/HP/storypoints-week1/venv/lib/python3.11/site-packages/airflow/example_dags/example_task_group_decorator.py
[2026-03-04T20:14:08.440+0000] {processor.py:840} INFO - DAG(s) 'example_task_group_decorator' retrieved from /Users/HP/storypoints-week1/venv/lib/python3.11/site-packages/airflow/example_dags/example_task_group_decorator.py
[2026-03-04T20:14:08.506+0000] {logging_mixin.py:188} INFO - [2026-03-04T20:14:08.505+0000] {dag.py:3033} INFO - Sync 1 DAGs
[2026-03-04T20:14:08.517+0000] {logging_mixin.py:188} INFO - [2026-03-04T20:14:08.517+0000] {dag.py:3820} INFO - Setting next_dagrun for example_task_group_decorator to 2026-03-03T00:00:00+00:00, run_after=2026-03-04T00:00:00+00:00
[2026-03-04T20:14:08.528+0000] {processor.py:183} INFO - Processing /Users/HP/storypoints-week1/venv/lib/python3.11/site-packages/airflow/example_dags/example_task_group_decorator.py took 0.127 seconds
[2026-03-04T20:15:26.615+0000] {processor.py:161} INFO - Started process (PID=85145) to work on /Users/HP/storypoints-week1/venv/lib/python3.11/site-packages/airflow/example_dags/example_task_group_decorator.py
[2026-03-04T20:15:26.619+0000] {processor.py:830} INFO - Processing file /Users/HP/storypoints-week1/venv/lib/python3.11/site-packages/airflow/example_dags/example_task_group_decorator.py for tasks to queue
[2026-03-04T20:15:26.620+0000] {logging_mixin.py:188} INFO - [2026-03-04T20:15:26.620+0000] {dagbag.py:538} INFO - Filling up the DagBag from /Users/HP/storypoints-week1/venv/lib/python3.11/site-packages/airflow/example_dags/example_task_group_decorator.py
[2026-03-04T20:15:26.650+0000] {processor.py:840} INFO - DAG(s) 'example_task_group_decorator' retrieved from /Users/HP/storypoints-week1/venv/lib/python3.11/site-packages/airflow/example_dags/example_task_group_decorator.py
[2026-03-04T20:15:26.710+0000] {logging_mixin.py:188} INFO - [2026-03-04T20:15:26.710+0000] {dag.py:3033} INFO - Sync 1 DAGs
[2026-03-04T20:15:26.722+0000] {logging_mixin.py:188} INFO - [2026-03-04T20:15:26.722+0000] {dag.py:3820} INFO - Setting next_dagrun for example_task_group_decorator to 2026-03-03T00:00:00+00:00, run_after=2026-03-04T00:00:00+00:00
[2026-03-04T20:15:26.733+0000] {processor.py:183} INFO - Processing /Users/HP/storypoints-week1/venv/lib/python3.11/site-packages/airflow/example_dags/example_task_group_decorator.py took 0.118 seconds
[2026-03-04T20:23:33.494+0000] {processor.py:161} INFO - Started process (PID=85884) to work on /Users/HP/storypoints-week1/venv/lib/python3.11/site-packages/airflow/example_dags/example_task_group_decorator.py
[2026-03-04T20:23:33.497+0000] {processor.py:830} INFO - Processing file /Users/HP/storypoints-week1/venv/lib/python3.11/site-packages/airflow/example_dags/example_task_group_decorator.py for tasks to queue
[2026-03-04T20:23:33.498+0000] {logging_mixin.py:188} INFO - [2026-03-04T20:23:33.498+0000] {dagbag.py:538} INFO - Filling up the DagBag from /Users/HP/storypoints-week1/venv/lib/python3.11/site-packages/airflow/example_dags/example_task_group_decorator.py
[2026-03-04T20:23:33.527+0000] {processor.py:840} INFO - DAG(s) 'example_task_group_decorator' retrieved from /Users/HP/storypoints-week1/venv/lib/python3.11/site-packages/airflow/example_dags/example_task_group_decorator.py
[2026-03-04T20:23:33.588+0000] {logging_mixin.py:188} INFO - [2026-03-04T20:23:33.588+0000] {dag.py:3033} INFO - Sync 1 DAGs
[2026-03-04T20:23:33.599+0000] {logging_mixin.py:188} INFO - [2026-03-04T20:23:33.599+0000] {dag.py:3820} INFO - Setting next_dagrun for example_task_group_decorator to 2026-03-03T00:00:00+00:00, run_after=2026-03-04T00:00:00+00:00
[2026-03-04T20:23:33.609+0000] {processor.py:183} INFO - Processing /Users/HP/storypoints-week1/venv/lib/python3.11/site-packages/airflow/example_dags/example_task_group_decorator.py took 0.116 seconds
[2026-03-04T20:25:03.410+0000] {processor.py:161} INFO - Started process (PID=86722) to work on /Users/HP/storypoints-week1/venv/lib/python3.11/site-packages/airflow/example_dags/example_task_group_decorator.py
[2026-03-04T20:25:03.412+0000] {processor.py:830} INFO - Processing file /Users/HP/storypoints-week1/venv/lib/python3.11/site-packages/airflow/example_dags/example_task_group_decorator.py for tasks to queue
[2026-03-04T20:25:03.414+0000] {logging_mixin.py:188} INFO - [2026-03-04T20:25:03.414+0000] {dagbag.py:538} INFO - Filling up the DagBag from /Users/HP/storypoints-week1/venv/lib/python3.11/site-packages/airflow/example_dags/example_task_group_decorator.py
[2026-03-04T20:25:03.443+0000] {processor.py:840} INFO - DAG(s) 'example_task_group_decorator' retrieved from /Users/HP/storypoints-week1/venv/lib/python3.11/site-packages/airflow/example_dags/example_task_group_decorator.py
[2026-03-04T20:25:03.506+0000] {logging_mixin.py:188} INFO - [2026-03-04T20:25:03.505+0000] {dag.py:3033} INFO - Sync 1 DAGs
[2026-03-04T20:25:03.517+0000] {logging_mixin.py:188} INFO - [2026-03-04T20:25:03.516+0000] {dag.py:3820} INFO - Setting next_dagrun for example_task_group_decorator to 2026-03-03T00:00:00+00:00, run_after=2026-03-04T00:00:00+00:00
[2026-03-04T20:25:03.526+0000] {processor.py:183} INFO - Processing /Users/HP/storypoints-week1/venv/lib/python3.11/site-packages/airflow/example_dags/example_task_group_decorator.py took 0.117 seconds
[2026-03-04T20:45:42.995+0000] {processor.py:161} INFO - Started process (PID=87461) to work on /Users/HP/storypoints-week1/venv/lib/python3.11/site-packages/airflow/example_dags/example_task_group_decorator.py
[2026-03-04T20:45:42.997+0000] {processor.py:830} INFO - Processing file /Users/HP/storypoints-week1/venv/lib/python3.11/site-packages/airflow/example_dags/example_task_group_decorator.py for tasks to queue
[2026-03-04T20:45:42.999+0000] {logging_mixin.py:188} INFO - [2026-03-04T20:45:42.999+0000] {dagbag.py:538} INFO - Filling up the DagBag from /Users/HP/storypoints-week1/venv/lib/python3.11/site-packages/airflow/example_dags/example_task_group_decorator.py
[2026-03-04T20:45:43.027+0000] {processor.py:840} INFO - DAG(s) 'example_task_group_decorator' retrieved from /Users/HP/storypoints-week1/venv/lib/python3.11/site-packages/airflow/example_dags/example_task_group_decorator.py
[2026-03-04T20:45:43.090+0000] {logging_mixin.py:188} INFO - [2026-03-04T20:45:43.089+0000] {dag.py:3033} INFO - Sync 1 DAGs
[2026-03-04T20:45:43.101+0000] {logging_mixin.py:188} INFO - [2026-03-04T20:45:43.100+0000] {dag.py:3820} INFO - Setting next_dagrun for example_task_group_decorator to 2026-03-03T00:00:00+00:00, run_after=2026-03-04T00:00:00+00:00
[2026-03-04T20:45:43.110+0000] {processor.py:183} INFO - Processing /Users/HP/storypoints-week1/venv/lib/python3.11/site-packages/airflow/example_dags/example_task_group_decorator.py took 0.116 seconds
[2026-03-04T22:04:58.528+0000] {processor.py:161} INFO - Started process (PID=88277) to work on /Users/HP/storypoints-week1/venv/lib/python3.11/site-packages/airflow/example_dags/example_task_group_decorator.py
[2026-03-04T22:04:58.530+0000] {processor.py:830} INFO - Processing file /Users/HP/storypoints-week1/venv/lib/python3.11/site-packages/airflow/example_dags/example_task_group_decorator.py for tasks to queue
[2026-03-04T22:04:58.531+0000] {logging_mixin.py:188} INFO - [2026-03-04T22:04:58.531+0000] {dagbag.py:538} INFO - Filling up the DagBag from /Users/HP/storypoints-week1/venv/lib/python3.11/site-packages/airflow/example_dags/example_task_group_decorator.py
[2026-03-04T22:04:58.560+0000] {processor.py:840} INFO - DAG(s) 'example_task_group_decorator' retrieved from /Users/HP/storypoints-week1/venv/lib/python3.11/site-packages/airflow/example_dags/example_task_group_decorator.py
[2026-03-04T22:04:58.627+0000] {logging_mixin.py:188} INFO - [2026-03-04T22:04:58.626+0000] {dag.py:3033} INFO - Sync 1 DAGs
[2026-03-04T22:04:58.642+0000] {logging_mixin.py:188} INFO - [2026-03-04T22:04:58.642+0000] {dag.py:3820} INFO - Setting next_dagrun for example_task_group_decorator to 2026-03-03T00:00:00+00:00, run_after=2026-03-04T00:00:00+00:00
[2026-03-04T22:04:58.656+0000] {processor.py:183} INFO - Processing /Users/HP/storypoints-week1/venv/lib/python3.11/site-packages/airflow/example_dags/example_task_group_decorator.py took 0.128 seconds
[2026-03-04T22:17:37.922+0000] {processor.py:161} INFO - Started process (PID=89029) to work on /Users/HP/storypoints-week1/venv/lib/python3.11/site-packages/airflow/example_dags/example_task_group_decorator.py
[2026-03-04T22:17:37.925+0000] {processor.py:830} INFO - Processing file /Users/HP/storypoints-week1/venv/lib/python3.11/site-packages/airflow/example_dags/example_task_group_decorator.py for tasks to queue
[2026-03-04T22:17:37.926+0000] {logging_mixin.py:188} INFO - [2026-03-04T22:17:37.926+0000] {dagbag.py:538} INFO - Filling up the DagBag from /Users/HP/storypoints-week1/venv/lib/python3.11/site-packages/airflow/example_dags/example_task_group_decorator.py
[2026-03-04T22:17:37.956+0000] {processor.py:840} INFO - DAG(s) 'example_task_group_decorator' retrieved from /Users/HP/storypoints-week1/venv/lib/python3.11/site-packages/airflow/example_dags/example_task_group_decorator.py
[2026-03-04T22:17:38.017+0000] {logging_mixin.py:188} INFO - [2026-03-04T22:17:38.017+0000] {dag.py:3033} INFO - Sync 1 DAGs
[2026-03-04T22:17:38.029+0000] {logging_mixin.py:188} INFO - [2026-03-04T22:17:38.029+0000] {dag.py:3820} INFO - Setting next_dagrun for example_task_group_decorator to 2026-03-03T00:00:00+00:00, run_after=2026-03-04T00:00:00+00:00
[2026-03-04T22:17:38.041+0000] {processor.py:183} INFO - Processing /Users/HP/storypoints-week1/venv/lib/python3.11/site-packages/airflow/example_dags/example_task_group_decorator.py took 0.120 seconds
[2026-03-04T22:19:16.939+0000] {processor.py:161} INFO - Started process (PID=89972) to work on /Users/HP/storypoints-week1/venv/lib/python3.11/site-packages/airflow/example_dags/example_task_group_decorator.py
[2026-03-04T22:19:16.942+0000] {processor.py:830} INFO - Processing file /Users/HP/storypoints-week1/venv/lib/python3.11/site-packages/airflow/example_dags/example_task_group_decorator.py for tasks to queue
[2026-03-04T22:19:16.944+0000] {logging_mixin.py:188} INFO - [2026-03-04T22:19:16.944+0000] {dagbag.py:538} INFO - Filling up the DagBag from /Users/HP/storypoints-week1/venv/lib/python3.11/site-packages/airflow/example_dags/example_task_group_decorator.py
[2026-03-04T22:19:16.974+0000] {processor.py:840} INFO - DAG(s) 'example_task_group_decorator' retrieved from /Users/HP/storypoints-week1/venv/lib/python3.11/site-packages/airflow/example_dags/example_task_group_decorator.py
[2026-03-04T22:19:17.037+0000] {logging_mixin.py:188} INFO - [2026-03-04T22:19:17.036+0000] {dag.py:3033} INFO - Sync 1 DAGs
[2026-03-04T22:19:17.048+0000] {logging_mixin.py:188} INFO - [2026-03-04T22:19:17.048+0000] {dag.py:3820} INFO - Setting next_dagrun for example_task_group_decorator to 2026-03-03T00:00:00+00:00, run_after=2026-03-04T00:00:00+00:00
[2026-03-04T22:19:17.059+0000] {processor.py:183} INFO - Processing /Users/HP/storypoints-week1/venv/lib/python3.11/site-packages/airflow/example_dags/example_task_group_decorator.py took 0.121 seconds
[2026-03-04T23:06:03.400+0000] {processor.py:161} INFO - Started process (PID=90723) to work on /Users/HP/storypoints-week1/venv/lib/python3.11/site-packages/airflow/example_dags/example_task_group_decorator.py
[2026-03-04T23:06:03.402+0000] {processor.py:830} INFO - Processing file /Users/HP/storypoints-week1/venv/lib/python3.11/site-packages/airflow/example_dags/example_task_group_decorator.py for tasks to queue
[2026-03-04T23:06:03.404+0000] {logging_mixin.py:188} INFO - [2026-03-04T23:06:03.404+0000] {dagbag.py:538} INFO - Filling up the DagBag from /Users/HP/storypoints-week1/venv/lib/python3.11/site-packages/airflow/example_dags/example_task_group_decorator.py
[2026-03-04T23:06:03.433+0000] {processor.py:840} INFO - DAG(s) 'example_task_group_decorator' retrieved from /Users/HP/storypoints-week1/venv/lib/python3.11/site-packages/airflow/example_dags/example_task_group_decorator.py
[2026-03-04T23:06:03.494+0000] {logging_mixin.py:188} INFO - [2026-03-04T23:06:03.493+0000] {dag.py:3033} INFO - Sync 1 DAGs
[2026-03-04T23:06:03.504+0000] {logging_mixin.py:188} INFO - [2026-03-04T23:06:03.504+0000] {dag.py:3820} INFO - Setting next_dagrun for example_task_group_decorator to 2026-03-03T00:00:00+00:00, run_after=2026-03-04T00:00:00+00:00
[2026-03-04T23:06:03.514+0000] {processor.py:183} INFO - Processing /Users/HP/storypoints-week1/venv/lib/python3.11/site-packages/airflow/example_dags/example_task_group_decorator.py took 0.115 seconds
[2026-03-04T23:07:17.246+0000] {processor.py:161} INFO - Started process (PID=91434) to work on /Users/HP/storypoints-week1/venv/lib/python3.11/site-packages/airflow/example_dags/example_task_group_decorator.py
[2026-03-04T23:07:17.249+0000] {processor.py:830} INFO - Processing file /Users/HP/storypoints-week1/venv/lib/python3.11/site-packages/airflow/example_dags/example_task_group_decorator.py for tasks to queue
[2026-03-04T23:07:17.250+0000] {logging_mixin.py:188} INFO - [2026-03-04T23:07:17.250+0000] {dagbag.py:538} INFO - Filling up the DagBag from /Users/HP/storypoints-week1/venv/lib/python3.11/site-packages/airflow/example_dags/example_task_group_decorator.py
[2026-03-04T23:07:17.279+0000] {processor.py:840} INFO - DAG(s) 'example_task_group_decorator' retrieved from /Users/HP/storypoints-week1/venv/lib/python3.11/site-packages/airflow/example_dags/example_task_group_decorator.py
[2026-03-04T23:07:17.341+0000] {logging_mixin.py:188} INFO - [2026-03-04T23:07:17.341+0000] {dag.py:3033} INFO - Sync 1 DAGs
[2026-03-04T23:07:17.352+0000] {logging_mixin.py:188} INFO - [2026-03-04T23:07:17.352+0000] {dag.py:3820} INFO - Setting next_dagrun for example_task_group_decorator to 2026-03-03T00:00:00+00:00, run_after=2026-03-04T00:00:00+00:00
[2026-03-04T23:07:17.364+0000] {processor.py:183} INFO - Processing /Users/HP/storypoints-week1/venv/lib/python3.11/site-packages/airflow/example_dags/example_task_group_decorator.py took 0.118 seconds
[2026-03-04T23:19:26.953+0000] {processor.py:161} INFO - Started process (PID=92147) to work on /Users/HP/storypoints-week1/venv/lib/python3.11/site-packages/airflow/example_dags/example_task_group_decorator.py
[2026-03-04T23:19:26.955+0000] {processor.py:830} INFO - Processing file /Users/HP/storypoints-week1/venv/lib/python3.11/site-packages/airflow/example_dags/example_task_group_decorator.py for tasks to queue
[2026-03-04T23:19:26.956+0000] {logging_mixin.py:188} INFO - [2026-03-04T23:19:26.956+0000] {dagbag.py:538} INFO - Filling up the DagBag from /Users/HP/storypoints-week1/venv/lib/python3.11/site-packages/airflow/example_dags/example_task_group_decorator.py
[2026-03-04T23:19:26.985+0000] {processor.py:840} INFO - DAG(s) 'example_task_group_decorator' retrieved from /Users/HP/storypoints-week1/venv/lib/python3.11/site-packages/airflow/example_dags/example_task_group_decorator.py
[2026-03-04T23:19:27.044+0000] {logging_mixin.py:188} INFO - [2026-03-04T23:19:27.044+0000] {dag.py:3033} INFO - Sync 1 DAGs
[2026-03-04T23:19:27.054+0000] {logging_mixin.py:188} INFO - [2026-03-04T23:19:27.054+0000] {dag.py:3820} INFO - Setting next_dagrun for example_task_group_decorator to 2026-03-03T00:00:00+00:00, run_after=2026-03-04T00:00:00+00:00
[2026-03-04T23:19:27.064+0000] {processor.py:183} INFO - Processing /Users/HP/storypoints-week1/venv/lib/python3.11/site-packages/airflow/example_dags/example_task_group_decorator.py took 0.112 seconds
[2026-03-04T23:55:31.721+0000] {processor.py:161} INFO - Started process (PID=92847) to work on /Users/HP/storypoints-week1/venv/lib/python3.11/site-packages/airflow/example_dags/example_task_group_decorator.py
[2026-03-04T23:55:31.723+0000] {processor.py:830} INFO - Processing file /Users/HP/storypoints-week1/venv/lib/python3.11/site-packages/airflow/example_dags/example_task_group_decorator.py for tasks to queue
[2026-03-04T23:55:31.724+0000] {logging_mixin.py:188} INFO - [2026-03-04T23:55:31.724+0000] {dagbag.py:538} INFO - Filling up the DagBag from /Users/HP/storypoints-week1/venv/lib/python3.11/site-packages/airflow/example_dags/example_task_group_decorator.py
[2026-03-04T23:55:31.750+0000] {processor.py:840} INFO - DAG(s) 'example_task_group_decorator' retrieved from /Users/HP/storypoints-week1/venv/lib/python3.11/site-packages/airflow/example_dags/example_task_group_decorator.py
[2026-03-04T23:55:31.802+0000] {logging_mixin.py:188} INFO - [2026-03-04T23:55:31.802+0000] {dag.py:3033} INFO - Sync 1 DAGs
[2026-03-04T23:55:31.813+0000] {logging_mixin.py:188} INFO - [2026-03-04T23:55:31.813+0000] {dag.py:3820} INFO - Setting next_dagrun for example_task_group_decorator to 2026-03-03T00:00:00+00:00, run_after=2026-03-04T00:00:00+00:00
[2026-03-04T23:55:31.824+0000] {processor.py:183} INFO - Processing /Users/HP/storypoints-week1/venv/lib/python3.11/site-packages/airflow/example_dags/example_task_group_decorator.py took 0.104 seconds
