[2026-03-04T19:01:40.598+0000] {processor.py:161} INFO - Started process (PID=54468) to work on /Users/HP/storypoints-week1/venv/lib/python3.11/site-packages/airflow/example_dags/example_time_delta_sensor_async.py
[2026-03-04T19:01:40.600+0000] {processor.py:830} INFO - Processing file /Users/HP/storypoints-week1/venv/lib/python3.11/site-packages/airflow/example_dags/example_time_delta_sensor_async.py for tasks to queue
[2026-03-04T19:01:40.601+0000] {logging_mixin.py:188} INFO - [2026-03-04T19:01:40.601+0000] {dagbag.py:538} INFO - Filling up the DagBag from /Users/HP/storypoints-week1/venv/lib/python3.11/site-packages/airflow/example_dags/example_time_delta_sensor_async.py
[2026-03-04T19:01:40.607+0000] {processor.py:840} INFO - DAG(s) 'example_time_delta_sensor_async' retrieved from /Users/HP/storypoints-week1/venv/lib/python3.11/site-packages/airflow/example_dags/example_time_delta_sensor_async.py
[2026-03-04T19:01:40.733+0000] {logging_mixin.py:188} INFO - [2026-03-04T19:01:40.732+0000] {override.py:1769} INFO - Created Permission View: can delete on DAG:example_time_delta_sensor_async
[2026-03-04T19:01:40.740+0000] {logging_mixin.py:188} INFO - [2026-03-04T19:01:40.739+0000] {override.py:1769} INFO - Created Permission View: can read on DAG:example_time_delta_sensor_async
[2026-03-04T19:01:40.743+0000] {logging_mixin.py:188} INFO - [2026-03-04T19:01:40.742+0000] {override.py:1769} INFO - Created Permission View: can edit on DAG:example_time_delta_sensor_async
[2026-03-04T19:01:40.743+0000] {logging_mixin.py:188} INFO - [2026-03-04T19:01:40.743+0000] {dag.py:3033} INFO - Sync 1 DAGs
[2026-03-04T19:01:40.750+0000] {logging_mixin.py:188} INFO - [2026-03-04T19:01:40.750+0000] {dag.py:3055} INFO - Creating ORM DAG for example_time_delta_sensor_async
[2026-03-04T19:01:40.750+0000] {logging_mixin.py:188} INFO - [2026-03-04T19:01:40.750+0000] {dag.py:3820} INFO - Setting next_dagrun for example_time_delta_sensor_async to None, run_after=None
[2026-03-04T19:01:40.761+0000] {processor.py:183} INFO - Processing /Users/HP/storypoints-week1/venv/lib/python3.11/site-packages/airflow/example_dags/example_time_delta_sensor_async.py took 0.164 seconds
[2026-03-04T19:03:40.026+0000] {processor.py:161} INFO - Started process (PID=55599) to work on /Users/HP/storypoints-week1/venv/lib/python3.11/site-packages/airflow/example_dags/example_time_delta_sensor_async.py
[2026-03-04T19:03:40.029+0000] {processor.py:830} INFO - Processing file /Users/HP/storypoints-week1/venv/lib/python3.11/site-packages/airflow/example_dags/example_time_delta_sensor_async.py for tasks to queue
[2026-03-04T19:03:40.030+0000] {logging_mixin.py:188} INFO - [2026-03-04T19:03:40.030+0000] {dagbag.py:538} INFO - Filling up the DagBag from /Users/HP/storypoints-week1/venv/lib/python3.11/site-packages/airflow/example_dags/example_time_delta_sensor_async.py
[2026-03-04T19:03:40.036+0000] {processor.py:840} INFO - DAG(s) 'example_time_delta_sensor_async' retrieved from /Users/HP/storypoints-week1/venv/lib/python3.11/site-packages/airflow/example_dags/example_time_delta_sensor_async.py
[2026-03-04T19:03:40.102+0000] {logging_mixin.py:188} INFO - [2026-03-04T19:03:40.102+0000] {dag.py:3033} INFO - Sync 1 DAGs
[2026-03-04T19:03:40.108+0000] {logging_mixin.py:188} INFO - [2026-03-04T19:03:40.108+0000] {dag.py:3820} INFO - Setting next_dagrun for example_time_delta_sensor_async to None, run_after=None
[2026-03-04T19:03:40.120+0000] {processor.py:183} INFO - Processing /Users/HP/storypoints-week1/venv/lib/python3.11/site-packages/airflow/example_dags/example_time_delta_sensor_async.py took 0.095 seconds
[2026-03-04T19:05:16.526+0000] {processor.py:161} INFO - Started process (PID=56928) to work on /Users/HP/storypoints-week1/venv/lib/python3.11/site-packages/airflow/example_dags/example_time_delta_sensor_async.py
[2026-03-04T19:05:16.529+0000] {processor.py:830} INFO - Processing file /Users/HP/storypoints-week1/venv/lib/python3.11/site-packages/airflow/example_dags/example_time_delta_sensor_async.py for tasks to queue
[2026-03-04T19:05:16.531+0000] {logging_mixin.py:188} INFO - [2026-03-04T19:05:16.530+0000] {dagbag.py:538} INFO - Filling up the DagBag from /Users/HP/storypoints-week1/venv/lib/python3.11/site-packages/airflow/example_dags/example_time_delta_sensor_async.py
[2026-03-04T19:05:16.541+0000] {processor.py:840} INFO - DAG(s) 'example_time_delta_sensor_async' retrieved from /Users/HP/storypoints-week1/venv/lib/python3.11/site-packages/airflow/example_dags/example_time_delta_sensor_async.py
[2026-03-04T19:05:16.630+0000] {logging_mixin.py:188} INFO - [2026-03-04T19:05:16.629+0000] {dag.py:3033} INFO - Sync 1 DAGs
[2026-03-04T19:05:16.636+0000] {logging_mixin.py:188} INFO - [2026-03-04T19:05:16.636+0000] {dag.py:3820} INFO - Setting next_dagrun for example_time_delta_sensor_async to None, run_after=None
[2026-03-04T19:05:16.648+0000] {processor.py:183} INFO - Processing /Users/HP/storypoints-week1/venv/lib/python3.11/site-packages/airflow/example_dags/example_time_delta_sensor_async.py took 0.123 seconds
[2026-03-04T19:06:44.022+0000] {processor.py:161} INFO - Started process (PID=57758) to work on /Users/HP/storypoints-week1/venv/lib/python3.11/site-packages/airflow/example_dags/example_time_delta_sensor_async.py
[2026-03-04T19:06:44.025+0000] {processor.py:830} INFO - Processing file /Users/HP/storypoints-week1/venv/lib/python3.11/site-packages/airflow/example_dags/example_time_delta_sensor_async.py for tasks to queue
[2026-03-04T19:06:44.026+0000] {logging_mixin.py:188} INFO - [2026-03-04T19:06:44.026+0000] {dagbag.py:538} INFO - Filling up the DagBag from /Users/HP/storypoints-week1/venv/lib/python3.11/site-packages/airflow/example_dags/example_time_delta_sensor_async.py
[2026-03-04T19:06:44.047+0000] {processor.py:840} INFO - DAG(s) 'example_time_delta_sensor_async' retrieved from /Users/HP/storypoints-week1/venv/lib/python3.11/site-packages/airflow/example_dags/example_time_delta_sensor_async.py
[2026-03-04T19:06:44.179+0000] {logging_mixin.py:188} INFO - [2026-03-04T19:06:44.179+0000] {dag.py:3033} INFO - Sync 1 DAGs
[2026-03-04T19:06:44.188+0000] {logging_mixin.py:188} INFO - [2026-03-04T19:06:44.188+0000] {dag.py:3820} INFO - Setting next_dagrun for example_time_delta_sensor_async to None, run_after=None
[2026-03-04T19:06:44.203+0000] {processor.py:183} INFO - Processing /Users/HP/storypoints-week1/venv/lib/python3.11/site-packages/airflow/example_dags/example_time_delta_sensor_async.py took 0.182 seconds
[2026-03-04T19:07:59.477+0000] {processor.py:161} INFO - Started process (PID=58479) to work on /Users/HP/storypoints-week1/venv/lib/python3.11/site-packages/airflow/example_dags/example_time_delta_sensor_async.py
[2026-03-04T19:07:59.480+0000] {processor.py:830} INFO - Processing file /Users/HP/storypoints-week1/venv/lib/python3.11/site-packages/airflow/example_dags/example_time_delta_sensor_async.py for tasks to queue
[2026-03-04T19:07:59.481+0000] {logging_mixin.py:188} INFO - [2026-03-04T19:07:59.481+0000] {dagbag.py:538} INFO - Filling up the DagBag from /Users/HP/storypoints-week1/venv/lib/python3.11/site-packages/airflow/example_dags/example_time_delta_sensor_async.py
[2026-03-04T19:07:59.487+0000] {processor.py:840} INFO - DAG(s) 'example_time_delta_sensor_async' retrieved from /Users/HP/storypoints-week1/venv/lib/python3.11/site-packages/airflow/example_dags/example_time_delta_sensor_async.py
[2026-03-04T19:07:59.552+0000] {logging_mixin.py:188} INFO - [2026-03-04T19:07:59.552+0000] {dag.py:3033} INFO - Sync 1 DAGs
[2026-03-04T19:07:59.558+0000] {logging_mixin.py:188} INFO - [2026-03-04T19:07:59.558+0000] {dag.py:3820} INFO - Setting next_dagrun for example_time_delta_sensor_async to None, run_after=None
[2026-03-04T19:07:59.571+0000] {processor.py:183} INFO - Processing /Users/HP/storypoints-week1/venv/lib/python3.11/site-packages/airflow/example_dags/example_time_delta_sensor_async.py took 0.095 seconds
[2026-03-04T19:09:16.992+0000] {processor.py:161} INFO - Started process (PID=59228) to work on /Users/HP/storypoints-week1/venv/lib/python3.11/site-packages/airflow/example_dags/example_time_delta_sensor_async.py
[2026-03-04T19:09:16.994+0000] {processor.py:830} INFO - Processing file /Users/HP/storypoints-week1/venv/lib/python3.11/site-packages/airflow/example_dags/example_time_delta_sensor_async.py for tasks to queue
[2026-03-04T19:09:16.995+0000] {logging_mixin.py:188} INFO - [2026-03-04T19:09:16.995+0000] {dagbag.py:538} INFO - Filling up the DagBag from /Users/HP/storypoints-week1/venv/lib/python3.11/site-packages/airflow/example_dags/example_time_delta_sensor_async.py
[2026-03-04T19:09:17.000+0000] {processor.py:840} INFO - DAG(s) 'example_time_delta_sensor_async' retrieved from /Users/HP/storypoints-week1/venv/lib/python3.11/site-packages/airflow/example_dags/example_time_delta_sensor_async.py
[2026-03-04T19:09:17.066+0000] {logging_mixin.py:188} INFO - [2026-03-04T19:09:17.065+0000] {dag.py:3033} INFO - Sync 1 DAGs
[2026-03-04T19:09:17.071+0000] {logging_mixin.py:188} INFO - [2026-03-04T19:09:17.071+0000] {dag.py:3820} INFO - Setting next_dagrun for example_time_delta_sensor_async to None, run_after=None
[2026-03-04T19:09:17.083+0000] {processor.py:183} INFO - Processing /Users/HP/storypoints-week1/venv/lib/python3.11/site-packages/airflow/example_dags/example_time_delta_sensor_async.py took 0.092 seconds
[2026-03-04T19:10:42.994+0000] {processor.py:161} INFO - Started process (PID=60039) to work on /Users/HP/storypoints-week1/venv/lib/python3.11/site-packages/airflow/example_dags/example_time_delta_sensor_async.py
[2026-03-04T19:10:42.997+0000] {processor.py:830} INFO - Processing file /Users/HP/storypoints-week1/venv/lib/python3.11/site-packages/airflow/example_dags/example_time_delta_sensor_async.py for tasks to queue
[2026-03-04T19:10:42.999+0000] {logging_mixin.py:188} INFO - [2026-03-04T19:10:42.998+0000] {dagbag.py:538} INFO - Filling up the DagBag from /Users/HP/storypoints-week1/venv/lib/python3.11/site-packages/airflow/example_dags/example_time_delta_sensor_async.py
[2026-03-04T19:10:43.004+0000] {processor.py:840} INFO - DAG(s) 'example_time_delta_sensor_async' retrieved from /Users/HP/storypoints-week1/venv/lib/python3.11/site-packages/airflow/example_dags/example_time_delta_sensor_async.py
[2026-03-04T19:10:43.069+0000] {logging_mixin.py:188} INFO - [2026-03-04T19:10:43.068+0000] {dag.py:3033} INFO - Sync 1 DAGs
[2026-03-04T19:10:43.075+0000] {logging_mixin.py:188} INFO - [2026-03-04T19:10:43.075+0000] {dag.py:3820} INFO - Setting next_dagrun for example_time_delta_sensor_async to None, run_after=None
[2026-03-04T19:10:43.087+0000] {processor.py:183} INFO - Processing /Users/HP/storypoints-week1/venv/lib/python3.11/site-packages/airflow/example_dags/example_time_delta_sensor_async.py took 0.093 seconds
[2026-03-04T19:12:02.397+0000] {processor.py:161} INFO - Started process (PID=60806) to work on /Users/HP/storypoints-week1/venv/lib/python3.11/site-packages/airflow/example_dags/example_time_delta_sensor_async.py
[2026-03-04T19:12:02.400+0000] {processor.py:830} INFO - Processing file /Users/HP/storypoints-week1/venv/lib/python3.11/site-packages/airflow/example_dags/example_time_delta_sensor_async.py for tasks to queue
[2026-03-04T19:12:02.402+0000] {logging_mixin.py:188} INFO - [2026-03-04T19:12:02.402+0000] {dagbag.py:538} INFO - Filling up the DagBag from /Users/HP/storypoints-week1/venv/lib/python3.11/site-packages/airflow/example_dags/example_time_delta_sensor_async.py
[2026-03-04T19:12:02.407+0000] {processor.py:840} INFO - DAG(s) 'example_time_delta_sensor_async' retrieved from /Users/HP/storypoints-week1/venv/lib/python3.11/site-packages/airflow/example_dags/example_time_delta_sensor_async.py
[2026-03-04T19:12:02.474+0000] {logging_mixin.py:188} INFO - [2026-03-04T19:12:02.474+0000] {dag.py:3033} INFO - Sync 1 DAGs
[2026-03-04T19:12:02.481+0000] {logging_mixin.py:188} INFO - [2026-03-04T19:12:02.480+0000] {dag.py:3820} INFO - Setting next_dagrun for example_time_delta_sensor_async to None, run_after=None
[2026-03-04T19:12:02.493+0000] {processor.py:183} INFO - Processing /Users/HP/storypoints-week1/venv/lib/python3.11/site-packages/airflow/example_dags/example_time_delta_sensor_async.py took 0.096 seconds
[2026-03-04T19:33:32.318+0000] {processor.py:161} INFO - Started process (PID=74428) to work on /Users/HP/storypoints-week1/venv/lib/python3.11/site-packages/airflow/example_dags/example_time_delta_sensor_async.py
[2026-03-04T19:33:32.321+0000] {processor.py:830} INFO - Processing file /Users/HP/storypoints-week1/venv/lib/python3.11/site-packages/airflow/example_dags/example_time_delta_sensor_async.py for tasks to queue
[2026-03-04T19:33:32.322+0000] {logging_mixin.py:188} INFO - [2026-03-04T19:33:32.322+0000] {dagbag.py:538} INFO - Filling up the DagBag from /Users/HP/storypoints-week1/venv/lib/python3.11/site-packages/airflow/example_dags/example_time_delta_sensor_async.py
[2026-03-04T19:33:32.328+0000] {processor.py:840} INFO - DAG(s) 'example_time_delta_sensor_async' retrieved from /Users/HP/storypoints-week1/venv/lib/python3.11/site-packages/airflow/example_dags/example_time_delta_sensor_async.py
[2026-03-04T19:33:32.395+0000] {logging_mixin.py:188} INFO - [2026-03-04T19:33:32.395+0000] {dag.py:3033} INFO - Sync 1 DAGs
[2026-03-04T19:33:32.401+0000] {logging_mixin.py:188} INFO - [2026-03-04T19:33:32.401+0000] {dag.py:3820} INFO - Setting next_dagrun for example_time_delta_sensor_async to None, run_after=None
[2026-03-04T19:33:32.413+0000] {processor.py:183} INFO - Processing /Users/HP/storypoints-week1/venv/lib/python3.11/site-packages/airflow/example_dags/example_time_delta_sensor_async.py took 0.095 seconds
[2026-03-04T19:36:09.667+0000] {processor.py:161} INFO - Started process (PID=76127) to work on /Users/HP/storypoints-week1/venv/lib/python3.11/site-packages/airflow/example_dags/example_time_delta_sensor_async.py
[2026-03-04T19:36:09.669+0000] {processor.py:830} INFO - Processing file /Users/HP/storypoints-week1/venv/lib/python3.11/site-packages/airflow/example_dags/example_time_delta_sensor_async.py for tasks to queue
[2026-03-04T19:36:09.671+0000] {logging_mixin.py:188} INFO - [2026-03-04T19:36:09.671+0000] {dagbag.py:538} INFO - Filling up the DagBag from /Users/HP/storypoints-week1/venv/lib/python3.11/site-packages/airflow/example_dags/example_time_delta_sensor_async.py
[2026-03-04T19:36:09.677+0000] {processor.py:840} INFO - DAG(s) 'example_time_delta_sensor_async' retrieved from /Users/HP/storypoints-week1/venv/lib/python3.11/site-packages/airflow/example_dags/example_time_delta_sensor_async.py
[2026-03-04T19:36:09.743+0000] {logging_mixin.py:188} INFO - [2026-03-04T19:36:09.743+0000] {dag.py:3033} INFO - Sync 1 DAGs
[2026-03-04T19:36:09.750+0000] {logging_mixin.py:188} INFO - [2026-03-04T19:36:09.750+0000] {dag.py:3820} INFO - Setting next_dagrun for example_time_delta_sensor_async to None, run_after=None
[2026-03-04T19:36:09.762+0000] {processor.py:183} INFO - Processing /Users/HP/storypoints-week1/venv/lib/python3.11/site-packages/airflow/example_dags/example_time_delta_sensor_async.py took 0.096 seconds
[2026-03-04T19:37:57.013+0000] {processor.py:161} INFO - Started process (PID=77138) to work on /Users/HP/storypoints-week1/venv/lib/python3.11/site-packages/airflow/example_dags/example_time_delta_sensor_async.py
[2026-03-04T19:37:57.016+0000] {processor.py:830} INFO - Processing file /Users/HP/storypoints-week1/venv/lib/python3.11/site-packages/airflow/example_dags/example_time_delta_sensor_async.py for tasks to queue
[2026-03-04T19:37:57.018+0000] {logging_mixin.py:188} INFO - [2026-03-04T19:37:57.018+0000] {dagbag.py:538} INFO - Filling up the DagBag from /Users/HP/storypoints-week1/venv/lib/python3.11/site-packages/airflow/example_dags/example_time_delta_sensor_async.py
[2026-03-04T19:37:57.024+0000] {processor.py:840} INFO - DAG(s) 'example_time_delta_sensor_async' retrieved from /Users/HP/storypoints-week1/venv/lib/python3.11/site-packages/airflow/example_dags/example_time_delta_sensor_async.py
[2026-03-04T19:37:57.090+0000] {logging_mixin.py:188} INFO - [2026-03-04T19:37:57.089+0000] {dag.py:3033} INFO - Sync 1 DAGs
[2026-03-04T19:37:57.095+0000] {logging_mixin.py:188} INFO - [2026-03-04T19:37:57.095+0000] {dag.py:3820} INFO - Setting next_dagrun for example_time_delta_sensor_async to None, run_after=None
[2026-03-04T19:37:57.107+0000] {processor.py:183} INFO - Processing /Users/HP/storypoints-week1/venv/lib/python3.11/site-packages/airflow/example_dags/example_time_delta_sensor_async.py took 0.094 seconds
[2026-03-04T19:39:15.839+0000] {processor.py:161} INFO - Started process (PID=77899) to work on /Users/HP/storypoints-week1/venv/lib/python3.11/site-packages/airflow/example_dags/example_time_delta_sensor_async.py
[2026-03-04T19:39:15.842+0000] {processor.py:830} INFO - Processing file /Users/HP/storypoints-week1/venv/lib/python3.11/site-packages/airflow/example_dags/example_time_delta_sensor_async.py for tasks to queue
[2026-03-04T19:39:15.844+0000] {logging_mixin.py:188} INFO - [2026-03-04T19:39:15.844+0000] {dagbag.py:538} INFO - Filling up the DagBag from /Users/HP/storypoints-week1/venv/lib/python3.11/site-packages/airflow/example_dags/example_time_delta_sensor_async.py
[2026-03-04T19:39:15.850+0000] {processor.py:840} INFO - DAG(s) 'example_time_delta_sensor_async' retrieved from /Users/HP/storypoints-week1/venv/lib/python3.11/site-packages/airflow/example_dags/example_time_delta_sensor_async.py
[2026-03-04T19:39:15.917+0000] {logging_mixin.py:188} INFO - [2026-03-04T19:39:15.917+0000] {dag.py:3033} INFO - Sync 1 DAGs
[2026-03-04T19:39:15.923+0000] {logging_mixin.py:188} INFO - [2026-03-04T19:39:15.923+0000] {dag.py:3820} INFO - Setting next_dagrun for example_time_delta_sensor_async to None, run_after=None
[2026-03-04T19:39:15.934+0000] {processor.py:183} INFO - Processing /Users/HP/storypoints-week1/venv/lib/python3.11/site-packages/airflow/example_dags/example_time_delta_sensor_async.py took 0.096 seconds
[2026-03-04T19:40:29.667+0000] {processor.py:161} INFO - Started process (PID=78595) to work on /Users/HP/storypoints-week1/venv/lib/python3.11/site-packages/airflow/example_dags/example_time_delta_sensor_async.py
[2026-03-04T19:40:29.669+0000] {processor.py:830} INFO - Processing file /Users/HP/storypoints-week1/venv/lib/python3.11/site-packages/airflow/example_dags/example_time_delta_sensor_async.py for tasks to queue
[2026-03-04T19:40:29.670+0000] {logging_mixin.py:188} INFO - [2026-03-04T19:40:29.670+0000] {dagbag.py:538} INFO - Filling up the DagBag from /Users/HP/storypoints-week1/venv/lib/python3.11/site-packages/airflow/example_dags/example_time_delta_sensor_async.py
[2026-03-04T19:40:29.675+0000] {processor.py:840} INFO - DAG(s) 'example_time_delta_sensor_async' retrieved from /Users/HP/storypoints-week1/venv/lib/python3.11/site-packages/airflow/example_dags/example_time_delta_sensor_async.py
[2026-03-04T19:40:29.740+0000] {logging_mixin.py:188} INFO - [2026-03-04T19:40:29.740+0000] {dag.py:3033} INFO - Sync 1 DAGs
[2026-03-04T19:40:29.746+0000] {logging_mixin.py:188} INFO - [2026-03-04T19:40:29.745+0000] {dag.py:3820} INFO - Setting next_dagrun for example_time_delta_sensor_async to None, run_after=None
[2026-03-04T19:40:29.757+0000] {processor.py:183} INFO - Processing /Users/HP/storypoints-week1/venv/lib/python3.11/site-packages/airflow/example_dags/example_time_delta_sensor_async.py took 0.091 seconds
[2026-03-04T19:41:42.899+0000] {processor.py:161} INFO - Started process (PID=79285) to work on /Users/HP/storypoints-week1/venv/lib/python3.11/site-packages/airflow/example_dags/example_time_delta_sensor_async.py
[2026-03-04T19:41:42.902+0000] {processor.py:830} INFO - Processing file /Users/HP/storypoints-week1/venv/lib/python3.11/site-packages/airflow/example_dags/example_time_delta_sensor_async.py for tasks to queue
[2026-03-04T19:41:42.904+0000] {logging_mixin.py:188} INFO - [2026-03-04T19:41:42.904+0000] {dagbag.py:538} INFO - Filling up the DagBag from /Users/HP/storypoints-week1/venv/lib/python3.11/site-packages/airflow/example_dags/example_time_delta_sensor_async.py
[2026-03-04T19:41:42.911+0000] {processor.py:840} INFO - DAG(s) 'example_time_delta_sensor_async' retrieved from /Users/HP/storypoints-week1/venv/lib/python3.11/site-packages/airflow/example_dags/example_time_delta_sensor_async.py
[2026-03-04T19:41:42.984+0000] {logging_mixin.py:188} INFO - [2026-03-04T19:41:42.983+0000] {dag.py:3033} INFO - Sync 1 DAGs
[2026-03-04T19:41:42.991+0000] {logging_mixin.py:188} INFO - [2026-03-04T19:41:42.991+0000] {dag.py:3820} INFO - Setting next_dagrun for example_time_delta_sensor_async to None, run_after=None
[2026-03-04T19:41:43.005+0000] {processor.py:183} INFO - Processing /Users/HP/storypoints-week1/venv/lib/python3.11/site-packages/airflow/example_dags/example_time_delta_sensor_async.py took 0.107 seconds
[2026-03-04T19:42:57.345+0000] {processor.py:161} INFO - Started process (PID=79982) to work on /Users/HP/storypoints-week1/venv/lib/python3.11/site-packages/airflow/example_dags/example_time_delta_sensor_async.py
[2026-03-04T19:42:57.347+0000] {processor.py:830} INFO - Processing file /Users/HP/storypoints-week1/venv/lib/python3.11/site-packages/airflow/example_dags/example_time_delta_sensor_async.py for tasks to queue
[2026-03-04T19:42:57.349+0000] {logging_mixin.py:188} INFO - [2026-03-04T19:42:57.349+0000] {dagbag.py:538} INFO - Filling up the DagBag from /Users/HP/storypoints-week1/venv/lib/python3.11/site-packages/airflow/example_dags/example_time_delta_sensor_async.py
[2026-03-04T19:42:57.354+0000] {processor.py:840} INFO - DAG(s) 'example_time_delta_sensor_async' retrieved from /Users/HP/storypoints-week1/venv/lib/python3.11/site-packages/airflow/example_dags/example_time_delta_sensor_async.py
[2026-03-04T19:42:57.418+0000] {logging_mixin.py:188} INFO - [2026-03-04T19:42:57.417+0000] {dag.py:3033} INFO - Sync 1 DAGs
[2026-03-04T19:42:57.424+0000] {logging_mixin.py:188} INFO - [2026-03-04T19:42:57.424+0000] {dag.py:3820} INFO - Setting next_dagrun for example_time_delta_sensor_async to None, run_after=None
[2026-03-04T19:42:57.437+0000] {processor.py:183} INFO - Processing /Users/HP/storypoints-week1/venv/lib/python3.11/site-packages/airflow/example_dags/example_time_delta_sensor_async.py took 0.093 seconds
[2026-03-04T19:44:10.922+0000] {processor.py:161} INFO - Started process (PID=80674) to work on /Users/HP/storypoints-week1/venv/lib/python3.11/site-packages/airflow/example_dags/example_time_delta_sensor_async.py
[2026-03-04T19:44:10.924+0000] {processor.py:830} INFO - Processing file /Users/HP/storypoints-week1/venv/lib/python3.11/site-packages/airflow/example_dags/example_time_delta_sensor_async.py for tasks to queue
[2026-03-04T19:44:10.925+0000] {logging_mixin.py:188} INFO - [2026-03-04T19:44:10.925+0000] {dagbag.py:538} INFO - Filling up the DagBag from /Users/HP/storypoints-week1/venv/lib/python3.11/site-packages/airflow/example_dags/example_time_delta_sensor_async.py
[2026-03-04T19:44:10.930+0000] {processor.py:840} INFO - DAG(s) 'example_time_delta_sensor_async' retrieved from /Users/HP/storypoints-week1/venv/lib/python3.11/site-packages/airflow/example_dags/example_time_delta_sensor_async.py
[2026-03-04T19:44:10.997+0000] {logging_mixin.py:188} INFO - [2026-03-04T19:44:10.997+0000] {dag.py:3033} INFO - Sync 1 DAGs
[2026-03-04T19:44:11.003+0000] {logging_mixin.py:188} INFO - [2026-03-04T19:44:11.003+0000] {dag.py:3820} INFO - Setting next_dagrun for example_time_delta_sensor_async to None, run_after=None
[2026-03-04T19:44:11.015+0000] {processor.py:183} INFO - Processing /Users/HP/storypoints-week1/venv/lib/python3.11/site-packages/airflow/example_dags/example_time_delta_sensor_async.py took 0.094 seconds
[2026-03-04T19:45:24.193+0000] {processor.py:161} INFO - Started process (PID=81366) to work on /Users/HP/storypoints-week1/venv/lib/python3.11/site-packages/airflow/example_dags/example_time_delta_sensor_async.py
[2026-03-04T19:45:24.196+0000] {processor.py:830} INFO - Processing file /Users/HP/storypoints-week1/venv/lib/python3.11/site-packages/airflow/example_dags/example_time_delta_sensor_async.py for tasks to queue
[2026-03-04T19:45:24.197+0000] {logging_mixin.py:188} INFO - [2026-03-04T19:45:24.197+0000] {dagbag.py:538} INFO - Filling up the DagBag from /Users/HP/storypoints-week1/venv/lib/python3.11/site-packages/airflow/example_dags/example_time_delta_sensor_async.py
[2026-03-04T19:45:24.201+0000] {processor.py:840} INFO - DAG(s) 'example_time_delta_sensor_async' retrieved from /Users/HP/storypoints-week1/venv/lib/python3.11/site-packages/airflow/example_dags/example_time_delta_sensor_async.py
[2026-03-04T19:45:24.266+0000] {logging_mixin.py:188} INFO - [2026-03-04T19:45:24.265+0000] {dag.py:3033} INFO - Sync 1 DAGs
[2026-03-04T19:45:24.272+0000] {logging_mixin.py:188} INFO - [2026-03-04T19:45:24.271+0000] {dag.py:3820} INFO - Setting next_dagrun for example_time_delta_sensor_async to None, run_after=None
[2026-03-04T19:45:24.283+0000] {processor.py:183} INFO - Processing /Users/HP/storypoints-week1/venv/lib/python3.11/site-packages/airflow/example_dags/example_time_delta_sensor_async.py took 0.091 seconds
[2026-03-04T19:46:38.533+0000] {processor.py:161} INFO - Started process (PID=82078) to work on /Users/HP/storypoints-week1/venv/lib/python3.11/site-packages/airflow/example_dags/example_time_delta_sensor_async.py
[2026-03-04T19:46:38.535+0000] {processor.py:830} INFO - Processing file /Users/HP/storypoints-week1/venv/lib/python3.11/site-packages/airflow/example_dags/example_time_delta_sensor_async.py for tasks to queue
[2026-03-04T19:46:38.536+0000] {logging_mixin.py:188} INFO - [2026-03-04T19:46:38.536+0000] {dagbag.py:538} INFO - Filling up the DagBag from /Users/HP/storypoints-week1/venv/lib/python3.11/site-packages/airflow/example_dags/example_time_delta_sensor_async.py
[2026-03-04T19:46:38.541+0000] {processor.py:840} INFO - DAG(s) 'example_time_delta_sensor_async' retrieved from /Users/HP/storypoints-week1/venv/lib/python3.11/site-packages/airflow/example_dags/example_time_delta_sensor_async.py
[2026-03-04T19:46:38.606+0000] {logging_mixin.py:188} INFO - [2026-03-04T19:46:38.606+0000] {dag.py:3033} INFO - Sync 1 DAGs
[2026-03-04T19:46:38.612+0000] {logging_mixin.py:188} INFO - [2026-03-04T19:46:38.612+0000] {dag.py:3820} INFO - Setting next_dagrun for example_time_delta_sensor_async to None, run_after=None
[2026-03-04T19:46:38.623+0000] {processor.py:183} INFO - Processing /Users/HP/storypoints-week1/venv/lib/python3.11/site-packages/airflow/example_dags/example_time_delta_sensor_async.py took 0.091 seconds
[2026-03-04T20:00:04.267+0000] {processor.py:161} INFO - Started process (PID=82792) to work on /Users/HP/storypoints-week1/venv/lib/python3.11/site-packages/airflow/example_dags/example_time_delta_sensor_async.py
[2026-03-04T20:00:04.270+0000] {processor.py:830} INFO - Processing file /Users/HP/storypoints-week1/venv/lib/python3.11/site-packages/airflow/example_dags/example_time_delta_sensor_async.py for tasks to queue
[2026-03-04T20:00:04.271+0000] {logging_mixin.py:188} INFO - [2026-03-04T20:00:04.271+0000] {dagbag.py:538} INFO - Filling up the DagBag from /Users/HP/storypoints-week1/venv/lib/python3.11/site-packages/airflow/example_dags/example_time_delta_sensor_async.py
[2026-03-04T20:00:04.277+0000] {processor.py:840} INFO - DAG(s) 'example_time_delta_sensor_async' retrieved from /Users/HP/storypoints-week1/venv/lib/python3.11/site-packages/airflow/example_dags/example_time_delta_sensor_async.py
[2026-03-04T20:00:04.338+0000] {logging_mixin.py:188} INFO - [2026-03-04T20:00:04.338+0000] {dag.py:3033} INFO - Sync 1 DAGs
[2026-03-04T20:00:04.344+0000] {logging_mixin.py:188} INFO - [2026-03-04T20:00:04.344+0000] {dag.py:3820} INFO - Setting next_dagrun for example_time_delta_sensor_async to None, run_after=None
[2026-03-04T20:00:04.354+0000] {processor.py:183} INFO - Processing /Users/HP/storypoints-week1/venv/lib/python3.11/site-packages/airflow/example_dags/example_time_delta_sensor_async.py took 0.087 seconds
[2026-03-04T20:12:32.856+0000] {processor.py:161} INFO - Started process (PID=83534) to work on /Users/HP/storypoints-week1/venv/lib/python3.11/site-packages/airflow/example_dags/example_time_delta_sensor_async.py
[2026-03-04T20:12:32.858+0000] {processor.py:830} INFO - Processing file /Users/HP/storypoints-week1/venv/lib/python3.11/site-packages/airflow/example_dags/example_time_delta_sensor_async.py for tasks to queue
[2026-03-04T20:12:32.860+0000] {logging_mixin.py:188} INFO - [2026-03-04T20:12:32.860+0000] {dagbag.py:538} INFO - Filling up the DagBag from /Users/HP/storypoints-week1/venv/lib/python3.11/site-packages/airflow/example_dags/example_time_delta_sensor_async.py
[2026-03-04T20:12:32.866+0000] {processor.py:840} INFO - DAG(s) 'example_time_delta_sensor_async' retrieved from /Users/HP/storypoints-week1/venv/lib/python3.11/site-packages/airflow/example_dags/example_time_delta_sensor_async.py
[2026-03-04T20:12:32.930+0000] {logging_mixin.py:188} INFO - [2026-03-04T20:12:32.930+0000] {dag.py:3033} INFO - Sync 1 DAGs
[2026-03-04T20:12:32.936+0000] {logging_mixin.py:188} INFO - [2026-03-04T20:12:32.936+0000] {dag.py:3820} INFO - Setting next_dagrun for example_time_delta_sensor_async to None, run_after=None
[2026-03-04T20:12:32.947+0000] {processor.py:183} INFO - Processing /Users/HP/storypoints-week1/venv/lib/python3.11/site-packages/airflow/example_dags/example_time_delta_sensor_async.py took 0.092 seconds
[2026-03-04T20:14:06.108+0000] {processor.py:161} INFO - Started process (PID=84395) to work on /Users/HP/storypoints-week1/venv/lib/python3.11/site-packages/airflow/example_dags/example_time_delta_sensor_async.py
[2026-03-04T20:14:06.113+0000] {processor.py:830} INFO - Processing file /Users/HP/storypoints-week1/venv/lib/python3.11/site-packages/airflow/example_dags/example_time_delta_sensor_async.py for tasks to queue
[2026-03-04T20:14:06.115+0000] {logging_mixin.py:188} INFO - [2026-03-04T20:14:06.115+0000] {dagbag.py:538} INFO - Filling up the DagBag from /Users/HP/storypoints-week1/venv/lib/python3.11/site-packages/airflow/example_dags/example_time_delta_sensor_async.py
[2026-03-04T20:14:06.121+0000] {processor.py:840} INFO - DAG(s) 'example_time_delta_sensor_async' retrieved from /Users/HP/storypoints-week1/venv/lib/python3.11/site-packages/airflow/example_dags/example_time_delta_sensor_async.py
[2026-03-04T20:14:06.185+0000] {logging_mixin.py:188} INFO - [2026-03-04T20:14:06.185+0000] {dag.py:3033} INFO - Sync 1 DAGs
[2026-03-04T20:14:06.191+0000] {logging_mixin.py:188} INFO - [2026-03-04T20:14:06.191+0000] {dag.py:3820} INFO - Setting next_dagrun for example_time_delta_sensor_async to None, run_after=None
[2026-03-04T20:14:06.203+0000] {processor.py:183} INFO - Processing /Users/HP/storypoints-week1/venv/lib/python3.11/site-packages/airflow/example_dags/example_time_delta_sensor_async.py took 0.095 seconds
[2026-03-04T20:15:25.098+0000] {processor.py:161} INFO - Started process (PID=85132) to work on /Users/HP/storypoints-week1/venv/lib/python3.11/site-packages/airflow/example_dags/example_time_delta_sensor_async.py
[2026-03-04T20:15:25.101+0000] {processor.py:830} INFO - Processing file /Users/HP/storypoints-week1/venv/lib/python3.11/site-packages/airflow/example_dags/example_time_delta_sensor_async.py for tasks to queue
[2026-03-04T20:15:25.102+0000] {logging_mixin.py:188} INFO - [2026-03-04T20:15:25.102+0000] {dagbag.py:538} INFO - Filling up the DagBag from /Users/HP/storypoints-week1/venv/lib/python3.11/site-packages/airflow/example_dags/example_time_delta_sensor_async.py
[2026-03-04T20:15:25.108+0000] {processor.py:840} INFO - DAG(s) 'example_time_delta_sensor_async' retrieved from /Users/HP/storypoints-week1/venv/lib/python3.11/site-packages/airflow/example_dags/example_time_delta_sensor_async.py
[2026-03-04T20:15:25.172+0000] {logging_mixin.py:188} INFO - [2026-03-04T20:15:25.172+0000] {dag.py:3033} INFO - Sync 1 DAGs
[2026-03-04T20:15:25.177+0000] {logging_mixin.py:188} INFO - [2026-03-04T20:15:25.177+0000] {dag.py:3820} INFO - Setting next_dagrun for example_time_delta_sensor_async to None, run_after=None
[2026-03-04T20:15:25.187+0000] {processor.py:183} INFO - Processing /Users/HP/storypoints-week1/venv/lib/python3.11/site-packages/airflow/example_dags/example_time_delta_sensor_async.py took 0.090 seconds
[2026-03-04T20:23:31.928+0000] {processor.py:161} INFO - Started process (PID=85870) to work on /Users/HP/storypoints-week1/venv/lib/python3.11/site-packages/airflow/example_dags/example_time_delta_sensor_async.py
[2026-03-04T20:23:31.931+0000] {processor.py:830} INFO - Processing file /Users/HP/storypoints-week1/venv/lib/python3.11/site-packages/airflow/example_dags/example_time_delta_sensor_async.py for tasks to queue
[2026-03-04T20:23:31.932+0000] {logging_mixin.py:188} INFO - [2026-03-04T20:23:31.932+0000] {dagbag.py:538} INFO - Filling up the DagBag from /Users/HP/storypoints-week1/venv/lib/python3.11/site-packages/airflow/example_dags/example_time_delta_sensor_async.py
[2026-03-04T20:23:31.938+0000] {processor.py:840} INFO - DAG(s) 'example_time_delta_sensor_async' retrieved from /Users/HP/storypoints-week1/venv/lib/python3.11/site-packages/airflow/example_dags/example_time_delta_sensor_async.py
[2026-03-04T20:23:32.003+0000] {logging_mixin.py:188} INFO - [2026-03-04T20:23:32.002+0000] {dag.py:3033} INFO - Sync 1 DAGs
[2026-03-04T20:23:32.008+0000] {logging_mixin.py:188} INFO - [2026-03-04T20:23:32.008+0000] {dag.py:3820} INFO - Setting next_dagrun for example_time_delta_sensor_async to None, run_after=None
[2026-03-04T20:23:32.017+0000] {processor.py:183} INFO - Processing /Users/HP/storypoints-week1/venv/lib/python3.11/site-packages/airflow/example_dags/example_time_delta_sensor_async.py took 0.090 seconds
[2026-03-04T20:25:01.169+0000] {processor.py:161} INFO - Started process (PID=86703) to work on /Users/HP/storypoints-week1/venv/lib/python3.11/site-packages/airflow/example_dags/example_time_delta_sensor_async.py
[2026-03-04T20:25:01.172+0000] {processor.py:830} INFO - Processing file /Users/HP/storypoints-week1/venv/lib/python3.11/site-packages/airflow/example_dags/example_time_delta_sensor_async.py for tasks to queue
[2026-03-04T20:25:01.173+0000] {logging_mixin.py:188} INFO - [2026-03-04T20:25:01.173+0000] {dagbag.py:538} INFO - Filling up the DagBag from /Users/HP/storypoints-week1/venv/lib/python3.11/site-packages/airflow/example_dags/example_time_delta_sensor_async.py
[2026-03-04T20:25:01.178+0000] {processor.py:840} INFO - DAG(s) 'example_time_delta_sensor_async' retrieved from /Users/HP/storypoints-week1/venv/lib/python3.11/site-packages/airflow/example_dags/example_time_delta_sensor_async.py
[2026-03-04T20:25:01.244+0000] {logging_mixin.py:188} INFO - [2026-03-04T20:25:01.243+0000] {dag.py:3033} INFO - Sync 1 DAGs
[2026-03-04T20:25:01.250+0000] {logging_mixin.py:188} INFO - [2026-03-04T20:25:01.250+0000] {dag.py:3820} INFO - Setting next_dagrun for example_time_delta_sensor_async to None, run_after=None
[2026-03-04T20:25:01.261+0000] {processor.py:183} INFO - Processing /Users/HP/storypoints-week1/venv/lib/python3.11/site-packages/airflow/example_dags/example_time_delta_sensor_async.py took 0.093 seconds
[2026-03-04T20:45:41.231+0000] {processor.py:161} INFO - Started process (PID=87445) to work on /Users/HP/storypoints-week1/venv/lib/python3.11/site-packages/airflow/example_dags/example_time_delta_sensor_async.py
[2026-03-04T20:45:41.233+0000] {processor.py:830} INFO - Processing file /Users/HP/storypoints-week1/venv/lib/python3.11/site-packages/airflow/example_dags/example_time_delta_sensor_async.py for tasks to queue
[2026-03-04T20:45:41.234+0000] {logging_mixin.py:188} INFO - [2026-03-04T20:45:41.234+0000] {dagbag.py:538} INFO - Filling up the DagBag from /Users/HP/storypoints-week1/venv/lib/python3.11/site-packages/airflow/example_dags/example_time_delta_sensor_async.py
[2026-03-04T20:45:41.239+0000] {processor.py:840} INFO - DAG(s) 'example_time_delta_sensor_async' retrieved from /Users/HP/storypoints-week1/venv/lib/python3.11/site-packages/airflow/example_dags/example_time_delta_sensor_async.py
[2026-03-04T20:45:41.303+0000] {logging_mixin.py:188} INFO - [2026-03-04T20:45:41.302+0000] {dag.py:3033} INFO - Sync 1 DAGs
[2026-03-04T20:45:41.308+0000] {logging_mixin.py:188} INFO - [2026-03-04T20:45:41.308+0000] {dag.py:3820} INFO - Setting next_dagrun for example_time_delta_sensor_async to None, run_after=None
[2026-03-04T20:45:41.320+0000] {processor.py:183} INFO - Processing /Users/HP/storypoints-week1/venv/lib/python3.11/site-packages/airflow/example_dags/example_time_delta_sensor_async.py took 0.091 seconds
[2026-03-04T22:04:56.118+0000] {processor.py:161} INFO - Started process (PID=88254) to work on /Users/HP/storypoints-week1/venv/lib/python3.11/site-packages/airflow/example_dags/example_time_delta_sensor_async.py
[2026-03-04T22:04:56.120+0000] {processor.py:830} INFO - Processing file /Users/HP/storypoints-week1/venv/lib/python3.11/site-packages/airflow/example_dags/example_time_delta_sensor_async.py for tasks to queue
[2026-03-04T22:04:56.122+0000] {logging_mixin.py:188} INFO - [2026-03-04T22:04:56.121+0000] {dagbag.py:538} INFO - Filling up the DagBag from /Users/HP/storypoints-week1/venv/lib/python3.11/site-packages/airflow/example_dags/example_time_delta_sensor_async.py
[2026-03-04T22:04:56.127+0000] {processor.py:840} INFO - DAG(s) 'example_time_delta_sensor_async' retrieved from /Users/HP/storypoints-week1/venv/lib/python3.11/site-packages/airflow/example_dags/example_time_delta_sensor_async.py
[2026-03-04T22:04:56.191+0000] {logging_mixin.py:188} INFO - [2026-03-04T22:04:56.191+0000] {dag.py:3033} INFO - Sync 1 DAGs
[2026-03-04T22:04:56.196+0000] {logging_mixin.py:188} INFO - [2026-03-04T22:04:56.196+0000] {dag.py:3820} INFO - Setting next_dagrun for example_time_delta_sensor_async to None, run_after=None
[2026-03-04T22:04:56.206+0000] {processor.py:183} INFO - Processing /Users/HP/storypoints-week1/venv/lib/python3.11/site-packages/airflow/example_dags/example_time_delta_sensor_async.py took 0.089 seconds
[2026-03-04T22:17:35.456+0000] {processor.py:161} INFO - Started process (PID=89005) to work on /Users/HP/storypoints-week1/venv/lib/python3.11/site-packages/airflow/example_dags/example_time_delta_sensor_async.py
[2026-03-04T22:17:35.458+0000] {processor.py:830} INFO - Processing file /Users/HP/storypoints-week1/venv/lib/python3.11/site-packages/airflow/example_dags/example_time_delta_sensor_async.py for tasks to queue
[2026-03-04T22:17:35.460+0000] {logging_mixin.py:188} INFO - [2026-03-04T22:17:35.460+0000] {dagbag.py:538} INFO - Filling up the DagBag from /Users/HP/storypoints-week1/venv/lib/python3.11/site-packages/airflow/example_dags/example_time_delta_sensor_async.py
[2026-03-04T22:17:35.465+0000] {processor.py:840} INFO - DAG(s) 'example_time_delta_sensor_async' retrieved from /Users/HP/storypoints-week1/venv/lib/python3.11/site-packages/airflow/example_dags/example_time_delta_sensor_async.py
[2026-03-04T22:17:35.530+0000] {logging_mixin.py:188} INFO - [2026-03-04T22:17:35.529+0000] {dag.py:3033} INFO - Sync 1 DAGs
[2026-03-04T22:17:35.536+0000] {logging_mixin.py:188} INFO - [2026-03-04T22:17:35.536+0000] {dag.py:3820} INFO - Setting next_dagrun for example_time_delta_sensor_async to None, run_after=None
[2026-03-04T22:17:35.547+0000] {processor.py:183} INFO - Processing /Users/HP/storypoints-week1/venv/lib/python3.11/site-packages/airflow/example_dags/example_time_delta_sensor_async.py took 0.092 seconds
[2026-03-04T22:19:15.340+0000] {processor.py:161} INFO - Started process (PID=89959) to work on /Users/HP/storypoints-week1/venv/lib/python3.11/site-packages/airflow/example_dags/example_time_delta_sensor_async.py
[2026-03-04T22:19:15.342+0000] {processor.py:830} INFO - Processing file /Users/HP/storypoints-week1/venv/lib/python3.11/site-packages/airflow/example_dags/example_time_delta_sensor_async.py for tasks to queue
[2026-03-04T22:19:15.344+0000] {logging_mixin.py:188} INFO - [2026-03-04T22:19:15.344+0000] {dagbag.py:538} INFO - Filling up the DagBag from /Users/HP/storypoints-week1/venv/lib/python3.11/site-packages/airflow/example_dags/example_time_delta_sensor_async.py
[2026-03-04T22:19:15.349+0000] {processor.py:840} INFO - DAG(s) 'example_time_delta_sensor_async' retrieved from /Users/HP/storypoints-week1/venv/lib/python3.11/site-packages/airflow/example_dags/example_time_delta_sensor_async.py
[2026-03-04T22:19:15.413+0000] {logging_mixin.py:188} INFO - [2026-03-04T22:19:15.413+0000] {dag.py:3033} INFO - Sync 1 DAGs
[2026-03-04T22:19:15.419+0000] {logging_mixin.py:188} INFO - [2026-03-04T22:19:15.418+0000] {dag.py:3820} INFO - Setting next_dagrun for example_time_delta_sensor_async to None, run_after=None
[2026-03-04T22:19:15.430+0000] {processor.py:183} INFO - Processing /Users/HP/storypoints-week1/venv/lib/python3.11/site-packages/airflow/example_dags/example_time_delta_sensor_async.py took 0.090 seconds
[2026-03-04T23:06:01.834+0000] {processor.py:161} INFO - Started process (PID=90709) to work on /Users/HP/storypoints-week1/venv/lib/python3.11/site-packages/airflow/example_dags/example_time_delta_sensor_async.py
[2026-03-04T23:06:01.837+0000] {processor.py:830} INFO - Processing file /Users/HP/storypoints-week1/venv/lib/python3.11/site-packages/airflow/example_dags/example_time_delta_sensor_async.py for tasks to queue
[2026-03-04T23:06:01.838+0000] {logging_mixin.py:188} INFO - [2026-03-04T23:06:01.838+0000] {dagbag.py:538} INFO - Filling up the DagBag from /Users/HP/storypoints-week1/venv/lib/python3.11/site-packages/airflow/example_dags/example_time_delta_sensor_async.py
[2026-03-04T23:06:01.844+0000] {processor.py:840} INFO - DAG(s) 'example_time_delta_sensor_async' retrieved from /Users/HP/storypoints-week1/venv/lib/python3.11/site-packages/airflow/example_dags/example_time_delta_sensor_async.py
[2026-03-04T23:06:01.909+0000] {logging_mixin.py:188} INFO - [2026-03-04T23:06:01.908+0000] {dag.py:3033} INFO - Sync 1 DAGs
[2026-03-04T23:06:01.914+0000] {logging_mixin.py:188} INFO - [2026-03-04T23:06:01.914+0000] {dag.py:3820} INFO - Setting next_dagrun for example_time_delta_sensor_async to None, run_after=None
[2026-03-04T23:06:01.926+0000] {processor.py:183} INFO - Processing /Users/HP/storypoints-week1/venv/lib/python3.11/site-packages/airflow/example_dags/example_time_delta_sensor_async.py took 0.093 seconds
[2026-03-04T23:07:15.664+0000] {processor.py:161} INFO - Started process (PID=91419) to work on /Users/HP/storypoints-week1/venv/lib/python3.11/site-packages/airflow/example_dags/example_time_delta_sensor_async.py
[2026-03-04T23:07:15.666+0000] {processor.py:830} INFO - Processing file /Users/HP/storypoints-week1/venv/lib/python3.11/site-packages/airflow/example_dags/example_time_delta_sensor_async.py for tasks to queue
[2026-03-04T23:07:15.667+0000] {logging_mixin.py:188} INFO - [2026-03-04T23:07:15.667+0000] {dagbag.py:538} INFO - Filling up the DagBag from /Users/HP/storypoints-week1/venv/lib/python3.11/site-packages/airflow/example_dags/example_time_delta_sensor_async.py
[2026-03-04T23:07:15.672+0000] {processor.py:840} INFO - DAG(s) 'example_time_delta_sensor_async' retrieved from /Users/HP/storypoints-week1/venv/lib/python3.11/site-packages/airflow/example_dags/example_time_delta_sensor_async.py
[2026-03-04T23:07:15.732+0000] {logging_mixin.py:188} INFO - [2026-03-04T23:07:15.732+0000] {dag.py:3033} INFO - Sync 1 DAGs
[2026-03-04T23:07:15.738+0000] {logging_mixin.py:188} INFO - [2026-03-04T23:07:15.738+0000] {dag.py:3820} INFO - Setting next_dagrun for example_time_delta_sensor_async to None, run_after=None
[2026-03-04T23:07:15.749+0000] {processor.py:183} INFO - Processing /Users/HP/storypoints-week1/venv/lib/python3.11/site-packages/airflow/example_dags/example_time_delta_sensor_async.py took 0.087 seconds
[2026-03-04T23:19:24.623+0000] {processor.py:161} INFO - Started process (PID=92123) to work on /Users/HP/storypoints-week1/venv/lib/python3.11/site-packages/airflow/example_dags/example_time_delta_sensor_async.py
[2026-03-04T23:19:24.625+0000] {processor.py:830} INFO - Processing file /Users/HP/storypoints-week1/venv/lib/python3.11/site-packages/airflow/example_dags/example_time_delta_sensor_async.py for tasks to queue
[2026-03-04T23:19:24.626+0000] {logging_mixin.py:188} INFO - [2026-03-04T23:19:24.626+0000] {dagbag.py:538} INFO - Filling up the DagBag from /Users/HP/storypoints-week1/venv/lib/python3.11/site-packages/airflow/example_dags/example_time_delta_sensor_async.py
[2026-03-04T23:19:24.631+0000] {processor.py:840} INFO - DAG(s) 'example_time_delta_sensor_async' retrieved from /Users/HP/storypoints-week1/venv/lib/python3.11/site-packages/airflow/example_dags/example_time_delta_sensor_async.py
[2026-03-04T23:19:24.694+0000] {logging_mixin.py:188} INFO - [2026-03-04T23:19:24.694+0000] {dag.py:3033} INFO - Sync 1 DAGs
[2026-03-04T23:19:24.700+0000] {logging_mixin.py:188} INFO - [2026-03-04T23:19:24.700+0000] {dag.py:3820} INFO - Setting next_dagrun for example_time_delta_sensor_async to None, run_after=None
[2026-03-04T23:19:24.711+0000] {processor.py:183} INFO - Processing /Users/HP/storypoints-week1/venv/lib/python3.11/site-packages/airflow/example_dags/example_time_delta_sensor_async.py took 0.089 seconds
[2026-03-04T23:38:35.319+0000] {processor.py:161} INFO - Started process (PID=92832) to work on /Users/HP/storypoints-week1/venv/lib/python3.11/site-packages/airflow/example_dags/example_time_delta_sensor_async.py
[2026-03-04T23:38:35.321+0000] {processor.py:830} INFO - Processing file /Users/HP/storypoints-week1/venv/lib/python3.11/site-packages/airflow/example_dags/example_time_delta_sensor_async.py for tasks to queue
[2026-03-04T23:38:35.322+0000] {logging_mixin.py:188} INFO - [2026-03-04T23:38:35.322+0000] {dagbag.py:538} INFO - Filling up the DagBag from /Users/HP/storypoints-week1/venv/lib/python3.11/site-packages/airflow/example_dags/example_time_delta_sensor_async.py
[2026-03-04T23:38:35.328+0000] {processor.py:840} INFO - DAG(s) 'example_time_delta_sensor_async' retrieved from /Users/HP/storypoints-week1/venv/lib/python3.11/site-packages/airflow/example_dags/example_time_delta_sensor_async.py
[2026-03-04T23:38:35.390+0000] {logging_mixin.py:188} INFO - [2026-03-04T23:38:35.389+0000] {dag.py:3033} INFO - Sync 1 DAGs
[2026-03-04T23:38:35.395+0000] {logging_mixin.py:188} INFO - [2026-03-04T23:38:35.395+0000] {dag.py:3820} INFO - Setting next_dagrun for example_time_delta_sensor_async to None, run_after=None
[2026-03-04T23:38:35.407+0000] {processor.py:183} INFO - Processing /Users/HP/storypoints-week1/venv/lib/python3.11/site-packages/airflow/example_dags/example_time_delta_sensor_async.py took 0.089 seconds
