[2026-03-04T19:01:48.720+0000] {processor.py:161} INFO - Started process (PID=54545) to work on /Users/HP/storypoints-week1/venv/lib/python3.11/site-packages/airflow/example_dags/example_subdag_operator.py
[2026-03-04T19:01:48.723+0000] {processor.py:830} INFO - Processing file /Users/HP/storypoints-week1/venv/lib/python3.11/site-packages/airflow/example_dags/example_subdag_operator.py for tasks to queue
[2026-03-04T19:01:48.725+0000] {logging_mixin.py:188} INFO - [2026-03-04T19:01:48.725+0000] {dagbag.py:538} INFO - Filling up the DagBag from /Users/HP/storypoints-week1/venv/lib/python3.11/site-packages/airflow/example_dags/example_subdag_operator.py
[2026-03-04T19:01:48.788+0000] {processor.py:840} INFO - DAG(s) 'example_subdag_operator.section-1', 'example_subdag_operator.section-2', 'example_subdag_operator' retrieved from /Users/HP/storypoints-week1/venv/lib/python3.11/site-packages/airflow/example_dags/example_subdag_operator.py
[2026-03-04T19:01:48.871+0000] {logging_mixin.py:188} INFO - [2026-03-04T19:01:48.871+0000] {override.py:1769} INFO - Created Permission View: can delete on DAG:example_subdag_operator
[2026-03-04T19:01:48.877+0000] {logging_mixin.py:188} INFO - [2026-03-04T19:01:48.876+0000] {override.py:1769} INFO - Created Permission View: can edit on DAG:example_subdag_operator
[2026-03-04T19:01:48.881+0000] {logging_mixin.py:188} INFO - [2026-03-04T19:01:48.880+0000] {override.py:1769} INFO - Created Permission View: can read on DAG:example_subdag_operator
[2026-03-04T19:01:48.881+0000] {logging_mixin.py:188} INFO - [2026-03-04T19:01:48.881+0000] {dag.py:3033} INFO - Sync 3 DAGs
[2026-03-04T19:01:48.889+0000] {logging_mixin.py:188} INFO - [2026-03-04T19:01:48.889+0000] {dag.py:3055} INFO - Creating ORM DAG for example_subdag_operator.section-1
[2026-03-04T19:01:48.889+0000] {logging_mixin.py:188} INFO - [2026-03-04T19:01:48.889+0000] {dag.py:3055} INFO - Creating ORM DAG for example_subdag_operator
[2026-03-04T19:01:48.889+0000] {logging_mixin.py:188} INFO - [2026-03-04T19:01:48.889+0000] {dag.py:3055} INFO - Creating ORM DAG for example_subdag_operator.section-2
[2026-03-04T19:01:48.894+0000] {logging_mixin.py:188} INFO - [2026-03-04T19:01:48.894+0000] {dag.py:3820} INFO - Setting next_dagrun for example_subdag_operator to 2022-01-01T00:00:00+00:00, run_after=2022-01-01T00:00:00+00:00
[2026-03-04T19:01:48.894+0000] {logging_mixin.py:188} INFO - [2026-03-04T19:01:48.894+0000] {dag.py:3820} INFO - Setting next_dagrun for example_subdag_operator.section-1 to None, run_after=None
[2026-03-04T19:01:48.895+0000] {logging_mixin.py:188} INFO - [2026-03-04T19:01:48.894+0000] {dag.py:3820} INFO - Setting next_dagrun for example_subdag_operator.section-2 to None, run_after=None
[2026-03-04T19:01:48.899+0000] {logging_mixin.py:188} INFO - [2026-03-04T19:01:48.899+0000] {dag.py:3033} INFO - Sync 2 DAGs
[2026-03-04T19:01:48.902+0000] {logging_mixin.py:188} INFO - [2026-03-04T19:01:48.902+0000] {dag.py:3820} INFO - Setting next_dagrun for example_subdag_operator.section-1 to None, run_after=None
[2026-03-04T19:01:48.903+0000] {logging_mixin.py:188} INFO - [2026-03-04T19:01:48.903+0000] {dag.py:3820} INFO - Setting next_dagrun for example_subdag_operator.section-2 to None, run_after=None
[2026-03-04T19:01:48.911+0000] {processor.py:183} INFO - Processing /Users/HP/storypoints-week1/venv/lib/python3.11/site-packages/airflow/example_dags/example_subdag_operator.py took 0.191 seconds
[2026-03-04T19:03:48.615+0000] {processor.py:161} INFO - Started process (PID=55685) to work on /Users/HP/storypoints-week1/venv/lib/python3.11/site-packages/airflow/example_dags/example_subdag_operator.py
[2026-03-04T19:03:48.618+0000] {processor.py:830} INFO - Processing file /Users/HP/storypoints-week1/venv/lib/python3.11/site-packages/airflow/example_dags/example_subdag_operator.py for tasks to queue
[2026-03-04T19:03:48.619+0000] {logging_mixin.py:188} INFO - [2026-03-04T19:03:48.619+0000] {dagbag.py:538} INFO - Filling up the DagBag from /Users/HP/storypoints-week1/venv/lib/python3.11/site-packages/airflow/example_dags/example_subdag_operator.py
[2026-03-04T19:03:48.678+0000] {processor.py:840} INFO - DAG(s) 'example_subdag_operator.section-1', 'example_subdag_operator.section-2', 'example_subdag_operator' retrieved from /Users/HP/storypoints-week1/venv/lib/python3.11/site-packages/airflow/example_dags/example_subdag_operator.py
[2026-03-04T19:03:48.699+0000] {logging_mixin.py:188} INFO - [2026-03-04T19:03:48.699+0000] {dag.py:3033} INFO - Sync 3 DAGs
[2026-03-04T19:03:48.710+0000] {logging_mixin.py:188} INFO - [2026-03-04T19:03:48.709+0000] {dag.py:3820} INFO - Setting next_dagrun for example_subdag_operator to 2022-01-01T00:00:00+00:00, run_after=2022-01-01T00:00:00+00:00
[2026-03-04T19:03:48.711+0000] {logging_mixin.py:188} INFO - [2026-03-04T19:03:48.711+0000] {dag.py:3820} INFO - Setting next_dagrun for example_subdag_operator.section-1 to None, run_after=None
[2026-03-04T19:03:48.712+0000] {logging_mixin.py:188} INFO - [2026-03-04T19:03:48.712+0000] {dag.py:3820} INFO - Setting next_dagrun for example_subdag_operator.section-2 to None, run_after=None
[2026-03-04T19:03:48.715+0000] {logging_mixin.py:188} INFO - [2026-03-04T19:03:48.715+0000] {dag.py:3033} INFO - Sync 2 DAGs
[2026-03-04T19:03:48.717+0000] {logging_mixin.py:188} INFO - [2026-03-04T19:03:48.717+0000] {dag.py:3820} INFO - Setting next_dagrun for example_subdag_operator.section-1 to None, run_after=None
[2026-03-04T19:03:48.717+0000] {logging_mixin.py:188} INFO - [2026-03-04T19:03:48.717+0000] {dag.py:3820} INFO - Setting next_dagrun for example_subdag_operator.section-2 to None, run_after=None
[2026-03-04T19:03:48.725+0000] {processor.py:183} INFO - Processing /Users/HP/storypoints-week1/venv/lib/python3.11/site-packages/airflow/example_dags/example_subdag_operator.py took 0.110 seconds
[2026-03-04T19:05:24.495+0000] {processor.py:161} INFO - Started process (PID=57003) to work on /Users/HP/storypoints-week1/venv/lib/python3.11/site-packages/airflow/example_dags/example_subdag_operator.py
[2026-03-04T19:05:24.498+0000] {processor.py:830} INFO - Processing file /Users/HP/storypoints-week1/venv/lib/python3.11/site-packages/airflow/example_dags/example_subdag_operator.py for tasks to queue
[2026-03-04T19:05:24.500+0000] {logging_mixin.py:188} INFO - [2026-03-04T19:05:24.499+0000] {dagbag.py:538} INFO - Filling up the DagBag from /Users/HP/storypoints-week1/venv/lib/python3.11/site-packages/airflow/example_dags/example_subdag_operator.py
[2026-03-04T19:05:24.561+0000] {processor.py:840} INFO - DAG(s) 'example_subdag_operator.section-1', 'example_subdag_operator.section-2', 'example_subdag_operator' retrieved from /Users/HP/storypoints-week1/venv/lib/python3.11/site-packages/airflow/example_dags/example_subdag_operator.py
[2026-03-04T19:05:24.585+0000] {logging_mixin.py:188} INFO - [2026-03-04T19:05:24.584+0000] {dag.py:3033} INFO - Sync 3 DAGs
[2026-03-04T19:05:24.595+0000] {logging_mixin.py:188} INFO - [2026-03-04T19:05:24.595+0000] {dag.py:3820} INFO - Setting next_dagrun for example_subdag_operator to 2022-01-01T00:00:00+00:00, run_after=2022-01-01T00:00:00+00:00
[2026-03-04T19:05:24.597+0000] {logging_mixin.py:188} INFO - [2026-03-04T19:05:24.597+0000] {dag.py:3820} INFO - Setting next_dagrun for example_subdag_operator.section-1 to None, run_after=None
[2026-03-04T19:05:24.598+0000] {logging_mixin.py:188} INFO - [2026-03-04T19:05:24.598+0000] {dag.py:3820} INFO - Setting next_dagrun for example_subdag_operator.section-2 to None, run_after=None
[2026-03-04T19:05:24.601+0000] {logging_mixin.py:188} INFO - [2026-03-04T19:05:24.601+0000] {dag.py:3033} INFO - Sync 2 DAGs
[2026-03-04T19:05:24.604+0000] {logging_mixin.py:188} INFO - [2026-03-04T19:05:24.603+0000] {dag.py:3820} INFO - Setting next_dagrun for example_subdag_operator.section-1 to None, run_after=None
[2026-03-04T19:05:24.604+0000] {logging_mixin.py:188} INFO - [2026-03-04T19:05:24.604+0000] {dag.py:3820} INFO - Setting next_dagrun for example_subdag_operator.section-2 to None, run_after=None
[2026-03-04T19:05:24.612+0000] {processor.py:183} INFO - Processing /Users/HP/storypoints-week1/venv/lib/python3.11/site-packages/airflow/example_dags/example_subdag_operator.py took 0.118 seconds
[2026-03-04T19:06:51.405+0000] {processor.py:161} INFO - Started process (PID=57827) to work on /Users/HP/storypoints-week1/venv/lib/python3.11/site-packages/airflow/example_dags/example_subdag_operator.py
[2026-03-04T19:06:51.408+0000] {processor.py:830} INFO - Processing file /Users/HP/storypoints-week1/venv/lib/python3.11/site-packages/airflow/example_dags/example_subdag_operator.py for tasks to queue
[2026-03-04T19:06:51.410+0000] {logging_mixin.py:188} INFO - [2026-03-04T19:06:51.409+0000] {dagbag.py:538} INFO - Filling up the DagBag from /Users/HP/storypoints-week1/venv/lib/python3.11/site-packages/airflow/example_dags/example_subdag_operator.py
[2026-03-04T19:06:51.468+0000] {processor.py:840} INFO - DAG(s) 'example_subdag_operator.section-1', 'example_subdag_operator.section-2', 'example_subdag_operator' retrieved from /Users/HP/storypoints-week1/venv/lib/python3.11/site-packages/airflow/example_dags/example_subdag_operator.py
[2026-03-04T19:06:51.490+0000] {logging_mixin.py:188} INFO - [2026-03-04T19:06:51.490+0000] {dag.py:3033} INFO - Sync 3 DAGs
[2026-03-04T19:06:51.500+0000] {logging_mixin.py:188} INFO - [2026-03-04T19:06:51.500+0000] {dag.py:3820} INFO - Setting next_dagrun for example_subdag_operator to 2022-01-01T00:00:00+00:00, run_after=2022-01-01T00:00:00+00:00
[2026-03-04T19:06:51.502+0000] {logging_mixin.py:188} INFO - [2026-03-04T19:06:51.502+0000] {dag.py:3820} INFO - Setting next_dagrun for example_subdag_operator.section-1 to None, run_after=None
[2026-03-04T19:06:51.503+0000] {logging_mixin.py:188} INFO - [2026-03-04T19:06:51.503+0000] {dag.py:3820} INFO - Setting next_dagrun for example_subdag_operator.section-2 to None, run_after=None
[2026-03-04T19:06:51.506+0000] {logging_mixin.py:188} INFO - [2026-03-04T19:06:51.506+0000] {dag.py:3033} INFO - Sync 2 DAGs
[2026-03-04T19:06:51.508+0000] {logging_mixin.py:188} INFO - [2026-03-04T19:06:51.508+0000] {dag.py:3820} INFO - Setting next_dagrun for example_subdag_operator.section-1 to None, run_after=None
[2026-03-04T19:06:51.508+0000] {logging_mixin.py:188} INFO - [2026-03-04T19:06:51.508+0000] {dag.py:3820} INFO - Setting next_dagrun for example_subdag_operator.section-2 to None, run_after=None
[2026-03-04T19:06:51.515+0000] {processor.py:183} INFO - Processing /Users/HP/storypoints-week1/venv/lib/python3.11/site-packages/airflow/example_dags/example_subdag_operator.py took 0.111 seconds
[2026-03-04T19:08:07.039+0000] {processor.py:161} INFO - Started process (PID=58550) to work on /Users/HP/storypoints-week1/venv/lib/python3.11/site-packages/airflow/example_dags/example_subdag_operator.py
[2026-03-04T19:08:07.041+0000] {processor.py:830} INFO - Processing file /Users/HP/storypoints-week1/venv/lib/python3.11/site-packages/airflow/example_dags/example_subdag_operator.py for tasks to queue
[2026-03-04T19:08:07.043+0000] {logging_mixin.py:188} INFO - [2026-03-04T19:08:07.043+0000] {dagbag.py:538} INFO - Filling up the DagBag from /Users/HP/storypoints-week1/venv/lib/python3.11/site-packages/airflow/example_dags/example_subdag_operator.py
[2026-03-04T19:08:07.100+0000] {processor.py:840} INFO - DAG(s) 'example_subdag_operator.section-1', 'example_subdag_operator.section-2', 'example_subdag_operator' retrieved from /Users/HP/storypoints-week1/venv/lib/python3.11/site-packages/airflow/example_dags/example_subdag_operator.py
[2026-03-04T19:08:07.122+0000] {logging_mixin.py:188} INFO - [2026-03-04T19:08:07.122+0000] {dag.py:3033} INFO - Sync 3 DAGs
[2026-03-04T19:08:07.132+0000] {logging_mixin.py:188} INFO - [2026-03-04T19:08:07.132+0000] {dag.py:3820} INFO - Setting next_dagrun for example_subdag_operator to 2022-01-01T00:00:00+00:00, run_after=2022-01-01T00:00:00+00:00
[2026-03-04T19:08:07.134+0000] {logging_mixin.py:188} INFO - [2026-03-04T19:08:07.134+0000] {dag.py:3820} INFO - Setting next_dagrun for example_subdag_operator.section-1 to None, run_after=None
[2026-03-04T19:08:07.135+0000] {logging_mixin.py:188} INFO - [2026-03-04T19:08:07.135+0000] {dag.py:3820} INFO - Setting next_dagrun for example_subdag_operator.section-2 to None, run_after=None
[2026-03-04T19:08:07.139+0000] {logging_mixin.py:188} INFO - [2026-03-04T19:08:07.139+0000] {dag.py:3033} INFO - Sync 2 DAGs
[2026-03-04T19:08:07.141+0000] {logging_mixin.py:188} INFO - [2026-03-04T19:08:07.141+0000] {dag.py:3820} INFO - Setting next_dagrun for example_subdag_operator.section-1 to None, run_after=None
[2026-03-04T19:08:07.141+0000] {logging_mixin.py:188} INFO - [2026-03-04T19:08:07.141+0000] {dag.py:3820} INFO - Setting next_dagrun for example_subdag_operator.section-2 to None, run_after=None
[2026-03-04T19:08:07.148+0000] {processor.py:183} INFO - Processing /Users/HP/storypoints-week1/venv/lib/python3.11/site-packages/airflow/example_dags/example_subdag_operator.py took 0.110 seconds
[2026-03-04T19:09:24.815+0000] {processor.py:161} INFO - Started process (PID=59299) to work on /Users/HP/storypoints-week1/venv/lib/python3.11/site-packages/airflow/example_dags/example_subdag_operator.py
[2026-03-04T19:09:24.818+0000] {processor.py:830} INFO - Processing file /Users/HP/storypoints-week1/venv/lib/python3.11/site-packages/airflow/example_dags/example_subdag_operator.py for tasks to queue
[2026-03-04T19:09:24.820+0000] {logging_mixin.py:188} INFO - [2026-03-04T19:09:24.819+0000] {dagbag.py:538} INFO - Filling up the DagBag from /Users/HP/storypoints-week1/venv/lib/python3.11/site-packages/airflow/example_dags/example_subdag_operator.py
[2026-03-04T19:09:24.886+0000] {processor.py:840} INFO - DAG(s) 'example_subdag_operator.section-1', 'example_subdag_operator.section-2', 'example_subdag_operator' retrieved from /Users/HP/storypoints-week1/venv/lib/python3.11/site-packages/airflow/example_dags/example_subdag_operator.py
[2026-03-04T19:09:24.909+0000] {logging_mixin.py:188} INFO - [2026-03-04T19:09:24.909+0000] {dag.py:3033} INFO - Sync 3 DAGs
[2026-03-04T19:09:24.920+0000] {logging_mixin.py:188} INFO - [2026-03-04T19:09:24.920+0000] {dag.py:3820} INFO - Setting next_dagrun for example_subdag_operator to 2022-01-01T00:00:00+00:00, run_after=2022-01-01T00:00:00+00:00
[2026-03-04T19:09:24.922+0000] {logging_mixin.py:188} INFO - [2026-03-04T19:09:24.922+0000] {dag.py:3820} INFO - Setting next_dagrun for example_subdag_operator.section-1 to None, run_after=None
[2026-03-04T19:09:24.923+0000] {logging_mixin.py:188} INFO - [2026-03-04T19:09:24.923+0000] {dag.py:3820} INFO - Setting next_dagrun for example_subdag_operator.section-2 to None, run_after=None
[2026-03-04T19:09:24.926+0000] {logging_mixin.py:188} INFO - [2026-03-04T19:09:24.926+0000] {dag.py:3033} INFO - Sync 2 DAGs
[2026-03-04T19:09:24.929+0000] {logging_mixin.py:188} INFO - [2026-03-04T19:09:24.929+0000] {dag.py:3820} INFO - Setting next_dagrun for example_subdag_operator.section-1 to None, run_after=None
[2026-03-04T19:09:24.929+0000] {logging_mixin.py:188} INFO - [2026-03-04T19:09:24.929+0000] {dag.py:3820} INFO - Setting next_dagrun for example_subdag_operator.section-2 to None, run_after=None
[2026-03-04T19:09:24.938+0000] {processor.py:183} INFO - Processing /Users/HP/storypoints-week1/venv/lib/python3.11/site-packages/airflow/example_dags/example_subdag_operator.py took 0.124 seconds
[2026-03-04T19:10:50.332+0000] {processor.py:161} INFO - Started process (PID=60100) to work on /Users/HP/storypoints-week1/venv/lib/python3.11/site-packages/airflow/example_dags/example_subdag_operator.py
[2026-03-04T19:10:50.335+0000] {processor.py:830} INFO - Processing file /Users/HP/storypoints-week1/venv/lib/python3.11/site-packages/airflow/example_dags/example_subdag_operator.py for tasks to queue
[2026-03-04T19:10:50.336+0000] {logging_mixin.py:188} INFO - [2026-03-04T19:10:50.336+0000] {dagbag.py:538} INFO - Filling up the DagBag from /Users/HP/storypoints-week1/venv/lib/python3.11/site-packages/airflow/example_dags/example_subdag_operator.py
[2026-03-04T19:10:50.392+0000] {processor.py:840} INFO - DAG(s) 'example_subdag_operator.section-1', 'example_subdag_operator.section-2', 'example_subdag_operator' retrieved from /Users/HP/storypoints-week1/venv/lib/python3.11/site-packages/airflow/example_dags/example_subdag_operator.py
[2026-03-04T19:10:50.415+0000] {logging_mixin.py:188} INFO - [2026-03-04T19:10:50.415+0000] {dag.py:3033} INFO - Sync 3 DAGs
[2026-03-04T19:10:50.426+0000] {logging_mixin.py:188} INFO - [2026-03-04T19:10:50.426+0000] {dag.py:3820} INFO - Setting next_dagrun for example_subdag_operator to 2022-01-01T00:00:00+00:00, run_after=2022-01-01T00:00:00+00:00
[2026-03-04T19:10:50.428+0000] {logging_mixin.py:188} INFO - [2026-03-04T19:10:50.428+0000] {dag.py:3820} INFO - Setting next_dagrun for example_subdag_operator.section-1 to None, run_after=None
[2026-03-04T19:10:50.429+0000] {logging_mixin.py:188} INFO - [2026-03-04T19:10:50.429+0000] {dag.py:3820} INFO - Setting next_dagrun for example_subdag_operator.section-2 to None, run_after=None
[2026-03-04T19:10:50.433+0000] {logging_mixin.py:188} INFO - [2026-03-04T19:10:50.433+0000] {dag.py:3033} INFO - Sync 2 DAGs
[2026-03-04T19:10:50.435+0000] {logging_mixin.py:188} INFO - [2026-03-04T19:10:50.435+0000] {dag.py:3820} INFO - Setting next_dagrun for example_subdag_operator.section-1 to None, run_after=None
[2026-03-04T19:10:50.435+0000] {logging_mixin.py:188} INFO - [2026-03-04T19:10:50.435+0000] {dag.py:3820} INFO - Setting next_dagrun for example_subdag_operator.section-2 to None, run_after=None
[2026-03-04T19:10:50.443+0000] {processor.py:183} INFO - Processing /Users/HP/storypoints-week1/venv/lib/python3.11/site-packages/airflow/example_dags/example_subdag_operator.py took 0.112 seconds
[2026-03-04T19:12:09.132+0000] {processor.py:161} INFO - Started process (PID=60871) to work on /Users/HP/storypoints-week1/venv/lib/python3.11/site-packages/airflow/example_dags/example_subdag_operator.py
[2026-03-04T19:12:09.135+0000] {processor.py:830} INFO - Processing file /Users/HP/storypoints-week1/venv/lib/python3.11/site-packages/airflow/example_dags/example_subdag_operator.py for tasks to queue
[2026-03-04T19:12:09.137+0000] {logging_mixin.py:188} INFO - [2026-03-04T19:12:09.137+0000] {dagbag.py:538} INFO - Filling up the DagBag from /Users/HP/storypoints-week1/venv/lib/python3.11/site-packages/airflow/example_dags/example_subdag_operator.py
[2026-03-04T19:12:09.197+0000] {processor.py:840} INFO - DAG(s) 'example_subdag_operator.section-1', 'example_subdag_operator.section-2', 'example_subdag_operator' retrieved from /Users/HP/storypoints-week1/venv/lib/python3.11/site-packages/airflow/example_dags/example_subdag_operator.py
[2026-03-04T19:12:09.219+0000] {logging_mixin.py:188} INFO - [2026-03-04T19:12:09.219+0000] {dag.py:3033} INFO - Sync 3 DAGs
[2026-03-04T19:12:09.229+0000] {logging_mixin.py:188} INFO - [2026-03-04T19:12:09.229+0000] {dag.py:3820} INFO - Setting next_dagrun for example_subdag_operator to 2022-01-01T00:00:00+00:00, run_after=2022-01-01T00:00:00+00:00
[2026-03-04T19:12:09.231+0000] {logging_mixin.py:188} INFO - [2026-03-04T19:12:09.231+0000] {dag.py:3820} INFO - Setting next_dagrun for example_subdag_operator.section-1 to None, run_after=None
[2026-03-04T19:12:09.232+0000] {logging_mixin.py:188} INFO - [2026-03-04T19:12:09.232+0000] {dag.py:3820} INFO - Setting next_dagrun for example_subdag_operator.section-2 to None, run_after=None
[2026-03-04T19:12:09.235+0000] {logging_mixin.py:188} INFO - [2026-03-04T19:12:09.235+0000] {dag.py:3033} INFO - Sync 2 DAGs
[2026-03-04T19:12:09.237+0000] {logging_mixin.py:188} INFO - [2026-03-04T19:12:09.237+0000] {dag.py:3820} INFO - Setting next_dagrun for example_subdag_operator.section-1 to None, run_after=None
[2026-03-04T19:12:09.237+0000] {logging_mixin.py:188} INFO - [2026-03-04T19:12:09.237+0000] {dag.py:3820} INFO - Setting next_dagrun for example_subdag_operator.section-2 to None, run_after=None
[2026-03-04T19:12:09.244+0000] {processor.py:183} INFO - Processing /Users/HP/storypoints-week1/venv/lib/python3.11/site-packages/airflow/example_dags/example_subdag_operator.py took 0.113 seconds
[2026-03-04T19:33:39.813+0000] {processor.py:161} INFO - Started process (PID=74498) to work on /Users/HP/storypoints-week1/venv/lib/python3.11/site-packages/airflow/example_dags/example_subdag_operator.py
[2026-03-04T19:33:39.815+0000] {processor.py:830} INFO - Processing file /Users/HP/storypoints-week1/venv/lib/python3.11/site-packages/airflow/example_dags/example_subdag_operator.py for tasks to queue
[2026-03-04T19:33:39.816+0000] {logging_mixin.py:188} INFO - [2026-03-04T19:33:39.816+0000] {dagbag.py:538} INFO - Filling up the DagBag from /Users/HP/storypoints-week1/venv/lib/python3.11/site-packages/airflow/example_dags/example_subdag_operator.py
[2026-03-04T19:33:39.875+0000] {processor.py:840} INFO - DAG(s) 'example_subdag_operator.section-1', 'example_subdag_operator.section-2', 'example_subdag_operator' retrieved from /Users/HP/storypoints-week1/venv/lib/python3.11/site-packages/airflow/example_dags/example_subdag_operator.py
[2026-03-04T19:33:39.896+0000] {logging_mixin.py:188} INFO - [2026-03-04T19:33:39.896+0000] {dag.py:3033} INFO - Sync 3 DAGs
[2026-03-04T19:33:39.906+0000] {logging_mixin.py:188} INFO - [2026-03-04T19:33:39.906+0000] {dag.py:3820} INFO - Setting next_dagrun for example_subdag_operator to 2022-01-01T00:00:00+00:00, run_after=2022-01-01T00:00:00+00:00
[2026-03-04T19:33:39.908+0000] {logging_mixin.py:188} INFO - [2026-03-04T19:33:39.908+0000] {dag.py:3820} INFO - Setting next_dagrun for example_subdag_operator.section-1 to None, run_after=None
[2026-03-04T19:33:39.908+0000] {logging_mixin.py:188} INFO - [2026-03-04T19:33:39.908+0000] {dag.py:3820} INFO - Setting next_dagrun for example_subdag_operator.section-2 to None, run_after=None
[2026-03-04T19:33:39.911+0000] {logging_mixin.py:188} INFO - [2026-03-04T19:33:39.911+0000] {dag.py:3033} INFO - Sync 2 DAGs
[2026-03-04T19:33:39.913+0000] {logging_mixin.py:188} INFO - [2026-03-04T19:33:39.913+0000] {dag.py:3820} INFO - Setting next_dagrun for example_subdag_operator.section-1 to None, run_after=None
[2026-03-04T19:33:39.914+0000] {logging_mixin.py:188} INFO - [2026-03-04T19:33:39.914+0000] {dag.py:3820} INFO - Setting next_dagrun for example_subdag_operator.section-2 to None, run_after=None
[2026-03-04T19:33:39.921+0000] {processor.py:183} INFO - Processing /Users/HP/storypoints-week1/venv/lib/python3.11/site-packages/airflow/example_dags/example_subdag_operator.py took 0.108 seconds
[2026-03-04T19:36:16.262+0000] {processor.py:161} INFO - Started process (PID=76188) to work on /Users/HP/storypoints-week1/venv/lib/python3.11/site-packages/airflow/example_dags/example_subdag_operator.py
[2026-03-04T19:36:16.269+0000] {processor.py:830} INFO - Processing file /Users/HP/storypoints-week1/venv/lib/python3.11/site-packages/airflow/example_dags/example_subdag_operator.py for tasks to queue
[2026-03-04T19:36:16.272+0000] {logging_mixin.py:188} INFO - [2026-03-04T19:36:16.272+0000] {dagbag.py:538} INFO - Filling up the DagBag from /Users/HP/storypoints-week1/venv/lib/python3.11/site-packages/airflow/example_dags/example_subdag_operator.py
[2026-03-04T19:36:16.344+0000] {processor.py:840} INFO - DAG(s) 'example_subdag_operator.section-1', 'example_subdag_operator.section-2', 'example_subdag_operator' retrieved from /Users/HP/storypoints-week1/venv/lib/python3.11/site-packages/airflow/example_dags/example_subdag_operator.py
[2026-03-04T19:36:16.367+0000] {logging_mixin.py:188} INFO - [2026-03-04T19:36:16.367+0000] {dag.py:3033} INFO - Sync 3 DAGs
[2026-03-04T19:36:16.378+0000] {logging_mixin.py:188} INFO - [2026-03-04T19:36:16.378+0000] {dag.py:3820} INFO - Setting next_dagrun for example_subdag_operator to 2022-01-01T00:00:00+00:00, run_after=2022-01-01T00:00:00+00:00
[2026-03-04T19:36:16.380+0000] {logging_mixin.py:188} INFO - [2026-03-04T19:36:16.380+0000] {dag.py:3820} INFO - Setting next_dagrun for example_subdag_operator.section-1 to None, run_after=None
[2026-03-04T19:36:16.380+0000] {logging_mixin.py:188} INFO - [2026-03-04T19:36:16.380+0000] {dag.py:3820} INFO - Setting next_dagrun for example_subdag_operator.section-2 to None, run_after=None
[2026-03-04T19:36:16.384+0000] {logging_mixin.py:188} INFO - [2026-03-04T19:36:16.384+0000] {dag.py:3033} INFO - Sync 2 DAGs
[2026-03-04T19:36:16.387+0000] {logging_mixin.py:188} INFO - [2026-03-04T19:36:16.387+0000] {dag.py:3820} INFO - Setting next_dagrun for example_subdag_operator.section-1 to None, run_after=None
[2026-03-04T19:36:16.387+0000] {logging_mixin.py:188} INFO - [2026-03-04T19:36:16.387+0000] {dag.py:3820} INFO - Setting next_dagrun for example_subdag_operator.section-2 to None, run_after=None
[2026-03-04T19:36:16.396+0000] {processor.py:183} INFO - Processing /Users/HP/storypoints-week1/venv/lib/python3.11/site-packages/airflow/example_dags/example_subdag_operator.py took 0.137 seconds
[2026-03-04T19:38:03.947+0000] {processor.py:161} INFO - Started process (PID=77207) to work on /Users/HP/storypoints-week1/venv/lib/python3.11/site-packages/airflow/example_dags/example_subdag_operator.py
[2026-03-04T19:38:03.950+0000] {processor.py:830} INFO - Processing file /Users/HP/storypoints-week1/venv/lib/python3.11/site-packages/airflow/example_dags/example_subdag_operator.py for tasks to queue
[2026-03-04T19:38:03.952+0000] {logging_mixin.py:188} INFO - [2026-03-04T19:38:03.952+0000] {dagbag.py:538} INFO - Filling up the DagBag from /Users/HP/storypoints-week1/venv/lib/python3.11/site-packages/airflow/example_dags/example_subdag_operator.py
[2026-03-04T19:38:04.011+0000] {processor.py:840} INFO - DAG(s) 'example_subdag_operator.section-1', 'example_subdag_operator.section-2', 'example_subdag_operator' retrieved from /Users/HP/storypoints-week1/venv/lib/python3.11/site-packages/airflow/example_dags/example_subdag_operator.py
[2026-03-04T19:38:04.033+0000] {logging_mixin.py:188} INFO - [2026-03-04T19:38:04.032+0000] {dag.py:3033} INFO - Sync 3 DAGs
[2026-03-04T19:38:04.043+0000] {logging_mixin.py:188} INFO - [2026-03-04T19:38:04.043+0000] {dag.py:3820} INFO - Setting next_dagrun for example_subdag_operator to 2022-01-01T00:00:00+00:00, run_after=2022-01-01T00:00:00+00:00
[2026-03-04T19:38:04.045+0000] {logging_mixin.py:188} INFO - [2026-03-04T19:38:04.045+0000] {dag.py:3820} INFO - Setting next_dagrun for example_subdag_operator.section-1 to None, run_after=None
[2026-03-04T19:38:04.045+0000] {logging_mixin.py:188} INFO - [2026-03-04T19:38:04.045+0000] {dag.py:3820} INFO - Setting next_dagrun for example_subdag_operator.section-2 to None, run_after=None
[2026-03-04T19:38:04.049+0000] {logging_mixin.py:188} INFO - [2026-03-04T19:38:04.049+0000] {dag.py:3033} INFO - Sync 2 DAGs
[2026-03-04T19:38:04.051+0000] {logging_mixin.py:188} INFO - [2026-03-04T19:38:04.051+0000] {dag.py:3820} INFO - Setting next_dagrun for example_subdag_operator.section-1 to None, run_after=None
[2026-03-04T19:38:04.051+0000] {logging_mixin.py:188} INFO - [2026-03-04T19:38:04.051+0000] {dag.py:3820} INFO - Setting next_dagrun for example_subdag_operator.section-2 to None, run_after=None
[2026-03-04T19:38:04.058+0000] {processor.py:183} INFO - Processing /Users/HP/storypoints-week1/venv/lib/python3.11/site-packages/airflow/example_dags/example_subdag_operator.py took 0.112 seconds
[2026-03-04T19:39:22.304+0000] {processor.py:161} INFO - Started process (PID=77963) to work on /Users/HP/storypoints-week1/venv/lib/python3.11/site-packages/airflow/example_dags/example_subdag_operator.py
[2026-03-04T19:39:22.306+0000] {processor.py:830} INFO - Processing file /Users/HP/storypoints-week1/venv/lib/python3.11/site-packages/airflow/example_dags/example_subdag_operator.py for tasks to queue
[2026-03-04T19:39:22.308+0000] {logging_mixin.py:188} INFO - [2026-03-04T19:39:22.308+0000] {dagbag.py:538} INFO - Filling up the DagBag from /Users/HP/storypoints-week1/venv/lib/python3.11/site-packages/airflow/example_dags/example_subdag_operator.py
[2026-03-04T19:39:22.367+0000] {processor.py:840} INFO - DAG(s) 'example_subdag_operator.section-1', 'example_subdag_operator.section-2', 'example_subdag_operator' retrieved from /Users/HP/storypoints-week1/venv/lib/python3.11/site-packages/airflow/example_dags/example_subdag_operator.py
[2026-03-04T19:39:22.389+0000] {logging_mixin.py:188} INFO - [2026-03-04T19:39:22.389+0000] {dag.py:3033} INFO - Sync 3 DAGs
[2026-03-04T19:39:22.400+0000] {logging_mixin.py:188} INFO - [2026-03-04T19:39:22.399+0000] {dag.py:3820} INFO - Setting next_dagrun for example_subdag_operator to 2022-01-01T00:00:00+00:00, run_after=2022-01-01T00:00:00+00:00
[2026-03-04T19:39:22.402+0000] {logging_mixin.py:188} INFO - [2026-03-04T19:39:22.401+0000] {dag.py:3820} INFO - Setting next_dagrun for example_subdag_operator.section-1 to None, run_after=None
[2026-03-04T19:39:22.402+0000] {logging_mixin.py:188} INFO - [2026-03-04T19:39:22.402+0000] {dag.py:3820} INFO - Setting next_dagrun for example_subdag_operator.section-2 to None, run_after=None
[2026-03-04T19:39:22.405+0000] {logging_mixin.py:188} INFO - [2026-03-04T19:39:22.405+0000] {dag.py:3033} INFO - Sync 2 DAGs
[2026-03-04T19:39:22.408+0000] {logging_mixin.py:188} INFO - [2026-03-04T19:39:22.408+0000] {dag.py:3820} INFO - Setting next_dagrun for example_subdag_operator.section-1 to None, run_after=None
[2026-03-04T19:39:22.408+0000] {logging_mixin.py:188} INFO - [2026-03-04T19:39:22.408+0000] {dag.py:3820} INFO - Setting next_dagrun for example_subdag_operator.section-2 to None, run_after=None
[2026-03-04T19:39:22.415+0000] {processor.py:183} INFO - Processing /Users/HP/storypoints-week1/venv/lib/python3.11/site-packages/airflow/example_dags/example_subdag_operator.py took 0.113 seconds
[2026-03-04T19:40:35.623+0000] {processor.py:161} INFO - Started process (PID=78649) to work on /Users/HP/storypoints-week1/venv/lib/python3.11/site-packages/airflow/example_dags/example_subdag_operator.py
[2026-03-04T19:40:35.625+0000] {processor.py:830} INFO - Processing file /Users/HP/storypoints-week1/venv/lib/python3.11/site-packages/airflow/example_dags/example_subdag_operator.py for tasks to queue
[2026-03-04T19:40:35.627+0000] {logging_mixin.py:188} INFO - [2026-03-04T19:40:35.627+0000] {dagbag.py:538} INFO - Filling up the DagBag from /Users/HP/storypoints-week1/venv/lib/python3.11/site-packages/airflow/example_dags/example_subdag_operator.py
[2026-03-04T19:40:35.685+0000] {processor.py:840} INFO - DAG(s) 'example_subdag_operator.section-1', 'example_subdag_operator.section-2', 'example_subdag_operator' retrieved from /Users/HP/storypoints-week1/venv/lib/python3.11/site-packages/airflow/example_dags/example_subdag_operator.py
[2026-03-04T19:40:35.708+0000] {logging_mixin.py:188} INFO - [2026-03-04T19:40:35.708+0000] {dag.py:3033} INFO - Sync 3 DAGs
[2026-03-04T19:40:35.719+0000] {logging_mixin.py:188} INFO - [2026-03-04T19:40:35.719+0000] {dag.py:3820} INFO - Setting next_dagrun for example_subdag_operator to 2022-01-01T00:00:00+00:00, run_after=2022-01-01T00:00:00+00:00
[2026-03-04T19:40:35.721+0000] {logging_mixin.py:188} INFO - [2026-03-04T19:40:35.721+0000] {dag.py:3820} INFO - Setting next_dagrun for example_subdag_operator.section-1 to None, run_after=None
[2026-03-04T19:40:35.721+0000] {logging_mixin.py:188} INFO - [2026-03-04T19:40:35.721+0000] {dag.py:3820} INFO - Setting next_dagrun for example_subdag_operator.section-2 to None, run_after=None
[2026-03-04T19:40:35.725+0000] {logging_mixin.py:188} INFO - [2026-03-04T19:40:35.725+0000] {dag.py:3033} INFO - Sync 2 DAGs
[2026-03-04T19:40:35.727+0000] {logging_mixin.py:188} INFO - [2026-03-04T19:40:35.727+0000] {dag.py:3820} INFO - Setting next_dagrun for example_subdag_operator.section-1 to None, run_after=None
[2026-03-04T19:40:35.727+0000] {logging_mixin.py:188} INFO - [2026-03-04T19:40:35.727+0000] {dag.py:3820} INFO - Setting next_dagrun for example_subdag_operator.section-2 to None, run_after=None
[2026-03-04T19:40:35.735+0000] {processor.py:183} INFO - Processing /Users/HP/storypoints-week1/venv/lib/python3.11/site-packages/airflow/example_dags/example_subdag_operator.py took 0.113 seconds
[2026-03-04T19:41:49.859+0000] {processor.py:161} INFO - Started process (PID=79349) to work on /Users/HP/storypoints-week1/venv/lib/python3.11/site-packages/airflow/example_dags/example_subdag_operator.py
[2026-03-04T19:41:49.861+0000] {processor.py:830} INFO - Processing file /Users/HP/storypoints-week1/venv/lib/python3.11/site-packages/airflow/example_dags/example_subdag_operator.py for tasks to queue
[2026-03-04T19:41:49.862+0000] {logging_mixin.py:188} INFO - [2026-03-04T19:41:49.862+0000] {dagbag.py:538} INFO - Filling up the DagBag from /Users/HP/storypoints-week1/venv/lib/python3.11/site-packages/airflow/example_dags/example_subdag_operator.py
[2026-03-04T19:41:49.922+0000] {processor.py:840} INFO - DAG(s) 'example_subdag_operator.section-1', 'example_subdag_operator.section-2', 'example_subdag_operator' retrieved from /Users/HP/storypoints-week1/venv/lib/python3.11/site-packages/airflow/example_dags/example_subdag_operator.py
[2026-03-04T19:41:49.945+0000] {logging_mixin.py:188} INFO - [2026-03-04T19:41:49.945+0000] {dag.py:3033} INFO - Sync 3 DAGs
[2026-03-04T19:41:49.956+0000] {logging_mixin.py:188} INFO - [2026-03-04T19:41:49.956+0000] {dag.py:3820} INFO - Setting next_dagrun for example_subdag_operator to 2022-01-01T00:00:00+00:00, run_after=2022-01-01T00:00:00+00:00
[2026-03-04T19:41:49.958+0000] {logging_mixin.py:188} INFO - [2026-03-04T19:41:49.958+0000] {dag.py:3820} INFO - Setting next_dagrun for example_subdag_operator.section-1 to None, run_after=None
[2026-03-04T19:41:49.958+0000] {logging_mixin.py:188} INFO - [2026-03-04T19:41:49.958+0000] {dag.py:3820} INFO - Setting next_dagrun for example_subdag_operator.section-2 to None, run_after=None
[2026-03-04T19:41:49.962+0000] {logging_mixin.py:188} INFO - [2026-03-04T19:41:49.962+0000] {dag.py:3033} INFO - Sync 2 DAGs
[2026-03-04T19:41:49.965+0000] {logging_mixin.py:188} INFO - [2026-03-04T19:41:49.964+0000] {dag.py:3820} INFO - Setting next_dagrun for example_subdag_operator.section-1 to None, run_after=None
[2026-03-04T19:41:49.965+0000] {logging_mixin.py:188} INFO - [2026-03-04T19:41:49.965+0000] {dag.py:3820} INFO - Setting next_dagrun for example_subdag_operator.section-2 to None, run_after=None
[2026-03-04T19:41:49.973+0000] {processor.py:183} INFO - Processing /Users/HP/storypoints-week1/venv/lib/python3.11/site-packages/airflow/example_dags/example_subdag_operator.py took 0.115 seconds
[2026-03-04T19:43:03.834+0000] {processor.py:161} INFO - Started process (PID=80043) to work on /Users/HP/storypoints-week1/venv/lib/python3.11/site-packages/airflow/example_dags/example_subdag_operator.py
[2026-03-04T19:43:03.836+0000] {processor.py:830} INFO - Processing file /Users/HP/storypoints-week1/venv/lib/python3.11/site-packages/airflow/example_dags/example_subdag_operator.py for tasks to queue
[2026-03-04T19:43:03.838+0000] {logging_mixin.py:188} INFO - [2026-03-04T19:43:03.837+0000] {dagbag.py:538} INFO - Filling up the DagBag from /Users/HP/storypoints-week1/venv/lib/python3.11/site-packages/airflow/example_dags/example_subdag_operator.py
[2026-03-04T19:43:03.896+0000] {processor.py:840} INFO - DAG(s) 'example_subdag_operator.section-1', 'example_subdag_operator.section-2', 'example_subdag_operator' retrieved from /Users/HP/storypoints-week1/venv/lib/python3.11/site-packages/airflow/example_dags/example_subdag_operator.py
[2026-03-04T19:43:03.919+0000] {logging_mixin.py:188} INFO - [2026-03-04T19:43:03.918+0000] {dag.py:3033} INFO - Sync 3 DAGs
[2026-03-04T19:43:03.929+0000] {logging_mixin.py:188} INFO - [2026-03-04T19:43:03.929+0000] {dag.py:3820} INFO - Setting next_dagrun for example_subdag_operator to 2022-01-01T00:00:00+00:00, run_after=2022-01-01T00:00:00+00:00
[2026-03-04T19:43:03.931+0000] {logging_mixin.py:188} INFO - [2026-03-04T19:43:03.931+0000] {dag.py:3820} INFO - Setting next_dagrun for example_subdag_operator.section-1 to None, run_after=None
[2026-03-04T19:43:03.932+0000] {logging_mixin.py:188} INFO - [2026-03-04T19:43:03.932+0000] {dag.py:3820} INFO - Setting next_dagrun for example_subdag_operator.section-2 to None, run_after=None
[2026-03-04T19:43:03.935+0000] {logging_mixin.py:188} INFO - [2026-03-04T19:43:03.935+0000] {dag.py:3033} INFO - Sync 2 DAGs
[2026-03-04T19:43:03.937+0000] {logging_mixin.py:188} INFO - [2026-03-04T19:43:03.937+0000] {dag.py:3820} INFO - Setting next_dagrun for example_subdag_operator.section-1 to None, run_after=None
[2026-03-04T19:43:03.937+0000] {logging_mixin.py:188} INFO - [2026-03-04T19:43:03.937+0000] {dag.py:3820} INFO - Setting next_dagrun for example_subdag_operator.section-2 to None, run_after=None
[2026-03-04T19:43:03.945+0000] {processor.py:183} INFO - Processing /Users/HP/storypoints-week1/venv/lib/python3.11/site-packages/airflow/example_dags/example_subdag_operator.py took 0.112 seconds
[2026-03-04T19:44:17.454+0000] {processor.py:161} INFO - Started process (PID=80736) to work on /Users/HP/storypoints-week1/venv/lib/python3.11/site-packages/airflow/example_dags/example_subdag_operator.py
[2026-03-04T19:44:17.456+0000] {processor.py:830} INFO - Processing file /Users/HP/storypoints-week1/venv/lib/python3.11/site-packages/airflow/example_dags/example_subdag_operator.py for tasks to queue
[2026-03-04T19:44:17.458+0000] {logging_mixin.py:188} INFO - [2026-03-04T19:44:17.457+0000] {dagbag.py:538} INFO - Filling up the DagBag from /Users/HP/storypoints-week1/venv/lib/python3.11/site-packages/airflow/example_dags/example_subdag_operator.py
[2026-03-04T19:44:17.515+0000] {processor.py:840} INFO - DAG(s) 'example_subdag_operator.section-1', 'example_subdag_operator.section-2', 'example_subdag_operator' retrieved from /Users/HP/storypoints-week1/venv/lib/python3.11/site-packages/airflow/example_dags/example_subdag_operator.py
[2026-03-04T19:44:17.539+0000] {logging_mixin.py:188} INFO - [2026-03-04T19:44:17.538+0000] {dag.py:3033} INFO - Sync 3 DAGs
[2026-03-04T19:44:17.549+0000] {logging_mixin.py:188} INFO - [2026-03-04T19:44:17.549+0000] {dag.py:3820} INFO - Setting next_dagrun for example_subdag_operator to 2022-01-01T00:00:00+00:00, run_after=2022-01-01T00:00:00+00:00
[2026-03-04T19:44:17.551+0000] {logging_mixin.py:188} INFO - [2026-03-04T19:44:17.551+0000] {dag.py:3820} INFO - Setting next_dagrun for example_subdag_operator.section-1 to None, run_after=None
[2026-03-04T19:44:17.552+0000] {logging_mixin.py:188} INFO - [2026-03-04T19:44:17.552+0000] {dag.py:3820} INFO - Setting next_dagrun for example_subdag_operator.section-2 to None, run_after=None
[2026-03-04T19:44:17.555+0000] {logging_mixin.py:188} INFO - [2026-03-04T19:44:17.555+0000] {dag.py:3033} INFO - Sync 2 DAGs
[2026-03-04T19:44:17.557+0000] {logging_mixin.py:188} INFO - [2026-03-04T19:44:17.557+0000] {dag.py:3820} INFO - Setting next_dagrun for example_subdag_operator.section-1 to None, run_after=None
[2026-03-04T19:44:17.558+0000] {logging_mixin.py:188} INFO - [2026-03-04T19:44:17.557+0000] {dag.py:3820} INFO - Setting next_dagrun for example_subdag_operator.section-2 to None, run_after=None
[2026-03-04T19:44:17.565+0000] {processor.py:183} INFO - Processing /Users/HP/storypoints-week1/venv/lib/python3.11/site-packages/airflow/example_dags/example_subdag_operator.py took 0.112 seconds
[2026-03-04T19:45:31.231+0000] {processor.py:161} INFO - Started process (PID=81436) to work on /Users/HP/storypoints-week1/venv/lib/python3.11/site-packages/airflow/example_dags/example_subdag_operator.py
[2026-03-04T19:45:31.233+0000] {processor.py:830} INFO - Processing file /Users/HP/storypoints-week1/venv/lib/python3.11/site-packages/airflow/example_dags/example_subdag_operator.py for tasks to queue
[2026-03-04T19:45:31.235+0000] {logging_mixin.py:188} INFO - [2026-03-04T19:45:31.235+0000] {dagbag.py:538} INFO - Filling up the DagBag from /Users/HP/storypoints-week1/venv/lib/python3.11/site-packages/airflow/example_dags/example_subdag_operator.py
[2026-03-04T19:45:31.294+0000] {processor.py:840} INFO - DAG(s) 'example_subdag_operator.section-1', 'example_subdag_operator.section-2', 'example_subdag_operator' retrieved from /Users/HP/storypoints-week1/venv/lib/python3.11/site-packages/airflow/example_dags/example_subdag_operator.py
[2026-03-04T19:45:31.316+0000] {logging_mixin.py:188} INFO - [2026-03-04T19:45:31.315+0000] {dag.py:3033} INFO - Sync 3 DAGs
[2026-03-04T19:45:31.326+0000] {logging_mixin.py:188} INFO - [2026-03-04T19:45:31.326+0000] {dag.py:3820} INFO - Setting next_dagrun for example_subdag_operator to 2022-01-01T00:00:00+00:00, run_after=2022-01-01T00:00:00+00:00
[2026-03-04T19:45:31.328+0000] {logging_mixin.py:188} INFO - [2026-03-04T19:45:31.328+0000] {dag.py:3820} INFO - Setting next_dagrun for example_subdag_operator.section-1 to None, run_after=None
[2026-03-04T19:45:31.328+0000] {logging_mixin.py:188} INFO - [2026-03-04T19:45:31.328+0000] {dag.py:3820} INFO - Setting next_dagrun for example_subdag_operator.section-2 to None, run_after=None
[2026-03-04T19:45:31.332+0000] {logging_mixin.py:188} INFO - [2026-03-04T19:45:31.332+0000] {dag.py:3033} INFO - Sync 2 DAGs
[2026-03-04T19:45:31.334+0000] {logging_mixin.py:188} INFO - [2026-03-04T19:45:31.334+0000] {dag.py:3820} INFO - Setting next_dagrun for example_subdag_operator.section-1 to None, run_after=None
[2026-03-04T19:45:31.334+0000] {logging_mixin.py:188} INFO - [2026-03-04T19:45:31.334+0000] {dag.py:3820} INFO - Setting next_dagrun for example_subdag_operator.section-2 to None, run_after=None
[2026-03-04T19:45:31.341+0000] {processor.py:183} INFO - Processing /Users/HP/storypoints-week1/venv/lib/python3.11/site-packages/airflow/example_dags/example_subdag_operator.py took 0.111 seconds
[2026-03-04T19:46:45.031+0000] {processor.py:161} INFO - Started process (PID=82139) to work on /Users/HP/storypoints-week1/venv/lib/python3.11/site-packages/airflow/example_dags/example_subdag_operator.py
[2026-03-04T19:46:45.034+0000] {processor.py:830} INFO - Processing file /Users/HP/storypoints-week1/venv/lib/python3.11/site-packages/airflow/example_dags/example_subdag_operator.py for tasks to queue
[2026-03-04T19:46:45.035+0000] {logging_mixin.py:188} INFO - [2026-03-04T19:46:45.035+0000] {dagbag.py:538} INFO - Filling up the DagBag from /Users/HP/storypoints-week1/venv/lib/python3.11/site-packages/airflow/example_dags/example_subdag_operator.py
[2026-03-04T19:46:45.093+0000] {processor.py:840} INFO - DAG(s) 'example_subdag_operator.section-1', 'example_subdag_operator.section-2', 'example_subdag_operator' retrieved from /Users/HP/storypoints-week1/venv/lib/python3.11/site-packages/airflow/example_dags/example_subdag_operator.py
[2026-03-04T19:46:45.118+0000] {logging_mixin.py:188} INFO - [2026-03-04T19:46:45.117+0000] {dag.py:3033} INFO - Sync 3 DAGs
[2026-03-04T19:46:45.129+0000] {logging_mixin.py:188} INFO - [2026-03-04T19:46:45.129+0000] {dag.py:3820} INFO - Setting next_dagrun for example_subdag_operator to 2022-01-01T00:00:00+00:00, run_after=2022-01-01T00:00:00+00:00
[2026-03-04T19:46:45.131+0000] {logging_mixin.py:188} INFO - [2026-03-04T19:46:45.131+0000] {dag.py:3820} INFO - Setting next_dagrun for example_subdag_operator.section-1 to None, run_after=None
[2026-03-04T19:46:45.131+0000] {logging_mixin.py:188} INFO - [2026-03-04T19:46:45.131+0000] {dag.py:3820} INFO - Setting next_dagrun for example_subdag_operator.section-2 to None, run_after=None
[2026-03-04T19:46:45.135+0000] {logging_mixin.py:188} INFO - [2026-03-04T19:46:45.135+0000] {dag.py:3033} INFO - Sync 2 DAGs
[2026-03-04T19:46:45.137+0000] {logging_mixin.py:188} INFO - [2026-03-04T19:46:45.137+0000] {dag.py:3820} INFO - Setting next_dagrun for example_subdag_operator.section-1 to None, run_after=None
[2026-03-04T19:46:45.137+0000] {logging_mixin.py:188} INFO - [2026-03-04T19:46:45.137+0000] {dag.py:3820} INFO - Setting next_dagrun for example_subdag_operator.section-2 to None, run_after=None
[2026-03-04T19:46:45.146+0000] {processor.py:183} INFO - Processing /Users/HP/storypoints-week1/venv/lib/python3.11/site-packages/airflow/example_dags/example_subdag_operator.py took 0.115 seconds
[2026-03-04T20:00:10.738+0000] {processor.py:161} INFO - Started process (PID=82853) to work on /Users/HP/storypoints-week1/venv/lib/python3.11/site-packages/airflow/example_dags/example_subdag_operator.py
[2026-03-04T20:00:10.741+0000] {processor.py:830} INFO - Processing file /Users/HP/storypoints-week1/venv/lib/python3.11/site-packages/airflow/example_dags/example_subdag_operator.py for tasks to queue
[2026-03-04T20:00:10.742+0000] {logging_mixin.py:188} INFO - [2026-03-04T20:00:10.742+0000] {dagbag.py:538} INFO - Filling up the DagBag from /Users/HP/storypoints-week1/venv/lib/python3.11/site-packages/airflow/example_dags/example_subdag_operator.py
[2026-03-04T20:00:10.798+0000] {processor.py:840} INFO - DAG(s) 'example_subdag_operator.section-1', 'example_subdag_operator.section-2', 'example_subdag_operator' retrieved from /Users/HP/storypoints-week1/venv/lib/python3.11/site-packages/airflow/example_dags/example_subdag_operator.py
[2026-03-04T20:00:10.820+0000] {logging_mixin.py:188} INFO - [2026-03-04T20:00:10.820+0000] {dag.py:3033} INFO - Sync 3 DAGs
[2026-03-04T20:00:10.830+0000] {logging_mixin.py:188} INFO - [2026-03-04T20:00:10.830+0000] {dag.py:3820} INFO - Setting next_dagrun for example_subdag_operator to 2022-01-01T00:00:00+00:00, run_after=2022-01-01T00:00:00+00:00
[2026-03-04T20:00:10.832+0000] {logging_mixin.py:188} INFO - [2026-03-04T20:00:10.832+0000] {dag.py:3820} INFO - Setting next_dagrun for example_subdag_operator.section-1 to None, run_after=None
[2026-03-04T20:00:10.832+0000] {logging_mixin.py:188} INFO - [2026-03-04T20:00:10.832+0000] {dag.py:3820} INFO - Setting next_dagrun for example_subdag_operator.section-2 to None, run_after=None
[2026-03-04T20:00:10.836+0000] {logging_mixin.py:188} INFO - [2026-03-04T20:00:10.836+0000] {dag.py:3033} INFO - Sync 2 DAGs
[2026-03-04T20:00:10.838+0000] {logging_mixin.py:188} INFO - [2026-03-04T20:00:10.838+0000] {dag.py:3820} INFO - Setting next_dagrun for example_subdag_operator.section-1 to None, run_after=None
[2026-03-04T20:00:10.838+0000] {logging_mixin.py:188} INFO - [2026-03-04T20:00:10.838+0000] {dag.py:3820} INFO - Setting next_dagrun for example_subdag_operator.section-2 to None, run_after=None
[2026-03-04T20:00:10.845+0000] {processor.py:183} INFO - Processing /Users/HP/storypoints-week1/venv/lib/python3.11/site-packages/airflow/example_dags/example_subdag_operator.py took 0.108 seconds
[2026-03-04T20:12:40.851+0000] {processor.py:161} INFO - Started process (PID=83609) to work on /Users/HP/storypoints-week1/venv/lib/python3.11/site-packages/airflow/example_dags/example_subdag_operator.py
[2026-03-04T20:12:40.854+0000] {processor.py:830} INFO - Processing file /Users/HP/storypoints-week1/venv/lib/python3.11/site-packages/airflow/example_dags/example_subdag_operator.py for tasks to queue
[2026-03-04T20:12:40.856+0000] {logging_mixin.py:188} INFO - [2026-03-04T20:12:40.856+0000] {dagbag.py:538} INFO - Filling up the DagBag from /Users/HP/storypoints-week1/venv/lib/python3.11/site-packages/airflow/example_dags/example_subdag_operator.py
[2026-03-04T20:12:40.913+0000] {processor.py:840} INFO - DAG(s) 'example_subdag_operator.section-1', 'example_subdag_operator.section-2', 'example_subdag_operator' retrieved from /Users/HP/storypoints-week1/venv/lib/python3.11/site-packages/airflow/example_dags/example_subdag_operator.py
[2026-03-04T20:12:40.940+0000] {logging_mixin.py:188} INFO - [2026-03-04T20:12:40.940+0000] {dag.py:3033} INFO - Sync 3 DAGs
[2026-03-04T20:12:40.957+0000] {logging_mixin.py:188} INFO - [2026-03-04T20:12:40.956+0000] {dag.py:3820} INFO - Setting next_dagrun for example_subdag_operator to 2022-01-01T00:00:00+00:00, run_after=2022-01-01T00:00:00+00:00
[2026-03-04T20:12:40.960+0000] {logging_mixin.py:188} INFO - [2026-03-04T20:12:40.960+0000] {dag.py:3820} INFO - Setting next_dagrun for example_subdag_operator.section-1 to None, run_after=None
[2026-03-04T20:12:40.961+0000] {logging_mixin.py:188} INFO - [2026-03-04T20:12:40.961+0000] {dag.py:3820} INFO - Setting next_dagrun for example_subdag_operator.section-2 to None, run_after=None
[2026-03-04T20:12:40.967+0000] {logging_mixin.py:188} INFO - [2026-03-04T20:12:40.966+0000] {dag.py:3033} INFO - Sync 2 DAGs
[2026-03-04T20:12:40.970+0000] {logging_mixin.py:188} INFO - [2026-03-04T20:12:40.970+0000] {dag.py:3820} INFO - Setting next_dagrun for example_subdag_operator.section-1 to None, run_after=None
[2026-03-04T20:12:40.971+0000] {logging_mixin.py:188} INFO - [2026-03-04T20:12:40.971+0000] {dag.py:3820} INFO - Setting next_dagrun for example_subdag_operator.section-2 to None, run_after=None
[2026-03-04T20:12:40.981+0000] {processor.py:183} INFO - Processing /Users/HP/storypoints-week1/venv/lib/python3.11/site-packages/airflow/example_dags/example_subdag_operator.py took 0.131 seconds
[2026-03-04T20:14:12.600+0000] {processor.py:161} INFO - Started process (PID=84456) to work on /Users/HP/storypoints-week1/venv/lib/python3.11/site-packages/airflow/example_dags/example_subdag_operator.py
[2026-03-04T20:14:12.603+0000] {processor.py:830} INFO - Processing file /Users/HP/storypoints-week1/venv/lib/python3.11/site-packages/airflow/example_dags/example_subdag_operator.py for tasks to queue
[2026-03-04T20:14:12.605+0000] {logging_mixin.py:188} INFO - [2026-03-04T20:14:12.604+0000] {dagbag.py:538} INFO - Filling up the DagBag from /Users/HP/storypoints-week1/venv/lib/python3.11/site-packages/airflow/example_dags/example_subdag_operator.py
[2026-03-04T20:14:12.662+0000] {processor.py:840} INFO - DAG(s) 'example_subdag_operator.section-1', 'example_subdag_operator.section-2', 'example_subdag_operator' retrieved from /Users/HP/storypoints-week1/venv/lib/python3.11/site-packages/airflow/example_dags/example_subdag_operator.py
[2026-03-04T20:14:12.683+0000] {logging_mixin.py:188} INFO - [2026-03-04T20:14:12.682+0000] {dag.py:3033} INFO - Sync 3 DAGs
[2026-03-04T20:14:12.691+0000] {logging_mixin.py:188} INFO - [2026-03-04T20:14:12.691+0000] {dag.py:3820} INFO - Setting next_dagrun for example_subdag_operator to 2022-01-01T00:00:00+00:00, run_after=2022-01-01T00:00:00+00:00
[2026-03-04T20:14:12.693+0000] {logging_mixin.py:188} INFO - [2026-03-04T20:14:12.693+0000] {dag.py:3820} INFO - Setting next_dagrun for example_subdag_operator.section-1 to None, run_after=None
[2026-03-04T20:14:12.694+0000] {logging_mixin.py:188} INFO - [2026-03-04T20:14:12.694+0000] {dag.py:3820} INFO - Setting next_dagrun for example_subdag_operator.section-2 to None, run_after=None
[2026-03-04T20:14:12.696+0000] {logging_mixin.py:188} INFO - [2026-03-04T20:14:12.696+0000] {dag.py:3033} INFO - Sync 2 DAGs
[2026-03-04T20:14:12.698+0000] {logging_mixin.py:188} INFO - [2026-03-04T20:14:12.698+0000] {dag.py:3820} INFO - Setting next_dagrun for example_subdag_operator.section-1 to None, run_after=None
[2026-03-04T20:14:12.698+0000] {logging_mixin.py:188} INFO - [2026-03-04T20:14:12.698+0000] {dag.py:3820} INFO - Setting next_dagrun for example_subdag_operator.section-2 to None, run_after=None
[2026-03-04T20:14:12.705+0000] {processor.py:183} INFO - Processing /Users/HP/storypoints-week1/venv/lib/python3.11/site-packages/airflow/example_dags/example_subdag_operator.py took 0.105 seconds
[2026-03-04T20:15:31.613+0000] {processor.py:161} INFO - Started process (PID=85191) to work on /Users/HP/storypoints-week1/venv/lib/python3.11/site-packages/airflow/example_dags/example_subdag_operator.py
[2026-03-04T20:15:31.615+0000] {processor.py:830} INFO - Processing file /Users/HP/storypoints-week1/venv/lib/python3.11/site-packages/airflow/example_dags/example_subdag_operator.py for tasks to queue
[2026-03-04T20:15:31.617+0000] {logging_mixin.py:188} INFO - [2026-03-04T20:15:31.617+0000] {dagbag.py:538} INFO - Filling up the DagBag from /Users/HP/storypoints-week1/venv/lib/python3.11/site-packages/airflow/example_dags/example_subdag_operator.py
[2026-03-04T20:15:31.673+0000] {processor.py:840} INFO - DAG(s) 'example_subdag_operator.section-1', 'example_subdag_operator.section-2', 'example_subdag_operator' retrieved from /Users/HP/storypoints-week1/venv/lib/python3.11/site-packages/airflow/example_dags/example_subdag_operator.py
[2026-03-04T20:15:31.695+0000] {logging_mixin.py:188} INFO - [2026-03-04T20:15:31.694+0000] {dag.py:3033} INFO - Sync 3 DAGs
[2026-03-04T20:15:31.705+0000] {logging_mixin.py:188} INFO - [2026-03-04T20:15:31.705+0000] {dag.py:3820} INFO - Setting next_dagrun for example_subdag_operator to 2022-01-01T00:00:00+00:00, run_after=2022-01-01T00:00:00+00:00
[2026-03-04T20:15:31.707+0000] {logging_mixin.py:188} INFO - [2026-03-04T20:15:31.707+0000] {dag.py:3820} INFO - Setting next_dagrun for example_subdag_operator.section-1 to None, run_after=None
[2026-03-04T20:15:31.707+0000] {logging_mixin.py:188} INFO - [2026-03-04T20:15:31.707+0000] {dag.py:3820} INFO - Setting next_dagrun for example_subdag_operator.section-2 to None, run_after=None
[2026-03-04T20:15:31.710+0000] {logging_mixin.py:188} INFO - [2026-03-04T20:15:31.710+0000] {dag.py:3033} INFO - Sync 2 DAGs
[2026-03-04T20:15:31.712+0000] {logging_mixin.py:188} INFO - [2026-03-04T20:15:31.712+0000] {dag.py:3820} INFO - Setting next_dagrun for example_subdag_operator.section-1 to None, run_after=None
[2026-03-04T20:15:31.713+0000] {logging_mixin.py:188} INFO - [2026-03-04T20:15:31.712+0000] {dag.py:3820} INFO - Setting next_dagrun for example_subdag_operator.section-2 to None, run_after=None
[2026-03-04T20:15:31.719+0000] {processor.py:183} INFO - Processing /Users/HP/storypoints-week1/venv/lib/python3.11/site-packages/airflow/example_dags/example_subdag_operator.py took 0.108 seconds
[2026-03-04T20:23:38.409+0000] {processor.py:161} INFO - Started process (PID=85930) to work on /Users/HP/storypoints-week1/venv/lib/python3.11/site-packages/airflow/example_dags/example_subdag_operator.py
[2026-03-04T20:23:38.411+0000] {processor.py:830} INFO - Processing file /Users/HP/storypoints-week1/venv/lib/python3.11/site-packages/airflow/example_dags/example_subdag_operator.py for tasks to queue
[2026-03-04T20:23:38.413+0000] {logging_mixin.py:188} INFO - [2026-03-04T20:23:38.413+0000] {dagbag.py:538} INFO - Filling up the DagBag from /Users/HP/storypoints-week1/venv/lib/python3.11/site-packages/airflow/example_dags/example_subdag_operator.py
[2026-03-04T20:23:38.472+0000] {processor.py:840} INFO - DAG(s) 'example_subdag_operator.section-1', 'example_subdag_operator.section-2', 'example_subdag_operator' retrieved from /Users/HP/storypoints-week1/venv/lib/python3.11/site-packages/airflow/example_dags/example_subdag_operator.py
[2026-03-04T20:23:38.494+0000] {logging_mixin.py:188} INFO - [2026-03-04T20:23:38.494+0000] {dag.py:3033} INFO - Sync 3 DAGs
[2026-03-04T20:23:38.505+0000] {logging_mixin.py:188} INFO - [2026-03-04T20:23:38.504+0000] {dag.py:3820} INFO - Setting next_dagrun for example_subdag_operator to 2022-01-01T00:00:00+00:00, run_after=2022-01-01T00:00:00+00:00
[2026-03-04T20:23:38.507+0000] {logging_mixin.py:188} INFO - [2026-03-04T20:23:38.506+0000] {dag.py:3820} INFO - Setting next_dagrun for example_subdag_operator.section-1 to None, run_after=None
[2026-03-04T20:23:38.507+0000] {logging_mixin.py:188} INFO - [2026-03-04T20:23:38.507+0000] {dag.py:3820} INFO - Setting next_dagrun for example_subdag_operator.section-2 to None, run_after=None
[2026-03-04T20:23:38.510+0000] {logging_mixin.py:188} INFO - [2026-03-04T20:23:38.510+0000] {dag.py:3033} INFO - Sync 2 DAGs
[2026-03-04T20:23:38.512+0000] {logging_mixin.py:188} INFO - [2026-03-04T20:23:38.512+0000] {dag.py:3820} INFO - Setting next_dagrun for example_subdag_operator.section-1 to None, run_after=None
[2026-03-04T20:23:38.513+0000] {logging_mixin.py:188} INFO - [2026-03-04T20:23:38.513+0000] {dag.py:3820} INFO - Setting next_dagrun for example_subdag_operator.section-2 to None, run_after=None
[2026-03-04T20:23:38.519+0000] {processor.py:183} INFO - Processing /Users/HP/storypoints-week1/venv/lib/python3.11/site-packages/airflow/example_dags/example_subdag_operator.py took 0.112 seconds
[2026-03-04T20:25:07.749+0000] {processor.py:161} INFO - Started process (PID=86764) to work on /Users/HP/storypoints-week1/venv/lib/python3.11/site-packages/airflow/example_dags/example_subdag_operator.py
[2026-03-04T20:25:07.752+0000] {processor.py:830} INFO - Processing file /Users/HP/storypoints-week1/venv/lib/python3.11/site-packages/airflow/example_dags/example_subdag_operator.py for tasks to queue
[2026-03-04T20:25:07.753+0000] {logging_mixin.py:188} INFO - [2026-03-04T20:25:07.753+0000] {dagbag.py:538} INFO - Filling up the DagBag from /Users/HP/storypoints-week1/venv/lib/python3.11/site-packages/airflow/example_dags/example_subdag_operator.py
[2026-03-04T20:25:07.812+0000] {processor.py:840} INFO - DAG(s) 'example_subdag_operator.section-1', 'example_subdag_operator.section-2', 'example_subdag_operator' retrieved from /Users/HP/storypoints-week1/venv/lib/python3.11/site-packages/airflow/example_dags/example_subdag_operator.py
[2026-03-04T20:25:07.834+0000] {logging_mixin.py:188} INFO - [2026-03-04T20:25:07.834+0000] {dag.py:3033} INFO - Sync 3 DAGs
[2026-03-04T20:25:07.845+0000] {logging_mixin.py:188} INFO - [2026-03-04T20:25:07.845+0000] {dag.py:3820} INFO - Setting next_dagrun for example_subdag_operator to 2022-01-01T00:00:00+00:00, run_after=2022-01-01T00:00:00+00:00
[2026-03-04T20:25:07.847+0000] {logging_mixin.py:188} INFO - [2026-03-04T20:25:07.847+0000] {dag.py:3820} INFO - Setting next_dagrun for example_subdag_operator.section-1 to None, run_after=None
[2026-03-04T20:25:07.847+0000] {logging_mixin.py:188} INFO - [2026-03-04T20:25:07.847+0000] {dag.py:3820} INFO - Setting next_dagrun for example_subdag_operator.section-2 to None, run_after=None
[2026-03-04T20:25:07.851+0000] {logging_mixin.py:188} INFO - [2026-03-04T20:25:07.850+0000] {dag.py:3033} INFO - Sync 2 DAGs
[2026-03-04T20:25:07.853+0000] {logging_mixin.py:188} INFO - [2026-03-04T20:25:07.853+0000] {dag.py:3820} INFO - Setting next_dagrun for example_subdag_operator.section-1 to None, run_after=None
[2026-03-04T20:25:07.853+0000] {logging_mixin.py:188} INFO - [2026-03-04T20:25:07.853+0000] {dag.py:3820} INFO - Setting next_dagrun for example_subdag_operator.section-2 to None, run_after=None
[2026-03-04T20:25:07.860+0000] {processor.py:183} INFO - Processing /Users/HP/storypoints-week1/venv/lib/python3.11/site-packages/airflow/example_dags/example_subdag_operator.py took 0.112 seconds
[2026-03-04T20:45:47.727+0000] {processor.py:161} INFO - Started process (PID=87507) to work on /Users/HP/storypoints-week1/venv/lib/python3.11/site-packages/airflow/example_dags/example_subdag_operator.py
[2026-03-04T20:45:47.730+0000] {processor.py:830} INFO - Processing file /Users/HP/storypoints-week1/venv/lib/python3.11/site-packages/airflow/example_dags/example_subdag_operator.py for tasks to queue
[2026-03-04T20:45:47.731+0000] {logging_mixin.py:188} INFO - [2026-03-04T20:45:47.731+0000] {dagbag.py:538} INFO - Filling up the DagBag from /Users/HP/storypoints-week1/venv/lib/python3.11/site-packages/airflow/example_dags/example_subdag_operator.py
[2026-03-04T20:45:47.790+0000] {processor.py:840} INFO - DAG(s) 'example_subdag_operator.section-1', 'example_subdag_operator.section-2', 'example_subdag_operator' retrieved from /Users/HP/storypoints-week1/venv/lib/python3.11/site-packages/airflow/example_dags/example_subdag_operator.py
[2026-03-04T20:45:47.812+0000] {logging_mixin.py:188} INFO - [2026-03-04T20:45:47.811+0000] {dag.py:3033} INFO - Sync 3 DAGs
[2026-03-04T20:45:47.822+0000] {logging_mixin.py:188} INFO - [2026-03-04T20:45:47.822+0000] {dag.py:3820} INFO - Setting next_dagrun for example_subdag_operator to 2022-01-01T00:00:00+00:00, run_after=2022-01-01T00:00:00+00:00
[2026-03-04T20:45:47.824+0000] {logging_mixin.py:188} INFO - [2026-03-04T20:45:47.824+0000] {dag.py:3820} INFO - Setting next_dagrun for example_subdag_operator.section-1 to None, run_after=None
[2026-03-04T20:45:47.824+0000] {logging_mixin.py:188} INFO - [2026-03-04T20:45:47.824+0000] {dag.py:3820} INFO - Setting next_dagrun for example_subdag_operator.section-2 to None, run_after=None
[2026-03-04T20:45:47.828+0000] {logging_mixin.py:188} INFO - [2026-03-04T20:45:47.828+0000] {dag.py:3033} INFO - Sync 2 DAGs
[2026-03-04T20:45:47.830+0000] {logging_mixin.py:188} INFO - [2026-03-04T20:45:47.830+0000] {dag.py:3820} INFO - Setting next_dagrun for example_subdag_operator.section-1 to None, run_after=None
[2026-03-04T20:45:47.830+0000] {logging_mixin.py:188} INFO - [2026-03-04T20:45:47.830+0000] {dag.py:3820} INFO - Setting next_dagrun for example_subdag_operator.section-2 to None, run_after=None
[2026-03-04T20:45:47.837+0000] {processor.py:183} INFO - Processing /Users/HP/storypoints-week1/venv/lib/python3.11/site-packages/airflow/example_dags/example_subdag_operator.py took 0.111 seconds
[2026-03-04T22:05:02.519+0000] {processor.py:161} INFO - Started process (PID=88316) to work on /Users/HP/storypoints-week1/venv/lib/python3.11/site-packages/airflow/example_dags/example_subdag_operator.py
[2026-03-04T22:05:02.521+0000] {processor.py:830} INFO - Processing file /Users/HP/storypoints-week1/venv/lib/python3.11/site-packages/airflow/example_dags/example_subdag_operator.py for tasks to queue
[2026-03-04T22:05:02.523+0000] {logging_mixin.py:188} INFO - [2026-03-04T22:05:02.523+0000] {dagbag.py:538} INFO - Filling up the DagBag from /Users/HP/storypoints-week1/venv/lib/python3.11/site-packages/airflow/example_dags/example_subdag_operator.py
[2026-03-04T22:05:02.580+0000] {processor.py:840} INFO - DAG(s) 'example_subdag_operator.section-1', 'example_subdag_operator.section-2', 'example_subdag_operator' retrieved from /Users/HP/storypoints-week1/venv/lib/python3.11/site-packages/airflow/example_dags/example_subdag_operator.py
[2026-03-04T22:05:02.602+0000] {logging_mixin.py:188} INFO - [2026-03-04T22:05:02.602+0000] {dag.py:3033} INFO - Sync 3 DAGs
[2026-03-04T22:05:02.612+0000] {logging_mixin.py:188} INFO - [2026-03-04T22:05:02.612+0000] {dag.py:3820} INFO - Setting next_dagrun for example_subdag_operator to 2022-01-01T00:00:00+00:00, run_after=2022-01-01T00:00:00+00:00
[2026-03-04T22:05:02.614+0000] {logging_mixin.py:188} INFO - [2026-03-04T22:05:02.614+0000] {dag.py:3820} INFO - Setting next_dagrun for example_subdag_operator.section-1 to None, run_after=None
[2026-03-04T22:05:02.615+0000] {logging_mixin.py:188} INFO - [2026-03-04T22:05:02.615+0000] {dag.py:3820} INFO - Setting next_dagrun for example_subdag_operator.section-2 to None, run_after=None
[2026-03-04T22:05:02.618+0000] {logging_mixin.py:188} INFO - [2026-03-04T22:05:02.618+0000] {dag.py:3033} INFO - Sync 2 DAGs
[2026-03-04T22:05:02.620+0000] {logging_mixin.py:188} INFO - [2026-03-04T22:05:02.620+0000] {dag.py:3820} INFO - Setting next_dagrun for example_subdag_operator.section-1 to None, run_after=None
[2026-03-04T22:05:02.620+0000] {logging_mixin.py:188} INFO - [2026-03-04T22:05:02.620+0000] {dag.py:3820} INFO - Setting next_dagrun for example_subdag_operator.section-2 to None, run_after=None
[2026-03-04T22:05:02.627+0000] {processor.py:183} INFO - Processing /Users/HP/storypoints-week1/venv/lib/python3.11/site-packages/airflow/example_dags/example_subdag_operator.py took 0.109 seconds
[2026-03-04T22:17:41.640+0000] {processor.py:161} INFO - Started process (PID=89063) to work on /Users/HP/storypoints-week1/venv/lib/python3.11/site-packages/airflow/example_dags/example_subdag_operator.py
[2026-03-04T22:17:41.643+0000] {processor.py:830} INFO - Processing file /Users/HP/storypoints-week1/venv/lib/python3.11/site-packages/airflow/example_dags/example_subdag_operator.py for tasks to queue
[2026-03-04T22:17:41.644+0000] {logging_mixin.py:188} INFO - [2026-03-04T22:17:41.644+0000] {dagbag.py:538} INFO - Filling up the DagBag from /Users/HP/storypoints-week1/venv/lib/python3.11/site-packages/airflow/example_dags/example_subdag_operator.py
[2026-03-04T22:17:41.703+0000] {processor.py:840} INFO - DAG(s) 'example_subdag_operator.section-1', 'example_subdag_operator.section-2', 'example_subdag_operator' retrieved from /Users/HP/storypoints-week1/venv/lib/python3.11/site-packages/airflow/example_dags/example_subdag_operator.py
[2026-03-04T22:17:41.725+0000] {logging_mixin.py:188} INFO - [2026-03-04T22:17:41.724+0000] {dag.py:3033} INFO - Sync 3 DAGs
[2026-03-04T22:17:41.735+0000] {logging_mixin.py:188} INFO - [2026-03-04T22:17:41.735+0000] {dag.py:3820} INFO - Setting next_dagrun for example_subdag_operator to 2022-01-01T00:00:00+00:00, run_after=2022-01-01T00:00:00+00:00
[2026-03-04T22:17:41.737+0000] {logging_mixin.py:188} INFO - [2026-03-04T22:17:41.737+0000] {dag.py:3820} INFO - Setting next_dagrun for example_subdag_operator.section-1 to None, run_after=None
[2026-03-04T22:17:41.738+0000] {logging_mixin.py:188} INFO - [2026-03-04T22:17:41.738+0000] {dag.py:3820} INFO - Setting next_dagrun for example_subdag_operator.section-2 to None, run_after=None
[2026-03-04T22:17:41.741+0000] {logging_mixin.py:188} INFO - [2026-03-04T22:17:41.741+0000] {dag.py:3033} INFO - Sync 2 DAGs
[2026-03-04T22:17:41.744+0000] {logging_mixin.py:188} INFO - [2026-03-04T22:17:41.744+0000] {dag.py:3820} INFO - Setting next_dagrun for example_subdag_operator.section-1 to None, run_after=None
[2026-03-04T22:17:41.744+0000] {logging_mixin.py:188} INFO - [2026-03-04T22:17:41.744+0000] {dag.py:3820} INFO - Setting next_dagrun for example_subdag_operator.section-2 to None, run_after=None
[2026-03-04T22:17:41.752+0000] {processor.py:183} INFO - Processing /Users/HP/storypoints-week1/venv/lib/python3.11/site-packages/airflow/example_dags/example_subdag_operator.py took 0.112 seconds
[2026-03-04T22:31:54.492+0000] {processor.py:161} INFO - Started process (PID=90023) to work on /Users/HP/storypoints-week1/venv/lib/python3.11/site-packages/airflow/example_dags/example_subdag_operator.py
[2026-03-04T22:31:54.494+0000] {processor.py:830} INFO - Processing file /Users/HP/storypoints-week1/venv/lib/python3.11/site-packages/airflow/example_dags/example_subdag_operator.py for tasks to queue
[2026-03-04T22:31:54.496+0000] {logging_mixin.py:188} INFO - [2026-03-04T22:31:54.495+0000] {dagbag.py:538} INFO - Filling up the DagBag from /Users/HP/storypoints-week1/venv/lib/python3.11/site-packages/airflow/example_dags/example_subdag_operator.py
[2026-03-04T22:31:54.554+0000] {processor.py:840} INFO - DAG(s) 'example_subdag_operator.section-1', 'example_subdag_operator.section-2', 'example_subdag_operator' retrieved from /Users/HP/storypoints-week1/venv/lib/python3.11/site-packages/airflow/example_dags/example_subdag_operator.py
[2026-03-04T22:31:54.577+0000] {logging_mixin.py:188} INFO - [2026-03-04T22:31:54.576+0000] {dag.py:3033} INFO - Sync 3 DAGs
[2026-03-04T22:31:54.587+0000] {logging_mixin.py:188} INFO - [2026-03-04T22:31:54.587+0000] {dag.py:3820} INFO - Setting next_dagrun for example_subdag_operator to 2022-01-01T00:00:00+00:00, run_after=2022-01-01T00:00:00+00:00
[2026-03-04T22:31:54.589+0000] {logging_mixin.py:188} INFO - [2026-03-04T22:31:54.589+0000] {dag.py:3820} INFO - Setting next_dagrun for example_subdag_operator.section-1 to None, run_after=None
[2026-03-04T22:31:54.589+0000] {logging_mixin.py:188} INFO - [2026-03-04T22:31:54.589+0000] {dag.py:3820} INFO - Setting next_dagrun for example_subdag_operator.section-2 to None, run_after=None
[2026-03-04T22:31:54.592+0000] {logging_mixin.py:188} INFO - [2026-03-04T22:31:54.592+0000] {dag.py:3033} INFO - Sync 2 DAGs
[2026-03-04T22:31:54.594+0000] {logging_mixin.py:188} INFO - [2026-03-04T22:31:54.594+0000] {dag.py:3820} INFO - Setting next_dagrun for example_subdag_operator.section-1 to None, run_after=None
[2026-03-04T22:31:54.594+0000] {logging_mixin.py:188} INFO - [2026-03-04T22:31:54.594+0000] {dag.py:3820} INFO - Setting next_dagrun for example_subdag_operator.section-2 to None, run_after=None
[2026-03-04T22:31:54.600+0000] {processor.py:183} INFO - Processing /Users/HP/storypoints-week1/venv/lib/python3.11/site-packages/airflow/example_dags/example_subdag_operator.py took 0.109 seconds
[2026-03-04T23:06:07.753+0000] {processor.py:161} INFO - Started process (PID=90764) to work on /Users/HP/storypoints-week1/venv/lib/python3.11/site-packages/airflow/example_dags/example_subdag_operator.py
[2026-03-04T23:06:07.755+0000] {processor.py:830} INFO - Processing file /Users/HP/storypoints-week1/venv/lib/python3.11/site-packages/airflow/example_dags/example_subdag_operator.py for tasks to queue
[2026-03-04T23:06:07.757+0000] {logging_mixin.py:188} INFO - [2026-03-04T23:06:07.757+0000] {dagbag.py:538} INFO - Filling up the DagBag from /Users/HP/storypoints-week1/venv/lib/python3.11/site-packages/airflow/example_dags/example_subdag_operator.py
[2026-03-04T23:06:07.810+0000] {processor.py:840} INFO - DAG(s) 'example_subdag_operator.section-1', 'example_subdag_operator.section-2', 'example_subdag_operator' retrieved from /Users/HP/storypoints-week1/venv/lib/python3.11/site-packages/airflow/example_dags/example_subdag_operator.py
[2026-03-04T23:06:07.832+0000] {logging_mixin.py:188} INFO - [2026-03-04T23:06:07.832+0000] {dag.py:3033} INFO - Sync 3 DAGs
[2026-03-04T23:06:07.842+0000] {logging_mixin.py:188} INFO - [2026-03-04T23:06:07.842+0000] {dag.py:3820} INFO - Setting next_dagrun for example_subdag_operator to 2022-01-01T00:00:00+00:00, run_after=2022-01-01T00:00:00+00:00
[2026-03-04T23:06:07.844+0000] {logging_mixin.py:188} INFO - [2026-03-04T23:06:07.844+0000] {dag.py:3820} INFO - Setting next_dagrun for example_subdag_operator.section-1 to None, run_after=None
[2026-03-04T23:06:07.845+0000] {logging_mixin.py:188} INFO - [2026-03-04T23:06:07.845+0000] {dag.py:3820} INFO - Setting next_dagrun for example_subdag_operator.section-2 to None, run_after=None
[2026-03-04T23:06:07.848+0000] {logging_mixin.py:188} INFO - [2026-03-04T23:06:07.848+0000] {dag.py:3033} INFO - Sync 2 DAGs
[2026-03-04T23:06:07.851+0000] {logging_mixin.py:188} INFO - [2026-03-04T23:06:07.850+0000] {dag.py:3820} INFO - Setting next_dagrun for example_subdag_operator.section-1 to None, run_after=None
[2026-03-04T23:06:07.851+0000] {logging_mixin.py:188} INFO - [2026-03-04T23:06:07.851+0000] {dag.py:3820} INFO - Setting next_dagrun for example_subdag_operator.section-2 to None, run_after=None
[2026-03-04T23:06:07.858+0000] {processor.py:183} INFO - Processing /Users/HP/storypoints-week1/venv/lib/python3.11/site-packages/airflow/example_dags/example_subdag_operator.py took 0.105 seconds
[2026-03-04T23:07:22.140+0000] {processor.py:161} INFO - Started process (PID=91481) to work on /Users/HP/storypoints-week1/venv/lib/python3.11/site-packages/airflow/example_dags/example_subdag_operator.py
[2026-03-04T23:07:22.143+0000] {processor.py:830} INFO - Processing file /Users/HP/storypoints-week1/venv/lib/python3.11/site-packages/airflow/example_dags/example_subdag_operator.py for tasks to queue
[2026-03-04T23:07:22.144+0000] {logging_mixin.py:188} INFO - [2026-03-04T23:07:22.144+0000] {dagbag.py:538} INFO - Filling up the DagBag from /Users/HP/storypoints-week1/venv/lib/python3.11/site-packages/airflow/example_dags/example_subdag_operator.py
[2026-03-04T23:07:22.202+0000] {processor.py:840} INFO - DAG(s) 'example_subdag_operator.section-1', 'example_subdag_operator.section-2', 'example_subdag_operator' retrieved from /Users/HP/storypoints-week1/venv/lib/python3.11/site-packages/airflow/example_dags/example_subdag_operator.py
[2026-03-04T23:07:22.224+0000] {logging_mixin.py:188} INFO - [2026-03-04T23:07:22.223+0000] {dag.py:3033} INFO - Sync 3 DAGs
[2026-03-04T23:07:22.234+0000] {logging_mixin.py:188} INFO - [2026-03-04T23:07:22.234+0000] {dag.py:3820} INFO - Setting next_dagrun for example_subdag_operator to 2022-01-01T00:00:00+00:00, run_after=2022-01-01T00:00:00+00:00
[2026-03-04T23:07:22.236+0000] {logging_mixin.py:188} INFO - [2026-03-04T23:07:22.236+0000] {dag.py:3820} INFO - Setting next_dagrun for example_subdag_operator.section-1 to None, run_after=None
[2026-03-04T23:07:22.236+0000] {logging_mixin.py:188} INFO - [2026-03-04T23:07:22.236+0000] {dag.py:3820} INFO - Setting next_dagrun for example_subdag_operator.section-2 to None, run_after=None
[2026-03-04T23:07:22.239+0000] {logging_mixin.py:188} INFO - [2026-03-04T23:07:22.239+0000] {dag.py:3033} INFO - Sync 2 DAGs
[2026-03-04T23:07:22.241+0000] {logging_mixin.py:188} INFO - [2026-03-04T23:07:22.241+0000] {dag.py:3820} INFO - Setting next_dagrun for example_subdag_operator.section-1 to None, run_after=None
[2026-03-04T23:07:22.241+0000] {logging_mixin.py:188} INFO - [2026-03-04T23:07:22.241+0000] {dag.py:3820} INFO - Setting next_dagrun for example_subdag_operator.section-2 to None, run_after=None
[2026-03-04T23:07:22.248+0000] {processor.py:183} INFO - Processing /Users/HP/storypoints-week1/venv/lib/python3.11/site-packages/airflow/example_dags/example_subdag_operator.py took 0.108 seconds
[2026-03-04T23:19:31.028+0000] {processor.py:161} INFO - Started process (PID=92185) to work on /Users/HP/storypoints-week1/venv/lib/python3.11/site-packages/airflow/example_dags/example_subdag_operator.py
[2026-03-04T23:19:31.030+0000] {processor.py:830} INFO - Processing file /Users/HP/storypoints-week1/venv/lib/python3.11/site-packages/airflow/example_dags/example_subdag_operator.py for tasks to queue
[2026-03-04T23:19:31.032+0000] {logging_mixin.py:188} INFO - [2026-03-04T23:19:31.032+0000] {dagbag.py:538} INFO - Filling up the DagBag from /Users/HP/storypoints-week1/venv/lib/python3.11/site-packages/airflow/example_dags/example_subdag_operator.py
[2026-03-04T23:19:31.082+0000] {processor.py:840} INFO - DAG(s) 'example_subdag_operator.section-1', 'example_subdag_operator.section-2', 'example_subdag_operator' retrieved from /Users/HP/storypoints-week1/venv/lib/python3.11/site-packages/airflow/example_dags/example_subdag_operator.py
[2026-03-04T23:19:31.101+0000] {logging_mixin.py:188} INFO - [2026-03-04T23:19:31.101+0000] {dag.py:3033} INFO - Sync 3 DAGs
[2026-03-04T23:19:31.110+0000] {logging_mixin.py:188} INFO - [2026-03-04T23:19:31.110+0000] {dag.py:3820} INFO - Setting next_dagrun for example_subdag_operator to 2022-01-01T00:00:00+00:00, run_after=2022-01-01T00:00:00+00:00
[2026-03-04T23:19:31.112+0000] {logging_mixin.py:188} INFO - [2026-03-04T23:19:31.112+0000] {dag.py:3820} INFO - Setting next_dagrun for example_subdag_operator.section-1 to None, run_after=None
[2026-03-04T23:19:31.113+0000] {logging_mixin.py:188} INFO - [2026-03-04T23:19:31.113+0000] {dag.py:3820} INFO - Setting next_dagrun for example_subdag_operator.section-2 to None, run_after=None
[2026-03-04T23:19:31.116+0000] {logging_mixin.py:188} INFO - [2026-03-04T23:19:31.116+0000] {dag.py:3033} INFO - Sync 2 DAGs
[2026-03-04T23:19:31.118+0000] {logging_mixin.py:188} INFO - [2026-03-04T23:19:31.118+0000] {dag.py:3820} INFO - Setting next_dagrun for example_subdag_operator.section-1 to None, run_after=None
[2026-03-04T23:19:31.118+0000] {logging_mixin.py:188} INFO - [2026-03-04T23:19:31.118+0000] {dag.py:3820} INFO - Setting next_dagrun for example_subdag_operator.section-2 to None, run_after=None
[2026-03-04T23:19:31.126+0000] {processor.py:183} INFO - Processing /Users/HP/storypoints-week1/venv/lib/python3.11/site-packages/airflow/example_dags/example_subdag_operator.py took 0.099 seconds
[2026-03-04T23:55:36.580+0000] {processor.py:161} INFO - Started process (PID=92893) to work on /Users/HP/storypoints-week1/venv/lib/python3.11/site-packages/airflow/example_dags/example_subdag_operator.py
[2026-03-04T23:55:36.583+0000] {processor.py:830} INFO - Processing file /Users/HP/storypoints-week1/venv/lib/python3.11/site-packages/airflow/example_dags/example_subdag_operator.py for tasks to queue
[2026-03-04T23:55:36.585+0000] {logging_mixin.py:188} INFO - [2026-03-04T23:55:36.585+0000] {dagbag.py:538} INFO - Filling up the DagBag from /Users/HP/storypoints-week1/venv/lib/python3.11/site-packages/airflow/example_dags/example_subdag_operator.py
[2026-03-05T00:11:35.492+0000] {processor.py:840} INFO - DAG(s) 'example_subdag_operator.section-1', 'example_subdag_operator.section-2', 'example_subdag_operator' retrieved from /Users/HP/storypoints-week1/venv/lib/python3.11/site-packages/airflow/example_dags/example_subdag_operator.py
[2026-03-05T00:11:35.522+0000] {logging_mixin.py:188} INFO - [2026-03-05T00:11:35.522+0000] {dag.py:3033} INFO - Sync 3 DAGs
[2026-03-05T00:11:35.531+0000] {logging_mixin.py:188} INFO - [2026-03-05T00:11:35.531+0000] {dag.py:3820} INFO - Setting next_dagrun for example_subdag_operator to 2022-01-01T00:00:00+00:00, run_after=2022-01-01T00:00:00+00:00
[2026-03-05T00:11:35.533+0000] {logging_mixin.py:188} INFO - [2026-03-05T00:11:35.533+0000] {dag.py:3820} INFO - Setting next_dagrun for example_subdag_operator.section-1 to None, run_after=None
[2026-03-05T00:11:35.533+0000] {logging_mixin.py:188} INFO - [2026-03-05T00:11:35.533+0000] {dag.py:3820} INFO - Setting next_dagrun for example_subdag_operator.section-2 to None, run_after=None
[2026-03-05T00:11:35.536+0000] {logging_mixin.py:188} INFO - [2026-03-05T00:11:35.536+0000] {dag.py:3033} INFO - Sync 2 DAGs
[2026-03-05T00:11:35.538+0000] {logging_mixin.py:188} INFO - [2026-03-05T00:11:35.538+0000] {dag.py:3820} INFO - Setting next_dagrun for example_subdag_operator.section-1 to None, run_after=None
[2026-03-05T00:11:35.538+0000] {logging_mixin.py:188} INFO - [2026-03-05T00:11:35.538+0000] {dag.py:3820} INFO - Setting next_dagrun for example_subdag_operator.section-2 to None, run_after=None
[2026-03-05T00:11:35.546+0000] {processor.py:183} INFO - Processing /Users/HP/storypoints-week1/venv/lib/python3.11/site-packages/airflow/example_dags/example_subdag_operator.py took 0.276 seconds
