[2026-03-04T19:02:03.908+0000] {processor.py:161} INFO - Started process (PID=54689) to work on /Users/HP/storypoints-week1/venv/lib/python3.11/site-packages/airflow/example_dags/example_setup_teardown.py
[2026-03-04T19:02:03.910+0000] {processor.py:830} INFO - Processing file /Users/HP/storypoints-week1/venv/lib/python3.11/site-packages/airflow/example_dags/example_setup_teardown.py for tasks to queue
[2026-03-04T19:02:03.912+0000] {logging_mixin.py:188} INFO - [2026-03-04T19:02:03.912+0000] {dagbag.py:538} INFO - Filling up the DagBag from /Users/HP/storypoints-week1/venv/lib/python3.11/site-packages/airflow/example_dags/example_setup_teardown.py
[2026-03-04T19:02:03.917+0000] {processor.py:840} INFO - DAG(s) 'example_setup_teardown' retrieved from /Users/HP/storypoints-week1/venv/lib/python3.11/site-packages/airflow/example_dags/example_setup_teardown.py
[2026-03-04T19:02:04.039+0000] {logging_mixin.py:188} INFO - [2026-03-04T19:02:04.038+0000] {override.py:1769} INFO - Created Permission View: can delete on DAG:example_setup_teardown
[2026-03-04T19:02:04.044+0000] {logging_mixin.py:188} INFO - [2026-03-04T19:02:04.044+0000] {override.py:1769} INFO - Created Permission View: can read on DAG:example_setup_teardown
[2026-03-04T19:02:04.048+0000] {logging_mixin.py:188} INFO - [2026-03-04T19:02:04.048+0000] {override.py:1769} INFO - Created Permission View: can edit on DAG:example_setup_teardown
[2026-03-04T19:02:04.048+0000] {logging_mixin.py:188} INFO - [2026-03-04T19:02:04.048+0000] {dag.py:3033} INFO - Sync 1 DAGs
[2026-03-04T19:02:04.055+0000] {logging_mixin.py:188} INFO - [2026-03-04T19:02:04.055+0000] {dag.py:3055} INFO - Creating ORM DAG for example_setup_teardown
[2026-03-04T19:02:04.061+0000] {logging_mixin.py:188} INFO - [2026-03-04T19:02:04.061+0000] {dag.py:3820} INFO - Setting next_dagrun for example_setup_teardown to 2026-03-03T00:00:00+00:00, run_after=2026-03-04T00:00:00+00:00
[2026-03-04T19:02:04.073+0000] {processor.py:183} INFO - Processing /Users/HP/storypoints-week1/venv/lib/python3.11/site-packages/airflow/example_dags/example_setup_teardown.py took 0.166 seconds
[2026-03-04T19:04:04.040+0000] {processor.py:161} INFO - Started process (PID=55831) to work on /Users/HP/storypoints-week1/venv/lib/python3.11/site-packages/airflow/example_dags/example_setup_teardown.py
[2026-03-04T19:04:04.044+0000] {processor.py:830} INFO - Processing file /Users/HP/storypoints-week1/venv/lib/python3.11/site-packages/airflow/example_dags/example_setup_teardown.py for tasks to queue
[2026-03-04T19:04:04.046+0000] {logging_mixin.py:188} INFO - [2026-03-04T19:04:04.046+0000] {dagbag.py:538} INFO - Filling up the DagBag from /Users/HP/storypoints-week1/venv/lib/python3.11/site-packages/airflow/example_dags/example_setup_teardown.py
[2026-03-04T19:04:04.053+0000] {processor.py:840} INFO - DAG(s) 'example_setup_teardown' retrieved from /Users/HP/storypoints-week1/venv/lib/python3.11/site-packages/airflow/example_dags/example_setup_teardown.py
[2026-03-04T19:04:04.127+0000] {logging_mixin.py:188} INFO - [2026-03-04T19:04:04.126+0000] {dag.py:3033} INFO - Sync 1 DAGs
[2026-03-04T19:04:04.139+0000] {logging_mixin.py:188} INFO - [2026-03-04T19:04:04.139+0000] {dag.py:3820} INFO - Setting next_dagrun for example_setup_teardown to 2026-03-03T00:00:00+00:00, run_after=2026-03-04T00:00:00+00:00
[2026-03-04T19:04:04.151+0000] {processor.py:183} INFO - Processing /Users/HP/storypoints-week1/venv/lib/python3.11/site-packages/airflow/example_dags/example_setup_teardown.py took 0.111 seconds
[2026-03-04T19:05:41.642+0000] {processor.py:161} INFO - Started process (PID=57150) to work on /Users/HP/storypoints-week1/venv/lib/python3.11/site-packages/airflow/example_dags/example_setup_teardown.py
[2026-03-04T19:05:41.644+0000] {processor.py:830} INFO - Processing file /Users/HP/storypoints-week1/venv/lib/python3.11/site-packages/airflow/example_dags/example_setup_teardown.py for tasks to queue
[2026-03-04T19:05:41.646+0000] {logging_mixin.py:188} INFO - [2026-03-04T19:05:41.645+0000] {dagbag.py:538} INFO - Filling up the DagBag from /Users/HP/storypoints-week1/venv/lib/python3.11/site-packages/airflow/example_dags/example_setup_teardown.py
[2026-03-04T19:05:41.651+0000] {processor.py:840} INFO - DAG(s) 'example_setup_teardown' retrieved from /Users/HP/storypoints-week1/venv/lib/python3.11/site-packages/airflow/example_dags/example_setup_teardown.py
[2026-03-04T19:05:41.714+0000] {logging_mixin.py:188} INFO - [2026-03-04T19:05:41.713+0000] {dag.py:3033} INFO - Sync 1 DAGs
[2026-03-04T19:05:41.724+0000] {logging_mixin.py:188} INFO - [2026-03-04T19:05:41.724+0000] {dag.py:3820} INFO - Setting next_dagrun for example_setup_teardown to 2026-03-03T00:00:00+00:00, run_after=2026-03-04T00:00:00+00:00
[2026-03-04T19:05:41.735+0000] {processor.py:183} INFO - Processing /Users/HP/storypoints-week1/venv/lib/python3.11/site-packages/airflow/example_dags/example_setup_teardown.py took 0.094 seconds
[2026-03-04T19:07:04.717+0000] {processor.py:161} INFO - Started process (PID=57954) to work on /Users/HP/storypoints-week1/venv/lib/python3.11/site-packages/airflow/example_dags/example_setup_teardown.py
[2026-03-04T19:07:04.720+0000] {processor.py:830} INFO - Processing file /Users/HP/storypoints-week1/venv/lib/python3.11/site-packages/airflow/example_dags/example_setup_teardown.py for tasks to queue
[2026-03-04T19:07:04.722+0000] {logging_mixin.py:188} INFO - [2026-03-04T19:07:04.722+0000] {dagbag.py:538} INFO - Filling up the DagBag from /Users/HP/storypoints-week1/venv/lib/python3.11/site-packages/airflow/example_dags/example_setup_teardown.py
[2026-03-04T19:07:04.727+0000] {processor.py:840} INFO - DAG(s) 'example_setup_teardown' retrieved from /Users/HP/storypoints-week1/venv/lib/python3.11/site-packages/airflow/example_dags/example_setup_teardown.py
[2026-03-04T19:07:04.790+0000] {logging_mixin.py:188} INFO - [2026-03-04T19:07:04.790+0000] {dag.py:3033} INFO - Sync 1 DAGs
[2026-03-04T19:07:04.801+0000] {logging_mixin.py:188} INFO - [2026-03-04T19:07:04.800+0000] {dag.py:3820} INFO - Setting next_dagrun for example_setup_teardown to 2026-03-03T00:00:00+00:00, run_after=2026-03-04T00:00:00+00:00
[2026-03-04T19:07:04.811+0000] {processor.py:183} INFO - Processing /Users/HP/storypoints-week1/venv/lib/python3.11/site-packages/airflow/example_dags/example_setup_teardown.py took 0.094 seconds
[2026-03-04T19:09:41.560+0000] {processor.py:161} INFO - Started process (PID=59451) to work on /Users/HP/storypoints-week1/venv/lib/python3.11/site-packages/airflow/example_dags/example_setup_teardown.py
[2026-03-04T19:09:41.563+0000] {processor.py:830} INFO - Processing file /Users/HP/storypoints-week1/venv/lib/python3.11/site-packages/airflow/example_dags/example_setup_teardown.py for tasks to queue
[2026-03-04T19:09:41.564+0000] {logging_mixin.py:188} INFO - [2026-03-04T19:09:41.564+0000] {dagbag.py:538} INFO - Filling up the DagBag from /Users/HP/storypoints-week1/venv/lib/python3.11/site-packages/airflow/example_dags/example_setup_teardown.py
[2026-03-04T19:09:41.570+0000] {processor.py:840} INFO - DAG(s) 'example_setup_teardown' retrieved from /Users/HP/storypoints-week1/venv/lib/python3.11/site-packages/airflow/example_dags/example_setup_teardown.py
[2026-03-04T19:09:41.632+0000] {logging_mixin.py:188} INFO - [2026-03-04T19:09:41.631+0000] {dag.py:3033} INFO - Sync 1 DAGs
[2026-03-04T19:09:41.643+0000] {logging_mixin.py:188} INFO - [2026-03-04T19:09:41.643+0000] {dag.py:3820} INFO - Setting next_dagrun for example_setup_teardown to 2026-03-03T00:00:00+00:00, run_after=2026-03-04T00:00:00+00:00
[2026-03-04T19:09:41.654+0000] {processor.py:183} INFO - Processing /Users/HP/storypoints-week1/venv/lib/python3.11/site-packages/airflow/example_dags/example_setup_teardown.py took 0.095 seconds
[2026-03-04T19:12:23.490+0000] {processor.py:161} INFO - Started process (PID=61004) to work on /Users/HP/storypoints-week1/venv/lib/python3.11/site-packages/airflow/example_dags/example_setup_teardown.py
[2026-03-04T19:12:23.493+0000] {processor.py:830} INFO - Processing file /Users/HP/storypoints-week1/venv/lib/python3.11/site-packages/airflow/example_dags/example_setup_teardown.py for tasks to queue
[2026-03-04T19:12:23.494+0000] {logging_mixin.py:188} INFO - [2026-03-04T19:12:23.494+0000] {dagbag.py:538} INFO - Filling up the DagBag from /Users/HP/storypoints-week1/venv/lib/python3.11/site-packages/airflow/example_dags/example_setup_teardown.py
[2026-03-04T19:12:23.500+0000] {processor.py:840} INFO - DAG(s) 'example_setup_teardown' retrieved from /Users/HP/storypoints-week1/venv/lib/python3.11/site-packages/airflow/example_dags/example_setup_teardown.py
[2026-03-04T19:12:23.559+0000] {logging_mixin.py:188} INFO - [2026-03-04T19:12:23.559+0000] {dag.py:3033} INFO - Sync 1 DAGs
[2026-03-04T19:12:23.570+0000] {logging_mixin.py:188} INFO - [2026-03-04T19:12:23.570+0000] {dag.py:3820} INFO - Setting next_dagrun for example_setup_teardown to 2026-03-03T00:00:00+00:00, run_after=2026-03-04T00:00:00+00:00
[2026-03-04T19:12:23.581+0000] {processor.py:183} INFO - Processing /Users/HP/storypoints-week1/venv/lib/python3.11/site-packages/airflow/example_dags/example_setup_teardown.py took 0.092 seconds
[2026-03-04T19:33:55.143+0000] {processor.py:161} INFO - Started process (PID=74624) to work on /Users/HP/storypoints-week1/venv/lib/python3.11/site-packages/airflow/example_dags/example_setup_teardown.py
[2026-03-04T19:33:55.146+0000] {processor.py:830} INFO - Processing file /Users/HP/storypoints-week1/venv/lib/python3.11/site-packages/airflow/example_dags/example_setup_teardown.py for tasks to queue
[2026-03-04T19:33:55.147+0000] {logging_mixin.py:188} INFO - [2026-03-04T19:33:55.147+0000] {dagbag.py:538} INFO - Filling up the DagBag from /Users/HP/storypoints-week1/venv/lib/python3.11/site-packages/airflow/example_dags/example_setup_teardown.py
[2026-03-04T19:33:55.153+0000] {processor.py:840} INFO - DAG(s) 'example_setup_teardown' retrieved from /Users/HP/storypoints-week1/venv/lib/python3.11/site-packages/airflow/example_dags/example_setup_teardown.py
[2026-03-04T19:33:55.218+0000] {logging_mixin.py:188} INFO - [2026-03-04T19:33:55.218+0000] {dag.py:3033} INFO - Sync 1 DAGs
[2026-03-04T19:33:55.231+0000] {logging_mixin.py:188} INFO - [2026-03-04T19:33:55.230+0000] {dag.py:3820} INFO - Setting next_dagrun for example_setup_teardown to 2026-03-03T00:00:00+00:00, run_after=2026-03-04T00:00:00+00:00
[2026-03-04T19:33:55.243+0000] {processor.py:183} INFO - Processing /Users/HP/storypoints-week1/venv/lib/python3.11/site-packages/airflow/example_dags/example_setup_teardown.py took 0.101 seconds
[2026-03-04T19:36:30.375+0000] {processor.py:161} INFO - Started process (PID=76323) to work on /Users/HP/storypoints-week1/venv/lib/python3.11/site-packages/airflow/example_dags/example_setup_teardown.py
[2026-03-04T19:36:30.377+0000] {processor.py:830} INFO - Processing file /Users/HP/storypoints-week1/venv/lib/python3.11/site-packages/airflow/example_dags/example_setup_teardown.py for tasks to queue
[2026-03-04T19:36:30.379+0000] {logging_mixin.py:188} INFO - [2026-03-04T19:36:30.379+0000] {dagbag.py:538} INFO - Filling up the DagBag from /Users/HP/storypoints-week1/venv/lib/python3.11/site-packages/airflow/example_dags/example_setup_teardown.py
[2026-03-04T19:36:30.384+0000] {processor.py:840} INFO - DAG(s) 'example_setup_teardown' retrieved from /Users/HP/storypoints-week1/venv/lib/python3.11/site-packages/airflow/example_dags/example_setup_teardown.py
[2026-03-04T19:36:30.447+0000] {logging_mixin.py:188} INFO - [2026-03-04T19:36:30.446+0000] {dag.py:3033} INFO - Sync 1 DAGs
[2026-03-04T19:36:30.457+0000] {logging_mixin.py:188} INFO - [2026-03-04T19:36:30.457+0000] {dag.py:3820} INFO - Setting next_dagrun for example_setup_teardown to 2026-03-03T00:00:00+00:00, run_after=2026-03-04T00:00:00+00:00
[2026-03-04T19:36:30.468+0000] {processor.py:183} INFO - Processing /Users/HP/storypoints-week1/venv/lib/python3.11/site-packages/airflow/example_dags/example_setup_teardown.py took 0.094 seconds
[2026-03-04T19:38:18.972+0000] {processor.py:161} INFO - Started process (PID=77349) to work on /Users/HP/storypoints-week1/venv/lib/python3.11/site-packages/airflow/example_dags/example_setup_teardown.py
[2026-03-04T19:38:18.975+0000] {processor.py:830} INFO - Processing file /Users/HP/storypoints-week1/venv/lib/python3.11/site-packages/airflow/example_dags/example_setup_teardown.py for tasks to queue
[2026-03-04T19:38:18.977+0000] {logging_mixin.py:188} INFO - [2026-03-04T19:38:18.976+0000] {dagbag.py:538} INFO - Filling up the DagBag from /Users/HP/storypoints-week1/venv/lib/python3.11/site-packages/airflow/example_dags/example_setup_teardown.py
[2026-03-04T19:38:18.982+0000] {processor.py:840} INFO - DAG(s) 'example_setup_teardown' retrieved from /Users/HP/storypoints-week1/venv/lib/python3.11/site-packages/airflow/example_dags/example_setup_teardown.py
[2026-03-04T19:38:19.042+0000] {logging_mixin.py:188} INFO - [2026-03-04T19:38:19.042+0000] {dag.py:3033} INFO - Sync 1 DAGs
[2026-03-04T19:38:19.053+0000] {logging_mixin.py:188} INFO - [2026-03-04T19:38:19.053+0000] {dag.py:3820} INFO - Setting next_dagrun for example_setup_teardown to 2026-03-03T00:00:00+00:00, run_after=2026-03-04T00:00:00+00:00
[2026-03-04T19:38:19.064+0000] {processor.py:183} INFO - Processing /Users/HP/storypoints-week1/venv/lib/python3.11/site-packages/airflow/example_dags/example_setup_teardown.py took 0.092 seconds
[2026-03-04T19:40:46.695+0000] {processor.py:161} INFO - Started process (PID=78758) to work on /Users/HP/storypoints-week1/venv/lib/python3.11/site-packages/airflow/example_dags/example_setup_teardown.py
[2026-03-04T19:40:46.697+0000] {processor.py:830} INFO - Processing file /Users/HP/storypoints-week1/venv/lib/python3.11/site-packages/airflow/example_dags/example_setup_teardown.py for tasks to queue
[2026-03-04T19:40:46.698+0000] {logging_mixin.py:188} INFO - [2026-03-04T19:40:46.698+0000] {dagbag.py:538} INFO - Filling up the DagBag from /Users/HP/storypoints-week1/venv/lib/python3.11/site-packages/airflow/example_dags/example_setup_teardown.py
[2026-03-04T19:40:46.704+0000] {processor.py:840} INFO - DAG(s) 'example_setup_teardown' retrieved from /Users/HP/storypoints-week1/venv/lib/python3.11/site-packages/airflow/example_dags/example_setup_teardown.py
[2026-03-04T19:40:46.763+0000] {logging_mixin.py:188} INFO - [2026-03-04T19:40:46.763+0000] {dag.py:3033} INFO - Sync 1 DAGs
[2026-03-04T19:40:46.773+0000] {logging_mixin.py:188} INFO - [2026-03-04T19:40:46.773+0000] {dag.py:3820} INFO - Setting next_dagrun for example_setup_teardown to 2026-03-03T00:00:00+00:00, run_after=2026-03-04T00:00:00+00:00
[2026-03-04T19:40:46.783+0000] {processor.py:183} INFO - Processing /Users/HP/storypoints-week1/venv/lib/python3.11/site-packages/airflow/example_dags/example_setup_teardown.py took 0.089 seconds
[2026-03-04T19:43:14.359+0000] {processor.py:161} INFO - Started process (PID=80140) to work on /Users/HP/storypoints-week1/venv/lib/python3.11/site-packages/airflow/example_dags/example_setup_teardown.py
[2026-03-04T19:43:14.361+0000] {processor.py:830} INFO - Processing file /Users/HP/storypoints-week1/venv/lib/python3.11/site-packages/airflow/example_dags/example_setup_teardown.py for tasks to queue
[2026-03-04T19:43:14.363+0000] {logging_mixin.py:188} INFO - [2026-03-04T19:43:14.362+0000] {dagbag.py:538} INFO - Filling up the DagBag from /Users/HP/storypoints-week1/venv/lib/python3.11/site-packages/airflow/example_dags/example_setup_teardown.py
[2026-03-04T19:43:14.368+0000] {processor.py:840} INFO - DAG(s) 'example_setup_teardown' retrieved from /Users/HP/storypoints-week1/venv/lib/python3.11/site-packages/airflow/example_dags/example_setup_teardown.py
[2026-03-04T19:43:14.429+0000] {logging_mixin.py:188} INFO - [2026-03-04T19:43:14.429+0000] {dag.py:3033} INFO - Sync 1 DAGs
[2026-03-04T19:43:14.440+0000] {logging_mixin.py:188} INFO - [2026-03-04T19:43:14.439+0000] {dag.py:3820} INFO - Setting next_dagrun for example_setup_teardown to 2026-03-03T00:00:00+00:00, run_after=2026-03-04T00:00:00+00:00
[2026-03-04T19:43:14.450+0000] {processor.py:183} INFO - Processing /Users/HP/storypoints-week1/venv/lib/python3.11/site-packages/airflow/example_dags/example_setup_teardown.py took 0.093 seconds
[2026-03-04T19:45:41.675+0000] {processor.py:161} INFO - Started process (PID=81535) to work on /Users/HP/storypoints-week1/venv/lib/python3.11/site-packages/airflow/example_dags/example_setup_teardown.py
[2026-03-04T19:45:41.677+0000] {processor.py:830} INFO - Processing file /Users/HP/storypoints-week1/venv/lib/python3.11/site-packages/airflow/example_dags/example_setup_teardown.py for tasks to queue
[2026-03-04T19:45:41.679+0000] {logging_mixin.py:188} INFO - [2026-03-04T19:45:41.678+0000] {dagbag.py:538} INFO - Filling up the DagBag from /Users/HP/storypoints-week1/venv/lib/python3.11/site-packages/airflow/example_dags/example_setup_teardown.py
[2026-03-04T19:45:41.684+0000] {processor.py:840} INFO - DAG(s) 'example_setup_teardown' retrieved from /Users/HP/storypoints-week1/venv/lib/python3.11/site-packages/airflow/example_dags/example_setup_teardown.py
[2026-03-04T19:45:41.747+0000] {logging_mixin.py:188} INFO - [2026-03-04T19:45:41.747+0000] {dag.py:3033} INFO - Sync 1 DAGs
[2026-03-04T19:45:41.757+0000] {logging_mixin.py:188} INFO - [2026-03-04T19:45:41.757+0000] {dag.py:3820} INFO - Setting next_dagrun for example_setup_teardown to 2026-03-03T00:00:00+00:00, run_after=2026-03-04T00:00:00+00:00
[2026-03-04T19:45:41.769+0000] {processor.py:183} INFO - Processing /Users/HP/storypoints-week1/venv/lib/python3.11/site-packages/airflow/example_dags/example_setup_teardown.py took 0.095 seconds
[2026-03-04T20:00:23.568+0000] {processor.py:161} INFO - Started process (PID=82980) to work on /Users/HP/storypoints-week1/venv/lib/python3.11/site-packages/airflow/example_dags/example_setup_teardown.py
[2026-03-04T20:00:23.571+0000] {processor.py:830} INFO - Processing file /Users/HP/storypoints-week1/venv/lib/python3.11/site-packages/airflow/example_dags/example_setup_teardown.py for tasks to queue
[2026-03-04T20:00:23.572+0000] {logging_mixin.py:188} INFO - [2026-03-04T20:00:23.572+0000] {dagbag.py:538} INFO - Filling up the DagBag from /Users/HP/storypoints-week1/venv/lib/python3.11/site-packages/airflow/example_dags/example_setup_teardown.py
[2026-03-04T20:00:23.578+0000] {processor.py:840} INFO - DAG(s) 'example_setup_teardown' retrieved from /Users/HP/storypoints-week1/venv/lib/python3.11/site-packages/airflow/example_dags/example_setup_teardown.py
[2026-03-04T20:00:23.640+0000] {logging_mixin.py:188} INFO - [2026-03-04T20:00:23.640+0000] {dag.py:3033} INFO - Sync 1 DAGs
[2026-03-04T20:00:23.651+0000] {logging_mixin.py:188} INFO - [2026-03-04T20:00:23.651+0000] {dag.py:3820} INFO - Setting next_dagrun for example_setup_teardown to 2026-03-03T00:00:00+00:00, run_after=2026-03-04T00:00:00+00:00
[2026-03-04T20:00:23.662+0000] {processor.py:183} INFO - Processing /Users/HP/storypoints-week1/venv/lib/python3.11/site-packages/airflow/example_dags/example_setup_teardown.py took 0.095 seconds
[2026-03-04T20:12:55.000+0000] {processor.py:161} INFO - Started process (PID=83740) to work on /Users/HP/storypoints-week1/venv/lib/python3.11/site-packages/airflow/example_dags/example_setup_teardown.py
[2026-03-04T20:12:55.003+0000] {processor.py:830} INFO - Processing file /Users/HP/storypoints-week1/venv/lib/python3.11/site-packages/airflow/example_dags/example_setup_teardown.py for tasks to queue
[2026-03-04T20:12:55.004+0000] {logging_mixin.py:188} INFO - [2026-03-04T20:12:55.004+0000] {dagbag.py:538} INFO - Filling up the DagBag from /Users/HP/storypoints-week1/venv/lib/python3.11/site-packages/airflow/example_dags/example_setup_teardown.py
[2026-03-04T20:12:55.010+0000] {processor.py:840} INFO - DAG(s) 'example_setup_teardown' retrieved from /Users/HP/storypoints-week1/venv/lib/python3.11/site-packages/airflow/example_dags/example_setup_teardown.py
[2026-03-04T20:12:55.070+0000] {logging_mixin.py:188} INFO - [2026-03-04T20:12:55.069+0000] {dag.py:3033} INFO - Sync 1 DAGs
[2026-03-04T20:12:55.081+0000] {logging_mixin.py:188} INFO - [2026-03-04T20:12:55.081+0000] {dag.py:3820} INFO - Setting next_dagrun for example_setup_teardown to 2026-03-03T00:00:00+00:00, run_after=2026-03-04T00:00:00+00:00
[2026-03-04T20:12:55.092+0000] {processor.py:183} INFO - Processing /Users/HP/storypoints-week1/venv/lib/python3.11/site-packages/airflow/example_dags/example_setup_teardown.py took 0.093 seconds
[2026-03-04T20:14:25.585+0000] {processor.py:161} INFO - Started process (PID=84579) to work on /Users/HP/storypoints-week1/venv/lib/python3.11/site-packages/airflow/example_dags/example_setup_teardown.py
[2026-03-04T20:14:25.587+0000] {processor.py:830} INFO - Processing file /Users/HP/storypoints-week1/venv/lib/python3.11/site-packages/airflow/example_dags/example_setup_teardown.py for tasks to queue
[2026-03-04T20:14:25.589+0000] {logging_mixin.py:188} INFO - [2026-03-04T20:14:25.588+0000] {dagbag.py:538} INFO - Filling up the DagBag from /Users/HP/storypoints-week1/venv/lib/python3.11/site-packages/airflow/example_dags/example_setup_teardown.py
[2026-03-04T20:14:25.593+0000] {processor.py:840} INFO - DAG(s) 'example_setup_teardown' retrieved from /Users/HP/storypoints-week1/venv/lib/python3.11/site-packages/airflow/example_dags/example_setup_teardown.py
[2026-03-04T20:14:25.653+0000] {logging_mixin.py:188} INFO - [2026-03-04T20:14:25.653+0000] {dag.py:3033} INFO - Sync 1 DAGs
[2026-03-04T20:14:25.663+0000] {logging_mixin.py:188} INFO - [2026-03-04T20:14:25.663+0000] {dag.py:3820} INFO - Setting next_dagrun for example_setup_teardown to 2026-03-03T00:00:00+00:00, run_after=2026-03-04T00:00:00+00:00
[2026-03-04T20:14:25.675+0000] {processor.py:183} INFO - Processing /Users/HP/storypoints-week1/venv/lib/python3.11/site-packages/airflow/example_dags/example_setup_teardown.py took 0.090 seconds
[2026-03-04T20:23:51.545+0000] {processor.py:161} INFO - Started process (PID=86054) to work on /Users/HP/storypoints-week1/venv/lib/python3.11/site-packages/airflow/example_dags/example_setup_teardown.py
[2026-03-04T20:23:51.547+0000] {processor.py:830} INFO - Processing file /Users/HP/storypoints-week1/venv/lib/python3.11/site-packages/airflow/example_dags/example_setup_teardown.py for tasks to queue
[2026-03-04T20:23:51.549+0000] {logging_mixin.py:188} INFO - [2026-03-04T20:23:51.549+0000] {dagbag.py:538} INFO - Filling up the DagBag from /Users/HP/storypoints-week1/venv/lib/python3.11/site-packages/airflow/example_dags/example_setup_teardown.py
[2026-03-04T20:23:51.554+0000] {processor.py:840} INFO - DAG(s) 'example_setup_teardown' retrieved from /Users/HP/storypoints-week1/venv/lib/python3.11/site-packages/airflow/example_dags/example_setup_teardown.py
[2026-03-04T20:23:51.615+0000] {logging_mixin.py:188} INFO - [2026-03-04T20:23:51.614+0000] {dag.py:3033} INFO - Sync 1 DAGs
[2026-03-04T20:23:51.625+0000] {logging_mixin.py:188} INFO - [2026-03-04T20:23:51.625+0000] {dag.py:3820} INFO - Setting next_dagrun for example_setup_teardown to 2026-03-03T00:00:00+00:00, run_after=2026-03-04T00:00:00+00:00
[2026-03-04T20:23:51.636+0000] {processor.py:183} INFO - Processing /Users/HP/storypoints-week1/venv/lib/python3.11/site-packages/airflow/example_dags/example_setup_teardown.py took 0.092 seconds
[2026-03-04T20:25:21.654+0000] {processor.py:161} INFO - Started process (PID=86894) to work on /Users/HP/storypoints-week1/venv/lib/python3.11/site-packages/airflow/example_dags/example_setup_teardown.py
[2026-03-04T20:25:21.657+0000] {processor.py:830} INFO - Processing file /Users/HP/storypoints-week1/venv/lib/python3.11/site-packages/airflow/example_dags/example_setup_teardown.py for tasks to queue
[2026-03-04T20:25:21.658+0000] {logging_mixin.py:188} INFO - [2026-03-04T20:25:21.658+0000] {dagbag.py:538} INFO - Filling up the DagBag from /Users/HP/storypoints-week1/venv/lib/python3.11/site-packages/airflow/example_dags/example_setup_teardown.py
[2026-03-04T20:25:21.664+0000] {processor.py:840} INFO - DAG(s) 'example_setup_teardown' retrieved from /Users/HP/storypoints-week1/venv/lib/python3.11/site-packages/airflow/example_dags/example_setup_teardown.py
[2026-03-04T20:25:21.722+0000] {logging_mixin.py:188} INFO - [2026-03-04T20:25:21.722+0000] {dag.py:3033} INFO - Sync 1 DAGs
[2026-03-04T20:25:21.733+0000] {logging_mixin.py:188} INFO - [2026-03-04T20:25:21.733+0000] {dag.py:3820} INFO - Setting next_dagrun for example_setup_teardown to 2026-03-03T00:00:00+00:00, run_after=2026-03-04T00:00:00+00:00
[2026-03-04T20:25:21.744+0000] {processor.py:183} INFO - Processing /Users/HP/storypoints-week1/venv/lib/python3.11/site-packages/airflow/example_dags/example_setup_teardown.py took 0.091 seconds
[2026-03-04T20:46:00.664+0000] {processor.py:161} INFO - Started process (PID=87635) to work on /Users/HP/storypoints-week1/venv/lib/python3.11/site-packages/airflow/example_dags/example_setup_teardown.py
[2026-03-04T20:46:00.666+0000] {processor.py:830} INFO - Processing file /Users/HP/storypoints-week1/venv/lib/python3.11/site-packages/airflow/example_dags/example_setup_teardown.py for tasks to queue
[2026-03-04T20:46:00.668+0000] {logging_mixin.py:188} INFO - [2026-03-04T20:46:00.667+0000] {dagbag.py:538} INFO - Filling up the DagBag from /Users/HP/storypoints-week1/venv/lib/python3.11/site-packages/airflow/example_dags/example_setup_teardown.py
[2026-03-04T20:46:00.673+0000] {processor.py:840} INFO - DAG(s) 'example_setup_teardown' retrieved from /Users/HP/storypoints-week1/venv/lib/python3.11/site-packages/airflow/example_dags/example_setup_teardown.py
[2026-03-04T20:46:00.732+0000] {logging_mixin.py:188} INFO - [2026-03-04T20:46:00.732+0000] {dag.py:3033} INFO - Sync 1 DAGs
[2026-03-04T20:46:00.742+0000] {logging_mixin.py:188} INFO - [2026-03-04T20:46:00.742+0000] {dag.py:3820} INFO - Setting next_dagrun for example_setup_teardown to 2026-03-03T00:00:00+00:00, run_after=2026-03-04T00:00:00+00:00
[2026-03-04T20:46:00.753+0000] {processor.py:183} INFO - Processing /Users/HP/storypoints-week1/venv/lib/python3.11/site-packages/airflow/example_dags/example_setup_teardown.py took 0.090 seconds
[2026-03-04T22:05:14.770+0000] {processor.py:161} INFO - Started process (PID=88434) to work on /Users/HP/storypoints-week1/venv/lib/python3.11/site-packages/airflow/example_dags/example_setup_teardown.py
[2026-03-04T22:05:14.773+0000] {processor.py:830} INFO - Processing file /Users/HP/storypoints-week1/venv/lib/python3.11/site-packages/airflow/example_dags/example_setup_teardown.py for tasks to queue
[2026-03-04T22:05:14.774+0000] {logging_mixin.py:188} INFO - [2026-03-04T22:05:14.774+0000] {dagbag.py:538} INFO - Filling up the DagBag from /Users/HP/storypoints-week1/venv/lib/python3.11/site-packages/airflow/example_dags/example_setup_teardown.py
[2026-03-04T22:05:14.780+0000] {processor.py:840} INFO - DAG(s) 'example_setup_teardown' retrieved from /Users/HP/storypoints-week1/venv/lib/python3.11/site-packages/airflow/example_dags/example_setup_teardown.py
[2026-03-04T22:05:14.842+0000] {logging_mixin.py:188} INFO - [2026-03-04T22:05:14.842+0000] {dag.py:3033} INFO - Sync 1 DAGs
[2026-03-04T22:05:14.852+0000] {logging_mixin.py:188} INFO - [2026-03-04T22:05:14.852+0000] {dag.py:3820} INFO - Setting next_dagrun for example_setup_teardown to 2026-03-03T00:00:00+00:00, run_after=2026-03-04T00:00:00+00:00
[2026-03-04T22:05:14.863+0000] {processor.py:183} INFO - Processing /Users/HP/storypoints-week1/venv/lib/python3.11/site-packages/airflow/example_dags/example_setup_teardown.py took 0.093 seconds
[2026-03-04T22:17:54.378+0000] {processor.py:161} INFO - Started process (PID=89184) to work on /Users/HP/storypoints-week1/venv/lib/python3.11/site-packages/airflow/example_dags/example_setup_teardown.py
[2026-03-04T22:17:54.381+0000] {processor.py:830} INFO - Processing file /Users/HP/storypoints-week1/venv/lib/python3.11/site-packages/airflow/example_dags/example_setup_teardown.py for tasks to queue
[2026-03-04T22:17:54.382+0000] {logging_mixin.py:188} INFO - [2026-03-04T22:17:54.382+0000] {dagbag.py:538} INFO - Filling up the DagBag from /Users/HP/storypoints-week1/venv/lib/python3.11/site-packages/airflow/example_dags/example_setup_teardown.py
[2026-03-04T22:17:54.387+0000] {processor.py:840} INFO - DAG(s) 'example_setup_teardown' retrieved from /Users/HP/storypoints-week1/venv/lib/python3.11/site-packages/airflow/example_dags/example_setup_teardown.py
[2026-03-04T22:17:54.450+0000] {logging_mixin.py:188} INFO - [2026-03-04T22:17:54.450+0000] {dag.py:3033} INFO - Sync 1 DAGs
[2026-03-04T22:17:54.461+0000] {logging_mixin.py:188} INFO - [2026-03-04T22:17:54.460+0000] {dag.py:3820} INFO - Setting next_dagrun for example_setup_teardown to 2026-03-03T00:00:00+00:00, run_after=2026-03-04T00:00:00+00:00
[2026-03-04T22:17:54.472+0000] {processor.py:183} INFO - Processing /Users/HP/storypoints-week1/venv/lib/python3.11/site-packages/airflow/example_dags/example_setup_teardown.py took 0.094 seconds
[2026-03-04T22:32:07.311+0000] {processor.py:161} INFO - Started process (PID=90151) to work on /Users/HP/storypoints-week1/venv/lib/python3.11/site-packages/airflow/example_dags/example_setup_teardown.py
[2026-03-04T22:32:07.314+0000] {processor.py:830} INFO - Processing file /Users/HP/storypoints-week1/venv/lib/python3.11/site-packages/airflow/example_dags/example_setup_teardown.py for tasks to queue
[2026-03-04T22:32:07.315+0000] {logging_mixin.py:188} INFO - [2026-03-04T22:32:07.315+0000] {dagbag.py:538} INFO - Filling up the DagBag from /Users/HP/storypoints-week1/venv/lib/python3.11/site-packages/airflow/example_dags/example_setup_teardown.py
[2026-03-04T22:32:07.320+0000] {processor.py:840} INFO - DAG(s) 'example_setup_teardown' retrieved from /Users/HP/storypoints-week1/venv/lib/python3.11/site-packages/airflow/example_dags/example_setup_teardown.py
[2026-03-04T22:32:07.379+0000] {logging_mixin.py:188} INFO - [2026-03-04T22:32:07.379+0000] {dag.py:3033} INFO - Sync 1 DAGs
[2026-03-04T22:32:07.388+0000] {logging_mixin.py:188} INFO - [2026-03-04T22:32:07.388+0000] {dag.py:3820} INFO - Setting next_dagrun for example_setup_teardown to 2026-03-03T00:00:00+00:00, run_after=2026-03-04T00:00:00+00:00
[2026-03-04T22:32:07.398+0000] {processor.py:183} INFO - Processing /Users/HP/storypoints-week1/venv/lib/python3.11/site-packages/airflow/example_dags/example_setup_teardown.py took 0.088 seconds
[2026-03-04T23:07:35.050+0000] {processor.py:161} INFO - Started process (PID=91604) to work on /Users/HP/storypoints-week1/venv/lib/python3.11/site-packages/airflow/example_dags/example_setup_teardown.py
[2026-03-04T23:07:35.053+0000] {processor.py:830} INFO - Processing file /Users/HP/storypoints-week1/venv/lib/python3.11/site-packages/airflow/example_dags/example_setup_teardown.py for tasks to queue
[2026-03-04T23:07:35.054+0000] {logging_mixin.py:188} INFO - [2026-03-04T23:07:35.054+0000] {dagbag.py:538} INFO - Filling up the DagBag from /Users/HP/storypoints-week1/venv/lib/python3.11/site-packages/airflow/example_dags/example_setup_teardown.py
[2026-03-04T23:07:35.060+0000] {processor.py:840} INFO - DAG(s) 'example_setup_teardown' retrieved from /Users/HP/storypoints-week1/venv/lib/python3.11/site-packages/airflow/example_dags/example_setup_teardown.py
[2026-03-04T23:07:35.120+0000] {logging_mixin.py:188} INFO - [2026-03-04T23:07:35.120+0000] {dag.py:3033} INFO - Sync 1 DAGs
[2026-03-04T23:07:35.130+0000] {logging_mixin.py:188} INFO - [2026-03-04T23:07:35.130+0000] {dag.py:3820} INFO - Setting next_dagrun for example_setup_teardown to 2026-03-03T00:00:00+00:00, run_after=2026-03-04T00:00:00+00:00
[2026-03-04T23:07:35.141+0000] {processor.py:183} INFO - Processing /Users/HP/storypoints-week1/venv/lib/python3.11/site-packages/airflow/example_dags/example_setup_teardown.py took 0.093 seconds
