[2026-03-04T19:03:00.583+0000] {processor.py:161} INFO - Started process (PID=55235) to work on /Users/HP/storypoints-week1/venv/lib/python3.11/site-packages/airflow/example_dags/example_branch_day_of_week_operator.py
[2026-03-04T19:03:00.586+0000] {processor.py:830} INFO - Processing file /Users/HP/storypoints-week1/venv/lib/python3.11/site-packages/airflow/example_dags/example_branch_day_of_week_operator.py for tasks to queue
[2026-03-04T19:03:00.588+0000] {logging_mixin.py:188} INFO - [2026-03-04T19:03:00.587+0000] {dagbag.py:538} INFO - Filling up the DagBag from /Users/HP/storypoints-week1/venv/lib/python3.11/site-packages/airflow/example_dags/example_branch_day_of_week_operator.py
[2026-03-04T19:03:00.600+0000] {processor.py:840} INFO - DAG(s) 'example_weekday_branch_operator' retrieved from /Users/HP/storypoints-week1/venv/lib/python3.11/site-packages/airflow/example_dags/example_branch_day_of_week_operator.py
[2026-03-04T19:03:00.756+0000] {logging_mixin.py:188} INFO - [2026-03-04T19:03:00.755+0000] {override.py:1769} INFO - Created Permission View: can read on DAG:example_weekday_branch_operator
[2026-03-04T19:03:00.763+0000] {logging_mixin.py:188} INFO - [2026-03-04T19:03:00.763+0000] {override.py:1769} INFO - Created Permission View: can delete on DAG:example_weekday_branch_operator
[2026-03-04T19:03:00.767+0000] {logging_mixin.py:188} INFO - [2026-03-04T19:03:00.766+0000] {override.py:1769} INFO - Created Permission View: can edit on DAG:example_weekday_branch_operator
[2026-03-04T19:03:00.767+0000] {logging_mixin.py:188} INFO - [2026-03-04T19:03:00.767+0000] {dag.py:3033} INFO - Sync 1 DAGs
[2026-03-04T19:03:00.775+0000] {logging_mixin.py:188} INFO - [2026-03-04T19:03:00.774+0000] {dag.py:3055} INFO - Creating ORM DAG for example_weekday_branch_operator
[2026-03-04T19:03:00.784+0000] {logging_mixin.py:188} INFO - [2026-03-04T19:03:00.784+0000] {dag.py:3820} INFO - Setting next_dagrun for example_weekday_branch_operator to 2026-03-03T00:00:00+00:00, run_after=2026-03-04T00:00:00+00:00
[2026-03-04T19:03:00.797+0000] {processor.py:183} INFO - Processing /Users/HP/storypoints-week1/venv/lib/python3.11/site-packages/airflow/example_dags/example_branch_day_of_week_operator.py took 0.215 seconds
[2026-03-04T19:06:07.920+0000] {processor.py:161} INFO - Started process (PID=57401) to work on /Users/HP/storypoints-week1/venv/lib/python3.11/site-packages/airflow/example_dags/example_branch_day_of_week_operator.py
[2026-03-04T19:06:07.922+0000] {processor.py:830} INFO - Processing file /Users/HP/storypoints-week1/venv/lib/python3.11/site-packages/airflow/example_dags/example_branch_day_of_week_operator.py for tasks to queue
[2026-03-04T19:06:07.924+0000] {logging_mixin.py:188} INFO - [2026-03-04T19:06:07.924+0000] {dagbag.py:538} INFO - Filling up the DagBag from /Users/HP/storypoints-week1/venv/lib/python3.11/site-packages/airflow/example_dags/example_branch_day_of_week_operator.py
[2026-03-04T19:06:07.931+0000] {processor.py:840} INFO - DAG(s) 'example_weekday_branch_operator' retrieved from /Users/HP/storypoints-week1/venv/lib/python3.11/site-packages/airflow/example_dags/example_branch_day_of_week_operator.py
[2026-03-04T19:06:07.993+0000] {logging_mixin.py:188} INFO - [2026-03-04T19:06:07.993+0000] {dag.py:3033} INFO - Sync 1 DAGs
[2026-03-04T19:06:08.005+0000] {logging_mixin.py:188} INFO - [2026-03-04T19:06:08.004+0000] {dag.py:3820} INFO - Setting next_dagrun for example_weekday_branch_operator to 2026-03-03T00:00:00+00:00, run_after=2026-03-04T00:00:00+00:00
[2026-03-04T19:06:08.016+0000] {processor.py:183} INFO - Processing /Users/HP/storypoints-week1/venv/lib/python3.11/site-packages/airflow/example_dags/example_branch_day_of_week_operator.py took 0.097 seconds
[2026-03-04T19:08:40.871+0000] {processor.py:161} INFO - Started process (PID=58871) to work on /Users/HP/storypoints-week1/venv/lib/python3.11/site-packages/airflow/example_dags/example_branch_day_of_week_operator.py
[2026-03-04T19:08:40.874+0000] {processor.py:830} INFO - Processing file /Users/HP/storypoints-week1/venv/lib/python3.11/site-packages/airflow/example_dags/example_branch_day_of_week_operator.py for tasks to queue
[2026-03-04T19:08:40.875+0000] {logging_mixin.py:188} INFO - [2026-03-04T19:08:40.875+0000] {dagbag.py:538} INFO - Filling up the DagBag from /Users/HP/storypoints-week1/venv/lib/python3.11/site-packages/airflow/example_dags/example_branch_day_of_week_operator.py
[2026-03-04T19:08:40.883+0000] {processor.py:840} INFO - DAG(s) 'example_weekday_branch_operator' retrieved from /Users/HP/storypoints-week1/venv/lib/python3.11/site-packages/airflow/example_dags/example_branch_day_of_week_operator.py
[2026-03-04T19:08:40.945+0000] {logging_mixin.py:188} INFO - [2026-03-04T19:08:40.944+0000] {dag.py:3033} INFO - Sync 1 DAGs
[2026-03-04T19:08:40.958+0000] {logging_mixin.py:188} INFO - [2026-03-04T19:08:40.958+0000] {dag.py:3820} INFO - Setting next_dagrun for example_weekday_branch_operator to 2026-03-03T00:00:00+00:00, run_after=2026-03-04T00:00:00+00:00
[2026-03-04T19:08:40.970+0000] {processor.py:183} INFO - Processing /Users/HP/storypoints-week1/venv/lib/python3.11/site-packages/airflow/example_dags/example_branch_day_of_week_operator.py took 0.099 seconds
[2026-03-04T19:11:27.183+0000] {processor.py:161} INFO - Started process (PID=60465) to work on /Users/HP/storypoints-week1/venv/lib/python3.11/site-packages/airflow/example_dags/example_branch_day_of_week_operator.py
[2026-03-04T19:11:27.185+0000] {processor.py:830} INFO - Processing file /Users/HP/storypoints-week1/venv/lib/python3.11/site-packages/airflow/example_dags/example_branch_day_of_week_operator.py for tasks to queue
[2026-03-04T19:11:27.187+0000] {logging_mixin.py:188} INFO - [2026-03-04T19:11:27.186+0000] {dagbag.py:538} INFO - Filling up the DagBag from /Users/HP/storypoints-week1/venv/lib/python3.11/site-packages/airflow/example_dags/example_branch_day_of_week_operator.py
[2026-03-04T19:11:27.194+0000] {processor.py:840} INFO - DAG(s) 'example_weekday_branch_operator' retrieved from /Users/HP/storypoints-week1/venv/lib/python3.11/site-packages/airflow/example_dags/example_branch_day_of_week_operator.py
[2026-03-04T19:11:27.255+0000] {logging_mixin.py:188} INFO - [2026-03-04T19:11:27.254+0000] {dag.py:3033} INFO - Sync 1 DAGs
[2026-03-04T19:11:27.266+0000] {logging_mixin.py:188} INFO - [2026-03-04T19:11:27.266+0000] {dag.py:3820} INFO - Setting next_dagrun for example_weekday_branch_operator to 2026-03-03T00:00:00+00:00, run_after=2026-03-04T00:00:00+00:00
[2026-03-04T19:11:27.277+0000] {processor.py:183} INFO - Processing /Users/HP/storypoints-week1/venv/lib/python3.11/site-packages/airflow/example_dags/example_branch_day_of_week_operator.py took 0.095 seconds
[2026-03-04T19:34:56.874+0000] {processor.py:161} INFO - Started process (PID=75373) to work on /Users/HP/storypoints-week1/venv/lib/python3.11/site-packages/airflow/example_dags/example_branch_day_of_week_operator.py
[2026-03-04T19:34:56.878+0000] {processor.py:830} INFO - Processing file /Users/HP/storypoints-week1/venv/lib/python3.11/site-packages/airflow/example_dags/example_branch_day_of_week_operator.py for tasks to queue
[2026-03-04T19:34:56.880+0000] {logging_mixin.py:188} INFO - [2026-03-04T19:34:56.879+0000] {dagbag.py:538} INFO - Filling up the DagBag from /Users/HP/storypoints-week1/venv/lib/python3.11/site-packages/airflow/example_dags/example_branch_day_of_week_operator.py
[2026-03-04T19:34:56.889+0000] {processor.py:840} INFO - DAG(s) 'example_weekday_branch_operator' retrieved from /Users/HP/storypoints-week1/venv/lib/python3.11/site-packages/airflow/example_dags/example_branch_day_of_week_operator.py
[2026-03-04T19:34:56.973+0000] {logging_mixin.py:188} INFO - [2026-03-04T19:34:56.972+0000] {dag.py:3033} INFO - Sync 1 DAGs
[2026-03-04T19:34:56.987+0000] {logging_mixin.py:188} INFO - [2026-03-04T19:34:56.987+0000] {dag.py:3820} INFO - Setting next_dagrun for example_weekday_branch_operator to 2026-03-03T00:00:00+00:00, run_after=2026-03-04T00:00:00+00:00
[2026-03-04T19:34:57.001+0000] {processor.py:183} INFO - Processing /Users/HP/storypoints-week1/venv/lib/python3.11/site-packages/airflow/example_dags/example_branch_day_of_week_operator.py took 0.128 seconds
[2026-03-04T19:37:21.643+0000] {processor.py:161} INFO - Started process (PID=76804) to work on /Users/HP/storypoints-week1/venv/lib/python3.11/site-packages/airflow/example_dags/example_branch_day_of_week_operator.py
[2026-03-04T19:37:21.645+0000] {processor.py:830} INFO - Processing file /Users/HP/storypoints-week1/venv/lib/python3.11/site-packages/airflow/example_dags/example_branch_day_of_week_operator.py for tasks to queue
[2026-03-04T19:37:21.647+0000] {logging_mixin.py:188} INFO - [2026-03-04T19:37:21.647+0000] {dagbag.py:538} INFO - Filling up the DagBag from /Users/HP/storypoints-week1/venv/lib/python3.11/site-packages/airflow/example_dags/example_branch_day_of_week_operator.py
[2026-03-04T19:37:21.655+0000] {processor.py:840} INFO - DAG(s) 'example_weekday_branch_operator' retrieved from /Users/HP/storypoints-week1/venv/lib/python3.11/site-packages/airflow/example_dags/example_branch_day_of_week_operator.py
[2026-03-04T19:37:21.716+0000] {logging_mixin.py:188} INFO - [2026-03-04T19:37:21.716+0000] {dag.py:3033} INFO - Sync 1 DAGs
[2026-03-04T19:37:21.727+0000] {logging_mixin.py:188} INFO - [2026-03-04T19:37:21.727+0000] {dag.py:3820} INFO - Setting next_dagrun for example_weekday_branch_operator to 2026-03-03T00:00:00+00:00, run_after=2026-03-04T00:00:00+00:00
[2026-03-04T19:37:21.738+0000] {processor.py:183} INFO - Processing /Users/HP/storypoints-week1/venv/lib/python3.11/site-packages/airflow/example_dags/example_branch_day_of_week_operator.py took 0.095 seconds
[2026-03-04T19:39:54.920+0000] {processor.py:161} INFO - Started process (PID=78268) to work on /Users/HP/storypoints-week1/venv/lib/python3.11/site-packages/airflow/example_dags/example_branch_day_of_week_operator.py
[2026-03-04T19:39:54.924+0000] {processor.py:830} INFO - Processing file /Users/HP/storypoints-week1/venv/lib/python3.11/site-packages/airflow/example_dags/example_branch_day_of_week_operator.py for tasks to queue
[2026-03-04T19:39:54.925+0000] {logging_mixin.py:188} INFO - [2026-03-04T19:39:54.925+0000] {dagbag.py:538} INFO - Filling up the DagBag from /Users/HP/storypoints-week1/venv/lib/python3.11/site-packages/airflow/example_dags/example_branch_day_of_week_operator.py
[2026-03-04T19:39:54.932+0000] {processor.py:840} INFO - DAG(s) 'example_weekday_branch_operator' retrieved from /Users/HP/storypoints-week1/venv/lib/python3.11/site-packages/airflow/example_dags/example_branch_day_of_week_operator.py
[2026-03-04T19:39:54.995+0000] {logging_mixin.py:188} INFO - [2026-03-04T19:39:54.994+0000] {dag.py:3033} INFO - Sync 1 DAGs
[2026-03-04T19:39:55.006+0000] {logging_mixin.py:188} INFO - [2026-03-04T19:39:55.006+0000] {dag.py:3820} INFO - Setting next_dagrun for example_weekday_branch_operator to 2026-03-03T00:00:00+00:00, run_after=2026-03-04T00:00:00+00:00
[2026-03-04T19:39:55.018+0000] {processor.py:183} INFO - Processing /Users/HP/storypoints-week1/venv/lib/python3.11/site-packages/airflow/example_dags/example_branch_day_of_week_operator.py took 0.098 seconds
[2026-03-04T19:42:22.553+0000] {processor.py:161} INFO - Started process (PID=79655) to work on /Users/HP/storypoints-week1/venv/lib/python3.11/site-packages/airflow/example_dags/example_branch_day_of_week_operator.py
[2026-03-04T19:42:22.556+0000] {processor.py:830} INFO - Processing file /Users/HP/storypoints-week1/venv/lib/python3.11/site-packages/airflow/example_dags/example_branch_day_of_week_operator.py for tasks to queue
[2026-03-04T19:42:22.557+0000] {logging_mixin.py:188} INFO - [2026-03-04T19:42:22.557+0000] {dagbag.py:538} INFO - Filling up the DagBag from /Users/HP/storypoints-week1/venv/lib/python3.11/site-packages/airflow/example_dags/example_branch_day_of_week_operator.py
[2026-03-04T19:42:22.564+0000] {processor.py:840} INFO - DAG(s) 'example_weekday_branch_operator' retrieved from /Users/HP/storypoints-week1/venv/lib/python3.11/site-packages/airflow/example_dags/example_branch_day_of_week_operator.py
[2026-03-04T19:42:22.623+0000] {logging_mixin.py:188} INFO - [2026-03-04T19:42:22.623+0000] {dag.py:3033} INFO - Sync 1 DAGs
[2026-03-04T19:42:22.636+0000] {logging_mixin.py:188} INFO - [2026-03-04T19:42:22.636+0000] {dag.py:3820} INFO - Setting next_dagrun for example_weekday_branch_operator to 2026-03-03T00:00:00+00:00, run_after=2026-03-04T00:00:00+00:00
[2026-03-04T19:42:22.648+0000] {processor.py:183} INFO - Processing /Users/HP/storypoints-week1/venv/lib/python3.11/site-packages/airflow/example_dags/example_branch_day_of_week_operator.py took 0.095 seconds
[2026-03-04T19:44:50.042+0000] {processor.py:161} INFO - Started process (PID=81043) to work on /Users/HP/storypoints-week1/venv/lib/python3.11/site-packages/airflow/example_dags/example_branch_day_of_week_operator.py
[2026-03-04T19:44:50.045+0000] {processor.py:830} INFO - Processing file /Users/HP/storypoints-week1/venv/lib/python3.11/site-packages/airflow/example_dags/example_branch_day_of_week_operator.py for tasks to queue
[2026-03-04T19:44:50.046+0000] {logging_mixin.py:188} INFO - [2026-03-04T19:44:50.046+0000] {dagbag.py:538} INFO - Filling up the DagBag from /Users/HP/storypoints-week1/venv/lib/python3.11/site-packages/airflow/example_dags/example_branch_day_of_week_operator.py
[2026-03-04T19:44:50.056+0000] {processor.py:840} INFO - DAG(s) 'example_weekday_branch_operator' retrieved from /Users/HP/storypoints-week1/venv/lib/python3.11/site-packages/airflow/example_dags/example_branch_day_of_week_operator.py
[2026-03-04T19:44:50.126+0000] {logging_mixin.py:188} INFO - [2026-03-04T19:44:50.126+0000] {dag.py:3033} INFO - Sync 1 DAGs
[2026-03-04T19:44:50.139+0000] {logging_mixin.py:188} INFO - [2026-03-04T19:44:50.139+0000] {dag.py:3820} INFO - Setting next_dagrun for example_weekday_branch_operator to 2026-03-03T00:00:00+00:00, run_after=2026-03-04T00:00:00+00:00
[2026-03-04T19:44:50.152+0000] {processor.py:183} INFO - Processing /Users/HP/storypoints-week1/venv/lib/python3.11/site-packages/airflow/example_dags/example_branch_day_of_week_operator.py took 0.110 seconds
[2026-03-04T19:47:18.864+0000] {processor.py:161} INFO - Started process (PID=82454) to work on /Users/HP/storypoints-week1/venv/lib/python3.11/site-packages/airflow/example_dags/example_branch_day_of_week_operator.py
[2026-03-04T19:47:18.867+0000] {processor.py:830} INFO - Processing file /Users/HP/storypoints-week1/venv/lib/python3.11/site-packages/airflow/example_dags/example_branch_day_of_week_operator.py for tasks to queue
[2026-03-04T19:47:18.868+0000] {logging_mixin.py:188} INFO - [2026-03-04T19:47:18.868+0000] {dagbag.py:538} INFO - Filling up the DagBag from /Users/HP/storypoints-week1/venv/lib/python3.11/site-packages/airflow/example_dags/example_branch_day_of_week_operator.py
[2026-03-04T19:47:18.876+0000] {processor.py:840} INFO - DAG(s) 'example_weekday_branch_operator' retrieved from /Users/HP/storypoints-week1/venv/lib/python3.11/site-packages/airflow/example_dags/example_branch_day_of_week_operator.py
[2026-03-04T19:47:18.936+0000] {logging_mixin.py:188} INFO - [2026-03-04T19:47:18.936+0000] {dag.py:3033} INFO - Sync 1 DAGs
[2026-03-04T19:47:18.947+0000] {logging_mixin.py:188} INFO - [2026-03-04T19:47:18.947+0000] {dag.py:3820} INFO - Setting next_dagrun for example_weekday_branch_operator to 2026-03-03T00:00:00+00:00, run_after=2026-03-04T00:00:00+00:00
[2026-03-04T19:47:18.958+0000] {processor.py:183} INFO - Processing /Users/HP/storypoints-week1/venv/lib/python3.11/site-packages/airflow/example_dags/example_branch_day_of_week_operator.py took 0.095 seconds
[2026-03-04T20:13:27.833+0000] {processor.py:161} INFO - Started process (PID=84050) to work on /Users/HP/storypoints-week1/venv/lib/python3.11/site-packages/airflow/example_dags/example_branch_day_of_week_operator.py
[2026-03-04T20:13:27.836+0000] {processor.py:830} INFO - Processing file /Users/HP/storypoints-week1/venv/lib/python3.11/site-packages/airflow/example_dags/example_branch_day_of_week_operator.py for tasks to queue
[2026-03-04T20:13:27.837+0000] {logging_mixin.py:188} INFO - [2026-03-04T20:13:27.837+0000] {dagbag.py:538} INFO - Filling up the DagBag from /Users/HP/storypoints-week1/venv/lib/python3.11/site-packages/airflow/example_dags/example_branch_day_of_week_operator.py
[2026-03-04T20:13:27.845+0000] {processor.py:840} INFO - DAG(s) 'example_weekday_branch_operator' retrieved from /Users/HP/storypoints-week1/venv/lib/python3.11/site-packages/airflow/example_dags/example_branch_day_of_week_operator.py
[2026-03-04T20:13:27.910+0000] {logging_mixin.py:188} INFO - [2026-03-04T20:13:27.909+0000] {dag.py:3033} INFO - Sync 1 DAGs
[2026-03-04T20:13:27.921+0000] {logging_mixin.py:188} INFO - [2026-03-04T20:13:27.921+0000] {dag.py:3820} INFO - Setting next_dagrun for example_weekday_branch_operator to 2026-03-03T00:00:00+00:00, run_after=2026-03-04T00:00:00+00:00
[2026-03-04T20:13:27.933+0000] {processor.py:183} INFO - Processing /Users/HP/storypoints-week1/venv/lib/python3.11/site-packages/airflow/example_dags/example_branch_day_of_week_operator.py took 0.101 seconds
[2026-03-04T20:22:55.931+0000] {processor.py:161} INFO - Started process (PID=85532) to work on /Users/HP/storypoints-week1/venv/lib/python3.11/site-packages/airflow/example_dags/example_branch_day_of_week_operator.py
[2026-03-04T20:22:55.934+0000] {processor.py:830} INFO - Processing file /Users/HP/storypoints-week1/venv/lib/python3.11/site-packages/airflow/example_dags/example_branch_day_of_week_operator.py for tasks to queue
[2026-03-04T20:22:55.936+0000] {logging_mixin.py:188} INFO - [2026-03-04T20:22:55.936+0000] {dagbag.py:538} INFO - Filling up the DagBag from /Users/HP/storypoints-week1/venv/lib/python3.11/site-packages/airflow/example_dags/example_branch_day_of_week_operator.py
[2026-03-04T20:22:55.944+0000] {processor.py:840} INFO - DAG(s) 'example_weekday_branch_operator' retrieved from /Users/HP/storypoints-week1/venv/lib/python3.11/site-packages/airflow/example_dags/example_branch_day_of_week_operator.py
[2026-03-04T20:22:56.005+0000] {logging_mixin.py:188} INFO - [2026-03-04T20:22:56.004+0000] {dag.py:3033} INFO - Sync 1 DAGs
[2026-03-04T20:22:56.016+0000] {logging_mixin.py:188} INFO - [2026-03-04T20:22:56.015+0000] {dag.py:3820} INFO - Setting next_dagrun for example_weekday_branch_operator to 2026-03-03T00:00:00+00:00, run_after=2026-03-04T00:00:00+00:00
[2026-03-04T20:22:56.028+0000] {processor.py:183} INFO - Processing /Users/HP/storypoints-week1/venv/lib/python3.11/site-packages/airflow/example_dags/example_branch_day_of_week_operator.py took 0.097 seconds
[2026-03-04T20:29:06.437+0000] {processor.py:161} INFO - Started process (PID=87111) to work on /Users/HP/storypoints-week1/venv/lib/python3.11/site-packages/airflow/example_dags/example_branch_day_of_week_operator.py
[2026-03-04T20:29:06.440+0000] {processor.py:830} INFO - Processing file /Users/HP/storypoints-week1/venv/lib/python3.11/site-packages/airflow/example_dags/example_branch_day_of_week_operator.py for tasks to queue
[2026-03-04T20:29:06.441+0000] {logging_mixin.py:188} INFO - [2026-03-04T20:29:06.441+0000] {dagbag.py:538} INFO - Filling up the DagBag from /Users/HP/storypoints-week1/venv/lib/python3.11/site-packages/airflow/example_dags/example_branch_day_of_week_operator.py
[2026-03-04T20:29:06.448+0000] {processor.py:840} INFO - DAG(s) 'example_weekday_branch_operator' retrieved from /Users/HP/storypoints-week1/venv/lib/python3.11/site-packages/airflow/example_dags/example_branch_day_of_week_operator.py
[2026-03-04T20:29:06.509+0000] {logging_mixin.py:188} INFO - [2026-03-04T20:29:06.508+0000] {dag.py:3033} INFO - Sync 1 DAGs
[2026-03-04T20:29:06.519+0000] {logging_mixin.py:188} INFO - [2026-03-04T20:29:06.519+0000] {dag.py:3820} INFO - Setting next_dagrun for example_weekday_branch_operator to 2026-03-03T00:00:00+00:00, run_after=2026-03-04T00:00:00+00:00
[2026-03-04T20:29:06.531+0000] {processor.py:183} INFO - Processing /Users/HP/storypoints-week1/venv/lib/python3.11/site-packages/airflow/example_dags/example_branch_day_of_week_operator.py took 0.094 seconds
[2026-03-04T22:05:38.639+0000] {processor.py:161} INFO - Started process (PID=88666) to work on /Users/HP/storypoints-week1/venv/lib/python3.11/site-packages/airflow/example_dags/example_branch_day_of_week_operator.py
[2026-03-04T22:05:38.641+0000] {processor.py:830} INFO - Processing file /Users/HP/storypoints-week1/venv/lib/python3.11/site-packages/airflow/example_dags/example_branch_day_of_week_operator.py for tasks to queue
[2026-03-04T22:05:38.642+0000] {logging_mixin.py:188} INFO - [2026-03-04T22:05:38.642+0000] {dagbag.py:538} INFO - Filling up the DagBag from /Users/HP/storypoints-week1/venv/lib/python3.11/site-packages/airflow/example_dags/example_branch_day_of_week_operator.py
[2026-03-04T22:05:38.648+0000] {processor.py:840} INFO - DAG(s) 'example_weekday_branch_operator' retrieved from /Users/HP/storypoints-week1/venv/lib/python3.11/site-packages/airflow/example_dags/example_branch_day_of_week_operator.py
[2026-03-04T22:05:38.703+0000] {logging_mixin.py:188} INFO - [2026-03-04T22:05:38.703+0000] {dag.py:3033} INFO - Sync 1 DAGs
[2026-03-04T22:05:38.713+0000] {logging_mixin.py:188} INFO - [2026-03-04T22:05:38.713+0000] {dag.py:3820} INFO - Setting next_dagrun for example_weekday_branch_operator to 2026-03-03T00:00:00+00:00, run_after=2026-03-04T00:00:00+00:00
[2026-03-04T22:05:38.724+0000] {processor.py:183} INFO - Processing /Users/HP/storypoints-week1/venv/lib/python3.11/site-packages/airflow/example_dags/example_branch_day_of_week_operator.py took 0.086 seconds
[2026-03-04T22:18:44.551+0000] {processor.py:161} INFO - Started process (PID=89659) to work on /Users/HP/storypoints-week1/venv/lib/python3.11/site-packages/airflow/example_dags/example_branch_day_of_week_operator.py
[2026-03-04T22:18:44.553+0000] {processor.py:830} INFO - Processing file /Users/HP/storypoints-week1/venv/lib/python3.11/site-packages/airflow/example_dags/example_branch_day_of_week_operator.py for tasks to queue
[2026-03-04T22:18:44.554+0000] {logging_mixin.py:188} INFO - [2026-03-04T22:18:44.554+0000] {dagbag.py:538} INFO - Filling up the DagBag from /Users/HP/storypoints-week1/venv/lib/python3.11/site-packages/airflow/example_dags/example_branch_day_of_week_operator.py
[2026-03-04T22:18:44.561+0000] {processor.py:840} INFO - DAG(s) 'example_weekday_branch_operator' retrieved from /Users/HP/storypoints-week1/venv/lib/python3.11/site-packages/airflow/example_dags/example_branch_day_of_week_operator.py
[2026-03-04T22:18:44.622+0000] {logging_mixin.py:188} INFO - [2026-03-04T22:18:44.622+0000] {dag.py:3033} INFO - Sync 1 DAGs
[2026-03-04T22:18:44.634+0000] {logging_mixin.py:188} INFO - [2026-03-04T22:18:44.634+0000] {dag.py:3820} INFO - Setting next_dagrun for example_weekday_branch_operator to 2026-03-03T00:00:00+00:00, run_after=2026-03-04T00:00:00+00:00
[2026-03-04T22:18:44.645+0000] {processor.py:183} INFO - Processing /Users/HP/storypoints-week1/venv/lib/python3.11/site-packages/airflow/example_dags/example_branch_day_of_week_operator.py took 0.095 seconds
[2026-03-04T23:06:45.038+0000] {processor.py:161} INFO - Started process (PID=91127) to work on /Users/HP/storypoints-week1/venv/lib/python3.11/site-packages/airflow/example_dags/example_branch_day_of_week_operator.py
[2026-03-04T23:06:45.041+0000] {processor.py:830} INFO - Processing file /Users/HP/storypoints-week1/venv/lib/python3.11/site-packages/airflow/example_dags/example_branch_day_of_week_operator.py for tasks to queue
[2026-03-04T23:06:45.042+0000] {logging_mixin.py:188} INFO - [2026-03-04T23:06:45.042+0000] {dagbag.py:538} INFO - Filling up the DagBag from /Users/HP/storypoints-week1/venv/lib/python3.11/site-packages/airflow/example_dags/example_branch_day_of_week_operator.py
[2026-03-04T23:06:45.050+0000] {processor.py:840} INFO - DAG(s) 'example_weekday_branch_operator' retrieved from /Users/HP/storypoints-week1/venv/lib/python3.11/site-packages/airflow/example_dags/example_branch_day_of_week_operator.py
[2026-03-04T23:06:45.109+0000] {logging_mixin.py:188} INFO - [2026-03-04T23:06:45.108+0000] {dag.py:3033} INFO - Sync 1 DAGs
[2026-03-04T23:06:45.120+0000] {logging_mixin.py:188} INFO - [2026-03-04T23:06:45.120+0000] {dag.py:3820} INFO - Setting next_dagrun for example_weekday_branch_operator to 2026-03-03T00:00:00+00:00, run_after=2026-03-04T00:00:00+00:00
[2026-03-04T23:06:45.131+0000] {processor.py:183} INFO - Processing /Users/HP/storypoints-week1/venv/lib/python3.11/site-packages/airflow/example_dags/example_branch_day_of_week_operator.py took 0.094 seconds
[2026-03-04T23:20:28.743+0000] {processor.py:161} INFO - Started process (PID=92538) to work on /Users/HP/storypoints-week1/venv/lib/python3.11/site-packages/airflow/example_dags/example_branch_day_of_week_operator.py
[2026-03-04T23:20:28.746+0000] {processor.py:830} INFO - Processing file /Users/HP/storypoints-week1/venv/lib/python3.11/site-packages/airflow/example_dags/example_branch_day_of_week_operator.py for tasks to queue
[2026-03-04T23:20:28.747+0000] {logging_mixin.py:188} INFO - [2026-03-04T23:20:28.747+0000] {dagbag.py:538} INFO - Filling up the DagBag from /Users/HP/storypoints-week1/venv/lib/python3.11/site-packages/airflow/example_dags/example_branch_day_of_week_operator.py
[2026-03-04T23:20:28.754+0000] {processor.py:840} INFO - DAG(s) 'example_weekday_branch_operator' retrieved from /Users/HP/storypoints-week1/venv/lib/python3.11/site-packages/airflow/example_dags/example_branch_day_of_week_operator.py
[2026-03-04T23:20:28.812+0000] {logging_mixin.py:188} INFO - [2026-03-04T23:20:28.812+0000] {dag.py:3033} INFO - Sync 1 DAGs
[2026-03-04T23:20:28.823+0000] {logging_mixin.py:188} INFO - [2026-03-04T23:20:28.823+0000] {dag.py:3820} INFO - Setting next_dagrun for example_weekday_branch_operator to 2026-03-03T00:00:00+00:00, run_after=2026-03-04T00:00:00+00:00
[2026-03-04T23:20:28.834+0000] {processor.py:183} INFO - Processing /Users/HP/storypoints-week1/venv/lib/python3.11/site-packages/airflow/example_dags/example_branch_day_of_week_operator.py took 0.092 seconds
