[2026-03-04T19:01:46.054+0000] {processor.py:161} INFO - Started process (PID=54521) to work on /Users/HP/storypoints-week1/venv/lib/python3.11/site-packages/airflow/example_dags/example_task_group.py
[2026-03-04T19:01:46.056+0000] {processor.py:830} INFO - Processing file /Users/HP/storypoints-week1/venv/lib/python3.11/site-packages/airflow/example_dags/example_task_group.py for tasks to queue
[2026-03-04T19:01:46.058+0000] {logging_mixin.py:188} INFO - [2026-03-04T19:01:46.058+0000] {dagbag.py:538} INFO - Filling up the DagBag from /Users/HP/storypoints-week1/venv/lib/python3.11/site-packages/airflow/example_dags/example_task_group.py
[2026-03-04T19:01:46.065+0000] {processor.py:840} INFO - DAG(s) 'example_task_group' retrieved from /Users/HP/storypoints-week1/venv/lib/python3.11/site-packages/airflow/example_dags/example_task_group.py
[2026-03-04T19:01:46.188+0000] {logging_mixin.py:188} INFO - [2026-03-04T19:01:46.188+0000] {override.py:1769} INFO - Created Permission View: can delete on DAG:example_task_group
[2026-03-04T19:01:46.194+0000] {logging_mixin.py:188} INFO - [2026-03-04T19:01:46.194+0000] {override.py:1769} INFO - Created Permission View: can read on DAG:example_task_group
[2026-03-04T19:01:46.197+0000] {logging_mixin.py:188} INFO - [2026-03-04T19:01:46.197+0000] {override.py:1769} INFO - Created Permission View: can edit on DAG:example_task_group
[2026-03-04T19:01:46.197+0000] {logging_mixin.py:188} INFO - [2026-03-04T19:01:46.197+0000] {dag.py:3033} INFO - Sync 1 DAGs
[2026-03-04T19:01:46.204+0000] {logging_mixin.py:188} INFO - [2026-03-04T19:01:46.204+0000] {dag.py:3055} INFO - Creating ORM DAG for example_task_group
[2026-03-04T19:01:46.210+0000] {logging_mixin.py:188} INFO - [2026-03-04T19:01:46.210+0000] {dag.py:3820} INFO - Setting next_dagrun for example_task_group to 2026-03-03T00:00:00+00:00, run_after=2026-03-04T00:00:00+00:00
[2026-03-04T19:01:46.221+0000] {processor.py:183} INFO - Processing /Users/HP/storypoints-week1/venv/lib/python3.11/site-packages/airflow/example_dags/example_task_group.py took 0.168 seconds
[2026-03-04T19:03:45.961+0000] {processor.py:161} INFO - Started process (PID=55648) to work on /Users/HP/storypoints-week1/venv/lib/python3.11/site-packages/airflow/example_dags/example_task_group.py
[2026-03-04T19:03:45.964+0000] {processor.py:830} INFO - Processing file /Users/HP/storypoints-week1/venv/lib/python3.11/site-packages/airflow/example_dags/example_task_group.py for tasks to queue
[2026-03-04T19:03:45.965+0000] {logging_mixin.py:188} INFO - [2026-03-04T19:03:45.965+0000] {dagbag.py:538} INFO - Filling up the DagBag from /Users/HP/storypoints-week1/venv/lib/python3.11/site-packages/airflow/example_dags/example_task_group.py
[2026-03-04T19:03:45.973+0000] {processor.py:840} INFO - DAG(s) 'example_task_group' retrieved from /Users/HP/storypoints-week1/venv/lib/python3.11/site-packages/airflow/example_dags/example_task_group.py
[2026-03-04T19:03:46.060+0000] {logging_mixin.py:188} INFO - [2026-03-04T19:03:46.060+0000] {dag.py:3033} INFO - Sync 1 DAGs
[2026-03-04T19:03:46.073+0000] {logging_mixin.py:188} INFO - [2026-03-04T19:03:46.073+0000] {dag.py:3820} INFO - Setting next_dagrun for example_task_group to 2026-03-03T00:00:00+00:00, run_after=2026-03-04T00:00:00+00:00
[2026-03-04T19:03:46.089+0000] {processor.py:183} INFO - Processing /Users/HP/storypoints-week1/venv/lib/python3.11/site-packages/airflow/example_dags/example_task_group.py took 0.129 seconds
[2026-03-04T19:05:21.964+0000] {processor.py:161} INFO - Started process (PID=56978) to work on /Users/HP/storypoints-week1/venv/lib/python3.11/site-packages/airflow/example_dags/example_task_group.py
[2026-03-04T19:05:21.967+0000] {processor.py:830} INFO - Processing file /Users/HP/storypoints-week1/venv/lib/python3.11/site-packages/airflow/example_dags/example_task_group.py for tasks to queue
[2026-03-04T19:05:21.968+0000] {logging_mixin.py:188} INFO - [2026-03-04T19:05:21.968+0000] {dagbag.py:538} INFO - Filling up the DagBag from /Users/HP/storypoints-week1/venv/lib/python3.11/site-packages/airflow/example_dags/example_task_group.py
[2026-03-04T19:05:21.975+0000] {processor.py:840} INFO - DAG(s) 'example_task_group' retrieved from /Users/HP/storypoints-week1/venv/lib/python3.11/site-packages/airflow/example_dags/example_task_group.py
[2026-03-04T19:05:22.042+0000] {logging_mixin.py:188} INFO - [2026-03-04T19:05:22.042+0000] {dag.py:3033} INFO - Sync 1 DAGs
[2026-03-04T19:05:22.053+0000] {logging_mixin.py:188} INFO - [2026-03-04T19:05:22.053+0000] {dag.py:3820} INFO - Setting next_dagrun for example_task_group to 2026-03-03T00:00:00+00:00, run_after=2026-03-04T00:00:00+00:00
[2026-03-04T19:05:22.066+0000] {processor.py:183} INFO - Processing /Users/HP/storypoints-week1/venv/lib/python3.11/site-packages/airflow/example_dags/example_task_group.py took 0.103 seconds
[2026-03-04T19:06:49.140+0000] {processor.py:161} INFO - Started process (PID=57806) to work on /Users/HP/storypoints-week1/venv/lib/python3.11/site-packages/airflow/example_dags/example_task_group.py
[2026-03-04T19:06:49.143+0000] {processor.py:830} INFO - Processing file /Users/HP/storypoints-week1/venv/lib/python3.11/site-packages/airflow/example_dags/example_task_group.py for tasks to queue
[2026-03-04T19:06:49.144+0000] {logging_mixin.py:188} INFO - [2026-03-04T19:06:49.144+0000] {dagbag.py:538} INFO - Filling up the DagBag from /Users/HP/storypoints-week1/venv/lib/python3.11/site-packages/airflow/example_dags/example_task_group.py
[2026-03-04T19:06:49.150+0000] {processor.py:840} INFO - DAG(s) 'example_task_group' retrieved from /Users/HP/storypoints-week1/venv/lib/python3.11/site-packages/airflow/example_dags/example_task_group.py
[2026-03-04T19:06:49.211+0000] {logging_mixin.py:188} INFO - [2026-03-04T19:06:49.211+0000] {dag.py:3033} INFO - Sync 1 DAGs
[2026-03-04T19:06:49.221+0000] {logging_mixin.py:188} INFO - [2026-03-04T19:06:49.221+0000] {dag.py:3820} INFO - Setting next_dagrun for example_task_group to 2026-03-03T00:00:00+00:00, run_after=2026-03-04T00:00:00+00:00
[2026-03-04T19:06:49.232+0000] {processor.py:183} INFO - Processing /Users/HP/storypoints-week1/venv/lib/python3.11/site-packages/airflow/example_dags/example_task_group.py took 0.093 seconds
[2026-03-04T19:08:04.569+0000] {processor.py:161} INFO - Started process (PID=58526) to work on /Users/HP/storypoints-week1/venv/lib/python3.11/site-packages/airflow/example_dags/example_task_group.py
[2026-03-04T19:08:04.572+0000] {processor.py:830} INFO - Processing file /Users/HP/storypoints-week1/venv/lib/python3.11/site-packages/airflow/example_dags/example_task_group.py for tasks to queue
[2026-03-04T19:08:04.573+0000] {logging_mixin.py:188} INFO - [2026-03-04T19:08:04.573+0000] {dagbag.py:538} INFO - Filling up the DagBag from /Users/HP/storypoints-week1/venv/lib/python3.11/site-packages/airflow/example_dags/example_task_group.py
[2026-03-04T19:08:04.579+0000] {processor.py:840} INFO - DAG(s) 'example_task_group' retrieved from /Users/HP/storypoints-week1/venv/lib/python3.11/site-packages/airflow/example_dags/example_task_group.py
[2026-03-04T19:08:04.640+0000] {logging_mixin.py:188} INFO - [2026-03-04T19:08:04.639+0000] {dag.py:3033} INFO - Sync 1 DAGs
[2026-03-04T19:08:04.650+0000] {logging_mixin.py:188} INFO - [2026-03-04T19:08:04.650+0000] {dag.py:3820} INFO - Setting next_dagrun for example_task_group to 2026-03-03T00:00:00+00:00, run_after=2026-03-04T00:00:00+00:00
[2026-03-04T19:08:04.662+0000] {processor.py:183} INFO - Processing /Users/HP/storypoints-week1/venv/lib/python3.11/site-packages/airflow/example_dags/example_task_group.py took 0.094 seconds
[2026-03-04T19:09:21.948+0000] {processor.py:161} INFO - Started process (PID=59276) to work on /Users/HP/storypoints-week1/venv/lib/python3.11/site-packages/airflow/example_dags/example_task_group.py
[2026-03-04T19:09:21.951+0000] {processor.py:830} INFO - Processing file /Users/HP/storypoints-week1/venv/lib/python3.11/site-packages/airflow/example_dags/example_task_group.py for tasks to queue
[2026-03-04T19:09:21.952+0000] {logging_mixin.py:188} INFO - [2026-03-04T19:09:21.952+0000] {dagbag.py:538} INFO - Filling up the DagBag from /Users/HP/storypoints-week1/venv/lib/python3.11/site-packages/airflow/example_dags/example_task_group.py
[2026-03-04T19:09:21.959+0000] {processor.py:840} INFO - DAG(s) 'example_task_group' retrieved from /Users/HP/storypoints-week1/venv/lib/python3.11/site-packages/airflow/example_dags/example_task_group.py
[2026-03-04T19:09:22.025+0000] {logging_mixin.py:188} INFO - [2026-03-04T19:09:22.025+0000] {dag.py:3033} INFO - Sync 1 DAGs
[2026-03-04T19:09:22.039+0000] {logging_mixin.py:188} INFO - [2026-03-04T19:09:22.039+0000] {dag.py:3820} INFO - Setting next_dagrun for example_task_group to 2026-03-03T00:00:00+00:00, run_after=2026-03-04T00:00:00+00:00
[2026-03-04T19:09:22.065+0000] {processor.py:183} INFO - Processing /Users/HP/storypoints-week1/venv/lib/python3.11/site-packages/airflow/example_dags/example_task_group.py took 0.117 seconds
[2026-03-04T19:10:47.379+0000] {processor.py:161} INFO - Started process (PID=60076) to work on /Users/HP/storypoints-week1/venv/lib/python3.11/site-packages/airflow/example_dags/example_task_group.py
[2026-03-04T19:10:47.386+0000] {processor.py:830} INFO - Processing file /Users/HP/storypoints-week1/venv/lib/python3.11/site-packages/airflow/example_dags/example_task_group.py for tasks to queue
[2026-03-04T19:10:47.387+0000] {logging_mixin.py:188} INFO - [2026-03-04T19:10:47.387+0000] {dagbag.py:538} INFO - Filling up the DagBag from /Users/HP/storypoints-week1/venv/lib/python3.11/site-packages/airflow/example_dags/example_task_group.py
[2026-03-04T19:10:47.396+0000] {processor.py:840} INFO - DAG(s) 'example_task_group' retrieved from /Users/HP/storypoints-week1/venv/lib/python3.11/site-packages/airflow/example_dags/example_task_group.py
[2026-03-04T19:10:47.487+0000] {logging_mixin.py:188} INFO - [2026-03-04T19:10:47.487+0000] {dag.py:3033} INFO - Sync 1 DAGs
[2026-03-04T19:10:47.503+0000] {logging_mixin.py:188} INFO - [2026-03-04T19:10:47.502+0000] {dag.py:3820} INFO - Setting next_dagrun for example_task_group to 2026-03-03T00:00:00+00:00, run_after=2026-03-04T00:00:00+00:00
[2026-03-04T19:10:47.517+0000] {processor.py:183} INFO - Processing /Users/HP/storypoints-week1/venv/lib/python3.11/site-packages/airflow/example_dags/example_task_group.py took 0.139 seconds
[2026-03-04T19:12:06.669+0000] {processor.py:161} INFO - Started process (PID=60847) to work on /Users/HP/storypoints-week1/venv/lib/python3.11/site-packages/airflow/example_dags/example_task_group.py
[2026-03-04T19:12:06.672+0000] {processor.py:830} INFO - Processing file /Users/HP/storypoints-week1/venv/lib/python3.11/site-packages/airflow/example_dags/example_task_group.py for tasks to queue
[2026-03-04T19:12:06.673+0000] {logging_mixin.py:188} INFO - [2026-03-04T19:12:06.673+0000] {dagbag.py:538} INFO - Filling up the DagBag from /Users/HP/storypoints-week1/venv/lib/python3.11/site-packages/airflow/example_dags/example_task_group.py
[2026-03-04T19:12:06.680+0000] {processor.py:840} INFO - DAG(s) 'example_task_group' retrieved from /Users/HP/storypoints-week1/venv/lib/python3.11/site-packages/airflow/example_dags/example_task_group.py
[2026-03-04T19:12:06.740+0000] {logging_mixin.py:188} INFO - [2026-03-04T19:12:06.740+0000] {dag.py:3033} INFO - Sync 1 DAGs
[2026-03-04T19:12:06.750+0000] {logging_mixin.py:188} INFO - [2026-03-04T19:12:06.750+0000] {dag.py:3820} INFO - Setting next_dagrun for example_task_group to 2026-03-03T00:00:00+00:00, run_after=2026-03-04T00:00:00+00:00
[2026-03-04T19:12:06.762+0000] {processor.py:183} INFO - Processing /Users/HP/storypoints-week1/venv/lib/python3.11/site-packages/airflow/example_dags/example_task_group.py took 0.093 seconds
[2026-03-04T19:33:37.253+0000] {processor.py:161} INFO - Started process (PID=74475) to work on /Users/HP/storypoints-week1/venv/lib/python3.11/site-packages/airflow/example_dags/example_task_group.py
[2026-03-04T19:33:37.256+0000] {processor.py:830} INFO - Processing file /Users/HP/storypoints-week1/venv/lib/python3.11/site-packages/airflow/example_dags/example_task_group.py for tasks to queue
[2026-03-04T19:33:37.258+0000] {logging_mixin.py:188} INFO - [2026-03-04T19:33:37.258+0000] {dagbag.py:538} INFO - Filling up the DagBag from /Users/HP/storypoints-week1/venv/lib/python3.11/site-packages/airflow/example_dags/example_task_group.py
[2026-03-04T19:33:37.266+0000] {processor.py:840} INFO - DAG(s) 'example_task_group' retrieved from /Users/HP/storypoints-week1/venv/lib/python3.11/site-packages/airflow/example_dags/example_task_group.py
[2026-03-04T19:33:37.354+0000] {logging_mixin.py:188} INFO - [2026-03-04T19:33:37.354+0000] {dag.py:3033} INFO - Sync 1 DAGs
[2026-03-04T19:33:37.370+0000] {logging_mixin.py:188} INFO - [2026-03-04T19:33:37.370+0000] {dag.py:3820} INFO - Setting next_dagrun for example_task_group to 2026-03-03T00:00:00+00:00, run_after=2026-03-04T00:00:00+00:00
[2026-03-04T19:33:37.388+0000] {processor.py:183} INFO - Processing /Users/HP/storypoints-week1/venv/lib/python3.11/site-packages/airflow/example_dags/example_task_group.py took 0.136 seconds
[2026-03-04T19:36:13.785+0000] {processor.py:161} INFO - Started process (PID=76164) to work on /Users/HP/storypoints-week1/venv/lib/python3.11/site-packages/airflow/example_dags/example_task_group.py
[2026-03-04T19:36:13.787+0000] {processor.py:830} INFO - Processing file /Users/HP/storypoints-week1/venv/lib/python3.11/site-packages/airflow/example_dags/example_task_group.py for tasks to queue
[2026-03-04T19:36:13.788+0000] {logging_mixin.py:188} INFO - [2026-03-04T19:36:13.788+0000] {dagbag.py:538} INFO - Filling up the DagBag from /Users/HP/storypoints-week1/venv/lib/python3.11/site-packages/airflow/example_dags/example_task_group.py
[2026-03-04T19:36:13.793+0000] {processor.py:840} INFO - DAG(s) 'example_task_group' retrieved from /Users/HP/storypoints-week1/venv/lib/python3.11/site-packages/airflow/example_dags/example_task_group.py
[2026-03-04T19:36:13.853+0000] {logging_mixin.py:188} INFO - [2026-03-04T19:36:13.853+0000] {dag.py:3033} INFO - Sync 1 DAGs
[2026-03-04T19:36:13.864+0000] {logging_mixin.py:188} INFO - [2026-03-04T19:36:13.864+0000] {dag.py:3820} INFO - Setting next_dagrun for example_task_group to 2026-03-03T00:00:00+00:00, run_after=2026-03-04T00:00:00+00:00
[2026-03-04T19:36:13.874+0000] {processor.py:183} INFO - Processing /Users/HP/storypoints-week1/venv/lib/python3.11/site-packages/airflow/example_dags/example_task_group.py took 0.091 seconds
[2026-03-04T19:38:01.404+0000] {processor.py:161} INFO - Started process (PID=77178) to work on /Users/HP/storypoints-week1/venv/lib/python3.11/site-packages/airflow/example_dags/example_task_group.py
[2026-03-04T19:38:01.407+0000] {processor.py:830} INFO - Processing file /Users/HP/storypoints-week1/venv/lib/python3.11/site-packages/airflow/example_dags/example_task_group.py for tasks to queue
[2026-03-04T19:38:01.408+0000] {logging_mixin.py:188} INFO - [2026-03-04T19:38:01.408+0000] {dagbag.py:538} INFO - Filling up the DagBag from /Users/HP/storypoints-week1/venv/lib/python3.11/site-packages/airflow/example_dags/example_task_group.py
[2026-03-04T19:38:01.414+0000] {processor.py:840} INFO - DAG(s) 'example_task_group' retrieved from /Users/HP/storypoints-week1/venv/lib/python3.11/site-packages/airflow/example_dags/example_task_group.py
[2026-03-04T19:38:01.471+0000] {logging_mixin.py:188} INFO - [2026-03-04T19:38:01.471+0000] {dag.py:3033} INFO - Sync 1 DAGs
[2026-03-04T19:38:01.482+0000] {logging_mixin.py:188} INFO - [2026-03-04T19:38:01.482+0000] {dag.py:3820} INFO - Setting next_dagrun for example_task_group to 2026-03-03T00:00:00+00:00, run_after=2026-03-04T00:00:00+00:00
[2026-03-04T19:38:01.495+0000] {processor.py:183} INFO - Processing /Users/HP/storypoints-week1/venv/lib/python3.11/site-packages/airflow/example_dags/example_task_group.py took 0.092 seconds
[2026-03-04T19:39:20.745+0000] {processor.py:161} INFO - Started process (PID=77947) to work on /Users/HP/storypoints-week1/venv/lib/python3.11/site-packages/airflow/example_dags/example_task_group.py
[2026-03-04T19:39:20.748+0000] {processor.py:830} INFO - Processing file /Users/HP/storypoints-week1/venv/lib/python3.11/site-packages/airflow/example_dags/example_task_group.py for tasks to queue
[2026-03-04T19:39:20.749+0000] {logging_mixin.py:188} INFO - [2026-03-04T19:39:20.749+0000] {dagbag.py:538} INFO - Filling up the DagBag from /Users/HP/storypoints-week1/venv/lib/python3.11/site-packages/airflow/example_dags/example_task_group.py
[2026-03-04T19:39:20.755+0000] {processor.py:840} INFO - DAG(s) 'example_task_group' retrieved from /Users/HP/storypoints-week1/venv/lib/python3.11/site-packages/airflow/example_dags/example_task_group.py
[2026-03-04T19:39:20.816+0000] {logging_mixin.py:188} INFO - [2026-03-04T19:39:20.816+0000] {dag.py:3033} INFO - Sync 1 DAGs
[2026-03-04T19:39:20.826+0000] {logging_mixin.py:188} INFO - [2026-03-04T19:39:20.826+0000] {dag.py:3820} INFO - Setting next_dagrun for example_task_group to 2026-03-03T00:00:00+00:00, run_after=2026-03-04T00:00:00+00:00
[2026-03-04T19:39:20.837+0000] {processor.py:183} INFO - Processing /Users/HP/storypoints-week1/venv/lib/python3.11/site-packages/airflow/example_dags/example_task_group.py took 0.093 seconds
[2026-03-04T19:40:33.729+0000] {processor.py:161} INFO - Started process (PID=78632) to work on /Users/HP/storypoints-week1/venv/lib/python3.11/site-packages/airflow/example_dags/example_task_group.py
[2026-03-04T19:40:33.731+0000] {processor.py:830} INFO - Processing file /Users/HP/storypoints-week1/venv/lib/python3.11/site-packages/airflow/example_dags/example_task_group.py for tasks to queue
[2026-03-04T19:40:33.733+0000] {logging_mixin.py:188} INFO - [2026-03-04T19:40:33.732+0000] {dagbag.py:538} INFO - Filling up the DagBag from /Users/HP/storypoints-week1/venv/lib/python3.11/site-packages/airflow/example_dags/example_task_group.py
[2026-03-04T19:40:33.739+0000] {processor.py:840} INFO - DAG(s) 'example_task_group' retrieved from /Users/HP/storypoints-week1/venv/lib/python3.11/site-packages/airflow/example_dags/example_task_group.py
[2026-03-04T19:40:33.800+0000] {logging_mixin.py:188} INFO - [2026-03-04T19:40:33.799+0000] {dag.py:3033} INFO - Sync 1 DAGs
[2026-03-04T19:40:33.810+0000] {logging_mixin.py:188} INFO - [2026-03-04T19:40:33.810+0000] {dag.py:3820} INFO - Setting next_dagrun for example_task_group to 2026-03-03T00:00:00+00:00, run_after=2026-03-04T00:00:00+00:00
[2026-03-04T19:40:33.822+0000] {processor.py:183} INFO - Processing /Users/HP/storypoints-week1/venv/lib/python3.11/site-packages/airflow/example_dags/example_task_group.py took 0.094 seconds
[2026-03-04T19:41:47.458+0000] {processor.py:161} INFO - Started process (PID=79327) to work on /Users/HP/storypoints-week1/venv/lib/python3.11/site-packages/airflow/example_dags/example_task_group.py
[2026-03-04T19:41:47.460+0000] {processor.py:830} INFO - Processing file /Users/HP/storypoints-week1/venv/lib/python3.11/site-packages/airflow/example_dags/example_task_group.py for tasks to queue
[2026-03-04T19:41:47.462+0000] {logging_mixin.py:188} INFO - [2026-03-04T19:41:47.462+0000] {dagbag.py:538} INFO - Filling up the DagBag from /Users/HP/storypoints-week1/venv/lib/python3.11/site-packages/airflow/example_dags/example_task_group.py
[2026-03-04T19:41:47.468+0000] {processor.py:840} INFO - DAG(s) 'example_task_group' retrieved from /Users/HP/storypoints-week1/venv/lib/python3.11/site-packages/airflow/example_dags/example_task_group.py
[2026-03-04T19:41:47.530+0000] {logging_mixin.py:188} INFO - [2026-03-04T19:41:47.530+0000] {dag.py:3033} INFO - Sync 1 DAGs
[2026-03-04T19:41:47.541+0000] {logging_mixin.py:188} INFO - [2026-03-04T19:41:47.541+0000] {dag.py:3820} INFO - Setting next_dagrun for example_task_group to 2026-03-03T00:00:00+00:00, run_after=2026-03-04T00:00:00+00:00
[2026-03-04T19:41:47.552+0000] {processor.py:183} INFO - Processing /Users/HP/storypoints-week1/venv/lib/python3.11/site-packages/airflow/example_dags/example_task_group.py took 0.096 seconds
[2026-03-04T19:43:01.389+0000] {processor.py:161} INFO - Started process (PID=80020) to work on /Users/HP/storypoints-week1/venv/lib/python3.11/site-packages/airflow/example_dags/example_task_group.py
[2026-03-04T19:43:01.392+0000] {processor.py:830} INFO - Processing file /Users/HP/storypoints-week1/venv/lib/python3.11/site-packages/airflow/example_dags/example_task_group.py for tasks to queue
[2026-03-04T19:43:01.393+0000] {logging_mixin.py:188} INFO - [2026-03-04T19:43:01.393+0000] {dagbag.py:538} INFO - Filling up the DagBag from /Users/HP/storypoints-week1/venv/lib/python3.11/site-packages/airflow/example_dags/example_task_group.py
[2026-03-04T19:43:01.399+0000] {processor.py:840} INFO - DAG(s) 'example_task_group' retrieved from /Users/HP/storypoints-week1/venv/lib/python3.11/site-packages/airflow/example_dags/example_task_group.py
[2026-03-04T19:43:01.462+0000] {logging_mixin.py:188} INFO - [2026-03-04T19:43:01.462+0000] {dag.py:3033} INFO - Sync 1 DAGs
[2026-03-04T19:43:01.473+0000] {logging_mixin.py:188} INFO - [2026-03-04T19:43:01.473+0000] {dag.py:3820} INFO - Setting next_dagrun for example_task_group to 2026-03-03T00:00:00+00:00, run_after=2026-03-04T00:00:00+00:00
[2026-03-04T19:43:01.484+0000] {processor.py:183} INFO - Processing /Users/HP/storypoints-week1/venv/lib/python3.11/site-packages/airflow/example_dags/example_task_group.py took 0.096 seconds
[2026-03-04T19:44:15.028+0000] {processor.py:161} INFO - Started process (PID=80712) to work on /Users/HP/storypoints-week1/venv/lib/python3.11/site-packages/airflow/example_dags/example_task_group.py
[2026-03-04T19:44:15.031+0000] {processor.py:830} INFO - Processing file /Users/HP/storypoints-week1/venv/lib/python3.11/site-packages/airflow/example_dags/example_task_group.py for tasks to queue
[2026-03-04T19:44:15.032+0000] {logging_mixin.py:188} INFO - [2026-03-04T19:44:15.032+0000] {dagbag.py:538} INFO - Filling up the DagBag from /Users/HP/storypoints-week1/venv/lib/python3.11/site-packages/airflow/example_dags/example_task_group.py
[2026-03-04T19:44:15.038+0000] {processor.py:840} INFO - DAG(s) 'example_task_group' retrieved from /Users/HP/storypoints-week1/venv/lib/python3.11/site-packages/airflow/example_dags/example_task_group.py
[2026-03-04T19:44:15.101+0000] {logging_mixin.py:188} INFO - [2026-03-04T19:44:15.101+0000] {dag.py:3033} INFO - Sync 1 DAGs
[2026-03-04T19:44:15.112+0000] {logging_mixin.py:188} INFO - [2026-03-04T19:44:15.112+0000] {dag.py:3820} INFO - Setting next_dagrun for example_task_group to 2026-03-03T00:00:00+00:00, run_after=2026-03-04T00:00:00+00:00
[2026-03-04T19:44:15.123+0000] {processor.py:183} INFO - Processing /Users/HP/storypoints-week1/venv/lib/python3.11/site-packages/airflow/example_dags/example_task_group.py took 0.096 seconds
[2026-03-04T19:45:28.800+0000] {processor.py:161} INFO - Started process (PID=81412) to work on /Users/HP/storypoints-week1/venv/lib/python3.11/site-packages/airflow/example_dags/example_task_group.py
[2026-03-04T19:45:28.803+0000] {processor.py:830} INFO - Processing file /Users/HP/storypoints-week1/venv/lib/python3.11/site-packages/airflow/example_dags/example_task_group.py for tasks to queue
[2026-03-04T19:45:28.805+0000] {logging_mixin.py:188} INFO - [2026-03-04T19:45:28.804+0000] {dagbag.py:538} INFO - Filling up the DagBag from /Users/HP/storypoints-week1/venv/lib/python3.11/site-packages/airflow/example_dags/example_task_group.py
[2026-03-04T19:45:28.811+0000] {processor.py:840} INFO - DAG(s) 'example_task_group' retrieved from /Users/HP/storypoints-week1/venv/lib/python3.11/site-packages/airflow/example_dags/example_task_group.py
[2026-03-04T19:45:28.870+0000] {logging_mixin.py:188} INFO - [2026-03-04T19:45:28.870+0000] {dag.py:3033} INFO - Sync 1 DAGs
[2026-03-04T19:45:28.882+0000] {logging_mixin.py:188} INFO - [2026-03-04T19:45:28.881+0000] {dag.py:3820} INFO - Setting next_dagrun for example_task_group to 2026-03-03T00:00:00+00:00, run_after=2026-03-04T00:00:00+00:00
[2026-03-04T19:45:28.893+0000] {processor.py:183} INFO - Processing /Users/HP/storypoints-week1/venv/lib/python3.11/site-packages/airflow/example_dags/example_task_group.py took 0.094 seconds
[2026-03-04T19:46:43.434+0000] {processor.py:161} INFO - Started process (PID=82125) to work on /Users/HP/storypoints-week1/venv/lib/python3.11/site-packages/airflow/example_dags/example_task_group.py
[2026-03-04T19:46:43.436+0000] {processor.py:830} INFO - Processing file /Users/HP/storypoints-week1/venv/lib/python3.11/site-packages/airflow/example_dags/example_task_group.py for tasks to queue
[2026-03-04T19:46:43.438+0000] {logging_mixin.py:188} INFO - [2026-03-04T19:46:43.438+0000] {dagbag.py:538} INFO - Filling up the DagBag from /Users/HP/storypoints-week1/venv/lib/python3.11/site-packages/airflow/example_dags/example_task_group.py
[2026-03-04T19:46:43.444+0000] {processor.py:840} INFO - DAG(s) 'example_task_group' retrieved from /Users/HP/storypoints-week1/venv/lib/python3.11/site-packages/airflow/example_dags/example_task_group.py
[2026-03-04T19:46:43.506+0000] {logging_mixin.py:188} INFO - [2026-03-04T19:46:43.505+0000] {dag.py:3033} INFO - Sync 1 DAGs
[2026-03-04T19:46:43.516+0000] {logging_mixin.py:188} INFO - [2026-03-04T19:46:43.516+0000] {dag.py:3820} INFO - Setting next_dagrun for example_task_group to 2026-03-03T00:00:00+00:00, run_after=2026-03-04T00:00:00+00:00
[2026-03-04T19:46:43.528+0000] {processor.py:183} INFO - Processing /Users/HP/storypoints-week1/venv/lib/python3.11/site-packages/airflow/example_dags/example_task_group.py took 0.094 seconds
[2026-03-04T20:00:08.351+0000] {processor.py:161} INFO - Started process (PID=82831) to work on /Users/HP/storypoints-week1/venv/lib/python3.11/site-packages/airflow/example_dags/example_task_group.py
[2026-03-04T20:00:08.354+0000] {processor.py:830} INFO - Processing file /Users/HP/storypoints-week1/venv/lib/python3.11/site-packages/airflow/example_dags/example_task_group.py for tasks to queue
[2026-03-04T20:00:08.356+0000] {logging_mixin.py:188} INFO - [2026-03-04T20:00:08.356+0000] {dagbag.py:538} INFO - Filling up the DagBag from /Users/HP/storypoints-week1/venv/lib/python3.11/site-packages/airflow/example_dags/example_task_group.py
[2026-03-04T20:00:08.362+0000] {processor.py:840} INFO - DAG(s) 'example_task_group' retrieved from /Users/HP/storypoints-week1/venv/lib/python3.11/site-packages/airflow/example_dags/example_task_group.py
[2026-03-04T20:00:08.422+0000] {logging_mixin.py:188} INFO - [2026-03-04T20:00:08.422+0000] {dag.py:3033} INFO - Sync 1 DAGs
[2026-03-04T20:00:08.433+0000] {logging_mixin.py:188} INFO - [2026-03-04T20:00:08.433+0000] {dag.py:3820} INFO - Setting next_dagrun for example_task_group to 2026-03-03T00:00:00+00:00, run_after=2026-03-04T00:00:00+00:00
[2026-03-04T20:00:08.443+0000] {processor.py:183} INFO - Processing /Users/HP/storypoints-week1/venv/lib/python3.11/site-packages/airflow/example_dags/example_task_group.py took 0.092 seconds
[2026-03-04T20:12:38.213+0000] {processor.py:161} INFO - Started process (PID=83585) to work on /Users/HP/storypoints-week1/venv/lib/python3.11/site-packages/airflow/example_dags/example_task_group.py
[2026-03-04T20:12:38.215+0000] {processor.py:830} INFO - Processing file /Users/HP/storypoints-week1/venv/lib/python3.11/site-packages/airflow/example_dags/example_task_group.py for tasks to queue
[2026-03-04T20:12:38.217+0000] {logging_mixin.py:188} INFO - [2026-03-04T20:12:38.217+0000] {dagbag.py:538} INFO - Filling up the DagBag from /Users/HP/storypoints-week1/venv/lib/python3.11/site-packages/airflow/example_dags/example_task_group.py
[2026-03-04T20:12:38.223+0000] {processor.py:840} INFO - DAG(s) 'example_task_group' retrieved from /Users/HP/storypoints-week1/venv/lib/python3.11/site-packages/airflow/example_dags/example_task_group.py
[2026-03-04T20:12:38.299+0000] {logging_mixin.py:188} INFO - [2026-03-04T20:12:38.299+0000] {dag.py:3033} INFO - Sync 1 DAGs
[2026-03-04T20:12:38.325+0000] {logging_mixin.py:188} INFO - [2026-03-04T20:12:38.325+0000] {dag.py:3820} INFO - Setting next_dagrun for example_task_group to 2026-03-03T00:00:00+00:00, run_after=2026-03-04T00:00:00+00:00
[2026-03-04T20:12:38.342+0000] {processor.py:183} INFO - Processing /Users/HP/storypoints-week1/venv/lib/python3.11/site-packages/airflow/example_dags/example_task_group.py took 0.130 seconds
[2026-03-04T20:14:10.163+0000] {processor.py:161} INFO - Started process (PID=84434) to work on /Users/HP/storypoints-week1/venv/lib/python3.11/site-packages/airflow/example_dags/example_task_group.py
[2026-03-04T20:14:10.165+0000] {processor.py:830} INFO - Processing file /Users/HP/storypoints-week1/venv/lib/python3.11/site-packages/airflow/example_dags/example_task_group.py for tasks to queue
[2026-03-04T20:14:10.167+0000] {logging_mixin.py:188} INFO - [2026-03-04T20:14:10.167+0000] {dagbag.py:538} INFO - Filling up the DagBag from /Users/HP/storypoints-week1/venv/lib/python3.11/site-packages/airflow/example_dags/example_task_group.py
[2026-03-04T20:14:10.173+0000] {processor.py:840} INFO - DAG(s) 'example_task_group' retrieved from /Users/HP/storypoints-week1/venv/lib/python3.11/site-packages/airflow/example_dags/example_task_group.py
[2026-03-04T20:14:10.233+0000] {logging_mixin.py:188} INFO - [2026-03-04T20:14:10.233+0000] {dag.py:3033} INFO - Sync 1 DAGs
[2026-03-04T20:14:10.243+0000] {logging_mixin.py:188} INFO - [2026-03-04T20:14:10.243+0000] {dag.py:3820} INFO - Setting next_dagrun for example_task_group to 2026-03-03T00:00:00+00:00, run_after=2026-03-04T00:00:00+00:00
[2026-03-04T20:14:10.254+0000] {processor.py:183} INFO - Processing /Users/HP/storypoints-week1/venv/lib/python3.11/site-packages/airflow/example_dags/example_task_group.py took 0.092 seconds
[2026-03-04T20:15:29.105+0000] {processor.py:161} INFO - Started process (PID=85167) to work on /Users/HP/storypoints-week1/venv/lib/python3.11/site-packages/airflow/example_dags/example_task_group.py
[2026-03-04T20:15:29.107+0000] {processor.py:830} INFO - Processing file /Users/HP/storypoints-week1/venv/lib/python3.11/site-packages/airflow/example_dags/example_task_group.py for tasks to queue
[2026-03-04T20:15:29.109+0000] {logging_mixin.py:188} INFO - [2026-03-04T20:15:29.109+0000] {dagbag.py:538} INFO - Filling up the DagBag from /Users/HP/storypoints-week1/venv/lib/python3.11/site-packages/airflow/example_dags/example_task_group.py
[2026-03-04T20:15:29.115+0000] {processor.py:840} INFO - DAG(s) 'example_task_group' retrieved from /Users/HP/storypoints-week1/venv/lib/python3.11/site-packages/airflow/example_dags/example_task_group.py
[2026-03-04T20:15:29.175+0000] {logging_mixin.py:188} INFO - [2026-03-04T20:15:29.175+0000] {dag.py:3033} INFO - Sync 1 DAGs
[2026-03-04T20:15:29.186+0000] {logging_mixin.py:188} INFO - [2026-03-04T20:15:29.186+0000] {dag.py:3820} INFO - Setting next_dagrun for example_task_group to 2026-03-03T00:00:00+00:00, run_after=2026-03-04T00:00:00+00:00
[2026-03-04T20:15:29.197+0000] {processor.py:183} INFO - Processing /Users/HP/storypoints-week1/venv/lib/python3.11/site-packages/airflow/example_dags/example_task_group.py took 0.094 seconds
[2026-03-04T20:23:35.962+0000] {processor.py:161} INFO - Started process (PID=85908) to work on /Users/HP/storypoints-week1/venv/lib/python3.11/site-packages/airflow/example_dags/example_task_group.py
[2026-03-04T20:23:35.965+0000] {processor.py:830} INFO - Processing file /Users/HP/storypoints-week1/venv/lib/python3.11/site-packages/airflow/example_dags/example_task_group.py for tasks to queue
[2026-03-04T20:23:35.966+0000] {logging_mixin.py:188} INFO - [2026-03-04T20:23:35.966+0000] {dagbag.py:538} INFO - Filling up the DagBag from /Users/HP/storypoints-week1/venv/lib/python3.11/site-packages/airflow/example_dags/example_task_group.py
[2026-03-04T20:23:35.972+0000] {processor.py:840} INFO - DAG(s) 'example_task_group' retrieved from /Users/HP/storypoints-week1/venv/lib/python3.11/site-packages/airflow/example_dags/example_task_group.py
[2026-03-04T20:23:36.033+0000] {logging_mixin.py:188} INFO - [2026-03-04T20:23:36.033+0000] {dag.py:3033} INFO - Sync 1 DAGs
[2026-03-04T20:23:36.044+0000] {logging_mixin.py:188} INFO - [2026-03-04T20:23:36.043+0000] {dag.py:3820} INFO - Setting next_dagrun for example_task_group to 2026-03-03T00:00:00+00:00, run_after=2026-03-04T00:00:00+00:00
[2026-03-04T20:23:36.055+0000] {processor.py:183} INFO - Processing /Users/HP/storypoints-week1/venv/lib/python3.11/site-packages/airflow/example_dags/example_task_group.py took 0.094 seconds
[2026-03-04T20:25:05.278+0000] {processor.py:161} INFO - Started process (PID=86740) to work on /Users/HP/storypoints-week1/venv/lib/python3.11/site-packages/airflow/example_dags/example_task_group.py
[2026-03-04T20:25:05.281+0000] {processor.py:830} INFO - Processing file /Users/HP/storypoints-week1/venv/lib/python3.11/site-packages/airflow/example_dags/example_task_group.py for tasks to queue
[2026-03-04T20:25:05.282+0000] {logging_mixin.py:188} INFO - [2026-03-04T20:25:05.282+0000] {dagbag.py:538} INFO - Filling up the DagBag from /Users/HP/storypoints-week1/venv/lib/python3.11/site-packages/airflow/example_dags/example_task_group.py
[2026-03-04T20:25:05.288+0000] {processor.py:840} INFO - DAG(s) 'example_task_group' retrieved from /Users/HP/storypoints-week1/venv/lib/python3.11/site-packages/airflow/example_dags/example_task_group.py
[2026-03-04T20:25:05.349+0000] {logging_mixin.py:188} INFO - [2026-03-04T20:25:05.349+0000] {dag.py:3033} INFO - Sync 1 DAGs
[2026-03-04T20:25:05.360+0000] {logging_mixin.py:188} INFO - [2026-03-04T20:25:05.359+0000] {dag.py:3820} INFO - Setting next_dagrun for example_task_group to 2026-03-03T00:00:00+00:00, run_after=2026-03-04T00:00:00+00:00
[2026-03-04T20:25:05.371+0000] {processor.py:183} INFO - Processing /Users/HP/storypoints-week1/venv/lib/python3.11/site-packages/airflow/example_dags/example_task_group.py took 0.093 seconds
[2026-03-04T20:45:45.332+0000] {processor.py:161} INFO - Started process (PID=87485) to work on /Users/HP/storypoints-week1/venv/lib/python3.11/site-packages/airflow/example_dags/example_task_group.py
[2026-03-04T20:45:45.334+0000] {processor.py:830} INFO - Processing file /Users/HP/storypoints-week1/venv/lib/python3.11/site-packages/airflow/example_dags/example_task_group.py for tasks to queue
[2026-03-04T20:45:45.336+0000] {logging_mixin.py:188} INFO - [2026-03-04T20:45:45.336+0000] {dagbag.py:538} INFO - Filling up the DagBag from /Users/HP/storypoints-week1/venv/lib/python3.11/site-packages/airflow/example_dags/example_task_group.py
[2026-03-04T20:45:45.341+0000] {processor.py:840} INFO - DAG(s) 'example_task_group' retrieved from /Users/HP/storypoints-week1/venv/lib/python3.11/site-packages/airflow/example_dags/example_task_group.py
[2026-03-04T20:45:45.394+0000] {logging_mixin.py:188} INFO - [2026-03-04T20:45:45.394+0000] {dag.py:3033} INFO - Sync 1 DAGs
[2026-03-04T20:45:45.405+0000] {logging_mixin.py:188} INFO - [2026-03-04T20:45:45.405+0000] {dag.py:3820} INFO - Setting next_dagrun for example_task_group to 2026-03-03T00:00:00+00:00, run_after=2026-03-04T00:00:00+00:00
[2026-03-04T20:45:45.416+0000] {processor.py:183} INFO - Processing /Users/HP/storypoints-week1/venv/lib/python3.11/site-packages/airflow/example_dags/example_task_group.py took 0.084 seconds
[2026-03-04T22:05:00.987+0000] {processor.py:161} INFO - Started process (PID=88301) to work on /Users/HP/storypoints-week1/venv/lib/python3.11/site-packages/airflow/example_dags/example_task_group.py
[2026-03-04T22:05:00.989+0000] {processor.py:830} INFO - Processing file /Users/HP/storypoints-week1/venv/lib/python3.11/site-packages/airflow/example_dags/example_task_group.py for tasks to queue
[2026-03-04T22:05:00.991+0000] {logging_mixin.py:188} INFO - [2026-03-04T22:05:00.991+0000] {dagbag.py:538} INFO - Filling up the DagBag from /Users/HP/storypoints-week1/venv/lib/python3.11/site-packages/airflow/example_dags/example_task_group.py
[2026-03-04T22:05:00.997+0000] {processor.py:840} INFO - DAG(s) 'example_task_group' retrieved from /Users/HP/storypoints-week1/venv/lib/python3.11/site-packages/airflow/example_dags/example_task_group.py
[2026-03-04T22:05:01.059+0000] {logging_mixin.py:188} INFO - [2026-03-04T22:05:01.059+0000] {dag.py:3033} INFO - Sync 1 DAGs
[2026-03-04T22:05:01.070+0000] {logging_mixin.py:188} INFO - [2026-03-04T22:05:01.070+0000] {dag.py:3820} INFO - Setting next_dagrun for example_task_group to 2026-03-03T00:00:00+00:00, run_after=2026-03-04T00:00:00+00:00
[2026-03-04T22:05:01.081+0000] {processor.py:183} INFO - Processing /Users/HP/storypoints-week1/venv/lib/python3.11/site-packages/airflow/example_dags/example_task_group.py took 0.095 seconds
[2026-03-04T22:17:39.501+0000] {processor.py:161} INFO - Started process (PID=89043) to work on /Users/HP/storypoints-week1/venv/lib/python3.11/site-packages/airflow/example_dags/example_task_group.py
[2026-03-04T22:17:39.503+0000] {processor.py:830} INFO - Processing file /Users/HP/storypoints-week1/venv/lib/python3.11/site-packages/airflow/example_dags/example_task_group.py for tasks to queue
[2026-03-04T22:17:39.505+0000] {logging_mixin.py:188} INFO - [2026-03-04T22:17:39.505+0000] {dagbag.py:538} INFO - Filling up the DagBag from /Users/HP/storypoints-week1/venv/lib/python3.11/site-packages/airflow/example_dags/example_task_group.py
[2026-03-04T22:17:39.510+0000] {processor.py:840} INFO - DAG(s) 'example_task_group' retrieved from /Users/HP/storypoints-week1/venv/lib/python3.11/site-packages/airflow/example_dags/example_task_group.py
[2026-03-04T22:17:39.569+0000] {logging_mixin.py:188} INFO - [2026-03-04T22:17:39.569+0000] {dag.py:3033} INFO - Sync 1 DAGs
[2026-03-04T22:17:39.580+0000] {logging_mixin.py:188} INFO - [2026-03-04T22:17:39.579+0000] {dag.py:3820} INFO - Setting next_dagrun for example_task_group to 2026-03-03T00:00:00+00:00, run_after=2026-03-04T00:00:00+00:00
[2026-03-04T22:17:39.591+0000] {processor.py:183} INFO - Processing /Users/HP/storypoints-week1/venv/lib/python3.11/site-packages/airflow/example_dags/example_task_group.py took 0.090 seconds
[2026-03-04T22:31:51.875+0000] {processor.py:161} INFO - Started process (PID=89998) to work on /Users/HP/storypoints-week1/venv/lib/python3.11/site-packages/airflow/example_dags/example_task_group.py
[2026-03-04T22:31:51.879+0000] {processor.py:830} INFO - Processing file /Users/HP/storypoints-week1/venv/lib/python3.11/site-packages/airflow/example_dags/example_task_group.py for tasks to queue
[2026-03-04T22:31:51.881+0000] {logging_mixin.py:188} INFO - [2026-03-04T22:31:51.881+0000] {dagbag.py:538} INFO - Filling up the DagBag from /Users/HP/storypoints-week1/venv/lib/python3.11/site-packages/airflow/example_dags/example_task_group.py
[2026-03-04T22:31:51.890+0000] {processor.py:840} INFO - DAG(s) 'example_task_group' retrieved from /Users/HP/storypoints-week1/venv/lib/python3.11/site-packages/airflow/example_dags/example_task_group.py
[2026-03-04T22:31:51.980+0000] {logging_mixin.py:188} INFO - [2026-03-04T22:31:51.980+0000] {dag.py:3033} INFO - Sync 1 DAGs
[2026-03-04T22:31:51.995+0000] {logging_mixin.py:188} INFO - [2026-03-04T22:31:51.995+0000] {dag.py:3820} INFO - Setting next_dagrun for example_task_group to 2026-03-03T00:00:00+00:00, run_after=2026-03-04T00:00:00+00:00
[2026-03-04T22:31:52.008+0000] {processor.py:183} INFO - Processing /Users/HP/storypoints-week1/venv/lib/python3.11/site-packages/airflow/example_dags/example_task_group.py took 0.134 seconds
[2026-03-04T23:06:05.229+0000] {processor.py:161} INFO - Started process (PID=90742) to work on /Users/HP/storypoints-week1/venv/lib/python3.11/site-packages/airflow/example_dags/example_task_group.py
[2026-03-04T23:06:05.232+0000] {processor.py:830} INFO - Processing file /Users/HP/storypoints-week1/venv/lib/python3.11/site-packages/airflow/example_dags/example_task_group.py for tasks to queue
[2026-03-04T23:06:05.233+0000] {logging_mixin.py:188} INFO - [2026-03-04T23:06:05.233+0000] {dagbag.py:538} INFO - Filling up the DagBag from /Users/HP/storypoints-week1/venv/lib/python3.11/site-packages/airflow/example_dags/example_task_group.py
[2026-03-04T23:06:05.239+0000] {processor.py:840} INFO - DAG(s) 'example_task_group' retrieved from /Users/HP/storypoints-week1/venv/lib/python3.11/site-packages/airflow/example_dags/example_task_group.py
[2026-03-04T23:06:05.300+0000] {logging_mixin.py:188} INFO - [2026-03-04T23:06:05.300+0000] {dag.py:3033} INFO - Sync 1 DAGs
[2026-03-04T23:06:05.311+0000] {logging_mixin.py:188} INFO - [2026-03-04T23:06:05.311+0000] {dag.py:3820} INFO - Setting next_dagrun for example_task_group to 2026-03-03T00:00:00+00:00, run_after=2026-03-04T00:00:00+00:00
[2026-03-04T23:06:05.322+0000] {processor.py:183} INFO - Processing /Users/HP/storypoints-week1/venv/lib/python3.11/site-packages/airflow/example_dags/example_task_group.py took 0.093 seconds
[2026-03-04T23:07:19.744+0000] {processor.py:161} INFO - Started process (PID=91459) to work on /Users/HP/storypoints-week1/venv/lib/python3.11/site-packages/airflow/example_dags/example_task_group.py
[2026-03-04T23:07:19.747+0000] {processor.py:830} INFO - Processing file /Users/HP/storypoints-week1/venv/lib/python3.11/site-packages/airflow/example_dags/example_task_group.py for tasks to queue
[2026-03-04T23:07:19.748+0000] {logging_mixin.py:188} INFO - [2026-03-04T23:07:19.748+0000] {dagbag.py:538} INFO - Filling up the DagBag from /Users/HP/storypoints-week1/venv/lib/python3.11/site-packages/airflow/example_dags/example_task_group.py
[2026-03-04T23:07:19.753+0000] {processor.py:840} INFO - DAG(s) 'example_task_group' retrieved from /Users/HP/storypoints-week1/venv/lib/python3.11/site-packages/airflow/example_dags/example_task_group.py
[2026-03-04T23:07:19.815+0000] {logging_mixin.py:188} INFO - [2026-03-04T23:07:19.815+0000] {dag.py:3033} INFO - Sync 1 DAGs
[2026-03-04T23:07:19.825+0000] {logging_mixin.py:188} INFO - [2026-03-04T23:07:19.825+0000] {dag.py:3820} INFO - Setting next_dagrun for example_task_group to 2026-03-03T00:00:00+00:00, run_after=2026-03-04T00:00:00+00:00
[2026-03-04T23:07:19.836+0000] {processor.py:183} INFO - Processing /Users/HP/storypoints-week1/venv/lib/python3.11/site-packages/airflow/example_dags/example_task_group.py took 0.093 seconds
[2026-03-04T23:19:28.683+0000] {processor.py:161} INFO - Started process (PID=92163) to work on /Users/HP/storypoints-week1/venv/lib/python3.11/site-packages/airflow/example_dags/example_task_group.py
[2026-03-04T23:19:28.686+0000] {processor.py:830} INFO - Processing file /Users/HP/storypoints-week1/venv/lib/python3.11/site-packages/airflow/example_dags/example_task_group.py for tasks to queue
[2026-03-04T23:19:28.687+0000] {logging_mixin.py:188} INFO - [2026-03-04T23:19:28.687+0000] {dagbag.py:538} INFO - Filling up the DagBag from /Users/HP/storypoints-week1/venv/lib/python3.11/site-packages/airflow/example_dags/example_task_group.py
[2026-03-04T23:19:28.693+0000] {processor.py:840} INFO - DAG(s) 'example_task_group' retrieved from /Users/HP/storypoints-week1/venv/lib/python3.11/site-packages/airflow/example_dags/example_task_group.py
[2026-03-04T23:19:28.752+0000] {logging_mixin.py:188} INFO - [2026-03-04T23:19:28.752+0000] {dag.py:3033} INFO - Sync 1 DAGs
[2026-03-04T23:19:28.763+0000] {logging_mixin.py:188} INFO - [2026-03-04T23:19:28.763+0000] {dag.py:3820} INFO - Setting next_dagrun for example_task_group to 2026-03-03T00:00:00+00:00, run_after=2026-03-04T00:00:00+00:00
[2026-03-04T23:19:28.775+0000] {processor.py:183} INFO - Processing /Users/HP/storypoints-week1/venv/lib/python3.11/site-packages/airflow/example_dags/example_task_group.py took 0.092 seconds
[2026-03-04T23:55:34.288+0000] {processor.py:161} INFO - Started process (PID=92872) to work on /Users/HP/storypoints-week1/venv/lib/python3.11/site-packages/airflow/example_dags/example_task_group.py
[2026-03-04T23:55:34.291+0000] {processor.py:830} INFO - Processing file /Users/HP/storypoints-week1/venv/lib/python3.11/site-packages/airflow/example_dags/example_task_group.py for tasks to queue
[2026-03-04T23:55:34.292+0000] {logging_mixin.py:188} INFO - [2026-03-04T23:55:34.292+0000] {dagbag.py:538} INFO - Filling up the DagBag from /Users/HP/storypoints-week1/venv/lib/python3.11/site-packages/airflow/example_dags/example_task_group.py
[2026-03-04T23:55:34.299+0000] {processor.py:840} INFO - DAG(s) 'example_task_group' retrieved from /Users/HP/storypoints-week1/venv/lib/python3.11/site-packages/airflow/example_dags/example_task_group.py
[2026-03-04T23:55:34.361+0000] {logging_mixin.py:188} INFO - [2026-03-04T23:55:34.361+0000] {dag.py:3033} INFO - Sync 1 DAGs
[2026-03-04T23:55:34.371+0000] {logging_mixin.py:188} INFO - [2026-03-04T23:55:34.371+0000] {dag.py:3820} INFO - Setting next_dagrun for example_task_group to 2026-03-03T00:00:00+00:00, run_after=2026-03-04T00:00:00+00:00
[2026-03-04T23:55:34.382+0000] {processor.py:183} INFO - Processing /Users/HP/storypoints-week1/venv/lib/python3.11/site-packages/airflow/example_dags/example_task_group.py took 0.094 seconds
