[2026-03-04T19:01:32.065+0000] {processor.py:161} INFO - Started process (PID=54383) to work on /Users/HP/storypoints-week1/venv/lib/python3.11/site-packages/airflow/example_dags/example_xcom.py
[2026-03-04T19:01:32.067+0000] {processor.py:830} INFO - Processing file /Users/HP/storypoints-week1/venv/lib/python3.11/site-packages/airflow/example_dags/example_xcom.py for tasks to queue
[2026-03-04T19:01:32.068+0000] {logging_mixin.py:188} INFO - [2026-03-04T19:01:32.068+0000] {dagbag.py:538} INFO - Filling up the DagBag from /Users/HP/storypoints-week1/venv/lib/python3.11/site-packages/airflow/example_dags/example_xcom.py
[2026-03-04T19:01:32.096+0000] {processor.py:840} INFO - DAG(s) 'example_xcom' retrieved from /Users/HP/storypoints-week1/venv/lib/python3.11/site-packages/airflow/example_dags/example_xcom.py
[2026-03-04T19:01:32.217+0000] {logging_mixin.py:188} INFO - [2026-03-04T19:01:32.217+0000] {override.py:1769} INFO - Created Permission View: can read on DAG:example_xcom
[2026-03-04T19:01:32.223+0000] {logging_mixin.py:188} INFO - [2026-03-04T19:01:32.223+0000] {override.py:1769} INFO - Created Permission View: can delete on DAG:example_xcom
[2026-03-04T19:01:32.227+0000] {logging_mixin.py:188} INFO - [2026-03-04T19:01:32.227+0000] {override.py:1769} INFO - Created Permission View: can edit on DAG:example_xcom
[2026-03-04T19:01:32.227+0000] {logging_mixin.py:188} INFO - [2026-03-04T19:01:32.227+0000] {dag.py:3033} INFO - Sync 1 DAGs
[2026-03-04T19:01:32.233+0000] {logging_mixin.py:188} INFO - [2026-03-04T19:01:32.233+0000] {dag.py:3055} INFO - Creating ORM DAG for example_xcom
[2026-03-04T19:01:32.238+0000] {logging_mixin.py:188} INFO - [2026-03-04T19:01:32.238+0000] {dag.py:3820} INFO - Setting next_dagrun for example_xcom to 2021-01-01T00:00:00+00:00, run_after=2021-01-01T00:00:00+00:00
[2026-03-04T19:01:32.249+0000] {processor.py:183} INFO - Processing /Users/HP/storypoints-week1/venv/lib/python3.11/site-packages/airflow/example_dags/example_xcom.py took 0.185 seconds
[2026-03-04T19:03:32.279+0000] {processor.py:161} INFO - Started process (PID=55527) to work on /Users/HP/storypoints-week1/venv/lib/python3.11/site-packages/airflow/example_dags/example_xcom.py
[2026-03-04T19:03:32.282+0000] {processor.py:830} INFO - Processing file /Users/HP/storypoints-week1/venv/lib/python3.11/site-packages/airflow/example_dags/example_xcom.py for tasks to queue
[2026-03-04T19:03:32.283+0000] {logging_mixin.py:188} INFO - [2026-03-04T19:03:32.283+0000] {dagbag.py:538} INFO - Filling up the DagBag from /Users/HP/storypoints-week1/venv/lib/python3.11/site-packages/airflow/example_dags/example_xcom.py
[2026-03-04T19:03:32.310+0000] {processor.py:840} INFO - DAG(s) 'example_xcom' retrieved from /Users/HP/storypoints-week1/venv/lib/python3.11/site-packages/airflow/example_dags/example_xcom.py
[2026-03-04T19:03:32.369+0000] {logging_mixin.py:188} INFO - [2026-03-04T19:03:32.369+0000] {dag.py:3033} INFO - Sync 1 DAGs
[2026-03-04T19:03:32.381+0000] {logging_mixin.py:188} INFO - [2026-03-04T19:03:32.381+0000] {dag.py:3820} INFO - Setting next_dagrun for example_xcom to 2021-01-01T00:00:00+00:00, run_after=2021-01-01T00:00:00+00:00
[2026-03-04T19:03:32.391+0000] {processor.py:183} INFO - Processing /Users/HP/storypoints-week1/venv/lib/python3.11/site-packages/airflow/example_dags/example_xcom.py took 0.113 seconds
[2026-03-04T19:05:08.530+0000] {processor.py:161} INFO - Started process (PID=56840) to work on /Users/HP/storypoints-week1/venv/lib/python3.11/site-packages/airflow/example_dags/example_xcom.py
[2026-03-04T19:05:08.532+0000] {processor.py:830} INFO - Processing file /Users/HP/storypoints-week1/venv/lib/python3.11/site-packages/airflow/example_dags/example_xcom.py for tasks to queue
[2026-03-04T19:05:08.534+0000] {logging_mixin.py:188} INFO - [2026-03-04T19:05:08.534+0000] {dagbag.py:538} INFO - Filling up the DagBag from /Users/HP/storypoints-week1/venv/lib/python3.11/site-packages/airflow/example_dags/example_xcom.py
[2026-03-04T19:05:08.560+0000] {processor.py:840} INFO - DAG(s) 'example_xcom' retrieved from /Users/HP/storypoints-week1/venv/lib/python3.11/site-packages/airflow/example_dags/example_xcom.py
[2026-03-04T19:05:08.622+0000] {logging_mixin.py:188} INFO - [2026-03-04T19:05:08.621+0000] {dag.py:3033} INFO - Sync 1 DAGs
[2026-03-04T19:05:08.633+0000] {logging_mixin.py:188} INFO - [2026-03-04T19:05:08.633+0000] {dag.py:3820} INFO - Setting next_dagrun for example_xcom to 2021-01-01T00:00:00+00:00, run_after=2021-01-01T00:00:00+00:00
[2026-03-04T19:05:08.644+0000] {processor.py:183} INFO - Processing /Users/HP/storypoints-week1/venv/lib/python3.11/site-packages/airflow/example_dags/example_xcom.py took 0.116 seconds
[2026-03-04T19:06:37.495+0000] {processor.py:161} INFO - Started process (PID=57694) to work on /Users/HP/storypoints-week1/venv/lib/python3.11/site-packages/airflow/example_dags/example_xcom.py
[2026-03-04T19:06:37.498+0000] {processor.py:830} INFO - Processing file /Users/HP/storypoints-week1/venv/lib/python3.11/site-packages/airflow/example_dags/example_xcom.py for tasks to queue
[2026-03-04T19:06:37.499+0000] {logging_mixin.py:188} INFO - [2026-03-04T19:06:37.499+0000] {dagbag.py:538} INFO - Filling up the DagBag from /Users/HP/storypoints-week1/venv/lib/python3.11/site-packages/airflow/example_dags/example_xcom.py
[2026-03-04T19:06:37.525+0000] {processor.py:840} INFO - DAG(s) 'example_xcom' retrieved from /Users/HP/storypoints-week1/venv/lib/python3.11/site-packages/airflow/example_dags/example_xcom.py
[2026-03-04T19:06:37.586+0000] {logging_mixin.py:188} INFO - [2026-03-04T19:06:37.585+0000] {dag.py:3033} INFO - Sync 1 DAGs
[2026-03-04T19:06:37.598+0000] {logging_mixin.py:188} INFO - [2026-03-04T19:06:37.598+0000] {dag.py:3820} INFO - Setting next_dagrun for example_xcom to 2021-01-01T00:00:00+00:00, run_after=2021-01-01T00:00:00+00:00
[2026-03-04T19:06:37.609+0000] {processor.py:183} INFO - Processing /Users/HP/storypoints-week1/venv/lib/python3.11/site-packages/airflow/example_dags/example_xcom.py took 0.115 seconds
[2026-03-04T19:07:53.006+0000] {processor.py:161} INFO - Started process (PID=58416) to work on /Users/HP/storypoints-week1/venv/lib/python3.11/site-packages/airflow/example_dags/example_xcom.py
[2026-03-04T19:07:53.009+0000] {processor.py:830} INFO - Processing file /Users/HP/storypoints-week1/venv/lib/python3.11/site-packages/airflow/example_dags/example_xcom.py for tasks to queue
[2026-03-04T19:07:53.011+0000] {logging_mixin.py:188} INFO - [2026-03-04T19:07:53.011+0000] {dagbag.py:538} INFO - Filling up the DagBag from /Users/HP/storypoints-week1/venv/lib/python3.11/site-packages/airflow/example_dags/example_xcom.py
[2026-03-04T19:07:53.038+0000] {processor.py:840} INFO - DAG(s) 'example_xcom' retrieved from /Users/HP/storypoints-week1/venv/lib/python3.11/site-packages/airflow/example_dags/example_xcom.py
[2026-03-04T19:07:53.099+0000] {logging_mixin.py:188} INFO - [2026-03-04T19:07:53.098+0000] {dag.py:3033} INFO - Sync 1 DAGs
[2026-03-04T19:07:53.110+0000] {logging_mixin.py:188} INFO - [2026-03-04T19:07:53.110+0000] {dag.py:3820} INFO - Setting next_dagrun for example_xcom to 2021-01-01T00:00:00+00:00, run_after=2021-01-01T00:00:00+00:00
[2026-03-04T19:07:53.121+0000] {processor.py:183} INFO - Processing /Users/HP/storypoints-week1/venv/lib/python3.11/site-packages/airflow/example_dags/example_xcom.py took 0.116 seconds
[2026-03-04T19:09:10.461+0000] {processor.py:161} INFO - Started process (PID=59166) to work on /Users/HP/storypoints-week1/venv/lib/python3.11/site-packages/airflow/example_dags/example_xcom.py
[2026-03-04T19:09:10.464+0000] {processor.py:830} INFO - Processing file /Users/HP/storypoints-week1/venv/lib/python3.11/site-packages/airflow/example_dags/example_xcom.py for tasks to queue
[2026-03-04T19:09:10.465+0000] {logging_mixin.py:188} INFO - [2026-03-04T19:09:10.465+0000] {dagbag.py:538} INFO - Filling up the DagBag from /Users/HP/storypoints-week1/venv/lib/python3.11/site-packages/airflow/example_dags/example_xcom.py
[2026-03-04T19:09:10.492+0000] {processor.py:840} INFO - DAG(s) 'example_xcom' retrieved from /Users/HP/storypoints-week1/venv/lib/python3.11/site-packages/airflow/example_dags/example_xcom.py
[2026-03-04T19:09:10.549+0000] {logging_mixin.py:188} INFO - [2026-03-04T19:09:10.549+0000] {dag.py:3033} INFO - Sync 1 DAGs
[2026-03-04T19:09:10.560+0000] {logging_mixin.py:188} INFO - [2026-03-04T19:09:10.560+0000] {dag.py:3820} INFO - Setting next_dagrun for example_xcom to 2021-01-01T00:00:00+00:00, run_after=2021-01-01T00:00:00+00:00
[2026-03-04T19:09:10.570+0000] {processor.py:183} INFO - Processing /Users/HP/storypoints-week1/venv/lib/python3.11/site-packages/airflow/example_dags/example_xcom.py took 0.109 seconds
[2026-03-04T19:10:35.812+0000] {processor.py:161} INFO - Started process (PID=59975) to work on /Users/HP/storypoints-week1/venv/lib/python3.11/site-packages/airflow/example_dags/example_xcom.py
[2026-03-04T19:10:35.814+0000] {processor.py:830} INFO - Processing file /Users/HP/storypoints-week1/venv/lib/python3.11/site-packages/airflow/example_dags/example_xcom.py for tasks to queue
[2026-03-04T19:10:35.816+0000] {logging_mixin.py:188} INFO - [2026-03-04T19:10:35.816+0000] {dagbag.py:538} INFO - Filling up the DagBag from /Users/HP/storypoints-week1/venv/lib/python3.11/site-packages/airflow/example_dags/example_xcom.py
[2026-03-04T19:10:35.843+0000] {processor.py:840} INFO - DAG(s) 'example_xcom' retrieved from /Users/HP/storypoints-week1/venv/lib/python3.11/site-packages/airflow/example_dags/example_xcom.py
[2026-03-04T19:10:35.902+0000] {logging_mixin.py:188} INFO - [2026-03-04T19:10:35.902+0000] {dag.py:3033} INFO - Sync 1 DAGs
[2026-03-04T19:10:35.913+0000] {logging_mixin.py:188} INFO - [2026-03-04T19:10:35.913+0000] {dag.py:3820} INFO - Setting next_dagrun for example_xcom to 2021-01-01T00:00:00+00:00, run_after=2021-01-01T00:00:00+00:00
[2026-03-04T19:10:35.924+0000] {processor.py:183} INFO - Processing /Users/HP/storypoints-week1/venv/lib/python3.11/site-packages/airflow/example_dags/example_xcom.py took 0.113 seconds
[2026-03-04T19:11:55.084+0000] {processor.py:161} INFO - Started process (PID=60734) to work on /Users/HP/storypoints-week1/venv/lib/python3.11/site-packages/airflow/example_dags/example_xcom.py
[2026-03-04T19:11:55.086+0000] {processor.py:830} INFO - Processing file /Users/HP/storypoints-week1/venv/lib/python3.11/site-packages/airflow/example_dags/example_xcom.py for tasks to queue
[2026-03-04T19:11:55.088+0000] {logging_mixin.py:188} INFO - [2026-03-04T19:11:55.088+0000] {dagbag.py:538} INFO - Filling up the DagBag from /Users/HP/storypoints-week1/venv/lib/python3.11/site-packages/airflow/example_dags/example_xcom.py
[2026-03-04T19:11:55.115+0000] {processor.py:840} INFO - DAG(s) 'example_xcom' retrieved from /Users/HP/storypoints-week1/venv/lib/python3.11/site-packages/airflow/example_dags/example_xcom.py
[2026-03-04T19:11:55.174+0000] {logging_mixin.py:188} INFO - [2026-03-04T19:11:55.173+0000] {dag.py:3033} INFO - Sync 1 DAGs
[2026-03-04T19:11:55.185+0000] {logging_mixin.py:188} INFO - [2026-03-04T19:11:55.185+0000] {dag.py:3820} INFO - Setting next_dagrun for example_xcom to 2021-01-01T00:00:00+00:00, run_after=2021-01-01T00:00:00+00:00
[2026-03-04T19:11:55.197+0000] {processor.py:183} INFO - Processing /Users/HP/storypoints-week1/venv/lib/python3.11/site-packages/airflow/example_dags/example_xcom.py took 0.114 seconds
[2026-03-04T19:33:24.251+0000] {processor.py:161} INFO - Started process (PID=74355) to work on /Users/HP/storypoints-week1/venv/lib/python3.11/site-packages/airflow/example_dags/example_xcom.py
[2026-03-04T19:33:24.255+0000] {processor.py:830} INFO - Processing file /Users/HP/storypoints-week1/venv/lib/python3.11/site-packages/airflow/example_dags/example_xcom.py for tasks to queue
[2026-03-04T19:33:24.256+0000] {logging_mixin.py:188} INFO - [2026-03-04T19:33:24.256+0000] {dagbag.py:538} INFO - Filling up the DagBag from /Users/HP/storypoints-week1/venv/lib/python3.11/site-packages/airflow/example_dags/example_xcom.py
[2026-03-04T19:33:24.296+0000] {processor.py:840} INFO - DAG(s) 'example_xcom' retrieved from /Users/HP/storypoints-week1/venv/lib/python3.11/site-packages/airflow/example_dags/example_xcom.py
[2026-03-04T19:33:24.381+0000] {logging_mixin.py:188} INFO - [2026-03-04T19:33:24.381+0000] {dag.py:3033} INFO - Sync 1 DAGs
[2026-03-04T19:33:24.397+0000] {logging_mixin.py:188} INFO - [2026-03-04T19:33:24.397+0000] {dag.py:3820} INFO - Setting next_dagrun for example_xcom to 2021-01-01T00:00:00+00:00, run_after=2021-01-01T00:00:00+00:00
[2026-03-04T19:33:24.412+0000] {processor.py:183} INFO - Processing /Users/HP/storypoints-week1/venv/lib/python3.11/site-packages/airflow/example_dags/example_xcom.py took 0.162 seconds
[2026-03-04T19:36:02.102+0000] {processor.py:161} INFO - Started process (PID=76058) to work on /Users/HP/storypoints-week1/venv/lib/python3.11/site-packages/airflow/example_dags/example_xcom.py
[2026-03-04T19:36:02.105+0000] {processor.py:830} INFO - Processing file /Users/HP/storypoints-week1/venv/lib/python3.11/site-packages/airflow/example_dags/example_xcom.py for tasks to queue
[2026-03-04T19:36:02.107+0000] {logging_mixin.py:188} INFO - [2026-03-04T19:36:02.107+0000] {dagbag.py:538} INFO - Filling up the DagBag from /Users/HP/storypoints-week1/venv/lib/python3.11/site-packages/airflow/example_dags/example_xcom.py
[2026-03-04T19:36:02.133+0000] {processor.py:840} INFO - DAG(s) 'example_xcom' retrieved from /Users/HP/storypoints-week1/venv/lib/python3.11/site-packages/airflow/example_dags/example_xcom.py
[2026-03-04T19:36:02.185+0000] {logging_mixin.py:188} INFO - [2026-03-04T19:36:02.185+0000] {dag.py:3033} INFO - Sync 1 DAGs
[2026-03-04T19:36:02.197+0000] {logging_mixin.py:188} INFO - [2026-03-04T19:36:02.197+0000] {dag.py:3820} INFO - Setting next_dagrun for example_xcom to 2021-01-01T00:00:00+00:00, run_after=2021-01-01T00:00:00+00:00
[2026-03-04T19:36:02.209+0000] {processor.py:183} INFO - Processing /Users/HP/storypoints-week1/venv/lib/python3.11/site-packages/airflow/example_dags/example_xcom.py took 0.107 seconds
[2026-03-04T19:37:49.607+0000] {processor.py:161} INFO - Started process (PID=77068) to work on /Users/HP/storypoints-week1/venv/lib/python3.11/site-packages/airflow/example_dags/example_xcom.py
[2026-03-04T19:37:49.610+0000] {processor.py:830} INFO - Processing file /Users/HP/storypoints-week1/venv/lib/python3.11/site-packages/airflow/example_dags/example_xcom.py for tasks to queue
[2026-03-04T19:37:49.612+0000] {logging_mixin.py:188} INFO - [2026-03-04T19:37:49.612+0000] {dagbag.py:538} INFO - Filling up the DagBag from /Users/HP/storypoints-week1/venv/lib/python3.11/site-packages/airflow/example_dags/example_xcom.py
[2026-03-04T19:37:49.637+0000] {processor.py:840} INFO - DAG(s) 'example_xcom' retrieved from /Users/HP/storypoints-week1/venv/lib/python3.11/site-packages/airflow/example_dags/example_xcom.py
[2026-03-04T19:37:49.699+0000] {logging_mixin.py:188} INFO - [2026-03-04T19:37:49.699+0000] {dag.py:3033} INFO - Sync 1 DAGs
[2026-03-04T19:37:49.711+0000] {logging_mixin.py:188} INFO - [2026-03-04T19:37:49.711+0000] {dag.py:3820} INFO - Setting next_dagrun for example_xcom to 2021-01-01T00:00:00+00:00, run_after=2021-01-01T00:00:00+00:00
[2026-03-04T19:37:49.722+0000] {processor.py:183} INFO - Processing /Users/HP/storypoints-week1/venv/lib/python3.11/site-packages/airflow/example_dags/example_xcom.py took 0.116 seconds
[2026-03-04T19:39:09.345+0000] {processor.py:161} INFO - Started process (PID=77835) to work on /Users/HP/storypoints-week1/venv/lib/python3.11/site-packages/airflow/example_dags/example_xcom.py
[2026-03-04T19:39:09.349+0000] {processor.py:830} INFO - Processing file /Users/HP/storypoints-week1/venv/lib/python3.11/site-packages/airflow/example_dags/example_xcom.py for tasks to queue
[2026-03-04T19:39:09.351+0000] {logging_mixin.py:188} INFO - [2026-03-04T19:39:09.351+0000] {dagbag.py:538} INFO - Filling up the DagBag from /Users/HP/storypoints-week1/venv/lib/python3.11/site-packages/airflow/example_dags/example_xcom.py
[2026-03-04T19:39:09.376+0000] {processor.py:840} INFO - DAG(s) 'example_xcom' retrieved from /Users/HP/storypoints-week1/venv/lib/python3.11/site-packages/airflow/example_dags/example_xcom.py
[2026-03-04T19:39:09.434+0000] {logging_mixin.py:188} INFO - [2026-03-04T19:39:09.434+0000] {dag.py:3033} INFO - Sync 1 DAGs
[2026-03-04T19:39:09.446+0000] {logging_mixin.py:188} INFO - [2026-03-04T19:39:09.446+0000] {dag.py:3820} INFO - Setting next_dagrun for example_xcom to 2021-01-01T00:00:00+00:00, run_after=2021-01-01T00:00:00+00:00
[2026-03-04T19:39:09.456+0000] {processor.py:183} INFO - Processing /Users/HP/storypoints-week1/venv/lib/python3.11/site-packages/airflow/example_dags/example_xcom.py took 0.112 seconds
[2026-03-04T19:40:23.201+0000] {processor.py:161} INFO - Started process (PID=78534) to work on /Users/HP/storypoints-week1/venv/lib/python3.11/site-packages/airflow/example_dags/example_xcom.py
[2026-03-04T19:40:23.203+0000] {processor.py:830} INFO - Processing file /Users/HP/storypoints-week1/venv/lib/python3.11/site-packages/airflow/example_dags/example_xcom.py for tasks to queue
[2026-03-04T19:40:23.204+0000] {logging_mixin.py:188} INFO - [2026-03-04T19:40:23.204+0000] {dagbag.py:538} INFO - Filling up the DagBag from /Users/HP/storypoints-week1/venv/lib/python3.11/site-packages/airflow/example_dags/example_xcom.py
[2026-03-04T19:40:23.229+0000] {processor.py:840} INFO - DAG(s) 'example_xcom' retrieved from /Users/HP/storypoints-week1/venv/lib/python3.11/site-packages/airflow/example_dags/example_xcom.py
[2026-03-04T19:40:23.286+0000] {logging_mixin.py:188} INFO - [2026-03-04T19:40:23.286+0000] {dag.py:3033} INFO - Sync 1 DAGs
[2026-03-04T19:40:23.298+0000] {logging_mixin.py:188} INFO - [2026-03-04T19:40:23.298+0000] {dag.py:3820} INFO - Setting next_dagrun for example_xcom to 2021-01-01T00:00:00+00:00, run_after=2021-01-01T00:00:00+00:00
[2026-03-04T19:40:23.309+0000] {processor.py:183} INFO - Processing /Users/HP/storypoints-week1/venv/lib/python3.11/site-packages/airflow/example_dags/example_xcom.py took 0.110 seconds
[2026-03-04T19:41:36.738+0000] {processor.py:161} INFO - Started process (PID=79228) to work on /Users/HP/storypoints-week1/venv/lib/python3.11/site-packages/airflow/example_dags/example_xcom.py
[2026-03-04T19:41:36.740+0000] {processor.py:830} INFO - Processing file /Users/HP/storypoints-week1/venv/lib/python3.11/site-packages/airflow/example_dags/example_xcom.py for tasks to queue
[2026-03-04T19:41:36.742+0000] {logging_mixin.py:188} INFO - [2026-03-04T19:41:36.742+0000] {dagbag.py:538} INFO - Filling up the DagBag from /Users/HP/storypoints-week1/venv/lib/python3.11/site-packages/airflow/example_dags/example_xcom.py
[2026-03-04T19:41:36.767+0000] {processor.py:840} INFO - DAG(s) 'example_xcom' retrieved from /Users/HP/storypoints-week1/venv/lib/python3.11/site-packages/airflow/example_dags/example_xcom.py
[2026-03-04T19:41:36.825+0000] {logging_mixin.py:188} INFO - [2026-03-04T19:41:36.825+0000] {dag.py:3033} INFO - Sync 1 DAGs
[2026-03-04T19:41:36.835+0000] {logging_mixin.py:188} INFO - [2026-03-04T19:41:36.835+0000] {dag.py:3820} INFO - Setting next_dagrun for example_xcom to 2021-01-01T00:00:00+00:00, run_after=2021-01-01T00:00:00+00:00
[2026-03-04T19:41:36.844+0000] {processor.py:183} INFO - Processing /Users/HP/storypoints-week1/venv/lib/python3.11/site-packages/airflow/example_dags/example_xcom.py took 0.107 seconds
[2026-03-04T19:42:50.834+0000] {processor.py:161} INFO - Started process (PID=79919) to work on /Users/HP/storypoints-week1/venv/lib/python3.11/site-packages/airflow/example_dags/example_xcom.py
[2026-03-04T19:42:50.836+0000] {processor.py:830} INFO - Processing file /Users/HP/storypoints-week1/venv/lib/python3.11/site-packages/airflow/example_dags/example_xcom.py for tasks to queue
[2026-03-04T19:42:50.837+0000] {logging_mixin.py:188} INFO - [2026-03-04T19:42:50.837+0000] {dagbag.py:538} INFO - Filling up the DagBag from /Users/HP/storypoints-week1/venv/lib/python3.11/site-packages/airflow/example_dags/example_xcom.py
[2026-03-04T19:42:50.863+0000] {processor.py:840} INFO - DAG(s) 'example_xcom' retrieved from /Users/HP/storypoints-week1/venv/lib/python3.11/site-packages/airflow/example_dags/example_xcom.py
[2026-03-04T19:42:50.924+0000] {logging_mixin.py:188} INFO - [2026-03-04T19:42:50.924+0000] {dag.py:3033} INFO - Sync 1 DAGs
[2026-03-04T19:42:50.935+0000] {logging_mixin.py:188} INFO - [2026-03-04T19:42:50.935+0000] {dag.py:3820} INFO - Setting next_dagrun for example_xcom to 2021-01-01T00:00:00+00:00, run_after=2021-01-01T00:00:00+00:00
[2026-03-04T19:42:50.946+0000] {processor.py:183} INFO - Processing /Users/HP/storypoints-week1/venv/lib/python3.11/site-packages/airflow/example_dags/example_xcom.py took 0.113 seconds
[2026-03-04T19:44:04.443+0000] {processor.py:161} INFO - Started process (PID=80614) to work on /Users/HP/storypoints-week1/venv/lib/python3.11/site-packages/airflow/example_dags/example_xcom.py
[2026-03-04T19:44:04.445+0000] {processor.py:830} INFO - Processing file /Users/HP/storypoints-week1/venv/lib/python3.11/site-packages/airflow/example_dags/example_xcom.py for tasks to queue
[2026-03-04T19:44:04.447+0000] {logging_mixin.py:188} INFO - [2026-03-04T19:44:04.446+0000] {dagbag.py:538} INFO - Filling up the DagBag from /Users/HP/storypoints-week1/venv/lib/python3.11/site-packages/airflow/example_dags/example_xcom.py
[2026-03-04T19:44:04.473+0000] {processor.py:840} INFO - DAG(s) 'example_xcom' retrieved from /Users/HP/storypoints-week1/venv/lib/python3.11/site-packages/airflow/example_dags/example_xcom.py
[2026-03-04T19:44:04.535+0000] {logging_mixin.py:188} INFO - [2026-03-04T19:44:04.534+0000] {dag.py:3033} INFO - Sync 1 DAGs
[2026-03-04T19:44:04.546+0000] {logging_mixin.py:188} INFO - [2026-03-04T19:44:04.546+0000] {dag.py:3820} INFO - Setting next_dagrun for example_xcom to 2021-01-01T00:00:00+00:00, run_after=2021-01-01T00:00:00+00:00
[2026-03-04T19:44:04.557+0000] {processor.py:183} INFO - Processing /Users/HP/storypoints-week1/venv/lib/python3.11/site-packages/airflow/example_dags/example_xcom.py took 0.116 seconds
[2026-03-04T19:45:18.347+0000] {processor.py:161} INFO - Started process (PID=81311) to work on /Users/HP/storypoints-week1/venv/lib/python3.11/site-packages/airflow/example_dags/example_xcom.py
[2026-03-04T19:45:18.350+0000] {processor.py:830} INFO - Processing file /Users/HP/storypoints-week1/venv/lib/python3.11/site-packages/airflow/example_dags/example_xcom.py for tasks to queue
[2026-03-04T19:45:18.351+0000] {logging_mixin.py:188} INFO - [2026-03-04T19:45:18.351+0000] {dagbag.py:538} INFO - Filling up the DagBag from /Users/HP/storypoints-week1/venv/lib/python3.11/site-packages/airflow/example_dags/example_xcom.py
[2026-03-04T19:45:18.377+0000] {processor.py:840} INFO - DAG(s) 'example_xcom' retrieved from /Users/HP/storypoints-week1/venv/lib/python3.11/site-packages/airflow/example_dags/example_xcom.py
[2026-03-04T19:45:18.438+0000] {logging_mixin.py:188} INFO - [2026-03-04T19:45:18.438+0000] {dag.py:3033} INFO - Sync 1 DAGs
[2026-03-04T19:45:18.450+0000] {logging_mixin.py:188} INFO - [2026-03-04T19:45:18.450+0000] {dag.py:3820} INFO - Setting next_dagrun for example_xcom to 2021-01-01T00:00:00+00:00, run_after=2021-01-01T00:00:00+00:00
[2026-03-04T19:45:18.461+0000] {processor.py:183} INFO - Processing /Users/HP/storypoints-week1/venv/lib/python3.11/site-packages/airflow/example_dags/example_xcom.py took 0.114 seconds
[2026-03-04T19:46:32.050+0000] {processor.py:161} INFO - Started process (PID=82019) to work on /Users/HP/storypoints-week1/venv/lib/python3.11/site-packages/airflow/example_dags/example_xcom.py
[2026-03-04T19:46:32.052+0000] {processor.py:830} INFO - Processing file /Users/HP/storypoints-week1/venv/lib/python3.11/site-packages/airflow/example_dags/example_xcom.py for tasks to queue
[2026-03-04T19:46:32.054+0000] {logging_mixin.py:188} INFO - [2026-03-04T19:46:32.054+0000] {dagbag.py:538} INFO - Filling up the DagBag from /Users/HP/storypoints-week1/venv/lib/python3.11/site-packages/airflow/example_dags/example_xcom.py
[2026-03-04T19:46:32.080+0000] {processor.py:840} INFO - DAG(s) 'example_xcom' retrieved from /Users/HP/storypoints-week1/venv/lib/python3.11/site-packages/airflow/example_dags/example_xcom.py
[2026-03-04T19:46:32.140+0000] {logging_mixin.py:188} INFO - [2026-03-04T19:46:32.140+0000] {dag.py:3033} INFO - Sync 1 DAGs
[2026-03-04T19:46:32.152+0000] {logging_mixin.py:188} INFO - [2026-03-04T19:46:32.152+0000] {dag.py:3820} INFO - Setting next_dagrun for example_xcom to 2021-01-01T00:00:00+00:00, run_after=2021-01-01T00:00:00+00:00
[2026-03-04T19:46:32.163+0000] {processor.py:183} INFO - Processing /Users/HP/storypoints-week1/venv/lib/python3.11/site-packages/airflow/example_dags/example_xcom.py took 0.114 seconds
[2026-03-04T19:59:57.138+0000] {processor.py:161} INFO - Started process (PID=82720) to work on /Users/HP/storypoints-week1/venv/lib/python3.11/site-packages/airflow/example_dags/example_xcom.py
[2026-03-04T19:59:57.140+0000] {processor.py:830} INFO - Processing file /Users/HP/storypoints-week1/venv/lib/python3.11/site-packages/airflow/example_dags/example_xcom.py for tasks to queue
[2026-03-04T19:59:57.142+0000] {logging_mixin.py:188} INFO - [2026-03-04T19:59:57.141+0000] {dagbag.py:538} INFO - Filling up the DagBag from /Users/HP/storypoints-week1/venv/lib/python3.11/site-packages/airflow/example_dags/example_xcom.py
[2026-03-04T19:59:57.166+0000] {processor.py:840} INFO - DAG(s) 'example_xcom' retrieved from /Users/HP/storypoints-week1/venv/lib/python3.11/site-packages/airflow/example_dags/example_xcom.py
[2026-03-04T19:59:57.225+0000] {logging_mixin.py:188} INFO - [2026-03-04T19:59:57.225+0000] {dag.py:3033} INFO - Sync 1 DAGs
[2026-03-04T19:59:57.237+0000] {logging_mixin.py:188} INFO - [2026-03-04T19:59:57.236+0000] {dag.py:3820} INFO - Setting next_dagrun for example_xcom to 2021-01-01T00:00:00+00:00, run_after=2021-01-01T00:00:00+00:00
[2026-03-04T19:59:57.247+0000] {processor.py:183} INFO - Processing /Users/HP/storypoints-week1/venv/lib/python3.11/site-packages/airflow/example_dags/example_xcom.py took 0.110 seconds
[2026-03-04T20:04:49.141+0000] {processor.py:161} INFO - Started process (PID=83456) to work on /Users/HP/storypoints-week1/venv/lib/python3.11/site-packages/airflow/example_dags/example_xcom.py
[2026-03-04T20:04:49.143+0000] {processor.py:830} INFO - Processing file /Users/HP/storypoints-week1/venv/lib/python3.11/site-packages/airflow/example_dags/example_xcom.py for tasks to queue
[2026-03-04T20:04:49.144+0000] {logging_mixin.py:188} INFO - [2026-03-04T20:04:49.144+0000] {dagbag.py:538} INFO - Filling up the DagBag from /Users/HP/storypoints-week1/venv/lib/python3.11/site-packages/airflow/example_dags/example_xcom.py
[2026-03-04T20:04:49.170+0000] {processor.py:840} INFO - DAG(s) 'example_xcom' retrieved from /Users/HP/storypoints-week1/venv/lib/python3.11/site-packages/airflow/example_dags/example_xcom.py
[2026-03-04T20:04:49.231+0000] {logging_mixin.py:188} INFO - [2026-03-04T20:04:49.231+0000] {dag.py:3033} INFO - Sync 1 DAGs
[2026-03-04T20:04:49.243+0000] {logging_mixin.py:188} INFO - [2026-03-04T20:04:49.243+0000] {dag.py:3820} INFO - Setting next_dagrun for example_xcom to 2021-01-01T00:00:00+00:00, run_after=2021-01-01T00:00:00+00:00
[2026-03-04T20:04:49.254+0000] {processor.py:183} INFO - Processing /Users/HP/storypoints-week1/venv/lib/python3.11/site-packages/airflow/example_dags/example_xcom.py took 0.113 seconds
[2026-03-04T20:13:59.606+0000] {processor.py:161} INFO - Started process (PID=84332) to work on /Users/HP/storypoints-week1/venv/lib/python3.11/site-packages/airflow/example_dags/example_xcom.py
[2026-03-04T20:13:59.608+0000] {processor.py:830} INFO - Processing file /Users/HP/storypoints-week1/venv/lib/python3.11/site-packages/airflow/example_dags/example_xcom.py for tasks to queue
[2026-03-04T20:13:59.609+0000] {logging_mixin.py:188} INFO - [2026-03-04T20:13:59.609+0000] {dagbag.py:538} INFO - Filling up the DagBag from /Users/HP/storypoints-week1/venv/lib/python3.11/site-packages/airflow/example_dags/example_xcom.py
[2026-03-04T20:13:59.634+0000] {processor.py:840} INFO - DAG(s) 'example_xcom' retrieved from /Users/HP/storypoints-week1/venv/lib/python3.11/site-packages/airflow/example_dags/example_xcom.py
[2026-03-04T20:13:59.693+0000] {logging_mixin.py:188} INFO - [2026-03-04T20:13:59.693+0000] {dag.py:3033} INFO - Sync 1 DAGs
[2026-03-04T20:13:59.704+0000] {logging_mixin.py:188} INFO - [2026-03-04T20:13:59.704+0000] {dag.py:3820} INFO - Setting next_dagrun for example_xcom to 2021-01-01T00:00:00+00:00, run_after=2021-01-01T00:00:00+00:00
[2026-03-04T20:13:59.716+0000] {processor.py:183} INFO - Processing /Users/HP/storypoints-week1/venv/lib/python3.11/site-packages/airflow/example_dags/example_xcom.py took 0.111 seconds
[2026-03-04T20:15:17.643+0000] {processor.py:161} INFO - Started process (PID=85061) to work on /Users/HP/storypoints-week1/venv/lib/python3.11/site-packages/airflow/example_dags/example_xcom.py
[2026-03-04T20:15:17.646+0000] {processor.py:830} INFO - Processing file /Users/HP/storypoints-week1/venv/lib/python3.11/site-packages/airflow/example_dags/example_xcom.py for tasks to queue
[2026-03-04T20:15:17.648+0000] {logging_mixin.py:188} INFO - [2026-03-04T20:15:17.648+0000] {dagbag.py:538} INFO - Filling up the DagBag from /Users/HP/storypoints-week1/venv/lib/python3.11/site-packages/airflow/example_dags/example_xcom.py
[2026-03-04T20:15:17.674+0000] {processor.py:840} INFO - DAG(s) 'example_xcom' retrieved from /Users/HP/storypoints-week1/venv/lib/python3.11/site-packages/airflow/example_dags/example_xcom.py
[2026-03-04T20:15:17.738+0000] {logging_mixin.py:188} INFO - [2026-03-04T20:15:17.738+0000] {dag.py:3033} INFO - Sync 1 DAGs
[2026-03-04T20:15:17.750+0000] {logging_mixin.py:188} INFO - [2026-03-04T20:15:17.750+0000] {dag.py:3820} INFO - Setting next_dagrun for example_xcom to 2021-01-01T00:00:00+00:00, run_after=2021-01-01T00:00:00+00:00
[2026-03-04T20:15:17.762+0000] {processor.py:183} INFO - Processing /Users/HP/storypoints-week1/venv/lib/python3.11/site-packages/airflow/example_dags/example_xcom.py took 0.121 seconds
[2026-03-04T20:23:25.463+0000] {processor.py:161} INFO - Started process (PID=85806) to work on /Users/HP/storypoints-week1/venv/lib/python3.11/site-packages/airflow/example_dags/example_xcom.py
[2026-03-04T20:23:25.466+0000] {processor.py:830} INFO - Processing file /Users/HP/storypoints-week1/venv/lib/python3.11/site-packages/airflow/example_dags/example_xcom.py for tasks to queue
[2026-03-04T20:23:25.467+0000] {logging_mixin.py:188} INFO - [2026-03-04T20:23:25.467+0000] {dagbag.py:538} INFO - Filling up the DagBag from /Users/HP/storypoints-week1/venv/lib/python3.11/site-packages/airflow/example_dags/example_xcom.py
[2026-03-04T20:23:25.493+0000] {processor.py:840} INFO - DAG(s) 'example_xcom' retrieved from /Users/HP/storypoints-week1/venv/lib/python3.11/site-packages/airflow/example_dags/example_xcom.py
[2026-03-04T20:23:25.549+0000] {logging_mixin.py:188} INFO - [2026-03-04T20:23:25.549+0000] {dag.py:3033} INFO - Sync 1 DAGs
[2026-03-04T20:23:25.561+0000] {logging_mixin.py:188} INFO - [2026-03-04T20:23:25.560+0000] {dag.py:3820} INFO - Setting next_dagrun for example_xcom to 2021-01-01T00:00:00+00:00, run_after=2021-01-01T00:00:00+00:00
[2026-03-04T20:23:25.571+0000] {processor.py:183} INFO - Processing /Users/HP/storypoints-week1/venv/lib/python3.11/site-packages/airflow/example_dags/example_xcom.py took 0.109 seconds
[2026-03-04T20:24:55.337+0000] {processor.py:161} INFO - Started process (PID=86648) to work on /Users/HP/storypoints-week1/venv/lib/python3.11/site-packages/airflow/example_dags/example_xcom.py
[2026-03-04T20:24:55.340+0000] {processor.py:830} INFO - Processing file /Users/HP/storypoints-week1/venv/lib/python3.11/site-packages/airflow/example_dags/example_xcom.py for tasks to queue
[2026-03-04T20:24:55.341+0000] {logging_mixin.py:188} INFO - [2026-03-04T20:24:55.341+0000] {dagbag.py:538} INFO - Filling up the DagBag from /Users/HP/storypoints-week1/venv/lib/python3.11/site-packages/airflow/example_dags/example_xcom.py
[2026-03-04T20:24:55.368+0000] {processor.py:840} INFO - DAG(s) 'example_xcom' retrieved from /Users/HP/storypoints-week1/venv/lib/python3.11/site-packages/airflow/example_dags/example_xcom.py
[2026-03-04T20:24:55.427+0000] {logging_mixin.py:188} INFO - [2026-03-04T20:24:55.427+0000] {dag.py:3033} INFO - Sync 1 DAGs
[2026-03-04T20:24:55.438+0000] {logging_mixin.py:188} INFO - [2026-03-04T20:24:55.438+0000] {dag.py:3820} INFO - Setting next_dagrun for example_xcom to 2021-01-01T00:00:00+00:00, run_after=2021-01-01T00:00:00+00:00
[2026-03-04T20:24:55.449+0000] {processor.py:183} INFO - Processing /Users/HP/storypoints-week1/venv/lib/python3.11/site-packages/airflow/example_dags/example_xcom.py took 0.113 seconds
[2026-03-04T20:29:33.761+0000] {processor.py:161} INFO - Started process (PID=87379) to work on /Users/HP/storypoints-week1/venv/lib/python3.11/site-packages/airflow/example_dags/example_xcom.py
[2026-03-04T20:29:33.763+0000] {processor.py:830} INFO - Processing file /Users/HP/storypoints-week1/venv/lib/python3.11/site-packages/airflow/example_dags/example_xcom.py for tasks to queue
[2026-03-04T20:29:33.765+0000] {logging_mixin.py:188} INFO - [2026-03-04T20:29:33.765+0000] {dagbag.py:538} INFO - Filling up the DagBag from /Users/HP/storypoints-week1/venv/lib/python3.11/site-packages/airflow/example_dags/example_xcom.py
[2026-03-04T20:29:33.790+0000] {processor.py:840} INFO - DAG(s) 'example_xcom' retrieved from /Users/HP/storypoints-week1/venv/lib/python3.11/site-packages/airflow/example_dags/example_xcom.py
[2026-03-04T20:29:33.849+0000] {logging_mixin.py:188} INFO - [2026-03-04T20:29:33.849+0000] {dag.py:3033} INFO - Sync 1 DAGs
[2026-03-04T20:29:33.860+0000] {logging_mixin.py:188} INFO - [2026-03-04T20:29:33.860+0000] {dag.py:3820} INFO - Setting next_dagrun for example_xcom to 2021-01-01T00:00:00+00:00, run_after=2021-01-01T00:00:00+00:00
[2026-03-04T20:29:33.871+0000] {processor.py:183} INFO - Processing /Users/HP/storypoints-week1/venv/lib/python3.11/site-packages/airflow/example_dags/example_xcom.py took 0.111 seconds
[2026-03-04T21:06:35.310+0000] {processor.py:161} INFO - Started process (PID=88190) to work on /Users/HP/storypoints-week1/venv/lib/python3.11/site-packages/airflow/example_dags/example_xcom.py
[2026-03-04T21:06:35.312+0000] {processor.py:830} INFO - Processing file /Users/HP/storypoints-week1/venv/lib/python3.11/site-packages/airflow/example_dags/example_xcom.py for tasks to queue
[2026-03-04T21:06:35.313+0000] {logging_mixin.py:188} INFO - [2026-03-04T21:06:35.313+0000] {dagbag.py:538} INFO - Filling up the DagBag from /Users/HP/storypoints-week1/venv/lib/python3.11/site-packages/airflow/example_dags/example_xcom.py
[2026-03-04T21:06:35.340+0000] {processor.py:840} INFO - DAG(s) 'example_xcom' retrieved from /Users/HP/storypoints-week1/venv/lib/python3.11/site-packages/airflow/example_dags/example_xcom.py
[2026-03-04T21:06:35.399+0000] {logging_mixin.py:188} INFO - [2026-03-04T21:06:35.399+0000] {dag.py:3033} INFO - Sync 1 DAGs
[2026-03-04T21:06:35.411+0000] {logging_mixin.py:188} INFO - [2026-03-04T21:06:35.410+0000] {dag.py:3820} INFO - Setting next_dagrun for example_xcom to 2021-01-01T00:00:00+00:00, run_after=2021-01-01T00:00:00+00:00
[2026-03-04T21:06:35.421+0000] {processor.py:183} INFO - Processing /Users/HP/storypoints-week1/venv/lib/python3.11/site-packages/airflow/example_dags/example_xcom.py took 0.113 seconds
[2026-03-04T22:17:28.990+0000] {processor.py:161} INFO - Started process (PID=88945) to work on /Users/HP/storypoints-week1/venv/lib/python3.11/site-packages/airflow/example_dags/example_xcom.py
[2026-03-04T22:17:28.993+0000] {processor.py:830} INFO - Processing file /Users/HP/storypoints-week1/venv/lib/python3.11/site-packages/airflow/example_dags/example_xcom.py for tasks to queue
[2026-03-04T22:17:28.994+0000] {logging_mixin.py:188} INFO - [2026-03-04T22:17:28.994+0000] {dagbag.py:538} INFO - Filling up the DagBag from /Users/HP/storypoints-week1/venv/lib/python3.11/site-packages/airflow/example_dags/example_xcom.py
[2026-03-04T22:17:29.020+0000] {processor.py:840} INFO - DAG(s) 'example_xcom' retrieved from /Users/HP/storypoints-week1/venv/lib/python3.11/site-packages/airflow/example_dags/example_xcom.py
[2026-03-04T22:17:29.080+0000] {logging_mixin.py:188} INFO - [2026-03-04T22:17:29.079+0000] {dag.py:3033} INFO - Sync 1 DAGs
[2026-03-04T22:17:29.092+0000] {logging_mixin.py:188} INFO - [2026-03-04T22:17:29.092+0000] {dag.py:3820} INFO - Setting next_dagrun for example_xcom to 2021-01-01T00:00:00+00:00, run_after=2021-01-01T00:00:00+00:00
[2026-03-04T22:17:29.103+0000] {processor.py:183} INFO - Processing /Users/HP/storypoints-week1/venv/lib/python3.11/site-packages/airflow/example_dags/example_xcom.py took 0.113 seconds
[2026-03-04T22:19:08.828+0000] {processor.py:161} INFO - Started process (PID=89887) to work on /Users/HP/storypoints-week1/venv/lib/python3.11/site-packages/airflow/example_dags/example_xcom.py
[2026-03-04T22:19:08.830+0000] {processor.py:830} INFO - Processing file /Users/HP/storypoints-week1/venv/lib/python3.11/site-packages/airflow/example_dags/example_xcom.py for tasks to queue
[2026-03-04T22:19:08.832+0000] {logging_mixin.py:188} INFO - [2026-03-04T22:19:08.832+0000] {dagbag.py:538} INFO - Filling up the DagBag from /Users/HP/storypoints-week1/venv/lib/python3.11/site-packages/airflow/example_dags/example_xcom.py
[2026-03-04T22:19:08.857+0000] {processor.py:840} INFO - DAG(s) 'example_xcom' retrieved from /Users/HP/storypoints-week1/venv/lib/python3.11/site-packages/airflow/example_dags/example_xcom.py
[2026-03-04T22:19:08.913+0000] {logging_mixin.py:188} INFO - [2026-03-04T22:19:08.913+0000] {dag.py:3033} INFO - Sync 1 DAGs
[2026-03-04T22:19:08.925+0000] {logging_mixin.py:188} INFO - [2026-03-04T22:19:08.925+0000] {dag.py:3820} INFO - Setting next_dagrun for example_xcom to 2021-01-01T00:00:00+00:00, run_after=2021-01-01T00:00:00+00:00
[2026-03-04T22:19:08.936+0000] {processor.py:183} INFO - Processing /Users/HP/storypoints-week1/venv/lib/python3.11/site-packages/airflow/example_dags/example_xcom.py took 0.109 seconds
[2026-03-04T23:05:55.304+0000] {processor.py:161} INFO - Started process (PID=90646) to work on /Users/HP/storypoints-week1/venv/lib/python3.11/site-packages/airflow/example_dags/example_xcom.py
[2026-03-04T23:05:55.309+0000] {processor.py:830} INFO - Processing file /Users/HP/storypoints-week1/venv/lib/python3.11/site-packages/airflow/example_dags/example_xcom.py for tasks to queue
[2026-03-04T23:05:55.310+0000] {logging_mixin.py:188} INFO - [2026-03-04T23:05:55.310+0000] {dagbag.py:538} INFO - Filling up the DagBag from /Users/HP/storypoints-week1/venv/lib/python3.11/site-packages/airflow/example_dags/example_xcom.py
[2026-03-04T23:05:55.344+0000] {processor.py:840} INFO - DAG(s) 'example_xcom' retrieved from /Users/HP/storypoints-week1/venv/lib/python3.11/site-packages/airflow/example_dags/example_xcom.py
[2026-03-04T23:05:55.435+0000] {logging_mixin.py:188} INFO - [2026-03-04T23:05:55.435+0000] {dag.py:3033} INFO - Sync 1 DAGs
[2026-03-04T23:05:55.450+0000] {logging_mixin.py:188} INFO - [2026-03-04T23:05:55.450+0000] {dag.py:3820} INFO - Setting next_dagrun for example_xcom to 2021-01-01T00:00:00+00:00, run_after=2021-01-01T00:00:00+00:00
[2026-03-04T23:05:55.464+0000] {processor.py:183} INFO - Processing /Users/HP/storypoints-week1/venv/lib/python3.11/site-packages/airflow/example_dags/example_xcom.py took 0.161 seconds
[2026-03-04T23:07:09.218+0000] {processor.py:161} INFO - Started process (PID=91358) to work on /Users/HP/storypoints-week1/venv/lib/python3.11/site-packages/airflow/example_dags/example_xcom.py
[2026-03-04T23:07:09.221+0000] {processor.py:830} INFO - Processing file /Users/HP/storypoints-week1/venv/lib/python3.11/site-packages/airflow/example_dags/example_xcom.py for tasks to queue
[2026-03-04T23:07:09.222+0000] {logging_mixin.py:188} INFO - [2026-03-04T23:07:09.222+0000] {dagbag.py:538} INFO - Filling up the DagBag from /Users/HP/storypoints-week1/venv/lib/python3.11/site-packages/airflow/example_dags/example_xcom.py
[2026-03-04T23:07:09.248+0000] {processor.py:840} INFO - DAG(s) 'example_xcom' retrieved from /Users/HP/storypoints-week1/venv/lib/python3.11/site-packages/airflow/example_dags/example_xcom.py
[2026-03-04T23:07:09.307+0000] {logging_mixin.py:188} INFO - [2026-03-04T23:07:09.307+0000] {dag.py:3033} INFO - Sync 1 DAGs
[2026-03-04T23:07:09.318+0000] {logging_mixin.py:188} INFO - [2026-03-04T23:07:09.318+0000] {dag.py:3820} INFO - Setting next_dagrun for example_xcom to 2021-01-01T00:00:00+00:00, run_after=2021-01-01T00:00:00+00:00
[2026-03-04T23:07:09.329+0000] {processor.py:183} INFO - Processing /Users/HP/storypoints-week1/venv/lib/python3.11/site-packages/airflow/example_dags/example_xcom.py took 0.111 seconds
[2026-03-04T23:19:18.233+0000] {processor.py:161} INFO - Started process (PID=92062) to work on /Users/HP/storypoints-week1/venv/lib/python3.11/site-packages/airflow/example_dags/example_xcom.py
[2026-03-04T23:19:18.236+0000] {processor.py:830} INFO - Processing file /Users/HP/storypoints-week1/venv/lib/python3.11/site-packages/airflow/example_dags/example_xcom.py for tasks to queue
[2026-03-04T23:19:18.237+0000] {logging_mixin.py:188} INFO - [2026-03-04T23:19:18.237+0000] {dagbag.py:538} INFO - Filling up the DagBag from /Users/HP/storypoints-week1/venv/lib/python3.11/site-packages/airflow/example_dags/example_xcom.py
[2026-03-04T23:19:18.262+0000] {processor.py:840} INFO - DAG(s) 'example_xcom' retrieved from /Users/HP/storypoints-week1/venv/lib/python3.11/site-packages/airflow/example_dags/example_xcom.py
[2026-03-04T23:19:18.319+0000] {logging_mixin.py:188} INFO - [2026-03-04T23:19:18.318+0000] {dag.py:3033} INFO - Sync 1 DAGs
[2026-03-04T23:19:18.330+0000] {logging_mixin.py:188} INFO - [2026-03-04T23:19:18.330+0000] {dag.py:3820} INFO - Setting next_dagrun for example_xcom to 2021-01-01T00:00:00+00:00, run_after=2021-01-01T00:00:00+00:00
[2026-03-04T23:19:18.341+0000] {processor.py:183} INFO - Processing /Users/HP/storypoints-week1/venv/lib/python3.11/site-packages/airflow/example_dags/example_xcom.py took 0.108 seconds
[2026-03-04T23:20:52.182+0000] {processor.py:161} INFO - Started process (PID=92765) to work on /Users/HP/storypoints-week1/venv/lib/python3.11/site-packages/airflow/example_dags/example_xcom.py
[2026-03-04T23:20:52.184+0000] {processor.py:830} INFO - Processing file /Users/HP/storypoints-week1/venv/lib/python3.11/site-packages/airflow/example_dags/example_xcom.py for tasks to queue
[2026-03-04T23:20:52.186+0000] {logging_mixin.py:188} INFO - [2026-03-04T23:20:52.185+0000] {dagbag.py:538} INFO - Filling up the DagBag from /Users/HP/storypoints-week1/venv/lib/python3.11/site-packages/airflow/example_dags/example_xcom.py
[2026-03-04T23:20:52.210+0000] {processor.py:840} INFO - DAG(s) 'example_xcom' retrieved from /Users/HP/storypoints-week1/venv/lib/python3.11/site-packages/airflow/example_dags/example_xcom.py
[2026-03-04T23:20:52.269+0000] {logging_mixin.py:188} INFO - [2026-03-04T23:20:52.269+0000] {dag.py:3033} INFO - Sync 1 DAGs
[2026-03-04T23:20:52.280+0000] {logging_mixin.py:188} INFO - [2026-03-04T23:20:52.280+0000] {dag.py:3820} INFO - Setting next_dagrun for example_xcom to 2021-01-01T00:00:00+00:00, run_after=2021-01-01T00:00:00+00:00
[2026-03-04T23:20:52.291+0000] {processor.py:183} INFO - Processing /Users/HP/storypoints-week1/venv/lib/python3.11/site-packages/airflow/example_dags/example_xcom.py took 0.109 seconds
