[2026-03-04T19:02:30.586+0000] {processor.py:161} INFO - Started process (PID=54932) to work on /Users/HP/storypoints-week1/venv/lib/python3.11/site-packages/airflow/example_dags/example_latest_only.py
[2026-03-04T19:02:30.589+0000] {processor.py:830} INFO - Processing file /Users/HP/storypoints-week1/venv/lib/python3.11/site-packages/airflow/example_dags/example_latest_only.py for tasks to queue
[2026-03-04T19:02:30.591+0000] {logging_mixin.py:188} INFO - [2026-03-04T19:02:30.591+0000] {dagbag.py:538} INFO - Filling up the DagBag from /Users/HP/storypoints-week1/venv/lib/python3.11/site-packages/airflow/example_dags/example_latest_only.py
[2026-03-04T19:02:30.599+0000] {processor.py:840} INFO - DAG(s) 'latest_only' retrieved from /Users/HP/storypoints-week1/venv/lib/python3.11/site-packages/airflow/example_dags/example_latest_only.py
[2026-03-04T19:02:30.763+0000] {logging_mixin.py:188} INFO - [2026-03-04T19:02:30.762+0000] {override.py:1769} INFO - Created Permission View: can delete on DAG:latest_only
[2026-03-04T19:02:30.770+0000] {logging_mixin.py:188} INFO - [2026-03-04T19:02:30.769+0000] {override.py:1769} INFO - Created Permission View: can edit on DAG:latest_only
[2026-03-04T19:02:30.774+0000] {logging_mixin.py:188} INFO - [2026-03-04T19:02:30.773+0000] {override.py:1769} INFO - Created Permission View: can read on DAG:latest_only
[2026-03-04T19:02:30.774+0000] {logging_mixin.py:188} INFO - [2026-03-04T19:02:30.774+0000] {dag.py:3033} INFO - Sync 1 DAGs
[2026-03-04T19:02:30.783+0000] {logging_mixin.py:188} INFO - [2026-03-04T19:02:30.783+0000] {dag.py:3055} INFO - Creating ORM DAG for latest_only
[2026-03-04T19:02:30.791+0000] {logging_mixin.py:188} INFO - [2026-03-04T19:02:30.791+0000] {dag.py:3820} INFO - Setting next_dagrun for latest_only to 2026-03-04T12:00:00+00:00, run_after=2026-03-04T16:00:00+00:00
[2026-03-04T19:02:30.804+0000] {processor.py:183} INFO - Processing /Users/HP/storypoints-week1/venv/lib/python3.11/site-packages/airflow/example_dags/example_latest_only.py took 0.219 seconds
[2026-03-04T19:04:34.077+0000] {processor.py:161} INFO - Started process (PID=56524) to work on /Users/HP/storypoints-week1/venv/lib/python3.11/site-packages/airflow/example_dags/example_latest_only.py
[2026-03-04T19:04:34.080+0000] {processor.py:830} INFO - Processing file /Users/HP/storypoints-week1/venv/lib/python3.11/site-packages/airflow/example_dags/example_latest_only.py for tasks to queue
[2026-03-04T19:04:34.081+0000] {logging_mixin.py:188} INFO - [2026-03-04T19:04:34.081+0000] {dagbag.py:538} INFO - Filling up the DagBag from /Users/HP/storypoints-week1/venv/lib/python3.11/site-packages/airflow/example_dags/example_latest_only.py
[2026-03-04T19:04:34.087+0000] {processor.py:840} INFO - DAG(s) 'latest_only' retrieved from /Users/HP/storypoints-week1/venv/lib/python3.11/site-packages/airflow/example_dags/example_latest_only.py
[2026-03-04T19:04:34.147+0000] {logging_mixin.py:188} INFO - [2026-03-04T19:04:34.147+0000] {dag.py:3033} INFO - Sync 1 DAGs
[2026-03-04T19:04:34.158+0000] {logging_mixin.py:188} INFO - [2026-03-04T19:04:34.158+0000] {dag.py:3820} INFO - Setting next_dagrun for latest_only to 2026-03-04T12:00:00+00:00, run_after=2026-03-04T16:00:00+00:00
[2026-03-04T19:04:34.169+0000] {processor.py:183} INFO - Processing /Users/HP/storypoints-week1/venv/lib/python3.11/site-packages/airflow/example_dags/example_latest_only.py took 0.093 seconds
[2026-03-04T19:07:24.362+0000] {processor.py:161} INFO - Started process (PID=58141) to work on /Users/HP/storypoints-week1/venv/lib/python3.11/site-packages/airflow/example_dags/example_latest_only.py
[2026-03-04T19:07:24.364+0000] {processor.py:830} INFO - Processing file /Users/HP/storypoints-week1/venv/lib/python3.11/site-packages/airflow/example_dags/example_latest_only.py for tasks to queue
[2026-03-04T19:07:24.368+0000] {logging_mixin.py:188} INFO - [2026-03-04T19:07:24.368+0000] {dagbag.py:538} INFO - Filling up the DagBag from /Users/HP/storypoints-week1/venv/lib/python3.11/site-packages/airflow/example_dags/example_latest_only.py
[2026-03-04T19:07:24.374+0000] {processor.py:840} INFO - DAG(s) 'latest_only' retrieved from /Users/HP/storypoints-week1/venv/lib/python3.11/site-packages/airflow/example_dags/example_latest_only.py
[2026-03-04T19:07:24.435+0000] {logging_mixin.py:188} INFO - [2026-03-04T19:07:24.434+0000] {dag.py:3033} INFO - Sync 1 DAGs
[2026-03-04T19:07:24.445+0000] {logging_mixin.py:188} INFO - [2026-03-04T19:07:24.445+0000] {dag.py:3820} INFO - Setting next_dagrun for latest_only to 2026-03-04T12:00:00+00:00, run_after=2026-03-04T16:00:00+00:00
[2026-03-04T19:07:24.456+0000] {processor.py:183} INFO - Processing /Users/HP/storypoints-week1/venv/lib/python3.11/site-packages/airflow/example_dags/example_latest_only.py took 0.095 seconds
[2026-03-04T19:10:05.899+0000] {processor.py:161} INFO - Started process (PID=59691) to work on /Users/HP/storypoints-week1/venv/lib/python3.11/site-packages/airflow/example_dags/example_latest_only.py
[2026-03-04T19:10:05.901+0000] {processor.py:830} INFO - Processing file /Users/HP/storypoints-week1/venv/lib/python3.11/site-packages/airflow/example_dags/example_latest_only.py for tasks to queue
[2026-03-04T19:10:05.903+0000] {logging_mixin.py:188} INFO - [2026-03-04T19:10:05.903+0000] {dagbag.py:538} INFO - Filling up the DagBag from /Users/HP/storypoints-week1/venv/lib/python3.11/site-packages/airflow/example_dags/example_latest_only.py
[2026-03-04T19:10:05.908+0000] {processor.py:840} INFO - DAG(s) 'latest_only' retrieved from /Users/HP/storypoints-week1/venv/lib/python3.11/site-packages/airflow/example_dags/example_latest_only.py
[2026-03-04T19:10:05.969+0000] {logging_mixin.py:188} INFO - [2026-03-04T19:10:05.969+0000] {dag.py:3033} INFO - Sync 1 DAGs
[2026-03-04T19:10:05.980+0000] {logging_mixin.py:188} INFO - [2026-03-04T19:10:05.980+0000] {dag.py:3820} INFO - Setting next_dagrun for latest_only to 2026-03-04T12:00:00+00:00, run_after=2026-03-04T16:00:00+00:00
[2026-03-04T19:10:05.991+0000] {processor.py:183} INFO - Processing /Users/HP/storypoints-week1/venv/lib/python3.11/site-packages/airflow/example_dags/example_latest_only.py took 0.093 seconds
[2026-03-04T19:34:24.661+0000] {processor.py:161} INFO - Started process (PID=74864) to work on /Users/HP/storypoints-week1/venv/lib/python3.11/site-packages/airflow/example_dags/example_latest_only.py
[2026-03-04T19:34:24.663+0000] {processor.py:830} INFO - Processing file /Users/HP/storypoints-week1/venv/lib/python3.11/site-packages/airflow/example_dags/example_latest_only.py for tasks to queue
[2026-03-04T19:34:24.665+0000] {logging_mixin.py:188} INFO - [2026-03-04T19:34:24.665+0000] {dagbag.py:538} INFO - Filling up the DagBag from /Users/HP/storypoints-week1/venv/lib/python3.11/site-packages/airflow/example_dags/example_latest_only.py
[2026-03-04T19:34:24.671+0000] {processor.py:840} INFO - DAG(s) 'latest_only' retrieved from /Users/HP/storypoints-week1/venv/lib/python3.11/site-packages/airflow/example_dags/example_latest_only.py
[2026-03-04T19:34:24.735+0000] {logging_mixin.py:188} INFO - [2026-03-04T19:34:24.734+0000] {dag.py:3033} INFO - Sync 1 DAGs
[2026-03-04T19:34:24.747+0000] {logging_mixin.py:188} INFO - [2026-03-04T19:34:24.747+0000] {dag.py:3820} INFO - Setting next_dagrun for latest_only to 2026-03-04T12:00:00+00:00, run_after=2026-03-04T16:00:00+00:00
[2026-03-04T19:34:24.759+0000] {processor.py:183} INFO - Processing /Users/HP/storypoints-week1/venv/lib/python3.11/site-packages/airflow/example_dags/example_latest_only.py took 0.099 seconds
[2026-03-04T19:36:54.008+0000] {processor.py:161} INFO - Started process (PID=76545) to work on /Users/HP/storypoints-week1/venv/lib/python3.11/site-packages/airflow/example_dags/example_latest_only.py
[2026-03-04T19:36:54.010+0000] {processor.py:830} INFO - Processing file /Users/HP/storypoints-week1/venv/lib/python3.11/site-packages/airflow/example_dags/example_latest_only.py for tasks to queue
[2026-03-04T19:36:54.012+0000] {logging_mixin.py:188} INFO - [2026-03-04T19:36:54.012+0000] {dagbag.py:538} INFO - Filling up the DagBag from /Users/HP/storypoints-week1/venv/lib/python3.11/site-packages/airflow/example_dags/example_latest_only.py
[2026-03-04T19:36:54.017+0000] {processor.py:840} INFO - DAG(s) 'latest_only' retrieved from /Users/HP/storypoints-week1/venv/lib/python3.11/site-packages/airflow/example_dags/example_latest_only.py
[2026-03-04T19:36:54.083+0000] {logging_mixin.py:188} INFO - [2026-03-04T19:36:54.082+0000] {dag.py:3033} INFO - Sync 1 DAGs
[2026-03-04T19:36:54.093+0000] {logging_mixin.py:188} INFO - [2026-03-04T19:36:54.093+0000] {dag.py:3820} INFO - Setting next_dagrun for latest_only to 2026-03-04T12:00:00+00:00, run_after=2026-03-04T16:00:00+00:00
[2026-03-04T19:36:54.105+0000] {processor.py:183} INFO - Processing /Users/HP/storypoints-week1/venv/lib/python3.11/site-packages/airflow/example_dags/example_latest_only.py took 0.098 seconds
[2026-03-04T19:38:43.182+0000] {processor.py:161} INFO - Started process (PID=77584) to work on /Users/HP/storypoints-week1/venv/lib/python3.11/site-packages/airflow/example_dags/example_latest_only.py
[2026-03-04T19:38:43.185+0000] {processor.py:830} INFO - Processing file /Users/HP/storypoints-week1/venv/lib/python3.11/site-packages/airflow/example_dags/example_latest_only.py for tasks to queue
[2026-03-04T19:38:43.186+0000] {logging_mixin.py:188} INFO - [2026-03-04T19:38:43.186+0000] {dagbag.py:538} INFO - Filling up the DagBag from /Users/HP/storypoints-week1/venv/lib/python3.11/site-packages/airflow/example_dags/example_latest_only.py
[2026-03-04T19:38:43.191+0000] {processor.py:840} INFO - DAG(s) 'latest_only' retrieved from /Users/HP/storypoints-week1/venv/lib/python3.11/site-packages/airflow/example_dags/example_latest_only.py
[2026-03-04T19:38:43.252+0000] {logging_mixin.py:188} INFO - [2026-03-04T19:38:43.252+0000] {dag.py:3033} INFO - Sync 1 DAGs
[2026-03-04T19:38:43.262+0000] {logging_mixin.py:188} INFO - [2026-03-04T19:38:43.262+0000] {dag.py:3820} INFO - Setting next_dagrun for latest_only to 2026-03-04T12:00:00+00:00, run_after=2026-03-04T16:00:00+00:00
[2026-03-04T19:38:43.273+0000] {processor.py:183} INFO - Processing /Users/HP/storypoints-week1/venv/lib/python3.11/site-packages/airflow/example_dags/example_latest_only.py took 0.092 seconds
[2026-03-04T19:41:10.545+0000] {processor.py:161} INFO - Started process (PID=78979) to work on /Users/HP/storypoints-week1/venv/lib/python3.11/site-packages/airflow/example_dags/example_latest_only.py
[2026-03-04T19:41:10.548+0000] {processor.py:830} INFO - Processing file /Users/HP/storypoints-week1/venv/lib/python3.11/site-packages/airflow/example_dags/example_latest_only.py for tasks to queue
[2026-03-04T19:41:10.549+0000] {logging_mixin.py:188} INFO - [2026-03-04T19:41:10.549+0000] {dagbag.py:538} INFO - Filling up the DagBag from /Users/HP/storypoints-week1/venv/lib/python3.11/site-packages/airflow/example_dags/example_latest_only.py
[2026-03-04T19:41:10.554+0000] {processor.py:840} INFO - DAG(s) 'latest_only' retrieved from /Users/HP/storypoints-week1/venv/lib/python3.11/site-packages/airflow/example_dags/example_latest_only.py
[2026-03-04T19:41:10.615+0000] {logging_mixin.py:188} INFO - [2026-03-04T19:41:10.615+0000] {dag.py:3033} INFO - Sync 1 DAGs
[2026-03-04T19:41:10.626+0000] {logging_mixin.py:188} INFO - [2026-03-04T19:41:10.626+0000] {dag.py:3820} INFO - Setting next_dagrun for latest_only to 2026-03-04T12:00:00+00:00, run_after=2026-03-04T16:00:00+00:00
[2026-03-04T19:41:10.639+0000] {processor.py:183} INFO - Processing /Users/HP/storypoints-week1/venv/lib/python3.11/site-packages/airflow/example_dags/example_latest_only.py took 0.095 seconds
[2026-03-04T19:43:38.185+0000] {processor.py:161} INFO - Started process (PID=80367) to work on /Users/HP/storypoints-week1/venv/lib/python3.11/site-packages/airflow/example_dags/example_latest_only.py
[2026-03-04T19:43:38.187+0000] {processor.py:830} INFO - Processing file /Users/HP/storypoints-week1/venv/lib/python3.11/site-packages/airflow/example_dags/example_latest_only.py for tasks to queue
[2026-03-04T19:43:38.189+0000] {logging_mixin.py:188} INFO - [2026-03-04T19:43:38.189+0000] {dagbag.py:538} INFO - Filling up the DagBag from /Users/HP/storypoints-week1/venv/lib/python3.11/site-packages/airflow/example_dags/example_latest_only.py
[2026-03-04T19:43:38.194+0000] {processor.py:840} INFO - DAG(s) 'latest_only' retrieved from /Users/HP/storypoints-week1/venv/lib/python3.11/site-packages/airflow/example_dags/example_latest_only.py
[2026-03-04T19:43:38.257+0000] {logging_mixin.py:188} INFO - [2026-03-04T19:43:38.256+0000] {dag.py:3033} INFO - Sync 1 DAGs
[2026-03-04T19:43:38.267+0000] {logging_mixin.py:188} INFO - [2026-03-04T19:43:38.267+0000] {dag.py:3820} INFO - Setting next_dagrun for latest_only to 2026-03-04T12:00:00+00:00, run_after=2026-03-04T16:00:00+00:00
[2026-03-04T19:43:38.278+0000] {processor.py:183} INFO - Processing /Users/HP/storypoints-week1/venv/lib/python3.11/site-packages/airflow/example_dags/example_latest_only.py took 0.094 seconds
[2026-03-04T19:46:06.072+0000] {processor.py:161} INFO - Started process (PID=81762) to work on /Users/HP/storypoints-week1/venv/lib/python3.11/site-packages/airflow/example_dags/example_latest_only.py
[2026-03-04T19:46:06.074+0000] {processor.py:830} INFO - Processing file /Users/HP/storypoints-week1/venv/lib/python3.11/site-packages/airflow/example_dags/example_latest_only.py for tasks to queue
[2026-03-04T19:46:06.076+0000] {logging_mixin.py:188} INFO - [2026-03-04T19:46:06.075+0000] {dagbag.py:538} INFO - Filling up the DagBag from /Users/HP/storypoints-week1/venv/lib/python3.11/site-packages/airflow/example_dags/example_latest_only.py
[2026-03-04T19:46:06.080+0000] {processor.py:840} INFO - DAG(s) 'latest_only' retrieved from /Users/HP/storypoints-week1/venv/lib/python3.11/site-packages/airflow/example_dags/example_latest_only.py
[2026-03-04T19:46:06.142+0000] {logging_mixin.py:188} INFO - [2026-03-04T19:46:06.142+0000] {dag.py:3033} INFO - Sync 1 DAGs
[2026-03-04T19:46:06.153+0000] {logging_mixin.py:188} INFO - [2026-03-04T19:46:06.153+0000] {dag.py:3820} INFO - Setting next_dagrun for latest_only to 2026-03-04T12:00:00+00:00, run_after=2026-03-04T16:00:00+00:00
[2026-03-04T19:46:06.165+0000] {processor.py:183} INFO - Processing /Users/HP/storypoints-week1/venv/lib/python3.11/site-packages/airflow/example_dags/example_latest_only.py took 0.094 seconds
[2026-03-04T20:04:23.563+0000] {processor.py:161} INFO - Started process (PID=83207) to work on /Users/HP/storypoints-week1/venv/lib/python3.11/site-packages/airflow/example_dags/example_latest_only.py
[2026-03-04T20:04:23.565+0000] {processor.py:830} INFO - Processing file /Users/HP/storypoints-week1/venv/lib/python3.11/site-packages/airflow/example_dags/example_latest_only.py for tasks to queue
[2026-03-04T20:04:23.567+0000] {logging_mixin.py:188} INFO - [2026-03-04T20:04:23.567+0000] {dagbag.py:538} INFO - Filling up the DagBag from /Users/HP/storypoints-week1/venv/lib/python3.11/site-packages/airflow/example_dags/example_latest_only.py
[2026-03-04T20:04:23.572+0000] {processor.py:840} INFO - DAG(s) 'latest_only' retrieved from /Users/HP/storypoints-week1/venv/lib/python3.11/site-packages/airflow/example_dags/example_latest_only.py
[2026-03-04T20:04:23.633+0000] {logging_mixin.py:188} INFO - [2026-03-04T20:04:23.633+0000] {dag.py:3033} INFO - Sync 1 DAGs
[2026-03-04T20:04:23.643+0000] {logging_mixin.py:188} INFO - [2026-03-04T20:04:23.643+0000] {dag.py:3820} INFO - Setting next_dagrun for latest_only to 2026-03-04T16:00:00+00:00, run_after=2026-03-04T20:00:00+00:00
[2026-03-04T20:04:23.654+0000] {processor.py:183} INFO - Processing /Users/HP/storypoints-week1/venv/lib/python3.11/site-packages/airflow/example_dags/example_latest_only.py took 0.093 seconds
[2026-03-04T20:14:49.196+0000] {processor.py:161} INFO - Started process (PID=84797) to work on /Users/HP/storypoints-week1/venv/lib/python3.11/site-packages/airflow/example_dags/example_latest_only.py
[2026-03-04T20:14:49.199+0000] {processor.py:830} INFO - Processing file /Users/HP/storypoints-week1/venv/lib/python3.11/site-packages/airflow/example_dags/example_latest_only.py for tasks to queue
[2026-03-04T20:14:49.200+0000] {logging_mixin.py:188} INFO - [2026-03-04T20:14:49.200+0000] {dagbag.py:538} INFO - Filling up the DagBag from /Users/HP/storypoints-week1/venv/lib/python3.11/site-packages/airflow/example_dags/example_latest_only.py
[2026-03-04T20:14:49.206+0000] {processor.py:840} INFO - DAG(s) 'latest_only' retrieved from /Users/HP/storypoints-week1/venv/lib/python3.11/site-packages/airflow/example_dags/example_latest_only.py
[2026-03-04T20:14:49.265+0000] {logging_mixin.py:188} INFO - [2026-03-04T20:14:49.265+0000] {dag.py:3033} INFO - Sync 1 DAGs
[2026-03-04T20:14:49.277+0000] {logging_mixin.py:188} INFO - [2026-03-04T20:14:49.276+0000] {dag.py:3820} INFO - Setting next_dagrun for latest_only to 2026-03-04T16:00:00+00:00, run_after=2026-03-04T20:00:00+00:00
[2026-03-04T20:14:49.288+0000] {processor.py:183} INFO - Processing /Users/HP/storypoints-week1/venv/lib/python3.11/site-packages/airflow/example_dags/example_latest_only.py took 0.093 seconds
[2026-03-04T20:24:15.098+0000] {processor.py:161} INFO - Started process (PID=86272) to work on /Users/HP/storypoints-week1/venv/lib/python3.11/site-packages/airflow/example_dags/example_latest_only.py
[2026-03-04T20:24:15.100+0000] {processor.py:830} INFO - Processing file /Users/HP/storypoints-week1/venv/lib/python3.11/site-packages/airflow/example_dags/example_latest_only.py for tasks to queue
[2026-03-04T20:24:15.101+0000] {logging_mixin.py:188} INFO - [2026-03-04T20:24:15.101+0000] {dagbag.py:538} INFO - Filling up the DagBag from /Users/HP/storypoints-week1/venv/lib/python3.11/site-packages/airflow/example_dags/example_latest_only.py
[2026-03-04T20:24:15.106+0000] {processor.py:840} INFO - DAG(s) 'latest_only' retrieved from /Users/HP/storypoints-week1/venv/lib/python3.11/site-packages/airflow/example_dags/example_latest_only.py
[2026-03-04T20:24:15.163+0000] {logging_mixin.py:188} INFO - [2026-03-04T20:24:15.162+0000] {dag.py:3033} INFO - Sync 1 DAGs
[2026-03-04T20:24:15.173+0000] {logging_mixin.py:188} INFO - [2026-03-04T20:24:15.173+0000] {dag.py:3820} INFO - Setting next_dagrun for latest_only to 2026-03-04T16:00:00+00:00, run_after=2026-03-04T20:00:00+00:00
[2026-03-04T20:24:15.184+0000] {processor.py:183} INFO - Processing /Users/HP/storypoints-week1/venv/lib/python3.11/site-packages/airflow/example_dags/example_latest_only.py took 0.087 seconds
[2026-03-04T20:48:06.212+0000] {processor.py:161} INFO - Started process (PID=87799) to work on /Users/HP/storypoints-week1/venv/lib/python3.11/site-packages/airflow/example_dags/example_latest_only.py
[2026-03-04T20:48:06.214+0000] {processor.py:830} INFO - Processing file /Users/HP/storypoints-week1/venv/lib/python3.11/site-packages/airflow/example_dags/example_latest_only.py for tasks to queue
[2026-03-04T20:48:06.215+0000] {logging_mixin.py:188} INFO - [2026-03-04T20:48:06.215+0000] {dagbag.py:538} INFO - Filling up the DagBag from /Users/HP/storypoints-week1/venv/lib/python3.11/site-packages/airflow/example_dags/example_latest_only.py
[2026-03-04T20:48:06.220+0000] {processor.py:840} INFO - DAG(s) 'latest_only' retrieved from /Users/HP/storypoints-week1/venv/lib/python3.11/site-packages/airflow/example_dags/example_latest_only.py
[2026-03-04T20:48:06.280+0000] {logging_mixin.py:188} INFO - [2026-03-04T20:48:06.280+0000] {dag.py:3033} INFO - Sync 1 DAGs
[2026-03-04T20:48:06.291+0000] {logging_mixin.py:188} INFO - [2026-03-04T20:48:06.291+0000] {dag.py:3820} INFO - Setting next_dagrun for latest_only to 2026-03-04T16:00:00+00:00, run_after=2026-03-04T20:00:00+00:00
[2026-03-04T20:48:06.302+0000] {processor.py:183} INFO - Processing /Users/HP/storypoints-week1/venv/lib/python3.11/site-packages/airflow/example_dags/example_latest_only.py took 0.091 seconds
[2026-03-04T22:18:18.476+0000] {processor.py:161} INFO - Started process (PID=89412) to work on /Users/HP/storypoints-week1/venv/lib/python3.11/site-packages/airflow/example_dags/example_latest_only.py
[2026-03-04T22:18:18.478+0000] {processor.py:830} INFO - Processing file /Users/HP/storypoints-week1/venv/lib/python3.11/site-packages/airflow/example_dags/example_latest_only.py for tasks to queue
[2026-03-04T22:18:18.480+0000] {logging_mixin.py:188} INFO - [2026-03-04T22:18:18.480+0000] {dagbag.py:538} INFO - Filling up the DagBag from /Users/HP/storypoints-week1/venv/lib/python3.11/site-packages/airflow/example_dags/example_latest_only.py
[2026-03-04T22:18:18.485+0000] {processor.py:840} INFO - DAG(s) 'latest_only' retrieved from /Users/HP/storypoints-week1/venv/lib/python3.11/site-packages/airflow/example_dags/example_latest_only.py
[2026-03-04T22:18:18.546+0000] {logging_mixin.py:188} INFO - [2026-03-04T22:18:18.546+0000] {dag.py:3033} INFO - Sync 1 DAGs
[2026-03-04T22:18:18.557+0000] {logging_mixin.py:188} INFO - [2026-03-04T22:18:18.557+0000] {dag.py:3820} INFO - Setting next_dagrun for latest_only to 2026-03-04T16:00:00+00:00, run_after=2026-03-04T20:00:00+00:00
[2026-03-04T22:18:18.568+0000] {processor.py:183} INFO - Processing /Users/HP/storypoints-week1/venv/lib/python3.11/site-packages/airflow/example_dags/example_latest_only.py took 0.093 seconds
[2026-03-04T23:06:19.178+0000] {processor.py:161} INFO - Started process (PID=90875) to work on /Users/HP/storypoints-week1/venv/lib/python3.11/site-packages/airflow/example_dags/example_latest_only.py
[2026-03-04T23:06:19.181+0000] {processor.py:830} INFO - Processing file /Users/HP/storypoints-week1/venv/lib/python3.11/site-packages/airflow/example_dags/example_latest_only.py for tasks to queue
[2026-03-04T23:06:19.182+0000] {logging_mixin.py:188} INFO - [2026-03-04T23:06:19.182+0000] {dagbag.py:538} INFO - Filling up the DagBag from /Users/HP/storypoints-week1/venv/lib/python3.11/site-packages/airflow/example_dags/example_latest_only.py
[2026-03-04T23:06:19.187+0000] {processor.py:840} INFO - DAG(s) 'latest_only' retrieved from /Users/HP/storypoints-week1/venv/lib/python3.11/site-packages/airflow/example_dags/example_latest_only.py
[2026-03-04T23:06:19.244+0000] {logging_mixin.py:188} INFO - [2026-03-04T23:06:19.244+0000] {dag.py:3033} INFO - Sync 1 DAGs
[2026-03-04T23:06:19.255+0000] {logging_mixin.py:188} INFO - [2026-03-04T23:06:19.254+0000] {dag.py:3820} INFO - Setting next_dagrun for latest_only to 2026-03-04T16:00:00+00:00, run_after=2026-03-04T20:00:00+00:00
[2026-03-04T23:06:19.266+0000] {processor.py:183} INFO - Processing /Users/HP/storypoints-week1/venv/lib/python3.11/site-packages/airflow/example_dags/example_latest_only.py took 0.088 seconds
[2026-03-04T23:19:41.526+0000] {processor.py:161} INFO - Started process (PID=92288) to work on /Users/HP/storypoints-week1/venv/lib/python3.11/site-packages/airflow/example_dags/example_latest_only.py
[2026-03-04T23:19:41.528+0000] {processor.py:830} INFO - Processing file /Users/HP/storypoints-week1/venv/lib/python3.11/site-packages/airflow/example_dags/example_latest_only.py for tasks to queue
[2026-03-04T23:19:41.530+0000] {logging_mixin.py:188} INFO - [2026-03-04T23:19:41.530+0000] {dagbag.py:538} INFO - Filling up the DagBag from /Users/HP/storypoints-week1/venv/lib/python3.11/site-packages/airflow/example_dags/example_latest_only.py
[2026-03-04T23:19:41.534+0000] {processor.py:840} INFO - DAG(s) 'latest_only' retrieved from /Users/HP/storypoints-week1/venv/lib/python3.11/site-packages/airflow/example_dags/example_latest_only.py
[2026-03-04T23:19:41.591+0000] {logging_mixin.py:188} INFO - [2026-03-04T23:19:41.590+0000] {dag.py:3033} INFO - Sync 1 DAGs
[2026-03-04T23:19:41.600+0000] {logging_mixin.py:188} INFO - [2026-03-04T23:19:41.600+0000] {dag.py:3820} INFO - Setting next_dagrun for latest_only to 2026-03-04T16:00:00+00:00, run_after=2026-03-04T20:00:00+00:00
[2026-03-04T23:19:41.611+0000] {processor.py:183} INFO - Processing /Users/HP/storypoints-week1/venv/lib/python3.11/site-packages/airflow/example_dags/example_latest_only.py took 0.085 seconds
