[2026-03-04T19:01:51.397+0000] {processor.py:161} INFO - Started process (PID=54572) to work on /Users/HP/storypoints-week1/venv/lib/python3.11/site-packages/airflow/example_dags/example_sla_dag.py
[2026-03-04T19:01:51.399+0000] {processor.py:830} INFO - Processing file /Users/HP/storypoints-week1/venv/lib/python3.11/site-packages/airflow/example_dags/example_sla_dag.py for tasks to queue
[2026-03-04T19:01:51.401+0000] {logging_mixin.py:188} INFO - [2026-03-04T19:01:51.401+0000] {dagbag.py:538} INFO - Filling up the DagBag from /Users/HP/storypoints-week1/venv/lib/python3.11/site-packages/airflow/example_dags/example_sla_dag.py
[2026-03-04T19:01:51.425+0000] {processor.py:840} INFO - DAG(s) 'example_sla_dag' retrieved from /Users/HP/storypoints-week1/venv/lib/python3.11/site-packages/airflow/example_dags/example_sla_dag.py
[2026-03-04T19:01:51.540+0000] {logging_mixin.py:188} INFO - [2026-03-04T19:01:51.539+0000] {override.py:1769} INFO - Created Permission View: can edit on DAG:example_sla_dag
[2026-03-04T19:01:51.545+0000] {logging_mixin.py:188} INFO - [2026-03-04T19:01:51.545+0000] {override.py:1769} INFO - Created Permission View: can delete on DAG:example_sla_dag
[2026-03-04T19:01:51.549+0000] {logging_mixin.py:188} INFO - [2026-03-04T19:01:51.549+0000] {override.py:1769} INFO - Created Permission View: can read on DAG:example_sla_dag
[2026-03-04T19:01:51.549+0000] {logging_mixin.py:188} INFO - [2026-03-04T19:01:51.549+0000] {dag.py:3033} INFO - Sync 1 DAGs
[2026-03-04T19:01:51.556+0000] {logging_mixin.py:188} INFO - [2026-03-04T19:01:51.555+0000] {dag.py:3055} INFO - Creating ORM DAG for example_sla_dag
[2026-03-04T19:01:51.562+0000] {logging_mixin.py:188} INFO - [2026-03-04T19:01:51.562+0000] {dag.py:3820} INFO - Setting next_dagrun for example_sla_dag to 2026-03-04T18:58:00+00:00, run_after=2026-03-04T19:00:00+00:00
[2026-03-04T19:01:51.572+0000] {processor.py:183} INFO - Processing /Users/HP/storypoints-week1/venv/lib/python3.11/site-packages/airflow/example_dags/example_sla_dag.py took 0.176 seconds
[2026-03-04T19:03:51.156+0000] {processor.py:161} INFO - Started process (PID=55709) to work on /Users/HP/storypoints-week1/venv/lib/python3.11/site-packages/airflow/example_dags/example_sla_dag.py
[2026-03-04T19:03:51.159+0000] {processor.py:830} INFO - Processing file /Users/HP/storypoints-week1/venv/lib/python3.11/site-packages/airflow/example_dags/example_sla_dag.py for tasks to queue
[2026-03-04T19:03:51.160+0000] {logging_mixin.py:188} INFO - [2026-03-04T19:03:51.160+0000] {dagbag.py:538} INFO - Filling up the DagBag from /Users/HP/storypoints-week1/venv/lib/python3.11/site-packages/airflow/example_dags/example_sla_dag.py
[2026-03-04T19:03:51.186+0000] {processor.py:840} INFO - DAG(s) 'example_sla_dag' retrieved from /Users/HP/storypoints-week1/venv/lib/python3.11/site-packages/airflow/example_dags/example_sla_dag.py
[2026-03-04T19:03:51.244+0000] {logging_mixin.py:188} INFO - [2026-03-04T19:03:51.244+0000] {dag.py:3033} INFO - Sync 1 DAGs
[2026-03-04T19:03:51.257+0000] {logging_mixin.py:188} INFO - [2026-03-04T19:03:51.257+0000] {dag.py:3820} INFO - Setting next_dagrun for example_sla_dag to 2026-03-04T19:00:00+00:00, run_after=2026-03-04T19:02:00+00:00
[2026-03-04T19:03:51.269+0000] {processor.py:183} INFO - Processing /Users/HP/storypoints-week1/venv/lib/python3.11/site-packages/airflow/example_dags/example_sla_dag.py took 0.114 seconds
[2026-03-04T19:05:27.163+0000] {processor.py:161} INFO - Started process (PID=57027) to work on /Users/HP/storypoints-week1/venv/lib/python3.11/site-packages/airflow/example_dags/example_sla_dag.py
[2026-03-04T19:05:27.167+0000] {processor.py:830} INFO - Processing file /Users/HP/storypoints-week1/venv/lib/python3.11/site-packages/airflow/example_dags/example_sla_dag.py for tasks to queue
[2026-03-04T19:05:27.170+0000] {logging_mixin.py:188} INFO - [2026-03-04T19:05:27.170+0000] {dagbag.py:538} INFO - Filling up the DagBag from /Users/HP/storypoints-week1/venv/lib/python3.11/site-packages/airflow/example_dags/example_sla_dag.py
[2026-03-04T19:05:27.207+0000] {processor.py:840} INFO - DAG(s) 'example_sla_dag' retrieved from /Users/HP/storypoints-week1/venv/lib/python3.11/site-packages/airflow/example_dags/example_sla_dag.py
[2026-03-04T19:05:27.275+0000] {logging_mixin.py:188} INFO - [2026-03-04T19:05:27.275+0000] {dag.py:3033} INFO - Sync 1 DAGs
[2026-03-04T19:05:27.290+0000] {logging_mixin.py:188} INFO - [2026-03-04T19:05:27.289+0000] {dag.py:3820} INFO - Setting next_dagrun for example_sla_dag to 2026-03-04T19:02:00+00:00, run_after=2026-03-04T19:04:00+00:00
[2026-03-04T19:05:27.301+0000] {processor.py:183} INFO - Processing /Users/HP/storypoints-week1/venv/lib/python3.11/site-packages/airflow/example_dags/example_sla_dag.py took 0.141 seconds
[2026-03-04T19:06:53.904+0000] {processor.py:161} INFO - Started process (PID=57852) to work on /Users/HP/storypoints-week1/venv/lib/python3.11/site-packages/airflow/example_dags/example_sla_dag.py
[2026-03-04T19:06:53.907+0000] {processor.py:830} INFO - Processing file /Users/HP/storypoints-week1/venv/lib/python3.11/site-packages/airflow/example_dags/example_sla_dag.py for tasks to queue
[2026-03-04T19:06:53.908+0000] {logging_mixin.py:188} INFO - [2026-03-04T19:06:53.908+0000] {dagbag.py:538} INFO - Filling up the DagBag from /Users/HP/storypoints-week1/venv/lib/python3.11/site-packages/airflow/example_dags/example_sla_dag.py
[2026-03-04T19:06:53.934+0000] {processor.py:840} INFO - DAG(s) 'example_sla_dag' retrieved from /Users/HP/storypoints-week1/venv/lib/python3.11/site-packages/airflow/example_dags/example_sla_dag.py
[2026-03-04T19:06:53.993+0000] {logging_mixin.py:188} INFO - [2026-03-04T19:06:53.993+0000] {dag.py:3033} INFO - Sync 1 DAGs
[2026-03-04T19:06:54.006+0000] {logging_mixin.py:188} INFO - [2026-03-04T19:06:54.006+0000] {dag.py:3820} INFO - Setting next_dagrun for example_sla_dag to 2026-03-04T19:04:00+00:00, run_after=2026-03-04T19:06:00+00:00
[2026-03-04T19:06:54.017+0000] {processor.py:183} INFO - Processing /Users/HP/storypoints-week1/venv/lib/python3.11/site-packages/airflow/example_dags/example_sla_dag.py took 0.114 seconds
[2026-03-04T19:08:08.847+0000] {processor.py:161} INFO - Started process (PID=58567) to work on /Users/HP/storypoints-week1/venv/lib/python3.11/site-packages/airflow/example_dags/example_sla_dag.py
[2026-03-04T19:08:08.850+0000] {processor.py:830} INFO - Processing file /Users/HP/storypoints-week1/venv/lib/python3.11/site-packages/airflow/example_dags/example_sla_dag.py for tasks to queue
[2026-03-04T19:08:08.852+0000] {logging_mixin.py:188} INFO - [2026-03-04T19:08:08.851+0000] {dagbag.py:538} INFO - Filling up the DagBag from /Users/HP/storypoints-week1/venv/lib/python3.11/site-packages/airflow/example_dags/example_sla_dag.py
[2026-03-04T19:08:08.878+0000] {processor.py:840} INFO - DAG(s) 'example_sla_dag' retrieved from /Users/HP/storypoints-week1/venv/lib/python3.11/site-packages/airflow/example_dags/example_sla_dag.py
[2026-03-04T19:08:08.938+0000] {logging_mixin.py:188} INFO - [2026-03-04T19:08:08.938+0000] {dag.py:3033} INFO - Sync 1 DAGs
[2026-03-04T19:08:08.951+0000] {logging_mixin.py:188} INFO - [2026-03-04T19:08:08.951+0000] {dag.py:3820} INFO - Setting next_dagrun for example_sla_dag to 2026-03-04T19:06:00+00:00, run_after=2026-03-04T19:08:00+00:00
[2026-03-04T19:08:08.963+0000] {processor.py:183} INFO - Processing /Users/HP/storypoints-week1/venv/lib/python3.11/site-packages/airflow/example_dags/example_sla_dag.py took 0.116 seconds
[2026-03-04T19:09:27.191+0000] {processor.py:161} INFO - Started process (PID=59317) to work on /Users/HP/storypoints-week1/venv/lib/python3.11/site-packages/airflow/example_dags/example_sla_dag.py
[2026-03-04T19:09:27.195+0000] {processor.py:830} INFO - Processing file /Users/HP/storypoints-week1/venv/lib/python3.11/site-packages/airflow/example_dags/example_sla_dag.py for tasks to queue
[2026-03-04T19:09:27.196+0000] {logging_mixin.py:188} INFO - [2026-03-04T19:09:27.196+0000] {dagbag.py:538} INFO - Filling up the DagBag from /Users/HP/storypoints-week1/venv/lib/python3.11/site-packages/airflow/example_dags/example_sla_dag.py
[2026-03-04T19:09:27.235+0000] {processor.py:840} INFO - DAG(s) 'example_sla_dag' retrieved from /Users/HP/storypoints-week1/venv/lib/python3.11/site-packages/airflow/example_dags/example_sla_dag.py
[2026-03-04T19:09:27.323+0000] {logging_mixin.py:188} INFO - [2026-03-04T19:09:27.323+0000] {dag.py:3033} INFO - Sync 1 DAGs
[2026-03-04T19:09:27.342+0000] {logging_mixin.py:188} INFO - [2026-03-04T19:09:27.342+0000] {dag.py:3820} INFO - Setting next_dagrun for example_sla_dag to 2026-03-04T19:06:00+00:00, run_after=2026-03-04T19:08:00+00:00
[2026-03-04T19:09:27.362+0000] {processor.py:183} INFO - Processing /Users/HP/storypoints-week1/venv/lib/python3.11/site-packages/airflow/example_dags/example_sla_dag.py took 0.172 seconds
[2026-03-04T19:10:52.891+0000] {processor.py:161} INFO - Started process (PID=60125) to work on /Users/HP/storypoints-week1/venv/lib/python3.11/site-packages/airflow/example_dags/example_sla_dag.py
[2026-03-04T19:10:52.894+0000] {processor.py:830} INFO - Processing file /Users/HP/storypoints-week1/venv/lib/python3.11/site-packages/airflow/example_dags/example_sla_dag.py for tasks to queue
[2026-03-04T19:10:52.896+0000] {logging_mixin.py:188} INFO - [2026-03-04T19:10:52.895+0000] {dagbag.py:538} INFO - Filling up the DagBag from /Users/HP/storypoints-week1/venv/lib/python3.11/site-packages/airflow/example_dags/example_sla_dag.py
[2026-03-04T19:10:52.922+0000] {processor.py:840} INFO - DAG(s) 'example_sla_dag' retrieved from /Users/HP/storypoints-week1/venv/lib/python3.11/site-packages/airflow/example_dags/example_sla_dag.py
[2026-03-04T19:10:52.981+0000] {logging_mixin.py:188} INFO - [2026-03-04T19:10:52.981+0000] {dag.py:3033} INFO - Sync 1 DAGs
[2026-03-04T19:10:52.994+0000] {logging_mixin.py:188} INFO - [2026-03-04T19:10:52.994+0000] {dag.py:3820} INFO - Setting next_dagrun for example_sla_dag to 2026-03-04T19:08:00+00:00, run_after=2026-03-04T19:10:00+00:00
[2026-03-04T19:10:53.005+0000] {processor.py:183} INFO - Processing /Users/HP/storypoints-week1/venv/lib/python3.11/site-packages/airflow/example_dags/example_sla_dag.py took 0.115 seconds
[2026-03-04T19:12:11.591+0000] {processor.py:161} INFO - Started process (PID=60895) to work on /Users/HP/storypoints-week1/venv/lib/python3.11/site-packages/airflow/example_dags/example_sla_dag.py
[2026-03-04T19:12:11.594+0000] {processor.py:830} INFO - Processing file /Users/HP/storypoints-week1/venv/lib/python3.11/site-packages/airflow/example_dags/example_sla_dag.py for tasks to queue
[2026-03-04T19:12:11.596+0000] {logging_mixin.py:188} INFO - [2026-03-04T19:12:11.595+0000] {dagbag.py:538} INFO - Filling up the DagBag from /Users/HP/storypoints-week1/venv/lib/python3.11/site-packages/airflow/example_dags/example_sla_dag.py
[2026-03-04T19:12:11.621+0000] {processor.py:840} INFO - DAG(s) 'example_sla_dag' retrieved from /Users/HP/storypoints-week1/venv/lib/python3.11/site-packages/airflow/example_dags/example_sla_dag.py
[2026-03-04T19:12:11.698+0000] {logging_mixin.py:188} INFO - [2026-03-04T19:12:11.698+0000] {dag.py:3033} INFO - Sync 1 DAGs
[2026-03-04T19:12:11.712+0000] {logging_mixin.py:188} INFO - [2026-03-04T19:12:11.712+0000] {dag.py:3820} INFO - Setting next_dagrun for example_sla_dag to 2026-03-04T19:10:00+00:00, run_after=2026-03-04T19:12:00+00:00
[2026-03-04T19:12:11.725+0000] {processor.py:183} INFO - Processing /Users/HP/storypoints-week1/venv/lib/python3.11/site-packages/airflow/example_dags/example_sla_dag.py took 0.135 seconds
[2026-03-04T19:33:42.336+0000] {processor.py:161} INFO - Started process (PID=74519) to work on /Users/HP/storypoints-week1/venv/lib/python3.11/site-packages/airflow/example_dags/example_sla_dag.py
[2026-03-04T19:33:42.339+0000] {processor.py:830} INFO - Processing file /Users/HP/storypoints-week1/venv/lib/python3.11/site-packages/airflow/example_dags/example_sla_dag.py for tasks to queue
[2026-03-04T19:33:42.341+0000] {logging_mixin.py:188} INFO - [2026-03-04T19:33:42.340+0000] {dagbag.py:538} INFO - Filling up the DagBag from /Users/HP/storypoints-week1/venv/lib/python3.11/site-packages/airflow/example_dags/example_sla_dag.py
[2026-03-04T19:33:42.369+0000] {processor.py:840} INFO - DAG(s) 'example_sla_dag' retrieved from /Users/HP/storypoints-week1/venv/lib/python3.11/site-packages/airflow/example_dags/example_sla_dag.py
[2026-03-04T19:33:42.431+0000] {logging_mixin.py:188} INFO - [2026-03-04T19:33:42.431+0000] {dag.py:3033} INFO - Sync 1 DAGs
[2026-03-04T19:33:42.445+0000] {logging_mixin.py:188} INFO - [2026-03-04T19:33:42.445+0000] {dag.py:3820} INFO - Setting next_dagrun for example_sla_dag to 2026-03-04T19:30:00+00:00, run_after=2026-03-04T19:32:00+00:00
[2026-03-04T19:33:42.457+0000] {processor.py:183} INFO - Processing /Users/HP/storypoints-week1/venv/lib/python3.11/site-packages/airflow/example_dags/example_sla_dag.py took 0.122 seconds
[2026-03-04T19:36:18.781+0000] {processor.py:161} INFO - Started process (PID=76210) to work on /Users/HP/storypoints-week1/venv/lib/python3.11/site-packages/airflow/example_dags/example_sla_dag.py
[2026-03-04T19:36:18.784+0000] {processor.py:830} INFO - Processing file /Users/HP/storypoints-week1/venv/lib/python3.11/site-packages/airflow/example_dags/example_sla_dag.py for tasks to queue
[2026-03-04T19:36:18.786+0000] {logging_mixin.py:188} INFO - [2026-03-04T19:36:18.785+0000] {dagbag.py:538} INFO - Filling up the DagBag from /Users/HP/storypoints-week1/venv/lib/python3.11/site-packages/airflow/example_dags/example_sla_dag.py
[2026-03-04T19:36:18.811+0000] {processor.py:840} INFO - DAG(s) 'example_sla_dag' retrieved from /Users/HP/storypoints-week1/venv/lib/python3.11/site-packages/airflow/example_dags/example_sla_dag.py
[2026-03-04T19:36:18.868+0000] {logging_mixin.py:188} INFO - [2026-03-04T19:36:18.868+0000] {dag.py:3033} INFO - Sync 1 DAGs
[2026-03-04T19:36:18.882+0000] {logging_mixin.py:188} INFO - [2026-03-04T19:36:18.882+0000] {dag.py:3820} INFO - Setting next_dagrun for example_sla_dag to 2026-03-04T19:34:00+00:00, run_after=2026-03-04T19:36:00+00:00
[2026-03-04T19:36:18.893+0000] {processor.py:183} INFO - Processing /Users/HP/storypoints-week1/venv/lib/python3.11/site-packages/airflow/example_dags/example_sla_dag.py took 0.113 seconds
[2026-03-04T19:38:06.543+0000] {processor.py:161} INFO - Started process (PID=77231) to work on /Users/HP/storypoints-week1/venv/lib/python3.11/site-packages/airflow/example_dags/example_sla_dag.py
[2026-03-04T19:38:06.546+0000] {processor.py:830} INFO - Processing file /Users/HP/storypoints-week1/venv/lib/python3.11/site-packages/airflow/example_dags/example_sla_dag.py for tasks to queue
[2026-03-04T19:38:06.548+0000] {logging_mixin.py:188} INFO - [2026-03-04T19:38:06.548+0000] {dagbag.py:538} INFO - Filling up the DagBag from /Users/HP/storypoints-week1/venv/lib/python3.11/site-packages/airflow/example_dags/example_sla_dag.py
[2026-03-04T19:38:06.575+0000] {processor.py:840} INFO - DAG(s) 'example_sla_dag' retrieved from /Users/HP/storypoints-week1/venv/lib/python3.11/site-packages/airflow/example_dags/example_sla_dag.py
[2026-03-04T19:38:06.634+0000] {logging_mixin.py:188} INFO - [2026-03-04T19:38:06.634+0000] {dag.py:3033} INFO - Sync 1 DAGs
[2026-03-04T19:38:06.649+0000] {logging_mixin.py:188} INFO - [2026-03-04T19:38:06.649+0000] {dag.py:3820} INFO - Setting next_dagrun for example_sla_dag to 2026-03-04T19:36:00+00:00, run_after=2026-03-04T19:38:00+00:00
[2026-03-04T19:38:06.663+0000] {processor.py:183} INFO - Processing /Users/HP/storypoints-week1/venv/lib/python3.11/site-packages/airflow/example_dags/example_sla_dag.py took 0.120 seconds
[2026-03-04T19:39:24.829+0000] {processor.py:161} INFO - Started process (PID=77985) to work on /Users/HP/storypoints-week1/venv/lib/python3.11/site-packages/airflow/example_dags/example_sla_dag.py
[2026-03-04T19:39:24.831+0000] {processor.py:830} INFO - Processing file /Users/HP/storypoints-week1/venv/lib/python3.11/site-packages/airflow/example_dags/example_sla_dag.py for tasks to queue
[2026-03-04T19:39:24.833+0000] {logging_mixin.py:188} INFO - [2026-03-04T19:39:24.833+0000] {dagbag.py:538} INFO - Filling up the DagBag from /Users/HP/storypoints-week1/venv/lib/python3.11/site-packages/airflow/example_dags/example_sla_dag.py
[2026-03-04T19:39:24.859+0000] {processor.py:840} INFO - DAG(s) 'example_sla_dag' retrieved from /Users/HP/storypoints-week1/venv/lib/python3.11/site-packages/airflow/example_dags/example_sla_dag.py
[2026-03-04T19:39:24.919+0000] {logging_mixin.py:188} INFO - [2026-03-04T19:39:24.919+0000] {dag.py:3033} INFO - Sync 1 DAGs
[2026-03-04T19:39:24.932+0000] {logging_mixin.py:188} INFO - [2026-03-04T19:39:24.932+0000] {dag.py:3820} INFO - Setting next_dagrun for example_sla_dag to 2026-03-04T19:36:00+00:00, run_after=2026-03-04T19:38:00+00:00
[2026-03-04T19:39:24.943+0000] {processor.py:183} INFO - Processing /Users/HP/storypoints-week1/venv/lib/python3.11/site-packages/airflow/example_dags/example_sla_dag.py took 0.115 seconds
[2026-03-04T19:40:38.068+0000] {processor.py:161} INFO - Started process (PID=78675) to work on /Users/HP/storypoints-week1/venv/lib/python3.11/site-packages/airflow/example_dags/example_sla_dag.py
[2026-03-04T19:40:38.071+0000] {processor.py:830} INFO - Processing file /Users/HP/storypoints-week1/venv/lib/python3.11/site-packages/airflow/example_dags/example_sla_dag.py for tasks to queue
[2026-03-04T19:40:38.072+0000] {logging_mixin.py:188} INFO - [2026-03-04T19:40:38.072+0000] {dagbag.py:538} INFO - Filling up the DagBag from /Users/HP/storypoints-week1/venv/lib/python3.11/site-packages/airflow/example_dags/example_sla_dag.py
[2026-03-04T19:40:38.098+0000] {processor.py:840} INFO - DAG(s) 'example_sla_dag' retrieved from /Users/HP/storypoints-week1/venv/lib/python3.11/site-packages/airflow/example_dags/example_sla_dag.py
[2026-03-04T19:40:38.154+0000] {logging_mixin.py:188} INFO - [2026-03-04T19:40:38.154+0000] {dag.py:3033} INFO - Sync 1 DAGs
[2026-03-04T19:40:38.167+0000] {logging_mixin.py:188} INFO - [2026-03-04T19:40:38.167+0000] {dag.py:3820} INFO - Setting next_dagrun for example_sla_dag to 2026-03-04T19:38:00+00:00, run_after=2026-03-04T19:40:00+00:00
[2026-03-04T19:40:38.178+0000] {processor.py:183} INFO - Processing /Users/HP/storypoints-week1/venv/lib/python3.11/site-packages/airflow/example_dags/example_sla_dag.py took 0.111 seconds
[2026-03-04T19:41:51.460+0000] {processor.py:161} INFO - Started process (PID=79364) to work on /Users/HP/storypoints-week1/venv/lib/python3.11/site-packages/airflow/example_dags/example_sla_dag.py
[2026-03-04T19:41:51.462+0000] {processor.py:830} INFO - Processing file /Users/HP/storypoints-week1/venv/lib/python3.11/site-packages/airflow/example_dags/example_sla_dag.py for tasks to queue
[2026-03-04T19:41:51.464+0000] {logging_mixin.py:188} INFO - [2026-03-04T19:41:51.464+0000] {dagbag.py:538} INFO - Filling up the DagBag from /Users/HP/storypoints-week1/venv/lib/python3.11/site-packages/airflow/example_dags/example_sla_dag.py
[2026-03-04T19:41:51.492+0000] {processor.py:840} INFO - DAG(s) 'example_sla_dag' retrieved from /Users/HP/storypoints-week1/venv/lib/python3.11/site-packages/airflow/example_dags/example_sla_dag.py
[2026-03-04T19:41:51.552+0000] {logging_mixin.py:188} INFO - [2026-03-04T19:41:51.552+0000] {dag.py:3033} INFO - Sync 1 DAGs
[2026-03-04T19:41:51.565+0000] {logging_mixin.py:188} INFO - [2026-03-04T19:41:51.565+0000] {dag.py:3820} INFO - Setting next_dagrun for example_sla_dag to 2026-03-04T19:38:00+00:00, run_after=2026-03-04T19:40:00+00:00
[2026-03-04T19:41:51.576+0000] {processor.py:183} INFO - Processing /Users/HP/storypoints-week1/venv/lib/python3.11/site-packages/airflow/example_dags/example_sla_dag.py took 0.117 seconds
[2026-03-04T19:43:06.282+0000] {processor.py:161} INFO - Started process (PID=80067) to work on /Users/HP/storypoints-week1/venv/lib/python3.11/site-packages/airflow/example_dags/example_sla_dag.py
[2026-03-04T19:43:06.285+0000] {processor.py:830} INFO - Processing file /Users/HP/storypoints-week1/venv/lib/python3.11/site-packages/airflow/example_dags/example_sla_dag.py for tasks to queue
[2026-03-04T19:43:06.286+0000] {logging_mixin.py:188} INFO - [2026-03-04T19:43:06.286+0000] {dagbag.py:538} INFO - Filling up the DagBag from /Users/HP/storypoints-week1/venv/lib/python3.11/site-packages/airflow/example_dags/example_sla_dag.py
[2026-03-04T19:43:06.311+0000] {processor.py:840} INFO - DAG(s) 'example_sla_dag' retrieved from /Users/HP/storypoints-week1/venv/lib/python3.11/site-packages/airflow/example_dags/example_sla_dag.py
[2026-03-04T19:43:06.376+0000] {logging_mixin.py:188} INFO - [2026-03-04T19:43:06.376+0000] {dag.py:3033} INFO - Sync 1 DAGs
[2026-03-04T19:43:06.390+0000] {logging_mixin.py:188} INFO - [2026-03-04T19:43:06.390+0000] {dag.py:3820} INFO - Setting next_dagrun for example_sla_dag to 2026-03-04T19:40:00+00:00, run_after=2026-03-04T19:42:00+00:00
[2026-03-04T19:43:06.402+0000] {processor.py:183} INFO - Processing /Users/HP/storypoints-week1/venv/lib/python3.11/site-packages/airflow/example_dags/example_sla_dag.py took 0.120 seconds
[2026-03-04T19:44:19.086+0000] {processor.py:161} INFO - Started process (PID=80750) to work on /Users/HP/storypoints-week1/venv/lib/python3.11/site-packages/airflow/example_dags/example_sla_dag.py
[2026-03-04T19:44:19.089+0000] {processor.py:830} INFO - Processing file /Users/HP/storypoints-week1/venv/lib/python3.11/site-packages/airflow/example_dags/example_sla_dag.py for tasks to queue
[2026-03-04T19:44:19.090+0000] {logging_mixin.py:188} INFO - [2026-03-04T19:44:19.090+0000] {dagbag.py:538} INFO - Filling up the DagBag from /Users/HP/storypoints-week1/venv/lib/python3.11/site-packages/airflow/example_dags/example_sla_dag.py
[2026-03-04T19:44:19.116+0000] {processor.py:840} INFO - DAG(s) 'example_sla_dag' retrieved from /Users/HP/storypoints-week1/venv/lib/python3.11/site-packages/airflow/example_dags/example_sla_dag.py
[2026-03-04T19:44:19.176+0000] {logging_mixin.py:188} INFO - [2026-03-04T19:44:19.176+0000] {dag.py:3033} INFO - Sync 1 DAGs
[2026-03-04T19:44:19.189+0000] {logging_mixin.py:188} INFO - [2026-03-04T19:44:19.189+0000] {dag.py:3820} INFO - Setting next_dagrun for example_sla_dag to 2026-03-04T19:42:00+00:00, run_after=2026-03-04T19:44:00+00:00
[2026-03-04T19:44:19.200+0000] {processor.py:183} INFO - Processing /Users/HP/storypoints-week1/venv/lib/python3.11/site-packages/airflow/example_dags/example_sla_dag.py took 0.115 seconds
[2026-03-04T19:45:33.657+0000] {processor.py:161} INFO - Started process (PID=81458) to work on /Users/HP/storypoints-week1/venv/lib/python3.11/site-packages/airflow/example_dags/example_sla_dag.py
[2026-03-04T19:45:33.659+0000] {processor.py:830} INFO - Processing file /Users/HP/storypoints-week1/venv/lib/python3.11/site-packages/airflow/example_dags/example_sla_dag.py for tasks to queue
[2026-03-04T19:45:33.661+0000] {logging_mixin.py:188} INFO - [2026-03-04T19:45:33.661+0000] {dagbag.py:538} INFO - Filling up the DagBag from /Users/HP/storypoints-week1/venv/lib/python3.11/site-packages/airflow/example_dags/example_sla_dag.py
[2026-03-04T19:45:33.688+0000] {processor.py:840} INFO - DAG(s) 'example_sla_dag' retrieved from /Users/HP/storypoints-week1/venv/lib/python3.11/site-packages/airflow/example_dags/example_sla_dag.py
[2026-03-04T19:45:33.747+0000] {logging_mixin.py:188} INFO - [2026-03-04T19:45:33.747+0000] {dag.py:3033} INFO - Sync 1 DAGs
[2026-03-04T19:45:33.761+0000] {logging_mixin.py:188} INFO - [2026-03-04T19:45:33.761+0000] {dag.py:3820} INFO - Setting next_dagrun for example_sla_dag to 2026-03-04T19:42:00+00:00, run_after=2026-03-04T19:44:00+00:00
[2026-03-04T19:45:33.772+0000] {processor.py:183} INFO - Processing /Users/HP/storypoints-week1/venv/lib/python3.11/site-packages/airflow/example_dags/example_sla_dag.py took 0.116 seconds
[2026-03-04T19:46:47.492+0000] {processor.py:161} INFO - Started process (PID=82163) to work on /Users/HP/storypoints-week1/venv/lib/python3.11/site-packages/airflow/example_dags/example_sla_dag.py
[2026-03-04T19:46:47.494+0000] {processor.py:830} INFO - Processing file /Users/HP/storypoints-week1/venv/lib/python3.11/site-packages/airflow/example_dags/example_sla_dag.py for tasks to queue
[2026-03-04T19:46:47.496+0000] {logging_mixin.py:188} INFO - [2026-03-04T19:46:47.496+0000] {dagbag.py:538} INFO - Filling up the DagBag from /Users/HP/storypoints-week1/venv/lib/python3.11/site-packages/airflow/example_dags/example_sla_dag.py
[2026-03-04T19:46:47.522+0000] {processor.py:840} INFO - DAG(s) 'example_sla_dag' retrieved from /Users/HP/storypoints-week1/venv/lib/python3.11/site-packages/airflow/example_dags/example_sla_dag.py
[2026-03-04T19:46:47.582+0000] {logging_mixin.py:188} INFO - [2026-03-04T19:46:47.581+0000] {dag.py:3033} INFO - Sync 1 DAGs
[2026-03-04T19:46:47.597+0000] {logging_mixin.py:188} INFO - [2026-03-04T19:46:47.596+0000] {dag.py:3820} INFO - Setting next_dagrun for example_sla_dag to 2026-03-04T19:44:00+00:00, run_after=2026-03-04T19:46:00+00:00
[2026-03-04T19:46:47.608+0000] {processor.py:183} INFO - Processing /Users/HP/storypoints-week1/venv/lib/python3.11/site-packages/airflow/example_dags/example_sla_dag.py took 0.118 seconds
[2026-03-04T20:00:12.398+0000] {processor.py:161} INFO - Started process (PID=82869) to work on /Users/HP/storypoints-week1/venv/lib/python3.11/site-packages/airflow/example_dags/example_sla_dag.py
[2026-03-04T20:00:12.401+0000] {processor.py:830} INFO - Processing file /Users/HP/storypoints-week1/venv/lib/python3.11/site-packages/airflow/example_dags/example_sla_dag.py for tasks to queue
[2026-03-04T20:00:12.402+0000] {logging_mixin.py:188} INFO - [2026-03-04T20:00:12.402+0000] {dagbag.py:538} INFO - Filling up the DagBag from /Users/HP/storypoints-week1/venv/lib/python3.11/site-packages/airflow/example_dags/example_sla_dag.py
[2026-03-04T20:00:12.428+0000] {processor.py:840} INFO - DAG(s) 'example_sla_dag' retrieved from /Users/HP/storypoints-week1/venv/lib/python3.11/site-packages/airflow/example_dags/example_sla_dag.py
[2026-03-04T20:00:12.487+0000] {logging_mixin.py:188} INFO - [2026-03-04T20:00:12.487+0000] {dag.py:3033} INFO - Sync 1 DAGs
[2026-03-04T20:00:12.500+0000] {logging_mixin.py:188} INFO - [2026-03-04T20:00:12.500+0000] {dag.py:3820} INFO - Setting next_dagrun for example_sla_dag to 2026-03-04T19:58:00+00:00, run_after=2026-03-04T20:00:00+00:00
[2026-03-04T20:00:12.511+0000] {processor.py:183} INFO - Processing /Users/HP/storypoints-week1/venv/lib/python3.11/site-packages/airflow/example_dags/example_sla_dag.py took 0.113 seconds
[2026-03-04T20:12:43.615+0000] {processor.py:161} INFO - Started process (PID=83631) to work on /Users/HP/storypoints-week1/venv/lib/python3.11/site-packages/airflow/example_dags/example_sla_dag.py
[2026-03-04T20:12:43.618+0000] {processor.py:830} INFO - Processing file /Users/HP/storypoints-week1/venv/lib/python3.11/site-packages/airflow/example_dags/example_sla_dag.py for tasks to queue
[2026-03-04T20:12:43.619+0000] {logging_mixin.py:188} INFO - [2026-03-04T20:12:43.619+0000] {dagbag.py:538} INFO - Filling up the DagBag from /Users/HP/storypoints-week1/venv/lib/python3.11/site-packages/airflow/example_dags/example_sla_dag.py
[2026-03-04T20:12:43.644+0000] {processor.py:840} INFO - DAG(s) 'example_sla_dag' retrieved from /Users/HP/storypoints-week1/venv/lib/python3.11/site-packages/airflow/example_dags/example_sla_dag.py
[2026-03-04T20:12:43.705+0000] {logging_mixin.py:188} INFO - [2026-03-04T20:12:43.704+0000] {dag.py:3033} INFO - Sync 1 DAGs
[2026-03-04T20:12:43.719+0000] {logging_mixin.py:188} INFO - [2026-03-04T20:12:43.718+0000] {dag.py:3820} INFO - Setting next_dagrun for example_sla_dag to 2026-03-04T20:10:00+00:00, run_after=2026-03-04T20:12:00+00:00
[2026-03-04T20:12:43.730+0000] {processor.py:183} INFO - Processing /Users/HP/storypoints-week1/venv/lib/python3.11/site-packages/airflow/example_dags/example_sla_dag.py took 0.115 seconds
[2026-03-04T20:14:15.057+0000] {processor.py:161} INFO - Started process (PID=84480) to work on /Users/HP/storypoints-week1/venv/lib/python3.11/site-packages/airflow/example_dags/example_sla_dag.py
[2026-03-04T20:14:15.059+0000] {processor.py:830} INFO - Processing file /Users/HP/storypoints-week1/venv/lib/python3.11/site-packages/airflow/example_dags/example_sla_dag.py for tasks to queue
[2026-03-04T20:14:15.061+0000] {logging_mixin.py:188} INFO - [2026-03-04T20:14:15.061+0000] {dagbag.py:538} INFO - Filling up the DagBag from /Users/HP/storypoints-week1/venv/lib/python3.11/site-packages/airflow/example_dags/example_sla_dag.py
[2026-03-04T20:14:15.087+0000] {processor.py:840} INFO - DAG(s) 'example_sla_dag' retrieved from /Users/HP/storypoints-week1/venv/lib/python3.11/site-packages/airflow/example_dags/example_sla_dag.py
[2026-03-04T20:14:15.147+0000] {logging_mixin.py:188} INFO - [2026-03-04T20:14:15.146+0000] {dag.py:3033} INFO - Sync 1 DAGs
[2026-03-04T20:14:15.160+0000] {logging_mixin.py:188} INFO - [2026-03-04T20:14:15.160+0000] {dag.py:3820} INFO - Setting next_dagrun for example_sla_dag to 2026-03-04T20:12:00+00:00, run_after=2026-03-04T20:14:00+00:00
[2026-03-04T20:14:15.171+0000] {processor.py:183} INFO - Processing /Users/HP/storypoints-week1/venv/lib/python3.11/site-packages/airflow/example_dags/example_sla_dag.py took 0.115 seconds
[2026-03-04T20:15:33.170+0000] {processor.py:161} INFO - Started process (PID=85204) to work on /Users/HP/storypoints-week1/venv/lib/python3.11/site-packages/airflow/example_dags/example_sla_dag.py
[2026-03-04T20:15:33.173+0000] {processor.py:830} INFO - Processing file /Users/HP/storypoints-week1/venv/lib/python3.11/site-packages/airflow/example_dags/example_sla_dag.py for tasks to queue
[2026-03-04T20:15:33.174+0000] {logging_mixin.py:188} INFO - [2026-03-04T20:15:33.174+0000] {dagbag.py:538} INFO - Filling up the DagBag from /Users/HP/storypoints-week1/venv/lib/python3.11/site-packages/airflow/example_dags/example_sla_dag.py
[2026-03-04T20:15:33.200+0000] {processor.py:840} INFO - DAG(s) 'example_sla_dag' retrieved from /Users/HP/storypoints-week1/venv/lib/python3.11/site-packages/airflow/example_dags/example_sla_dag.py
[2026-03-04T20:15:33.259+0000] {logging_mixin.py:188} INFO - [2026-03-04T20:15:33.259+0000] {dag.py:3033} INFO - Sync 1 DAGs
[2026-03-04T20:15:33.272+0000] {logging_mixin.py:188} INFO - [2026-03-04T20:15:33.272+0000] {dag.py:3820} INFO - Setting next_dagrun for example_sla_dag to 2026-03-04T20:12:00+00:00, run_after=2026-03-04T20:14:00+00:00
[2026-03-04T20:15:33.283+0000] {processor.py:183} INFO - Processing /Users/HP/storypoints-week1/venv/lib/python3.11/site-packages/airflow/example_dags/example_sla_dag.py took 0.114 seconds
[2026-03-04T20:23:40.033+0000] {processor.py:161} INFO - Started process (PID=85944) to work on /Users/HP/storypoints-week1/venv/lib/python3.11/site-packages/airflow/example_dags/example_sla_dag.py
[2026-03-04T20:23:40.036+0000] {processor.py:830} INFO - Processing file /Users/HP/storypoints-week1/venv/lib/python3.11/site-packages/airflow/example_dags/example_sla_dag.py for tasks to queue
[2026-03-04T20:23:40.037+0000] {logging_mixin.py:188} INFO - [2026-03-04T20:23:40.037+0000] {dagbag.py:538} INFO - Filling up the DagBag from /Users/HP/storypoints-week1/venv/lib/python3.11/site-packages/airflow/example_dags/example_sla_dag.py
[2026-03-04T20:23:40.063+0000] {processor.py:840} INFO - DAG(s) 'example_sla_dag' retrieved from /Users/HP/storypoints-week1/venv/lib/python3.11/site-packages/airflow/example_dags/example_sla_dag.py
[2026-03-04T20:23:40.124+0000] {logging_mixin.py:188} INFO - [2026-03-04T20:23:40.123+0000] {dag.py:3033} INFO - Sync 1 DAGs
[2026-03-04T20:23:40.137+0000] {logging_mixin.py:188} INFO - [2026-03-04T20:23:40.137+0000] {dag.py:3820} INFO - Setting next_dagrun for example_sla_dag to 2026-03-04T20:20:00+00:00, run_after=2026-03-04T20:22:00+00:00
[2026-03-04T20:23:40.148+0000] {processor.py:183} INFO - Processing /Users/HP/storypoints-week1/venv/lib/python3.11/site-packages/airflow/example_dags/example_sla_dag.py took 0.115 seconds
[2026-03-04T20:25:09.945+0000] {processor.py:161} INFO - Started process (PID=86783) to work on /Users/HP/storypoints-week1/venv/lib/python3.11/site-packages/airflow/example_dags/example_sla_dag.py
[2026-03-04T20:25:09.947+0000] {processor.py:830} INFO - Processing file /Users/HP/storypoints-week1/venv/lib/python3.11/site-packages/airflow/example_dags/example_sla_dag.py for tasks to queue
[2026-03-04T20:25:09.949+0000] {logging_mixin.py:188} INFO - [2026-03-04T20:25:09.949+0000] {dagbag.py:538} INFO - Filling up the DagBag from /Users/HP/storypoints-week1/venv/lib/python3.11/site-packages/airflow/example_dags/example_sla_dag.py
[2026-03-04T20:25:09.975+0000] {processor.py:840} INFO - DAG(s) 'example_sla_dag' retrieved from /Users/HP/storypoints-week1/venv/lib/python3.11/site-packages/airflow/example_dags/example_sla_dag.py
[2026-03-04T20:25:10.035+0000] {logging_mixin.py:188} INFO - [2026-03-04T20:25:10.034+0000] {dag.py:3033} INFO - Sync 1 DAGs
[2026-03-04T20:25:10.048+0000] {logging_mixin.py:188} INFO - [2026-03-04T20:25:10.048+0000] {dag.py:3820} INFO - Setting next_dagrun for example_sla_dag to 2026-03-04T20:22:00+00:00, run_after=2026-03-04T20:24:00+00:00
[2026-03-04T20:25:10.059+0000] {processor.py:183} INFO - Processing /Users/HP/storypoints-week1/venv/lib/python3.11/site-packages/airflow/example_dags/example_sla_dag.py took 0.114 seconds
[2026-03-04T20:45:49.404+0000] {processor.py:161} INFO - Started process (PID=87524) to work on /Users/HP/storypoints-week1/venv/lib/python3.11/site-packages/airflow/example_dags/example_sla_dag.py
[2026-03-04T20:45:49.406+0000] {processor.py:830} INFO - Processing file /Users/HP/storypoints-week1/venv/lib/python3.11/site-packages/airflow/example_dags/example_sla_dag.py for tasks to queue
[2026-03-04T20:45:49.408+0000] {logging_mixin.py:188} INFO - [2026-03-04T20:45:49.408+0000] {dagbag.py:538} INFO - Filling up the DagBag from /Users/HP/storypoints-week1/venv/lib/python3.11/site-packages/airflow/example_dags/example_sla_dag.py
[2026-03-04T20:45:49.434+0000] {processor.py:840} INFO - DAG(s) 'example_sla_dag' retrieved from /Users/HP/storypoints-week1/venv/lib/python3.11/site-packages/airflow/example_dags/example_sla_dag.py
[2026-03-04T20:45:49.510+0000] {logging_mixin.py:188} INFO - [2026-03-04T20:45:49.510+0000] {dag.py:3033} INFO - Sync 1 DAGs
[2026-03-04T20:45:49.529+0000] {logging_mixin.py:188} INFO - [2026-03-04T20:45:49.528+0000] {dag.py:3820} INFO - Setting next_dagrun for example_sla_dag to 2026-03-04T20:42:00+00:00, run_after=2026-03-04T20:44:00+00:00
[2026-03-04T20:45:49.544+0000] {processor.py:183} INFO - Processing /Users/HP/storypoints-week1/venv/lib/python3.11/site-packages/airflow/example_dags/example_sla_dag.py took 0.140 seconds
[2026-03-04T22:05:04.874+0000] {processor.py:161} INFO - Started process (PID=88338) to work on /Users/HP/storypoints-week1/venv/lib/python3.11/site-packages/airflow/example_dags/example_sla_dag.py
[2026-03-04T22:05:04.877+0000] {processor.py:830} INFO - Processing file /Users/HP/storypoints-week1/venv/lib/python3.11/site-packages/airflow/example_dags/example_sla_dag.py for tasks to queue
[2026-03-04T22:05:04.878+0000] {logging_mixin.py:188} INFO - [2026-03-04T22:05:04.878+0000] {dagbag.py:538} INFO - Filling up the DagBag from /Users/HP/storypoints-week1/venv/lib/python3.11/site-packages/airflow/example_dags/example_sla_dag.py
[2026-03-04T22:05:04.904+0000] {processor.py:840} INFO - DAG(s) 'example_sla_dag' retrieved from /Users/HP/storypoints-week1/venv/lib/python3.11/site-packages/airflow/example_dags/example_sla_dag.py
[2026-03-04T22:05:04.963+0000] {logging_mixin.py:188} INFO - [2026-03-04T22:05:04.963+0000] {dag.py:3033} INFO - Sync 1 DAGs
[2026-03-04T22:05:04.976+0000] {logging_mixin.py:188} INFO - [2026-03-04T22:05:04.976+0000] {dag.py:3820} INFO - Setting next_dagrun for example_sla_dag to 2026-03-04T22:02:00+00:00, run_after=2026-03-04T22:04:00+00:00
[2026-03-04T22:05:04.987+0000] {processor.py:183} INFO - Processing /Users/HP/storypoints-week1/venv/lib/python3.11/site-packages/airflow/example_dags/example_sla_dag.py took 0.114 seconds
[2026-03-04T22:17:44.099+0000] {processor.py:161} INFO - Started process (PID=89087) to work on /Users/HP/storypoints-week1/venv/lib/python3.11/site-packages/airflow/example_dags/example_sla_dag.py
[2026-03-04T22:17:44.102+0000] {processor.py:830} INFO - Processing file /Users/HP/storypoints-week1/venv/lib/python3.11/site-packages/airflow/example_dags/example_sla_dag.py for tasks to queue
[2026-03-04T22:17:44.103+0000] {logging_mixin.py:188} INFO - [2026-03-04T22:17:44.103+0000] {dagbag.py:538} INFO - Filling up the DagBag from /Users/HP/storypoints-week1/venv/lib/python3.11/site-packages/airflow/example_dags/example_sla_dag.py
[2026-03-04T22:17:44.126+0000] {processor.py:840} INFO - DAG(s) 'example_sla_dag' retrieved from /Users/HP/storypoints-week1/venv/lib/python3.11/site-packages/airflow/example_dags/example_sla_dag.py
[2026-03-04T22:17:44.181+0000] {logging_mixin.py:188} INFO - [2026-03-04T22:17:44.181+0000] {dag.py:3033} INFO - Sync 1 DAGs
[2026-03-04T22:17:44.194+0000] {logging_mixin.py:188} INFO - [2026-03-04T22:17:44.194+0000] {dag.py:3820} INFO - Setting next_dagrun for example_sla_dag to 2026-03-04T22:14:00+00:00, run_after=2026-03-04T22:16:00+00:00
[2026-03-04T22:17:44.205+0000] {processor.py:183} INFO - Processing /Users/HP/storypoints-week1/venv/lib/python3.11/site-packages/airflow/example_dags/example_sla_dag.py took 0.106 seconds
[2026-03-04T22:31:56.858+0000] {processor.py:161} INFO - Started process (PID=90046) to work on /Users/HP/storypoints-week1/venv/lib/python3.11/site-packages/airflow/example_dags/example_sla_dag.py
[2026-03-04T22:31:56.860+0000] {processor.py:830} INFO - Processing file /Users/HP/storypoints-week1/venv/lib/python3.11/site-packages/airflow/example_dags/example_sla_dag.py for tasks to queue
[2026-03-04T22:31:56.861+0000] {logging_mixin.py:188} INFO - [2026-03-04T22:31:56.861+0000] {dagbag.py:538} INFO - Filling up the DagBag from /Users/HP/storypoints-week1/venv/lib/python3.11/site-packages/airflow/example_dags/example_sla_dag.py
[2026-03-04T22:31:56.885+0000] {processor.py:840} INFO - DAG(s) 'example_sla_dag' retrieved from /Users/HP/storypoints-week1/venv/lib/python3.11/site-packages/airflow/example_dags/example_sla_dag.py
[2026-03-04T22:31:56.942+0000] {logging_mixin.py:188} INFO - [2026-03-04T22:31:56.942+0000] {dag.py:3033} INFO - Sync 1 DAGs
[2026-03-04T22:31:56.955+0000] {logging_mixin.py:188} INFO - [2026-03-04T22:31:56.955+0000] {dag.py:3820} INFO - Setting next_dagrun for example_sla_dag to 2026-03-04T22:28:00+00:00, run_after=2026-03-04T22:30:00+00:00
[2026-03-04T22:31:56.966+0000] {processor.py:183} INFO - Processing /Users/HP/storypoints-week1/venv/lib/python3.11/site-packages/airflow/example_dags/example_sla_dag.py took 0.109 seconds
[2026-03-04T23:06:10.151+0000] {processor.py:161} INFO - Started process (PID=90789) to work on /Users/HP/storypoints-week1/venv/lib/python3.11/site-packages/airflow/example_dags/example_sla_dag.py
[2026-03-04T23:06:10.154+0000] {processor.py:830} INFO - Processing file /Users/HP/storypoints-week1/venv/lib/python3.11/site-packages/airflow/example_dags/example_sla_dag.py for tasks to queue
[2026-03-04T23:06:10.155+0000] {logging_mixin.py:188} INFO - [2026-03-04T23:06:10.155+0000] {dagbag.py:538} INFO - Filling up the DagBag from /Users/HP/storypoints-week1/venv/lib/python3.11/site-packages/airflow/example_dags/example_sla_dag.py
[2026-03-04T23:06:10.180+0000] {processor.py:840} INFO - DAG(s) 'example_sla_dag' retrieved from /Users/HP/storypoints-week1/venv/lib/python3.11/site-packages/airflow/example_dags/example_sla_dag.py
[2026-03-04T23:06:10.241+0000] {logging_mixin.py:188} INFO - [2026-03-04T23:06:10.240+0000] {dag.py:3033} INFO - Sync 1 DAGs
[2026-03-04T23:06:10.254+0000] {logging_mixin.py:188} INFO - [2026-03-04T23:06:10.254+0000] {dag.py:3820} INFO - Setting next_dagrun for example_sla_dag to 2026-03-04T23:04:00+00:00, run_after=2026-03-04T23:06:00+00:00
[2026-03-04T23:06:10.265+0000] {processor.py:183} INFO - Processing /Users/HP/storypoints-week1/venv/lib/python3.11/site-packages/airflow/example_dags/example_sla_dag.py took 0.115 seconds
[2026-03-04T23:07:23.749+0000] {processor.py:161} INFO - Started process (PID=91495) to work on /Users/HP/storypoints-week1/venv/lib/python3.11/site-packages/airflow/example_dags/example_sla_dag.py
[2026-03-04T23:07:23.751+0000] {processor.py:830} INFO - Processing file /Users/HP/storypoints-week1/venv/lib/python3.11/site-packages/airflow/example_dags/example_sla_dag.py for tasks to queue
[2026-03-04T23:07:23.753+0000] {logging_mixin.py:188} INFO - [2026-03-04T23:07:23.753+0000] {dagbag.py:538} INFO - Filling up the DagBag from /Users/HP/storypoints-week1/venv/lib/python3.11/site-packages/airflow/example_dags/example_sla_dag.py
[2026-03-04T23:07:23.775+0000] {processor.py:840} INFO - DAG(s) 'example_sla_dag' retrieved from /Users/HP/storypoints-week1/venv/lib/python3.11/site-packages/airflow/example_dags/example_sla_dag.py
[2026-03-04T23:07:23.834+0000] {logging_mixin.py:188} INFO - [2026-03-04T23:07:23.833+0000] {dag.py:3033} INFO - Sync 1 DAGs
[2026-03-04T23:07:23.847+0000] {logging_mixin.py:188} INFO - [2026-03-04T23:07:23.846+0000] {dag.py:3820} INFO - Setting next_dagrun for example_sla_dag to 2026-03-04T23:04:00+00:00, run_after=2026-03-04T23:06:00+00:00
[2026-03-04T23:07:23.858+0000] {processor.py:183} INFO - Processing /Users/HP/storypoints-week1/venv/lib/python3.11/site-packages/airflow/example_dags/example_sla_dag.py took 0.109 seconds
[2026-03-04T23:19:33.372+0000] {processor.py:161} INFO - Started process (PID=92210) to work on /Users/HP/storypoints-week1/venv/lib/python3.11/site-packages/airflow/example_dags/example_sla_dag.py
[2026-03-04T23:19:33.374+0000] {processor.py:830} INFO - Processing file /Users/HP/storypoints-week1/venv/lib/python3.11/site-packages/airflow/example_dags/example_sla_dag.py for tasks to queue
[2026-03-04T23:19:33.376+0000] {logging_mixin.py:188} INFO - [2026-03-04T23:19:33.376+0000] {dagbag.py:538} INFO - Filling up the DagBag from /Users/HP/storypoints-week1/venv/lib/python3.11/site-packages/airflow/example_dags/example_sla_dag.py
[2026-03-04T23:19:33.401+0000] {processor.py:840} INFO - DAG(s) 'example_sla_dag' retrieved from /Users/HP/storypoints-week1/venv/lib/python3.11/site-packages/airflow/example_dags/example_sla_dag.py
[2026-03-04T23:19:33.457+0000] {logging_mixin.py:188} INFO - [2026-03-04T23:19:33.457+0000] {dag.py:3033} INFO - Sync 1 DAGs
[2026-03-04T23:19:33.469+0000] {logging_mixin.py:188} INFO - [2026-03-04T23:19:33.469+0000] {dag.py:3820} INFO - Setting next_dagrun for example_sla_dag to 2026-03-04T23:16:00+00:00, run_after=2026-03-04T23:18:00+00:00
[2026-03-04T23:19:33.479+0000] {processor.py:183} INFO - Processing /Users/HP/storypoints-week1/venv/lib/python3.11/site-packages/airflow/example_dags/example_sla_dag.py took 0.108 seconds
