[2026-03-04T19:02:52.980+0000] {processor.py:161} INFO - Started process (PID=55159) to work on /Users/HP/storypoints-week1/venv/lib/python3.11/site-packages/airflow/example_dags/example_branch_operator_decorator.py
[2026-03-04T19:02:52.982+0000] {processor.py:830} INFO - Processing file /Users/HP/storypoints-week1/venv/lib/python3.11/site-packages/airflow/example_dags/example_branch_operator_decorator.py for tasks to queue
[2026-03-04T19:02:52.983+0000] {logging_mixin.py:188} INFO - [2026-03-04T19:02:52.983+0000] {dagbag.py:538} INFO - Filling up the DagBag from /Users/HP/storypoints-week1/venv/lib/python3.11/site-packages/airflow/example_dags/example_branch_operator_decorator.py
[2026-03-04T19:02:53.012+0000] {logging_mixin.py:188} INFO - [2026-03-04T19:02:53.009+0000] {dagbag.py:348} ERROR - Failed to import: /Users/HP/storypoints-week1/venv/lib/python3.11/site-packages/airflow/example_dags/example_branch_operator_decorator.py
Traceback (most recent call last):
  File "/Users/HP/storypoints-week1/venv/lib/python3.11/site-packages/airflow/models/dagbag.py", line 344, in parse
    loader.exec_module(new_module)
  File "<frozen importlib._bootstrap_external>", line 940, in exec_module
  File "<frozen importlib._bootstrap>", line 241, in _call_with_frames_removed
  File "/Users/HP/storypoints-week1/venv/lib/python3.11/site-packages/airflow/example_dags/example_branch_operator_decorator.py", line 125, in <module>
    random_choice_venv = branching_virtualenv(choices=options)
                         ^^^^^^^^^^^^^^^^^^^^^^^^^^^^^^^^^^^^^
  File "/Users/HP/storypoints-week1/venv/lib/python3.11/site-packages/airflow/decorators/base.py", line 367, in __call__
    op = self.operator_class(
         ^^^^^^^^^^^^^^^^^^^^
  File "/Users/HP/storypoints-week1/venv/lib/python3.11/site-packages/airflow/models/baseoperator.py", line 437, in apply_defaults
    result = func(self, **kwargs, default_args=default_args)
             ^^^^^^^^^^^^^^^^^^^^^^^^^^^^^^^^^^^^^^^^^^^^^^^
  File "/Users/HP/storypoints-week1/venv/lib/python3.11/site-packages/airflow/models/baseoperator.py", line 437, in apply_defaults
    result = func(self, **kwargs, default_args=default_args)
             ^^^^^^^^^^^^^^^^^^^^^^^^^^^^^^^^^^^^^^^^^^^^^^^
  File "/Users/HP/storypoints-week1/venv/lib/python3.11/site-packages/airflow/decorators/python.py", line 52, in __init__
    super().__init__(
  File "/Users/HP/storypoints-week1/venv/lib/python3.11/site-packages/airflow/models/baseoperator.py", line 437, in apply_defaults
    result = func(self, **kwargs, default_args=default_args)
             ^^^^^^^^^^^^^^^^^^^^^^^^^^^^^^^^^^^^^^^^^^^^^^^
  File "/Users/HP/storypoints-week1/venv/lib/python3.11/site-packages/airflow/decorators/base.py", line 234, in __init__
    super().__init__(task_id=task_id, **kwargs_to_upstream, **kwargs)
  File "/Users/HP/storypoints-week1/venv/lib/python3.11/site-packages/airflow/models/baseoperator.py", line 437, in apply_defaults
    result = func(self, **kwargs, default_args=default_args)
             ^^^^^^^^^^^^^^^^^^^^^^^^^^^^^^^^^^^^^^^^^^^^^^^
  File "/Users/HP/storypoints-week1/venv/lib/python3.11/site-packages/airflow/models/baseoperator.py", line 437, in apply_defaults
    result = func(self, **kwargs, default_args=default_args)
             ^^^^^^^^^^^^^^^^^^^^^^^^^^^^^^^^^^^^^^^^^^^^^^^
  File "/Users/HP/storypoints-week1/venv/lib/python3.11/site-packages/airflow/operators/python.py", line 581, in __init__
    raise AirflowException("PythonVirtualenvOperator requires virtualenv, please install it.")
airflow.exceptions.AirflowException: PythonVirtualenvOperator requires virtualenv, please install it.
[2026-03-04T19:02:53.013+0000] {processor.py:842} WARNING - No viable dags retrieved from /Users/HP/storypoints-week1/venv/lib/python3.11/site-packages/airflow/example_dags/example_branch_operator_decorator.py
[2026-03-04T19:02:53.064+0000] {processor.py:183} INFO - Processing /Users/HP/storypoints-week1/venv/lib/python3.11/site-packages/airflow/example_dags/example_branch_operator_decorator.py took 0.085 seconds
[2026-03-04T19:06:01.416+0000] {processor.py:161} INFO - Started process (PID=57342) to work on /Users/HP/storypoints-week1/venv/lib/python3.11/site-packages/airflow/example_dags/example_branch_operator_decorator.py
[2026-03-04T19:06:01.419+0000] {processor.py:830} INFO - Processing file /Users/HP/storypoints-week1/venv/lib/python3.11/site-packages/airflow/example_dags/example_branch_operator_decorator.py for tasks to queue
[2026-03-04T19:06:01.420+0000] {logging_mixin.py:188} INFO - [2026-03-04T19:06:01.420+0000] {dagbag.py:538} INFO - Filling up the DagBag from /Users/HP/storypoints-week1/venv/lib/python3.11/site-packages/airflow/example_dags/example_branch_operator_decorator.py
[2026-03-04T19:06:01.453+0000] {logging_mixin.py:188} INFO - [2026-03-04T19:06:01.449+0000] {dagbag.py:348} ERROR - Failed to import: /Users/HP/storypoints-week1/venv/lib/python3.11/site-packages/airflow/example_dags/example_branch_operator_decorator.py
Traceback (most recent call last):
  File "/Users/HP/storypoints-week1/venv/lib/python3.11/site-packages/airflow/models/dagbag.py", line 344, in parse
    loader.exec_module(new_module)
  File "<frozen importlib._bootstrap_external>", line 940, in exec_module
  File "<frozen importlib._bootstrap>", line 241, in _call_with_frames_removed
  File "/Users/HP/storypoints-week1/venv/lib/python3.11/site-packages/airflow/example_dags/example_branch_operator_decorator.py", line 125, in <module>
    random_choice_venv = branching_virtualenv(choices=options)
                         ^^^^^^^^^^^^^^^^^^^^^^^^^^^^^^^^^^^^^
  File "/Users/HP/storypoints-week1/venv/lib/python3.11/site-packages/airflow/decorators/base.py", line 367, in __call__
    op = self.operator_class(
         ^^^^^^^^^^^^^^^^^^^^
  File "/Users/HP/storypoints-week1/venv/lib/python3.11/site-packages/airflow/models/baseoperator.py", line 437, in apply_defaults
    result = func(self, **kwargs, default_args=default_args)
             ^^^^^^^^^^^^^^^^^^^^^^^^^^^^^^^^^^^^^^^^^^^^^^^
  File "/Users/HP/storypoints-week1/venv/lib/python3.11/site-packages/airflow/models/baseoperator.py", line 437, in apply_defaults
    result = func(self, **kwargs, default_args=default_args)
             ^^^^^^^^^^^^^^^^^^^^^^^^^^^^^^^^^^^^^^^^^^^^^^^
  File "/Users/HP/storypoints-week1/venv/lib/python3.11/site-packages/airflow/decorators/python.py", line 52, in __init__
    super().__init__(
  File "/Users/HP/storypoints-week1/venv/lib/python3.11/site-packages/airflow/models/baseoperator.py", line 437, in apply_defaults
    result = func(self, **kwargs, default_args=default_args)
             ^^^^^^^^^^^^^^^^^^^^^^^^^^^^^^^^^^^^^^^^^^^^^^^
  File "/Users/HP/storypoints-week1/venv/lib/python3.11/site-packages/airflow/decorators/base.py", line 234, in __init__
    super().__init__(task_id=task_id, **kwargs_to_upstream, **kwargs)
  File "/Users/HP/storypoints-week1/venv/lib/python3.11/site-packages/airflow/models/baseoperator.py", line 437, in apply_defaults
    result = func(self, **kwargs, default_args=default_args)
             ^^^^^^^^^^^^^^^^^^^^^^^^^^^^^^^^^^^^^^^^^^^^^^^
  File "/Users/HP/storypoints-week1/venv/lib/python3.11/site-packages/airflow/models/baseoperator.py", line 437, in apply_defaults
    result = func(self, **kwargs, default_args=default_args)
             ^^^^^^^^^^^^^^^^^^^^^^^^^^^^^^^^^^^^^^^^^^^^^^^
  File "/Users/HP/storypoints-week1/venv/lib/python3.11/site-packages/airflow/operators/python.py", line 581, in __init__
    raise AirflowException("PythonVirtualenvOperator requires virtualenv, please install it.")
airflow.exceptions.AirflowException: PythonVirtualenvOperator requires virtualenv, please install it.
[2026-03-04T19:06:01.453+0000] {processor.py:842} WARNING - No viable dags retrieved from /Users/HP/storypoints-week1/venv/lib/python3.11/site-packages/airflow/example_dags/example_branch_operator_decorator.py
[2026-03-04T19:06:01.505+0000] {processor.py:183} INFO - Processing /Users/HP/storypoints-week1/venv/lib/python3.11/site-packages/airflow/example_dags/example_branch_operator_decorator.py took 0.090 seconds
[2026-03-04T19:08:34.338+0000] {processor.py:161} INFO - Started process (PID=58809) to work on /Users/HP/storypoints-week1/venv/lib/python3.11/site-packages/airflow/example_dags/example_branch_operator_decorator.py
[2026-03-04T19:08:34.340+0000] {processor.py:830} INFO - Processing file /Users/HP/storypoints-week1/venv/lib/python3.11/site-packages/airflow/example_dags/example_branch_operator_decorator.py for tasks to queue
[2026-03-04T19:08:34.342+0000] {logging_mixin.py:188} INFO - [2026-03-04T19:08:34.342+0000] {dagbag.py:538} INFO - Filling up the DagBag from /Users/HP/storypoints-week1/venv/lib/python3.11/site-packages/airflow/example_dags/example_branch_operator_decorator.py
[2026-03-04T19:08:34.375+0000] {logging_mixin.py:188} INFO - [2026-03-04T19:08:34.371+0000] {dagbag.py:348} ERROR - Failed to import: /Users/HP/storypoints-week1/venv/lib/python3.11/site-packages/airflow/example_dags/example_branch_operator_decorator.py
Traceback (most recent call last):
  File "/Users/HP/storypoints-week1/venv/lib/python3.11/site-packages/airflow/models/dagbag.py", line 344, in parse
    loader.exec_module(new_module)
  File "<frozen importlib._bootstrap_external>", line 940, in exec_module
  File "<frozen importlib._bootstrap>", line 241, in _call_with_frames_removed
  File "/Users/HP/storypoints-week1/venv/lib/python3.11/site-packages/airflow/example_dags/example_branch_operator_decorator.py", line 125, in <module>
    random_choice_venv = branching_virtualenv(choices=options)
                         ^^^^^^^^^^^^^^^^^^^^^^^^^^^^^^^^^^^^^
  File "/Users/HP/storypoints-week1/venv/lib/python3.11/site-packages/airflow/decorators/base.py", line 367, in __call__
    op = self.operator_class(
         ^^^^^^^^^^^^^^^^^^^^
  File "/Users/HP/storypoints-week1/venv/lib/python3.11/site-packages/airflow/models/baseoperator.py", line 437, in apply_defaults
    result = func(self, **kwargs, default_args=default_args)
             ^^^^^^^^^^^^^^^^^^^^^^^^^^^^^^^^^^^^^^^^^^^^^^^
  File "/Users/HP/storypoints-week1/venv/lib/python3.11/site-packages/airflow/models/baseoperator.py", line 437, in apply_defaults
    result = func(self, **kwargs, default_args=default_args)
             ^^^^^^^^^^^^^^^^^^^^^^^^^^^^^^^^^^^^^^^^^^^^^^^
  File "/Users/HP/storypoints-week1/venv/lib/python3.11/site-packages/airflow/decorators/python.py", line 52, in __init__
    super().__init__(
  File "/Users/HP/storypoints-week1/venv/lib/python3.11/site-packages/airflow/models/baseoperator.py", line 437, in apply_defaults
    result = func(self, **kwargs, default_args=default_args)
             ^^^^^^^^^^^^^^^^^^^^^^^^^^^^^^^^^^^^^^^^^^^^^^^
  File "/Users/HP/storypoints-week1/venv/lib/python3.11/site-packages/airflow/decorators/base.py", line 234, in __init__
    super().__init__(task_id=task_id, **kwargs_to_upstream, **kwargs)
  File "/Users/HP/storypoints-week1/venv/lib/python3.11/site-packages/airflow/models/baseoperator.py", line 437, in apply_defaults
    result = func(self, **kwargs, default_args=default_args)
             ^^^^^^^^^^^^^^^^^^^^^^^^^^^^^^^^^^^^^^^^^^^^^^^
  File "/Users/HP/storypoints-week1/venv/lib/python3.11/site-packages/airflow/models/baseoperator.py", line 437, in apply_defaults
    result = func(self, **kwargs, default_args=default_args)
             ^^^^^^^^^^^^^^^^^^^^^^^^^^^^^^^^^^^^^^^^^^^^^^^
  File "/Users/HP/storypoints-week1/venv/lib/python3.11/site-packages/airflow/operators/python.py", line 581, in __init__
    raise AirflowException("PythonVirtualenvOperator requires virtualenv, please install it.")
airflow.exceptions.AirflowException: PythonVirtualenvOperator requires virtualenv, please install it.
[2026-03-04T19:08:34.375+0000] {processor.py:842} WARNING - No viable dags retrieved from /Users/HP/storypoints-week1/venv/lib/python3.11/site-packages/airflow/example_dags/example_branch_operator_decorator.py
[2026-03-04T19:08:34.428+0000] {processor.py:183} INFO - Processing /Users/HP/storypoints-week1/venv/lib/python3.11/site-packages/airflow/example_dags/example_branch_operator_decorator.py took 0.091 seconds
[2026-03-04T19:11:20.737+0000] {processor.py:161} INFO - Started process (PID=60400) to work on /Users/HP/storypoints-week1/venv/lib/python3.11/site-packages/airflow/example_dags/example_branch_operator_decorator.py
[2026-03-04T19:11:20.740+0000] {processor.py:830} INFO - Processing file /Users/HP/storypoints-week1/venv/lib/python3.11/site-packages/airflow/example_dags/example_branch_operator_decorator.py for tasks to queue
[2026-03-04T19:11:20.741+0000] {logging_mixin.py:188} INFO - [2026-03-04T19:11:20.741+0000] {dagbag.py:538} INFO - Filling up the DagBag from /Users/HP/storypoints-week1/venv/lib/python3.11/site-packages/airflow/example_dags/example_branch_operator_decorator.py
[2026-03-04T19:11:20.775+0000] {logging_mixin.py:188} INFO - [2026-03-04T19:11:20.771+0000] {dagbag.py:348} ERROR - Failed to import: /Users/HP/storypoints-week1/venv/lib/python3.11/site-packages/airflow/example_dags/example_branch_operator_decorator.py
Traceback (most recent call last):
  File "/Users/HP/storypoints-week1/venv/lib/python3.11/site-packages/airflow/models/dagbag.py", line 344, in parse
    loader.exec_module(new_module)
  File "<frozen importlib._bootstrap_external>", line 940, in exec_module
  File "<frozen importlib._bootstrap>", line 241, in _call_with_frames_removed
  File "/Users/HP/storypoints-week1/venv/lib/python3.11/site-packages/airflow/example_dags/example_branch_operator_decorator.py", line 125, in <module>
    random_choice_venv = branching_virtualenv(choices=options)
                         ^^^^^^^^^^^^^^^^^^^^^^^^^^^^^^^^^^^^^
  File "/Users/HP/storypoints-week1/venv/lib/python3.11/site-packages/airflow/decorators/base.py", line 367, in __call__
    op = self.operator_class(
         ^^^^^^^^^^^^^^^^^^^^
  File "/Users/HP/storypoints-week1/venv/lib/python3.11/site-packages/airflow/models/baseoperator.py", line 437, in apply_defaults
    result = func(self, **kwargs, default_args=default_args)
             ^^^^^^^^^^^^^^^^^^^^^^^^^^^^^^^^^^^^^^^^^^^^^^^
  File "/Users/HP/storypoints-week1/venv/lib/python3.11/site-packages/airflow/models/baseoperator.py", line 437, in apply_defaults
    result = func(self, **kwargs, default_args=default_args)
             ^^^^^^^^^^^^^^^^^^^^^^^^^^^^^^^^^^^^^^^^^^^^^^^
  File "/Users/HP/storypoints-week1/venv/lib/python3.11/site-packages/airflow/decorators/python.py", line 52, in __init__
    super().__init__(
  File "/Users/HP/storypoints-week1/venv/lib/python3.11/site-packages/airflow/models/baseoperator.py", line 437, in apply_defaults
    result = func(self, **kwargs, default_args=default_args)
             ^^^^^^^^^^^^^^^^^^^^^^^^^^^^^^^^^^^^^^^^^^^^^^^
  File "/Users/HP/storypoints-week1/venv/lib/python3.11/site-packages/airflow/decorators/base.py", line 234, in __init__
    super().__init__(task_id=task_id, **kwargs_to_upstream, **kwargs)
  File "/Users/HP/storypoints-week1/venv/lib/python3.11/site-packages/airflow/models/baseoperator.py", line 437, in apply_defaults
    result = func(self, **kwargs, default_args=default_args)
             ^^^^^^^^^^^^^^^^^^^^^^^^^^^^^^^^^^^^^^^^^^^^^^^
  File "/Users/HP/storypoints-week1/venv/lib/python3.11/site-packages/airflow/models/baseoperator.py", line 437, in apply_defaults
    result = func(self, **kwargs, default_args=default_args)
             ^^^^^^^^^^^^^^^^^^^^^^^^^^^^^^^^^^^^^^^^^^^^^^^
  File "/Users/HP/storypoints-week1/venv/lib/python3.11/site-packages/airflow/operators/python.py", line 581, in __init__
    raise AirflowException("PythonVirtualenvOperator requires virtualenv, please install it.")
airflow.exceptions.AirflowException: PythonVirtualenvOperator requires virtualenv, please install it.
[2026-03-04T19:11:20.775+0000] {processor.py:842} WARNING - No viable dags retrieved from /Users/HP/storypoints-week1/venv/lib/python3.11/site-packages/airflow/example_dags/example_branch_operator_decorator.py
[2026-03-04T19:11:20.828+0000] {processor.py:183} INFO - Processing /Users/HP/storypoints-week1/venv/lib/python3.11/site-packages/airflow/example_dags/example_branch_operator_decorator.py took 0.092 seconds
[2026-03-04T19:34:48.945+0000] {processor.py:161} INFO - Started process (PID=75298) to work on /Users/HP/storypoints-week1/venv/lib/python3.11/site-packages/airflow/example_dags/example_branch_operator_decorator.py
[2026-03-04T19:34:48.949+0000] {processor.py:830} INFO - Processing file /Users/HP/storypoints-week1/venv/lib/python3.11/site-packages/airflow/example_dags/example_branch_operator_decorator.py for tasks to queue
[2026-03-04T19:34:48.952+0000] {logging_mixin.py:188} INFO - [2026-03-04T19:34:48.951+0000] {dagbag.py:538} INFO - Filling up the DagBag from /Users/HP/storypoints-week1/venv/lib/python3.11/site-packages/airflow/example_dags/example_branch_operator_decorator.py
[2026-03-04T19:34:48.997+0000] {logging_mixin.py:188} INFO - [2026-03-04T19:34:48.992+0000] {dagbag.py:348} ERROR - Failed to import: /Users/HP/storypoints-week1/venv/lib/python3.11/site-packages/airflow/example_dags/example_branch_operator_decorator.py
Traceback (most recent call last):
  File "/Users/HP/storypoints-week1/venv/lib/python3.11/site-packages/airflow/models/dagbag.py", line 344, in parse
    loader.exec_module(new_module)
  File "<frozen importlib._bootstrap_external>", line 940, in exec_module
  File "<frozen importlib._bootstrap>", line 241, in _call_with_frames_removed
  File "/Users/HP/storypoints-week1/venv/lib/python3.11/site-packages/airflow/example_dags/example_branch_operator_decorator.py", line 125, in <module>
    random_choice_venv = branching_virtualenv(choices=options)
                         ^^^^^^^^^^^^^^^^^^^^^^^^^^^^^^^^^^^^^
  File "/Users/HP/storypoints-week1/venv/lib/python3.11/site-packages/airflow/decorators/base.py", line 367, in __call__
    op = self.operator_class(
         ^^^^^^^^^^^^^^^^^^^^
  File "/Users/HP/storypoints-week1/venv/lib/python3.11/site-packages/airflow/models/baseoperator.py", line 437, in apply_defaults
    result = func(self, **kwargs, default_args=default_args)
             ^^^^^^^^^^^^^^^^^^^^^^^^^^^^^^^^^^^^^^^^^^^^^^^
  File "/Users/HP/storypoints-week1/venv/lib/python3.11/site-packages/airflow/models/baseoperator.py", line 437, in apply_defaults
    result = func(self, **kwargs, default_args=default_args)
             ^^^^^^^^^^^^^^^^^^^^^^^^^^^^^^^^^^^^^^^^^^^^^^^
  File "/Users/HP/storypoints-week1/venv/lib/python3.11/site-packages/airflow/decorators/python.py", line 52, in __init__
    super().__init__(
  File "/Users/HP/storypoints-week1/venv/lib/python3.11/site-packages/airflow/models/baseoperator.py", line 437, in apply_defaults
    result = func(self, **kwargs, default_args=default_args)
             ^^^^^^^^^^^^^^^^^^^^^^^^^^^^^^^^^^^^^^^^^^^^^^^
  File "/Users/HP/storypoints-week1/venv/lib/python3.11/site-packages/airflow/decorators/base.py", line 234, in __init__
    super().__init__(task_id=task_id, **kwargs_to_upstream, **kwargs)
  File "/Users/HP/storypoints-week1/venv/lib/python3.11/site-packages/airflow/models/baseoperator.py", line 437, in apply_defaults
    result = func(self, **kwargs, default_args=default_args)
             ^^^^^^^^^^^^^^^^^^^^^^^^^^^^^^^^^^^^^^^^^^^^^^^
  File "/Users/HP/storypoints-week1/venv/lib/python3.11/site-packages/airflow/models/baseoperator.py", line 437, in apply_defaults
    result = func(self, **kwargs, default_args=default_args)
             ^^^^^^^^^^^^^^^^^^^^^^^^^^^^^^^^^^^^^^^^^^^^^^^
  File "/Users/HP/storypoints-week1/venv/lib/python3.11/site-packages/airflow/operators/python.py", line 581, in __init__
    raise AirflowException("PythonVirtualenvOperator requires virtualenv, please install it.")
airflow.exceptions.AirflowException: PythonVirtualenvOperator requires virtualenv, please install it.
[2026-03-04T19:34:48.998+0000] {processor.py:842} WARNING - No viable dags retrieved from /Users/HP/storypoints-week1/venv/lib/python3.11/site-packages/airflow/example_dags/example_branch_operator_decorator.py
[2026-03-04T19:34:49.060+0000] {processor.py:183} INFO - Processing /Users/HP/storypoints-week1/venv/lib/python3.11/site-packages/airflow/example_dags/example_branch_operator_decorator.py took 0.115 seconds
[2026-03-04T19:37:15.054+0000] {processor.py:161} INFO - Started process (PID=76735) to work on /Users/HP/storypoints-week1/venv/lib/python3.11/site-packages/airflow/example_dags/example_branch_operator_decorator.py
[2026-03-04T19:37:15.057+0000] {processor.py:830} INFO - Processing file /Users/HP/storypoints-week1/venv/lib/python3.11/site-packages/airflow/example_dags/example_branch_operator_decorator.py for tasks to queue
[2026-03-04T19:37:15.058+0000] {logging_mixin.py:188} INFO - [2026-03-04T19:37:15.058+0000] {dagbag.py:538} INFO - Filling up the DagBag from /Users/HP/storypoints-week1/venv/lib/python3.11/site-packages/airflow/example_dags/example_branch_operator_decorator.py
[2026-03-04T19:37:15.090+0000] {logging_mixin.py:188} INFO - [2026-03-04T19:37:15.087+0000] {dagbag.py:348} ERROR - Failed to import: /Users/HP/storypoints-week1/venv/lib/python3.11/site-packages/airflow/example_dags/example_branch_operator_decorator.py
Traceback (most recent call last):
  File "/Users/HP/storypoints-week1/venv/lib/python3.11/site-packages/airflow/models/dagbag.py", line 344, in parse
    loader.exec_module(new_module)
  File "<frozen importlib._bootstrap_external>", line 940, in exec_module
  File "<frozen importlib._bootstrap>", line 241, in _call_with_frames_removed
  File "/Users/HP/storypoints-week1/venv/lib/python3.11/site-packages/airflow/example_dags/example_branch_operator_decorator.py", line 125, in <module>
    random_choice_venv = branching_virtualenv(choices=options)
                         ^^^^^^^^^^^^^^^^^^^^^^^^^^^^^^^^^^^^^
  File "/Users/HP/storypoints-week1/venv/lib/python3.11/site-packages/airflow/decorators/base.py", line 367, in __call__
    op = self.operator_class(
         ^^^^^^^^^^^^^^^^^^^^
  File "/Users/HP/storypoints-week1/venv/lib/python3.11/site-packages/airflow/models/baseoperator.py", line 437, in apply_defaults
    result = func(self, **kwargs, default_args=default_args)
             ^^^^^^^^^^^^^^^^^^^^^^^^^^^^^^^^^^^^^^^^^^^^^^^
  File "/Users/HP/storypoints-week1/venv/lib/python3.11/site-packages/airflow/models/baseoperator.py", line 437, in apply_defaults
    result = func(self, **kwargs, default_args=default_args)
             ^^^^^^^^^^^^^^^^^^^^^^^^^^^^^^^^^^^^^^^^^^^^^^^
  File "/Users/HP/storypoints-week1/venv/lib/python3.11/site-packages/airflow/decorators/python.py", line 52, in __init__
    super().__init__(
  File "/Users/HP/storypoints-week1/venv/lib/python3.11/site-packages/airflow/models/baseoperator.py", line 437, in apply_defaults
    result = func(self, **kwargs, default_args=default_args)
             ^^^^^^^^^^^^^^^^^^^^^^^^^^^^^^^^^^^^^^^^^^^^^^^
  File "/Users/HP/storypoints-week1/venv/lib/python3.11/site-packages/airflow/decorators/base.py", line 234, in __init__
    super().__init__(task_id=task_id, **kwargs_to_upstream, **kwargs)
  File "/Users/HP/storypoints-week1/venv/lib/python3.11/site-packages/airflow/models/baseoperator.py", line 437, in apply_defaults
    result = func(self, **kwargs, default_args=default_args)
             ^^^^^^^^^^^^^^^^^^^^^^^^^^^^^^^^^^^^^^^^^^^^^^^
  File "/Users/HP/storypoints-week1/venv/lib/python3.11/site-packages/airflow/models/baseoperator.py", line 437, in apply_defaults
    result = func(self, **kwargs, default_args=default_args)
             ^^^^^^^^^^^^^^^^^^^^^^^^^^^^^^^^^^^^^^^^^^^^^^^
  File "/Users/HP/storypoints-week1/venv/lib/python3.11/site-packages/airflow/operators/python.py", line 581, in __init__
    raise AirflowException("PythonVirtualenvOperator requires virtualenv, please install it.")
airflow.exceptions.AirflowException: PythonVirtualenvOperator requires virtualenv, please install it.
[2026-03-04T19:37:15.090+0000] {processor.py:842} WARNING - No viable dags retrieved from /Users/HP/storypoints-week1/venv/lib/python3.11/site-packages/airflow/example_dags/example_branch_operator_decorator.py
[2026-03-04T19:37:15.142+0000] {processor.py:183} INFO - Processing /Users/HP/storypoints-week1/venv/lib/python3.11/site-packages/airflow/example_dags/example_branch_operator_decorator.py took 0.089 seconds
[2026-03-04T19:39:48.461+0000] {processor.py:161} INFO - Started process (PID=78208) to work on /Users/HP/storypoints-week1/venv/lib/python3.11/site-packages/airflow/example_dags/example_branch_operator_decorator.py
[2026-03-04T19:39:48.464+0000] {processor.py:830} INFO - Processing file /Users/HP/storypoints-week1/venv/lib/python3.11/site-packages/airflow/example_dags/example_branch_operator_decorator.py for tasks to queue
[2026-03-04T19:39:48.465+0000] {logging_mixin.py:188} INFO - [2026-03-04T19:39:48.465+0000] {dagbag.py:538} INFO - Filling up the DagBag from /Users/HP/storypoints-week1/venv/lib/python3.11/site-packages/airflow/example_dags/example_branch_operator_decorator.py
[2026-03-04T19:39:48.498+0000] {logging_mixin.py:188} INFO - [2026-03-04T19:39:48.495+0000] {dagbag.py:348} ERROR - Failed to import: /Users/HP/storypoints-week1/venv/lib/python3.11/site-packages/airflow/example_dags/example_branch_operator_decorator.py
Traceback (most recent call last):
  File "/Users/HP/storypoints-week1/venv/lib/python3.11/site-packages/airflow/models/dagbag.py", line 344, in parse
    loader.exec_module(new_module)
  File "<frozen importlib._bootstrap_external>", line 940, in exec_module
  File "<frozen importlib._bootstrap>", line 241, in _call_with_frames_removed
  File "/Users/HP/storypoints-week1/venv/lib/python3.11/site-packages/airflow/example_dags/example_branch_operator_decorator.py", line 125, in <module>
    random_choice_venv = branching_virtualenv(choices=options)
                         ^^^^^^^^^^^^^^^^^^^^^^^^^^^^^^^^^^^^^
  File "/Users/HP/storypoints-week1/venv/lib/python3.11/site-packages/airflow/decorators/base.py", line 367, in __call__
    op = self.operator_class(
         ^^^^^^^^^^^^^^^^^^^^
  File "/Users/HP/storypoints-week1/venv/lib/python3.11/site-packages/airflow/models/baseoperator.py", line 437, in apply_defaults
    result = func(self, **kwargs, default_args=default_args)
             ^^^^^^^^^^^^^^^^^^^^^^^^^^^^^^^^^^^^^^^^^^^^^^^
  File "/Users/HP/storypoints-week1/venv/lib/python3.11/site-packages/airflow/models/baseoperator.py", line 437, in apply_defaults
    result = func(self, **kwargs, default_args=default_args)
             ^^^^^^^^^^^^^^^^^^^^^^^^^^^^^^^^^^^^^^^^^^^^^^^
  File "/Users/HP/storypoints-week1/venv/lib/python3.11/site-packages/airflow/decorators/python.py", line 52, in __init__
    super().__init__(
  File "/Users/HP/storypoints-week1/venv/lib/python3.11/site-packages/airflow/models/baseoperator.py", line 437, in apply_defaults
    result = func(self, **kwargs, default_args=default_args)
             ^^^^^^^^^^^^^^^^^^^^^^^^^^^^^^^^^^^^^^^^^^^^^^^
  File "/Users/HP/storypoints-week1/venv/lib/python3.11/site-packages/airflow/decorators/base.py", line 234, in __init__
    super().__init__(task_id=task_id, **kwargs_to_upstream, **kwargs)
  File "/Users/HP/storypoints-week1/venv/lib/python3.11/site-packages/airflow/models/baseoperator.py", line 437, in apply_defaults
    result = func(self, **kwargs, default_args=default_args)
             ^^^^^^^^^^^^^^^^^^^^^^^^^^^^^^^^^^^^^^^^^^^^^^^
  File "/Users/HP/storypoints-week1/venv/lib/python3.11/site-packages/airflow/models/baseoperator.py", line 437, in apply_defaults
    result = func(self, **kwargs, default_args=default_args)
             ^^^^^^^^^^^^^^^^^^^^^^^^^^^^^^^^^^^^^^^^^^^^^^^
  File "/Users/HP/storypoints-week1/venv/lib/python3.11/site-packages/airflow/operators/python.py", line 581, in __init__
    raise AirflowException("PythonVirtualenvOperator requires virtualenv, please install it.")
airflow.exceptions.AirflowException: PythonVirtualenvOperator requires virtualenv, please install it.
[2026-03-04T19:39:48.499+0000] {processor.py:842} WARNING - No viable dags retrieved from /Users/HP/storypoints-week1/venv/lib/python3.11/site-packages/airflow/example_dags/example_branch_operator_decorator.py
[2026-03-04T19:39:48.551+0000] {processor.py:183} INFO - Processing /Users/HP/storypoints-week1/venv/lib/python3.11/site-packages/airflow/example_dags/example_branch_operator_decorator.py took 0.091 seconds
[2026-03-04T19:42:16.077+0000] {processor.py:161} INFO - Started process (PID=79595) to work on /Users/HP/storypoints-week1/venv/lib/python3.11/site-packages/airflow/example_dags/example_branch_operator_decorator.py
[2026-03-04T19:42:16.080+0000] {processor.py:830} INFO - Processing file /Users/HP/storypoints-week1/venv/lib/python3.11/site-packages/airflow/example_dags/example_branch_operator_decorator.py for tasks to queue
[2026-03-04T19:42:16.081+0000] {logging_mixin.py:188} INFO - [2026-03-04T19:42:16.081+0000] {dagbag.py:538} INFO - Filling up the DagBag from /Users/HP/storypoints-week1/venv/lib/python3.11/site-packages/airflow/example_dags/example_branch_operator_decorator.py
[2026-03-04T19:42:16.113+0000] {logging_mixin.py:188} INFO - [2026-03-04T19:42:16.110+0000] {dagbag.py:348} ERROR - Failed to import: /Users/HP/storypoints-week1/venv/lib/python3.11/site-packages/airflow/example_dags/example_branch_operator_decorator.py
Traceback (most recent call last):
  File "/Users/HP/storypoints-week1/venv/lib/python3.11/site-packages/airflow/models/dagbag.py", line 344, in parse
    loader.exec_module(new_module)
  File "<frozen importlib._bootstrap_external>", line 940, in exec_module
  File "<frozen importlib._bootstrap>", line 241, in _call_with_frames_removed
  File "/Users/HP/storypoints-week1/venv/lib/python3.11/site-packages/airflow/example_dags/example_branch_operator_decorator.py", line 125, in <module>
    random_choice_venv = branching_virtualenv(choices=options)
                         ^^^^^^^^^^^^^^^^^^^^^^^^^^^^^^^^^^^^^
  File "/Users/HP/storypoints-week1/venv/lib/python3.11/site-packages/airflow/decorators/base.py", line 367, in __call__
    op = self.operator_class(
         ^^^^^^^^^^^^^^^^^^^^
  File "/Users/HP/storypoints-week1/venv/lib/python3.11/site-packages/airflow/models/baseoperator.py", line 437, in apply_defaults
    result = func(self, **kwargs, default_args=default_args)
             ^^^^^^^^^^^^^^^^^^^^^^^^^^^^^^^^^^^^^^^^^^^^^^^
  File "/Users/HP/storypoints-week1/venv/lib/python3.11/site-packages/airflow/models/baseoperator.py", line 437, in apply_defaults
    result = func(self, **kwargs, default_args=default_args)
             ^^^^^^^^^^^^^^^^^^^^^^^^^^^^^^^^^^^^^^^^^^^^^^^
  File "/Users/HP/storypoints-week1/venv/lib/python3.11/site-packages/airflow/decorators/python.py", line 52, in __init__
    super().__init__(
  File "/Users/HP/storypoints-week1/venv/lib/python3.11/site-packages/airflow/models/baseoperator.py", line 437, in apply_defaults
    result = func(self, **kwargs, default_args=default_args)
             ^^^^^^^^^^^^^^^^^^^^^^^^^^^^^^^^^^^^^^^^^^^^^^^
  File "/Users/HP/storypoints-week1/venv/lib/python3.11/site-packages/airflow/decorators/base.py", line 234, in __init__
    super().__init__(task_id=task_id, **kwargs_to_upstream, **kwargs)
  File "/Users/HP/storypoints-week1/venv/lib/python3.11/site-packages/airflow/models/baseoperator.py", line 437, in apply_defaults
    result = func(self, **kwargs, default_args=default_args)
             ^^^^^^^^^^^^^^^^^^^^^^^^^^^^^^^^^^^^^^^^^^^^^^^
  File "/Users/HP/storypoints-week1/venv/lib/python3.11/site-packages/airflow/models/baseoperator.py", line 437, in apply_defaults
    result = func(self, **kwargs, default_args=default_args)
             ^^^^^^^^^^^^^^^^^^^^^^^^^^^^^^^^^^^^^^^^^^^^^^^
  File "/Users/HP/storypoints-week1/venv/lib/python3.11/site-packages/airflow/operators/python.py", line 581, in __init__
    raise AirflowException("PythonVirtualenvOperator requires virtualenv, please install it.")
airflow.exceptions.AirflowException: PythonVirtualenvOperator requires virtualenv, please install it.
[2026-03-04T19:42:16.113+0000] {processor.py:842} WARNING - No viable dags retrieved from /Users/HP/storypoints-week1/venv/lib/python3.11/site-packages/airflow/example_dags/example_branch_operator_decorator.py
[2026-03-04T19:42:16.166+0000] {processor.py:183} INFO - Processing /Users/HP/storypoints-week1/venv/lib/python3.11/site-packages/airflow/example_dags/example_branch_operator_decorator.py took 0.089 seconds
[2026-03-04T19:44:43.601+0000] {processor.py:161} INFO - Started process (PID=80982) to work on /Users/HP/storypoints-week1/venv/lib/python3.11/site-packages/airflow/example_dags/example_branch_operator_decorator.py
[2026-03-04T19:44:43.604+0000] {processor.py:830} INFO - Processing file /Users/HP/storypoints-week1/venv/lib/python3.11/site-packages/airflow/example_dags/example_branch_operator_decorator.py for tasks to queue
[2026-03-04T19:44:43.605+0000] {logging_mixin.py:188} INFO - [2026-03-04T19:44:43.605+0000] {dagbag.py:538} INFO - Filling up the DagBag from /Users/HP/storypoints-week1/venv/lib/python3.11/site-packages/airflow/example_dags/example_branch_operator_decorator.py
[2026-03-04T19:44:43.633+0000] {logging_mixin.py:188} INFO - [2026-03-04T19:44:43.631+0000] {dagbag.py:348} ERROR - Failed to import: /Users/HP/storypoints-week1/venv/lib/python3.11/site-packages/airflow/example_dags/example_branch_operator_decorator.py
Traceback (most recent call last):
  File "/Users/HP/storypoints-week1/venv/lib/python3.11/site-packages/airflow/models/dagbag.py", line 344, in parse
    loader.exec_module(new_module)
  File "<frozen importlib._bootstrap_external>", line 940, in exec_module
  File "<frozen importlib._bootstrap>", line 241, in _call_with_frames_removed
  File "/Users/HP/storypoints-week1/venv/lib/python3.11/site-packages/airflow/example_dags/example_branch_operator_decorator.py", line 125, in <module>
    random_choice_venv = branching_virtualenv(choices=options)
                         ^^^^^^^^^^^^^^^^^^^^^^^^^^^^^^^^^^^^^
  File "/Users/HP/storypoints-week1/venv/lib/python3.11/site-packages/airflow/decorators/base.py", line 367, in __call__
    op = self.operator_class(
         ^^^^^^^^^^^^^^^^^^^^
  File "/Users/HP/storypoints-week1/venv/lib/python3.11/site-packages/airflow/models/baseoperator.py", line 437, in apply_defaults
    result = func(self, **kwargs, default_args=default_args)
             ^^^^^^^^^^^^^^^^^^^^^^^^^^^^^^^^^^^^^^^^^^^^^^^
  File "/Users/HP/storypoints-week1/venv/lib/python3.11/site-packages/airflow/models/baseoperator.py", line 437, in apply_defaults
    result = func(self, **kwargs, default_args=default_args)
             ^^^^^^^^^^^^^^^^^^^^^^^^^^^^^^^^^^^^^^^^^^^^^^^
  File "/Users/HP/storypoints-week1/venv/lib/python3.11/site-packages/airflow/decorators/python.py", line 52, in __init__
    super().__init__(
  File "/Users/HP/storypoints-week1/venv/lib/python3.11/site-packages/airflow/models/baseoperator.py", line 437, in apply_defaults
    result = func(self, **kwargs, default_args=default_args)
             ^^^^^^^^^^^^^^^^^^^^^^^^^^^^^^^^^^^^^^^^^^^^^^^
  File "/Users/HP/storypoints-week1/venv/lib/python3.11/site-packages/airflow/decorators/base.py", line 234, in __init__
    super().__init__(task_id=task_id, **kwargs_to_upstream, **kwargs)
  File "/Users/HP/storypoints-week1/venv/lib/python3.11/site-packages/airflow/models/baseoperator.py", line 437, in apply_defaults
    result = func(self, **kwargs, default_args=default_args)
             ^^^^^^^^^^^^^^^^^^^^^^^^^^^^^^^^^^^^^^^^^^^^^^^
  File "/Users/HP/storypoints-week1/venv/lib/python3.11/site-packages/airflow/models/baseoperator.py", line 437, in apply_defaults
    result = func(self, **kwargs, default_args=default_args)
             ^^^^^^^^^^^^^^^^^^^^^^^^^^^^^^^^^^^^^^^^^^^^^^^
  File "/Users/HP/storypoints-week1/venv/lib/python3.11/site-packages/airflow/operators/python.py", line 581, in __init__
    raise AirflowException("PythonVirtualenvOperator requires virtualenv, please install it.")
airflow.exceptions.AirflowException: PythonVirtualenvOperator requires virtualenv, please install it.
[2026-03-04T19:44:43.634+0000] {processor.py:842} WARNING - No viable dags retrieved from /Users/HP/storypoints-week1/venv/lib/python3.11/site-packages/airflow/example_dags/example_branch_operator_decorator.py
[2026-03-04T19:44:43.685+0000] {processor.py:183} INFO - Processing /Users/HP/storypoints-week1/venv/lib/python3.11/site-packages/airflow/example_dags/example_branch_operator_decorator.py took 0.085 seconds
[2026-03-04T19:47:11.987+0000] {processor.py:161} INFO - Started process (PID=82391) to work on /Users/HP/storypoints-week1/venv/lib/python3.11/site-packages/airflow/example_dags/example_branch_operator_decorator.py
[2026-03-04T19:47:11.991+0000] {processor.py:830} INFO - Processing file /Users/HP/storypoints-week1/venv/lib/python3.11/site-packages/airflow/example_dags/example_branch_operator_decorator.py for tasks to queue
[2026-03-04T19:47:11.992+0000] {logging_mixin.py:188} INFO - [2026-03-04T19:47:11.992+0000] {dagbag.py:538} INFO - Filling up the DagBag from /Users/HP/storypoints-week1/venv/lib/python3.11/site-packages/airflow/example_dags/example_branch_operator_decorator.py
[2026-03-04T19:47:12.027+0000] {logging_mixin.py:188} INFO - [2026-03-04T19:47:12.024+0000] {dagbag.py:348} ERROR - Failed to import: /Users/HP/storypoints-week1/venv/lib/python3.11/site-packages/airflow/example_dags/example_branch_operator_decorator.py
Traceback (most recent call last):
  File "/Users/HP/storypoints-week1/venv/lib/python3.11/site-packages/airflow/models/dagbag.py", line 344, in parse
    loader.exec_module(new_module)
  File "<frozen importlib._bootstrap_external>", line 940, in exec_module
  File "<frozen importlib._bootstrap>", line 241, in _call_with_frames_removed
  File "/Users/HP/storypoints-week1/venv/lib/python3.11/site-packages/airflow/example_dags/example_branch_operator_decorator.py", line 125, in <module>
    random_choice_venv = branching_virtualenv(choices=options)
                         ^^^^^^^^^^^^^^^^^^^^^^^^^^^^^^^^^^^^^
  File "/Users/HP/storypoints-week1/venv/lib/python3.11/site-packages/airflow/decorators/base.py", line 367, in __call__
    op = self.operator_class(
         ^^^^^^^^^^^^^^^^^^^^
  File "/Users/HP/storypoints-week1/venv/lib/python3.11/site-packages/airflow/models/baseoperator.py", line 437, in apply_defaults
    result = func(self, **kwargs, default_args=default_args)
             ^^^^^^^^^^^^^^^^^^^^^^^^^^^^^^^^^^^^^^^^^^^^^^^
  File "/Users/HP/storypoints-week1/venv/lib/python3.11/site-packages/airflow/models/baseoperator.py", line 437, in apply_defaults
    result = func(self, **kwargs, default_args=default_args)
             ^^^^^^^^^^^^^^^^^^^^^^^^^^^^^^^^^^^^^^^^^^^^^^^
  File "/Users/HP/storypoints-week1/venv/lib/python3.11/site-packages/airflow/decorators/python.py", line 52, in __init__
    super().__init__(
  File "/Users/HP/storypoints-week1/venv/lib/python3.11/site-packages/airflow/models/baseoperator.py", line 437, in apply_defaults
    result = func(self, **kwargs, default_args=default_args)
             ^^^^^^^^^^^^^^^^^^^^^^^^^^^^^^^^^^^^^^^^^^^^^^^
  File "/Users/HP/storypoints-week1/venv/lib/python3.11/site-packages/airflow/decorators/base.py", line 234, in __init__
    super().__init__(task_id=task_id, **kwargs_to_upstream, **kwargs)
  File "/Users/HP/storypoints-week1/venv/lib/python3.11/site-packages/airflow/models/baseoperator.py", line 437, in apply_defaults
    result = func(self, **kwargs, default_args=default_args)
             ^^^^^^^^^^^^^^^^^^^^^^^^^^^^^^^^^^^^^^^^^^^^^^^
  File "/Users/HP/storypoints-week1/venv/lib/python3.11/site-packages/airflow/models/baseoperator.py", line 437, in apply_defaults
    result = func(self, **kwargs, default_args=default_args)
             ^^^^^^^^^^^^^^^^^^^^^^^^^^^^^^^^^^^^^^^^^^^^^^^
  File "/Users/HP/storypoints-week1/venv/lib/python3.11/site-packages/airflow/operators/python.py", line 581, in __init__
    raise AirflowException("PythonVirtualenvOperator requires virtualenv, please install it.")
airflow.exceptions.AirflowException: PythonVirtualenvOperator requires virtualenv, please install it.
[2026-03-04T19:47:12.027+0000] {processor.py:842} WARNING - No viable dags retrieved from /Users/HP/storypoints-week1/venv/lib/python3.11/site-packages/airflow/example_dags/example_branch_operator_decorator.py
[2026-03-04T19:47:12.079+0000] {processor.py:183} INFO - Processing /Users/HP/storypoints-week1/venv/lib/python3.11/site-packages/airflow/example_dags/example_branch_operator_decorator.py took 0.093 seconds
[2026-03-04T20:13:19.946+0000] {processor.py:161} INFO - Started process (PID=83970) to work on /Users/HP/storypoints-week1/venv/lib/python3.11/site-packages/airflow/example_dags/example_branch_operator_decorator.py
[2026-03-04T20:13:19.948+0000] {processor.py:830} INFO - Processing file /Users/HP/storypoints-week1/venv/lib/python3.11/site-packages/airflow/example_dags/example_branch_operator_decorator.py for tasks to queue
[2026-03-04T20:13:19.950+0000] {logging_mixin.py:188} INFO - [2026-03-04T20:13:19.950+0000] {dagbag.py:538} INFO - Filling up the DagBag from /Users/HP/storypoints-week1/venv/lib/python3.11/site-packages/airflow/example_dags/example_branch_operator_decorator.py
[2026-03-04T20:13:19.982+0000] {logging_mixin.py:188} INFO - [2026-03-04T20:13:19.979+0000] {dagbag.py:348} ERROR - Failed to import: /Users/HP/storypoints-week1/venv/lib/python3.11/site-packages/airflow/example_dags/example_branch_operator_decorator.py
Traceback (most recent call last):
  File "/Users/HP/storypoints-week1/venv/lib/python3.11/site-packages/airflow/models/dagbag.py", line 344, in parse
    loader.exec_module(new_module)
  File "<frozen importlib._bootstrap_external>", line 940, in exec_module
  File "<frozen importlib._bootstrap>", line 241, in _call_with_frames_removed
  File "/Users/HP/storypoints-week1/venv/lib/python3.11/site-packages/airflow/example_dags/example_branch_operator_decorator.py", line 125, in <module>
    random_choice_venv = branching_virtualenv(choices=options)
                         ^^^^^^^^^^^^^^^^^^^^^^^^^^^^^^^^^^^^^
  File "/Users/HP/storypoints-week1/venv/lib/python3.11/site-packages/airflow/decorators/base.py", line 367, in __call__
    op = self.operator_class(
         ^^^^^^^^^^^^^^^^^^^^
  File "/Users/HP/storypoints-week1/venv/lib/python3.11/site-packages/airflow/models/baseoperator.py", line 437, in apply_defaults
    result = func(self, **kwargs, default_args=default_args)
             ^^^^^^^^^^^^^^^^^^^^^^^^^^^^^^^^^^^^^^^^^^^^^^^
  File "/Users/HP/storypoints-week1/venv/lib/python3.11/site-packages/airflow/models/baseoperator.py", line 437, in apply_defaults
    result = func(self, **kwargs, default_args=default_args)
             ^^^^^^^^^^^^^^^^^^^^^^^^^^^^^^^^^^^^^^^^^^^^^^^
  File "/Users/HP/storypoints-week1/venv/lib/python3.11/site-packages/airflow/decorators/python.py", line 52, in __init__
    super().__init__(
  File "/Users/HP/storypoints-week1/venv/lib/python3.11/site-packages/airflow/models/baseoperator.py", line 437, in apply_defaults
    result = func(self, **kwargs, default_args=default_args)
             ^^^^^^^^^^^^^^^^^^^^^^^^^^^^^^^^^^^^^^^^^^^^^^^
  File "/Users/HP/storypoints-week1/venv/lib/python3.11/site-packages/airflow/decorators/base.py", line 234, in __init__
    super().__init__(task_id=task_id, **kwargs_to_upstream, **kwargs)
  File "/Users/HP/storypoints-week1/venv/lib/python3.11/site-packages/airflow/models/baseoperator.py", line 437, in apply_defaults
    result = func(self, **kwargs, default_args=default_args)
             ^^^^^^^^^^^^^^^^^^^^^^^^^^^^^^^^^^^^^^^^^^^^^^^
  File "/Users/HP/storypoints-week1/venv/lib/python3.11/site-packages/airflow/models/baseoperator.py", line 437, in apply_defaults
    result = func(self, **kwargs, default_args=default_args)
             ^^^^^^^^^^^^^^^^^^^^^^^^^^^^^^^^^^^^^^^^^^^^^^^
  File "/Users/HP/storypoints-week1/venv/lib/python3.11/site-packages/airflow/operators/python.py", line 581, in __init__
    raise AirflowException("PythonVirtualenvOperator requires virtualenv, please install it.")
airflow.exceptions.AirflowException: PythonVirtualenvOperator requires virtualenv, please install it.
[2026-03-04T20:13:19.983+0000] {processor.py:842} WARNING - No viable dags retrieved from /Users/HP/storypoints-week1/venv/lib/python3.11/site-packages/airflow/example_dags/example_branch_operator_decorator.py
[2026-03-04T20:13:20.035+0000] {processor.py:183} INFO - Processing /Users/HP/storypoints-week1/venv/lib/python3.11/site-packages/airflow/example_dags/example_branch_operator_decorator.py took 0.090 seconds
[2026-03-04T20:22:48.578+0000] {processor.py:161} INFO - Started process (PID=85458) to work on /Users/HP/storypoints-week1/venv/lib/python3.11/site-packages/airflow/example_dags/example_branch_operator_decorator.py
[2026-03-04T20:22:48.582+0000] {processor.py:830} INFO - Processing file /Users/HP/storypoints-week1/venv/lib/python3.11/site-packages/airflow/example_dags/example_branch_operator_decorator.py for tasks to queue
[2026-03-04T20:22:48.584+0000] {logging_mixin.py:188} INFO - [2026-03-04T20:22:48.584+0000] {dagbag.py:538} INFO - Filling up the DagBag from /Users/HP/storypoints-week1/venv/lib/python3.11/site-packages/airflow/example_dags/example_branch_operator_decorator.py
[2026-03-04T20:22:48.632+0000] {logging_mixin.py:188} INFO - [2026-03-04T20:22:48.626+0000] {dagbag.py:348} ERROR - Failed to import: /Users/HP/storypoints-week1/venv/lib/python3.11/site-packages/airflow/example_dags/example_branch_operator_decorator.py
Traceback (most recent call last):
  File "/Users/HP/storypoints-week1/venv/lib/python3.11/site-packages/airflow/models/dagbag.py", line 344, in parse
    loader.exec_module(new_module)
  File "<frozen importlib._bootstrap_external>", line 940, in exec_module
  File "<frozen importlib._bootstrap>", line 241, in _call_with_frames_removed
  File "/Users/HP/storypoints-week1/venv/lib/python3.11/site-packages/airflow/example_dags/example_branch_operator_decorator.py", line 125, in <module>
    random_choice_venv = branching_virtualenv(choices=options)
                         ^^^^^^^^^^^^^^^^^^^^^^^^^^^^^^^^^^^^^
  File "/Users/HP/storypoints-week1/venv/lib/python3.11/site-packages/airflow/decorators/base.py", line 367, in __call__
    op = self.operator_class(
         ^^^^^^^^^^^^^^^^^^^^
  File "/Users/HP/storypoints-week1/venv/lib/python3.11/site-packages/airflow/models/baseoperator.py", line 437, in apply_defaults
    result = func(self, **kwargs, default_args=default_args)
             ^^^^^^^^^^^^^^^^^^^^^^^^^^^^^^^^^^^^^^^^^^^^^^^
  File "/Users/HP/storypoints-week1/venv/lib/python3.11/site-packages/airflow/models/baseoperator.py", line 437, in apply_defaults
    result = func(self, **kwargs, default_args=default_args)
             ^^^^^^^^^^^^^^^^^^^^^^^^^^^^^^^^^^^^^^^^^^^^^^^
  File "/Users/HP/storypoints-week1/venv/lib/python3.11/site-packages/airflow/decorators/python.py", line 52, in __init__
    super().__init__(
  File "/Users/HP/storypoints-week1/venv/lib/python3.11/site-packages/airflow/models/baseoperator.py", line 437, in apply_defaults
    result = func(self, **kwargs, default_args=default_args)
             ^^^^^^^^^^^^^^^^^^^^^^^^^^^^^^^^^^^^^^^^^^^^^^^
  File "/Users/HP/storypoints-week1/venv/lib/python3.11/site-packages/airflow/decorators/base.py", line 234, in __init__
    super().__init__(task_id=task_id, **kwargs_to_upstream, **kwargs)
  File "/Users/HP/storypoints-week1/venv/lib/python3.11/site-packages/airflow/models/baseoperator.py", line 437, in apply_defaults
    result = func(self, **kwargs, default_args=default_args)
             ^^^^^^^^^^^^^^^^^^^^^^^^^^^^^^^^^^^^^^^^^^^^^^^
  File "/Users/HP/storypoints-week1/venv/lib/python3.11/site-packages/airflow/models/baseoperator.py", line 437, in apply_defaults
    result = func(self, **kwargs, default_args=default_args)
             ^^^^^^^^^^^^^^^^^^^^^^^^^^^^^^^^^^^^^^^^^^^^^^^
  File "/Users/HP/storypoints-week1/venv/lib/python3.11/site-packages/airflow/operators/python.py", line 581, in __init__
    raise AirflowException("PythonVirtualenvOperator requires virtualenv, please install it.")
airflow.exceptions.AirflowException: PythonVirtualenvOperator requires virtualenv, please install it.
[2026-03-04T20:22:48.633+0000] {processor.py:842} WARNING - No viable dags retrieved from /Users/HP/storypoints-week1/venv/lib/python3.11/site-packages/airflow/example_dags/example_branch_operator_decorator.py
[2026-03-04T20:22:48.696+0000] {processor.py:183} INFO - Processing /Users/HP/storypoints-week1/venv/lib/python3.11/site-packages/airflow/example_dags/example_branch_operator_decorator.py took 0.120 seconds
[2026-03-04T20:28:59.333+0000] {processor.py:161} INFO - Started process (PID=87047) to work on /Users/HP/storypoints-week1/venv/lib/python3.11/site-packages/airflow/example_dags/example_branch_operator_decorator.py
[2026-03-04T20:28:59.336+0000] {processor.py:830} INFO - Processing file /Users/HP/storypoints-week1/venv/lib/python3.11/site-packages/airflow/example_dags/example_branch_operator_decorator.py for tasks to queue
[2026-03-04T20:28:59.337+0000] {logging_mixin.py:188} INFO - [2026-03-04T20:28:59.337+0000] {dagbag.py:538} INFO - Filling up the DagBag from /Users/HP/storypoints-week1/venv/lib/python3.11/site-packages/airflow/example_dags/example_branch_operator_decorator.py
[2026-03-04T20:28:59.365+0000] {logging_mixin.py:188} INFO - [2026-03-04T20:28:59.363+0000] {dagbag.py:348} ERROR - Failed to import: /Users/HP/storypoints-week1/venv/lib/python3.11/site-packages/airflow/example_dags/example_branch_operator_decorator.py
Traceback (most recent call last):
  File "/Users/HP/storypoints-week1/venv/lib/python3.11/site-packages/airflow/models/dagbag.py", line 344, in parse
    loader.exec_module(new_module)
  File "<frozen importlib._bootstrap_external>", line 940, in exec_module
  File "<frozen importlib._bootstrap>", line 241, in _call_with_frames_removed
  File "/Users/HP/storypoints-week1/venv/lib/python3.11/site-packages/airflow/example_dags/example_branch_operator_decorator.py", line 125, in <module>
    random_choice_venv = branching_virtualenv(choices=options)
                         ^^^^^^^^^^^^^^^^^^^^^^^^^^^^^^^^^^^^^
  File "/Users/HP/storypoints-week1/venv/lib/python3.11/site-packages/airflow/decorators/base.py", line 367, in __call__
    op = self.operator_class(
         ^^^^^^^^^^^^^^^^^^^^
  File "/Users/HP/storypoints-week1/venv/lib/python3.11/site-packages/airflow/models/baseoperator.py", line 437, in apply_defaults
    result = func(self, **kwargs, default_args=default_args)
             ^^^^^^^^^^^^^^^^^^^^^^^^^^^^^^^^^^^^^^^^^^^^^^^
  File "/Users/HP/storypoints-week1/venv/lib/python3.11/site-packages/airflow/models/baseoperator.py", line 437, in apply_defaults
    result = func(self, **kwargs, default_args=default_args)
             ^^^^^^^^^^^^^^^^^^^^^^^^^^^^^^^^^^^^^^^^^^^^^^^
  File "/Users/HP/storypoints-week1/venv/lib/python3.11/site-packages/airflow/decorators/python.py", line 52, in __init__
    super().__init__(
  File "/Users/HP/storypoints-week1/venv/lib/python3.11/site-packages/airflow/models/baseoperator.py", line 437, in apply_defaults
    result = func(self, **kwargs, default_args=default_args)
             ^^^^^^^^^^^^^^^^^^^^^^^^^^^^^^^^^^^^^^^^^^^^^^^
  File "/Users/HP/storypoints-week1/venv/lib/python3.11/site-packages/airflow/decorators/base.py", line 234, in __init__
    super().__init__(task_id=task_id, **kwargs_to_upstream, **kwargs)
  File "/Users/HP/storypoints-week1/venv/lib/python3.11/site-packages/airflow/models/baseoperator.py", line 437, in apply_defaults
    result = func(self, **kwargs, default_args=default_args)
             ^^^^^^^^^^^^^^^^^^^^^^^^^^^^^^^^^^^^^^^^^^^^^^^
  File "/Users/HP/storypoints-week1/venv/lib/python3.11/site-packages/airflow/models/baseoperator.py", line 437, in apply_defaults
    result = func(self, **kwargs, default_args=default_args)
             ^^^^^^^^^^^^^^^^^^^^^^^^^^^^^^^^^^^^^^^^^^^^^^^
  File "/Users/HP/storypoints-week1/venv/lib/python3.11/site-packages/airflow/operators/python.py", line 581, in __init__
    raise AirflowException("PythonVirtualenvOperator requires virtualenv, please install it.")
airflow.exceptions.AirflowException: PythonVirtualenvOperator requires virtualenv, please install it.
[2026-03-04T20:28:59.366+0000] {processor.py:842} WARNING - No viable dags retrieved from /Users/HP/storypoints-week1/venv/lib/python3.11/site-packages/airflow/example_dags/example_branch_operator_decorator.py
[2026-03-04T20:28:59.419+0000] {processor.py:183} INFO - Processing /Users/HP/storypoints-week1/venv/lib/python3.11/site-packages/airflow/example_dags/example_branch_operator_decorator.py took 0.087 seconds
[2026-03-04T22:05:32.400+0000] {processor.py:161} INFO - Started process (PID=88605) to work on /Users/HP/storypoints-week1/venv/lib/python3.11/site-packages/airflow/example_dags/example_branch_operator_decorator.py
[2026-03-04T22:05:32.402+0000] {processor.py:830} INFO - Processing file /Users/HP/storypoints-week1/venv/lib/python3.11/site-packages/airflow/example_dags/example_branch_operator_decorator.py for tasks to queue
[2026-03-04T22:05:32.403+0000] {logging_mixin.py:188} INFO - [2026-03-04T22:05:32.403+0000] {dagbag.py:538} INFO - Filling up the DagBag from /Users/HP/storypoints-week1/venv/lib/python3.11/site-packages/airflow/example_dags/example_branch_operator_decorator.py
[2026-03-04T22:05:32.430+0000] {logging_mixin.py:188} INFO - [2026-03-04T22:05:32.428+0000] {dagbag.py:348} ERROR - Failed to import: /Users/HP/storypoints-week1/venv/lib/python3.11/site-packages/airflow/example_dags/example_branch_operator_decorator.py
Traceback (most recent call last):
  File "/Users/HP/storypoints-week1/venv/lib/python3.11/site-packages/airflow/models/dagbag.py", line 344, in parse
    loader.exec_module(new_module)
  File "<frozen importlib._bootstrap_external>", line 940, in exec_module
  File "<frozen importlib._bootstrap>", line 241, in _call_with_frames_removed
  File "/Users/HP/storypoints-week1/venv/lib/python3.11/site-packages/airflow/example_dags/example_branch_operator_decorator.py", line 125, in <module>
    random_choice_venv = branching_virtualenv(choices=options)
                         ^^^^^^^^^^^^^^^^^^^^^^^^^^^^^^^^^^^^^
  File "/Users/HP/storypoints-week1/venv/lib/python3.11/site-packages/airflow/decorators/base.py", line 367, in __call__
    op = self.operator_class(
         ^^^^^^^^^^^^^^^^^^^^
  File "/Users/HP/storypoints-week1/venv/lib/python3.11/site-packages/airflow/models/baseoperator.py", line 437, in apply_defaults
    result = func(self, **kwargs, default_args=default_args)
             ^^^^^^^^^^^^^^^^^^^^^^^^^^^^^^^^^^^^^^^^^^^^^^^
  File "/Users/HP/storypoints-week1/venv/lib/python3.11/site-packages/airflow/models/baseoperator.py", line 437, in apply_defaults
    result = func(self, **kwargs, default_args=default_args)
             ^^^^^^^^^^^^^^^^^^^^^^^^^^^^^^^^^^^^^^^^^^^^^^^
  File "/Users/HP/storypoints-week1/venv/lib/python3.11/site-packages/airflow/decorators/python.py", line 52, in __init__
    super().__init__(
  File "/Users/HP/storypoints-week1/venv/lib/python3.11/site-packages/airflow/models/baseoperator.py", line 437, in apply_defaults
    result = func(self, **kwargs, default_args=default_args)
             ^^^^^^^^^^^^^^^^^^^^^^^^^^^^^^^^^^^^^^^^^^^^^^^
  File "/Users/HP/storypoints-week1/venv/lib/python3.11/site-packages/airflow/decorators/base.py", line 234, in __init__
    super().__init__(task_id=task_id, **kwargs_to_upstream, **kwargs)
  File "/Users/HP/storypoints-week1/venv/lib/python3.11/site-packages/airflow/models/baseoperator.py", line 437, in apply_defaults
    result = func(self, **kwargs, default_args=default_args)
             ^^^^^^^^^^^^^^^^^^^^^^^^^^^^^^^^^^^^^^^^^^^^^^^
  File "/Users/HP/storypoints-week1/venv/lib/python3.11/site-packages/airflow/models/baseoperator.py", line 437, in apply_defaults
    result = func(self, **kwargs, default_args=default_args)
             ^^^^^^^^^^^^^^^^^^^^^^^^^^^^^^^^^^^^^^^^^^^^^^^
  File "/Users/HP/storypoints-week1/venv/lib/python3.11/site-packages/airflow/operators/python.py", line 581, in __init__
    raise AirflowException("PythonVirtualenvOperator requires virtualenv, please install it.")
airflow.exceptions.AirflowException: PythonVirtualenvOperator requires virtualenv, please install it.
[2026-03-04T22:05:32.430+0000] {processor.py:842} WARNING - No viable dags retrieved from /Users/HP/storypoints-week1/venv/lib/python3.11/site-packages/airflow/example_dags/example_branch_operator_decorator.py
[2026-03-04T22:05:32.475+0000] {processor.py:183} INFO - Processing /Users/HP/storypoints-week1/venv/lib/python3.11/site-packages/airflow/example_dags/example_branch_operator_decorator.py took 0.076 seconds
[2026-03-04T22:18:38.105+0000] {processor.py:161} INFO - Started process (PID=89598) to work on /Users/HP/storypoints-week1/venv/lib/python3.11/site-packages/airflow/example_dags/example_branch_operator_decorator.py
[2026-03-04T22:18:38.108+0000] {processor.py:830} INFO - Processing file /Users/HP/storypoints-week1/venv/lib/python3.11/site-packages/airflow/example_dags/example_branch_operator_decorator.py for tasks to queue
[2026-03-04T22:18:38.110+0000] {logging_mixin.py:188} INFO - [2026-03-04T22:18:38.110+0000] {dagbag.py:538} INFO - Filling up the DagBag from /Users/HP/storypoints-week1/venv/lib/python3.11/site-packages/airflow/example_dags/example_branch_operator_decorator.py
[2026-03-04T22:18:38.140+0000] {logging_mixin.py:188} INFO - [2026-03-04T22:18:38.138+0000] {dagbag.py:348} ERROR - Failed to import: /Users/HP/storypoints-week1/venv/lib/python3.11/site-packages/airflow/example_dags/example_branch_operator_decorator.py
Traceback (most recent call last):
  File "/Users/HP/storypoints-week1/venv/lib/python3.11/site-packages/airflow/models/dagbag.py", line 344, in parse
    loader.exec_module(new_module)
  File "<frozen importlib._bootstrap_external>", line 940, in exec_module
  File "<frozen importlib._bootstrap>", line 241, in _call_with_frames_removed
  File "/Users/HP/storypoints-week1/venv/lib/python3.11/site-packages/airflow/example_dags/example_branch_operator_decorator.py", line 125, in <module>
    random_choice_venv = branching_virtualenv(choices=options)
                         ^^^^^^^^^^^^^^^^^^^^^^^^^^^^^^^^^^^^^
  File "/Users/HP/storypoints-week1/venv/lib/python3.11/site-packages/airflow/decorators/base.py", line 367, in __call__
    op = self.operator_class(
         ^^^^^^^^^^^^^^^^^^^^
  File "/Users/HP/storypoints-week1/venv/lib/python3.11/site-packages/airflow/models/baseoperator.py", line 437, in apply_defaults
    result = func(self, **kwargs, default_args=default_args)
             ^^^^^^^^^^^^^^^^^^^^^^^^^^^^^^^^^^^^^^^^^^^^^^^
  File "/Users/HP/storypoints-week1/venv/lib/python3.11/site-packages/airflow/models/baseoperator.py", line 437, in apply_defaults
    result = func(self, **kwargs, default_args=default_args)
             ^^^^^^^^^^^^^^^^^^^^^^^^^^^^^^^^^^^^^^^^^^^^^^^
  File "/Users/HP/storypoints-week1/venv/lib/python3.11/site-packages/airflow/decorators/python.py", line 52, in __init__
    super().__init__(
  File "/Users/HP/storypoints-week1/venv/lib/python3.11/site-packages/airflow/models/baseoperator.py", line 437, in apply_defaults
    result = func(self, **kwargs, default_args=default_args)
             ^^^^^^^^^^^^^^^^^^^^^^^^^^^^^^^^^^^^^^^^^^^^^^^
  File "/Users/HP/storypoints-week1/venv/lib/python3.11/site-packages/airflow/decorators/base.py", line 234, in __init__
    super().__init__(task_id=task_id, **kwargs_to_upstream, **kwargs)
  File "/Users/HP/storypoints-week1/venv/lib/python3.11/site-packages/airflow/models/baseoperator.py", line 437, in apply_defaults
    result = func(self, **kwargs, default_args=default_args)
             ^^^^^^^^^^^^^^^^^^^^^^^^^^^^^^^^^^^^^^^^^^^^^^^
  File "/Users/HP/storypoints-week1/venv/lib/python3.11/site-packages/airflow/models/baseoperator.py", line 437, in apply_defaults
    result = func(self, **kwargs, default_args=default_args)
             ^^^^^^^^^^^^^^^^^^^^^^^^^^^^^^^^^^^^^^^^^^^^^^^
  File "/Users/HP/storypoints-week1/venv/lib/python3.11/site-packages/airflow/operators/python.py", line 581, in __init__
    raise AirflowException("PythonVirtualenvOperator requires virtualenv, please install it.")
airflow.exceptions.AirflowException: PythonVirtualenvOperator requires virtualenv, please install it.
[2026-03-04T22:18:38.141+0000] {processor.py:842} WARNING - No viable dags retrieved from /Users/HP/storypoints-week1/venv/lib/python3.11/site-packages/airflow/example_dags/example_branch_operator_decorator.py
[2026-03-04T22:18:38.193+0000] {processor.py:183} INFO - Processing /Users/HP/storypoints-week1/venv/lib/python3.11/site-packages/airflow/example_dags/example_branch_operator_decorator.py took 0.089 seconds
[2026-03-04T23:06:38.593+0000] {processor.py:161} INFO - Started process (PID=91064) to work on /Users/HP/storypoints-week1/venv/lib/python3.11/site-packages/airflow/example_dags/example_branch_operator_decorator.py
[2026-03-04T23:06:38.596+0000] {processor.py:830} INFO - Processing file /Users/HP/storypoints-week1/venv/lib/python3.11/site-packages/airflow/example_dags/example_branch_operator_decorator.py for tasks to queue
[2026-03-04T23:06:38.597+0000] {logging_mixin.py:188} INFO - [2026-03-04T23:06:38.597+0000] {dagbag.py:538} INFO - Filling up the DagBag from /Users/HP/storypoints-week1/venv/lib/python3.11/site-packages/airflow/example_dags/example_branch_operator_decorator.py
[2026-03-04T23:06:38.629+0000] {logging_mixin.py:188} INFO - [2026-03-04T23:06:38.625+0000] {dagbag.py:348} ERROR - Failed to import: /Users/HP/storypoints-week1/venv/lib/python3.11/site-packages/airflow/example_dags/example_branch_operator_decorator.py
Traceback (most recent call last):
  File "/Users/HP/storypoints-week1/venv/lib/python3.11/site-packages/airflow/models/dagbag.py", line 344, in parse
    loader.exec_module(new_module)
  File "<frozen importlib._bootstrap_external>", line 940, in exec_module
  File "<frozen importlib._bootstrap>", line 241, in _call_with_frames_removed
  File "/Users/HP/storypoints-week1/venv/lib/python3.11/site-packages/airflow/example_dags/example_branch_operator_decorator.py", line 125, in <module>
    random_choice_venv = branching_virtualenv(choices=options)
                         ^^^^^^^^^^^^^^^^^^^^^^^^^^^^^^^^^^^^^
  File "/Users/HP/storypoints-week1/venv/lib/python3.11/site-packages/airflow/decorators/base.py", line 367, in __call__
    op = self.operator_class(
         ^^^^^^^^^^^^^^^^^^^^
  File "/Users/HP/storypoints-week1/venv/lib/python3.11/site-packages/airflow/models/baseoperator.py", line 437, in apply_defaults
    result = func(self, **kwargs, default_args=default_args)
             ^^^^^^^^^^^^^^^^^^^^^^^^^^^^^^^^^^^^^^^^^^^^^^^
  File "/Users/HP/storypoints-week1/venv/lib/python3.11/site-packages/airflow/models/baseoperator.py", line 437, in apply_defaults
    result = func(self, **kwargs, default_args=default_args)
             ^^^^^^^^^^^^^^^^^^^^^^^^^^^^^^^^^^^^^^^^^^^^^^^
  File "/Users/HP/storypoints-week1/venv/lib/python3.11/site-packages/airflow/decorators/python.py", line 52, in __init__
    super().__init__(
  File "/Users/HP/storypoints-week1/venv/lib/python3.11/site-packages/airflow/models/baseoperator.py", line 437, in apply_defaults
    result = func(self, **kwargs, default_args=default_args)
             ^^^^^^^^^^^^^^^^^^^^^^^^^^^^^^^^^^^^^^^^^^^^^^^
  File "/Users/HP/storypoints-week1/venv/lib/python3.11/site-packages/airflow/decorators/base.py", line 234, in __init__
    super().__init__(task_id=task_id, **kwargs_to_upstream, **kwargs)
  File "/Users/HP/storypoints-week1/venv/lib/python3.11/site-packages/airflow/models/baseoperator.py", line 437, in apply_defaults
    result = func(self, **kwargs, default_args=default_args)
             ^^^^^^^^^^^^^^^^^^^^^^^^^^^^^^^^^^^^^^^^^^^^^^^
  File "/Users/HP/storypoints-week1/venv/lib/python3.11/site-packages/airflow/models/baseoperator.py", line 437, in apply_defaults
    result = func(self, **kwargs, default_args=default_args)
             ^^^^^^^^^^^^^^^^^^^^^^^^^^^^^^^^^^^^^^^^^^^^^^^
  File "/Users/HP/storypoints-week1/venv/lib/python3.11/site-packages/airflow/operators/python.py", line 581, in __init__
    raise AirflowException("PythonVirtualenvOperator requires virtualenv, please install it.")
airflow.exceptions.AirflowException: PythonVirtualenvOperator requires virtualenv, please install it.
[2026-03-04T23:06:38.630+0000] {processor.py:842} WARNING - No viable dags retrieved from /Users/HP/storypoints-week1/venv/lib/python3.11/site-packages/airflow/example_dags/example_branch_operator_decorator.py
[2026-03-04T23:06:38.684+0000] {processor.py:183} INFO - Processing /Users/HP/storypoints-week1/venv/lib/python3.11/site-packages/airflow/example_dags/example_branch_operator_decorator.py took 0.091 seconds
[2026-03-04T23:20:22.372+0000] {processor.py:161} INFO - Started process (PID=92475) to work on /Users/HP/storypoints-week1/venv/lib/python3.11/site-packages/airflow/example_dags/example_branch_operator_decorator.py
[2026-03-04T23:20:22.374+0000] {processor.py:830} INFO - Processing file /Users/HP/storypoints-week1/venv/lib/python3.11/site-packages/airflow/example_dags/example_branch_operator_decorator.py for tasks to queue
[2026-03-04T23:20:22.375+0000] {logging_mixin.py:188} INFO - [2026-03-04T23:20:22.375+0000] {dagbag.py:538} INFO - Filling up the DagBag from /Users/HP/storypoints-week1/venv/lib/python3.11/site-packages/airflow/example_dags/example_branch_operator_decorator.py
[2026-03-04T23:20:22.405+0000] {logging_mixin.py:188} INFO - [2026-03-04T23:20:22.403+0000] {dagbag.py:348} ERROR - Failed to import: /Users/HP/storypoints-week1/venv/lib/python3.11/site-packages/airflow/example_dags/example_branch_operator_decorator.py
Traceback (most recent call last):
  File "/Users/HP/storypoints-week1/venv/lib/python3.11/site-packages/airflow/models/dagbag.py", line 344, in parse
    loader.exec_module(new_module)
  File "<frozen importlib._bootstrap_external>", line 940, in exec_module
  File "<frozen importlib._bootstrap>", line 241, in _call_with_frames_removed
  File "/Users/HP/storypoints-week1/venv/lib/python3.11/site-packages/airflow/example_dags/example_branch_operator_decorator.py", line 125, in <module>
    random_choice_venv = branching_virtualenv(choices=options)
                         ^^^^^^^^^^^^^^^^^^^^^^^^^^^^^^^^^^^^^
  File "/Users/HP/storypoints-week1/venv/lib/python3.11/site-packages/airflow/decorators/base.py", line 367, in __call__
    op = self.operator_class(
         ^^^^^^^^^^^^^^^^^^^^
  File "/Users/HP/storypoints-week1/venv/lib/python3.11/site-packages/airflow/models/baseoperator.py", line 437, in apply_defaults
    result = func(self, **kwargs, default_args=default_args)
             ^^^^^^^^^^^^^^^^^^^^^^^^^^^^^^^^^^^^^^^^^^^^^^^
  File "/Users/HP/storypoints-week1/venv/lib/python3.11/site-packages/airflow/models/baseoperator.py", line 437, in apply_defaults
    result = func(self, **kwargs, default_args=default_args)
             ^^^^^^^^^^^^^^^^^^^^^^^^^^^^^^^^^^^^^^^^^^^^^^^
  File "/Users/HP/storypoints-week1/venv/lib/python3.11/site-packages/airflow/decorators/python.py", line 52, in __init__
    super().__init__(
  File "/Users/HP/storypoints-week1/venv/lib/python3.11/site-packages/airflow/models/baseoperator.py", line 437, in apply_defaults
    result = func(self, **kwargs, default_args=default_args)
             ^^^^^^^^^^^^^^^^^^^^^^^^^^^^^^^^^^^^^^^^^^^^^^^
  File "/Users/HP/storypoints-week1/venv/lib/python3.11/site-packages/airflow/decorators/base.py", line 234, in __init__
    super().__init__(task_id=task_id, **kwargs_to_upstream, **kwargs)
  File "/Users/HP/storypoints-week1/venv/lib/python3.11/site-packages/airflow/models/baseoperator.py", line 437, in apply_defaults
    result = func(self, **kwargs, default_args=default_args)
             ^^^^^^^^^^^^^^^^^^^^^^^^^^^^^^^^^^^^^^^^^^^^^^^
  File "/Users/HP/storypoints-week1/venv/lib/python3.11/site-packages/airflow/models/baseoperator.py", line 437, in apply_defaults
    result = func(self, **kwargs, default_args=default_args)
             ^^^^^^^^^^^^^^^^^^^^^^^^^^^^^^^^^^^^^^^^^^^^^^^
  File "/Users/HP/storypoints-week1/venv/lib/python3.11/site-packages/airflow/operators/python.py", line 581, in __init__
    raise AirflowException("PythonVirtualenvOperator requires virtualenv, please install it.")
airflow.exceptions.AirflowException: PythonVirtualenvOperator requires virtualenv, please install it.
[2026-03-04T23:20:22.406+0000] {processor.py:842} WARNING - No viable dags retrieved from /Users/HP/storypoints-week1/venv/lib/python3.11/site-packages/airflow/example_dags/example_branch_operator_decorator.py
[2026-03-04T23:20:22.457+0000] {processor.py:183} INFO - Processing /Users/HP/storypoints-week1/venv/lib/python3.11/site-packages/airflow/example_dags/example_branch_operator_decorator.py took 0.086 seconds
