[2026-03-04T19:01:34.963+0000] {processor.py:161} INFO - Started process (PID=54409) to work on /Users/HP/storypoints-week1/venv/lib/python3.11/site-packages/airflow/example_dags/example_trigger_target_dag.py
[2026-03-04T19:01:34.965+0000] {processor.py:830} INFO - Processing file /Users/HP/storypoints-week1/venv/lib/python3.11/site-packages/airflow/example_dags/example_trigger_target_dag.py for tasks to queue
[2026-03-04T19:01:34.967+0000] {logging_mixin.py:188} INFO - [2026-03-04T19:01:34.967+0000] {dagbag.py:538} INFO - Filling up the DagBag from /Users/HP/storypoints-week1/venv/lib/python3.11/site-packages/airflow/example_dags/example_trigger_target_dag.py
[2026-03-04T19:01:35.004+0000] {processor.py:840} INFO - DAG(s) 'example_trigger_target_dag' retrieved from /Users/HP/storypoints-week1/venv/lib/python3.11/site-packages/airflow/example_dags/example_trigger_target_dag.py
[2026-03-04T19:01:35.160+0000] {logging_mixin.py:188} INFO - [2026-03-04T19:01:35.160+0000] {override.py:1769} INFO - Created Permission View: can read on DAG:example_trigger_target_dag
[2026-03-04T19:01:35.169+0000] {logging_mixin.py:188} INFO - [2026-03-04T19:01:35.168+0000] {override.py:1769} INFO - Created Permission View: can delete on DAG:example_trigger_target_dag
[2026-03-04T19:01:35.173+0000] {logging_mixin.py:188} INFO - [2026-03-04T19:01:35.173+0000] {override.py:1769} INFO - Created Permission View: can edit on DAG:example_trigger_target_dag
[2026-03-04T19:01:35.174+0000] {logging_mixin.py:188} INFO - [2026-03-04T19:01:35.174+0000] {dag.py:3033} INFO - Sync 1 DAGs
[2026-03-04T19:01:35.182+0000] {logging_mixin.py:188} INFO - [2026-03-04T19:01:35.182+0000] {dag.py:3055} INFO - Creating ORM DAG for example_trigger_target_dag
[2026-03-04T19:01:35.182+0000] {logging_mixin.py:188} INFO - [2026-03-04T19:01:35.182+0000] {dag.py:3820} INFO - Setting next_dagrun for example_trigger_target_dag to None, run_after=None
[2026-03-04T19:01:35.196+0000] {processor.py:183} INFO - Processing /Users/HP/storypoints-week1/venv/lib/python3.11/site-packages/airflow/example_dags/example_trigger_target_dag.py took 0.235 seconds
[2026-03-04T19:03:34.831+0000] {processor.py:161} INFO - Started process (PID=55551) to work on /Users/HP/storypoints-week1/venv/lib/python3.11/site-packages/airflow/example_dags/example_trigger_target_dag.py
[2026-03-04T19:03:34.834+0000] {processor.py:830} INFO - Processing file /Users/HP/storypoints-week1/venv/lib/python3.11/site-packages/airflow/example_dags/example_trigger_target_dag.py for tasks to queue
[2026-03-04T19:03:34.835+0000] {logging_mixin.py:188} INFO - [2026-03-04T19:03:34.835+0000] {dagbag.py:538} INFO - Filling up the DagBag from /Users/HP/storypoints-week1/venv/lib/python3.11/site-packages/airflow/example_dags/example_trigger_target_dag.py
[2026-03-04T19:03:34.860+0000] {processor.py:840} INFO - DAG(s) 'example_trigger_target_dag' retrieved from /Users/HP/storypoints-week1/venv/lib/python3.11/site-packages/airflow/example_dags/example_trigger_target_dag.py
[2026-03-04T19:03:34.918+0000] {logging_mixin.py:188} INFO - [2026-03-04T19:03:34.918+0000] {dag.py:3033} INFO - Sync 1 DAGs
[2026-03-04T19:03:34.924+0000] {logging_mixin.py:188} INFO - [2026-03-04T19:03:34.924+0000] {dag.py:3820} INFO - Setting next_dagrun for example_trigger_target_dag to None, run_after=None
[2026-03-04T19:03:34.937+0000] {processor.py:183} INFO - Processing /Users/HP/storypoints-week1/venv/lib/python3.11/site-packages/airflow/example_dags/example_trigger_target_dag.py took 0.107 seconds
[2026-03-04T19:05:11.390+0000] {processor.py:161} INFO - Started process (PID=56866) to work on /Users/HP/storypoints-week1/venv/lib/python3.11/site-packages/airflow/example_dags/example_trigger_target_dag.py
[2026-03-04T19:05:11.393+0000] {processor.py:830} INFO - Processing file /Users/HP/storypoints-week1/venv/lib/python3.11/site-packages/airflow/example_dags/example_trigger_target_dag.py for tasks to queue
[2026-03-04T19:05:11.395+0000] {logging_mixin.py:188} INFO - [2026-03-04T19:05:11.395+0000] {dagbag.py:538} INFO - Filling up the DagBag from /Users/HP/storypoints-week1/venv/lib/python3.11/site-packages/airflow/example_dags/example_trigger_target_dag.py
[2026-03-04T19:05:11.431+0000] {processor.py:840} INFO - DAG(s) 'example_trigger_target_dag' retrieved from /Users/HP/storypoints-week1/venv/lib/python3.11/site-packages/airflow/example_dags/example_trigger_target_dag.py
[2026-03-04T19:05:11.500+0000] {logging_mixin.py:188} INFO - [2026-03-04T19:05:11.500+0000] {dag.py:3033} INFO - Sync 1 DAGs
[2026-03-04T19:05:11.506+0000] {logging_mixin.py:188} INFO - [2026-03-04T19:05:11.506+0000] {dag.py:3820} INFO - Setting next_dagrun for example_trigger_target_dag to None, run_after=None
[2026-03-04T19:05:11.519+0000] {processor.py:183} INFO - Processing /Users/HP/storypoints-week1/venv/lib/python3.11/site-packages/airflow/example_dags/example_trigger_target_dag.py took 0.130 seconds
[2026-03-04T19:06:39.903+0000] {processor.py:161} INFO - Started process (PID=57718) to work on /Users/HP/storypoints-week1/venv/lib/python3.11/site-packages/airflow/example_dags/example_trigger_target_dag.py
[2026-03-04T19:06:39.905+0000] {processor.py:830} INFO - Processing file /Users/HP/storypoints-week1/venv/lib/python3.11/site-packages/airflow/example_dags/example_trigger_target_dag.py for tasks to queue
[2026-03-04T19:06:39.907+0000] {logging_mixin.py:188} INFO - [2026-03-04T19:06:39.907+0000] {dagbag.py:538} INFO - Filling up the DagBag from /Users/HP/storypoints-week1/venv/lib/python3.11/site-packages/airflow/example_dags/example_trigger_target_dag.py
[2026-03-04T19:06:39.933+0000] {processor.py:840} INFO - DAG(s) 'example_trigger_target_dag' retrieved from /Users/HP/storypoints-week1/venv/lib/python3.11/site-packages/airflow/example_dags/example_trigger_target_dag.py
[2026-03-04T19:06:39.996+0000] {logging_mixin.py:188} INFO - [2026-03-04T19:06:39.996+0000] {dag.py:3033} INFO - Sync 1 DAGs
[2026-03-04T19:06:40.003+0000] {logging_mixin.py:188} INFO - [2026-03-04T19:06:40.003+0000] {dag.py:3820} INFO - Setting next_dagrun for example_trigger_target_dag to None, run_after=None
[2026-03-04T19:06:40.018+0000] {processor.py:183} INFO - Processing /Users/HP/storypoints-week1/venv/lib/python3.11/site-packages/airflow/example_dags/example_trigger_target_dag.py took 0.116 seconds
[2026-03-04T19:07:55.527+0000] {processor.py:161} INFO - Started process (PID=58439) to work on /Users/HP/storypoints-week1/venv/lib/python3.11/site-packages/airflow/example_dags/example_trigger_target_dag.py
[2026-03-04T19:07:55.530+0000] {processor.py:830} INFO - Processing file /Users/HP/storypoints-week1/venv/lib/python3.11/site-packages/airflow/example_dags/example_trigger_target_dag.py for tasks to queue
[2026-03-04T19:07:55.531+0000] {logging_mixin.py:188} INFO - [2026-03-04T19:07:55.531+0000] {dagbag.py:538} INFO - Filling up the DagBag from /Users/HP/storypoints-week1/venv/lib/python3.11/site-packages/airflow/example_dags/example_trigger_target_dag.py
[2026-03-04T19:07:55.558+0000] {processor.py:840} INFO - DAG(s) 'example_trigger_target_dag' retrieved from /Users/HP/storypoints-week1/venv/lib/python3.11/site-packages/airflow/example_dags/example_trigger_target_dag.py
[2026-03-04T19:07:55.616+0000] {logging_mixin.py:188} INFO - [2026-03-04T19:07:55.616+0000] {dag.py:3033} INFO - Sync 1 DAGs
[2026-03-04T19:07:55.622+0000] {logging_mixin.py:188} INFO - [2026-03-04T19:07:55.622+0000] {dag.py:3820} INFO - Setting next_dagrun for example_trigger_target_dag to None, run_after=None
[2026-03-04T19:07:55.634+0000] {processor.py:183} INFO - Processing /Users/HP/storypoints-week1/venv/lib/python3.11/site-packages/airflow/example_dags/example_trigger_target_dag.py took 0.108 seconds
[2026-03-04T19:09:12.953+0000] {processor.py:161} INFO - Started process (PID=59190) to work on /Users/HP/storypoints-week1/venv/lib/python3.11/site-packages/airflow/example_dags/example_trigger_target_dag.py
[2026-03-04T19:09:12.955+0000] {processor.py:830} INFO - Processing file /Users/HP/storypoints-week1/venv/lib/python3.11/site-packages/airflow/example_dags/example_trigger_target_dag.py for tasks to queue
[2026-03-04T19:09:12.957+0000] {logging_mixin.py:188} INFO - [2026-03-04T19:09:12.957+0000] {dagbag.py:538} INFO - Filling up the DagBag from /Users/HP/storypoints-week1/venv/lib/python3.11/site-packages/airflow/example_dags/example_trigger_target_dag.py
[2026-03-04T19:09:12.982+0000] {processor.py:840} INFO - DAG(s) 'example_trigger_target_dag' retrieved from /Users/HP/storypoints-week1/venv/lib/python3.11/site-packages/airflow/example_dags/example_trigger_target_dag.py
[2026-03-04T19:09:13.041+0000] {logging_mixin.py:188} INFO - [2026-03-04T19:09:13.041+0000] {dag.py:3033} INFO - Sync 1 DAGs
[2026-03-04T19:09:13.046+0000] {logging_mixin.py:188} INFO - [2026-03-04T19:09:13.046+0000] {dag.py:3820} INFO - Setting next_dagrun for example_trigger_target_dag to None, run_after=None
[2026-03-04T19:09:13.060+0000] {processor.py:183} INFO - Processing /Users/HP/storypoints-week1/venv/lib/python3.11/site-packages/airflow/example_dags/example_trigger_target_dag.py took 0.108 seconds
[2026-03-04T19:10:38.065+0000] {processor.py:161} INFO - Started process (PID=59997) to work on /Users/HP/storypoints-week1/venv/lib/python3.11/site-packages/airflow/example_dags/example_trigger_target_dag.py
[2026-03-04T19:10:38.067+0000] {processor.py:830} INFO - Processing file /Users/HP/storypoints-week1/venv/lib/python3.11/site-packages/airflow/example_dags/example_trigger_target_dag.py for tasks to queue
[2026-03-04T19:10:38.069+0000] {logging_mixin.py:188} INFO - [2026-03-04T19:10:38.069+0000] {dagbag.py:538} INFO - Filling up the DagBag from /Users/HP/storypoints-week1/venv/lib/python3.11/site-packages/airflow/example_dags/example_trigger_target_dag.py
[2026-03-04T19:10:38.096+0000] {processor.py:840} INFO - DAG(s) 'example_trigger_target_dag' retrieved from /Users/HP/storypoints-week1/venv/lib/python3.11/site-packages/airflow/example_dags/example_trigger_target_dag.py
[2026-03-04T19:10:38.156+0000] {logging_mixin.py:188} INFO - [2026-03-04T19:10:38.156+0000] {dag.py:3033} INFO - Sync 1 DAGs
[2026-03-04T19:10:38.162+0000] {logging_mixin.py:188} INFO - [2026-03-04T19:10:38.162+0000] {dag.py:3820} INFO - Setting next_dagrun for example_trigger_target_dag to None, run_after=None
[2026-03-04T19:10:38.176+0000] {processor.py:183} INFO - Processing /Users/HP/storypoints-week1/venv/lib/python3.11/site-packages/airflow/example_dags/example_trigger_target_dag.py took 0.112 seconds
[2026-03-04T19:11:57.617+0000] {processor.py:161} INFO - Started process (PID=60759) to work on /Users/HP/storypoints-week1/venv/lib/python3.11/site-packages/airflow/example_dags/example_trigger_target_dag.py
[2026-03-04T19:11:57.620+0000] {processor.py:830} INFO - Processing file /Users/HP/storypoints-week1/venv/lib/python3.11/site-packages/airflow/example_dags/example_trigger_target_dag.py for tasks to queue
[2026-03-04T19:11:57.621+0000] {logging_mixin.py:188} INFO - [2026-03-04T19:11:57.621+0000] {dagbag.py:538} INFO - Filling up the DagBag from /Users/HP/storypoints-week1/venv/lib/python3.11/site-packages/airflow/example_dags/example_trigger_target_dag.py
[2026-03-04T19:11:57.647+0000] {processor.py:840} INFO - DAG(s) 'example_trigger_target_dag' retrieved from /Users/HP/storypoints-week1/venv/lib/python3.11/site-packages/airflow/example_dags/example_trigger_target_dag.py
[2026-03-04T19:11:57.706+0000] {logging_mixin.py:188} INFO - [2026-03-04T19:11:57.706+0000] {dag.py:3033} INFO - Sync 1 DAGs
[2026-03-04T19:11:57.713+0000] {logging_mixin.py:188} INFO - [2026-03-04T19:11:57.712+0000] {dag.py:3820} INFO - Setting next_dagrun for example_trigger_target_dag to None, run_after=None
[2026-03-04T19:11:57.726+0000] {processor.py:183} INFO - Processing /Users/HP/storypoints-week1/venv/lib/python3.11/site-packages/airflow/example_dags/example_trigger_target_dag.py took 0.110 seconds
[2026-03-04T19:33:27.044+0000] {processor.py:161} INFO - Started process (PID=74381) to work on /Users/HP/storypoints-week1/venv/lib/python3.11/site-packages/airflow/example_dags/example_trigger_target_dag.py
[2026-03-04T19:33:27.048+0000] {processor.py:830} INFO - Processing file /Users/HP/storypoints-week1/venv/lib/python3.11/site-packages/airflow/example_dags/example_trigger_target_dag.py for tasks to queue
[2026-03-04T19:33:27.049+0000] {logging_mixin.py:188} INFO - [2026-03-04T19:33:27.049+0000] {dagbag.py:538} INFO - Filling up the DagBag from /Users/HP/storypoints-week1/venv/lib/python3.11/site-packages/airflow/example_dags/example_trigger_target_dag.py
[2026-03-04T19:33:27.075+0000] {processor.py:840} INFO - DAG(s) 'example_trigger_target_dag' retrieved from /Users/HP/storypoints-week1/venv/lib/python3.11/site-packages/airflow/example_dags/example_trigger_target_dag.py
[2026-03-04T19:33:27.136+0000] {logging_mixin.py:188} INFO - [2026-03-04T19:33:27.135+0000] {dag.py:3033} INFO - Sync 1 DAGs
[2026-03-04T19:33:27.141+0000] {logging_mixin.py:188} INFO - [2026-03-04T19:33:27.141+0000] {dag.py:3820} INFO - Setting next_dagrun for example_trigger_target_dag to None, run_after=None
[2026-03-04T19:33:27.154+0000] {processor.py:183} INFO - Processing /Users/HP/storypoints-week1/venv/lib/python3.11/site-packages/airflow/example_dags/example_trigger_target_dag.py took 0.110 seconds
[2026-03-04T19:36:04.691+0000] {processor.py:161} INFO - Started process (PID=76081) to work on /Users/HP/storypoints-week1/venv/lib/python3.11/site-packages/airflow/example_dags/example_trigger_target_dag.py
[2026-03-04T19:36:04.693+0000] {processor.py:830} INFO - Processing file /Users/HP/storypoints-week1/venv/lib/python3.11/site-packages/airflow/example_dags/example_trigger_target_dag.py for tasks to queue
[2026-03-04T19:36:04.695+0000] {logging_mixin.py:188} INFO - [2026-03-04T19:36:04.695+0000] {dagbag.py:538} INFO - Filling up the DagBag from /Users/HP/storypoints-week1/venv/lib/python3.11/site-packages/airflow/example_dags/example_trigger_target_dag.py
[2026-03-04T19:36:04.723+0000] {processor.py:840} INFO - DAG(s) 'example_trigger_target_dag' retrieved from /Users/HP/storypoints-week1/venv/lib/python3.11/site-packages/airflow/example_dags/example_trigger_target_dag.py
[2026-03-04T19:36:04.797+0000] {logging_mixin.py:188} INFO - [2026-03-04T19:36:04.797+0000] {dag.py:3033} INFO - Sync 1 DAGs
[2026-03-04T19:36:04.804+0000] {logging_mixin.py:188} INFO - [2026-03-04T19:36:04.804+0000] {dag.py:3820} INFO - Setting next_dagrun for example_trigger_target_dag to None, run_after=None
[2026-03-04T19:36:04.817+0000] {processor.py:183} INFO - Processing /Users/HP/storypoints-week1/venv/lib/python3.11/site-packages/airflow/example_dags/example_trigger_target_dag.py took 0.127 seconds
[2026-03-04T19:37:52.159+0000] {processor.py:161} INFO - Started process (PID=77092) to work on /Users/HP/storypoints-week1/venv/lib/python3.11/site-packages/airflow/example_dags/example_trigger_target_dag.py
[2026-03-04T19:37:52.163+0000] {processor.py:830} INFO - Processing file /Users/HP/storypoints-week1/venv/lib/python3.11/site-packages/airflow/example_dags/example_trigger_target_dag.py for tasks to queue
[2026-03-04T19:37:52.164+0000] {logging_mixin.py:188} INFO - [2026-03-04T19:37:52.164+0000] {dagbag.py:538} INFO - Filling up the DagBag from /Users/HP/storypoints-week1/venv/lib/python3.11/site-packages/airflow/example_dags/example_trigger_target_dag.py
[2026-03-04T19:37:52.187+0000] {processor.py:840} INFO - DAG(s) 'example_trigger_target_dag' retrieved from /Users/HP/storypoints-week1/venv/lib/python3.11/site-packages/airflow/example_dags/example_trigger_target_dag.py
[2026-03-04T19:37:52.243+0000] {logging_mixin.py:188} INFO - [2026-03-04T19:37:52.243+0000] {dag.py:3033} INFO - Sync 1 DAGs
[2026-03-04T19:37:52.249+0000] {logging_mixin.py:188} INFO - [2026-03-04T19:37:52.249+0000] {dag.py:3820} INFO - Setting next_dagrun for example_trigger_target_dag to None, run_after=None
[2026-03-04T19:37:52.261+0000] {processor.py:183} INFO - Processing /Users/HP/storypoints-week1/venv/lib/python3.11/site-packages/airflow/example_dags/example_trigger_target_dag.py took 0.102 seconds
[2026-03-04T19:39:11.819+0000] {processor.py:161} INFO - Started process (PID=77859) to work on /Users/HP/storypoints-week1/venv/lib/python3.11/site-packages/airflow/example_dags/example_trigger_target_dag.py
[2026-03-04T19:39:11.822+0000] {processor.py:830} INFO - Processing file /Users/HP/storypoints-week1/venv/lib/python3.11/site-packages/airflow/example_dags/example_trigger_target_dag.py for tasks to queue
[2026-03-04T19:39:11.824+0000] {logging_mixin.py:188} INFO - [2026-03-04T19:39:11.823+0000] {dagbag.py:538} INFO - Filling up the DagBag from /Users/HP/storypoints-week1/venv/lib/python3.11/site-packages/airflow/example_dags/example_trigger_target_dag.py
[2026-03-04T19:39:11.850+0000] {processor.py:840} INFO - DAG(s) 'example_trigger_target_dag' retrieved from /Users/HP/storypoints-week1/venv/lib/python3.11/site-packages/airflow/example_dags/example_trigger_target_dag.py
[2026-03-04T19:39:11.909+0000] {logging_mixin.py:188} INFO - [2026-03-04T19:39:11.908+0000] {dag.py:3033} INFO - Sync 1 DAGs
[2026-03-04T19:39:11.914+0000] {logging_mixin.py:188} INFO - [2026-03-04T19:39:11.914+0000] {dag.py:3820} INFO - Setting next_dagrun for example_trigger_target_dag to None, run_after=None
[2026-03-04T19:39:11.927+0000] {processor.py:183} INFO - Processing /Users/HP/storypoints-week1/venv/lib/python3.11/site-packages/airflow/example_dags/example_trigger_target_dag.py took 0.108 seconds
[2026-03-04T19:40:25.634+0000] {processor.py:161} INFO - Started process (PID=78556) to work on /Users/HP/storypoints-week1/venv/lib/python3.11/site-packages/airflow/example_dags/example_trigger_target_dag.py
[2026-03-04T19:40:25.637+0000] {processor.py:830} INFO - Processing file /Users/HP/storypoints-week1/venv/lib/python3.11/site-packages/airflow/example_dags/example_trigger_target_dag.py for tasks to queue
[2026-03-04T19:40:25.638+0000] {logging_mixin.py:188} INFO - [2026-03-04T19:40:25.638+0000] {dagbag.py:538} INFO - Filling up the DagBag from /Users/HP/storypoints-week1/venv/lib/python3.11/site-packages/airflow/example_dags/example_trigger_target_dag.py
[2026-03-04T19:40:25.663+0000] {processor.py:840} INFO - DAG(s) 'example_trigger_target_dag' retrieved from /Users/HP/storypoints-week1/venv/lib/python3.11/site-packages/airflow/example_dags/example_trigger_target_dag.py
[2026-03-04T19:40:25.722+0000] {logging_mixin.py:188} INFO - [2026-03-04T19:40:25.722+0000] {dag.py:3033} INFO - Sync 1 DAGs
[2026-03-04T19:40:25.728+0000] {logging_mixin.py:188} INFO - [2026-03-04T19:40:25.728+0000] {dag.py:3820} INFO - Setting next_dagrun for example_trigger_target_dag to None, run_after=None
[2026-03-04T19:40:25.742+0000] {processor.py:183} INFO - Processing /Users/HP/storypoints-week1/venv/lib/python3.11/site-packages/airflow/example_dags/example_trigger_target_dag.py took 0.109 seconds
[2026-03-04T19:41:38.488+0000] {processor.py:161} INFO - Started process (PID=79243) to work on /Users/HP/storypoints-week1/venv/lib/python3.11/site-packages/airflow/example_dags/example_trigger_target_dag.py
[2026-03-04T19:41:38.490+0000] {processor.py:830} INFO - Processing file /Users/HP/storypoints-week1/venv/lib/python3.11/site-packages/airflow/example_dags/example_trigger_target_dag.py for tasks to queue
[2026-03-04T19:41:38.492+0000] {logging_mixin.py:188} INFO - [2026-03-04T19:41:38.492+0000] {dagbag.py:538} INFO - Filling up the DagBag from /Users/HP/storypoints-week1/venv/lib/python3.11/site-packages/airflow/example_dags/example_trigger_target_dag.py
[2026-03-04T19:41:38.517+0000] {processor.py:840} INFO - DAG(s) 'example_trigger_target_dag' retrieved from /Users/HP/storypoints-week1/venv/lib/python3.11/site-packages/airflow/example_dags/example_trigger_target_dag.py
[2026-03-04T19:41:38.578+0000] {logging_mixin.py:188} INFO - [2026-03-04T19:41:38.578+0000] {dag.py:3033} INFO - Sync 1 DAGs
[2026-03-04T19:41:38.584+0000] {logging_mixin.py:188} INFO - [2026-03-04T19:41:38.584+0000] {dag.py:3820} INFO - Setting next_dagrun for example_trigger_target_dag to None, run_after=None
[2026-03-04T19:41:38.597+0000] {processor.py:183} INFO - Processing /Users/HP/storypoints-week1/venv/lib/python3.11/site-packages/airflow/example_dags/example_trigger_target_dag.py took 0.110 seconds
[2026-03-04T19:42:53.280+0000] {processor.py:161} INFO - Started process (PID=79945) to work on /Users/HP/storypoints-week1/venv/lib/python3.11/site-packages/airflow/example_dags/example_trigger_target_dag.py
[2026-03-04T19:42:53.282+0000] {processor.py:830} INFO - Processing file /Users/HP/storypoints-week1/venv/lib/python3.11/site-packages/airflow/example_dags/example_trigger_target_dag.py for tasks to queue
[2026-03-04T19:42:53.284+0000] {logging_mixin.py:188} INFO - [2026-03-04T19:42:53.284+0000] {dagbag.py:538} INFO - Filling up the DagBag from /Users/HP/storypoints-week1/venv/lib/python3.11/site-packages/airflow/example_dags/example_trigger_target_dag.py
[2026-03-04T19:42:53.311+0000] {processor.py:840} INFO - DAG(s) 'example_trigger_target_dag' retrieved from /Users/HP/storypoints-week1/venv/lib/python3.11/site-packages/airflow/example_dags/example_trigger_target_dag.py
[2026-03-04T19:42:53.371+0000] {logging_mixin.py:188} INFO - [2026-03-04T19:42:53.371+0000] {dag.py:3033} INFO - Sync 1 DAGs
[2026-03-04T19:42:53.377+0000] {logging_mixin.py:188} INFO - [2026-03-04T19:42:53.377+0000] {dag.py:3820} INFO - Setting next_dagrun for example_trigger_target_dag to None, run_after=None
[2026-03-04T19:42:53.389+0000] {processor.py:183} INFO - Processing /Users/HP/storypoints-week1/venv/lib/python3.11/site-packages/airflow/example_dags/example_trigger_target_dag.py took 0.110 seconds
[2026-03-04T19:44:06.044+0000] {processor.py:161} INFO - Started process (PID=80628) to work on /Users/HP/storypoints-week1/venv/lib/python3.11/site-packages/airflow/example_dags/example_trigger_target_dag.py
[2026-03-04T19:44:06.047+0000] {processor.py:830} INFO - Processing file /Users/HP/storypoints-week1/venv/lib/python3.11/site-packages/airflow/example_dags/example_trigger_target_dag.py for tasks to queue
[2026-03-04T19:44:06.048+0000] {logging_mixin.py:188} INFO - [2026-03-04T19:44:06.048+0000] {dagbag.py:538} INFO - Filling up the DagBag from /Users/HP/storypoints-week1/venv/lib/python3.11/site-packages/airflow/example_dags/example_trigger_target_dag.py
[2026-03-04T19:44:06.072+0000] {processor.py:840} INFO - DAG(s) 'example_trigger_target_dag' retrieved from /Users/HP/storypoints-week1/venv/lib/python3.11/site-packages/airflow/example_dags/example_trigger_target_dag.py
[2026-03-04T19:44:06.131+0000] {logging_mixin.py:188} INFO - [2026-03-04T19:44:06.131+0000] {dag.py:3033} INFO - Sync 1 DAGs
[2026-03-04T19:44:06.137+0000] {logging_mixin.py:188} INFO - [2026-03-04T19:44:06.137+0000] {dag.py:3820} INFO - Setting next_dagrun for example_trigger_target_dag to None, run_after=None
[2026-03-04T19:44:06.150+0000] {processor.py:183} INFO - Processing /Users/HP/storypoints-week1/venv/lib/python3.11/site-packages/airflow/example_dags/example_trigger_target_dag.py took 0.107 seconds
[2026-03-04T19:45:20.807+0000] {processor.py:161} INFO - Started process (PID=81334) to work on /Users/HP/storypoints-week1/venv/lib/python3.11/site-packages/airflow/example_dags/example_trigger_target_dag.py
[2026-03-04T19:45:20.809+0000] {processor.py:830} INFO - Processing file /Users/HP/storypoints-week1/venv/lib/python3.11/site-packages/airflow/example_dags/example_trigger_target_dag.py for tasks to queue
[2026-03-04T19:45:20.811+0000] {logging_mixin.py:188} INFO - [2026-03-04T19:45:20.811+0000] {dagbag.py:538} INFO - Filling up the DagBag from /Users/HP/storypoints-week1/venv/lib/python3.11/site-packages/airflow/example_dags/example_trigger_target_dag.py
[2026-03-04T19:45:20.836+0000] {processor.py:840} INFO - DAG(s) 'example_trigger_target_dag' retrieved from /Users/HP/storypoints-week1/venv/lib/python3.11/site-packages/airflow/example_dags/example_trigger_target_dag.py
[2026-03-04T19:45:20.894+0000] {logging_mixin.py:188} INFO - [2026-03-04T19:45:20.894+0000] {dag.py:3033} INFO - Sync 1 DAGs
[2026-03-04T19:45:20.900+0000] {logging_mixin.py:188} INFO - [2026-03-04T19:45:20.900+0000] {dag.py:3820} INFO - Setting next_dagrun for example_trigger_target_dag to None, run_after=None
[2026-03-04T19:45:20.913+0000] {processor.py:183} INFO - Processing /Users/HP/storypoints-week1/venv/lib/python3.11/site-packages/airflow/example_dags/example_trigger_target_dag.py took 0.107 seconds
[2026-03-04T19:46:34.484+0000] {processor.py:161} INFO - Started process (PID=82041) to work on /Users/HP/storypoints-week1/venv/lib/python3.11/site-packages/airflow/example_dags/example_trigger_target_dag.py
[2026-03-04T19:46:34.487+0000] {processor.py:830} INFO - Processing file /Users/HP/storypoints-week1/venv/lib/python3.11/site-packages/airflow/example_dags/example_trigger_target_dag.py for tasks to queue
[2026-03-04T19:46:34.488+0000] {logging_mixin.py:188} INFO - [2026-03-04T19:46:34.488+0000] {dagbag.py:538} INFO - Filling up the DagBag from /Users/HP/storypoints-week1/venv/lib/python3.11/site-packages/airflow/example_dags/example_trigger_target_dag.py
[2026-03-04T19:46:34.515+0000] {processor.py:840} INFO - DAG(s) 'example_trigger_target_dag' retrieved from /Users/HP/storypoints-week1/venv/lib/python3.11/site-packages/airflow/example_dags/example_trigger_target_dag.py
[2026-03-04T19:46:34.573+0000] {logging_mixin.py:188} INFO - [2026-03-04T19:46:34.572+0000] {dag.py:3033} INFO - Sync 1 DAGs
[2026-03-04T19:46:34.578+0000] {logging_mixin.py:188} INFO - [2026-03-04T19:46:34.578+0000] {dag.py:3820} INFO - Setting next_dagrun for example_trigger_target_dag to None, run_after=None
[2026-03-04T19:46:34.590+0000] {processor.py:183} INFO - Processing /Users/HP/storypoints-week1/venv/lib/python3.11/site-packages/airflow/example_dags/example_trigger_target_dag.py took 0.107 seconds
[2026-03-04T19:59:59.498+0000] {processor.py:161} INFO - Started process (PID=82744) to work on /Users/HP/storypoints-week1/venv/lib/python3.11/site-packages/airflow/example_dags/example_trigger_target_dag.py
[2026-03-04T19:59:59.501+0000] {processor.py:830} INFO - Processing file /Users/HP/storypoints-week1/venv/lib/python3.11/site-packages/airflow/example_dags/example_trigger_target_dag.py for tasks to queue
[2026-03-04T19:59:59.502+0000] {logging_mixin.py:188} INFO - [2026-03-04T19:59:59.502+0000] {dagbag.py:538} INFO - Filling up the DagBag from /Users/HP/storypoints-week1/venv/lib/python3.11/site-packages/airflow/example_dags/example_trigger_target_dag.py
[2026-03-04T19:59:59.527+0000] {processor.py:840} INFO - DAG(s) 'example_trigger_target_dag' retrieved from /Users/HP/storypoints-week1/venv/lib/python3.11/site-packages/airflow/example_dags/example_trigger_target_dag.py
[2026-03-04T19:59:59.587+0000] {logging_mixin.py:188} INFO - [2026-03-04T19:59:59.587+0000] {dag.py:3033} INFO - Sync 1 DAGs
[2026-03-04T19:59:59.593+0000] {logging_mixin.py:188} INFO - [2026-03-04T19:59:59.593+0000] {dag.py:3820} INFO - Setting next_dagrun for example_trigger_target_dag to None, run_after=None
[2026-03-04T19:59:59.605+0000] {processor.py:183} INFO - Processing /Users/HP/storypoints-week1/venv/lib/python3.11/site-packages/airflow/example_dags/example_trigger_target_dag.py took 0.107 seconds
[2026-03-04T20:04:51.549+0000] {processor.py:161} INFO - Started process (PID=83478) to work on /Users/HP/storypoints-week1/venv/lib/python3.11/site-packages/airflow/example_dags/example_trigger_target_dag.py
[2026-03-04T20:04:51.552+0000] {processor.py:830} INFO - Processing file /Users/HP/storypoints-week1/venv/lib/python3.11/site-packages/airflow/example_dags/example_trigger_target_dag.py for tasks to queue
[2026-03-04T20:04:51.553+0000] {logging_mixin.py:188} INFO - [2026-03-04T20:04:51.553+0000] {dagbag.py:538} INFO - Filling up the DagBag from /Users/HP/storypoints-week1/venv/lib/python3.11/site-packages/airflow/example_dags/example_trigger_target_dag.py
[2026-03-04T20:04:51.578+0000] {processor.py:840} INFO - DAG(s) 'example_trigger_target_dag' retrieved from /Users/HP/storypoints-week1/venv/lib/python3.11/site-packages/airflow/example_dags/example_trigger_target_dag.py
[2026-03-04T20:12:27.199+0000] {logging_mixin.py:188} INFO - [2026-03-04T20:12:27.198+0000] {dag.py:3033} INFO - Sync 1 DAGs
[2026-03-04T20:12:27.206+0000] {logging_mixin.py:188} INFO - [2026-03-04T20:12:27.206+0000] {dag.py:3820} INFO - Setting next_dagrun for example_trigger_target_dag to None, run_after=None
[2026-03-04T20:12:27.250+0000] {processor.py:183} INFO - Processing /Users/HP/storypoints-week1/venv/lib/python3.11/site-packages/airflow/example_dags/example_trigger_target_dag.py took 0.288 seconds
[2026-03-04T20:14:01.573+0000] {processor.py:161} INFO - Started process (PID=84350) to work on /Users/HP/storypoints-week1/venv/lib/python3.11/site-packages/airflow/example_dags/example_trigger_target_dag.py
[2026-03-04T20:14:01.576+0000] {processor.py:830} INFO - Processing file /Users/HP/storypoints-week1/venv/lib/python3.11/site-packages/airflow/example_dags/example_trigger_target_dag.py for tasks to queue
[2026-03-04T20:14:01.577+0000] {logging_mixin.py:188} INFO - [2026-03-04T20:14:01.577+0000] {dagbag.py:538} INFO - Filling up the DagBag from /Users/HP/storypoints-week1/venv/lib/python3.11/site-packages/airflow/example_dags/example_trigger_target_dag.py
[2026-03-04T20:14:01.603+0000] {processor.py:840} INFO - DAG(s) 'example_trigger_target_dag' retrieved from /Users/HP/storypoints-week1/venv/lib/python3.11/site-packages/airflow/example_dags/example_trigger_target_dag.py
[2026-03-04T20:14:01.661+0000] {logging_mixin.py:188} INFO - [2026-03-04T20:14:01.661+0000] {dag.py:3033} INFO - Sync 1 DAGs
[2026-03-04T20:14:01.667+0000] {logging_mixin.py:188} INFO - [2026-03-04T20:14:01.667+0000] {dag.py:3820} INFO - Setting next_dagrun for example_trigger_target_dag to None, run_after=None
[2026-03-04T20:14:01.678+0000] {processor.py:183} INFO - Processing /Users/HP/storypoints-week1/venv/lib/python3.11/site-packages/airflow/example_dags/example_trigger_target_dag.py took 0.105 seconds
[2026-03-04T20:15:20.128+0000] {processor.py:161} INFO - Started process (PID=85085) to work on /Users/HP/storypoints-week1/venv/lib/python3.11/site-packages/airflow/example_dags/example_trigger_target_dag.py
[2026-03-04T20:15:20.131+0000] {processor.py:830} INFO - Processing file /Users/HP/storypoints-week1/venv/lib/python3.11/site-packages/airflow/example_dags/example_trigger_target_dag.py for tasks to queue
[2026-03-04T20:15:20.133+0000] {logging_mixin.py:188} INFO - [2026-03-04T20:15:20.133+0000] {dagbag.py:538} INFO - Filling up the DagBag from /Users/HP/storypoints-week1/venv/lib/python3.11/site-packages/airflow/example_dags/example_trigger_target_dag.py
[2026-03-04T20:15:20.157+0000] {processor.py:840} INFO - DAG(s) 'example_trigger_target_dag' retrieved from /Users/HP/storypoints-week1/venv/lib/python3.11/site-packages/airflow/example_dags/example_trigger_target_dag.py
[2026-03-04T20:15:20.216+0000] {logging_mixin.py:188} INFO - [2026-03-04T20:15:20.216+0000] {dag.py:3033} INFO - Sync 1 DAGs
[2026-03-04T20:15:20.222+0000] {logging_mixin.py:188} INFO - [2026-03-04T20:15:20.222+0000] {dag.py:3820} INFO - Setting next_dagrun for example_trigger_target_dag to None, run_after=None
[2026-03-04T20:15:20.234+0000] {processor.py:183} INFO - Processing /Users/HP/storypoints-week1/venv/lib/python3.11/site-packages/airflow/example_dags/example_trigger_target_dag.py took 0.107 seconds
[2026-03-04T20:23:26.991+0000] {processor.py:161} INFO - Started process (PID=85821) to work on /Users/HP/storypoints-week1/venv/lib/python3.11/site-packages/airflow/example_dags/example_trigger_target_dag.py
[2026-03-04T20:23:26.994+0000] {processor.py:830} INFO - Processing file /Users/HP/storypoints-week1/venv/lib/python3.11/site-packages/airflow/example_dags/example_trigger_target_dag.py for tasks to queue
[2026-03-04T20:23:26.995+0000] {logging_mixin.py:188} INFO - [2026-03-04T20:23:26.995+0000] {dagbag.py:538} INFO - Filling up the DagBag from /Users/HP/storypoints-week1/venv/lib/python3.11/site-packages/airflow/example_dags/example_trigger_target_dag.py
[2026-03-04T20:23:27.021+0000] {processor.py:840} INFO - DAG(s) 'example_trigger_target_dag' retrieved from /Users/HP/storypoints-week1/venv/lib/python3.11/site-packages/airflow/example_dags/example_trigger_target_dag.py
[2026-03-04T20:23:27.079+0000] {logging_mixin.py:188} INFO - [2026-03-04T20:23:27.079+0000] {dag.py:3033} INFO - Sync 1 DAGs
[2026-03-04T20:23:27.085+0000] {logging_mixin.py:188} INFO - [2026-03-04T20:23:27.085+0000] {dag.py:3820} INFO - Setting next_dagrun for example_trigger_target_dag to None, run_after=None
[2026-03-04T20:23:27.097+0000] {processor.py:183} INFO - Processing /Users/HP/storypoints-week1/venv/lib/python3.11/site-packages/airflow/example_dags/example_trigger_target_dag.py took 0.107 seconds
[2026-03-04T20:24:56.880+0000] {processor.py:161} INFO - Started process (PID=86663) to work on /Users/HP/storypoints-week1/venv/lib/python3.11/site-packages/airflow/example_dags/example_trigger_target_dag.py
[2026-03-04T20:24:56.882+0000] {processor.py:830} INFO - Processing file /Users/HP/storypoints-week1/venv/lib/python3.11/site-packages/airflow/example_dags/example_trigger_target_dag.py for tasks to queue
[2026-03-04T20:24:56.884+0000] {logging_mixin.py:188} INFO - [2026-03-04T20:24:56.883+0000] {dagbag.py:538} INFO - Filling up the DagBag from /Users/HP/storypoints-week1/venv/lib/python3.11/site-packages/airflow/example_dags/example_trigger_target_dag.py
[2026-03-04T20:24:56.908+0000] {processor.py:840} INFO - DAG(s) 'example_trigger_target_dag' retrieved from /Users/HP/storypoints-week1/venv/lib/python3.11/site-packages/airflow/example_dags/example_trigger_target_dag.py
[2026-03-04T20:24:56.967+0000] {logging_mixin.py:188} INFO - [2026-03-04T20:24:56.967+0000] {dag.py:3033} INFO - Sync 1 DAGs
[2026-03-04T20:24:56.973+0000] {logging_mixin.py:188} INFO - [2026-03-04T20:24:56.973+0000] {dag.py:3820} INFO - Setting next_dagrun for example_trigger_target_dag to None, run_after=None
[2026-03-04T20:24:56.986+0000] {processor.py:183} INFO - Processing /Users/HP/storypoints-week1/venv/lib/python3.11/site-packages/airflow/example_dags/example_trigger_target_dag.py took 0.107 seconds
[2026-03-04T20:29:35.856+0000] {processor.py:161} INFO - Started process (PID=87398) to work on /Users/HP/storypoints-week1/venv/lib/python3.11/site-packages/airflow/example_dags/example_trigger_target_dag.py
[2026-03-04T20:29:35.860+0000] {processor.py:830} INFO - Processing file /Users/HP/storypoints-week1/venv/lib/python3.11/site-packages/airflow/example_dags/example_trigger_target_dag.py for tasks to queue
[2026-03-04T20:29:35.862+0000] {logging_mixin.py:188} INFO - [2026-03-04T20:29:35.862+0000] {dagbag.py:538} INFO - Filling up the DagBag from /Users/HP/storypoints-week1/venv/lib/python3.11/site-packages/airflow/example_dags/example_trigger_target_dag.py
[2026-03-04T20:45:36.510+0000] {processor.py:840} INFO - DAG(s) 'example_trigger_target_dag' retrieved from /Users/HP/storypoints-week1/venv/lib/python3.11/site-packages/airflow/example_dags/example_trigger_target_dag.py
[2026-03-04T20:45:36.606+0000] {logging_mixin.py:188} INFO - [2026-03-04T20:45:36.605+0000] {dag.py:3033} INFO - Sync 1 DAGs
[2026-03-04T20:45:36.617+0000] {logging_mixin.py:188} INFO - [2026-03-04T20:45:36.617+0000] {dag.py:3820} INFO - Setting next_dagrun for example_trigger_target_dag to None, run_after=None
[2026-03-04T20:45:36.630+0000] {processor.py:183} INFO - Processing /Users/HP/storypoints-week1/venv/lib/python3.11/site-packages/airflow/example_dags/example_trigger_target_dag.py took 0.289 seconds
[2026-03-04T21:06:37.695+0000] {processor.py:161} INFO - Started process (PID=88214) to work on /Users/HP/storypoints-week1/venv/lib/python3.11/site-packages/airflow/example_dags/example_trigger_target_dag.py
[2026-03-04T21:06:37.697+0000] {processor.py:830} INFO - Processing file /Users/HP/storypoints-week1/venv/lib/python3.11/site-packages/airflow/example_dags/example_trigger_target_dag.py for tasks to queue
[2026-03-04T21:06:37.699+0000] {logging_mixin.py:188} INFO - [2026-03-04T21:06:37.698+0000] {dagbag.py:538} INFO - Filling up the DagBag from /Users/HP/storypoints-week1/venv/lib/python3.11/site-packages/airflow/example_dags/example_trigger_target_dag.py
[2026-03-04T21:06:37.724+0000] {processor.py:840} INFO - DAG(s) 'example_trigger_target_dag' retrieved from /Users/HP/storypoints-week1/venv/lib/python3.11/site-packages/airflow/example_dags/example_trigger_target_dag.py
[2026-03-04T21:06:37.782+0000] {logging_mixin.py:188} INFO - [2026-03-04T21:06:37.782+0000] {dag.py:3033} INFO - Sync 1 DAGs
[2026-03-04T21:06:37.788+0000] {logging_mixin.py:188} INFO - [2026-03-04T21:06:37.788+0000] {dag.py:3820} INFO - Setting next_dagrun for example_trigger_target_dag to None, run_after=None
[2026-03-04T21:06:37.801+0000] {processor.py:183} INFO - Processing /Users/HP/storypoints-week1/venv/lib/python3.11/site-packages/airflow/example_dags/example_trigger_target_dag.py took 0.107 seconds
[2026-03-04T22:17:31.437+0000] {processor.py:161} INFO - Started process (PID=88967) to work on /Users/HP/storypoints-week1/venv/lib/python3.11/site-packages/airflow/example_dags/example_trigger_target_dag.py
[2026-03-04T22:17:31.440+0000] {processor.py:830} INFO - Processing file /Users/HP/storypoints-week1/venv/lib/python3.11/site-packages/airflow/example_dags/example_trigger_target_dag.py for tasks to queue
[2026-03-04T22:17:31.441+0000] {logging_mixin.py:188} INFO - [2026-03-04T22:17:31.441+0000] {dagbag.py:538} INFO - Filling up the DagBag from /Users/HP/storypoints-week1/venv/lib/python3.11/site-packages/airflow/example_dags/example_trigger_target_dag.py
[2026-03-04T22:17:31.467+0000] {processor.py:840} INFO - DAG(s) 'example_trigger_target_dag' retrieved from /Users/HP/storypoints-week1/venv/lib/python3.11/site-packages/airflow/example_dags/example_trigger_target_dag.py
[2026-03-04T22:17:31.527+0000] {logging_mixin.py:188} INFO - [2026-03-04T22:17:31.527+0000] {dag.py:3033} INFO - Sync 1 DAGs
[2026-03-04T22:17:31.533+0000] {logging_mixin.py:188} INFO - [2026-03-04T22:17:31.533+0000] {dag.py:3820} INFO - Setting next_dagrun for example_trigger_target_dag to None, run_after=None
[2026-03-04T22:17:31.546+0000] {processor.py:183} INFO - Processing /Users/HP/storypoints-week1/venv/lib/python3.11/site-packages/airflow/example_dags/example_trigger_target_dag.py took 0.109 seconds
[2026-03-04T22:19:10.389+0000] {processor.py:161} INFO - Started process (PID=89902) to work on /Users/HP/storypoints-week1/venv/lib/python3.11/site-packages/airflow/example_dags/example_trigger_target_dag.py
[2026-03-04T22:19:10.391+0000] {processor.py:830} INFO - Processing file /Users/HP/storypoints-week1/venv/lib/python3.11/site-packages/airflow/example_dags/example_trigger_target_dag.py for tasks to queue
[2026-03-04T22:19:10.393+0000] {logging_mixin.py:188} INFO - [2026-03-04T22:19:10.393+0000] {dagbag.py:538} INFO - Filling up the DagBag from /Users/HP/storypoints-week1/venv/lib/python3.11/site-packages/airflow/example_dags/example_trigger_target_dag.py
[2026-03-04T22:19:10.418+0000] {processor.py:840} INFO - DAG(s) 'example_trigger_target_dag' retrieved from /Users/HP/storypoints-week1/venv/lib/python3.11/site-packages/airflow/example_dags/example_trigger_target_dag.py
[2026-03-04T22:19:10.477+0000] {logging_mixin.py:188} INFO - [2026-03-04T22:19:10.477+0000] {dag.py:3033} INFO - Sync 1 DAGs
[2026-03-04T22:19:10.483+0000] {logging_mixin.py:188} INFO - [2026-03-04T22:19:10.483+0000] {dag.py:3820} INFO - Setting next_dagrun for example_trigger_target_dag to None, run_after=None
[2026-03-04T22:19:10.495+0000] {processor.py:183} INFO - Processing /Users/HP/storypoints-week1/venv/lib/python3.11/site-packages/airflow/example_dags/example_trigger_target_dag.py took 0.107 seconds
[2026-03-04T23:05:57.791+0000] {processor.py:161} INFO - Started process (PID=90669) to work on /Users/HP/storypoints-week1/venv/lib/python3.11/site-packages/airflow/example_dags/example_trigger_target_dag.py
[2026-03-04T23:05:57.793+0000] {processor.py:830} INFO - Processing file /Users/HP/storypoints-week1/venv/lib/python3.11/site-packages/airflow/example_dags/example_trigger_target_dag.py for tasks to queue
[2026-03-04T23:05:57.795+0000] {logging_mixin.py:188} INFO - [2026-03-04T23:05:57.795+0000] {dagbag.py:538} INFO - Filling up the DagBag from /Users/HP/storypoints-week1/venv/lib/python3.11/site-packages/airflow/example_dags/example_trigger_target_dag.py
[2026-03-04T23:05:57.818+0000] {processor.py:840} INFO - DAG(s) 'example_trigger_target_dag' retrieved from /Users/HP/storypoints-week1/venv/lib/python3.11/site-packages/airflow/example_dags/example_trigger_target_dag.py
[2026-03-04T23:05:57.877+0000] {logging_mixin.py:188} INFO - [2026-03-04T23:05:57.877+0000] {dag.py:3033} INFO - Sync 1 DAGs
[2026-03-04T23:05:57.883+0000] {logging_mixin.py:188} INFO - [2026-03-04T23:05:57.883+0000] {dag.py:3820} INFO - Setting next_dagrun for example_trigger_target_dag to None, run_after=None
[2026-03-04T23:05:57.896+0000] {processor.py:183} INFO - Processing /Users/HP/storypoints-week1/venv/lib/python3.11/site-packages/airflow/example_dags/example_trigger_target_dag.py took 0.106 seconds
[2026-03-04T23:07:10.788+0000] {processor.py:161} INFO - Started process (PID=91373) to work on /Users/HP/storypoints-week1/venv/lib/python3.11/site-packages/airflow/example_dags/example_trigger_target_dag.py
[2026-03-04T23:07:10.791+0000] {processor.py:830} INFO - Processing file /Users/HP/storypoints-week1/venv/lib/python3.11/site-packages/airflow/example_dags/example_trigger_target_dag.py for tasks to queue
[2026-03-04T23:07:10.792+0000] {logging_mixin.py:188} INFO - [2026-03-04T23:07:10.792+0000] {dagbag.py:538} INFO - Filling up the DagBag from /Users/HP/storypoints-week1/venv/lib/python3.11/site-packages/airflow/example_dags/example_trigger_target_dag.py
[2026-03-04T23:07:10.815+0000] {processor.py:840} INFO - DAG(s) 'example_trigger_target_dag' retrieved from /Users/HP/storypoints-week1/venv/lib/python3.11/site-packages/airflow/example_dags/example_trigger_target_dag.py
[2026-03-04T23:07:10.874+0000] {logging_mixin.py:188} INFO - [2026-03-04T23:07:10.874+0000] {dag.py:3033} INFO - Sync 1 DAGs
[2026-03-04T23:07:10.880+0000] {logging_mixin.py:188} INFO - [2026-03-04T23:07:10.880+0000] {dag.py:3820} INFO - Setting next_dagrun for example_trigger_target_dag to None, run_after=None
[2026-03-04T23:07:10.892+0000] {processor.py:183} INFO - Processing /Users/HP/storypoints-week1/venv/lib/python3.11/site-packages/airflow/example_dags/example_trigger_target_dag.py took 0.104 seconds
[2026-03-04T23:19:20.565+0000] {processor.py:161} INFO - Started process (PID=92084) to work on /Users/HP/storypoints-week1/venv/lib/python3.11/site-packages/airflow/example_dags/example_trigger_target_dag.py
[2026-03-04T23:19:20.568+0000] {processor.py:830} INFO - Processing file /Users/HP/storypoints-week1/venv/lib/python3.11/site-packages/airflow/example_dags/example_trigger_target_dag.py for tasks to queue
[2026-03-04T23:19:20.569+0000] {logging_mixin.py:188} INFO - [2026-03-04T23:19:20.569+0000] {dagbag.py:538} INFO - Filling up the DagBag from /Users/HP/storypoints-week1/venv/lib/python3.11/site-packages/airflow/example_dags/example_trigger_target_dag.py
[2026-03-04T23:19:20.594+0000] {processor.py:840} INFO - DAG(s) 'example_trigger_target_dag' retrieved from /Users/HP/storypoints-week1/venv/lib/python3.11/site-packages/airflow/example_dags/example_trigger_target_dag.py
[2026-03-04T23:19:20.654+0000] {logging_mixin.py:188} INFO - [2026-03-04T23:19:20.654+0000] {dag.py:3033} INFO - Sync 1 DAGs
[2026-03-04T23:19:20.660+0000] {logging_mixin.py:188} INFO - [2026-03-04T23:19:20.660+0000] {dag.py:3820} INFO - Setting next_dagrun for example_trigger_target_dag to None, run_after=None
[2026-03-04T23:19:20.672+0000] {processor.py:183} INFO - Processing /Users/HP/storypoints-week1/venv/lib/python3.11/site-packages/airflow/example_dags/example_trigger_target_dag.py took 0.108 seconds
[2026-03-04T23:20:54.081+0000] {processor.py:161} INFO - Started process (PID=92784) to work on /Users/HP/storypoints-week1/venv/lib/python3.11/site-packages/airflow/example_dags/example_trigger_target_dag.py
[2026-03-04T23:20:54.083+0000] {processor.py:830} INFO - Processing file /Users/HP/storypoints-week1/venv/lib/python3.11/site-packages/airflow/example_dags/example_trigger_target_dag.py for tasks to queue
[2026-03-04T23:20:54.085+0000] {logging_mixin.py:188} INFO - [2026-03-04T23:20:54.084+0000] {dagbag.py:538} INFO - Filling up the DagBag from /Users/HP/storypoints-week1/venv/lib/python3.11/site-packages/airflow/example_dags/example_trigger_target_dag.py
[2026-03-04T23:20:54.109+0000] {processor.py:840} INFO - DAG(s) 'example_trigger_target_dag' retrieved from /Users/HP/storypoints-week1/venv/lib/python3.11/site-packages/airflow/example_dags/example_trigger_target_dag.py
[2026-03-04T23:20:54.167+0000] {logging_mixin.py:188} INFO - [2026-03-04T23:20:54.167+0000] {dag.py:3033} INFO - Sync 1 DAGs
[2026-03-04T23:20:54.173+0000] {logging_mixin.py:188} INFO - [2026-03-04T23:20:54.173+0000] {dag.py:3820} INFO - Setting next_dagrun for example_trigger_target_dag to None, run_after=None
[2026-03-04T23:20:54.185+0000] {processor.py:183} INFO - Processing /Users/HP/storypoints-week1/venv/lib/python3.11/site-packages/airflow/example_dags/example_trigger_target_dag.py took 0.106 seconds
