[2026-03-04T19:02:10.874+0000] {processor.py:161} INFO - Started process (PID=54755) to work on /Users/HP/storypoints-week1/venv/lib/python3.11/site-packages/airflow/example_dags/example_python_operator.py
[2026-03-04T19:02:10.876+0000] {processor.py:830} INFO - Processing file /Users/HP/storypoints-week1/venv/lib/python3.11/site-packages/airflow/example_dags/example_python_operator.py for tasks to queue
[2026-03-04T19:02:10.878+0000] {logging_mixin.py:188} INFO - [2026-03-04T19:02:10.878+0000] {dagbag.py:538} INFO - Filling up the DagBag from /Users/HP/storypoints-week1/venv/lib/python3.11/site-packages/airflow/example_dags/example_python_operator.py
[2026-03-04T19:02:10.895+0000] {logging_mixin.py:188} INFO - [2026-03-04T19:02:10.895+0000] {example_python_operator.py:88} WARNING - The virtalenv_python example task requires virtualenv, please install it.
[2026-03-04T19:02:10.897+0000] {processor.py:840} INFO - DAG(s) 'example_python_operator' retrieved from /Users/HP/storypoints-week1/venv/lib/python3.11/site-packages/airflow/example_dags/example_python_operator.py
[2026-03-04T19:02:11.012+0000] {logging_mixin.py:188} INFO - [2026-03-04T19:02:11.010+0000] {override.py:1769} INFO - Created Permission View: can edit on DAG:example_python_operator
[2026-03-04T19:02:11.017+0000] {logging_mixin.py:188} INFO - [2026-03-04T19:02:11.017+0000] {override.py:1769} INFO - Created Permission View: can delete on DAG:example_python_operator
[2026-03-04T19:02:11.020+0000] {logging_mixin.py:188} INFO - [2026-03-04T19:02:11.020+0000] {override.py:1769} INFO - Created Permission View: can read on DAG:example_python_operator
[2026-03-04T19:02:11.021+0000] {logging_mixin.py:188} INFO - [2026-03-04T19:02:11.021+0000] {dag.py:3033} INFO - Sync 1 DAGs
[2026-03-04T19:02:11.027+0000] {logging_mixin.py:188} INFO - [2026-03-04T19:02:11.026+0000] {dag.py:3055} INFO - Creating ORM DAG for example_python_operator
[2026-03-04T19:02:11.027+0000] {logging_mixin.py:188} INFO - [2026-03-04T19:02:11.027+0000] {dag.py:3820} INFO - Setting next_dagrun for example_python_operator to None, run_after=None
[2026-03-04T19:02:11.037+0000] {processor.py:183} INFO - Processing /Users/HP/storypoints-week1/venv/lib/python3.11/site-packages/airflow/example_dags/example_python_operator.py took 0.164 seconds
[2026-03-04T19:04:11.888+0000] {processor.py:161} INFO - Started process (PID=55903) to work on /Users/HP/storypoints-week1/venv/lib/python3.11/site-packages/airflow/example_dags/example_python_operator.py
[2026-03-04T19:04:11.892+0000] {processor.py:830} INFO - Processing file /Users/HP/storypoints-week1/venv/lib/python3.11/site-packages/airflow/example_dags/example_python_operator.py for tasks to queue
[2026-03-04T19:04:11.893+0000] {logging_mixin.py:188} INFO - [2026-03-04T19:04:11.893+0000] {dagbag.py:538} INFO - Filling up the DagBag from /Users/HP/storypoints-week1/venv/lib/python3.11/site-packages/airflow/example_dags/example_python_operator.py
[2026-03-04T19:04:11.913+0000] {logging_mixin.py:188} INFO - [2026-03-04T19:04:11.913+0000] {example_python_operator.py:88} WARNING - The virtalenv_python example task requires virtualenv, please install it.
[2026-03-04T19:04:11.917+0000] {processor.py:840} INFO - DAG(s) 'example_python_operator' retrieved from /Users/HP/storypoints-week1/venv/lib/python3.11/site-packages/airflow/example_dags/example_python_operator.py
[2026-03-04T19:04:11.989+0000] {logging_mixin.py:188} INFO - [2026-03-04T19:04:11.989+0000] {dag.py:3033} INFO - Sync 1 DAGs
[2026-03-04T19:04:11.997+0000] {logging_mixin.py:188} INFO - [2026-03-04T19:04:11.997+0000] {dag.py:3820} INFO - Setting next_dagrun for example_python_operator to None, run_after=None
[2026-03-04T19:04:12.010+0000] {processor.py:183} INFO - Processing /Users/HP/storypoints-week1/venv/lib/python3.11/site-packages/airflow/example_dags/example_python_operator.py took 0.123 seconds
[2026-03-04T19:07:07.205+0000] {processor.py:161} INFO - Started process (PID=57976) to work on /Users/HP/storypoints-week1/venv/lib/python3.11/site-packages/airflow/example_dags/example_python_operator.py
[2026-03-04T19:07:07.208+0000] {processor.py:830} INFO - Processing file /Users/HP/storypoints-week1/venv/lib/python3.11/site-packages/airflow/example_dags/example_python_operator.py for tasks to queue
[2026-03-04T19:07:07.210+0000] {logging_mixin.py:188} INFO - [2026-03-04T19:07:07.210+0000] {dagbag.py:538} INFO - Filling up the DagBag from /Users/HP/storypoints-week1/venv/lib/python3.11/site-packages/airflow/example_dags/example_python_operator.py
[2026-03-04T19:07:07.227+0000] {logging_mixin.py:188} INFO - [2026-03-04T19:07:07.227+0000] {example_python_operator.py:88} WARNING - The virtalenv_python example task requires virtualenv, please install it.
[2026-03-04T19:07:07.230+0000] {processor.py:840} INFO - DAG(s) 'example_python_operator' retrieved from /Users/HP/storypoints-week1/venv/lib/python3.11/site-packages/airflow/example_dags/example_python_operator.py
[2026-03-04T19:07:07.299+0000] {logging_mixin.py:188} INFO - [2026-03-04T19:07:07.299+0000] {dag.py:3033} INFO - Sync 1 DAGs
[2026-03-04T19:07:07.306+0000] {logging_mixin.py:188} INFO - [2026-03-04T19:07:07.306+0000] {dag.py:3820} INFO - Setting next_dagrun for example_python_operator to None, run_after=None
[2026-03-04T19:07:07.318+0000] {processor.py:183} INFO - Processing /Users/HP/storypoints-week1/venv/lib/python3.11/site-packages/airflow/example_dags/example_python_operator.py took 0.114 seconds
[2026-03-04T19:09:46.501+0000] {processor.py:161} INFO - Started process (PID=59500) to work on /Users/HP/storypoints-week1/venv/lib/python3.11/site-packages/airflow/example_dags/example_python_operator.py
[2026-03-04T19:09:46.504+0000] {processor.py:830} INFO - Processing file /Users/HP/storypoints-week1/venv/lib/python3.11/site-packages/airflow/example_dags/example_python_operator.py for tasks to queue
[2026-03-04T19:09:46.505+0000] {logging_mixin.py:188} INFO - [2026-03-04T19:09:46.505+0000] {dagbag.py:538} INFO - Filling up the DagBag from /Users/HP/storypoints-week1/venv/lib/python3.11/site-packages/airflow/example_dags/example_python_operator.py
[2026-03-04T19:09:46.522+0000] {logging_mixin.py:188} INFO - [2026-03-04T19:09:46.522+0000] {example_python_operator.py:88} WARNING - The virtalenv_python example task requires virtualenv, please install it.
[2026-03-04T19:09:46.524+0000] {processor.py:840} INFO - DAG(s) 'example_python_operator' retrieved from /Users/HP/storypoints-week1/venv/lib/python3.11/site-packages/airflow/example_dags/example_python_operator.py
[2026-03-04T19:09:46.584+0000] {logging_mixin.py:188} INFO - [2026-03-04T19:09:46.584+0000] {dag.py:3033} INFO - Sync 1 DAGs
[2026-03-04T19:09:46.590+0000] {logging_mixin.py:188} INFO - [2026-03-04T19:09:46.590+0000] {dag.py:3820} INFO - Setting next_dagrun for example_python_operator to None, run_after=None
[2026-03-04T19:09:46.601+0000] {processor.py:183} INFO - Processing /Users/HP/storypoints-week1/venv/lib/python3.11/site-packages/airflow/example_dags/example_python_operator.py took 0.101 seconds
[2026-03-04T19:12:29.377+0000] {processor.py:161} INFO - Started process (PID=61056) to work on /Users/HP/storypoints-week1/venv/lib/python3.11/site-packages/airflow/example_dags/example_python_operator.py
[2026-03-04T19:12:29.380+0000] {processor.py:830} INFO - Processing file /Users/HP/storypoints-week1/venv/lib/python3.11/site-packages/airflow/example_dags/example_python_operator.py for tasks to queue
[2026-03-04T19:12:29.382+0000] {logging_mixin.py:188} INFO - [2026-03-04T19:12:29.382+0000] {dagbag.py:538} INFO - Filling up the DagBag from /Users/HP/storypoints-week1/venv/lib/python3.11/site-packages/airflow/example_dags/example_python_operator.py
[2026-03-04T19:12:29.401+0000] {logging_mixin.py:188} INFO - [2026-03-04T19:12:29.400+0000] {example_python_operator.py:88} WARNING - The virtalenv_python example task requires virtualenv, please install it.
[2026-03-04T19:12:29.403+0000] {processor.py:840} INFO - DAG(s) 'example_python_operator' retrieved from /Users/HP/storypoints-week1/venv/lib/python3.11/site-packages/airflow/example_dags/example_python_operator.py
[2026-03-04T19:12:29.465+0000] {logging_mixin.py:188} INFO - [2026-03-04T19:12:29.465+0000] {dag.py:3033} INFO - Sync 1 DAGs
[2026-03-04T19:12:29.472+0000] {logging_mixin.py:188} INFO - [2026-03-04T19:12:29.472+0000] {dag.py:3820} INFO - Setting next_dagrun for example_python_operator to None, run_after=None
[2026-03-04T19:12:29.484+0000] {processor.py:183} INFO - Processing /Users/HP/storypoints-week1/venv/lib/python3.11/site-packages/airflow/example_dags/example_python_operator.py took 0.107 seconds
[2026-03-04T19:34:02.685+0000] {processor.py:161} INFO - Started process (PID=74687) to work on /Users/HP/storypoints-week1/venv/lib/python3.11/site-packages/airflow/example_dags/example_python_operator.py
[2026-03-04T19:34:02.689+0000] {processor.py:830} INFO - Processing file /Users/HP/storypoints-week1/venv/lib/python3.11/site-packages/airflow/example_dags/example_python_operator.py for tasks to queue
[2026-03-04T19:34:02.690+0000] {logging_mixin.py:188} INFO - [2026-03-04T19:34:02.690+0000] {dagbag.py:538} INFO - Filling up the DagBag from /Users/HP/storypoints-week1/venv/lib/python3.11/site-packages/airflow/example_dags/example_python_operator.py
[2026-03-04T19:34:02.709+0000] {logging_mixin.py:188} INFO - [2026-03-04T19:34:02.709+0000] {example_python_operator.py:88} WARNING - The virtalenv_python example task requires virtualenv, please install it.
[2026-03-04T19:34:02.711+0000] {processor.py:840} INFO - DAG(s) 'example_python_operator' retrieved from /Users/HP/storypoints-week1/venv/lib/python3.11/site-packages/airflow/example_dags/example_python_operator.py
[2026-03-04T19:34:02.777+0000] {logging_mixin.py:188} INFO - [2026-03-04T19:34:02.777+0000] {dag.py:3033} INFO - Sync 1 DAGs
[2026-03-04T19:34:02.784+0000] {logging_mixin.py:188} INFO - [2026-03-04T19:34:02.784+0000] {dag.py:3820} INFO - Setting next_dagrun for example_python_operator to None, run_after=None
[2026-03-04T19:34:02.796+0000] {processor.py:183} INFO - Processing /Users/HP/storypoints-week1/venv/lib/python3.11/site-packages/airflow/example_dags/example_python_operator.py took 0.111 seconds
[2026-03-04T19:36:36.881+0000] {processor.py:161} INFO - Started process (PID=76387) to work on /Users/HP/storypoints-week1/venv/lib/python3.11/site-packages/airflow/example_dags/example_python_operator.py
[2026-03-04T19:36:36.884+0000] {processor.py:830} INFO - Processing file /Users/HP/storypoints-week1/venv/lib/python3.11/site-packages/airflow/example_dags/example_python_operator.py for tasks to queue
[2026-03-04T19:36:36.886+0000] {logging_mixin.py:188} INFO - [2026-03-04T19:36:36.886+0000] {dagbag.py:538} INFO - Filling up the DagBag from /Users/HP/storypoints-week1/venv/lib/python3.11/site-packages/airflow/example_dags/example_python_operator.py
[2026-03-04T19:36:36.903+0000] {logging_mixin.py:188} INFO - [2026-03-04T19:36:36.903+0000] {example_python_operator.py:88} WARNING - The virtalenv_python example task requires virtualenv, please install it.
[2026-03-04T19:36:36.905+0000] {processor.py:840} INFO - DAG(s) 'example_python_operator' retrieved from /Users/HP/storypoints-week1/venv/lib/python3.11/site-packages/airflow/example_dags/example_python_operator.py
[2026-03-04T19:36:36.966+0000] {logging_mixin.py:188} INFO - [2026-03-04T19:36:36.965+0000] {dag.py:3033} INFO - Sync 1 DAGs
[2026-03-04T19:36:36.972+0000] {logging_mixin.py:188} INFO - [2026-03-04T19:36:36.972+0000] {dag.py:3820} INFO - Setting next_dagrun for example_python_operator to None, run_after=None
[2026-03-04T19:36:36.984+0000] {processor.py:183} INFO - Processing /Users/HP/storypoints-week1/venv/lib/python3.11/site-packages/airflow/example_dags/example_python_operator.py took 0.103 seconds
[2026-03-04T19:38:25.536+0000] {processor.py:161} INFO - Started process (PID=77412) to work on /Users/HP/storypoints-week1/venv/lib/python3.11/site-packages/airflow/example_dags/example_python_operator.py
[2026-03-04T19:38:25.538+0000] {processor.py:830} INFO - Processing file /Users/HP/storypoints-week1/venv/lib/python3.11/site-packages/airflow/example_dags/example_python_operator.py for tasks to queue
[2026-03-04T19:38:25.540+0000] {logging_mixin.py:188} INFO - [2026-03-04T19:38:25.540+0000] {dagbag.py:538} INFO - Filling up the DagBag from /Users/HP/storypoints-week1/venv/lib/python3.11/site-packages/airflow/example_dags/example_python_operator.py
[2026-03-04T19:38:25.560+0000] {logging_mixin.py:188} INFO - [2026-03-04T19:38:25.560+0000] {example_python_operator.py:88} WARNING - The virtalenv_python example task requires virtualenv, please install it.
[2026-03-04T19:38:25.563+0000] {processor.py:840} INFO - DAG(s) 'example_python_operator' retrieved from /Users/HP/storypoints-week1/venv/lib/python3.11/site-packages/airflow/example_dags/example_python_operator.py
[2026-03-04T19:38:25.628+0000] {logging_mixin.py:188} INFO - [2026-03-04T19:38:25.628+0000] {dag.py:3033} INFO - Sync 1 DAGs
[2026-03-04T19:38:25.634+0000] {logging_mixin.py:188} INFO - [2026-03-04T19:38:25.634+0000] {dag.py:3820} INFO - Setting next_dagrun for example_python_operator to None, run_after=None
[2026-03-04T19:38:25.646+0000] {processor.py:183} INFO - Processing /Users/HP/storypoints-week1/venv/lib/python3.11/site-packages/airflow/example_dags/example_python_operator.py took 0.112 seconds
[2026-03-04T19:40:53.148+0000] {processor.py:161} INFO - Started process (PID=78818) to work on /Users/HP/storypoints-week1/venv/lib/python3.11/site-packages/airflow/example_dags/example_python_operator.py
[2026-03-04T19:40:53.150+0000] {processor.py:830} INFO - Processing file /Users/HP/storypoints-week1/venv/lib/python3.11/site-packages/airflow/example_dags/example_python_operator.py for tasks to queue
[2026-03-04T19:40:53.152+0000] {logging_mixin.py:188} INFO - [2026-03-04T19:40:53.152+0000] {dagbag.py:538} INFO - Filling up the DagBag from /Users/HP/storypoints-week1/venv/lib/python3.11/site-packages/airflow/example_dags/example_python_operator.py
[2026-03-04T19:40:53.168+0000] {logging_mixin.py:188} INFO - [2026-03-04T19:40:53.168+0000] {example_python_operator.py:88} WARNING - The virtalenv_python example task requires virtualenv, please install it.
[2026-03-04T19:40:53.171+0000] {processor.py:840} INFO - DAG(s) 'example_python_operator' retrieved from /Users/HP/storypoints-week1/venv/lib/python3.11/site-packages/airflow/example_dags/example_python_operator.py
[2026-03-04T19:40:53.229+0000] {logging_mixin.py:188} INFO - [2026-03-04T19:40:53.229+0000] {dag.py:3033} INFO - Sync 1 DAGs
[2026-03-04T19:40:53.235+0000] {logging_mixin.py:188} INFO - [2026-03-04T19:40:53.235+0000] {dag.py:3820} INFO - Setting next_dagrun for example_python_operator to None, run_after=None
[2026-03-04T19:40:53.247+0000] {processor.py:183} INFO - Processing /Users/HP/storypoints-week1/venv/lib/python3.11/site-packages/airflow/example_dags/example_python_operator.py took 0.099 seconds
[2026-03-04T19:43:20.817+0000] {processor.py:161} INFO - Started process (PID=80201) to work on /Users/HP/storypoints-week1/venv/lib/python3.11/site-packages/airflow/example_dags/example_python_operator.py
[2026-03-04T19:43:20.819+0000] {processor.py:830} INFO - Processing file /Users/HP/storypoints-week1/venv/lib/python3.11/site-packages/airflow/example_dags/example_python_operator.py for tasks to queue
[2026-03-04T19:43:20.820+0000] {logging_mixin.py:188} INFO - [2026-03-04T19:43:20.820+0000] {dagbag.py:538} INFO - Filling up the DagBag from /Users/HP/storypoints-week1/venv/lib/python3.11/site-packages/airflow/example_dags/example_python_operator.py
[2026-03-04T19:43:20.837+0000] {logging_mixin.py:188} INFO - [2026-03-04T19:43:20.837+0000] {example_python_operator.py:88} WARNING - The virtalenv_python example task requires virtualenv, please install it.
[2026-03-04T19:43:20.839+0000] {processor.py:840} INFO - DAG(s) 'example_python_operator' retrieved from /Users/HP/storypoints-week1/venv/lib/python3.11/site-packages/airflow/example_dags/example_python_operator.py
[2026-03-04T19:43:20.898+0000] {logging_mixin.py:188} INFO - [2026-03-04T19:43:20.898+0000] {dag.py:3033} INFO - Sync 1 DAGs
[2026-03-04T19:43:20.904+0000] {logging_mixin.py:188} INFO - [2026-03-04T19:43:20.904+0000] {dag.py:3820} INFO - Setting next_dagrun for example_python_operator to None, run_after=None
[2026-03-04T19:43:20.916+0000] {processor.py:183} INFO - Processing /Users/HP/storypoints-week1/venv/lib/python3.11/site-packages/airflow/example_dags/example_python_operator.py took 0.100 seconds
[2026-03-04T19:45:48.147+0000] {processor.py:161} INFO - Started process (PID=81595) to work on /Users/HP/storypoints-week1/venv/lib/python3.11/site-packages/airflow/example_dags/example_python_operator.py
[2026-03-04T19:45:48.150+0000] {processor.py:830} INFO - Processing file /Users/HP/storypoints-week1/venv/lib/python3.11/site-packages/airflow/example_dags/example_python_operator.py for tasks to queue
[2026-03-04T19:45:48.151+0000] {logging_mixin.py:188} INFO - [2026-03-04T19:45:48.151+0000] {dagbag.py:538} INFO - Filling up the DagBag from /Users/HP/storypoints-week1/venv/lib/python3.11/site-packages/airflow/example_dags/example_python_operator.py
[2026-03-04T19:45:48.167+0000] {logging_mixin.py:188} INFO - [2026-03-04T19:45:48.167+0000] {example_python_operator.py:88} WARNING - The virtalenv_python example task requires virtualenv, please install it.
[2026-03-04T19:45:48.169+0000] {processor.py:840} INFO - DAG(s) 'example_python_operator' retrieved from /Users/HP/storypoints-week1/venv/lib/python3.11/site-packages/airflow/example_dags/example_python_operator.py
[2026-03-04T19:45:48.233+0000] {logging_mixin.py:188} INFO - [2026-03-04T19:45:48.233+0000] {dag.py:3033} INFO - Sync 1 DAGs
[2026-03-04T19:45:48.239+0000] {logging_mixin.py:188} INFO - [2026-03-04T19:45:48.239+0000] {dag.py:3820} INFO - Setting next_dagrun for example_python_operator to None, run_after=None
[2026-03-04T19:45:48.252+0000] {processor.py:183} INFO - Processing /Users/HP/storypoints-week1/venv/lib/python3.11/site-packages/airflow/example_dags/example_python_operator.py took 0.105 seconds
[2026-03-04T20:04:06.164+0000] {processor.py:161} INFO - Started process (PID=83036) to work on /Users/HP/storypoints-week1/venv/lib/python3.11/site-packages/airflow/example_dags/example_python_operator.py
[2026-03-04T20:04:06.167+0000] {processor.py:830} INFO - Processing file /Users/HP/storypoints-week1/venv/lib/python3.11/site-packages/airflow/example_dags/example_python_operator.py for tasks to queue
[2026-03-04T20:04:06.169+0000] {logging_mixin.py:188} INFO - [2026-03-04T20:04:06.169+0000] {dagbag.py:538} INFO - Filling up the DagBag from /Users/HP/storypoints-week1/venv/lib/python3.11/site-packages/airflow/example_dags/example_python_operator.py
[2026-03-04T20:04:06.186+0000] {logging_mixin.py:188} INFO - [2026-03-04T20:04:06.186+0000] {example_python_operator.py:88} WARNING - The virtalenv_python example task requires virtualenv, please install it.
[2026-03-04T20:04:06.188+0000] {processor.py:840} INFO - DAG(s) 'example_python_operator' retrieved from /Users/HP/storypoints-week1/venv/lib/python3.11/site-packages/airflow/example_dags/example_python_operator.py
[2026-03-04T20:04:06.244+0000] {logging_mixin.py:188} INFO - [2026-03-04T20:04:06.244+0000] {dag.py:3033} INFO - Sync 1 DAGs
[2026-03-04T20:04:06.250+0000] {logging_mixin.py:188} INFO - [2026-03-04T20:04:06.250+0000] {dag.py:3820} INFO - Setting next_dagrun for example_python_operator to None, run_after=None
[2026-03-04T20:04:06.262+0000] {processor.py:183} INFO - Processing /Users/HP/storypoints-week1/venv/lib/python3.11/site-packages/airflow/example_dags/example_python_operator.py took 0.098 seconds
[2026-03-04T20:14:32.115+0000] {processor.py:161} INFO - Started process (PID=84639) to work on /Users/HP/storypoints-week1/venv/lib/python3.11/site-packages/airflow/example_dags/example_python_operator.py
[2026-03-04T20:14:32.117+0000] {processor.py:830} INFO - Processing file /Users/HP/storypoints-week1/venv/lib/python3.11/site-packages/airflow/example_dags/example_python_operator.py for tasks to queue
[2026-03-04T20:14:32.118+0000] {logging_mixin.py:188} INFO - [2026-03-04T20:14:32.118+0000] {dagbag.py:538} INFO - Filling up the DagBag from /Users/HP/storypoints-week1/venv/lib/python3.11/site-packages/airflow/example_dags/example_python_operator.py
[2026-03-04T20:14:32.135+0000] {logging_mixin.py:188} INFO - [2026-03-04T20:14:32.135+0000] {example_python_operator.py:88} WARNING - The virtalenv_python example task requires virtualenv, please install it.
[2026-03-04T20:14:32.138+0000] {processor.py:840} INFO - DAG(s) 'example_python_operator' retrieved from /Users/HP/storypoints-week1/venv/lib/python3.11/site-packages/airflow/example_dags/example_python_operator.py
[2026-03-04T20:14:32.199+0000] {logging_mixin.py:188} INFO - [2026-03-04T20:14:32.199+0000] {dag.py:3033} INFO - Sync 1 DAGs
[2026-03-04T20:14:32.205+0000] {logging_mixin.py:188} INFO - [2026-03-04T20:14:32.205+0000] {dag.py:3820} INFO - Setting next_dagrun for example_python_operator to None, run_after=None
[2026-03-04T20:14:32.217+0000] {processor.py:183} INFO - Processing /Users/HP/storypoints-week1/venv/lib/python3.11/site-packages/airflow/example_dags/example_python_operator.py took 0.103 seconds
[2026-03-04T20:23:58.031+0000] {processor.py:161} INFO - Started process (PID=86113) to work on /Users/HP/storypoints-week1/venv/lib/python3.11/site-packages/airflow/example_dags/example_python_operator.py
[2026-03-04T20:23:58.033+0000] {processor.py:830} INFO - Processing file /Users/HP/storypoints-week1/venv/lib/python3.11/site-packages/airflow/example_dags/example_python_operator.py for tasks to queue
[2026-03-04T20:23:58.035+0000] {logging_mixin.py:188} INFO - [2026-03-04T20:23:58.035+0000] {dagbag.py:538} INFO - Filling up the DagBag from /Users/HP/storypoints-week1/venv/lib/python3.11/site-packages/airflow/example_dags/example_python_operator.py
[2026-03-04T20:23:58.052+0000] {logging_mixin.py:188} INFO - [2026-03-04T20:23:58.052+0000] {example_python_operator.py:88} WARNING - The virtalenv_python example task requires virtualenv, please install it.
[2026-03-04T20:23:58.054+0000] {processor.py:840} INFO - DAG(s) 'example_python_operator' retrieved from /Users/HP/storypoints-week1/venv/lib/python3.11/site-packages/airflow/example_dags/example_python_operator.py
[2026-03-04T20:23:58.115+0000] {logging_mixin.py:188} INFO - [2026-03-04T20:23:58.115+0000] {dag.py:3033} INFO - Sync 1 DAGs
[2026-03-04T20:23:58.121+0000] {logging_mixin.py:188} INFO - [2026-03-04T20:23:58.121+0000] {dag.py:3820} INFO - Setting next_dagrun for example_python_operator to None, run_after=None
[2026-03-04T20:23:58.133+0000] {processor.py:183} INFO - Processing /Users/HP/storypoints-week1/venv/lib/python3.11/site-packages/airflow/example_dags/example_python_operator.py took 0.103 seconds
[2026-03-04T20:28:50.523+0000] {processor.py:161} INFO - Started process (PID=86956) to work on /Users/HP/storypoints-week1/venv/lib/python3.11/site-packages/airflow/example_dags/example_python_operator.py
[2026-03-04T20:28:50.526+0000] {processor.py:830} INFO - Processing file /Users/HP/storypoints-week1/venv/lib/python3.11/site-packages/airflow/example_dags/example_python_operator.py for tasks to queue
[2026-03-04T20:28:50.527+0000] {logging_mixin.py:188} INFO - [2026-03-04T20:28:50.527+0000] {dagbag.py:538} INFO - Filling up the DagBag from /Users/HP/storypoints-week1/venv/lib/python3.11/site-packages/airflow/example_dags/example_python_operator.py
[2026-03-04T20:28:50.545+0000] {logging_mixin.py:188} INFO - [2026-03-04T20:28:50.544+0000] {example_python_operator.py:88} WARNING - The virtalenv_python example task requires virtualenv, please install it.
[2026-03-04T20:28:50.547+0000] {processor.py:840} INFO - DAG(s) 'example_python_operator' retrieved from /Users/HP/storypoints-week1/venv/lib/python3.11/site-packages/airflow/example_dags/example_python_operator.py
[2026-03-04T20:28:50.601+0000] {logging_mixin.py:188} INFO - [2026-03-04T20:28:50.601+0000] {dag.py:3033} INFO - Sync 1 DAGs
[2026-03-04T20:28:50.606+0000] {logging_mixin.py:188} INFO - [2026-03-04T20:28:50.606+0000] {dag.py:3820} INFO - Setting next_dagrun for example_python_operator to None, run_after=None
[2026-03-04T20:28:50.616+0000] {processor.py:183} INFO - Processing /Users/HP/storypoints-week1/venv/lib/python3.11/site-packages/airflow/example_dags/example_python_operator.py took 0.094 seconds
[2026-03-04T22:05:21.204+0000] {processor.py:161} INFO - Started process (PID=88498) to work on /Users/HP/storypoints-week1/venv/lib/python3.11/site-packages/airflow/example_dags/example_python_operator.py
[2026-03-04T22:05:21.207+0000] {processor.py:830} INFO - Processing file /Users/HP/storypoints-week1/venv/lib/python3.11/site-packages/airflow/example_dags/example_python_operator.py for tasks to queue
[2026-03-04T22:05:21.208+0000] {logging_mixin.py:188} INFO - [2026-03-04T22:05:21.208+0000] {dagbag.py:538} INFO - Filling up the DagBag from /Users/HP/storypoints-week1/venv/lib/python3.11/site-packages/airflow/example_dags/example_python_operator.py
[2026-03-04T22:05:21.225+0000] {logging_mixin.py:188} INFO - [2026-03-04T22:05:21.225+0000] {example_python_operator.py:88} WARNING - The virtalenv_python example task requires virtualenv, please install it.
[2026-03-04T22:05:21.226+0000] {processor.py:840} INFO - DAG(s) 'example_python_operator' retrieved from /Users/HP/storypoints-week1/venv/lib/python3.11/site-packages/airflow/example_dags/example_python_operator.py
[2026-03-04T22:05:21.282+0000] {logging_mixin.py:188} INFO - [2026-03-04T22:05:21.282+0000] {dag.py:3033} INFO - Sync 1 DAGs
[2026-03-04T22:05:21.288+0000] {logging_mixin.py:188} INFO - [2026-03-04T22:05:21.288+0000] {dag.py:3820} INFO - Setting next_dagrun for example_python_operator to None, run_after=None
[2026-03-04T22:05:21.299+0000] {processor.py:183} INFO - Processing /Users/HP/storypoints-week1/venv/lib/python3.11/site-packages/airflow/example_dags/example_python_operator.py took 0.096 seconds
[2026-03-04T22:18:01.442+0000] {processor.py:161} INFO - Started process (PID=89249) to work on /Users/HP/storypoints-week1/venv/lib/python3.11/site-packages/airflow/example_dags/example_python_operator.py
[2026-03-04T22:18:01.444+0000] {processor.py:830} INFO - Processing file /Users/HP/storypoints-week1/venv/lib/python3.11/site-packages/airflow/example_dags/example_python_operator.py for tasks to queue
[2026-03-04T22:18:01.446+0000] {logging_mixin.py:188} INFO - [2026-03-04T22:18:01.446+0000] {dagbag.py:538} INFO - Filling up the DagBag from /Users/HP/storypoints-week1/venv/lib/python3.11/site-packages/airflow/example_dags/example_python_operator.py
[2026-03-04T22:18:01.462+0000] {logging_mixin.py:188} INFO - [2026-03-04T22:18:01.462+0000] {example_python_operator.py:88} WARNING - The virtalenv_python example task requires virtualenv, please install it.
[2026-03-04T22:18:01.465+0000] {processor.py:840} INFO - DAG(s) 'example_python_operator' retrieved from /Users/HP/storypoints-week1/venv/lib/python3.11/site-packages/airflow/example_dags/example_python_operator.py
[2026-03-04T22:18:01.522+0000] {logging_mixin.py:188} INFO - [2026-03-04T22:18:01.522+0000] {dag.py:3033} INFO - Sync 1 DAGs
[2026-03-04T22:18:01.528+0000] {logging_mixin.py:188} INFO - [2026-03-04T22:18:01.528+0000] {dag.py:3820} INFO - Setting next_dagrun for example_python_operator to None, run_after=None
[2026-03-04T22:18:01.540+0000] {processor.py:183} INFO - Processing /Users/HP/storypoints-week1/venv/lib/python3.11/site-packages/airflow/example_dags/example_python_operator.py took 0.099 seconds
[2026-03-04T22:32:13.723+0000] {processor.py:161} INFO - Started process (PID=90215) to work on /Users/HP/storypoints-week1/venv/lib/python3.11/site-packages/airflow/example_dags/example_python_operator.py
[2026-03-04T22:32:13.725+0000] {processor.py:830} INFO - Processing file /Users/HP/storypoints-week1/venv/lib/python3.11/site-packages/airflow/example_dags/example_python_operator.py for tasks to queue
[2026-03-04T22:32:13.727+0000] {logging_mixin.py:188} INFO - [2026-03-04T22:32:13.727+0000] {dagbag.py:538} INFO - Filling up the DagBag from /Users/HP/storypoints-week1/venv/lib/python3.11/site-packages/airflow/example_dags/example_python_operator.py
[2026-03-04T22:32:13.742+0000] {logging_mixin.py:188} INFO - [2026-03-04T22:32:13.742+0000] {example_python_operator.py:88} WARNING - The virtalenv_python example task requires virtualenv, please install it.
[2026-03-04T22:32:13.744+0000] {processor.py:840} INFO - DAG(s) 'example_python_operator' retrieved from /Users/HP/storypoints-week1/venv/lib/python3.11/site-packages/airflow/example_dags/example_python_operator.py
[2026-03-04T22:32:13.803+0000] {logging_mixin.py:188} INFO - [2026-03-04T22:32:13.802+0000] {dag.py:3033} INFO - Sync 1 DAGs
[2026-03-04T22:32:13.808+0000] {logging_mixin.py:188} INFO - [2026-03-04T22:32:13.808+0000] {dag.py:3820} INFO - Setting next_dagrun for example_python_operator to None, run_after=None
[2026-03-04T22:32:13.819+0000] {processor.py:183} INFO - Processing /Users/HP/storypoints-week1/venv/lib/python3.11/site-packages/airflow/example_dags/example_python_operator.py took 0.097 seconds
[2026-03-04T23:07:41.527+0000] {processor.py:161} INFO - Started process (PID=91667) to work on /Users/HP/storypoints-week1/venv/lib/python3.11/site-packages/airflow/example_dags/example_python_operator.py
[2026-03-04T23:07:41.530+0000] {processor.py:830} INFO - Processing file /Users/HP/storypoints-week1/venv/lib/python3.11/site-packages/airflow/example_dags/example_python_operator.py for tasks to queue
[2026-03-04T23:07:41.531+0000] {logging_mixin.py:188} INFO - [2026-03-04T23:07:41.531+0000] {dagbag.py:538} INFO - Filling up the DagBag from /Users/HP/storypoints-week1/venv/lib/python3.11/site-packages/airflow/example_dags/example_python_operator.py
[2026-03-04T23:07:41.546+0000] {logging_mixin.py:188} INFO - [2026-03-04T23:07:41.546+0000] {example_python_operator.py:88} WARNING - The virtalenv_python example task requires virtualenv, please install it.
[2026-03-04T23:07:41.548+0000] {processor.py:840} INFO - DAG(s) 'example_python_operator' retrieved from /Users/HP/storypoints-week1/venv/lib/python3.11/site-packages/airflow/example_dags/example_python_operator.py
[2026-03-04T23:07:41.604+0000] {logging_mixin.py:188} INFO - [2026-03-04T23:07:41.604+0000] {dag.py:3033} INFO - Sync 1 DAGs
[2026-03-04T23:07:41.609+0000] {logging_mixin.py:188} INFO - [2026-03-04T23:07:41.609+0000] {dag.py:3820} INFO - Setting next_dagrun for example_python_operator to None, run_after=None
[2026-03-04T23:07:41.621+0000] {processor.py:183} INFO - Processing /Users/HP/storypoints-week1/venv/lib/python3.11/site-packages/airflow/example_dags/example_python_operator.py took 0.094 seconds
