[2026-03-04T19:02:23.417+0000] {processor.py:161} INFO - Started process (PID=54875) to work on /Users/HP/storypoints-week1/venv/lib/python3.11/site-packages/airflow/example_dags/example_nested_branch_dag.py
[2026-03-04T19:02:23.420+0000] {processor.py:830} INFO - Processing file /Users/HP/storypoints-week1/venv/lib/python3.11/site-packages/airflow/example_dags/example_nested_branch_dag.py for tasks to queue
[2026-03-04T19:02:23.421+0000] {logging_mixin.py:188} INFO - [2026-03-04T19:02:23.421+0000] {dagbag.py:538} INFO - Filling up the DagBag from /Users/HP/storypoints-week1/venv/lib/python3.11/site-packages/airflow/example_dags/example_nested_branch_dag.py
[2026-03-04T19:02:23.450+0000] {processor.py:840} INFO - DAG(s) 'example_nested_branch_dag' retrieved from /Users/HP/storypoints-week1/venv/lib/python3.11/site-packages/airflow/example_dags/example_nested_branch_dag.py
[2026-03-04T19:02:23.569+0000] {logging_mixin.py:188} INFO - [2026-03-04T19:02:23.569+0000] {override.py:1769} INFO - Created Permission View: can delete on DAG:example_nested_branch_dag
[2026-03-04T19:02:23.575+0000] {logging_mixin.py:188} INFO - [2026-03-04T19:02:23.575+0000] {override.py:1769} INFO - Created Permission View: can read on DAG:example_nested_branch_dag
[2026-03-04T19:02:23.579+0000] {logging_mixin.py:188} INFO - [2026-03-04T19:02:23.579+0000] {override.py:1769} INFO - Created Permission View: can edit on DAG:example_nested_branch_dag
[2026-03-04T19:02:23.579+0000] {logging_mixin.py:188} INFO - [2026-03-04T19:02:23.579+0000] {dag.py:3033} INFO - Sync 1 DAGs
[2026-03-04T19:02:23.587+0000] {logging_mixin.py:188} INFO - [2026-03-04T19:02:23.586+0000] {dag.py:3055} INFO - Creating ORM DAG for example_nested_branch_dag
[2026-03-04T19:02:23.593+0000] {logging_mixin.py:188} INFO - [2026-03-04T19:02:23.593+0000] {dag.py:3820} INFO - Setting next_dagrun for example_nested_branch_dag to 2026-03-03T00:00:00+00:00, run_after=2026-03-04T00:00:00+00:00
[2026-03-04T19:02:23.606+0000] {processor.py:183} INFO - Processing /Users/HP/storypoints-week1/venv/lib/python3.11/site-packages/airflow/example_dags/example_nested_branch_dag.py took 0.189 seconds
[2026-03-04T19:04:26.117+0000] {processor.py:161} INFO - Started process (PID=56431) to work on /Users/HP/storypoints-week1/venv/lib/python3.11/site-packages/airflow/example_dags/example_nested_branch_dag.py
[2026-03-04T19:04:26.119+0000] {processor.py:830} INFO - Processing file /Users/HP/storypoints-week1/venv/lib/python3.11/site-packages/airflow/example_dags/example_nested_branch_dag.py for tasks to queue
[2026-03-04T19:04:26.121+0000] {logging_mixin.py:188} INFO - [2026-03-04T19:04:26.121+0000] {dagbag.py:538} INFO - Filling up the DagBag from /Users/HP/storypoints-week1/venv/lib/python3.11/site-packages/airflow/example_dags/example_nested_branch_dag.py
[2026-03-04T19:04:26.147+0000] {processor.py:840} INFO - DAG(s) 'example_nested_branch_dag' retrieved from /Users/HP/storypoints-week1/venv/lib/python3.11/site-packages/airflow/example_dags/example_nested_branch_dag.py
[2026-03-04T19:04:26.215+0000] {logging_mixin.py:188} INFO - [2026-03-04T19:04:26.214+0000] {dag.py:3033} INFO - Sync 1 DAGs
[2026-03-04T19:04:26.229+0000] {logging_mixin.py:188} INFO - [2026-03-04T19:04:26.229+0000] {dag.py:3820} INFO - Setting next_dagrun for example_nested_branch_dag to 2026-03-03T00:00:00+00:00, run_after=2026-03-04T00:00:00+00:00
[2026-03-04T19:04:26.243+0000] {processor.py:183} INFO - Processing /Users/HP/storypoints-week1/venv/lib/python3.11/site-packages/airflow/example_dags/example_nested_branch_dag.py took 0.126 seconds
[2026-03-04T19:07:17.805+0000] {processor.py:161} INFO - Started process (PID=58077) to work on /Users/HP/storypoints-week1/venv/lib/python3.11/site-packages/airflow/example_dags/example_nested_branch_dag.py
[2026-03-04T19:07:17.808+0000] {processor.py:830} INFO - Processing file /Users/HP/storypoints-week1/venv/lib/python3.11/site-packages/airflow/example_dags/example_nested_branch_dag.py for tasks to queue
[2026-03-04T19:07:17.810+0000] {logging_mixin.py:188} INFO - [2026-03-04T19:07:17.809+0000] {dagbag.py:538} INFO - Filling up the DagBag from /Users/HP/storypoints-week1/venv/lib/python3.11/site-packages/airflow/example_dags/example_nested_branch_dag.py
[2026-03-04T19:07:17.837+0000] {processor.py:840} INFO - DAG(s) 'example_nested_branch_dag' retrieved from /Users/HP/storypoints-week1/venv/lib/python3.11/site-packages/airflow/example_dags/example_nested_branch_dag.py
[2026-03-04T19:07:17.898+0000] {logging_mixin.py:188} INFO - [2026-03-04T19:07:17.897+0000] {dag.py:3033} INFO - Sync 1 DAGs
[2026-03-04T19:07:17.910+0000] {logging_mixin.py:188} INFO - [2026-03-04T19:07:17.910+0000] {dag.py:3820} INFO - Setting next_dagrun for example_nested_branch_dag to 2026-03-03T00:00:00+00:00, run_after=2026-03-04T00:00:00+00:00
[2026-03-04T19:07:17.922+0000] {processor.py:183} INFO - Processing /Users/HP/storypoints-week1/venv/lib/python3.11/site-packages/airflow/example_dags/example_nested_branch_dag.py took 0.117 seconds
[2026-03-04T19:09:58.254+0000] {processor.py:161} INFO - Started process (PID=59617) to work on /Users/HP/storypoints-week1/venv/lib/python3.11/site-packages/airflow/example_dags/example_nested_branch_dag.py
[2026-03-04T19:09:58.256+0000] {processor.py:830} INFO - Processing file /Users/HP/storypoints-week1/venv/lib/python3.11/site-packages/airflow/example_dags/example_nested_branch_dag.py for tasks to queue
[2026-03-04T19:09:58.258+0000] {logging_mixin.py:188} INFO - [2026-03-04T19:09:58.258+0000] {dagbag.py:538} INFO - Filling up the DagBag from /Users/HP/storypoints-week1/venv/lib/python3.11/site-packages/airflow/example_dags/example_nested_branch_dag.py
[2026-03-04T19:09:58.285+0000] {processor.py:840} INFO - DAG(s) 'example_nested_branch_dag' retrieved from /Users/HP/storypoints-week1/venv/lib/python3.11/site-packages/airflow/example_dags/example_nested_branch_dag.py
[2026-03-04T19:09:58.346+0000] {logging_mixin.py:188} INFO - [2026-03-04T19:09:58.346+0000] {dag.py:3033} INFO - Sync 1 DAGs
[2026-03-04T19:09:58.359+0000] {logging_mixin.py:188} INFO - [2026-03-04T19:09:58.359+0000] {dag.py:3820} INFO - Setting next_dagrun for example_nested_branch_dag to 2026-03-03T00:00:00+00:00, run_after=2026-03-04T00:00:00+00:00
[2026-03-04T19:09:58.371+0000] {processor.py:183} INFO - Processing /Users/HP/storypoints-week1/venv/lib/python3.11/site-packages/airflow/example_dags/example_nested_branch_dag.py took 0.119 seconds
[2026-03-04T19:34:16.113+0000] {processor.py:161} INFO - Started process (PID=74800) to work on /Users/HP/storypoints-week1/venv/lib/python3.11/site-packages/airflow/example_dags/example_nested_branch_dag.py
[2026-03-04T19:34:16.116+0000] {processor.py:830} INFO - Processing file /Users/HP/storypoints-week1/venv/lib/python3.11/site-packages/airflow/example_dags/example_nested_branch_dag.py for tasks to queue
[2026-03-04T19:34:16.117+0000] {logging_mixin.py:188} INFO - [2026-03-04T19:34:16.117+0000] {dagbag.py:538} INFO - Filling up the DagBag from /Users/HP/storypoints-week1/venv/lib/python3.11/site-packages/airflow/example_dags/example_nested_branch_dag.py
[2026-03-04T19:34:16.145+0000] {processor.py:840} INFO - DAG(s) 'example_nested_branch_dag' retrieved from /Users/HP/storypoints-week1/venv/lib/python3.11/site-packages/airflow/example_dags/example_nested_branch_dag.py
[2026-03-04T19:34:16.205+0000] {logging_mixin.py:188} INFO - [2026-03-04T19:34:16.204+0000] {dag.py:3033} INFO - Sync 1 DAGs
[2026-03-04T19:34:16.217+0000] {logging_mixin.py:188} INFO - [2026-03-04T19:34:16.217+0000] {dag.py:3820} INFO - Setting next_dagrun for example_nested_branch_dag to 2026-03-03T00:00:00+00:00, run_after=2026-03-04T00:00:00+00:00
[2026-03-04T19:34:16.229+0000] {processor.py:183} INFO - Processing /Users/HP/storypoints-week1/venv/lib/python3.11/site-packages/airflow/example_dags/example_nested_branch_dag.py took 0.116 seconds
[2026-03-04T19:36:47.476+0000] {processor.py:161} INFO - Started process (PID=76485) to work on /Users/HP/storypoints-week1/venv/lib/python3.11/site-packages/airflow/example_dags/example_nested_branch_dag.py
[2026-03-04T19:36:47.479+0000] {processor.py:830} INFO - Processing file /Users/HP/storypoints-week1/venv/lib/python3.11/site-packages/airflow/example_dags/example_nested_branch_dag.py for tasks to queue
[2026-03-04T19:36:47.481+0000] {logging_mixin.py:188} INFO - [2026-03-04T19:36:47.481+0000] {dagbag.py:538} INFO - Filling up the DagBag from /Users/HP/storypoints-week1/venv/lib/python3.11/site-packages/airflow/example_dags/example_nested_branch_dag.py
[2026-03-04T19:36:47.508+0000] {processor.py:840} INFO - DAG(s) 'example_nested_branch_dag' retrieved from /Users/HP/storypoints-week1/venv/lib/python3.11/site-packages/airflow/example_dags/example_nested_branch_dag.py
[2026-03-04T19:36:47.571+0000] {logging_mixin.py:188} INFO - [2026-03-04T19:36:47.571+0000] {dag.py:3033} INFO - Sync 1 DAGs
[2026-03-04T19:36:47.583+0000] {logging_mixin.py:188} INFO - [2026-03-04T19:36:47.583+0000] {dag.py:3820} INFO - Setting next_dagrun for example_nested_branch_dag to 2026-03-03T00:00:00+00:00, run_after=2026-03-04T00:00:00+00:00
[2026-03-04T19:36:47.595+0000] {processor.py:183} INFO - Processing /Users/HP/storypoints-week1/venv/lib/python3.11/site-packages/airflow/example_dags/example_nested_branch_dag.py took 0.120 seconds
[2026-03-04T19:38:36.833+0000] {processor.py:161} INFO - Started process (PID=77522) to work on /Users/HP/storypoints-week1/venv/lib/python3.11/site-packages/airflow/example_dags/example_nested_branch_dag.py
[2026-03-04T19:38:36.836+0000] {processor.py:830} INFO - Processing file /Users/HP/storypoints-week1/venv/lib/python3.11/site-packages/airflow/example_dags/example_nested_branch_dag.py for tasks to queue
[2026-03-04T19:38:36.838+0000] {logging_mixin.py:188} INFO - [2026-03-04T19:38:36.838+0000] {dagbag.py:538} INFO - Filling up the DagBag from /Users/HP/storypoints-week1/venv/lib/python3.11/site-packages/airflow/example_dags/example_nested_branch_dag.py
[2026-03-04T19:38:36.864+0000] {processor.py:840} INFO - DAG(s) 'example_nested_branch_dag' retrieved from /Users/HP/storypoints-week1/venv/lib/python3.11/site-packages/airflow/example_dags/example_nested_branch_dag.py
[2026-03-04T19:38:36.923+0000] {logging_mixin.py:188} INFO - [2026-03-04T19:38:36.923+0000] {dag.py:3033} INFO - Sync 1 DAGs
[2026-03-04T19:38:36.933+0000] {logging_mixin.py:188} INFO - [2026-03-04T19:38:36.933+0000] {dag.py:3820} INFO - Setting next_dagrun for example_nested_branch_dag to 2026-03-03T00:00:00+00:00, run_after=2026-03-04T00:00:00+00:00
[2026-03-04T19:38:36.942+0000] {processor.py:183} INFO - Processing /Users/HP/storypoints-week1/venv/lib/python3.11/site-packages/airflow/example_dags/example_nested_branch_dag.py took 0.110 seconds
[2026-03-04T19:41:04.585+0000] {processor.py:161} INFO - Started process (PID=78925) to work on /Users/HP/storypoints-week1/venv/lib/python3.11/site-packages/airflow/example_dags/example_nested_branch_dag.py
[2026-03-04T19:41:04.587+0000] {processor.py:830} INFO - Processing file /Users/HP/storypoints-week1/venv/lib/python3.11/site-packages/airflow/example_dags/example_nested_branch_dag.py for tasks to queue
[2026-03-04T19:41:04.588+0000] {logging_mixin.py:188} INFO - [2026-03-04T19:41:04.588+0000] {dagbag.py:538} INFO - Filling up the DagBag from /Users/HP/storypoints-week1/venv/lib/python3.11/site-packages/airflow/example_dags/example_nested_branch_dag.py
[2026-03-04T19:41:04.616+0000] {processor.py:840} INFO - DAG(s) 'example_nested_branch_dag' retrieved from /Users/HP/storypoints-week1/venv/lib/python3.11/site-packages/airflow/example_dags/example_nested_branch_dag.py
[2026-03-04T19:41:04.676+0000] {logging_mixin.py:188} INFO - [2026-03-04T19:41:04.676+0000] {dag.py:3033} INFO - Sync 1 DAGs
[2026-03-04T19:41:04.688+0000] {logging_mixin.py:188} INFO - [2026-03-04T19:41:04.688+0000] {dag.py:3820} INFO - Setting next_dagrun for example_nested_branch_dag to 2026-03-03T00:00:00+00:00, run_after=2026-03-04T00:00:00+00:00
[2026-03-04T19:41:04.698+0000] {processor.py:183} INFO - Processing /Users/HP/storypoints-week1/venv/lib/python3.11/site-packages/airflow/example_dags/example_nested_branch_dag.py took 0.114 seconds
[2026-03-04T19:43:32.215+0000] {processor.py:161} INFO - Started process (PID=80311) to work on /Users/HP/storypoints-week1/venv/lib/python3.11/site-packages/airflow/example_dags/example_nested_branch_dag.py
[2026-03-04T19:43:32.218+0000] {processor.py:830} INFO - Processing file /Users/HP/storypoints-week1/venv/lib/python3.11/site-packages/airflow/example_dags/example_nested_branch_dag.py for tasks to queue
[2026-03-04T19:43:32.219+0000] {logging_mixin.py:188} INFO - [2026-03-04T19:43:32.219+0000] {dagbag.py:538} INFO - Filling up the DagBag from /Users/HP/storypoints-week1/venv/lib/python3.11/site-packages/airflow/example_dags/example_nested_branch_dag.py
[2026-03-04T19:43:32.245+0000] {processor.py:840} INFO - DAG(s) 'example_nested_branch_dag' retrieved from /Users/HP/storypoints-week1/venv/lib/python3.11/site-packages/airflow/example_dags/example_nested_branch_dag.py
[2026-03-04T19:43:32.304+0000] {logging_mixin.py:188} INFO - [2026-03-04T19:43:32.304+0000] {dag.py:3033} INFO - Sync 1 DAGs
[2026-03-04T19:43:32.316+0000] {logging_mixin.py:188} INFO - [2026-03-04T19:43:32.316+0000] {dag.py:3820} INFO - Setting next_dagrun for example_nested_branch_dag to 2026-03-03T00:00:00+00:00, run_after=2026-03-04T00:00:00+00:00
[2026-03-04T19:43:32.327+0000] {processor.py:183} INFO - Processing /Users/HP/storypoints-week1/venv/lib/python3.11/site-packages/airflow/example_dags/example_nested_branch_dag.py took 0.113 seconds
[2026-03-04T19:45:59.597+0000] {processor.py:161} INFO - Started process (PID=81702) to work on /Users/HP/storypoints-week1/venv/lib/python3.11/site-packages/airflow/example_dags/example_nested_branch_dag.py
[2026-03-04T19:45:59.600+0000] {processor.py:830} INFO - Processing file /Users/HP/storypoints-week1/venv/lib/python3.11/site-packages/airflow/example_dags/example_nested_branch_dag.py for tasks to queue
[2026-03-04T19:45:59.601+0000] {logging_mixin.py:188} INFO - [2026-03-04T19:45:59.601+0000] {dagbag.py:538} INFO - Filling up the DagBag from /Users/HP/storypoints-week1/venv/lib/python3.11/site-packages/airflow/example_dags/example_nested_branch_dag.py
[2026-03-04T19:45:59.629+0000] {processor.py:840} INFO - DAG(s) 'example_nested_branch_dag' retrieved from /Users/HP/storypoints-week1/venv/lib/python3.11/site-packages/airflow/example_dags/example_nested_branch_dag.py
[2026-03-04T19:45:59.690+0000] {logging_mixin.py:188} INFO - [2026-03-04T19:45:59.690+0000] {dag.py:3033} INFO - Sync 1 DAGs
[2026-03-04T19:45:59.703+0000] {logging_mixin.py:188} INFO - [2026-03-04T19:45:59.703+0000] {dag.py:3820} INFO - Setting next_dagrun for example_nested_branch_dag to 2026-03-03T00:00:00+00:00, run_after=2026-03-04T00:00:00+00:00
[2026-03-04T19:45:59.714+0000] {processor.py:183} INFO - Processing /Users/HP/storypoints-week1/venv/lib/python3.11/site-packages/airflow/example_dags/example_nested_branch_dag.py took 0.118 seconds
[2026-03-04T20:04:17.131+0000] {processor.py:161} INFO - Started process (PID=83146) to work on /Users/HP/storypoints-week1/venv/lib/python3.11/site-packages/airflow/example_dags/example_nested_branch_dag.py
[2026-03-04T20:04:17.133+0000] {processor.py:830} INFO - Processing file /Users/HP/storypoints-week1/venv/lib/python3.11/site-packages/airflow/example_dags/example_nested_branch_dag.py for tasks to queue
[2026-03-04T20:04:17.135+0000] {logging_mixin.py:188} INFO - [2026-03-04T20:04:17.135+0000] {dagbag.py:538} INFO - Filling up the DagBag from /Users/HP/storypoints-week1/venv/lib/python3.11/site-packages/airflow/example_dags/example_nested_branch_dag.py
[2026-03-04T20:04:17.159+0000] {processor.py:840} INFO - DAG(s) 'example_nested_branch_dag' retrieved from /Users/HP/storypoints-week1/venv/lib/python3.11/site-packages/airflow/example_dags/example_nested_branch_dag.py
[2026-03-04T20:04:17.216+0000] {logging_mixin.py:188} INFO - [2026-03-04T20:04:17.215+0000] {dag.py:3033} INFO - Sync 1 DAGs
[2026-03-04T20:04:17.228+0000] {logging_mixin.py:188} INFO - [2026-03-04T20:04:17.228+0000] {dag.py:3820} INFO - Setting next_dagrun for example_nested_branch_dag to 2026-03-03T00:00:00+00:00, run_after=2026-03-04T00:00:00+00:00
[2026-03-04T20:04:17.239+0000] {processor.py:183} INFO - Processing /Users/HP/storypoints-week1/venv/lib/python3.11/site-packages/airflow/example_dags/example_nested_branch_dag.py took 0.109 seconds
[2026-03-04T20:14:42.666+0000] {processor.py:161} INFO - Started process (PID=84736) to work on /Users/HP/storypoints-week1/venv/lib/python3.11/site-packages/airflow/example_dags/example_nested_branch_dag.py
[2026-03-04T20:14:42.669+0000] {processor.py:830} INFO - Processing file /Users/HP/storypoints-week1/venv/lib/python3.11/site-packages/airflow/example_dags/example_nested_branch_dag.py for tasks to queue
[2026-03-04T20:14:42.670+0000] {logging_mixin.py:188} INFO - [2026-03-04T20:14:42.670+0000] {dagbag.py:538} INFO - Filling up the DagBag from /Users/HP/storypoints-week1/venv/lib/python3.11/site-packages/airflow/example_dags/example_nested_branch_dag.py
[2026-03-04T20:14:42.698+0000] {processor.py:840} INFO - DAG(s) 'example_nested_branch_dag' retrieved from /Users/HP/storypoints-week1/venv/lib/python3.11/site-packages/airflow/example_dags/example_nested_branch_dag.py
[2026-03-04T20:14:42.758+0000] {logging_mixin.py:188} INFO - [2026-03-04T20:14:42.758+0000] {dag.py:3033} INFO - Sync 1 DAGs
[2026-03-04T20:14:42.771+0000] {logging_mixin.py:188} INFO - [2026-03-04T20:14:42.771+0000] {dag.py:3820} INFO - Setting next_dagrun for example_nested_branch_dag to 2026-03-03T00:00:00+00:00, run_after=2026-03-04T00:00:00+00:00
[2026-03-04T20:14:42.782+0000] {processor.py:183} INFO - Processing /Users/HP/storypoints-week1/venv/lib/python3.11/site-packages/airflow/example_dags/example_nested_branch_dag.py took 0.116 seconds
[2026-03-04T20:24:08.606+0000] {processor.py:161} INFO - Started process (PID=86212) to work on /Users/HP/storypoints-week1/venv/lib/python3.11/site-packages/airflow/example_dags/example_nested_branch_dag.py
[2026-03-04T20:24:08.609+0000] {processor.py:830} INFO - Processing file /Users/HP/storypoints-week1/venv/lib/python3.11/site-packages/airflow/example_dags/example_nested_branch_dag.py for tasks to queue
[2026-03-04T20:24:08.611+0000] {logging_mixin.py:188} INFO - [2026-03-04T20:24:08.610+0000] {dagbag.py:538} INFO - Filling up the DagBag from /Users/HP/storypoints-week1/venv/lib/python3.11/site-packages/airflow/example_dags/example_nested_branch_dag.py
[2026-03-04T20:24:08.637+0000] {processor.py:840} INFO - DAG(s) 'example_nested_branch_dag' retrieved from /Users/HP/storypoints-week1/venv/lib/python3.11/site-packages/airflow/example_dags/example_nested_branch_dag.py
[2026-03-04T20:24:08.697+0000] {logging_mixin.py:188} INFO - [2026-03-04T20:24:08.697+0000] {dag.py:3033} INFO - Sync 1 DAGs
[2026-03-04T20:24:08.709+0000] {logging_mixin.py:188} INFO - [2026-03-04T20:24:08.709+0000] {dag.py:3820} INFO - Setting next_dagrun for example_nested_branch_dag to 2026-03-03T00:00:00+00:00, run_after=2026-03-04T00:00:00+00:00
[2026-03-04T20:24:08.720+0000] {processor.py:183} INFO - Processing /Users/HP/storypoints-week1/venv/lib/python3.11/site-packages/airflow/example_dags/example_nested_branch_dag.py took 0.115 seconds
[2026-03-04T20:47:59.872+0000] {processor.py:161} INFO - Started process (PID=87737) to work on /Users/HP/storypoints-week1/venv/lib/python3.11/site-packages/airflow/example_dags/example_nested_branch_dag.py
[2026-03-04T20:47:59.874+0000] {processor.py:830} INFO - Processing file /Users/HP/storypoints-week1/venv/lib/python3.11/site-packages/airflow/example_dags/example_nested_branch_dag.py for tasks to queue
[2026-03-04T20:47:59.876+0000] {logging_mixin.py:188} INFO - [2026-03-04T20:47:59.876+0000] {dagbag.py:538} INFO - Filling up the DagBag from /Users/HP/storypoints-week1/venv/lib/python3.11/site-packages/airflow/example_dags/example_nested_branch_dag.py
[2026-03-04T20:47:59.902+0000] {processor.py:840} INFO - DAG(s) 'example_nested_branch_dag' retrieved from /Users/HP/storypoints-week1/venv/lib/python3.11/site-packages/airflow/example_dags/example_nested_branch_dag.py
[2026-03-04T20:47:59.963+0000] {logging_mixin.py:188} INFO - [2026-03-04T20:47:59.963+0000] {dag.py:3033} INFO - Sync 1 DAGs
[2026-03-04T20:47:59.975+0000] {logging_mixin.py:188} INFO - [2026-03-04T20:47:59.975+0000] {dag.py:3820} INFO - Setting next_dagrun for example_nested_branch_dag to 2026-03-03T00:00:00+00:00, run_after=2026-03-04T00:00:00+00:00
[2026-03-04T20:47:59.986+0000] {processor.py:183} INFO - Processing /Users/HP/storypoints-week1/venv/lib/python3.11/site-packages/airflow/example_dags/example_nested_branch_dag.py took 0.114 seconds
[2026-03-04T22:18:12.009+0000] {processor.py:161} INFO - Started process (PID=89349) to work on /Users/HP/storypoints-week1/venv/lib/python3.11/site-packages/airflow/example_dags/example_nested_branch_dag.py
[2026-03-04T22:18:12.012+0000] {processor.py:830} INFO - Processing file /Users/HP/storypoints-week1/venv/lib/python3.11/site-packages/airflow/example_dags/example_nested_branch_dag.py for tasks to queue
[2026-03-04T22:18:12.013+0000] {logging_mixin.py:188} INFO - [2026-03-04T22:18:12.013+0000] {dagbag.py:538} INFO - Filling up the DagBag from /Users/HP/storypoints-week1/venv/lib/python3.11/site-packages/airflow/example_dags/example_nested_branch_dag.py
[2026-03-04T22:18:12.041+0000] {processor.py:840} INFO - DAG(s) 'example_nested_branch_dag' retrieved from /Users/HP/storypoints-week1/venv/lib/python3.11/site-packages/airflow/example_dags/example_nested_branch_dag.py
[2026-03-04T22:18:12.102+0000] {logging_mixin.py:188} INFO - [2026-03-04T22:18:12.102+0000] {dag.py:3033} INFO - Sync 1 DAGs
[2026-03-04T22:18:12.114+0000] {logging_mixin.py:188} INFO - [2026-03-04T22:18:12.114+0000] {dag.py:3820} INFO - Setting next_dagrun for example_nested_branch_dag to 2026-03-03T00:00:00+00:00, run_after=2026-03-04T00:00:00+00:00
[2026-03-04T22:18:12.125+0000] {processor.py:183} INFO - Processing /Users/HP/storypoints-week1/venv/lib/python3.11/site-packages/airflow/example_dags/example_nested_branch_dag.py took 0.116 seconds
[2026-03-04T22:32:24.896+0000] {processor.py:161} INFO - Started process (PID=90325) to work on /Users/HP/storypoints-week1/venv/lib/python3.11/site-packages/airflow/example_dags/example_nested_branch_dag.py
[2026-03-04T22:32:24.898+0000] {processor.py:830} INFO - Processing file /Users/HP/storypoints-week1/venv/lib/python3.11/site-packages/airflow/example_dags/example_nested_branch_dag.py for tasks to queue
[2026-03-04T22:32:24.899+0000] {logging_mixin.py:188} INFO - [2026-03-04T22:32:24.899+0000] {dagbag.py:538} INFO - Filling up the DagBag from /Users/HP/storypoints-week1/venv/lib/python3.11/site-packages/airflow/example_dags/example_nested_branch_dag.py
[2026-03-04T22:32:24.925+0000] {processor.py:840} INFO - DAG(s) 'example_nested_branch_dag' retrieved from /Users/HP/storypoints-week1/venv/lib/python3.11/site-packages/airflow/example_dags/example_nested_branch_dag.py
[2026-03-04T22:32:24.980+0000] {logging_mixin.py:188} INFO - [2026-03-04T22:32:24.980+0000] {dag.py:3033} INFO - Sync 1 DAGs
[2026-03-04T22:32:24.990+0000] {logging_mixin.py:188} INFO - [2026-03-04T22:32:24.990+0000] {dag.py:3820} INFO - Setting next_dagrun for example_nested_branch_dag to 2026-03-03T00:00:00+00:00, run_after=2026-03-04T00:00:00+00:00
[2026-03-04T22:32:25.001+0000] {processor.py:183} INFO - Processing /Users/HP/storypoints-week1/venv/lib/python3.11/site-packages/airflow/example_dags/example_nested_branch_dag.py took 0.106 seconds
[2026-03-04T23:07:52.069+0000] {processor.py:161} INFO - Started process (PID=91765) to work on /Users/HP/storypoints-week1/venv/lib/python3.11/site-packages/airflow/example_dags/example_nested_branch_dag.py
[2026-03-04T23:07:52.072+0000] {processor.py:830} INFO - Processing file /Users/HP/storypoints-week1/venv/lib/python3.11/site-packages/airflow/example_dags/example_nested_branch_dag.py for tasks to queue
[2026-03-04T23:07:52.074+0000] {logging_mixin.py:188} INFO - [2026-03-04T23:07:52.073+0000] {dagbag.py:538} INFO - Filling up the DagBag from /Users/HP/storypoints-week1/venv/lib/python3.11/site-packages/airflow/example_dags/example_nested_branch_dag.py
[2026-03-04T23:07:52.101+0000] {processor.py:840} INFO - DAG(s) 'example_nested_branch_dag' retrieved from /Users/HP/storypoints-week1/venv/lib/python3.11/site-packages/airflow/example_dags/example_nested_branch_dag.py
[2026-03-04T23:07:52.162+0000] {logging_mixin.py:188} INFO - [2026-03-04T23:07:52.161+0000] {dag.py:3033} INFO - Sync 1 DAGs
[2026-03-04T23:07:52.174+0000] {logging_mixin.py:188} INFO - [2026-03-04T23:07:52.174+0000] {dag.py:3820} INFO - Setting next_dagrun for example_nested_branch_dag to 2026-03-03T00:00:00+00:00, run_after=2026-03-04T00:00:00+00:00
[2026-03-04T23:07:52.185+0000] {processor.py:183} INFO - Processing /Users/HP/storypoints-week1/venv/lib/python3.11/site-packages/airflow/example_dags/example_nested_branch_dag.py took 0.116 seconds
