[2026-03-04T19:01:17.919+0000] {processor.py:161} INFO - Started process (PID=54238) to work on /Users/HP/storypoints-week1/venv/lib/python3.11/site-packages/airflow/example_dags/tutorial_taskflow_api.py
[2026-03-04T19:01:17.922+0000] {processor.py:830} INFO - Processing file /Users/HP/storypoints-week1/venv/lib/python3.11/site-packages/airflow/example_dags/tutorial_taskflow_api.py for tasks to queue
[2026-03-04T19:01:17.924+0000] {logging_mixin.py:188} INFO - [2026-03-04T19:01:17.923+0000] {dagbag.py:538} INFO - Filling up the DagBag from /Users/HP/storypoints-week1/venv/lib/python3.11/site-packages/airflow/example_dags/tutorial_taskflow_api.py
[2026-03-04T19:01:17.952+0000] {processor.py:840} INFO - DAG(s) 'tutorial_taskflow_api' retrieved from /Users/HP/storypoints-week1/venv/lib/python3.11/site-packages/airflow/example_dags/tutorial_taskflow_api.py
[2026-03-04T19:01:18.093+0000] {logging_mixin.py:188} INFO - [2026-03-04T19:01:18.092+0000] {override.py:1769} INFO - Created Permission View: can edit on DAG:tutorial_taskflow_api
[2026-03-04T19:01:18.097+0000] {logging_mixin.py:188} INFO - [2026-03-04T19:01:18.097+0000] {override.py:1769} INFO - Created Permission View: can read on DAG:tutorial_taskflow_api
[2026-03-04T19:01:18.102+0000] {logging_mixin.py:188} INFO - [2026-03-04T19:01:18.101+0000] {override.py:1769} INFO - Created Permission View: can delete on DAG:tutorial_taskflow_api
[2026-03-04T19:01:18.102+0000] {logging_mixin.py:188} INFO - [2026-03-04T19:01:18.102+0000] {dag.py:3033} INFO - Sync 1 DAGs
[2026-03-04T19:01:18.108+0000] {logging_mixin.py:188} INFO - [2026-03-04T19:01:18.108+0000] {dag.py:3055} INFO - Creating ORM DAG for tutorial_taskflow_api
[2026-03-04T19:01:18.109+0000] {logging_mixin.py:188} INFO - [2026-03-04T19:01:18.109+0000] {dag.py:3820} INFO - Setting next_dagrun for tutorial_taskflow_api to None, run_after=None
[2026-03-04T19:01:18.120+0000] {processor.py:183} INFO - Processing /Users/HP/storypoints-week1/venv/lib/python3.11/site-packages/airflow/example_dags/tutorial_taskflow_api.py took 0.201 seconds
[2026-03-04T19:03:19.374+0000] {processor.py:161} INFO - Started process (PID=55407) to work on /Users/HP/storypoints-week1/venv/lib/python3.11/site-packages/airflow/example_dags/tutorial_taskflow_api.py
[2026-03-04T19:03:19.377+0000] {processor.py:830} INFO - Processing file /Users/HP/storypoints-week1/venv/lib/python3.11/site-packages/airflow/example_dags/tutorial_taskflow_api.py for tasks to queue
[2026-03-04T19:03:19.379+0000] {logging_mixin.py:188} INFO - [2026-03-04T19:03:19.379+0000] {dagbag.py:538} INFO - Filling up the DagBag from /Users/HP/storypoints-week1/venv/lib/python3.11/site-packages/airflow/example_dags/tutorial_taskflow_api.py
[2026-03-04T19:03:19.410+0000] {processor.py:840} INFO - DAG(s) 'tutorial_taskflow_api' retrieved from /Users/HP/storypoints-week1/venv/lib/python3.11/site-packages/airflow/example_dags/tutorial_taskflow_api.py
[2026-03-04T19:03:19.485+0000] {logging_mixin.py:188} INFO - [2026-03-04T19:03:19.484+0000] {dag.py:3033} INFO - Sync 1 DAGs
[2026-03-04T19:03:19.491+0000] {logging_mixin.py:188} INFO - [2026-03-04T19:03:19.491+0000] {dag.py:3820} INFO - Setting next_dagrun for tutorial_taskflow_api to None, run_after=None
[2026-03-04T19:03:19.504+0000] {processor.py:183} INFO - Processing /Users/HP/storypoints-week1/venv/lib/python3.11/site-packages/airflow/example_dags/tutorial_taskflow_api.py took 0.131 seconds
[2026-03-04T19:04:55.242+0000] {processor.py:161} INFO - Started process (PID=56729) to work on /Users/HP/storypoints-week1/venv/lib/python3.11/site-packages/airflow/example_dags/tutorial_taskflow_api.py
[2026-03-04T19:04:55.246+0000] {processor.py:830} INFO - Processing file /Users/HP/storypoints-week1/venv/lib/python3.11/site-packages/airflow/example_dags/tutorial_taskflow_api.py for tasks to queue
[2026-03-04T19:04:55.247+0000] {logging_mixin.py:188} INFO - [2026-03-04T19:04:55.247+0000] {dagbag.py:538} INFO - Filling up the DagBag from /Users/HP/storypoints-week1/venv/lib/python3.11/site-packages/airflow/example_dags/tutorial_taskflow_api.py
[2026-03-04T19:04:55.273+0000] {processor.py:840} INFO - DAG(s) 'tutorial_taskflow_api' retrieved from /Users/HP/storypoints-week1/venv/lib/python3.11/site-packages/airflow/example_dags/tutorial_taskflow_api.py
[2026-03-04T19:04:55.331+0000] {logging_mixin.py:188} INFO - [2026-03-04T19:04:55.331+0000] {dag.py:3033} INFO - Sync 1 DAGs
[2026-03-04T19:04:55.336+0000] {logging_mixin.py:188} INFO - [2026-03-04T19:04:55.336+0000] {dag.py:3820} INFO - Setting next_dagrun for tutorial_taskflow_api to None, run_after=None
[2026-03-04T19:04:55.347+0000] {processor.py:183} INFO - Processing /Users/HP/storypoints-week1/venv/lib/python3.11/site-packages/airflow/example_dags/tutorial_taskflow_api.py took 0.106 seconds
[2026-03-04T19:06:25.974+0000] {processor.py:161} INFO - Started process (PID=57582) to work on /Users/HP/storypoints-week1/venv/lib/python3.11/site-packages/airflow/example_dags/tutorial_taskflow_api.py
[2026-03-04T19:06:25.976+0000] {processor.py:830} INFO - Processing file /Users/HP/storypoints-week1/venv/lib/python3.11/site-packages/airflow/example_dags/tutorial_taskflow_api.py for tasks to queue
[2026-03-04T19:06:25.978+0000] {logging_mixin.py:188} INFO - [2026-03-04T19:06:25.978+0000] {dagbag.py:538} INFO - Filling up the DagBag from /Users/HP/storypoints-week1/venv/lib/python3.11/site-packages/airflow/example_dags/tutorial_taskflow_api.py
[2026-03-04T19:06:26.003+0000] {processor.py:840} INFO - DAG(s) 'tutorial_taskflow_api' retrieved from /Users/HP/storypoints-week1/venv/lib/python3.11/site-packages/airflow/example_dags/tutorial_taskflow_api.py
[2026-03-04T19:06:26.064+0000] {logging_mixin.py:188} INFO - [2026-03-04T19:06:26.064+0000] {dag.py:3033} INFO - Sync 1 DAGs
[2026-03-04T19:06:26.070+0000] {logging_mixin.py:188} INFO - [2026-03-04T19:06:26.070+0000] {dag.py:3820} INFO - Setting next_dagrun for tutorial_taskflow_api to None, run_after=None
[2026-03-04T19:06:26.082+0000] {processor.py:183} INFO - Processing /Users/HP/storypoints-week1/venv/lib/python3.11/site-packages/airflow/example_dags/tutorial_taskflow_api.py took 0.109 seconds
[2026-03-04T19:07:41.507+0000] {processor.py:161} INFO - Started process (PID=58306) to work on /Users/HP/storypoints-week1/venv/lib/python3.11/site-packages/airflow/example_dags/tutorial_taskflow_api.py
[2026-03-04T19:07:41.509+0000] {processor.py:830} INFO - Processing file /Users/HP/storypoints-week1/venv/lib/python3.11/site-packages/airflow/example_dags/tutorial_taskflow_api.py for tasks to queue
[2026-03-04T19:07:41.511+0000] {logging_mixin.py:188} INFO - [2026-03-04T19:07:41.511+0000] {dagbag.py:538} INFO - Filling up the DagBag from /Users/HP/storypoints-week1/venv/lib/python3.11/site-packages/airflow/example_dags/tutorial_taskflow_api.py
[2026-03-04T19:07:41.536+0000] {processor.py:840} INFO - DAG(s) 'tutorial_taskflow_api' retrieved from /Users/HP/storypoints-week1/venv/lib/python3.11/site-packages/airflow/example_dags/tutorial_taskflow_api.py
[2026-03-04T19:07:41.595+0000] {logging_mixin.py:188} INFO - [2026-03-04T19:07:41.595+0000] {dag.py:3033} INFO - Sync 1 DAGs
[2026-03-04T19:07:41.601+0000] {logging_mixin.py:188} INFO - [2026-03-04T19:07:41.601+0000] {dag.py:3820} INFO - Setting next_dagrun for tutorial_taskflow_api to None, run_after=None
[2026-03-04T19:07:41.614+0000] {processor.py:183} INFO - Processing /Users/HP/storypoints-week1/venv/lib/python3.11/site-packages/airflow/example_dags/tutorial_taskflow_api.py took 0.108 seconds
[2026-03-04T19:08:58.879+0000] {processor.py:161} INFO - Started process (PID=59051) to work on /Users/HP/storypoints-week1/venv/lib/python3.11/site-packages/airflow/example_dags/tutorial_taskflow_api.py
[2026-03-04T19:08:58.882+0000] {processor.py:830} INFO - Processing file /Users/HP/storypoints-week1/venv/lib/python3.11/site-packages/airflow/example_dags/tutorial_taskflow_api.py for tasks to queue
[2026-03-04T19:08:58.883+0000] {logging_mixin.py:188} INFO - [2026-03-04T19:08:58.883+0000] {dagbag.py:538} INFO - Filling up the DagBag from /Users/HP/storypoints-week1/venv/lib/python3.11/site-packages/airflow/example_dags/tutorial_taskflow_api.py
[2026-03-04T19:08:58.908+0000] {processor.py:840} INFO - DAG(s) 'tutorial_taskflow_api' retrieved from /Users/HP/storypoints-week1/venv/lib/python3.11/site-packages/airflow/example_dags/tutorial_taskflow_api.py
[2026-03-04T19:08:58.969+0000] {logging_mixin.py:188} INFO - [2026-03-04T19:08:58.969+0000] {dag.py:3033} INFO - Sync 1 DAGs
[2026-03-04T19:08:58.975+0000] {logging_mixin.py:188} INFO - [2026-03-04T19:08:58.975+0000] {dag.py:3820} INFO - Setting next_dagrun for tutorial_taskflow_api to None, run_after=None
[2026-03-04T19:08:58.988+0000] {processor.py:183} INFO - Processing /Users/HP/storypoints-week1/venv/lib/python3.11/site-packages/airflow/example_dags/tutorial_taskflow_api.py took 0.109 seconds
[2026-03-04T19:10:23.078+0000] {processor.py:161} INFO - Started process (PID=59855) to work on /Users/HP/storypoints-week1/venv/lib/python3.11/site-packages/airflow/example_dags/tutorial_taskflow_api.py
[2026-03-04T19:10:23.081+0000] {processor.py:830} INFO - Processing file /Users/HP/storypoints-week1/venv/lib/python3.11/site-packages/airflow/example_dags/tutorial_taskflow_api.py for tasks to queue
[2026-03-04T19:10:23.082+0000] {logging_mixin.py:188} INFO - [2026-03-04T19:10:23.082+0000] {dagbag.py:538} INFO - Filling up the DagBag from /Users/HP/storypoints-week1/venv/lib/python3.11/site-packages/airflow/example_dags/tutorial_taskflow_api.py
[2026-03-04T19:10:23.107+0000] {processor.py:840} INFO - DAG(s) 'tutorial_taskflow_api' retrieved from /Users/HP/storypoints-week1/venv/lib/python3.11/site-packages/airflow/example_dags/tutorial_taskflow_api.py
[2026-03-04T19:10:23.168+0000] {logging_mixin.py:188} INFO - [2026-03-04T19:10:23.168+0000] {dag.py:3033} INFO - Sync 1 DAGs
[2026-03-04T19:10:23.174+0000] {logging_mixin.py:188} INFO - [2026-03-04T19:10:23.174+0000] {dag.py:3820} INFO - Setting next_dagrun for tutorial_taskflow_api to None, run_after=None
[2026-03-04T19:10:23.187+0000] {processor.py:183} INFO - Processing /Users/HP/storypoints-week1/venv/lib/python3.11/site-packages/airflow/example_dags/tutorial_taskflow_api.py took 0.110 seconds
[2026-03-04T19:11:43.673+0000] {processor.py:161} INFO - Started process (PID=60624) to work on /Users/HP/storypoints-week1/venv/lib/python3.11/site-packages/airflow/example_dags/tutorial_taskflow_api.py
[2026-03-04T19:11:43.676+0000] {processor.py:830} INFO - Processing file /Users/HP/storypoints-week1/venv/lib/python3.11/site-packages/airflow/example_dags/tutorial_taskflow_api.py for tasks to queue
[2026-03-04T19:11:43.677+0000] {logging_mixin.py:188} INFO - [2026-03-04T19:11:43.677+0000] {dagbag.py:538} INFO - Filling up the DagBag from /Users/HP/storypoints-week1/venv/lib/python3.11/site-packages/airflow/example_dags/tutorial_taskflow_api.py
[2026-03-04T19:11:43.703+0000] {processor.py:840} INFO - DAG(s) 'tutorial_taskflow_api' retrieved from /Users/HP/storypoints-week1/venv/lib/python3.11/site-packages/airflow/example_dags/tutorial_taskflow_api.py
[2026-03-04T19:11:43.763+0000] {logging_mixin.py:188} INFO - [2026-03-04T19:11:43.763+0000] {dag.py:3033} INFO - Sync 1 DAGs
[2026-03-04T19:11:43.769+0000] {logging_mixin.py:188} INFO - [2026-03-04T19:11:43.769+0000] {dag.py:3820} INFO - Setting next_dagrun for tutorial_taskflow_api to None, run_after=None
[2026-03-04T19:11:43.784+0000] {processor.py:183} INFO - Processing /Users/HP/storypoints-week1/venv/lib/python3.11/site-packages/airflow/example_dags/tutorial_taskflow_api.py took 0.112 seconds
[2026-03-04T19:33:10.206+0000] {processor.py:161} INFO - Started process (PID=74228) to work on /Users/HP/storypoints-week1/venv/lib/python3.11/site-packages/airflow/example_dags/tutorial_taskflow_api.py
[2026-03-04T19:33:10.208+0000] {processor.py:830} INFO - Processing file /Users/HP/storypoints-week1/venv/lib/python3.11/site-packages/airflow/example_dags/tutorial_taskflow_api.py for tasks to queue
[2026-03-04T19:33:10.210+0000] {logging_mixin.py:188} INFO - [2026-03-04T19:33:10.210+0000] {dagbag.py:538} INFO - Filling up the DagBag from /Users/HP/storypoints-week1/venv/lib/python3.11/site-packages/airflow/example_dags/tutorial_taskflow_api.py
[2026-03-04T19:33:10.236+0000] {processor.py:840} INFO - DAG(s) 'tutorial_taskflow_api' retrieved from /Users/HP/storypoints-week1/venv/lib/python3.11/site-packages/airflow/example_dags/tutorial_taskflow_api.py
[2026-03-04T19:33:10.301+0000] {logging_mixin.py:188} INFO - [2026-03-04T19:33:10.301+0000] {dag.py:3033} INFO - Sync 1 DAGs
[2026-03-04T19:33:10.308+0000] {logging_mixin.py:188} INFO - [2026-03-04T19:33:10.308+0000] {dag.py:3820} INFO - Setting next_dagrun for tutorial_taskflow_api to None, run_after=None
[2026-03-04T19:33:10.322+0000] {processor.py:183} INFO - Processing /Users/HP/storypoints-week1/venv/lib/python3.11/site-packages/airflow/example_dags/tutorial_taskflow_api.py took 0.117 seconds
[2026-03-04T19:35:48.538+0000] {processor.py:161} INFO - Started process (PID=75916) to work on /Users/HP/storypoints-week1/venv/lib/python3.11/site-packages/airflow/example_dags/tutorial_taskflow_api.py
[2026-03-04T19:35:48.542+0000] {processor.py:830} INFO - Processing file /Users/HP/storypoints-week1/venv/lib/python3.11/site-packages/airflow/example_dags/tutorial_taskflow_api.py for tasks to queue
[2026-03-04T19:35:48.543+0000] {logging_mixin.py:188} INFO - [2026-03-04T19:35:48.543+0000] {dagbag.py:538} INFO - Filling up the DagBag from /Users/HP/storypoints-week1/venv/lib/python3.11/site-packages/airflow/example_dags/tutorial_taskflow_api.py
[2026-03-04T19:35:48.575+0000] {processor.py:840} INFO - DAG(s) 'tutorial_taskflow_api' retrieved from /Users/HP/storypoints-week1/venv/lib/python3.11/site-packages/airflow/example_dags/tutorial_taskflow_api.py
[2026-03-04T19:35:48.647+0000] {logging_mixin.py:188} INFO - [2026-03-04T19:35:48.646+0000] {dag.py:3033} INFO - Sync 1 DAGs
[2026-03-04T19:35:48.654+0000] {logging_mixin.py:188} INFO - [2026-03-04T19:35:48.654+0000] {dag.py:3820} INFO - Setting next_dagrun for tutorial_taskflow_api to None, run_after=None
[2026-03-04T19:35:48.670+0000] {processor.py:183} INFO - Processing /Users/HP/storypoints-week1/venv/lib/python3.11/site-packages/airflow/example_dags/tutorial_taskflow_api.py took 0.133 seconds
[2026-03-04T19:37:38.046+0000] {processor.py:161} INFO - Started process (PID=76957) to work on /Users/HP/storypoints-week1/venv/lib/python3.11/site-packages/airflow/example_dags/tutorial_taskflow_api.py
[2026-03-04T19:37:38.049+0000] {processor.py:830} INFO - Processing file /Users/HP/storypoints-week1/venv/lib/python3.11/site-packages/airflow/example_dags/tutorial_taskflow_api.py for tasks to queue
[2026-03-04T19:37:38.050+0000] {logging_mixin.py:188} INFO - [2026-03-04T19:37:38.050+0000] {dagbag.py:538} INFO - Filling up the DagBag from /Users/HP/storypoints-week1/venv/lib/python3.11/site-packages/airflow/example_dags/tutorial_taskflow_api.py
[2026-03-04T19:37:38.075+0000] {processor.py:840} INFO - DAG(s) 'tutorial_taskflow_api' retrieved from /Users/HP/storypoints-week1/venv/lib/python3.11/site-packages/airflow/example_dags/tutorial_taskflow_api.py
[2026-03-04T19:37:38.136+0000] {logging_mixin.py:188} INFO - [2026-03-04T19:37:38.136+0000] {dag.py:3033} INFO - Sync 1 DAGs
[2026-03-04T19:37:38.143+0000] {logging_mixin.py:188} INFO - [2026-03-04T19:37:38.142+0000] {dag.py:3820} INFO - Setting next_dagrun for tutorial_taskflow_api to None, run_after=None
[2026-03-04T19:37:38.155+0000] {processor.py:183} INFO - Processing /Users/HP/storypoints-week1/venv/lib/python3.11/site-packages/airflow/example_dags/tutorial_taskflow_api.py took 0.110 seconds
[2026-03-04T19:38:57.595+0000] {processor.py:161} INFO - Started process (PID=77724) to work on /Users/HP/storypoints-week1/venv/lib/python3.11/site-packages/airflow/example_dags/tutorial_taskflow_api.py
[2026-03-04T19:38:57.598+0000] {processor.py:830} INFO - Processing file /Users/HP/storypoints-week1/venv/lib/python3.11/site-packages/airflow/example_dags/tutorial_taskflow_api.py for tasks to queue
[2026-03-04T19:38:57.599+0000] {logging_mixin.py:188} INFO - [2026-03-04T19:38:57.599+0000] {dagbag.py:538} INFO - Filling up the DagBag from /Users/HP/storypoints-week1/venv/lib/python3.11/site-packages/airflow/example_dags/tutorial_taskflow_api.py
[2026-03-04T19:38:57.624+0000] {processor.py:840} INFO - DAG(s) 'tutorial_taskflow_api' retrieved from /Users/HP/storypoints-week1/venv/lib/python3.11/site-packages/airflow/example_dags/tutorial_taskflow_api.py
[2026-03-04T19:38:57.685+0000] {logging_mixin.py:188} INFO - [2026-03-04T19:38:57.684+0000] {dag.py:3033} INFO - Sync 1 DAGs
[2026-03-04T19:38:57.690+0000] {logging_mixin.py:188} INFO - [2026-03-04T19:38:57.690+0000] {dag.py:3820} INFO - Setting next_dagrun for tutorial_taskflow_api to None, run_after=None
[2026-03-04T19:38:57.703+0000] {processor.py:183} INFO - Processing /Users/HP/storypoints-week1/venv/lib/python3.11/site-packages/airflow/example_dags/tutorial_taskflow_api.py took 0.108 seconds
[2026-03-04T19:40:12.593+0000] {processor.py:161} INFO - Started process (PID=78435) to work on /Users/HP/storypoints-week1/venv/lib/python3.11/site-packages/airflow/example_dags/tutorial_taskflow_api.py
[2026-03-04T19:40:12.596+0000] {processor.py:830} INFO - Processing file /Users/HP/storypoints-week1/venv/lib/python3.11/site-packages/airflow/example_dags/tutorial_taskflow_api.py for tasks to queue
[2026-03-04T19:40:12.598+0000] {logging_mixin.py:188} INFO - [2026-03-04T19:40:12.597+0000] {dagbag.py:538} INFO - Filling up the DagBag from /Users/HP/storypoints-week1/venv/lib/python3.11/site-packages/airflow/example_dags/tutorial_taskflow_api.py
[2026-03-04T19:40:12.623+0000] {processor.py:840} INFO - DAG(s) 'tutorial_taskflow_api' retrieved from /Users/HP/storypoints-week1/venv/lib/python3.11/site-packages/airflow/example_dags/tutorial_taskflow_api.py
[2026-03-04T19:40:12.682+0000] {logging_mixin.py:188} INFO - [2026-03-04T19:40:12.682+0000] {dag.py:3033} INFO - Sync 1 DAGs
[2026-03-04T19:40:12.688+0000] {logging_mixin.py:188} INFO - [2026-03-04T19:40:12.688+0000] {dag.py:3820} INFO - Setting next_dagrun for tutorial_taskflow_api to None, run_after=None
[2026-03-04T19:40:12.700+0000] {processor.py:183} INFO - Processing /Users/HP/storypoints-week1/venv/lib/python3.11/site-packages/airflow/example_dags/tutorial_taskflow_api.py took 0.108 seconds
[2026-03-04T19:41:25.526+0000] {processor.py:161} INFO - Started process (PID=79121) to work on /Users/HP/storypoints-week1/venv/lib/python3.11/site-packages/airflow/example_dags/tutorial_taskflow_api.py
[2026-03-04T19:41:25.528+0000] {processor.py:830} INFO - Processing file /Users/HP/storypoints-week1/venv/lib/python3.11/site-packages/airflow/example_dags/tutorial_taskflow_api.py for tasks to queue
[2026-03-04T19:41:25.530+0000] {logging_mixin.py:188} INFO - [2026-03-04T19:41:25.530+0000] {dagbag.py:538} INFO - Filling up the DagBag from /Users/HP/storypoints-week1/venv/lib/python3.11/site-packages/airflow/example_dags/tutorial_taskflow_api.py
[2026-03-04T19:41:25.555+0000] {processor.py:840} INFO - DAG(s) 'tutorial_taskflow_api' retrieved from /Users/HP/storypoints-week1/venv/lib/python3.11/site-packages/airflow/example_dags/tutorial_taskflow_api.py
[2026-03-04T19:41:25.615+0000] {logging_mixin.py:188} INFO - [2026-03-04T19:41:25.615+0000] {dag.py:3033} INFO - Sync 1 DAGs
[2026-03-04T19:41:25.621+0000] {logging_mixin.py:188} INFO - [2026-03-04T19:41:25.621+0000] {dag.py:3820} INFO - Setting next_dagrun for tutorial_taskflow_api to None, run_after=None
[2026-03-04T19:41:25.634+0000] {processor.py:183} INFO - Processing /Users/HP/storypoints-week1/venv/lib/python3.11/site-packages/airflow/example_dags/tutorial_taskflow_api.py took 0.109 seconds
[2026-03-04T19:42:40.234+0000] {processor.py:161} INFO - Started process (PID=79822) to work on /Users/HP/storypoints-week1/venv/lib/python3.11/site-packages/airflow/example_dags/tutorial_taskflow_api.py
[2026-03-04T19:42:40.236+0000] {processor.py:830} INFO - Processing file /Users/HP/storypoints-week1/venv/lib/python3.11/site-packages/airflow/example_dags/tutorial_taskflow_api.py for tasks to queue
[2026-03-04T19:42:40.238+0000] {logging_mixin.py:188} INFO - [2026-03-04T19:42:40.238+0000] {dagbag.py:538} INFO - Filling up the DagBag from /Users/HP/storypoints-week1/venv/lib/python3.11/site-packages/airflow/example_dags/tutorial_taskflow_api.py
[2026-03-04T19:42:40.264+0000] {processor.py:840} INFO - DAG(s) 'tutorial_taskflow_api' retrieved from /Users/HP/storypoints-week1/venv/lib/python3.11/site-packages/airflow/example_dags/tutorial_taskflow_api.py
[2026-03-04T19:42:40.324+0000] {logging_mixin.py:188} INFO - [2026-03-04T19:42:40.323+0000] {dag.py:3033} INFO - Sync 1 DAGs
[2026-03-04T19:42:40.330+0000] {logging_mixin.py:188} INFO - [2026-03-04T19:42:40.329+0000] {dag.py:3820} INFO - Setting next_dagrun for tutorial_taskflow_api to None, run_after=None
[2026-03-04T19:42:40.342+0000] {processor.py:183} INFO - Processing /Users/HP/storypoints-week1/venv/lib/python3.11/site-packages/airflow/example_dags/tutorial_taskflow_api.py took 0.108 seconds
[2026-03-04T19:43:53.059+0000] {processor.py:161} INFO - Started process (PID=80507) to work on /Users/HP/storypoints-week1/venv/lib/python3.11/site-packages/airflow/example_dags/tutorial_taskflow_api.py
[2026-03-04T19:43:53.061+0000] {processor.py:830} INFO - Processing file /Users/HP/storypoints-week1/venv/lib/python3.11/site-packages/airflow/example_dags/tutorial_taskflow_api.py for tasks to queue
[2026-03-04T19:43:53.063+0000] {logging_mixin.py:188} INFO - [2026-03-04T19:43:53.063+0000] {dagbag.py:538} INFO - Filling up the DagBag from /Users/HP/storypoints-week1/venv/lib/python3.11/site-packages/airflow/example_dags/tutorial_taskflow_api.py
[2026-03-04T19:43:53.087+0000] {processor.py:840} INFO - DAG(s) 'tutorial_taskflow_api' retrieved from /Users/HP/storypoints-week1/venv/lib/python3.11/site-packages/airflow/example_dags/tutorial_taskflow_api.py
[2026-03-04T19:43:53.146+0000] {logging_mixin.py:188} INFO - [2026-03-04T19:43:53.146+0000] {dag.py:3033} INFO - Sync 1 DAGs
[2026-03-04T19:43:53.151+0000] {logging_mixin.py:188} INFO - [2026-03-04T19:43:53.151+0000] {dag.py:3820} INFO - Setting next_dagrun for tutorial_taskflow_api to None, run_after=None
[2026-03-04T19:43:53.165+0000] {processor.py:183} INFO - Processing /Users/HP/storypoints-week1/venv/lib/python3.11/site-packages/airflow/example_dags/tutorial_taskflow_api.py took 0.107 seconds
[2026-03-04T19:45:07.735+0000] {processor.py:161} INFO - Started process (PID=81211) to work on /Users/HP/storypoints-week1/venv/lib/python3.11/site-packages/airflow/example_dags/tutorial_taskflow_api.py
[2026-03-04T19:45:07.738+0000] {processor.py:830} INFO - Processing file /Users/HP/storypoints-week1/venv/lib/python3.11/site-packages/airflow/example_dags/tutorial_taskflow_api.py for tasks to queue
[2026-03-04T19:45:07.739+0000] {logging_mixin.py:188} INFO - [2026-03-04T19:45:07.739+0000] {dagbag.py:538} INFO - Filling up the DagBag from /Users/HP/storypoints-week1/venv/lib/python3.11/site-packages/airflow/example_dags/tutorial_taskflow_api.py
[2026-03-04T19:45:07.764+0000] {processor.py:840} INFO - DAG(s) 'tutorial_taskflow_api' retrieved from /Users/HP/storypoints-week1/venv/lib/python3.11/site-packages/airflow/example_dags/tutorial_taskflow_api.py
[2026-03-04T19:45:07.825+0000] {logging_mixin.py:188} INFO - [2026-03-04T19:45:07.825+0000] {dag.py:3033} INFO - Sync 1 DAGs
[2026-03-04T19:45:07.831+0000] {logging_mixin.py:188} INFO - [2026-03-04T19:45:07.831+0000] {dag.py:3820} INFO - Setting next_dagrun for tutorial_taskflow_api to None, run_after=None
[2026-03-04T19:45:07.843+0000] {processor.py:183} INFO - Processing /Users/HP/storypoints-week1/venv/lib/python3.11/site-packages/airflow/example_dags/tutorial_taskflow_api.py took 0.108 seconds
[2026-03-04T19:46:20.519+0000] {processor.py:161} INFO - Started process (PID=81897) to work on /Users/HP/storypoints-week1/venv/lib/python3.11/site-packages/airflow/example_dags/tutorial_taskflow_api.py
[2026-03-04T19:46:20.521+0000] {processor.py:830} INFO - Processing file /Users/HP/storypoints-week1/venv/lib/python3.11/site-packages/airflow/example_dags/tutorial_taskflow_api.py for tasks to queue
[2026-03-04T19:46:20.522+0000] {logging_mixin.py:188} INFO - [2026-03-04T19:46:20.522+0000] {dagbag.py:538} INFO - Filling up the DagBag from /Users/HP/storypoints-week1/venv/lib/python3.11/site-packages/airflow/example_dags/tutorial_taskflow_api.py
[2026-03-04T19:46:20.548+0000] {processor.py:840} INFO - DAG(s) 'tutorial_taskflow_api' retrieved from /Users/HP/storypoints-week1/venv/lib/python3.11/site-packages/airflow/example_dags/tutorial_taskflow_api.py
[2026-03-04T19:46:20.606+0000] {logging_mixin.py:188} INFO - [2026-03-04T19:46:20.606+0000] {dag.py:3033} INFO - Sync 1 DAGs
[2026-03-04T19:46:20.612+0000] {logging_mixin.py:188} INFO - [2026-03-04T19:46:20.612+0000] {dag.py:3820} INFO - Setting next_dagrun for tutorial_taskflow_api to None, run_after=None
[2026-03-04T19:46:20.624+0000] {processor.py:183} INFO - Processing /Users/HP/storypoints-week1/venv/lib/python3.11/site-packages/airflow/example_dags/tutorial_taskflow_api.py took 0.106 seconds
[2026-03-04T19:59:47.528+0000] {processor.py:161} INFO - Started process (PID=82625) to work on /Users/HP/storypoints-week1/venv/lib/python3.11/site-packages/airflow/example_dags/tutorial_taskflow_api.py
[2026-03-04T19:59:47.531+0000] {processor.py:830} INFO - Processing file /Users/HP/storypoints-week1/venv/lib/python3.11/site-packages/airflow/example_dags/tutorial_taskflow_api.py for tasks to queue
[2026-03-04T19:59:47.532+0000] {logging_mixin.py:188} INFO - [2026-03-04T19:59:47.532+0000] {dagbag.py:538} INFO - Filling up the DagBag from /Users/HP/storypoints-week1/venv/lib/python3.11/site-packages/airflow/example_dags/tutorial_taskflow_api.py
[2026-03-04T19:59:47.557+0000] {processor.py:840} INFO - DAG(s) 'tutorial_taskflow_api' retrieved from /Users/HP/storypoints-week1/venv/lib/python3.11/site-packages/airflow/example_dags/tutorial_taskflow_api.py
[2026-03-04T19:59:47.617+0000] {logging_mixin.py:188} INFO - [2026-03-04T19:59:47.616+0000] {dag.py:3033} INFO - Sync 1 DAGs
[2026-03-04T19:59:47.622+0000] {logging_mixin.py:188} INFO - [2026-03-04T19:59:47.622+0000] {dag.py:3820} INFO - Setting next_dagrun for tutorial_taskflow_api to None, run_after=None
[2026-03-04T19:59:47.633+0000] {processor.py:183} INFO - Processing /Users/HP/storypoints-week1/venv/lib/python3.11/site-packages/airflow/example_dags/tutorial_taskflow_api.py took 0.106 seconds
[2026-03-04T20:04:38.297+0000] {processor.py:161} INFO - Started process (PID=83350) to work on /Users/HP/storypoints-week1/venv/lib/python3.11/site-packages/airflow/example_dags/tutorial_taskflow_api.py
[2026-03-04T20:04:38.300+0000] {processor.py:830} INFO - Processing file /Users/HP/storypoints-week1/venv/lib/python3.11/site-packages/airflow/example_dags/tutorial_taskflow_api.py for tasks to queue
[2026-03-04T20:04:38.301+0000] {logging_mixin.py:188} INFO - [2026-03-04T20:04:38.301+0000] {dagbag.py:538} INFO - Filling up the DagBag from /Users/HP/storypoints-week1/venv/lib/python3.11/site-packages/airflow/example_dags/tutorial_taskflow_api.py
[2026-03-04T20:04:38.325+0000] {processor.py:840} INFO - DAG(s) 'tutorial_taskflow_api' retrieved from /Users/HP/storypoints-week1/venv/lib/python3.11/site-packages/airflow/example_dags/tutorial_taskflow_api.py
[2026-03-04T20:04:38.384+0000] {logging_mixin.py:188} INFO - [2026-03-04T20:04:38.383+0000] {dag.py:3033} INFO - Sync 1 DAGs
[2026-03-04T20:04:38.389+0000] {logging_mixin.py:188} INFO - [2026-03-04T20:04:38.389+0000] {dag.py:3820} INFO - Setting next_dagrun for tutorial_taskflow_api to None, run_after=None
[2026-03-04T20:04:38.402+0000] {processor.py:183} INFO - Processing /Users/HP/storypoints-week1/venv/lib/python3.11/site-packages/airflow/example_dags/tutorial_taskflow_api.py took 0.105 seconds
[2026-03-04T20:13:47.190+0000] {processor.py:161} INFO - Started process (PID=84224) to work on /Users/HP/storypoints-week1/venv/lib/python3.11/site-packages/airflow/example_dags/tutorial_taskflow_api.py
[2026-03-04T20:13:47.194+0000] {processor.py:830} INFO - Processing file /Users/HP/storypoints-week1/venv/lib/python3.11/site-packages/airflow/example_dags/tutorial_taskflow_api.py for tasks to queue
[2026-03-04T20:13:47.196+0000] {logging_mixin.py:188} INFO - [2026-03-04T20:13:47.196+0000] {dagbag.py:538} INFO - Filling up the DagBag from /Users/HP/storypoints-week1/venv/lib/python3.11/site-packages/airflow/example_dags/tutorial_taskflow_api.py
[2026-03-04T20:13:47.231+0000] {processor.py:840} INFO - DAG(s) 'tutorial_taskflow_api' retrieved from /Users/HP/storypoints-week1/venv/lib/python3.11/site-packages/airflow/example_dags/tutorial_taskflow_api.py
[2026-03-04T20:13:47.313+0000] {logging_mixin.py:188} INFO - [2026-03-04T20:13:47.313+0000] {dag.py:3033} INFO - Sync 1 DAGs
[2026-03-04T20:13:47.321+0000] {logging_mixin.py:188} INFO - [2026-03-04T20:13:47.321+0000] {dag.py:3820} INFO - Setting next_dagrun for tutorial_taskflow_api to None, run_after=None
[2026-03-04T20:13:47.340+0000] {processor.py:183} INFO - Processing /Users/HP/storypoints-week1/venv/lib/python3.11/site-packages/airflow/example_dags/tutorial_taskflow_api.py took 0.150 seconds
[2026-03-04T20:15:06.895+0000] {processor.py:161} INFO - Started process (PID=84963) to work on /Users/HP/storypoints-week1/venv/lib/python3.11/site-packages/airflow/example_dags/tutorial_taskflow_api.py
[2026-03-04T20:15:06.897+0000] {processor.py:830} INFO - Processing file /Users/HP/storypoints-week1/venv/lib/python3.11/site-packages/airflow/example_dags/tutorial_taskflow_api.py for tasks to queue
[2026-03-04T20:15:06.899+0000] {logging_mixin.py:188} INFO - [2026-03-04T20:15:06.899+0000] {dagbag.py:538} INFO - Filling up the DagBag from /Users/HP/storypoints-week1/venv/lib/python3.11/site-packages/airflow/example_dags/tutorial_taskflow_api.py
[2026-03-04T20:15:06.924+0000] {processor.py:840} INFO - DAG(s) 'tutorial_taskflow_api' retrieved from /Users/HP/storypoints-week1/venv/lib/python3.11/site-packages/airflow/example_dags/tutorial_taskflow_api.py
[2026-03-04T20:15:06.984+0000] {logging_mixin.py:188} INFO - [2026-03-04T20:15:06.984+0000] {dag.py:3033} INFO - Sync 1 DAGs
[2026-03-04T20:15:06.990+0000] {logging_mixin.py:188} INFO - [2026-03-04T20:15:06.990+0000] {dag.py:3820} INFO - Setting next_dagrun for tutorial_taskflow_api to None, run_after=None
[2026-03-04T20:15:07.003+0000] {processor.py:183} INFO - Processing /Users/HP/storypoints-week1/venv/lib/python3.11/site-packages/airflow/example_dags/tutorial_taskflow_api.py took 0.108 seconds
[2026-03-04T20:23:13.988+0000] {processor.py:161} INFO - Started process (PID=85699) to work on /Users/HP/storypoints-week1/venv/lib/python3.11/site-packages/airflow/example_dags/tutorial_taskflow_api.py
[2026-03-04T20:23:13.991+0000] {processor.py:830} INFO - Processing file /Users/HP/storypoints-week1/venv/lib/python3.11/site-packages/airflow/example_dags/tutorial_taskflow_api.py for tasks to queue
[2026-03-04T20:23:13.993+0000] {logging_mixin.py:188} INFO - [2026-03-04T20:23:13.993+0000] {dagbag.py:538} INFO - Filling up the DagBag from /Users/HP/storypoints-week1/venv/lib/python3.11/site-packages/airflow/example_dags/tutorial_taskflow_api.py
[2026-03-04T20:23:14.023+0000] {processor.py:840} INFO - DAG(s) 'tutorial_taskflow_api' retrieved from /Users/HP/storypoints-week1/venv/lib/python3.11/site-packages/airflow/example_dags/tutorial_taskflow_api.py
[2026-03-04T20:23:14.088+0000] {logging_mixin.py:188} INFO - [2026-03-04T20:23:14.087+0000] {dag.py:3033} INFO - Sync 1 DAGs
[2026-03-04T20:23:14.094+0000] {logging_mixin.py:188} INFO - [2026-03-04T20:23:14.094+0000] {dag.py:3820} INFO - Setting next_dagrun for tutorial_taskflow_api to None, run_after=None
[2026-03-04T20:23:14.107+0000] {processor.py:183} INFO - Processing /Users/HP/storypoints-week1/venv/lib/python3.11/site-packages/airflow/example_dags/tutorial_taskflow_api.py took 0.120 seconds
[2026-03-04T20:24:43.817+0000] {processor.py:161} INFO - Started process (PID=86541) to work on /Users/HP/storypoints-week1/venv/lib/python3.11/site-packages/airflow/example_dags/tutorial_taskflow_api.py
[2026-03-04T20:24:43.819+0000] {processor.py:830} INFO - Processing file /Users/HP/storypoints-week1/venv/lib/python3.11/site-packages/airflow/example_dags/tutorial_taskflow_api.py for tasks to queue
[2026-03-04T20:24:43.821+0000] {logging_mixin.py:188} INFO - [2026-03-04T20:24:43.820+0000] {dagbag.py:538} INFO - Filling up the DagBag from /Users/HP/storypoints-week1/venv/lib/python3.11/site-packages/airflow/example_dags/tutorial_taskflow_api.py
[2026-03-04T20:24:43.845+0000] {processor.py:840} INFO - DAG(s) 'tutorial_taskflow_api' retrieved from /Users/HP/storypoints-week1/venv/lib/python3.11/site-packages/airflow/example_dags/tutorial_taskflow_api.py
[2026-03-04T20:24:43.904+0000] {logging_mixin.py:188} INFO - [2026-03-04T20:24:43.904+0000] {dag.py:3033} INFO - Sync 1 DAGs
[2026-03-04T20:24:43.910+0000] {logging_mixin.py:188} INFO - [2026-03-04T20:24:43.910+0000] {dag.py:3820} INFO - Setting next_dagrun for tutorial_taskflow_api to None, run_after=None
[2026-03-04T20:24:43.923+0000] {processor.py:183} INFO - Processing /Users/HP/storypoints-week1/venv/lib/python3.11/site-packages/airflow/example_dags/tutorial_taskflow_api.py took 0.107 seconds
[2026-03-04T20:29:23.047+0000] {processor.py:161} INFO - Started process (PID=87276) to work on /Users/HP/storypoints-week1/venv/lib/python3.11/site-packages/airflow/example_dags/tutorial_taskflow_api.py
[2026-03-04T20:29:23.049+0000] {processor.py:830} INFO - Processing file /Users/HP/storypoints-week1/venv/lib/python3.11/site-packages/airflow/example_dags/tutorial_taskflow_api.py for tasks to queue
[2026-03-04T20:29:23.050+0000] {logging_mixin.py:188} INFO - [2026-03-04T20:29:23.050+0000] {dagbag.py:538} INFO - Filling up the DagBag from /Users/HP/storypoints-week1/venv/lib/python3.11/site-packages/airflow/example_dags/tutorial_taskflow_api.py
[2026-03-04T20:29:23.071+0000] {processor.py:840} INFO - DAG(s) 'tutorial_taskflow_api' retrieved from /Users/HP/storypoints-week1/venv/lib/python3.11/site-packages/airflow/example_dags/tutorial_taskflow_api.py
[2026-03-04T20:29:23.128+0000] {logging_mixin.py:188} INFO - [2026-03-04T20:29:23.127+0000] {dag.py:3033} INFO - Sync 1 DAGs
[2026-03-04T20:29:23.133+0000] {logging_mixin.py:188} INFO - [2026-03-04T20:29:23.133+0000] {dag.py:3820} INFO - Setting next_dagrun for tutorial_taskflow_api to None, run_after=None
[2026-03-04T20:29:23.145+0000] {processor.py:183} INFO - Processing /Users/HP/storypoints-week1/venv/lib/python3.11/site-packages/airflow/example_dags/tutorial_taskflow_api.py took 0.099 seconds
[2026-03-04T20:48:34.427+0000] {processor.py:161} INFO - Started process (PID=88077) to work on /Users/HP/storypoints-week1/venv/lib/python3.11/site-packages/airflow/example_dags/tutorial_taskflow_api.py
[2026-03-04T20:48:34.429+0000] {processor.py:830} INFO - Processing file /Users/HP/storypoints-week1/venv/lib/python3.11/site-packages/airflow/example_dags/tutorial_taskflow_api.py for tasks to queue
[2026-03-04T20:48:34.431+0000] {logging_mixin.py:188} INFO - [2026-03-04T20:48:34.431+0000] {dagbag.py:538} INFO - Filling up the DagBag from /Users/HP/storypoints-week1/venv/lib/python3.11/site-packages/airflow/example_dags/tutorial_taskflow_api.py
[2026-03-04T20:48:34.452+0000] {processor.py:840} INFO - DAG(s) 'tutorial_taskflow_api' retrieved from /Users/HP/storypoints-week1/venv/lib/python3.11/site-packages/airflow/example_dags/tutorial_taskflow_api.py
[2026-03-04T20:48:34.511+0000] {logging_mixin.py:188} INFO - [2026-03-04T20:48:34.511+0000] {dag.py:3033} INFO - Sync 1 DAGs
[2026-03-04T20:48:34.517+0000] {logging_mixin.py:188} INFO - [2026-03-04T20:48:34.517+0000] {dag.py:3820} INFO - Setting next_dagrun for tutorial_taskflow_api to None, run_after=None
[2026-03-04T20:48:34.529+0000] {processor.py:183} INFO - Processing /Users/HP/storypoints-week1/venv/lib/python3.11/site-packages/airflow/example_dags/tutorial_taskflow_api.py took 0.102 seconds
[2026-03-04T22:17:18.390+0000] {processor.py:161} INFO - Started process (PID=88844) to work on /Users/HP/storypoints-week1/venv/lib/python3.11/site-packages/airflow/example_dags/tutorial_taskflow_api.py
[2026-03-04T22:17:18.392+0000] {processor.py:830} INFO - Processing file /Users/HP/storypoints-week1/venv/lib/python3.11/site-packages/airflow/example_dags/tutorial_taskflow_api.py for tasks to queue
[2026-03-04T22:17:18.394+0000] {logging_mixin.py:188} INFO - [2026-03-04T22:17:18.394+0000] {dagbag.py:538} INFO - Filling up the DagBag from /Users/HP/storypoints-week1/venv/lib/python3.11/site-packages/airflow/example_dags/tutorial_taskflow_api.py
[2026-03-04T22:17:18.419+0000] {processor.py:840} INFO - DAG(s) 'tutorial_taskflow_api' retrieved from /Users/HP/storypoints-week1/venv/lib/python3.11/site-packages/airflow/example_dags/tutorial_taskflow_api.py
[2026-03-04T22:17:18.479+0000] {logging_mixin.py:188} INFO - [2026-03-04T22:17:18.478+0000] {dag.py:3033} INFO - Sync 1 DAGs
[2026-03-04T22:17:18.485+0000] {logging_mixin.py:188} INFO - [2026-03-04T22:17:18.484+0000] {dag.py:3820} INFO - Setting next_dagrun for tutorial_taskflow_api to None, run_after=None
[2026-03-04T22:17:18.497+0000] {processor.py:183} INFO - Processing /Users/HP/storypoints-week1/venv/lib/python3.11/site-packages/airflow/example_dags/tutorial_taskflow_api.py took 0.108 seconds
[2026-03-04T22:18:57.446+0000] {processor.py:161} INFO - Started process (PID=89778) to work on /Users/HP/storypoints-week1/venv/lib/python3.11/site-packages/airflow/example_dags/tutorial_taskflow_api.py
[2026-03-04T22:18:57.448+0000] {processor.py:830} INFO - Processing file /Users/HP/storypoints-week1/venv/lib/python3.11/site-packages/airflow/example_dags/tutorial_taskflow_api.py for tasks to queue
[2026-03-04T22:18:57.450+0000] {logging_mixin.py:188} INFO - [2026-03-04T22:18:57.450+0000] {dagbag.py:538} INFO - Filling up the DagBag from /Users/HP/storypoints-week1/venv/lib/python3.11/site-packages/airflow/example_dags/tutorial_taskflow_api.py
[2026-03-04T22:18:57.474+0000] {processor.py:840} INFO - DAG(s) 'tutorial_taskflow_api' retrieved from /Users/HP/storypoints-week1/venv/lib/python3.11/site-packages/airflow/example_dags/tutorial_taskflow_api.py
[2026-03-04T22:18:57.533+0000] {logging_mixin.py:188} INFO - [2026-03-04T22:18:57.533+0000] {dag.py:3033} INFO - Sync 1 DAGs
[2026-03-04T22:18:57.539+0000] {logging_mixin.py:188} INFO - [2026-03-04T22:18:57.539+0000] {dag.py:3820} INFO - Setting next_dagrun for tutorial_taskflow_api to None, run_after=None
[2026-03-04T22:18:57.552+0000] {processor.py:183} INFO - Processing /Users/HP/storypoints-week1/venv/lib/python3.11/site-packages/airflow/example_dags/tutorial_taskflow_api.py took 0.107 seconds
[2026-03-04T23:05:42.700+0000] {processor.py:161} INFO - Started process (PID=90516) to work on /Users/HP/storypoints-week1/venv/lib/python3.11/site-packages/airflow/example_dags/tutorial_taskflow_api.py
[2026-03-04T23:05:42.703+0000] {processor.py:830} INFO - Processing file /Users/HP/storypoints-week1/venv/lib/python3.11/site-packages/airflow/example_dags/tutorial_taskflow_api.py for tasks to queue
[2026-03-04T23:05:42.706+0000] {logging_mixin.py:188} INFO - [2026-03-04T23:05:42.706+0000] {dagbag.py:538} INFO - Filling up the DagBag from /Users/HP/storypoints-week1/venv/lib/python3.11/site-packages/airflow/example_dags/tutorial_taskflow_api.py
[2026-03-04T23:05:42.750+0000] {processor.py:840} INFO - DAG(s) 'tutorial_taskflow_api' retrieved from /Users/HP/storypoints-week1/venv/lib/python3.11/site-packages/airflow/example_dags/tutorial_taskflow_api.py
[2026-03-04T23:05:42.876+0000] {logging_mixin.py:188} INFO - [2026-03-04T23:05:42.875+0000] {dag.py:3033} INFO - Sync 1 DAGs
[2026-03-04T23:05:42.888+0000] {logging_mixin.py:188} INFO - [2026-03-04T23:05:42.888+0000] {dag.py:3820} INFO - Setting next_dagrun for tutorial_taskflow_api to None, run_after=None
[2026-03-04T23:05:42.922+0000] {processor.py:183} INFO - Processing /Users/HP/storypoints-week1/venv/lib/python3.11/site-packages/airflow/example_dags/tutorial_taskflow_api.py took 0.223 seconds
[2026-03-04T23:06:57.864+0000] {processor.py:161} INFO - Started process (PID=91249) to work on /Users/HP/storypoints-week1/venv/lib/python3.11/site-packages/airflow/example_dags/tutorial_taskflow_api.py
[2026-03-04T23:06:57.866+0000] {processor.py:830} INFO - Processing file /Users/HP/storypoints-week1/venv/lib/python3.11/site-packages/airflow/example_dags/tutorial_taskflow_api.py for tasks to queue
[2026-03-04T23:06:57.868+0000] {logging_mixin.py:188} INFO - [2026-03-04T23:06:57.868+0000] {dagbag.py:538} INFO - Filling up the DagBag from /Users/HP/storypoints-week1/venv/lib/python3.11/site-packages/airflow/example_dags/tutorial_taskflow_api.py
[2026-03-04T23:06:57.894+0000] {processor.py:840} INFO - DAG(s) 'tutorial_taskflow_api' retrieved from /Users/HP/storypoints-week1/venv/lib/python3.11/site-packages/airflow/example_dags/tutorial_taskflow_api.py
[2026-03-04T23:06:57.957+0000] {logging_mixin.py:188} INFO - [2026-03-04T23:06:57.956+0000] {dag.py:3033} INFO - Sync 1 DAGs
[2026-03-04T23:06:57.963+0000] {logging_mixin.py:188} INFO - [2026-03-04T23:06:57.963+0000] {dag.py:3820} INFO - Setting next_dagrun for tutorial_taskflow_api to None, run_after=None
[2026-03-04T23:06:57.976+0000] {processor.py:183} INFO - Processing /Users/HP/storypoints-week1/venv/lib/python3.11/site-packages/airflow/example_dags/tutorial_taskflow_api.py took 0.112 seconds
[2026-03-04T23:19:07.481+0000] {processor.py:161} INFO - Started process (PID=91959) to work on /Users/HP/storypoints-week1/venv/lib/python3.11/site-packages/airflow/example_dags/tutorial_taskflow_api.py
[2026-03-04T23:19:07.483+0000] {processor.py:830} INFO - Processing file /Users/HP/storypoints-week1/venv/lib/python3.11/site-packages/airflow/example_dags/tutorial_taskflow_api.py for tasks to queue
[2026-03-04T23:19:07.485+0000] {logging_mixin.py:188} INFO - [2026-03-04T23:19:07.485+0000] {dagbag.py:538} INFO - Filling up the DagBag from /Users/HP/storypoints-week1/venv/lib/python3.11/site-packages/airflow/example_dags/tutorial_taskflow_api.py
[2026-03-04T23:19:07.510+0000] {processor.py:840} INFO - DAG(s) 'tutorial_taskflow_api' retrieved from /Users/HP/storypoints-week1/venv/lib/python3.11/site-packages/airflow/example_dags/tutorial_taskflow_api.py
[2026-03-04T23:19:07.569+0000] {logging_mixin.py:188} INFO - [2026-03-04T23:19:07.569+0000] {dag.py:3033} INFO - Sync 1 DAGs
[2026-03-04T23:19:07.575+0000] {logging_mixin.py:188} INFO - [2026-03-04T23:19:07.575+0000] {dag.py:3820} INFO - Setting next_dagrun for tutorial_taskflow_api to None, run_after=None
[2026-03-04T23:19:07.586+0000] {processor.py:183} INFO - Processing /Users/HP/storypoints-week1/venv/lib/python3.11/site-packages/airflow/example_dags/tutorial_taskflow_api.py took 0.105 seconds
[2026-03-04T23:20:41.265+0000] {processor.py:161} INFO - Started process (PID=92661) to work on /Users/HP/storypoints-week1/venv/lib/python3.11/site-packages/airflow/example_dags/tutorial_taskflow_api.py
[2026-03-04T23:20:41.267+0000] {processor.py:830} INFO - Processing file /Users/HP/storypoints-week1/venv/lib/python3.11/site-packages/airflow/example_dags/tutorial_taskflow_api.py for tasks to queue
[2026-03-04T23:20:41.269+0000] {logging_mixin.py:188} INFO - [2026-03-04T23:20:41.269+0000] {dagbag.py:538} INFO - Filling up the DagBag from /Users/HP/storypoints-week1/venv/lib/python3.11/site-packages/airflow/example_dags/tutorial_taskflow_api.py
[2026-03-04T23:20:41.294+0000] {processor.py:840} INFO - DAG(s) 'tutorial_taskflow_api' retrieved from /Users/HP/storypoints-week1/venv/lib/python3.11/site-packages/airflow/example_dags/tutorial_taskflow_api.py
[2026-03-04T23:20:41.353+0000] {logging_mixin.py:188} INFO - [2026-03-04T23:20:41.352+0000] {dag.py:3033} INFO - Sync 1 DAGs
[2026-03-04T23:20:41.358+0000] {logging_mixin.py:188} INFO - [2026-03-04T23:20:41.358+0000] {dag.py:3820} INFO - Setting next_dagrun for tutorial_taskflow_api to None, run_after=None
[2026-03-04T23:20:41.371+0000] {processor.py:183} INFO - Processing /Users/HP/storypoints-week1/venv/lib/python3.11/site-packages/airflow/example_dags/tutorial_taskflow_api.py took 0.107 seconds
