[2026-03-04T19:01:20.764+0000] {processor.py:161} INFO - Started process (PID=54269) to work on /Users/HP/storypoints-week1/venv/lib/python3.11/site-packages/airflow/example_dags/tutorial_objectstorage.py
[2026-03-04T19:01:20.767+0000] {processor.py:830} INFO - Processing file /Users/HP/storypoints-week1/venv/lib/python3.11/site-packages/airflow/example_dags/tutorial_objectstorage.py for tasks to queue
[2026-03-04T19:01:20.768+0000] {logging_mixin.py:188} INFO - [2026-03-04T19:01:20.768+0000] {dagbag.py:538} INFO - Filling up the DagBag from /Users/HP/storypoints-week1/venv/lib/python3.11/site-packages/airflow/example_dags/tutorial_objectstorage.py
[2026-03-04T19:01:20.816+0000] {processor.py:840} INFO - DAG(s) 'tutorial_objectstorage' retrieved from /Users/HP/storypoints-week1/venv/lib/python3.11/site-packages/airflow/example_dags/tutorial_objectstorage.py
[2026-03-04T19:01:20.933+0000] {logging_mixin.py:188} INFO - [2026-03-04T19:01:20.933+0000] {override.py:1769} INFO - Created Permission View: can read on DAG:tutorial_objectstorage
[2026-03-04T19:01:20.938+0000] {logging_mixin.py:188} INFO - [2026-03-04T19:01:20.938+0000] {override.py:1769} INFO - Created Permission View: can edit on DAG:tutorial_objectstorage
[2026-03-04T19:01:20.941+0000] {logging_mixin.py:188} INFO - [2026-03-04T19:01:20.941+0000] {override.py:1769} INFO - Created Permission View: can delete on DAG:tutorial_objectstorage
[2026-03-04T19:01:20.942+0000] {logging_mixin.py:188} INFO - [2026-03-04T19:01:20.941+0000] {dag.py:3033} INFO - Sync 1 DAGs
[2026-03-04T19:01:20.947+0000] {logging_mixin.py:188} INFO - [2026-03-04T19:01:20.947+0000] {dag.py:3055} INFO - Creating ORM DAG for tutorial_objectstorage
[2026-03-04T19:01:20.948+0000] {logging_mixin.py:188} INFO - [2026-03-04T19:01:20.948+0000] {dag.py:3820} INFO - Setting next_dagrun for tutorial_objectstorage to None, run_after=None
[2026-03-04T19:01:20.959+0000] {processor.py:183} INFO - Processing /Users/HP/storypoints-week1/venv/lib/python3.11/site-packages/airflow/example_dags/tutorial_objectstorage.py took 0.195 seconds
[2026-03-04T19:03:21.976+0000] {processor.py:161} INFO - Started process (PID=55431) to work on /Users/HP/storypoints-week1/venv/lib/python3.11/site-packages/airflow/example_dags/tutorial_objectstorage.py
[2026-03-04T19:03:21.978+0000] {processor.py:830} INFO - Processing file /Users/HP/storypoints-week1/venv/lib/python3.11/site-packages/airflow/example_dags/tutorial_objectstorage.py for tasks to queue
[2026-03-04T19:03:21.980+0000] {logging_mixin.py:188} INFO - [2026-03-04T19:03:21.980+0000] {dagbag.py:538} INFO - Filling up the DagBag from /Users/HP/storypoints-week1/venv/lib/python3.11/site-packages/airflow/example_dags/tutorial_objectstorage.py
[2026-03-04T19:03:22.031+0000] {processor.py:840} INFO - DAG(s) 'tutorial_objectstorage' retrieved from /Users/HP/storypoints-week1/venv/lib/python3.11/site-packages/airflow/example_dags/tutorial_objectstorage.py
[2026-03-04T19:03:22.093+0000] {logging_mixin.py:188} INFO - [2026-03-04T19:03:22.093+0000] {dag.py:3033} INFO - Sync 1 DAGs
[2026-03-04T19:03:22.099+0000] {logging_mixin.py:188} INFO - [2026-03-04T19:03:22.099+0000] {dag.py:3820} INFO - Setting next_dagrun for tutorial_objectstorage to None, run_after=None
[2026-03-04T19:03:22.112+0000] {processor.py:183} INFO - Processing /Users/HP/storypoints-week1/venv/lib/python3.11/site-packages/airflow/example_dags/tutorial_objectstorage.py took 0.137 seconds
[2026-03-04T19:04:57.743+0000] {processor.py:161} INFO - Started process (PID=56755) to work on /Users/HP/storypoints-week1/venv/lib/python3.11/site-packages/airflow/example_dags/tutorial_objectstorage.py
[2026-03-04T19:04:57.746+0000] {processor.py:830} INFO - Processing file /Users/HP/storypoints-week1/venv/lib/python3.11/site-packages/airflow/example_dags/tutorial_objectstorage.py for tasks to queue
[2026-03-04T19:04:57.747+0000] {logging_mixin.py:188} INFO - [2026-03-04T19:04:57.747+0000] {dagbag.py:538} INFO - Filling up the DagBag from /Users/HP/storypoints-week1/venv/lib/python3.11/site-packages/airflow/example_dags/tutorial_objectstorage.py
[2026-03-04T19:04:57.801+0000] {processor.py:840} INFO - DAG(s) 'tutorial_objectstorage' retrieved from /Users/HP/storypoints-week1/venv/lib/python3.11/site-packages/airflow/example_dags/tutorial_objectstorage.py
[2026-03-04T19:04:57.898+0000] {logging_mixin.py:188} INFO - [2026-03-04T19:04:57.897+0000] {dag.py:3033} INFO - Sync 1 DAGs
[2026-03-04T19:04:57.905+0000] {logging_mixin.py:188} INFO - [2026-03-04T19:04:57.905+0000] {dag.py:3820} INFO - Setting next_dagrun for tutorial_objectstorage to None, run_after=None
[2026-03-04T19:04:57.921+0000] {processor.py:183} INFO - Processing /Users/HP/storypoints-week1/venv/lib/python3.11/site-packages/airflow/example_dags/tutorial_objectstorage.py took 0.179 seconds
[2026-03-04T19:06:28.401+0000] {processor.py:161} INFO - Started process (PID=57609) to work on /Users/HP/storypoints-week1/venv/lib/python3.11/site-packages/airflow/example_dags/tutorial_objectstorage.py
[2026-03-04T19:06:28.403+0000] {processor.py:830} INFO - Processing file /Users/HP/storypoints-week1/venv/lib/python3.11/site-packages/airflow/example_dags/tutorial_objectstorage.py for tasks to queue
[2026-03-04T19:06:28.404+0000] {logging_mixin.py:188} INFO - [2026-03-04T19:06:28.404+0000] {dagbag.py:538} INFO - Filling up the DagBag from /Users/HP/storypoints-week1/venv/lib/python3.11/site-packages/airflow/example_dags/tutorial_objectstorage.py
[2026-03-04T19:06:28.455+0000] {processor.py:840} INFO - DAG(s) 'tutorial_objectstorage' retrieved from /Users/HP/storypoints-week1/venv/lib/python3.11/site-packages/airflow/example_dags/tutorial_objectstorage.py
[2026-03-04T19:06:28.513+0000] {logging_mixin.py:188} INFO - [2026-03-04T19:06:28.513+0000] {dag.py:3033} INFO - Sync 1 DAGs
[2026-03-04T19:06:28.519+0000] {logging_mixin.py:188} INFO - [2026-03-04T19:06:28.519+0000] {dag.py:3820} INFO - Setting next_dagrun for tutorial_objectstorage to None, run_after=None
[2026-03-04T19:06:28.530+0000] {processor.py:183} INFO - Processing /Users/HP/storypoints-week1/venv/lib/python3.11/site-packages/airflow/example_dags/tutorial_objectstorage.py took 0.130 seconds
[2026-03-04T19:07:43.341+0000] {processor.py:161} INFO - Started process (PID=58321) to work on /Users/HP/storypoints-week1/venv/lib/python3.11/site-packages/airflow/example_dags/tutorial_objectstorage.py
[2026-03-04T19:07:43.344+0000] {processor.py:830} INFO - Processing file /Users/HP/storypoints-week1/venv/lib/python3.11/site-packages/airflow/example_dags/tutorial_objectstorage.py for tasks to queue
[2026-03-04T19:07:43.346+0000] {logging_mixin.py:188} INFO - [2026-03-04T19:07:43.345+0000] {dagbag.py:538} INFO - Filling up the DagBag from /Users/HP/storypoints-week1/venv/lib/python3.11/site-packages/airflow/example_dags/tutorial_objectstorage.py
[2026-03-04T19:07:43.396+0000] {processor.py:840} INFO - DAG(s) 'tutorial_objectstorage' retrieved from /Users/HP/storypoints-week1/venv/lib/python3.11/site-packages/airflow/example_dags/tutorial_objectstorage.py
[2026-03-04T19:07:43.454+0000] {logging_mixin.py:188} INFO - [2026-03-04T19:07:43.454+0000] {dag.py:3033} INFO - Sync 1 DAGs
[2026-03-04T19:07:43.460+0000] {logging_mixin.py:188} INFO - [2026-03-04T19:07:43.460+0000] {dag.py:3820} INFO - Setting next_dagrun for tutorial_objectstorage to None, run_after=None
[2026-03-04T19:07:43.473+0000] {processor.py:183} INFO - Processing /Users/HP/storypoints-week1/venv/lib/python3.11/site-packages/airflow/example_dags/tutorial_objectstorage.py took 0.133 seconds
[2026-03-04T19:09:01.406+0000] {processor.py:161} INFO - Started process (PID=59078) to work on /Users/HP/storypoints-week1/venv/lib/python3.11/site-packages/airflow/example_dags/tutorial_objectstorage.py
[2026-03-04T19:09:01.409+0000] {processor.py:830} INFO - Processing file /Users/HP/storypoints-week1/venv/lib/python3.11/site-packages/airflow/example_dags/tutorial_objectstorage.py for tasks to queue
[2026-03-04T19:09:01.410+0000] {logging_mixin.py:188} INFO - [2026-03-04T19:09:01.410+0000] {dagbag.py:538} INFO - Filling up the DagBag from /Users/HP/storypoints-week1/venv/lib/python3.11/site-packages/airflow/example_dags/tutorial_objectstorage.py
[2026-03-04T19:09:01.462+0000] {processor.py:840} INFO - DAG(s) 'tutorial_objectstorage' retrieved from /Users/HP/storypoints-week1/venv/lib/python3.11/site-packages/airflow/example_dags/tutorial_objectstorage.py
[2026-03-04T19:09:01.522+0000] {logging_mixin.py:188} INFO - [2026-03-04T19:09:01.522+0000] {dag.py:3033} INFO - Sync 1 DAGs
[2026-03-04T19:09:01.528+0000] {logging_mixin.py:188} INFO - [2026-03-04T19:09:01.528+0000] {dag.py:3820} INFO - Setting next_dagrun for tutorial_objectstorage to None, run_after=None
[2026-03-04T19:09:01.540+0000] {processor.py:183} INFO - Processing /Users/HP/storypoints-week1/venv/lib/python3.11/site-packages/airflow/example_dags/tutorial_objectstorage.py took 0.134 seconds
[2026-03-04T19:10:25.588+0000] {processor.py:161} INFO - Started process (PID=59879) to work on /Users/HP/storypoints-week1/venv/lib/python3.11/site-packages/airflow/example_dags/tutorial_objectstorage.py
[2026-03-04T19:10:25.590+0000] {processor.py:830} INFO - Processing file /Users/HP/storypoints-week1/venv/lib/python3.11/site-packages/airflow/example_dags/tutorial_objectstorage.py for tasks to queue
[2026-03-04T19:10:25.592+0000] {logging_mixin.py:188} INFO - [2026-03-04T19:10:25.592+0000] {dagbag.py:538} INFO - Filling up the DagBag from /Users/HP/storypoints-week1/venv/lib/python3.11/site-packages/airflow/example_dags/tutorial_objectstorage.py
[2026-03-04T19:10:25.645+0000] {processor.py:840} INFO - DAG(s) 'tutorial_objectstorage' retrieved from /Users/HP/storypoints-week1/venv/lib/python3.11/site-packages/airflow/example_dags/tutorial_objectstorage.py
[2026-03-04T19:10:25.703+0000] {logging_mixin.py:188} INFO - [2026-03-04T19:10:25.703+0000] {dag.py:3033} INFO - Sync 1 DAGs
[2026-03-04T19:10:25.709+0000] {logging_mixin.py:188} INFO - [2026-03-04T19:10:25.709+0000] {dag.py:3820} INFO - Setting next_dagrun for tutorial_objectstorage to None, run_after=None
[2026-03-04T19:10:25.720+0000] {processor.py:183} INFO - Processing /Users/HP/storypoints-week1/venv/lib/python3.11/site-packages/airflow/example_dags/tutorial_objectstorage.py took 0.133 seconds
[2026-03-04T19:11:46.151+0000] {processor.py:161} INFO - Started process (PID=60646) to work on /Users/HP/storypoints-week1/venv/lib/python3.11/site-packages/airflow/example_dags/tutorial_objectstorage.py
[2026-03-04T19:11:46.154+0000] {processor.py:830} INFO - Processing file /Users/HP/storypoints-week1/venv/lib/python3.11/site-packages/airflow/example_dags/tutorial_objectstorage.py for tasks to queue
[2026-03-04T19:11:46.155+0000] {logging_mixin.py:188} INFO - [2026-03-04T19:11:46.155+0000] {dagbag.py:538} INFO - Filling up the DagBag from /Users/HP/storypoints-week1/venv/lib/python3.11/site-packages/airflow/example_dags/tutorial_objectstorage.py
[2026-03-04T19:11:46.205+0000] {processor.py:840} INFO - DAG(s) 'tutorial_objectstorage' retrieved from /Users/HP/storypoints-week1/venv/lib/python3.11/site-packages/airflow/example_dags/tutorial_objectstorage.py
[2026-03-04T19:11:46.267+0000] {logging_mixin.py:188} INFO - [2026-03-04T19:11:46.266+0000] {dag.py:3033} INFO - Sync 1 DAGs
[2026-03-04T19:11:46.272+0000] {logging_mixin.py:188} INFO - [2026-03-04T19:11:46.272+0000] {dag.py:3820} INFO - Setting next_dagrun for tutorial_objectstorage to None, run_after=None
[2026-03-04T19:11:46.284+0000] {processor.py:183} INFO - Processing /Users/HP/storypoints-week1/venv/lib/python3.11/site-packages/airflow/example_dags/tutorial_objectstorage.py took 0.134 seconds
[2026-03-04T19:33:12.978+0000] {processor.py:161} INFO - Started process (PID=74250) to work on /Users/HP/storypoints-week1/venv/lib/python3.11/site-packages/airflow/example_dags/tutorial_objectstorage.py
[2026-03-04T19:33:12.981+0000] {processor.py:830} INFO - Processing file /Users/HP/storypoints-week1/venv/lib/python3.11/site-packages/airflow/example_dags/tutorial_objectstorage.py for tasks to queue
[2026-03-04T19:33:12.982+0000] {logging_mixin.py:188} INFO - [2026-03-04T19:33:12.982+0000] {dagbag.py:538} INFO - Filling up the DagBag from /Users/HP/storypoints-week1/venv/lib/python3.11/site-packages/airflow/example_dags/tutorial_objectstorage.py
[2026-03-04T19:33:13.030+0000] {processor.py:840} INFO - DAG(s) 'tutorial_objectstorage' retrieved from /Users/HP/storypoints-week1/venv/lib/python3.11/site-packages/airflow/example_dags/tutorial_objectstorage.py
[2026-03-04T19:33:13.090+0000] {logging_mixin.py:188} INFO - [2026-03-04T19:33:13.089+0000] {dag.py:3033} INFO - Sync 1 DAGs
[2026-03-04T19:33:13.096+0000] {logging_mixin.py:188} INFO - [2026-03-04T19:33:13.095+0000] {dag.py:3820} INFO - Setting next_dagrun for tutorial_objectstorage to None, run_after=None
[2026-03-04T19:33:13.107+0000] {processor.py:183} INFO - Processing /Users/HP/storypoints-week1/venv/lib/python3.11/site-packages/airflow/example_dags/tutorial_objectstorage.py took 0.130 seconds
[2026-03-04T19:35:51.402+0000] {processor.py:161} INFO - Started process (PID=75942) to work on /Users/HP/storypoints-week1/venv/lib/python3.11/site-packages/airflow/example_dags/tutorial_objectstorage.py
[2026-03-04T19:35:51.405+0000] {processor.py:830} INFO - Processing file /Users/HP/storypoints-week1/venv/lib/python3.11/site-packages/airflow/example_dags/tutorial_objectstorage.py for tasks to queue
[2026-03-04T19:35:51.407+0000] {logging_mixin.py:188} INFO - [2026-03-04T19:35:51.407+0000] {dagbag.py:538} INFO - Filling up the DagBag from /Users/HP/storypoints-week1/venv/lib/python3.11/site-packages/airflow/example_dags/tutorial_objectstorage.py
[2026-03-04T19:35:51.463+0000] {processor.py:840} INFO - DAG(s) 'tutorial_objectstorage' retrieved from /Users/HP/storypoints-week1/venv/lib/python3.11/site-packages/airflow/example_dags/tutorial_objectstorage.py
[2026-03-04T19:35:51.532+0000] {logging_mixin.py:188} INFO - [2026-03-04T19:35:51.532+0000] {dag.py:3033} INFO - Sync 1 DAGs
[2026-03-04T19:35:51.540+0000] {logging_mixin.py:188} INFO - [2026-03-04T19:35:51.539+0000] {dag.py:3820} INFO - Setting next_dagrun for tutorial_objectstorage to None, run_after=None
[2026-03-04T19:35:51.554+0000] {processor.py:183} INFO - Processing /Users/HP/storypoints-week1/venv/lib/python3.11/site-packages/airflow/example_dags/tutorial_objectstorage.py took 0.153 seconds
[2026-03-04T19:37:40.546+0000] {processor.py:161} INFO - Started process (PID=76982) to work on /Users/HP/storypoints-week1/venv/lib/python3.11/site-packages/airflow/example_dags/tutorial_objectstorage.py
[2026-03-04T19:37:40.548+0000] {processor.py:830} INFO - Processing file /Users/HP/storypoints-week1/venv/lib/python3.11/site-packages/airflow/example_dags/tutorial_objectstorage.py for tasks to queue
[2026-03-04T19:37:40.550+0000] {logging_mixin.py:188} INFO - [2026-03-04T19:37:40.550+0000] {dagbag.py:538} INFO - Filling up the DagBag from /Users/HP/storypoints-week1/venv/lib/python3.11/site-packages/airflow/example_dags/tutorial_objectstorage.py
[2026-03-04T19:37:40.600+0000] {processor.py:840} INFO - DAG(s) 'tutorial_objectstorage' retrieved from /Users/HP/storypoints-week1/venv/lib/python3.11/site-packages/airflow/example_dags/tutorial_objectstorage.py
[2026-03-04T19:37:40.663+0000] {logging_mixin.py:188} INFO - [2026-03-04T19:37:40.662+0000] {dag.py:3033} INFO - Sync 1 DAGs
[2026-03-04T19:37:40.669+0000] {logging_mixin.py:188} INFO - [2026-03-04T19:37:40.669+0000] {dag.py:3820} INFO - Setting next_dagrun for tutorial_objectstorage to None, run_after=None
[2026-03-04T19:37:40.680+0000] {processor.py:183} INFO - Processing /Users/HP/storypoints-week1/venv/lib/python3.11/site-packages/airflow/example_dags/tutorial_objectstorage.py took 0.135 seconds
[2026-03-04T19:38:59.982+0000] {processor.py:161} INFO - Started process (PID=77746) to work on /Users/HP/storypoints-week1/venv/lib/python3.11/site-packages/airflow/example_dags/tutorial_objectstorage.py
[2026-03-04T19:38:59.985+0000] {processor.py:830} INFO - Processing file /Users/HP/storypoints-week1/venv/lib/python3.11/site-packages/airflow/example_dags/tutorial_objectstorage.py for tasks to queue
[2026-03-04T19:38:59.986+0000] {logging_mixin.py:188} INFO - [2026-03-04T19:38:59.986+0000] {dagbag.py:538} INFO - Filling up the DagBag from /Users/HP/storypoints-week1/venv/lib/python3.11/site-packages/airflow/example_dags/tutorial_objectstorage.py
[2026-03-04T19:39:00.035+0000] {processor.py:840} INFO - DAG(s) 'tutorial_objectstorage' retrieved from /Users/HP/storypoints-week1/venv/lib/python3.11/site-packages/airflow/example_dags/tutorial_objectstorage.py
[2026-03-04T19:39:00.094+0000] {logging_mixin.py:188} INFO - [2026-03-04T19:39:00.094+0000] {dag.py:3033} INFO - Sync 1 DAGs
[2026-03-04T19:39:00.100+0000] {logging_mixin.py:188} INFO - [2026-03-04T19:39:00.100+0000] {dag.py:3820} INFO - Setting next_dagrun for tutorial_objectstorage to None, run_after=None
[2026-03-04T19:39:00.111+0000] {processor.py:183} INFO - Processing /Users/HP/storypoints-week1/venv/lib/python3.11/site-packages/airflow/example_dags/tutorial_objectstorage.py took 0.130 seconds
[2026-03-04T19:40:14.214+0000] {processor.py:161} INFO - Started process (PID=78449) to work on /Users/HP/storypoints-week1/venv/lib/python3.11/site-packages/airflow/example_dags/tutorial_objectstorage.py
[2026-03-04T19:40:14.217+0000] {processor.py:830} INFO - Processing file /Users/HP/storypoints-week1/venv/lib/python3.11/site-packages/airflow/example_dags/tutorial_objectstorage.py for tasks to queue
[2026-03-04T19:40:14.218+0000] {logging_mixin.py:188} INFO - [2026-03-04T19:40:14.218+0000] {dagbag.py:538} INFO - Filling up the DagBag from /Users/HP/storypoints-week1/venv/lib/python3.11/site-packages/airflow/example_dags/tutorial_objectstorage.py
[2026-03-04T19:40:14.264+0000] {processor.py:840} INFO - DAG(s) 'tutorial_objectstorage' retrieved from /Users/HP/storypoints-week1/venv/lib/python3.11/site-packages/airflow/example_dags/tutorial_objectstorage.py
[2026-03-04T19:40:14.321+0000] {logging_mixin.py:188} INFO - [2026-03-04T19:40:14.321+0000] {dag.py:3033} INFO - Sync 1 DAGs
[2026-03-04T19:40:14.328+0000] {logging_mixin.py:188} INFO - [2026-03-04T19:40:14.328+0000] {dag.py:3820} INFO - Setting next_dagrun for tutorial_objectstorage to None, run_after=None
[2026-03-04T19:40:14.339+0000] {processor.py:183} INFO - Processing /Users/HP/storypoints-week1/venv/lib/python3.11/site-packages/airflow/example_dags/tutorial_objectstorage.py took 0.126 seconds
[2026-03-04T19:41:27.993+0000] {processor.py:161} INFO - Started process (PID=79146) to work on /Users/HP/storypoints-week1/venv/lib/python3.11/site-packages/airflow/example_dags/tutorial_objectstorage.py
[2026-03-04T19:41:27.995+0000] {processor.py:830} INFO - Processing file /Users/HP/storypoints-week1/venv/lib/python3.11/site-packages/airflow/example_dags/tutorial_objectstorage.py for tasks to queue
[2026-03-04T19:41:27.997+0000] {logging_mixin.py:188} INFO - [2026-03-04T19:41:27.997+0000] {dagbag.py:538} INFO - Filling up the DagBag from /Users/HP/storypoints-week1/venv/lib/python3.11/site-packages/airflow/example_dags/tutorial_objectstorage.py
[2026-03-04T19:41:28.043+0000] {processor.py:840} INFO - DAG(s) 'tutorial_objectstorage' retrieved from /Users/HP/storypoints-week1/venv/lib/python3.11/site-packages/airflow/example_dags/tutorial_objectstorage.py
[2026-03-04T19:41:28.101+0000] {logging_mixin.py:188} INFO - [2026-03-04T19:41:28.101+0000] {dag.py:3033} INFO - Sync 1 DAGs
[2026-03-04T19:41:28.107+0000] {logging_mixin.py:188} INFO - [2026-03-04T19:41:28.107+0000] {dag.py:3820} INFO - Setting next_dagrun for tutorial_objectstorage to None, run_after=None
[2026-03-04T19:41:28.118+0000] {processor.py:183} INFO - Processing /Users/HP/storypoints-week1/venv/lib/python3.11/site-packages/airflow/example_dags/tutorial_objectstorage.py took 0.127 seconds
[2026-03-04T19:42:41.872+0000] {processor.py:161} INFO - Started process (PID=79838) to work on /Users/HP/storypoints-week1/venv/lib/python3.11/site-packages/airflow/example_dags/tutorial_objectstorage.py
[2026-03-04T19:42:41.875+0000] {processor.py:830} INFO - Processing file /Users/HP/storypoints-week1/venv/lib/python3.11/site-packages/airflow/example_dags/tutorial_objectstorage.py for tasks to queue
[2026-03-04T19:42:41.877+0000] {logging_mixin.py:188} INFO - [2026-03-04T19:42:41.876+0000] {dagbag.py:538} INFO - Filling up the DagBag from /Users/HP/storypoints-week1/venv/lib/python3.11/site-packages/airflow/example_dags/tutorial_objectstorage.py
[2026-03-04T19:42:41.923+0000] {processor.py:840} INFO - DAG(s) 'tutorial_objectstorage' retrieved from /Users/HP/storypoints-week1/venv/lib/python3.11/site-packages/airflow/example_dags/tutorial_objectstorage.py
[2026-03-04T19:42:41.982+0000] {logging_mixin.py:188} INFO - [2026-03-04T19:42:41.982+0000] {dag.py:3033} INFO - Sync 1 DAGs
[2026-03-04T19:42:41.988+0000] {logging_mixin.py:188} INFO - [2026-03-04T19:42:41.988+0000] {dag.py:3820} INFO - Setting next_dagrun for tutorial_objectstorage to None, run_after=None
[2026-03-04T19:42:42.000+0000] {processor.py:183} INFO - Processing /Users/HP/storypoints-week1/venv/lib/python3.11/site-packages/airflow/example_dags/tutorial_objectstorage.py took 0.129 seconds
[2026-03-04T19:43:55.507+0000] {processor.py:161} INFO - Started process (PID=80530) to work on /Users/HP/storypoints-week1/venv/lib/python3.11/site-packages/airflow/example_dags/tutorial_objectstorage.py
[2026-03-04T19:43:55.510+0000] {processor.py:830} INFO - Processing file /Users/HP/storypoints-week1/venv/lib/python3.11/site-packages/airflow/example_dags/tutorial_objectstorage.py for tasks to queue
[2026-03-04T19:43:55.511+0000] {logging_mixin.py:188} INFO - [2026-03-04T19:43:55.511+0000] {dagbag.py:538} INFO - Filling up the DagBag from /Users/HP/storypoints-week1/venv/lib/python3.11/site-packages/airflow/example_dags/tutorial_objectstorage.py
[2026-03-04T19:43:55.557+0000] {processor.py:840} INFO - DAG(s) 'tutorial_objectstorage' retrieved from /Users/HP/storypoints-week1/venv/lib/python3.11/site-packages/airflow/example_dags/tutorial_objectstorage.py
[2026-03-04T19:43:55.617+0000] {logging_mixin.py:188} INFO - [2026-03-04T19:43:55.617+0000] {dag.py:3033} INFO - Sync 1 DAGs
[2026-03-04T19:43:55.623+0000] {logging_mixin.py:188} INFO - [2026-03-04T19:43:55.623+0000] {dag.py:3820} INFO - Setting next_dagrun for tutorial_objectstorage to None, run_after=None
[2026-03-04T19:43:55.635+0000] {processor.py:183} INFO - Processing /Users/HP/storypoints-week1/venv/lib/python3.11/site-packages/airflow/example_dags/tutorial_objectstorage.py took 0.129 seconds
[2026-03-04T19:45:09.374+0000] {processor.py:161} INFO - Started process (PID=81226) to work on /Users/HP/storypoints-week1/venv/lib/python3.11/site-packages/airflow/example_dags/tutorial_objectstorage.py
[2026-03-04T19:45:09.377+0000] {processor.py:830} INFO - Processing file /Users/HP/storypoints-week1/venv/lib/python3.11/site-packages/airflow/example_dags/tutorial_objectstorage.py for tasks to queue
[2026-03-04T19:45:09.378+0000] {logging_mixin.py:188} INFO - [2026-03-04T19:45:09.378+0000] {dagbag.py:538} INFO - Filling up the DagBag from /Users/HP/storypoints-week1/venv/lib/python3.11/site-packages/airflow/example_dags/tutorial_objectstorage.py
[2026-03-04T19:45:09.424+0000] {processor.py:840} INFO - DAG(s) 'tutorial_objectstorage' retrieved from /Users/HP/storypoints-week1/venv/lib/python3.11/site-packages/airflow/example_dags/tutorial_objectstorage.py
[2026-03-04T19:45:09.477+0000] {logging_mixin.py:188} INFO - [2026-03-04T19:45:09.477+0000] {dag.py:3033} INFO - Sync 1 DAGs
[2026-03-04T19:45:09.483+0000] {logging_mixin.py:188} INFO - [2026-03-04T19:45:09.483+0000] {dag.py:3820} INFO - Setting next_dagrun for tutorial_objectstorage to None, run_after=None
[2026-03-04T19:45:09.494+0000] {processor.py:183} INFO - Processing /Users/HP/storypoints-week1/venv/lib/python3.11/site-packages/airflow/example_dags/tutorial_objectstorage.py took 0.120 seconds
[2026-03-04T19:46:22.975+0000] {processor.py:161} INFO - Started process (PID=81923) to work on /Users/HP/storypoints-week1/venv/lib/python3.11/site-packages/airflow/example_dags/tutorial_objectstorage.py
[2026-03-04T19:46:22.978+0000] {processor.py:830} INFO - Processing file /Users/HP/storypoints-week1/venv/lib/python3.11/site-packages/airflow/example_dags/tutorial_objectstorage.py for tasks to queue
[2026-03-04T19:46:22.979+0000] {logging_mixin.py:188} INFO - [2026-03-04T19:46:22.979+0000] {dagbag.py:538} INFO - Filling up the DagBag from /Users/HP/storypoints-week1/venv/lib/python3.11/site-packages/airflow/example_dags/tutorial_objectstorage.py
[2026-03-04T19:46:23.025+0000] {processor.py:840} INFO - DAG(s) 'tutorial_objectstorage' retrieved from /Users/HP/storypoints-week1/venv/lib/python3.11/site-packages/airflow/example_dags/tutorial_objectstorage.py
[2026-03-04T19:46:23.087+0000] {logging_mixin.py:188} INFO - [2026-03-04T19:46:23.087+0000] {dag.py:3033} INFO - Sync 1 DAGs
[2026-03-04T19:46:23.093+0000] {logging_mixin.py:188} INFO - [2026-03-04T19:46:23.093+0000] {dag.py:3820} INFO - Setting next_dagrun for tutorial_objectstorage to None, run_after=None
[2026-03-04T19:46:23.105+0000] {processor.py:183} INFO - Processing /Users/HP/storypoints-week1/venv/lib/python3.11/site-packages/airflow/example_dags/tutorial_objectstorage.py took 0.130 seconds
[2026-03-04T19:59:49.879+0000] {processor.py:161} INFO - Started process (PID=82649) to work on /Users/HP/storypoints-week1/venv/lib/python3.11/site-packages/airflow/example_dags/tutorial_objectstorage.py
[2026-03-04T19:59:49.882+0000] {processor.py:830} INFO - Processing file /Users/HP/storypoints-week1/venv/lib/python3.11/site-packages/airflow/example_dags/tutorial_objectstorage.py for tasks to queue
[2026-03-04T19:59:49.884+0000] {logging_mixin.py:188} INFO - [2026-03-04T19:59:49.884+0000] {dagbag.py:538} INFO - Filling up the DagBag from /Users/HP/storypoints-week1/venv/lib/python3.11/site-packages/airflow/example_dags/tutorial_objectstorage.py
[2026-03-04T19:59:49.934+0000] {processor.py:840} INFO - DAG(s) 'tutorial_objectstorage' retrieved from /Users/HP/storypoints-week1/venv/lib/python3.11/site-packages/airflow/example_dags/tutorial_objectstorage.py
[2026-03-04T19:59:49.993+0000] {logging_mixin.py:188} INFO - [2026-03-04T19:59:49.993+0000] {dag.py:3033} INFO - Sync 1 DAGs
[2026-03-04T19:59:49.999+0000] {logging_mixin.py:188} INFO - [2026-03-04T19:59:49.999+0000] {dag.py:3820} INFO - Setting next_dagrun for tutorial_objectstorage to None, run_after=None
[2026-03-04T19:59:50.010+0000] {processor.py:183} INFO - Processing /Users/HP/storypoints-week1/venv/lib/python3.11/site-packages/airflow/example_dags/tutorial_objectstorage.py took 0.132 seconds
[2026-03-04T20:04:40.272+0000] {processor.py:161} INFO - Started process (PID=83368) to work on /Users/HP/storypoints-week1/venv/lib/python3.11/site-packages/airflow/example_dags/tutorial_objectstorage.py
[2026-03-04T20:04:40.274+0000] {processor.py:830} INFO - Processing file /Users/HP/storypoints-week1/venv/lib/python3.11/site-packages/airflow/example_dags/tutorial_objectstorage.py for tasks to queue
[2026-03-04T20:04:40.276+0000] {logging_mixin.py:188} INFO - [2026-03-04T20:04:40.276+0000] {dagbag.py:538} INFO - Filling up the DagBag from /Users/HP/storypoints-week1/venv/lib/python3.11/site-packages/airflow/example_dags/tutorial_objectstorage.py
[2026-03-04T20:04:40.321+0000] {processor.py:840} INFO - DAG(s) 'tutorial_objectstorage' retrieved from /Users/HP/storypoints-week1/venv/lib/python3.11/site-packages/airflow/example_dags/tutorial_objectstorage.py
[2026-03-04T20:04:40.379+0000] {logging_mixin.py:188} INFO - [2026-03-04T20:04:40.379+0000] {dag.py:3033} INFO - Sync 1 DAGs
[2026-03-04T20:04:40.385+0000] {logging_mixin.py:188} INFO - [2026-03-04T20:04:40.385+0000] {dag.py:3820} INFO - Setting next_dagrun for tutorial_objectstorage to None, run_after=None
[2026-03-04T20:04:40.396+0000] {processor.py:183} INFO - Processing /Users/HP/storypoints-week1/venv/lib/python3.11/site-packages/airflow/example_dags/tutorial_objectstorage.py took 0.125 seconds
[2026-03-04T20:13:49.933+0000] {processor.py:161} INFO - Started process (PID=84247) to work on /Users/HP/storypoints-week1/venv/lib/python3.11/site-packages/airflow/example_dags/tutorial_objectstorage.py
[2026-03-04T20:13:49.937+0000] {processor.py:830} INFO - Processing file /Users/HP/storypoints-week1/venv/lib/python3.11/site-packages/airflow/example_dags/tutorial_objectstorage.py for tasks to queue
[2026-03-04T20:13:49.938+0000] {logging_mixin.py:188} INFO - [2026-03-04T20:13:49.938+0000] {dagbag.py:538} INFO - Filling up the DagBag from /Users/HP/storypoints-week1/venv/lib/python3.11/site-packages/airflow/example_dags/tutorial_objectstorage.py
[2026-03-04T20:13:49.994+0000] {processor.py:840} INFO - DAG(s) 'tutorial_objectstorage' retrieved from /Users/HP/storypoints-week1/venv/lib/python3.11/site-packages/airflow/example_dags/tutorial_objectstorage.py
[2026-03-04T20:13:50.069+0000] {logging_mixin.py:188} INFO - [2026-03-04T20:13:50.069+0000] {dag.py:3033} INFO - Sync 1 DAGs
[2026-03-04T20:13:50.076+0000] {logging_mixin.py:188} INFO - [2026-03-04T20:13:50.076+0000] {dag.py:3820} INFO - Setting next_dagrun for tutorial_objectstorage to None, run_after=None
[2026-03-04T20:13:50.091+0000] {processor.py:183} INFO - Processing /Users/HP/storypoints-week1/venv/lib/python3.11/site-packages/airflow/example_dags/tutorial_objectstorage.py took 0.159 seconds
[2026-03-04T20:15:08.558+0000] {processor.py:161} INFO - Started process (PID=84977) to work on /Users/HP/storypoints-week1/venv/lib/python3.11/site-packages/airflow/example_dags/tutorial_objectstorage.py
[2026-03-04T20:15:08.560+0000] {processor.py:830} INFO - Processing file /Users/HP/storypoints-week1/venv/lib/python3.11/site-packages/airflow/example_dags/tutorial_objectstorage.py for tasks to queue
[2026-03-04T20:15:08.562+0000] {logging_mixin.py:188} INFO - [2026-03-04T20:15:08.562+0000] {dagbag.py:538} INFO - Filling up the DagBag from /Users/HP/storypoints-week1/venv/lib/python3.11/site-packages/airflow/example_dags/tutorial_objectstorage.py
[2026-03-04T20:15:08.613+0000] {processor.py:840} INFO - DAG(s) 'tutorial_objectstorage' retrieved from /Users/HP/storypoints-week1/venv/lib/python3.11/site-packages/airflow/example_dags/tutorial_objectstorage.py
[2026-03-04T20:15:08.665+0000] {logging_mixin.py:188} INFO - [2026-03-04T20:15:08.664+0000] {dag.py:3033} INFO - Sync 1 DAGs
[2026-03-04T20:15:08.670+0000] {logging_mixin.py:188} INFO - [2026-03-04T20:15:08.670+0000] {dag.py:3820} INFO - Setting next_dagrun for tutorial_objectstorage to None, run_after=None
[2026-03-04T20:15:08.680+0000] {processor.py:183} INFO - Processing /Users/HP/storypoints-week1/venv/lib/python3.11/site-packages/airflow/example_dags/tutorial_objectstorage.py took 0.123 seconds
[2026-03-04T20:23:16.500+0000] {processor.py:161} INFO - Started process (PID=85723) to work on /Users/HP/storypoints-week1/venv/lib/python3.11/site-packages/airflow/example_dags/tutorial_objectstorage.py
[2026-03-04T20:23:16.504+0000] {processor.py:830} INFO - Processing file /Users/HP/storypoints-week1/venv/lib/python3.11/site-packages/airflow/example_dags/tutorial_objectstorage.py for tasks to queue
[2026-03-04T20:23:16.505+0000] {logging_mixin.py:188} INFO - [2026-03-04T20:23:16.505+0000] {dagbag.py:538} INFO - Filling up the DagBag from /Users/HP/storypoints-week1/venv/lib/python3.11/site-packages/airflow/example_dags/tutorial_objectstorage.py
[2026-03-04T20:23:16.555+0000] {processor.py:840} INFO - DAG(s) 'tutorial_objectstorage' retrieved from /Users/HP/storypoints-week1/venv/lib/python3.11/site-packages/airflow/example_dags/tutorial_objectstorage.py
[2026-03-04T20:23:16.608+0000] {logging_mixin.py:188} INFO - [2026-03-04T20:23:16.608+0000] {dag.py:3033} INFO - Sync 1 DAGs
[2026-03-04T20:23:16.613+0000] {logging_mixin.py:188} INFO - [2026-03-04T20:23:16.613+0000] {dag.py:3820} INFO - Setting next_dagrun for tutorial_objectstorage to None, run_after=None
[2026-03-04T20:23:16.623+0000] {processor.py:183} INFO - Processing /Users/HP/storypoints-week1/venv/lib/python3.11/site-packages/airflow/example_dags/tutorial_objectstorage.py took 0.124 seconds
[2026-03-04T20:24:46.297+0000] {processor.py:161} INFO - Started process (PID=86565) to work on /Users/HP/storypoints-week1/venv/lib/python3.11/site-packages/airflow/example_dags/tutorial_objectstorage.py
[2026-03-04T20:24:46.299+0000] {processor.py:830} INFO - Processing file /Users/HP/storypoints-week1/venv/lib/python3.11/site-packages/airflow/example_dags/tutorial_objectstorage.py for tasks to queue
[2026-03-04T20:24:46.301+0000] {logging_mixin.py:188} INFO - [2026-03-04T20:24:46.301+0000] {dagbag.py:538} INFO - Filling up the DagBag from /Users/HP/storypoints-week1/venv/lib/python3.11/site-packages/airflow/example_dags/tutorial_objectstorage.py
[2026-03-04T20:24:46.346+0000] {processor.py:840} INFO - DAG(s) 'tutorial_objectstorage' retrieved from /Users/HP/storypoints-week1/venv/lib/python3.11/site-packages/airflow/example_dags/tutorial_objectstorage.py
[2026-03-04T20:24:46.406+0000] {logging_mixin.py:188} INFO - [2026-03-04T20:24:46.405+0000] {dag.py:3033} INFO - Sync 1 DAGs
[2026-03-04T20:24:46.412+0000] {logging_mixin.py:188} INFO - [2026-03-04T20:24:46.411+0000] {dag.py:3820} INFO - Setting next_dagrun for tutorial_objectstorage to None, run_after=None
[2026-03-04T20:24:46.422+0000] {processor.py:183} INFO - Processing /Users/HP/storypoints-week1/venv/lib/python3.11/site-packages/airflow/example_dags/tutorial_objectstorage.py took 0.126 seconds
[2026-03-04T20:29:24.817+0000] {processor.py:161} INFO - Started process (PID=87291) to work on /Users/HP/storypoints-week1/venv/lib/python3.11/site-packages/airflow/example_dags/tutorial_objectstorage.py
[2026-03-04T20:29:24.819+0000] {processor.py:830} INFO - Processing file /Users/HP/storypoints-week1/venv/lib/python3.11/site-packages/airflow/example_dags/tutorial_objectstorage.py for tasks to queue
[2026-03-04T20:29:24.821+0000] {logging_mixin.py:188} INFO - [2026-03-04T20:29:24.821+0000] {dagbag.py:538} INFO - Filling up the DagBag from /Users/HP/storypoints-week1/venv/lib/python3.11/site-packages/airflow/example_dags/tutorial_objectstorage.py
[2026-03-04T20:29:24.866+0000] {processor.py:840} INFO - DAG(s) 'tutorial_objectstorage' retrieved from /Users/HP/storypoints-week1/venv/lib/python3.11/site-packages/airflow/example_dags/tutorial_objectstorage.py
[2026-03-04T20:29:24.925+0000] {logging_mixin.py:188} INFO - [2026-03-04T20:29:24.924+0000] {dag.py:3033} INFO - Sync 1 DAGs
[2026-03-04T20:29:24.930+0000] {logging_mixin.py:188} INFO - [2026-03-04T20:29:24.930+0000] {dag.py:3820} INFO - Setting next_dagrun for tutorial_objectstorage to None, run_after=None
[2026-03-04T20:29:24.941+0000] {processor.py:183} INFO - Processing /Users/HP/storypoints-week1/venv/lib/python3.11/site-packages/airflow/example_dags/tutorial_objectstorage.py took 0.125 seconds
[2026-03-04T20:48:36.798+0000] {processor.py:161} INFO - Started process (PID=88099) to work on /Users/HP/storypoints-week1/venv/lib/python3.11/site-packages/airflow/example_dags/tutorial_objectstorage.py
[2026-03-04T20:48:36.800+0000] {processor.py:830} INFO - Processing file /Users/HP/storypoints-week1/venv/lib/python3.11/site-packages/airflow/example_dags/tutorial_objectstorage.py for tasks to queue
[2026-03-04T20:48:36.801+0000] {logging_mixin.py:188} INFO - [2026-03-04T20:48:36.801+0000] {dagbag.py:538} INFO - Filling up the DagBag from /Users/HP/storypoints-week1/venv/lib/python3.11/site-packages/airflow/example_dags/tutorial_objectstorage.py
[2026-03-04T20:48:36.844+0000] {processor.py:840} INFO - DAG(s) 'tutorial_objectstorage' retrieved from /Users/HP/storypoints-week1/venv/lib/python3.11/site-packages/airflow/example_dags/tutorial_objectstorage.py
[2026-03-04T20:48:36.900+0000] {logging_mixin.py:188} INFO - [2026-03-04T20:48:36.900+0000] {dag.py:3033} INFO - Sync 1 DAGs
[2026-03-04T20:48:36.906+0000] {logging_mixin.py:188} INFO - [2026-03-04T20:48:36.906+0000] {dag.py:3820} INFO - Setting next_dagrun for tutorial_objectstorage to None, run_after=None
[2026-03-04T20:48:36.918+0000] {processor.py:183} INFO - Processing /Users/HP/storypoints-week1/venv/lib/python3.11/site-packages/airflow/example_dags/tutorial_objectstorage.py took 0.121 seconds
[2026-03-04T22:17:19.989+0000] {processor.py:161} INFO - Started process (PID=88859) to work on /Users/HP/storypoints-week1/venv/lib/python3.11/site-packages/airflow/example_dags/tutorial_objectstorage.py
[2026-03-04T22:17:19.992+0000] {processor.py:830} INFO - Processing file /Users/HP/storypoints-week1/venv/lib/python3.11/site-packages/airflow/example_dags/tutorial_objectstorage.py for tasks to queue
[2026-03-04T22:17:19.994+0000] {logging_mixin.py:188} INFO - [2026-03-04T22:17:19.993+0000] {dagbag.py:538} INFO - Filling up the DagBag from /Users/HP/storypoints-week1/venv/lib/python3.11/site-packages/airflow/example_dags/tutorial_objectstorage.py
[2026-03-04T22:17:20.040+0000] {processor.py:840} INFO - DAG(s) 'tutorial_objectstorage' retrieved from /Users/HP/storypoints-week1/venv/lib/python3.11/site-packages/airflow/example_dags/tutorial_objectstorage.py
[2026-03-04T22:17:20.100+0000] {logging_mixin.py:188} INFO - [2026-03-04T22:17:20.099+0000] {dag.py:3033} INFO - Sync 1 DAGs
[2026-03-04T22:17:20.106+0000] {logging_mixin.py:188} INFO - [2026-03-04T22:17:20.106+0000] {dag.py:3820} INFO - Setting next_dagrun for tutorial_objectstorage to None, run_after=None
[2026-03-04T22:17:20.117+0000] {processor.py:183} INFO - Processing /Users/HP/storypoints-week1/venv/lib/python3.11/site-packages/airflow/example_dags/tutorial_objectstorage.py took 0.129 seconds
[2026-03-04T22:18:59.394+0000] {processor.py:161} INFO - Started process (PID=89797) to work on /Users/HP/storypoints-week1/venv/lib/python3.11/site-packages/airflow/example_dags/tutorial_objectstorage.py
[2026-03-04T22:18:59.396+0000] {processor.py:830} INFO - Processing file /Users/HP/storypoints-week1/venv/lib/python3.11/site-packages/airflow/example_dags/tutorial_objectstorage.py for tasks to queue
[2026-03-04T22:18:59.398+0000] {logging_mixin.py:188} INFO - [2026-03-04T22:18:59.398+0000] {dagbag.py:538} INFO - Filling up the DagBag from /Users/HP/storypoints-week1/venv/lib/python3.11/site-packages/airflow/example_dags/tutorial_objectstorage.py
[2026-03-04T22:18:59.444+0000] {processor.py:840} INFO - DAG(s) 'tutorial_objectstorage' retrieved from /Users/HP/storypoints-week1/venv/lib/python3.11/site-packages/airflow/example_dags/tutorial_objectstorage.py
[2026-03-04T22:18:59.504+0000] {logging_mixin.py:188} INFO - [2026-03-04T22:18:59.504+0000] {dag.py:3033} INFO - Sync 1 DAGs
[2026-03-04T22:18:59.510+0000] {logging_mixin.py:188} INFO - [2026-03-04T22:18:59.510+0000] {dag.py:3820} INFO - Setting next_dagrun for tutorial_objectstorage to None, run_after=None
[2026-03-04T22:18:59.522+0000] {processor.py:183} INFO - Processing /Users/HP/storypoints-week1/venv/lib/python3.11/site-packages/airflow/example_dags/tutorial_objectstorage.py took 0.129 seconds
[2026-03-04T23:05:46.274+0000] {processor.py:161} INFO - Started process (PID=90552) to work on /Users/HP/storypoints-week1/venv/lib/python3.11/site-packages/airflow/example_dags/tutorial_objectstorage.py
[2026-03-04T23:05:46.277+0000] {processor.py:830} INFO - Processing file /Users/HP/storypoints-week1/venv/lib/python3.11/site-packages/airflow/example_dags/tutorial_objectstorage.py for tasks to queue
[2026-03-04T23:05:46.279+0000] {logging_mixin.py:188} INFO - [2026-03-04T23:05:46.279+0000] {dagbag.py:538} INFO - Filling up the DagBag from /Users/HP/storypoints-week1/venv/lib/python3.11/site-packages/airflow/example_dags/tutorial_objectstorage.py
[2026-03-04T23:05:46.341+0000] {processor.py:840} INFO - DAG(s) 'tutorial_objectstorage' retrieved from /Users/HP/storypoints-week1/venv/lib/python3.11/site-packages/airflow/example_dags/tutorial_objectstorage.py
[2026-03-04T23:05:46.402+0000] {logging_mixin.py:188} INFO - [2026-03-04T23:05:46.402+0000] {dag.py:3033} INFO - Sync 1 DAGs
[2026-03-04T23:05:46.408+0000] {logging_mixin.py:188} INFO - [2026-03-04T23:05:46.408+0000] {dag.py:3820} INFO - Setting next_dagrun for tutorial_objectstorage to None, run_after=None
[2026-03-04T23:05:46.420+0000] {processor.py:183} INFO - Processing /Users/HP/storypoints-week1/venv/lib/python3.11/site-packages/airflow/example_dags/tutorial_objectstorage.py took 0.147 seconds
[2026-03-04T23:07:00.286+0000] {processor.py:161} INFO - Started process (PID=91274) to work on /Users/HP/storypoints-week1/venv/lib/python3.11/site-packages/airflow/example_dags/tutorial_objectstorage.py
[2026-03-04T23:07:00.288+0000] {processor.py:830} INFO - Processing file /Users/HP/storypoints-week1/venv/lib/python3.11/site-packages/airflow/example_dags/tutorial_objectstorage.py for tasks to queue
[2026-03-04T23:07:00.290+0000] {logging_mixin.py:188} INFO - [2026-03-04T23:07:00.290+0000] {dagbag.py:538} INFO - Filling up the DagBag from /Users/HP/storypoints-week1/venv/lib/python3.11/site-packages/airflow/example_dags/tutorial_objectstorage.py
[2026-03-04T23:07:00.336+0000] {processor.py:840} INFO - DAG(s) 'tutorial_objectstorage' retrieved from /Users/HP/storypoints-week1/venv/lib/python3.11/site-packages/airflow/example_dags/tutorial_objectstorage.py
[2026-03-04T23:07:00.394+0000] {logging_mixin.py:188} INFO - [2026-03-04T23:07:00.394+0000] {dag.py:3033} INFO - Sync 1 DAGs
[2026-03-04T23:07:00.399+0000] {logging_mixin.py:188} INFO - [2026-03-04T23:07:00.399+0000] {dag.py:3820} INFO - Setting next_dagrun for tutorial_objectstorage to None, run_after=None
[2026-03-04T23:07:00.410+0000] {processor.py:183} INFO - Processing /Users/HP/storypoints-week1/venv/lib/python3.11/site-packages/airflow/example_dags/tutorial_objectstorage.py took 0.124 seconds
[2026-03-04T23:19:09.399+0000] {processor.py:161} INFO - Started process (PID=91976) to work on /Users/HP/storypoints-week1/venv/lib/python3.11/site-packages/airflow/example_dags/tutorial_objectstorage.py
[2026-03-04T23:19:09.401+0000] {processor.py:830} INFO - Processing file /Users/HP/storypoints-week1/venv/lib/python3.11/site-packages/airflow/example_dags/tutorial_objectstorage.py for tasks to queue
[2026-03-04T23:19:09.403+0000] {logging_mixin.py:188} INFO - [2026-03-04T23:19:09.402+0000] {dagbag.py:538} INFO - Filling up the DagBag from /Users/HP/storypoints-week1/venv/lib/python3.11/site-packages/airflow/example_dags/tutorial_objectstorage.py
[2026-03-04T23:19:09.445+0000] {processor.py:840} INFO - DAG(s) 'tutorial_objectstorage' retrieved from /Users/HP/storypoints-week1/venv/lib/python3.11/site-packages/airflow/example_dags/tutorial_objectstorage.py
[2026-03-04T23:19:09.504+0000] {logging_mixin.py:188} INFO - [2026-03-04T23:19:09.504+0000] {dag.py:3033} INFO - Sync 1 DAGs
[2026-03-04T23:19:09.510+0000] {logging_mixin.py:188} INFO - [2026-03-04T23:19:09.510+0000] {dag.py:3820} INFO - Setting next_dagrun for tutorial_objectstorage to None, run_after=None
[2026-03-04T23:19:09.521+0000] {processor.py:183} INFO - Processing /Users/HP/storypoints-week1/venv/lib/python3.11/site-packages/airflow/example_dags/tutorial_objectstorage.py took 0.123 seconds
[2026-03-04T23:20:43.633+0000] {processor.py:161} INFO - Started process (PID=92683) to work on /Users/HP/storypoints-week1/venv/lib/python3.11/site-packages/airflow/example_dags/tutorial_objectstorage.py
[2026-03-04T23:20:43.636+0000] {processor.py:830} INFO - Processing file /Users/HP/storypoints-week1/venv/lib/python3.11/site-packages/airflow/example_dags/tutorial_objectstorage.py for tasks to queue
[2026-03-04T23:20:43.637+0000] {logging_mixin.py:188} INFO - [2026-03-04T23:20:43.637+0000] {dagbag.py:538} INFO - Filling up the DagBag from /Users/HP/storypoints-week1/venv/lib/python3.11/site-packages/airflow/example_dags/tutorial_objectstorage.py
[2026-03-04T23:20:43.684+0000] {processor.py:840} INFO - DAG(s) 'tutorial_objectstorage' retrieved from /Users/HP/storypoints-week1/venv/lib/python3.11/site-packages/airflow/example_dags/tutorial_objectstorage.py
[2026-03-04T23:20:43.741+0000] {logging_mixin.py:188} INFO - [2026-03-04T23:20:43.741+0000] {dag.py:3033} INFO - Sync 1 DAGs
[2026-03-04T23:20:43.746+0000] {logging_mixin.py:188} INFO - [2026-03-04T23:20:43.746+0000] {dag.py:3820} INFO - Setting next_dagrun for tutorial_objectstorage to None, run_after=None
[2026-03-04T23:20:43.757+0000] {processor.py:183} INFO - Processing /Users/HP/storypoints-week1/venv/lib/python3.11/site-packages/airflow/example_dags/tutorial_objectstorage.py took 0.124 seconds
