[2026-03-04T19:01:23.768+0000] {processor.py:161} INFO - Started process (PID=54301) to work on /Users/HP/storypoints-week1/venv/lib/python3.11/site-packages/airflow/example_dags/tutorial_dag.py
[2026-03-04T19:01:23.770+0000] {processor.py:830} INFO - Processing file /Users/HP/storypoints-week1/venv/lib/python3.11/site-packages/airflow/example_dags/tutorial_dag.py for tasks to queue
[2026-03-04T19:01:23.771+0000] {logging_mixin.py:188} INFO - [2026-03-04T19:01:23.771+0000] {dagbag.py:538} INFO - Filling up the DagBag from /Users/HP/storypoints-week1/venv/lib/python3.11/site-packages/airflow/example_dags/tutorial_dag.py
[2026-03-04T19:01:23.789+0000] {processor.py:840} INFO - DAG(s) 'tutorial_dag' retrieved from /Users/HP/storypoints-week1/venv/lib/python3.11/site-packages/airflow/example_dags/tutorial_dag.py
[2026-03-04T19:01:23.911+0000] {logging_mixin.py:188} INFO - [2026-03-04T19:01:23.909+0000] {override.py:1769} INFO - Created Permission View: can edit on DAG:tutorial_dag
[2026-03-04T19:01:23.917+0000] {logging_mixin.py:188} INFO - [2026-03-04T19:01:23.916+0000] {override.py:1769} INFO - Created Permission View: can read on DAG:tutorial_dag
[2026-03-04T19:01:23.920+0000] {logging_mixin.py:188} INFO - [2026-03-04T19:01:23.920+0000] {override.py:1769} INFO - Created Permission View: can delete on DAG:tutorial_dag
[2026-03-04T19:01:23.920+0000] {logging_mixin.py:188} INFO - [2026-03-04T19:01:23.920+0000] {dag.py:3033} INFO - Sync 1 DAGs
[2026-03-04T19:01:23.926+0000] {logging_mixin.py:188} INFO - [2026-03-04T19:01:23.926+0000] {dag.py:3055} INFO - Creating ORM DAG for tutorial_dag
[2026-03-04T19:01:23.927+0000] {logging_mixin.py:188} INFO - [2026-03-04T19:01:23.926+0000] {dag.py:3820} INFO - Setting next_dagrun for tutorial_dag to None, run_after=None
[2026-03-04T19:01:23.937+0000] {processor.py:183} INFO - Processing /Users/HP/storypoints-week1/venv/lib/python3.11/site-packages/airflow/example_dags/tutorial_dag.py took 0.171 seconds
[2026-03-04T19:03:24.560+0000] {processor.py:161} INFO - Started process (PID=55456) to work on /Users/HP/storypoints-week1/venv/lib/python3.11/site-packages/airflow/example_dags/tutorial_dag.py
[2026-03-04T19:03:24.562+0000] {processor.py:830} INFO - Processing file /Users/HP/storypoints-week1/venv/lib/python3.11/site-packages/airflow/example_dags/tutorial_dag.py for tasks to queue
[2026-03-04T19:03:24.564+0000] {logging_mixin.py:188} INFO - [2026-03-04T19:03:24.564+0000] {dagbag.py:538} INFO - Filling up the DagBag from /Users/HP/storypoints-week1/venv/lib/python3.11/site-packages/airflow/example_dags/tutorial_dag.py
[2026-03-04T19:03:24.581+0000] {processor.py:840} INFO - DAG(s) 'tutorial_dag' retrieved from /Users/HP/storypoints-week1/venv/lib/python3.11/site-packages/airflow/example_dags/tutorial_dag.py
[2026-03-04T19:03:24.637+0000] {logging_mixin.py:188} INFO - [2026-03-04T19:03:24.637+0000] {dag.py:3033} INFO - Sync 1 DAGs
[2026-03-04T19:03:24.643+0000] {logging_mixin.py:188} INFO - [2026-03-04T19:03:24.643+0000] {dag.py:3820} INFO - Setting next_dagrun for tutorial_dag to None, run_after=None
[2026-03-04T19:03:24.654+0000] {processor.py:183} INFO - Processing /Users/HP/storypoints-week1/venv/lib/python3.11/site-packages/airflow/example_dags/tutorial_dag.py took 0.095 seconds
[2026-03-04T19:05:00.606+0000] {processor.py:161} INFO - Started process (PID=56783) to work on /Users/HP/storypoints-week1/venv/lib/python3.11/site-packages/airflow/example_dags/tutorial_dag.py
[2026-03-04T19:05:00.609+0000] {processor.py:830} INFO - Processing file /Users/HP/storypoints-week1/venv/lib/python3.11/site-packages/airflow/example_dags/tutorial_dag.py for tasks to queue
[2026-03-04T19:05:00.610+0000] {logging_mixin.py:188} INFO - [2026-03-04T19:05:00.610+0000] {dagbag.py:538} INFO - Filling up the DagBag from /Users/HP/storypoints-week1/venv/lib/python3.11/site-packages/airflow/example_dags/tutorial_dag.py
[2026-03-04T19:05:00.629+0000] {processor.py:840} INFO - DAG(s) 'tutorial_dag' retrieved from /Users/HP/storypoints-week1/venv/lib/python3.11/site-packages/airflow/example_dags/tutorial_dag.py
[2026-03-04T19:05:00.697+0000] {logging_mixin.py:188} INFO - [2026-03-04T19:05:00.697+0000] {dag.py:3033} INFO - Sync 1 DAGs
[2026-03-04T19:05:00.704+0000] {logging_mixin.py:188} INFO - [2026-03-04T19:05:00.703+0000] {dag.py:3820} INFO - Setting next_dagrun for tutorial_dag to None, run_after=None
[2026-03-04T19:05:00.717+0000] {processor.py:183} INFO - Processing /Users/HP/storypoints-week1/venv/lib/python3.11/site-packages/airflow/example_dags/tutorial_dag.py took 0.112 seconds
[2026-03-04T19:06:30.945+0000] {processor.py:161} INFO - Started process (PID=57632) to work on /Users/HP/storypoints-week1/venv/lib/python3.11/site-packages/airflow/example_dags/tutorial_dag.py
[2026-03-04T19:06:30.948+0000] {processor.py:830} INFO - Processing file /Users/HP/storypoints-week1/venv/lib/python3.11/site-packages/airflow/example_dags/tutorial_dag.py for tasks to queue
[2026-03-04T19:06:30.950+0000] {logging_mixin.py:188} INFO - [2026-03-04T19:06:30.950+0000] {dagbag.py:538} INFO - Filling up the DagBag from /Users/HP/storypoints-week1/venv/lib/python3.11/site-packages/airflow/example_dags/tutorial_dag.py
[2026-03-04T19:06:30.968+0000] {processor.py:840} INFO - DAG(s) 'tutorial_dag' retrieved from /Users/HP/storypoints-week1/venv/lib/python3.11/site-packages/airflow/example_dags/tutorial_dag.py
[2026-03-04T19:06:31.026+0000] {logging_mixin.py:188} INFO - [2026-03-04T19:06:31.026+0000] {dag.py:3033} INFO - Sync 1 DAGs
[2026-03-04T19:06:31.032+0000] {logging_mixin.py:188} INFO - [2026-03-04T19:06:31.032+0000] {dag.py:3820} INFO - Setting next_dagrun for tutorial_dag to None, run_after=None
[2026-03-04T19:06:31.044+0000] {processor.py:183} INFO - Processing /Users/HP/storypoints-week1/venv/lib/python3.11/site-packages/airflow/example_dags/tutorial_dag.py took 0.099 seconds
[2026-03-04T19:07:45.845+0000] {processor.py:161} INFO - Started process (PID=58347) to work on /Users/HP/storypoints-week1/venv/lib/python3.11/site-packages/airflow/example_dags/tutorial_dag.py
[2026-03-04T19:07:45.848+0000] {processor.py:830} INFO - Processing file /Users/HP/storypoints-week1/venv/lib/python3.11/site-packages/airflow/example_dags/tutorial_dag.py for tasks to queue
[2026-03-04T19:07:45.850+0000] {logging_mixin.py:188} INFO - [2026-03-04T19:07:45.850+0000] {dagbag.py:538} INFO - Filling up the DagBag from /Users/HP/storypoints-week1/venv/lib/python3.11/site-packages/airflow/example_dags/tutorial_dag.py
[2026-03-04T19:07:45.868+0000] {processor.py:840} INFO - DAG(s) 'tutorial_dag' retrieved from /Users/HP/storypoints-week1/venv/lib/python3.11/site-packages/airflow/example_dags/tutorial_dag.py
[2026-03-04T19:07:45.929+0000] {logging_mixin.py:188} INFO - [2026-03-04T19:07:45.929+0000] {dag.py:3033} INFO - Sync 1 DAGs
[2026-03-04T19:07:45.935+0000] {logging_mixin.py:188} INFO - [2026-03-04T19:07:45.935+0000] {dag.py:3820} INFO - Setting next_dagrun for tutorial_dag to None, run_after=None
[2026-03-04T19:07:45.947+0000] {processor.py:183} INFO - Processing /Users/HP/storypoints-week1/venv/lib/python3.11/site-packages/airflow/example_dags/tutorial_dag.py took 0.102 seconds
[2026-03-04T19:09:03.679+0000] {processor.py:161} INFO - Started process (PID=59099) to work on /Users/HP/storypoints-week1/venv/lib/python3.11/site-packages/airflow/example_dags/tutorial_dag.py
[2026-03-04T19:09:03.682+0000] {processor.py:830} INFO - Processing file /Users/HP/storypoints-week1/venv/lib/python3.11/site-packages/airflow/example_dags/tutorial_dag.py for tasks to queue
[2026-03-04T19:09:03.683+0000] {logging_mixin.py:188} INFO - [2026-03-04T19:09:03.683+0000] {dagbag.py:538} INFO - Filling up the DagBag from /Users/HP/storypoints-week1/venv/lib/python3.11/site-packages/airflow/example_dags/tutorial_dag.py
[2026-03-04T19:09:03.701+0000] {processor.py:840} INFO - DAG(s) 'tutorial_dag' retrieved from /Users/HP/storypoints-week1/venv/lib/python3.11/site-packages/airflow/example_dags/tutorial_dag.py
[2026-03-04T19:09:03.760+0000] {logging_mixin.py:188} INFO - [2026-03-04T19:09:03.760+0000] {dag.py:3033} INFO - Sync 1 DAGs
[2026-03-04T19:09:03.766+0000] {logging_mixin.py:188} INFO - [2026-03-04T19:09:03.766+0000] {dag.py:3820} INFO - Setting next_dagrun for tutorial_dag to None, run_after=None
[2026-03-04T19:09:03.778+0000] {processor.py:183} INFO - Processing /Users/HP/storypoints-week1/venv/lib/python3.11/site-packages/airflow/example_dags/tutorial_dag.py took 0.099 seconds
[2026-03-04T19:10:28.153+0000] {processor.py:161} INFO - Started process (PID=59904) to work on /Users/HP/storypoints-week1/venv/lib/python3.11/site-packages/airflow/example_dags/tutorial_dag.py
[2026-03-04T19:10:28.156+0000] {processor.py:830} INFO - Processing file /Users/HP/storypoints-week1/venv/lib/python3.11/site-packages/airflow/example_dags/tutorial_dag.py for tasks to queue
[2026-03-04T19:10:28.158+0000] {logging_mixin.py:188} INFO - [2026-03-04T19:10:28.158+0000] {dagbag.py:538} INFO - Filling up the DagBag from /Users/HP/storypoints-week1/venv/lib/python3.11/site-packages/airflow/example_dags/tutorial_dag.py
[2026-03-04T19:10:28.179+0000] {processor.py:840} INFO - DAG(s) 'tutorial_dag' retrieved from /Users/HP/storypoints-week1/venv/lib/python3.11/site-packages/airflow/example_dags/tutorial_dag.py
[2026-03-04T19:10:28.240+0000] {logging_mixin.py:188} INFO - [2026-03-04T19:10:28.240+0000] {dag.py:3033} INFO - Sync 1 DAGs
[2026-03-04T19:10:28.246+0000] {logging_mixin.py:188} INFO - [2026-03-04T19:10:28.246+0000] {dag.py:3820} INFO - Setting next_dagrun for tutorial_dag to None, run_after=None
[2026-03-04T19:10:28.258+0000] {processor.py:183} INFO - Processing /Users/HP/storypoints-week1/venv/lib/python3.11/site-packages/airflow/example_dags/tutorial_dag.py took 0.106 seconds
[2026-03-04T19:11:48.506+0000] {processor.py:161} INFO - Started process (PID=60671) to work on /Users/HP/storypoints-week1/venv/lib/python3.11/site-packages/airflow/example_dags/tutorial_dag.py
[2026-03-04T19:11:48.509+0000] {processor.py:830} INFO - Processing file /Users/HP/storypoints-week1/venv/lib/python3.11/site-packages/airflow/example_dags/tutorial_dag.py for tasks to queue
[2026-03-04T19:11:48.511+0000] {logging_mixin.py:188} INFO - [2026-03-04T19:11:48.511+0000] {dagbag.py:538} INFO - Filling up the DagBag from /Users/HP/storypoints-week1/venv/lib/python3.11/site-packages/airflow/example_dags/tutorial_dag.py
[2026-03-04T19:11:48.529+0000] {processor.py:840} INFO - DAG(s) 'tutorial_dag' retrieved from /Users/HP/storypoints-week1/venv/lib/python3.11/site-packages/airflow/example_dags/tutorial_dag.py
[2026-03-04T19:11:48.589+0000] {logging_mixin.py:188} INFO - [2026-03-04T19:11:48.589+0000] {dag.py:3033} INFO - Sync 1 DAGs
[2026-03-04T19:11:48.595+0000] {logging_mixin.py:188} INFO - [2026-03-04T19:11:48.595+0000] {dag.py:3820} INFO - Setting next_dagrun for tutorial_dag to None, run_after=None
[2026-03-04T19:11:48.606+0000] {processor.py:183} INFO - Processing /Users/HP/storypoints-week1/venv/lib/python3.11/site-packages/airflow/example_dags/tutorial_dag.py took 0.101 seconds
[2026-03-04T19:33:15.762+0000] {processor.py:161} INFO - Started process (PID=74279) to work on /Users/HP/storypoints-week1/venv/lib/python3.11/site-packages/airflow/example_dags/tutorial_dag.py
[2026-03-04T19:33:15.766+0000] {processor.py:830} INFO - Processing file /Users/HP/storypoints-week1/venv/lib/python3.11/site-packages/airflow/example_dags/tutorial_dag.py for tasks to queue
[2026-03-04T19:33:15.768+0000] {logging_mixin.py:188} INFO - [2026-03-04T19:33:15.768+0000] {dagbag.py:538} INFO - Filling up the DagBag from /Users/HP/storypoints-week1/venv/lib/python3.11/site-packages/airflow/example_dags/tutorial_dag.py
[2026-03-04T19:33:15.792+0000] {processor.py:840} INFO - DAG(s) 'tutorial_dag' retrieved from /Users/HP/storypoints-week1/venv/lib/python3.11/site-packages/airflow/example_dags/tutorial_dag.py
[2026-03-04T19:33:15.862+0000] {logging_mixin.py:188} INFO - [2026-03-04T19:33:15.862+0000] {dag.py:3033} INFO - Sync 1 DAGs
[2026-03-04T19:33:15.870+0000] {logging_mixin.py:188} INFO - [2026-03-04T19:33:15.870+0000] {dag.py:3820} INFO - Setting next_dagrun for tutorial_dag to None, run_after=None
[2026-03-04T19:33:15.883+0000] {processor.py:183} INFO - Processing /Users/HP/storypoints-week1/venv/lib/python3.11/site-packages/airflow/example_dags/tutorial_dag.py took 0.122 seconds
[2026-03-04T19:35:54.345+0000] {processor.py:161} INFO - Started process (PID=75970) to work on /Users/HP/storypoints-week1/venv/lib/python3.11/site-packages/airflow/example_dags/tutorial_dag.py
[2026-03-04T19:35:54.348+0000] {processor.py:830} INFO - Processing file /Users/HP/storypoints-week1/venv/lib/python3.11/site-packages/airflow/example_dags/tutorial_dag.py for tasks to queue
[2026-03-04T19:35:54.350+0000] {logging_mixin.py:188} INFO - [2026-03-04T19:35:54.350+0000] {dagbag.py:538} INFO - Filling up the DagBag from /Users/HP/storypoints-week1/venv/lib/python3.11/site-packages/airflow/example_dags/tutorial_dag.py
[2026-03-04T19:35:54.373+0000] {processor.py:840} INFO - DAG(s) 'tutorial_dag' retrieved from /Users/HP/storypoints-week1/venv/lib/python3.11/site-packages/airflow/example_dags/tutorial_dag.py
[2026-03-04T19:35:54.448+0000] {logging_mixin.py:188} INFO - [2026-03-04T19:35:54.448+0000] {dag.py:3033} INFO - Sync 1 DAGs
[2026-03-04T19:35:54.455+0000] {logging_mixin.py:188} INFO - [2026-03-04T19:35:54.455+0000] {dag.py:3820} INFO - Setting next_dagrun for tutorial_dag to None, run_after=None
[2026-03-04T19:35:54.468+0000] {processor.py:183} INFO - Processing /Users/HP/storypoints-week1/venv/lib/python3.11/site-packages/airflow/example_dags/tutorial_dag.py took 0.124 seconds
[2026-03-04T19:37:43.114+0000] {processor.py:161} INFO - Started process (PID=77006) to work on /Users/HP/storypoints-week1/venv/lib/python3.11/site-packages/airflow/example_dags/tutorial_dag.py
[2026-03-04T19:37:43.117+0000] {processor.py:830} INFO - Processing file /Users/HP/storypoints-week1/venv/lib/python3.11/site-packages/airflow/example_dags/tutorial_dag.py for tasks to queue
[2026-03-04T19:37:43.119+0000] {logging_mixin.py:188} INFO - [2026-03-04T19:37:43.118+0000] {dagbag.py:538} INFO - Filling up the DagBag from /Users/HP/storypoints-week1/venv/lib/python3.11/site-packages/airflow/example_dags/tutorial_dag.py
[2026-03-04T19:37:43.137+0000] {processor.py:840} INFO - DAG(s) 'tutorial_dag' retrieved from /Users/HP/storypoints-week1/venv/lib/python3.11/site-packages/airflow/example_dags/tutorial_dag.py
[2026-03-04T19:37:43.199+0000] {logging_mixin.py:188} INFO - [2026-03-04T19:37:43.198+0000] {dag.py:3033} INFO - Sync 1 DAGs
[2026-03-04T19:37:43.205+0000] {logging_mixin.py:188} INFO - [2026-03-04T19:37:43.205+0000] {dag.py:3820} INFO - Setting next_dagrun for tutorial_dag to None, run_after=None
[2026-03-04T19:37:43.217+0000] {processor.py:183} INFO - Processing /Users/HP/storypoints-week1/venv/lib/python3.11/site-packages/airflow/example_dags/tutorial_dag.py took 0.103 seconds
[2026-03-04T19:39:02.411+0000] {processor.py:161} INFO - Started process (PID=77770) to work on /Users/HP/storypoints-week1/venv/lib/python3.11/site-packages/airflow/example_dags/tutorial_dag.py
[2026-03-04T19:39:02.413+0000] {processor.py:830} INFO - Processing file /Users/HP/storypoints-week1/venv/lib/python3.11/site-packages/airflow/example_dags/tutorial_dag.py for tasks to queue
[2026-03-04T19:39:02.414+0000] {logging_mixin.py:188} INFO - [2026-03-04T19:39:02.414+0000] {dagbag.py:538} INFO - Filling up the DagBag from /Users/HP/storypoints-week1/venv/lib/python3.11/site-packages/airflow/example_dags/tutorial_dag.py
[2026-03-04T19:39:02.431+0000] {processor.py:840} INFO - DAG(s) 'tutorial_dag' retrieved from /Users/HP/storypoints-week1/venv/lib/python3.11/site-packages/airflow/example_dags/tutorial_dag.py
[2026-03-04T19:39:02.487+0000] {logging_mixin.py:188} INFO - [2026-03-04T19:39:02.487+0000] {dag.py:3033} INFO - Sync 1 DAGs
[2026-03-04T19:39:02.493+0000] {logging_mixin.py:188} INFO - [2026-03-04T19:39:02.493+0000] {dag.py:3820} INFO - Setting next_dagrun for tutorial_dag to None, run_after=None
[2026-03-04T19:39:02.505+0000] {processor.py:183} INFO - Processing /Users/HP/storypoints-week1/venv/lib/python3.11/site-packages/airflow/example_dags/tutorial_dag.py took 0.095 seconds
[2026-03-04T19:40:16.697+0000] {processor.py:161} INFO - Started process (PID=78473) to work on /Users/HP/storypoints-week1/venv/lib/python3.11/site-packages/airflow/example_dags/tutorial_dag.py
[2026-03-04T19:40:16.700+0000] {processor.py:830} INFO - Processing file /Users/HP/storypoints-week1/venv/lib/python3.11/site-packages/airflow/example_dags/tutorial_dag.py for tasks to queue
[2026-03-04T19:40:16.701+0000] {logging_mixin.py:188} INFO - [2026-03-04T19:40:16.701+0000] {dagbag.py:538} INFO - Filling up the DagBag from /Users/HP/storypoints-week1/venv/lib/python3.11/site-packages/airflow/example_dags/tutorial_dag.py
[2026-03-04T19:40:16.717+0000] {processor.py:840} INFO - DAG(s) 'tutorial_dag' retrieved from /Users/HP/storypoints-week1/venv/lib/python3.11/site-packages/airflow/example_dags/tutorial_dag.py
[2026-03-04T19:40:16.774+0000] {logging_mixin.py:188} INFO - [2026-03-04T19:40:16.774+0000] {dag.py:3033} INFO - Sync 1 DAGs
[2026-03-04T19:40:16.780+0000] {logging_mixin.py:188} INFO - [2026-03-04T19:40:16.780+0000] {dag.py:3820} INFO - Setting next_dagrun for tutorial_dag to None, run_after=None
[2026-03-04T19:40:16.791+0000] {processor.py:183} INFO - Processing /Users/HP/storypoints-week1/venv/lib/python3.11/site-packages/airflow/example_dags/tutorial_dag.py took 0.094 seconds
[2026-03-04T19:41:30.462+0000] {processor.py:161} INFO - Started process (PID=79168) to work on /Users/HP/storypoints-week1/venv/lib/python3.11/site-packages/airflow/example_dags/tutorial_dag.py
[2026-03-04T19:41:30.465+0000] {processor.py:830} INFO - Processing file /Users/HP/storypoints-week1/venv/lib/python3.11/site-packages/airflow/example_dags/tutorial_dag.py for tasks to queue
[2026-03-04T19:41:30.466+0000] {logging_mixin.py:188} INFO - [2026-03-04T19:41:30.466+0000] {dagbag.py:538} INFO - Filling up the DagBag from /Users/HP/storypoints-week1/venv/lib/python3.11/site-packages/airflow/example_dags/tutorial_dag.py
[2026-03-04T19:41:30.484+0000] {processor.py:840} INFO - DAG(s) 'tutorial_dag' retrieved from /Users/HP/storypoints-week1/venv/lib/python3.11/site-packages/airflow/example_dags/tutorial_dag.py
[2026-03-04T19:41:30.543+0000] {logging_mixin.py:188} INFO - [2026-03-04T19:41:30.543+0000] {dag.py:3033} INFO - Sync 1 DAGs
[2026-03-04T19:41:30.549+0000] {logging_mixin.py:188} INFO - [2026-03-04T19:41:30.549+0000] {dag.py:3820} INFO - Setting next_dagrun for tutorial_dag to None, run_after=None
[2026-03-04T19:41:30.563+0000] {processor.py:183} INFO - Processing /Users/HP/storypoints-week1/venv/lib/python3.11/site-packages/airflow/example_dags/tutorial_dag.py took 0.101 seconds
[2026-03-04T19:42:43.852+0000] {processor.py:161} INFO - Started process (PID=79855) to work on /Users/HP/storypoints-week1/venv/lib/python3.11/site-packages/airflow/example_dags/tutorial_dag.py
[2026-03-04T19:42:43.855+0000] {processor.py:830} INFO - Processing file /Users/HP/storypoints-week1/venv/lib/python3.11/site-packages/airflow/example_dags/tutorial_dag.py for tasks to queue
[2026-03-04T19:42:43.856+0000] {logging_mixin.py:188} INFO - [2026-03-04T19:42:43.856+0000] {dagbag.py:538} INFO - Filling up the DagBag from /Users/HP/storypoints-week1/venv/lib/python3.11/site-packages/airflow/example_dags/tutorial_dag.py
[2026-03-04T19:42:43.873+0000] {processor.py:840} INFO - DAG(s) 'tutorial_dag' retrieved from /Users/HP/storypoints-week1/venv/lib/python3.11/site-packages/airflow/example_dags/tutorial_dag.py
[2026-03-04T19:42:43.935+0000] {logging_mixin.py:188} INFO - [2026-03-04T19:42:43.934+0000] {dag.py:3033} INFO - Sync 1 DAGs
[2026-03-04T19:42:43.940+0000] {logging_mixin.py:188} INFO - [2026-03-04T19:42:43.940+0000] {dag.py:3820} INFO - Setting next_dagrun for tutorial_dag to None, run_after=None
[2026-03-04T19:42:43.952+0000] {processor.py:183} INFO - Processing /Users/HP/storypoints-week1/venv/lib/python3.11/site-packages/airflow/example_dags/tutorial_dag.py took 0.100 seconds
[2026-03-04T19:43:57.950+0000] {processor.py:161} INFO - Started process (PID=80554) to work on /Users/HP/storypoints-week1/venv/lib/python3.11/site-packages/airflow/example_dags/tutorial_dag.py
[2026-03-04T19:43:57.952+0000] {processor.py:830} INFO - Processing file /Users/HP/storypoints-week1/venv/lib/python3.11/site-packages/airflow/example_dags/tutorial_dag.py for tasks to queue
[2026-03-04T19:43:57.954+0000] {logging_mixin.py:188} INFO - [2026-03-04T19:43:57.954+0000] {dagbag.py:538} INFO - Filling up the DagBag from /Users/HP/storypoints-week1/venv/lib/python3.11/site-packages/airflow/example_dags/tutorial_dag.py
[2026-03-04T19:43:57.973+0000] {processor.py:840} INFO - DAG(s) 'tutorial_dag' retrieved from /Users/HP/storypoints-week1/venv/lib/python3.11/site-packages/airflow/example_dags/tutorial_dag.py
[2026-03-04T19:43:58.032+0000] {logging_mixin.py:188} INFO - [2026-03-04T19:43:58.031+0000] {dag.py:3033} INFO - Sync 1 DAGs
[2026-03-04T19:43:58.037+0000] {logging_mixin.py:188} INFO - [2026-03-04T19:43:58.037+0000] {dag.py:3820} INFO - Setting next_dagrun for tutorial_dag to None, run_after=None
[2026-03-04T19:43:58.048+0000] {processor.py:183} INFO - Processing /Users/HP/storypoints-week1/venv/lib/python3.11/site-packages/airflow/example_dags/tutorial_dag.py took 0.099 seconds
[2026-03-04T19:45:11.829+0000] {processor.py:161} INFO - Started process (PID=81250) to work on /Users/HP/storypoints-week1/venv/lib/python3.11/site-packages/airflow/example_dags/tutorial_dag.py
[2026-03-04T19:45:11.832+0000] {processor.py:830} INFO - Processing file /Users/HP/storypoints-week1/venv/lib/python3.11/site-packages/airflow/example_dags/tutorial_dag.py for tasks to queue
[2026-03-04T19:45:11.833+0000] {logging_mixin.py:188} INFO - [2026-03-04T19:45:11.833+0000] {dagbag.py:538} INFO - Filling up the DagBag from /Users/HP/storypoints-week1/venv/lib/python3.11/site-packages/airflow/example_dags/tutorial_dag.py
[2026-03-04T19:45:11.851+0000] {processor.py:840} INFO - DAG(s) 'tutorial_dag' retrieved from /Users/HP/storypoints-week1/venv/lib/python3.11/site-packages/airflow/example_dags/tutorial_dag.py
[2026-03-04T19:45:11.909+0000] {logging_mixin.py:188} INFO - [2026-03-04T19:45:11.909+0000] {dag.py:3033} INFO - Sync 1 DAGs
[2026-03-04T19:45:11.916+0000] {logging_mixin.py:188} INFO - [2026-03-04T19:45:11.915+0000] {dag.py:3820} INFO - Setting next_dagrun for tutorial_dag to None, run_after=None
[2026-03-04T19:45:11.928+0000] {processor.py:183} INFO - Processing /Users/HP/storypoints-week1/venv/lib/python3.11/site-packages/airflow/example_dags/tutorial_dag.py took 0.099 seconds
[2026-03-04T19:46:25.531+0000] {processor.py:161} INFO - Started process (PID=81952) to work on /Users/HP/storypoints-week1/venv/lib/python3.11/site-packages/airflow/example_dags/tutorial_dag.py
[2026-03-04T19:46:25.534+0000] {processor.py:830} INFO - Processing file /Users/HP/storypoints-week1/venv/lib/python3.11/site-packages/airflow/example_dags/tutorial_dag.py for tasks to queue
[2026-03-04T19:46:25.535+0000] {logging_mixin.py:188} INFO - [2026-03-04T19:46:25.535+0000] {dagbag.py:538} INFO - Filling up the DagBag from /Users/HP/storypoints-week1/venv/lib/python3.11/site-packages/airflow/example_dags/tutorial_dag.py
[2026-03-04T19:46:25.553+0000] {processor.py:840} INFO - DAG(s) 'tutorial_dag' retrieved from /Users/HP/storypoints-week1/venv/lib/python3.11/site-packages/airflow/example_dags/tutorial_dag.py
[2026-03-04T19:46:25.612+0000] {logging_mixin.py:188} INFO - [2026-03-04T19:46:25.611+0000] {dag.py:3033} INFO - Sync 1 DAGs
[2026-03-04T19:46:25.618+0000] {logging_mixin.py:188} INFO - [2026-03-04T19:46:25.618+0000] {dag.py:3820} INFO - Setting next_dagrun for tutorial_dag to None, run_after=None
[2026-03-04T19:46:25.630+0000] {processor.py:183} INFO - Processing /Users/HP/storypoints-week1/venv/lib/python3.11/site-packages/airflow/example_dags/tutorial_dag.py took 0.099 seconds
[2026-03-04T19:59:52.176+0000] {processor.py:161} INFO - Started process (PID=82671) to work on /Users/HP/storypoints-week1/venv/lib/python3.11/site-packages/airflow/example_dags/tutorial_dag.py
[2026-03-04T19:59:52.179+0000] {processor.py:830} INFO - Processing file /Users/HP/storypoints-week1/venv/lib/python3.11/site-packages/airflow/example_dags/tutorial_dag.py for tasks to queue
[2026-03-04T19:59:52.180+0000] {logging_mixin.py:188} INFO - [2026-03-04T19:59:52.180+0000] {dagbag.py:538} INFO - Filling up the DagBag from /Users/HP/storypoints-week1/venv/lib/python3.11/site-packages/airflow/example_dags/tutorial_dag.py
[2026-03-04T19:59:52.197+0000] {processor.py:840} INFO - DAG(s) 'tutorial_dag' retrieved from /Users/HP/storypoints-week1/venv/lib/python3.11/site-packages/airflow/example_dags/tutorial_dag.py
[2026-03-04T19:59:52.258+0000] {logging_mixin.py:188} INFO - [2026-03-04T19:59:52.257+0000] {dag.py:3033} INFO - Sync 1 DAGs
[2026-03-04T19:59:52.263+0000] {logging_mixin.py:188} INFO - [2026-03-04T19:59:52.263+0000] {dag.py:3820} INFO - Setting next_dagrun for tutorial_dag to None, run_after=None
[2026-03-04T19:59:52.275+0000] {processor.py:183} INFO - Processing /Users/HP/storypoints-week1/venv/lib/python3.11/site-packages/airflow/example_dags/tutorial_dag.py took 0.099 seconds
[2026-03-04T20:04:42.675+0000] {processor.py:161} INFO - Started process (PID=83393) to work on /Users/HP/storypoints-week1/venv/lib/python3.11/site-packages/airflow/example_dags/tutorial_dag.py
[2026-03-04T20:04:42.677+0000] {processor.py:830} INFO - Processing file /Users/HP/storypoints-week1/venv/lib/python3.11/site-packages/airflow/example_dags/tutorial_dag.py for tasks to queue
[2026-03-04T20:04:42.679+0000] {logging_mixin.py:188} INFO - [2026-03-04T20:04:42.679+0000] {dagbag.py:538} INFO - Filling up the DagBag from /Users/HP/storypoints-week1/venv/lib/python3.11/site-packages/airflow/example_dags/tutorial_dag.py
[2026-03-04T20:04:42.696+0000] {processor.py:840} INFO - DAG(s) 'tutorial_dag' retrieved from /Users/HP/storypoints-week1/venv/lib/python3.11/site-packages/airflow/example_dags/tutorial_dag.py
[2026-03-04T20:04:42.758+0000] {logging_mixin.py:188} INFO - [2026-03-04T20:04:42.757+0000] {dag.py:3033} INFO - Sync 1 DAGs
[2026-03-04T20:04:42.763+0000] {logging_mixin.py:188} INFO - [2026-03-04T20:04:42.763+0000] {dag.py:3820} INFO - Setting next_dagrun for tutorial_dag to None, run_after=None
[2026-03-04T20:04:42.773+0000] {processor.py:183} INFO - Processing /Users/HP/storypoints-week1/venv/lib/python3.11/site-packages/airflow/example_dags/tutorial_dag.py took 0.099 seconds
[2026-03-04T20:13:52.015+0000] {processor.py:161} INFO - Started process (PID=84263) to work on /Users/HP/storypoints-week1/venv/lib/python3.11/site-packages/airflow/example_dags/tutorial_dag.py
[2026-03-04T20:13:52.018+0000] {processor.py:830} INFO - Processing file /Users/HP/storypoints-week1/venv/lib/python3.11/site-packages/airflow/example_dags/tutorial_dag.py for tasks to queue
[2026-03-04T20:13:52.020+0000] {logging_mixin.py:188} INFO - [2026-03-04T20:13:52.020+0000] {dagbag.py:538} INFO - Filling up the DagBag from /Users/HP/storypoints-week1/venv/lib/python3.11/site-packages/airflow/example_dags/tutorial_dag.py
[2026-03-04T20:13:52.039+0000] {processor.py:840} INFO - DAG(s) 'tutorial_dag' retrieved from /Users/HP/storypoints-week1/venv/lib/python3.11/site-packages/airflow/example_dags/tutorial_dag.py
[2026-03-04T20:13:52.117+0000] {logging_mixin.py:188} INFO - [2026-03-04T20:13:52.117+0000] {dag.py:3033} INFO - Sync 1 DAGs
[2026-03-04T20:13:52.125+0000] {logging_mixin.py:188} INFO - [2026-03-04T20:13:52.125+0000] {dag.py:3820} INFO - Setting next_dagrun for tutorial_dag to None, run_after=None
[2026-03-04T20:13:52.140+0000] {processor.py:183} INFO - Processing /Users/HP/storypoints-week1/venv/lib/python3.11/site-packages/airflow/example_dags/tutorial_dag.py took 0.125 seconds
[2026-03-04T20:15:11.039+0000] {processor.py:161} INFO - Started process (PID=85001) to work on /Users/HP/storypoints-week1/venv/lib/python3.11/site-packages/airflow/example_dags/tutorial_dag.py
[2026-03-04T20:15:11.041+0000] {processor.py:830} INFO - Processing file /Users/HP/storypoints-week1/venv/lib/python3.11/site-packages/airflow/example_dags/tutorial_dag.py for tasks to queue
[2026-03-04T20:15:11.043+0000] {logging_mixin.py:188} INFO - [2026-03-04T20:15:11.043+0000] {dagbag.py:538} INFO - Filling up the DagBag from /Users/HP/storypoints-week1/venv/lib/python3.11/site-packages/airflow/example_dags/tutorial_dag.py
[2026-03-04T20:15:11.061+0000] {processor.py:840} INFO - DAG(s) 'tutorial_dag' retrieved from /Users/HP/storypoints-week1/venv/lib/python3.11/site-packages/airflow/example_dags/tutorial_dag.py
[2026-03-04T20:15:11.118+0000] {logging_mixin.py:188} INFO - [2026-03-04T20:15:11.118+0000] {dag.py:3033} INFO - Sync 1 DAGs
[2026-03-04T20:15:11.124+0000] {logging_mixin.py:188} INFO - [2026-03-04T20:15:11.124+0000] {dag.py:3820} INFO - Setting next_dagrun for tutorial_dag to None, run_after=None
[2026-03-04T20:15:11.136+0000] {processor.py:183} INFO - Processing /Users/HP/storypoints-week1/venv/lib/python3.11/site-packages/airflow/example_dags/tutorial_dag.py took 0.098 seconds
[2026-03-04T20:23:18.942+0000] {processor.py:161} INFO - Started process (PID=85746) to work on /Users/HP/storypoints-week1/venv/lib/python3.11/site-packages/airflow/example_dags/tutorial_dag.py
[2026-03-04T20:23:18.945+0000] {processor.py:830} INFO - Processing file /Users/HP/storypoints-week1/venv/lib/python3.11/site-packages/airflow/example_dags/tutorial_dag.py for tasks to queue
[2026-03-04T20:23:18.947+0000] {logging_mixin.py:188} INFO - [2026-03-04T20:23:18.946+0000] {dagbag.py:538} INFO - Filling up the DagBag from /Users/HP/storypoints-week1/venv/lib/python3.11/site-packages/airflow/example_dags/tutorial_dag.py
[2026-03-04T20:23:18.965+0000] {processor.py:840} INFO - DAG(s) 'tutorial_dag' retrieved from /Users/HP/storypoints-week1/venv/lib/python3.11/site-packages/airflow/example_dags/tutorial_dag.py
[2026-03-04T20:23:19.024+0000] {logging_mixin.py:188} INFO - [2026-03-04T20:23:19.024+0000] {dag.py:3033} INFO - Sync 1 DAGs
[2026-03-04T20:23:19.030+0000] {logging_mixin.py:188} INFO - [2026-03-04T20:23:19.030+0000] {dag.py:3820} INFO - Setting next_dagrun for tutorial_dag to None, run_after=None
[2026-03-04T20:23:19.042+0000] {processor.py:183} INFO - Processing /Users/HP/storypoints-week1/venv/lib/python3.11/site-packages/airflow/example_dags/tutorial_dag.py took 0.100 seconds
[2026-03-04T20:24:48.780+0000] {processor.py:161} INFO - Started process (PID=86587) to work on /Users/HP/storypoints-week1/venv/lib/python3.11/site-packages/airflow/example_dags/tutorial_dag.py
[2026-03-04T20:24:48.782+0000] {processor.py:830} INFO - Processing file /Users/HP/storypoints-week1/venv/lib/python3.11/site-packages/airflow/example_dags/tutorial_dag.py for tasks to queue
[2026-03-04T20:24:48.784+0000] {logging_mixin.py:188} INFO - [2026-03-04T20:24:48.784+0000] {dagbag.py:538} INFO - Filling up the DagBag from /Users/HP/storypoints-week1/venv/lib/python3.11/site-packages/airflow/example_dags/tutorial_dag.py
[2026-03-04T20:24:48.802+0000] {processor.py:840} INFO - DAG(s) 'tutorial_dag' retrieved from /Users/HP/storypoints-week1/venv/lib/python3.11/site-packages/airflow/example_dags/tutorial_dag.py
[2026-03-04T20:24:48.861+0000] {logging_mixin.py:188} INFO - [2026-03-04T20:24:48.861+0000] {dag.py:3033} INFO - Sync 1 DAGs
[2026-03-04T20:24:48.868+0000] {logging_mixin.py:188} INFO - [2026-03-04T20:24:48.868+0000] {dag.py:3820} INFO - Setting next_dagrun for tutorial_dag to None, run_after=None
[2026-03-04T20:24:48.880+0000] {processor.py:183} INFO - Processing /Users/HP/storypoints-week1/venv/lib/python3.11/site-packages/airflow/example_dags/tutorial_dag.py took 0.101 seconds
[2026-03-04T20:29:27.208+0000] {processor.py:161} INFO - Started process (PID=87316) to work on /Users/HP/storypoints-week1/venv/lib/python3.11/site-packages/airflow/example_dags/tutorial_dag.py
[2026-03-04T20:29:27.211+0000] {processor.py:830} INFO - Processing file /Users/HP/storypoints-week1/venv/lib/python3.11/site-packages/airflow/example_dags/tutorial_dag.py for tasks to queue
[2026-03-04T20:29:27.212+0000] {logging_mixin.py:188} INFO - [2026-03-04T20:29:27.212+0000] {dagbag.py:538} INFO - Filling up the DagBag from /Users/HP/storypoints-week1/venv/lib/python3.11/site-packages/airflow/example_dags/tutorial_dag.py
[2026-03-04T20:29:27.229+0000] {processor.py:840} INFO - DAG(s) 'tutorial_dag' retrieved from /Users/HP/storypoints-week1/venv/lib/python3.11/site-packages/airflow/example_dags/tutorial_dag.py
[2026-03-04T20:29:27.287+0000] {logging_mixin.py:188} INFO - [2026-03-04T20:29:27.286+0000] {dag.py:3033} INFO - Sync 1 DAGs
[2026-03-04T20:29:27.293+0000] {logging_mixin.py:188} INFO - [2026-03-04T20:29:27.292+0000] {dag.py:3820} INFO - Setting next_dagrun for tutorial_dag to None, run_after=None
[2026-03-04T20:29:27.304+0000] {processor.py:183} INFO - Processing /Users/HP/storypoints-week1/venv/lib/python3.11/site-packages/airflow/example_dags/tutorial_dag.py took 0.096 seconds
[2026-03-04T20:48:39.184+0000] {processor.py:161} INFO - Started process (PID=88121) to work on /Users/HP/storypoints-week1/venv/lib/python3.11/site-packages/airflow/example_dags/tutorial_dag.py
[2026-03-04T20:48:39.186+0000] {processor.py:830} INFO - Processing file /Users/HP/storypoints-week1/venv/lib/python3.11/site-packages/airflow/example_dags/tutorial_dag.py for tasks to queue
[2026-03-04T20:48:39.187+0000] {logging_mixin.py:188} INFO - [2026-03-04T20:48:39.187+0000] {dagbag.py:538} INFO - Filling up the DagBag from /Users/HP/storypoints-week1/venv/lib/python3.11/site-packages/airflow/example_dags/tutorial_dag.py
[2026-03-04T20:48:39.203+0000] {processor.py:840} INFO - DAG(s) 'tutorial_dag' retrieved from /Users/HP/storypoints-week1/venv/lib/python3.11/site-packages/airflow/example_dags/tutorial_dag.py
[2026-03-04T20:48:39.261+0000] {logging_mixin.py:188} INFO - [2026-03-04T20:48:39.261+0000] {dag.py:3033} INFO - Sync 1 DAGs
[2026-03-04T20:48:39.267+0000] {logging_mixin.py:188} INFO - [2026-03-04T20:48:39.267+0000] {dag.py:3820} INFO - Setting next_dagrun for tutorial_dag to None, run_after=None
[2026-03-04T20:48:39.278+0000] {processor.py:183} INFO - Processing /Users/HP/storypoints-week1/venv/lib/python3.11/site-packages/airflow/example_dags/tutorial_dag.py took 0.095 seconds
[2026-03-04T22:17:22.488+0000] {processor.py:161} INFO - Started process (PID=88881) to work on /Users/HP/storypoints-week1/venv/lib/python3.11/site-packages/airflow/example_dags/tutorial_dag.py
[2026-03-04T22:17:22.490+0000] {processor.py:830} INFO - Processing file /Users/HP/storypoints-week1/venv/lib/python3.11/site-packages/airflow/example_dags/tutorial_dag.py for tasks to queue
[2026-03-04T22:17:22.491+0000] {logging_mixin.py:188} INFO - [2026-03-04T22:17:22.491+0000] {dagbag.py:538} INFO - Filling up the DagBag from /Users/HP/storypoints-week1/venv/lib/python3.11/site-packages/airflow/example_dags/tutorial_dag.py
[2026-03-04T22:17:22.509+0000] {processor.py:840} INFO - DAG(s) 'tutorial_dag' retrieved from /Users/HP/storypoints-week1/venv/lib/python3.11/site-packages/airflow/example_dags/tutorial_dag.py
[2026-03-04T22:17:22.568+0000] {logging_mixin.py:188} INFO - [2026-03-04T22:17:22.568+0000] {dag.py:3033} INFO - Sync 1 DAGs
[2026-03-04T22:17:22.574+0000] {logging_mixin.py:188} INFO - [2026-03-04T22:17:22.574+0000] {dag.py:3820} INFO - Setting next_dagrun for tutorial_dag to None, run_after=None
[2026-03-04T22:17:22.586+0000] {processor.py:183} INFO - Processing /Users/HP/storypoints-week1/venv/lib/python3.11/site-packages/airflow/example_dags/tutorial_dag.py took 0.099 seconds
[2026-03-04T22:19:01.871+0000] {processor.py:161} INFO - Started process (PID=89820) to work on /Users/HP/storypoints-week1/venv/lib/python3.11/site-packages/airflow/example_dags/tutorial_dag.py
[2026-03-04T22:19:01.874+0000] {processor.py:830} INFO - Processing file /Users/HP/storypoints-week1/venv/lib/python3.11/site-packages/airflow/example_dags/tutorial_dag.py for tasks to queue
[2026-03-04T22:19:01.875+0000] {logging_mixin.py:188} INFO - [2026-03-04T22:19:01.875+0000] {dagbag.py:538} INFO - Filling up the DagBag from /Users/HP/storypoints-week1/venv/lib/python3.11/site-packages/airflow/example_dags/tutorial_dag.py
[2026-03-04T22:19:01.894+0000] {processor.py:840} INFO - DAG(s) 'tutorial_dag' retrieved from /Users/HP/storypoints-week1/venv/lib/python3.11/site-packages/airflow/example_dags/tutorial_dag.py
[2026-03-04T22:19:01.956+0000] {logging_mixin.py:188} INFO - [2026-03-04T22:19:01.956+0000] {dag.py:3033} INFO - Sync 1 DAGs
[2026-03-04T22:19:01.962+0000] {logging_mixin.py:188} INFO - [2026-03-04T22:19:01.962+0000] {dag.py:3820} INFO - Setting next_dagrun for tutorial_dag to None, run_after=None
[2026-03-04T22:19:01.974+0000] {processor.py:183} INFO - Processing /Users/HP/storypoints-week1/venv/lib/python3.11/site-packages/airflow/example_dags/tutorial_dag.py took 0.103 seconds
[2026-03-04T23:05:48.812+0000] {processor.py:161} INFO - Started process (PID=90583) to work on /Users/HP/storypoints-week1/venv/lib/python3.11/site-packages/airflow/example_dags/tutorial_dag.py
[2026-03-04T23:05:48.815+0000] {processor.py:830} INFO - Processing file /Users/HP/storypoints-week1/venv/lib/python3.11/site-packages/airflow/example_dags/tutorial_dag.py for tasks to queue
[2026-03-04T23:05:48.816+0000] {logging_mixin.py:188} INFO - [2026-03-04T23:05:48.816+0000] {dagbag.py:538} INFO - Filling up the DagBag from /Users/HP/storypoints-week1/venv/lib/python3.11/site-packages/airflow/example_dags/tutorial_dag.py
[2026-03-04T23:05:48.833+0000] {processor.py:840} INFO - DAG(s) 'tutorial_dag' retrieved from /Users/HP/storypoints-week1/venv/lib/python3.11/site-packages/airflow/example_dags/tutorial_dag.py
[2026-03-04T23:05:48.890+0000] {logging_mixin.py:188} INFO - [2026-03-04T23:05:48.890+0000] {dag.py:3033} INFO - Sync 1 DAGs
[2026-03-04T23:05:48.896+0000] {logging_mixin.py:188} INFO - [2026-03-04T23:05:48.896+0000] {dag.py:3820} INFO - Setting next_dagrun for tutorial_dag to None, run_after=None
[2026-03-04T23:05:48.908+0000] {processor.py:183} INFO - Processing /Users/HP/storypoints-week1/venv/lib/python3.11/site-packages/airflow/example_dags/tutorial_dag.py took 0.096 seconds
[2026-03-04T23:07:02.681+0000] {processor.py:161} INFO - Started process (PID=91296) to work on /Users/HP/storypoints-week1/venv/lib/python3.11/site-packages/airflow/example_dags/tutorial_dag.py
[2026-03-04T23:07:02.683+0000] {processor.py:830} INFO - Processing file /Users/HP/storypoints-week1/venv/lib/python3.11/site-packages/airflow/example_dags/tutorial_dag.py for tasks to queue
[2026-03-04T23:07:02.685+0000] {logging_mixin.py:188} INFO - [2026-03-04T23:07:02.684+0000] {dagbag.py:538} INFO - Filling up the DagBag from /Users/HP/storypoints-week1/venv/lib/python3.11/site-packages/airflow/example_dags/tutorial_dag.py
[2026-03-04T23:07:02.702+0000] {processor.py:840} INFO - DAG(s) 'tutorial_dag' retrieved from /Users/HP/storypoints-week1/venv/lib/python3.11/site-packages/airflow/example_dags/tutorial_dag.py
[2026-03-04T23:07:02.760+0000] {logging_mixin.py:188} INFO - [2026-03-04T23:07:02.760+0000] {dag.py:3033} INFO - Sync 1 DAGs
[2026-03-04T23:07:02.766+0000] {logging_mixin.py:188} INFO - [2026-03-04T23:07:02.766+0000] {dag.py:3820} INFO - Setting next_dagrun for tutorial_dag to None, run_after=None
[2026-03-04T23:07:02.778+0000] {processor.py:183} INFO - Processing /Users/HP/storypoints-week1/venv/lib/python3.11/site-packages/airflow/example_dags/tutorial_dag.py took 0.098 seconds
[2026-03-04T23:19:11.946+0000] {processor.py:161} INFO - Started process (PID=92001) to work on /Users/HP/storypoints-week1/venv/lib/python3.11/site-packages/airflow/example_dags/tutorial_dag.py
[2026-03-04T23:19:11.949+0000] {processor.py:830} INFO - Processing file /Users/HP/storypoints-week1/venv/lib/python3.11/site-packages/airflow/example_dags/tutorial_dag.py for tasks to queue
[2026-03-04T23:19:11.951+0000] {logging_mixin.py:188} INFO - [2026-03-04T23:19:11.951+0000] {dagbag.py:538} INFO - Filling up the DagBag from /Users/HP/storypoints-week1/venv/lib/python3.11/site-packages/airflow/example_dags/tutorial_dag.py
[2026-03-04T23:19:11.972+0000] {processor.py:840} INFO - DAG(s) 'tutorial_dag' retrieved from /Users/HP/storypoints-week1/venv/lib/python3.11/site-packages/airflow/example_dags/tutorial_dag.py
[2026-03-04T23:19:12.039+0000] {logging_mixin.py:188} INFO - [2026-03-04T23:19:12.039+0000] {dag.py:3033} INFO - Sync 1 DAGs
[2026-03-04T23:19:12.045+0000] {logging_mixin.py:188} INFO - [2026-03-04T23:19:12.045+0000] {dag.py:3820} INFO - Setting next_dagrun for tutorial_dag to None, run_after=None
[2026-03-04T23:19:12.057+0000] {processor.py:183} INFO - Processing /Users/HP/storypoints-week1/venv/lib/python3.11/site-packages/airflow/example_dags/tutorial_dag.py took 0.112 seconds
[2026-03-04T23:20:46.083+0000] {processor.py:161} INFO - Started process (PID=92707) to work on /Users/HP/storypoints-week1/venv/lib/python3.11/site-packages/airflow/example_dags/tutorial_dag.py
[2026-03-04T23:20:46.085+0000] {processor.py:830} INFO - Processing file /Users/HP/storypoints-week1/venv/lib/python3.11/site-packages/airflow/example_dags/tutorial_dag.py for tasks to queue
[2026-03-04T23:20:46.086+0000] {logging_mixin.py:188} INFO - [2026-03-04T23:20:46.086+0000] {dagbag.py:538} INFO - Filling up the DagBag from /Users/HP/storypoints-week1/venv/lib/python3.11/site-packages/airflow/example_dags/tutorial_dag.py
[2026-03-04T23:20:46.104+0000] {processor.py:840} INFO - DAG(s) 'tutorial_dag' retrieved from /Users/HP/storypoints-week1/venv/lib/python3.11/site-packages/airflow/example_dags/tutorial_dag.py
[2026-03-04T23:20:46.159+0000] {logging_mixin.py:188} INFO - [2026-03-04T23:20:46.158+0000] {dag.py:3033} INFO - Sync 1 DAGs
[2026-03-04T23:20:46.164+0000] {logging_mixin.py:188} INFO - [2026-03-04T23:20:46.164+0000] {dag.py:3820} INFO - Setting next_dagrun for tutorial_dag to None, run_after=None
[2026-03-04T23:20:46.175+0000] {processor.py:183} INFO - Processing /Users/HP/storypoints-week1/venv/lib/python3.11/site-packages/airflow/example_dags/tutorial_dag.py took 0.093 seconds
