[2026-03-05T23:06:51.474+0000] {taskinstance.py:1957} INFO - Dependencies all met for dep_context=non-requeueable deps ti=<TaskInstance: storypoints_etl_week2.ingest_clickstream manual__2026-03-05T22:56:44.344401+00:00 [queued]>
[2026-03-05T23:06:51.487+0000] {taskinstance.py:1957} INFO - Dependencies all met for dep_context=requeueable deps ti=<TaskInstance: storypoints_etl_week2.ingest_clickstream manual__2026-03-05T22:56:44.344401+00:00 [queued]>
[2026-03-05T23:06:51.488+0000] {taskinstance.py:2171} INFO - Starting attempt 3 of 4
[2026-03-05T23:06:51.514+0000] {taskinstance.py:2192} INFO - Executing <Task(PythonOperator): ingest_clickstream> on 2026-03-05 22:56:44.344401+00:00
[2026-03-05T23:06:51.522+0000] {standard_task_runner.py:60} INFO - Started process 1719 to run task
[2026-03-05T23:06:51.528+0000] {standard_task_runner.py:87} INFO - Running: ['***', 'tasks', 'run', 'storypoints_etl_week2', 'ingest_clickstream', 'manual__2026-03-05T22:56:44.344401+00:00', '--job-id', '16', '--raw', '--subdir', 'DAGS_FOLDER/etl_week2_dag.py', '--cfg-path', '/tmp/tmpxutrivb9']
[2026-03-05T23:06:51.530+0000] {standard_task_runner.py:88} INFO - Job 16: Subtask ingest_clickstream
[2026-03-05T23:06:51.681+0000] {task_command.py:423} INFO - Running <TaskInstance: storypoints_etl_week2.ingest_clickstream manual__2026-03-05T22:56:44.344401+00:00 [running]> on host a47d4c5c7033
[2026-03-05T23:06:51.896+0000] {taskinstance.py:2481} INFO - Exporting env vars: AIRFLOW_CTX_DAG_EMAIL='admin@storypoints.com' AIRFLOW_CTX_DAG_OWNER='storypoints_de' AIRFLOW_CTX_DAG_ID='storypoints_etl_week2' AIRFLOW_CTX_TASK_ID='ingest_clickstream' AIRFLOW_CTX_EXECUTION_DATE='2026-03-05T22:56:44.344401+00:00' AIRFLOW_CTX_TRY_NUMBER='3' AIRFLOW_CTX_DAG_RUN_ID='manual__2026-03-05T22:56:44.344401+00:00'
[2026-03-05T23:06:51.902+0000] {etl_week2_dag.py:73} INFO - ============================================================
[2026-03-05T23:06:51.903+0000] {etl_week2_dag.py:74} INFO - TASK: ingest_clickstream
[2026-03-05T23:06:51.904+0000] {etl_week2_dag.py:75} INFO - ============================================================
[2026-03-05T23:06:51.905+0000] {etl_week2_dag.py:428} WARNING - 🚨 ALERT logged: MISSING FILE: /opt/***/data/raw/clickstream/clickstream.csv
[2026-03-05T23:06:51.907+0000] {taskinstance.py:2699} ERROR - Task failed with exception
Traceback (most recent call last):
  File "/home/airflow/.local/lib/python3.8/site-packages/airflow/models/taskinstance.py", line 428, in _execute_task
    result = execute_callable(context=context, **execute_callable_kwargs)
  File "/home/airflow/.local/lib/python3.8/site-packages/airflow/operators/python.py", line 199, in execute
    return_value = self.execute_callable()
  File "/home/airflow/.local/lib/python3.8/site-packages/airflow/operators/python.py", line 216, in execute_callable
    return self.python_callable(*self.op_args, **self.op_kwargs)
  File "/opt/airflow/dags/etl_week2_dag.py", line 79, in ingest_clickstream
    raise FileNotFoundError(f"Clickstream file not found: {RAW_CLICKSTREAM}")
FileNotFoundError: Clickstream file not found: /opt/***/data/raw/clickstream/clickstream.csv
[2026-03-05T23:06:51.922+0000] {taskinstance.py:1138} INFO - Marking task as UP_FOR_RETRY. dag_id=storypoints_etl_week2, task_id=ingest_clickstream, execution_date=20260305T225644, start_date=20260305T230651, end_date=20260305T230651
[2026-03-05T23:06:51.941+0000] {standard_task_runner.py:107} ERROR - Failed to execute job 16 for task ingest_clickstream (Clickstream file not found: /opt/***/data/raw/clickstream/clickstream.csv; 1719)
[2026-03-05T23:06:51.964+0000] {local_task_job_runner.py:234} INFO - Task exited with return code 1
[2026-03-05T23:06:52.002+0000] {taskinstance.py:3281} INFO - 0 downstream tasks scheduled from follow-on schedule check
