[2026-03-04T19:01:12.633+0000] {processor.py:161} INFO - Started process (PID=54192) to work on /Users/HP/storypoints-week1/venv/lib/python3.11/site-packages/airflow/example_dags/plugins/event_listener.py
[2026-03-04T19:01:12.636+0000] {processor.py:830} INFO - Processing file /Users/HP/storypoints-week1/venv/lib/python3.11/site-packages/airflow/example_dags/plugins/event_listener.py for tasks to queue
[2026-03-04T19:01:12.637+0000] {logging_mixin.py:188} INFO - [2026-03-04T19:01:12.637+0000] {dagbag.py:538} INFO - Filling up the DagBag from /Users/HP/storypoints-week1/venv/lib/python3.11/site-packages/airflow/example_dags/plugins/event_listener.py
[2026-03-04T19:01:12.638+0000] {processor.py:842} WARNING - No viable dags retrieved from /Users/HP/storypoints-week1/venv/lib/python3.11/site-packages/airflow/example_dags/plugins/event_listener.py
[2026-03-04T19:01:12.690+0000] {processor.py:183} INFO - Processing /Users/HP/storypoints-week1/venv/lib/python3.11/site-packages/airflow/example_dags/plugins/event_listener.py took 0.058 seconds
[2026-03-04T19:03:14.501+0000] {processor.py:161} INFO - Started process (PID=55361) to work on /Users/HP/storypoints-week1/venv/lib/python3.11/site-packages/airflow/example_dags/plugins/event_listener.py
[2026-03-04T19:03:14.503+0000] {processor.py:830} INFO - Processing file /Users/HP/storypoints-week1/venv/lib/python3.11/site-packages/airflow/example_dags/plugins/event_listener.py for tasks to queue
[2026-03-04T19:03:14.505+0000] {logging_mixin.py:188} INFO - [2026-03-04T19:03:14.505+0000] {dagbag.py:538} INFO - Filling up the DagBag from /Users/HP/storypoints-week1/venv/lib/python3.11/site-packages/airflow/example_dags/plugins/event_listener.py
[2026-03-04T19:03:14.505+0000] {processor.py:842} WARNING - No viable dags retrieved from /Users/HP/storypoints-week1/venv/lib/python3.11/site-packages/airflow/example_dags/plugins/event_listener.py
[2026-03-04T19:03:14.551+0000] {processor.py:183} INFO - Processing /Users/HP/storypoints-week1/venv/lib/python3.11/site-packages/airflow/example_dags/plugins/event_listener.py took 0.051 seconds
[2026-03-04T19:04:49.746+0000] {processor.py:161} INFO - Started process (PID=56680) to work on /Users/HP/storypoints-week1/venv/lib/python3.11/site-packages/airflow/example_dags/plugins/event_listener.py
[2026-03-04T19:04:49.749+0000] {processor.py:830} INFO - Processing file /Users/HP/storypoints-week1/venv/lib/python3.11/site-packages/airflow/example_dags/plugins/event_listener.py for tasks to queue
[2026-03-04T19:04:49.750+0000] {logging_mixin.py:188} INFO - [2026-03-04T19:04:49.750+0000] {dagbag.py:538} INFO - Filling up the DagBag from /Users/HP/storypoints-week1/venv/lib/python3.11/site-packages/airflow/example_dags/plugins/event_listener.py
[2026-03-04T19:04:49.751+0000] {processor.py:842} WARNING - No viable dags retrieved from /Users/HP/storypoints-week1/venv/lib/python3.11/site-packages/airflow/example_dags/plugins/event_listener.py
[2026-03-04T19:04:49.802+0000] {processor.py:183} INFO - Processing /Users/HP/storypoints-week1/venv/lib/python3.11/site-packages/airflow/example_dags/plugins/event_listener.py took 0.056 seconds
[2026-03-04T19:06:20.900+0000] {processor.py:161} INFO - Started process (PID=57524) to work on /Users/HP/storypoints-week1/venv/lib/python3.11/site-packages/airflow/example_dags/plugins/event_listener.py
[2026-03-04T19:06:20.903+0000] {processor.py:830} INFO - Processing file /Users/HP/storypoints-week1/venv/lib/python3.11/site-packages/airflow/example_dags/plugins/event_listener.py for tasks to queue
[2026-03-04T19:06:20.905+0000] {logging_mixin.py:188} INFO - [2026-03-04T19:06:20.905+0000] {dagbag.py:538} INFO - Filling up the DagBag from /Users/HP/storypoints-week1/venv/lib/python3.11/site-packages/airflow/example_dags/plugins/event_listener.py
[2026-03-04T19:06:20.906+0000] {processor.py:842} WARNING - No viable dags retrieved from /Users/HP/storypoints-week1/venv/lib/python3.11/site-packages/airflow/example_dags/plugins/event_listener.py
[2026-03-04T19:06:20.967+0000] {processor.py:183} INFO - Processing /Users/HP/storypoints-week1/venv/lib/python3.11/site-packages/airflow/example_dags/plugins/event_listener.py took 0.068 seconds
[2026-03-04T19:07:37.331+0000] {processor.py:161} INFO - Started process (PID=58265) to work on /Users/HP/storypoints-week1/venv/lib/python3.11/site-packages/airflow/example_dags/plugins/event_listener.py
[2026-03-04T19:07:37.334+0000] {processor.py:830} INFO - Processing file /Users/HP/storypoints-week1/venv/lib/python3.11/site-packages/airflow/example_dags/plugins/event_listener.py for tasks to queue
[2026-03-04T19:07:37.335+0000] {logging_mixin.py:188} INFO - [2026-03-04T19:07:37.335+0000] {dagbag.py:538} INFO - Filling up the DagBag from /Users/HP/storypoints-week1/venv/lib/python3.11/site-packages/airflow/example_dags/plugins/event_listener.py
[2026-03-04T19:07:37.336+0000] {processor.py:842} WARNING - No viable dags retrieved from /Users/HP/storypoints-week1/venv/lib/python3.11/site-packages/airflow/example_dags/plugins/event_listener.py
[2026-03-04T19:07:37.386+0000] {processor.py:183} INFO - Processing /Users/HP/storypoints-week1/venv/lib/python3.11/site-packages/airflow/example_dags/plugins/event_listener.py took 0.056 seconds
[2026-03-04T19:08:53.850+0000] {processor.py:161} INFO - Started process (PID=58997) to work on /Users/HP/storypoints-week1/venv/lib/python3.11/site-packages/airflow/example_dags/plugins/event_listener.py
[2026-03-04T19:08:53.852+0000] {processor.py:830} INFO - Processing file /Users/HP/storypoints-week1/venv/lib/python3.11/site-packages/airflow/example_dags/plugins/event_listener.py for tasks to queue
[2026-03-04T19:08:53.854+0000] {logging_mixin.py:188} INFO - [2026-03-04T19:08:53.854+0000] {dagbag.py:538} INFO - Filling up the DagBag from /Users/HP/storypoints-week1/venv/lib/python3.11/site-packages/airflow/example_dags/plugins/event_listener.py
[2026-03-04T19:08:53.854+0000] {processor.py:842} WARNING - No viable dags retrieved from /Users/HP/storypoints-week1/venv/lib/python3.11/site-packages/airflow/example_dags/plugins/event_listener.py
[2026-03-04T19:08:53.906+0000] {processor.py:183} INFO - Processing /Users/HP/storypoints-week1/venv/lib/python3.11/site-packages/airflow/example_dags/plugins/event_listener.py took 0.057 seconds
[2026-03-04T19:10:19.075+0000] {processor.py:161} INFO - Started process (PID=59817) to work on /Users/HP/storypoints-week1/venv/lib/python3.11/site-packages/airflow/example_dags/plugins/event_listener.py
[2026-03-04T19:10:19.078+0000] {processor.py:830} INFO - Processing file /Users/HP/storypoints-week1/venv/lib/python3.11/site-packages/airflow/example_dags/plugins/event_listener.py for tasks to queue
[2026-03-04T19:10:19.080+0000] {logging_mixin.py:188} INFO - [2026-03-04T19:10:19.079+0000] {dagbag.py:538} INFO - Filling up the DagBag from /Users/HP/storypoints-week1/venv/lib/python3.11/site-packages/airflow/example_dags/plugins/event_listener.py
[2026-03-04T19:10:19.080+0000] {processor.py:842} WARNING - No viable dags retrieved from /Users/HP/storypoints-week1/venv/lib/python3.11/site-packages/airflow/example_dags/plugins/event_listener.py
[2026-03-04T19:10:19.136+0000] {processor.py:183} INFO - Processing /Users/HP/storypoints-week1/venv/lib/python3.11/site-packages/airflow/example_dags/plugins/event_listener.py took 0.061 seconds
[2026-03-04T19:11:40.356+0000] {processor.py:161} INFO - Started process (PID=60591) to work on /Users/HP/storypoints-week1/venv/lib/python3.11/site-packages/airflow/example_dags/plugins/event_listener.py
[2026-03-04T19:11:40.358+0000] {processor.py:830} INFO - Processing file /Users/HP/storypoints-week1/venv/lib/python3.11/site-packages/airflow/example_dags/plugins/event_listener.py for tasks to queue
[2026-03-04T19:11:40.360+0000] {logging_mixin.py:188} INFO - [2026-03-04T19:11:40.360+0000] {dagbag.py:538} INFO - Filling up the DagBag from /Users/HP/storypoints-week1/venv/lib/python3.11/site-packages/airflow/example_dags/plugins/event_listener.py
[2026-03-04T19:11:40.360+0000] {processor.py:842} WARNING - No viable dags retrieved from /Users/HP/storypoints-week1/venv/lib/python3.11/site-packages/airflow/example_dags/plugins/event_listener.py
[2026-03-04T19:11:40.406+0000] {processor.py:183} INFO - Processing /Users/HP/storypoints-week1/venv/lib/python3.11/site-packages/airflow/example_dags/plugins/event_listener.py took 0.051 seconds
[2026-03-04T19:33:04.977+0000] {processor.py:161} INFO - Started process (PID=74176) to work on /Users/HP/storypoints-week1/venv/lib/python3.11/site-packages/airflow/example_dags/plugins/event_listener.py
[2026-03-04T19:33:04.980+0000] {processor.py:830} INFO - Processing file /Users/HP/storypoints-week1/venv/lib/python3.11/site-packages/airflow/example_dags/plugins/event_listener.py for tasks to queue
[2026-03-04T19:33:04.982+0000] {logging_mixin.py:188} INFO - [2026-03-04T19:33:04.981+0000] {dagbag.py:538} INFO - Filling up the DagBag from /Users/HP/storypoints-week1/venv/lib/python3.11/site-packages/airflow/example_dags/plugins/event_listener.py
[2026-03-04T19:33:04.982+0000] {processor.py:842} WARNING - No viable dags retrieved from /Users/HP/storypoints-week1/venv/lib/python3.11/site-packages/airflow/example_dags/plugins/event_listener.py
[2026-03-04T19:33:05.035+0000] {processor.py:183} INFO - Processing /Users/HP/storypoints-week1/venv/lib/python3.11/site-packages/airflow/example_dags/plugins/event_listener.py took 0.058 seconds
[2026-03-04T19:35:43.392+0000] {processor.py:161} INFO - Started process (PID=75828) to work on /Users/HP/storypoints-week1/venv/lib/python3.11/site-packages/airflow/example_dags/plugins/event_listener.py
[2026-03-04T19:35:43.395+0000] {processor.py:830} INFO - Processing file /Users/HP/storypoints-week1/venv/lib/python3.11/site-packages/airflow/example_dags/plugins/event_listener.py for tasks to queue
[2026-03-04T19:35:43.396+0000] {logging_mixin.py:188} INFO - [2026-03-04T19:35:43.396+0000] {dagbag.py:538} INFO - Filling up the DagBag from /Users/HP/storypoints-week1/venv/lib/python3.11/site-packages/airflow/example_dags/plugins/event_listener.py
[2026-03-04T19:35:43.397+0000] {processor.py:842} WARNING - No viable dags retrieved from /Users/HP/storypoints-week1/venv/lib/python3.11/site-packages/airflow/example_dags/plugins/event_listener.py
[2026-03-04T19:35:43.449+0000] {processor.py:183} INFO - Processing /Users/HP/storypoints-week1/venv/lib/python3.11/site-packages/airflow/example_dags/plugins/event_listener.py took 0.058 seconds
[2026-03-04T19:37:33.847+0000] {processor.py:161} INFO - Started process (PID=76918) to work on /Users/HP/storypoints-week1/venv/lib/python3.11/site-packages/airflow/example_dags/plugins/event_listener.py
[2026-03-04T19:37:33.850+0000] {processor.py:830} INFO - Processing file /Users/HP/storypoints-week1/venv/lib/python3.11/site-packages/airflow/example_dags/plugins/event_listener.py for tasks to queue
[2026-03-04T19:37:33.852+0000] {logging_mixin.py:188} INFO - [2026-03-04T19:37:33.851+0000] {dagbag.py:538} INFO - Filling up the DagBag from /Users/HP/storypoints-week1/venv/lib/python3.11/site-packages/airflow/example_dags/plugins/event_listener.py
[2026-03-04T19:37:33.852+0000] {processor.py:842} WARNING - No viable dags retrieved from /Users/HP/storypoints-week1/venv/lib/python3.11/site-packages/airflow/example_dags/plugins/event_listener.py
[2026-03-04T19:37:33.906+0000] {processor.py:183} INFO - Processing /Users/HP/storypoints-week1/venv/lib/python3.11/site-packages/airflow/example_dags/plugins/event_listener.py took 0.060 seconds
[2026-03-04T19:38:53.564+0000] {processor.py:161} INFO - Started process (PID=77685) to work on /Users/HP/storypoints-week1/venv/lib/python3.11/site-packages/airflow/example_dags/plugins/event_listener.py
[2026-03-04T19:38:53.567+0000] {processor.py:830} INFO - Processing file /Users/HP/storypoints-week1/venv/lib/python3.11/site-packages/airflow/example_dags/plugins/event_listener.py for tasks to queue
[2026-03-04T19:38:53.568+0000] {logging_mixin.py:188} INFO - [2026-03-04T19:38:53.568+0000] {dagbag.py:538} INFO - Filling up the DagBag from /Users/HP/storypoints-week1/venv/lib/python3.11/site-packages/airflow/example_dags/plugins/event_listener.py
[2026-03-04T19:38:53.569+0000] {processor.py:842} WARNING - No viable dags retrieved from /Users/HP/storypoints-week1/venv/lib/python3.11/site-packages/airflow/example_dags/plugins/event_listener.py
[2026-03-04T19:38:53.620+0000] {processor.py:183} INFO - Processing /Users/HP/storypoints-week1/venv/lib/python3.11/site-packages/airflow/example_dags/plugins/event_listener.py took 0.056 seconds
[2026-03-04T19:40:07.781+0000] {processor.py:161} INFO - Started process (PID=78390) to work on /Users/HP/storypoints-week1/venv/lib/python3.11/site-packages/airflow/example_dags/plugins/event_listener.py
[2026-03-04T19:40:07.784+0000] {processor.py:830} INFO - Processing file /Users/HP/storypoints-week1/venv/lib/python3.11/site-packages/airflow/example_dags/plugins/event_listener.py for tasks to queue
[2026-03-04T19:40:07.785+0000] {logging_mixin.py:188} INFO - [2026-03-04T19:40:07.785+0000] {dagbag.py:538} INFO - Filling up the DagBag from /Users/HP/storypoints-week1/venv/lib/python3.11/site-packages/airflow/example_dags/plugins/event_listener.py
[2026-03-04T19:40:07.786+0000] {processor.py:842} WARNING - No viable dags retrieved from /Users/HP/storypoints-week1/venv/lib/python3.11/site-packages/airflow/example_dags/plugins/event_listener.py
[2026-03-04T19:40:07.835+0000] {processor.py:183} INFO - Processing /Users/HP/storypoints-week1/venv/lib/python3.11/site-packages/airflow/example_dags/plugins/event_listener.py took 0.054 seconds
[2026-03-04T19:41:21.530+0000] {processor.py:161} INFO - Started process (PID=79083) to work on /Users/HP/storypoints-week1/venv/lib/python3.11/site-packages/airflow/example_dags/plugins/event_listener.py
[2026-03-04T19:41:21.532+0000] {processor.py:830} INFO - Processing file /Users/HP/storypoints-week1/venv/lib/python3.11/site-packages/airflow/example_dags/plugins/event_listener.py for tasks to queue
[2026-03-04T19:41:21.533+0000] {logging_mixin.py:188} INFO - [2026-03-04T19:41:21.533+0000] {dagbag.py:538} INFO - Filling up the DagBag from /Users/HP/storypoints-week1/venv/lib/python3.11/site-packages/airflow/example_dags/plugins/event_listener.py
[2026-03-04T19:41:21.534+0000] {processor.py:842} WARNING - No viable dags retrieved from /Users/HP/storypoints-week1/venv/lib/python3.11/site-packages/airflow/example_dags/plugins/event_listener.py
[2026-03-04T19:41:21.579+0000] {processor.py:183} INFO - Processing /Users/HP/storypoints-week1/venv/lib/python3.11/site-packages/airflow/example_dags/plugins/event_listener.py took 0.050 seconds
[2026-03-04T19:42:35.452+0000] {processor.py:161} INFO - Started process (PID=79776) to work on /Users/HP/storypoints-week1/venv/lib/python3.11/site-packages/airflow/example_dags/plugins/event_listener.py
[2026-03-04T19:42:35.454+0000] {processor.py:830} INFO - Processing file /Users/HP/storypoints-week1/venv/lib/python3.11/site-packages/airflow/example_dags/plugins/event_listener.py for tasks to queue
[2026-03-04T19:42:35.455+0000] {logging_mixin.py:188} INFO - [2026-03-04T19:42:35.455+0000] {dagbag.py:538} INFO - Filling up the DagBag from /Users/HP/storypoints-week1/venv/lib/python3.11/site-packages/airflow/example_dags/plugins/event_listener.py
[2026-03-04T19:42:35.456+0000] {processor.py:842} WARNING - No viable dags retrieved from /Users/HP/storypoints-week1/venv/lib/python3.11/site-packages/airflow/example_dags/plugins/event_listener.py
[2026-03-04T19:42:35.505+0000] {processor.py:183} INFO - Processing /Users/HP/storypoints-week1/venv/lib/python3.11/site-packages/airflow/example_dags/plugins/event_listener.py took 0.054 seconds
[2026-03-04T19:43:48.680+0000] {processor.py:161} INFO - Started process (PID=80465) to work on /Users/HP/storypoints-week1/venv/lib/python3.11/site-packages/airflow/example_dags/plugins/event_listener.py
[2026-03-04T19:43:48.683+0000] {processor.py:830} INFO - Processing file /Users/HP/storypoints-week1/venv/lib/python3.11/site-packages/airflow/example_dags/plugins/event_listener.py for tasks to queue
[2026-03-04T19:43:48.684+0000] {logging_mixin.py:188} INFO - [2026-03-04T19:43:48.684+0000] {dagbag.py:538} INFO - Filling up the DagBag from /Users/HP/storypoints-week1/venv/lib/python3.11/site-packages/airflow/example_dags/plugins/event_listener.py
[2026-03-04T19:43:48.685+0000] {processor.py:842} WARNING - No viable dags retrieved from /Users/HP/storypoints-week1/venv/lib/python3.11/site-packages/airflow/example_dags/plugins/event_listener.py
[2026-03-04T19:43:48.735+0000] {processor.py:183} INFO - Processing /Users/HP/storypoints-week1/venv/lib/python3.11/site-packages/airflow/example_dags/plugins/event_listener.py took 0.056 seconds
[2026-03-04T19:45:02.957+0000] {processor.py:161} INFO - Started process (PID=81165) to work on /Users/HP/storypoints-week1/venv/lib/python3.11/site-packages/airflow/example_dags/plugins/event_listener.py
[2026-03-04T19:45:02.959+0000] {processor.py:830} INFO - Processing file /Users/HP/storypoints-week1/venv/lib/python3.11/site-packages/airflow/example_dags/plugins/event_listener.py for tasks to queue
[2026-03-04T19:45:02.961+0000] {logging_mixin.py:188} INFO - [2026-03-04T19:45:02.961+0000] {dagbag.py:538} INFO - Filling up the DagBag from /Users/HP/storypoints-week1/venv/lib/python3.11/site-packages/airflow/example_dags/plugins/event_listener.py
[2026-03-04T19:45:02.961+0000] {processor.py:842} WARNING - No viable dags retrieved from /Users/HP/storypoints-week1/venv/lib/python3.11/site-packages/airflow/example_dags/plugins/event_listener.py
[2026-03-04T19:45:03.016+0000] {processor.py:183} INFO - Processing /Users/HP/storypoints-week1/venv/lib/python3.11/site-packages/airflow/example_dags/plugins/event_listener.py took 0.059 seconds
[2026-03-04T19:46:16.451+0000] {processor.py:161} INFO - Started process (PID=81860) to work on /Users/HP/storypoints-week1/venv/lib/python3.11/site-packages/airflow/example_dags/plugins/event_listener.py
[2026-03-04T19:46:16.454+0000] {processor.py:830} INFO - Processing file /Users/HP/storypoints-week1/venv/lib/python3.11/site-packages/airflow/example_dags/plugins/event_listener.py for tasks to queue
[2026-03-04T19:46:16.455+0000] {logging_mixin.py:188} INFO - [2026-03-04T19:46:16.455+0000] {dagbag.py:538} INFO - Filling up the DagBag from /Users/HP/storypoints-week1/venv/lib/python3.11/site-packages/airflow/example_dags/plugins/event_listener.py
[2026-03-04T19:46:16.456+0000] {processor.py:842} WARNING - No viable dags retrieved from /Users/HP/storypoints-week1/venv/lib/python3.11/site-packages/airflow/example_dags/plugins/event_listener.py
[2026-03-04T19:46:16.507+0000] {processor.py:183} INFO - Processing /Users/HP/storypoints-week1/venv/lib/python3.11/site-packages/airflow/example_dags/plugins/event_listener.py took 0.056 seconds
[2026-03-04T19:59:43.625+0000] {processor.py:161} INFO - Started process (PID=82586) to work on /Users/HP/storypoints-week1/venv/lib/python3.11/site-packages/airflow/example_dags/plugins/event_listener.py
[2026-03-04T19:59:43.627+0000] {processor.py:830} INFO - Processing file /Users/HP/storypoints-week1/venv/lib/python3.11/site-packages/airflow/example_dags/plugins/event_listener.py for tasks to queue
[2026-03-04T19:59:43.629+0000] {logging_mixin.py:188} INFO - [2026-03-04T19:59:43.629+0000] {dagbag.py:538} INFO - Filling up the DagBag from /Users/HP/storypoints-week1/venv/lib/python3.11/site-packages/airflow/example_dags/plugins/event_listener.py
[2026-03-04T19:59:43.629+0000] {processor.py:842} WARNING - No viable dags retrieved from /Users/HP/storypoints-week1/venv/lib/python3.11/site-packages/airflow/example_dags/plugins/event_listener.py
[2026-03-04T19:59:43.681+0000] {processor.py:183} INFO - Processing /Users/HP/storypoints-week1/venv/lib/python3.11/site-packages/airflow/example_dags/plugins/event_listener.py took 0.056 seconds
[2026-03-04T20:04:33.930+0000] {processor.py:161} INFO - Started process (PID=83307) to work on /Users/HP/storypoints-week1/venv/lib/python3.11/site-packages/airflow/example_dags/plugins/event_listener.py
[2026-03-04T20:04:33.933+0000] {processor.py:830} INFO - Processing file /Users/HP/storypoints-week1/venv/lib/python3.11/site-packages/airflow/example_dags/plugins/event_listener.py for tasks to queue
[2026-03-04T20:04:33.934+0000] {logging_mixin.py:188} INFO - [2026-03-04T20:04:33.934+0000] {dagbag.py:538} INFO - Filling up the DagBag from /Users/HP/storypoints-week1/venv/lib/python3.11/site-packages/airflow/example_dags/plugins/event_listener.py
[2026-03-04T20:04:33.935+0000] {processor.py:842} WARNING - No viable dags retrieved from /Users/HP/storypoints-week1/venv/lib/python3.11/site-packages/airflow/example_dags/plugins/event_listener.py
[2026-03-04T20:04:33.985+0000] {processor.py:183} INFO - Processing /Users/HP/storypoints-week1/venv/lib/python3.11/site-packages/airflow/example_dags/plugins/event_listener.py took 0.055 seconds
[2026-03-04T20:13:43.652+0000] {processor.py:161} INFO - Started process (PID=84194) to work on /Users/HP/storypoints-week1/venv/lib/python3.11/site-packages/airflow/example_dags/plugins/event_listener.py
[2026-03-04T20:13:43.654+0000] {processor.py:830} INFO - Processing file /Users/HP/storypoints-week1/venv/lib/python3.11/site-packages/airflow/example_dags/plugins/event_listener.py for tasks to queue
[2026-03-04T20:13:43.656+0000] {logging_mixin.py:188} INFO - [2026-03-04T20:13:43.656+0000] {dagbag.py:538} INFO - Filling up the DagBag from /Users/HP/storypoints-week1/venv/lib/python3.11/site-packages/airflow/example_dags/plugins/event_listener.py
[2026-03-04T20:13:43.657+0000] {processor.py:842} WARNING - No viable dags retrieved from /Users/HP/storypoints-week1/venv/lib/python3.11/site-packages/airflow/example_dags/plugins/event_listener.py
[2026-03-04T20:13:43.707+0000] {processor.py:183} INFO - Processing /Users/HP/storypoints-week1/venv/lib/python3.11/site-packages/airflow/example_dags/plugins/event_listener.py took 0.056 seconds
[2026-03-04T20:15:02.107+0000] {processor.py:161} INFO - Started process (PID=84917) to work on /Users/HP/storypoints-week1/venv/lib/python3.11/site-packages/airflow/example_dags/plugins/event_listener.py
[2026-03-04T20:15:02.109+0000] {processor.py:830} INFO - Processing file /Users/HP/storypoints-week1/venv/lib/python3.11/site-packages/airflow/example_dags/plugins/event_listener.py for tasks to queue
[2026-03-04T20:15:02.111+0000] {logging_mixin.py:188} INFO - [2026-03-04T20:15:02.111+0000] {dagbag.py:538} INFO - Filling up the DagBag from /Users/HP/storypoints-week1/venv/lib/python3.11/site-packages/airflow/example_dags/plugins/event_listener.py
[2026-03-04T20:15:02.111+0000] {processor.py:842} WARNING - No viable dags retrieved from /Users/HP/storypoints-week1/venv/lib/python3.11/site-packages/airflow/example_dags/plugins/event_listener.py
[2026-03-04T20:15:02.163+0000] {processor.py:183} INFO - Processing /Users/HP/storypoints-week1/venv/lib/python3.11/site-packages/airflow/example_dags/plugins/event_listener.py took 0.057 seconds
[2026-03-04T20:23:10.078+0000] {processor.py:161} INFO - Started process (PID=85660) to work on /Users/HP/storypoints-week1/venv/lib/python3.11/site-packages/airflow/example_dags/plugins/event_listener.py
[2026-03-04T20:23:10.080+0000] {processor.py:830} INFO - Processing file /Users/HP/storypoints-week1/venv/lib/python3.11/site-packages/airflow/example_dags/plugins/event_listener.py for tasks to queue
[2026-03-04T20:23:10.082+0000] {logging_mixin.py:188} INFO - [2026-03-04T20:23:10.082+0000] {dagbag.py:538} INFO - Filling up the DagBag from /Users/HP/storypoints-week1/venv/lib/python3.11/site-packages/airflow/example_dags/plugins/event_listener.py
[2026-03-04T20:23:10.083+0000] {processor.py:842} WARNING - No viable dags retrieved from /Users/HP/storypoints-week1/venv/lib/python3.11/site-packages/airflow/example_dags/plugins/event_listener.py
[2026-03-04T20:23:10.134+0000] {processor.py:183} INFO - Processing /Users/HP/storypoints-week1/venv/lib/python3.11/site-packages/airflow/example_dags/plugins/event_listener.py took 0.057 seconds
[2026-03-04T20:24:39.786+0000] {processor.py:161} INFO - Started process (PID=86503) to work on /Users/HP/storypoints-week1/venv/lib/python3.11/site-packages/airflow/example_dags/plugins/event_listener.py
[2026-03-04T20:24:39.789+0000] {processor.py:830} INFO - Processing file /Users/HP/storypoints-week1/venv/lib/python3.11/site-packages/airflow/example_dags/plugins/event_listener.py for tasks to queue
[2026-03-04T20:24:39.790+0000] {logging_mixin.py:188} INFO - [2026-03-04T20:24:39.790+0000] {dagbag.py:538} INFO - Filling up the DagBag from /Users/HP/storypoints-week1/venv/lib/python3.11/site-packages/airflow/example_dags/plugins/event_listener.py
[2026-03-04T20:24:39.791+0000] {processor.py:842} WARNING - No viable dags retrieved from /Users/HP/storypoints-week1/venv/lib/python3.11/site-packages/airflow/example_dags/plugins/event_listener.py
[2026-03-04T20:24:39.849+0000] {processor.py:183} INFO - Processing /Users/HP/storypoints-week1/venv/lib/python3.11/site-packages/airflow/example_dags/plugins/event_listener.py took 0.064 seconds
[2026-03-04T20:29:19.015+0000] {processor.py:161} INFO - Started process (PID=87237) to work on /Users/HP/storypoints-week1/venv/lib/python3.11/site-packages/airflow/example_dags/plugins/event_listener.py
[2026-03-04T20:29:19.017+0000] {processor.py:830} INFO - Processing file /Users/HP/storypoints-week1/venv/lib/python3.11/site-packages/airflow/example_dags/plugins/event_listener.py for tasks to queue
[2026-03-04T20:29:19.018+0000] {logging_mixin.py:188} INFO - [2026-03-04T20:29:19.018+0000] {dagbag.py:538} INFO - Filling up the DagBag from /Users/HP/storypoints-week1/venv/lib/python3.11/site-packages/airflow/example_dags/plugins/event_listener.py
[2026-03-04T20:29:19.019+0000] {processor.py:842} WARNING - No viable dags retrieved from /Users/HP/storypoints-week1/venv/lib/python3.11/site-packages/airflow/example_dags/plugins/event_listener.py
[2026-03-04T20:29:19.069+0000] {processor.py:183} INFO - Processing /Users/HP/storypoints-week1/venv/lib/python3.11/site-packages/airflow/example_dags/plugins/event_listener.py took 0.055 seconds
[2026-03-04T20:48:30.446+0000] {processor.py:161} INFO - Started process (PID=88037) to work on /Users/HP/storypoints-week1/venv/lib/python3.11/site-packages/airflow/example_dags/plugins/event_listener.py
[2026-03-04T20:48:30.448+0000] {processor.py:830} INFO - Processing file /Users/HP/storypoints-week1/venv/lib/python3.11/site-packages/airflow/example_dags/plugins/event_listener.py for tasks to queue
[2026-03-04T20:48:30.449+0000] {logging_mixin.py:188} INFO - [2026-03-04T20:48:30.449+0000] {dagbag.py:538} INFO - Filling up the DagBag from /Users/HP/storypoints-week1/venv/lib/python3.11/site-packages/airflow/example_dags/plugins/event_listener.py
[2026-03-04T20:48:30.450+0000] {processor.py:842} WARNING - No viable dags retrieved from /Users/HP/storypoints-week1/venv/lib/python3.11/site-packages/airflow/example_dags/plugins/event_listener.py
[2026-03-04T20:48:30.494+0000] {processor.py:183} INFO - Processing /Users/HP/storypoints-week1/venv/lib/python3.11/site-packages/airflow/example_dags/plugins/event_listener.py took 0.049 seconds
[2026-03-04T22:17:13.579+0000] {processor.py:161} INFO - Started process (PID=88799) to work on /Users/HP/storypoints-week1/venv/lib/python3.11/site-packages/airflow/example_dags/plugins/event_listener.py
[2026-03-04T22:17:13.582+0000] {processor.py:830} INFO - Processing file /Users/HP/storypoints-week1/venv/lib/python3.11/site-packages/airflow/example_dags/plugins/event_listener.py for tasks to queue
[2026-03-04T22:17:13.583+0000] {logging_mixin.py:188} INFO - [2026-03-04T22:17:13.583+0000] {dagbag.py:538} INFO - Filling up the DagBag from /Users/HP/storypoints-week1/venv/lib/python3.11/site-packages/airflow/example_dags/plugins/event_listener.py
[2026-03-04T22:17:13.584+0000] {processor.py:842} WARNING - No viable dags retrieved from /Users/HP/storypoints-week1/venv/lib/python3.11/site-packages/airflow/example_dags/plugins/event_listener.py
[2026-03-04T22:17:13.636+0000] {processor.py:183} INFO - Processing /Users/HP/storypoints-week1/venv/lib/python3.11/site-packages/airflow/example_dags/plugins/event_listener.py took 0.057 seconds
[2026-03-04T22:18:53.425+0000] {processor.py:161} INFO - Started process (PID=89742) to work on /Users/HP/storypoints-week1/venv/lib/python3.11/site-packages/airflow/example_dags/plugins/event_listener.py
[2026-03-04T22:18:53.428+0000] {processor.py:830} INFO - Processing file /Users/HP/storypoints-week1/venv/lib/python3.11/site-packages/airflow/example_dags/plugins/event_listener.py for tasks to queue
[2026-03-04T22:18:53.429+0000] {logging_mixin.py:188} INFO - [2026-03-04T22:18:53.429+0000] {dagbag.py:538} INFO - Filling up the DagBag from /Users/HP/storypoints-week1/venv/lib/python3.11/site-packages/airflow/example_dags/plugins/event_listener.py
[2026-03-04T22:18:53.430+0000] {processor.py:842} WARNING - No viable dags retrieved from /Users/HP/storypoints-week1/venv/lib/python3.11/site-packages/airflow/example_dags/plugins/event_listener.py
[2026-03-04T22:18:53.481+0000] {processor.py:183} INFO - Processing /Users/HP/storypoints-week1/venv/lib/python3.11/site-packages/airflow/example_dags/plugins/event_listener.py took 0.057 seconds
[2026-03-04T22:48:02.468+0000] {processor.py:161} INFO - Started process (PID=90464) to work on /Users/HP/storypoints-week1/venv/lib/python3.11/site-packages/airflow/example_dags/plugins/event_listener.py
[2026-03-04T22:48:02.470+0000] {processor.py:830} INFO - Processing file /Users/HP/storypoints-week1/venv/lib/python3.11/site-packages/airflow/example_dags/plugins/event_listener.py for tasks to queue
[2026-03-04T22:48:02.472+0000] {logging_mixin.py:188} INFO - [2026-03-04T22:48:02.472+0000] {dagbag.py:538} INFO - Filling up the DagBag from /Users/HP/storypoints-week1/venv/lib/python3.11/site-packages/airflow/example_dags/plugins/event_listener.py
[2026-03-04T22:48:02.472+0000] {processor.py:842} WARNING - No viable dags retrieved from /Users/HP/storypoints-week1/venv/lib/python3.11/site-packages/airflow/example_dags/plugins/event_listener.py
[2026-03-04T22:48:02.524+0000] {processor.py:183} INFO - Processing /Users/HP/storypoints-week1/venv/lib/python3.11/site-packages/airflow/example_dags/plugins/event_listener.py took 0.057 seconds
[2026-03-04T23:06:53.390+0000] {processor.py:161} INFO - Started process (PID=91205) to work on /Users/HP/storypoints-week1/venv/lib/python3.11/site-packages/airflow/example_dags/plugins/event_listener.py
[2026-03-04T23:06:53.393+0000] {processor.py:830} INFO - Processing file /Users/HP/storypoints-week1/venv/lib/python3.11/site-packages/airflow/example_dags/plugins/event_listener.py for tasks to queue
[2026-03-04T23:06:53.394+0000] {logging_mixin.py:188} INFO - [2026-03-04T23:06:53.394+0000] {dagbag.py:538} INFO - Filling up the DagBag from /Users/HP/storypoints-week1/venv/lib/python3.11/site-packages/airflow/example_dags/plugins/event_listener.py
[2026-03-04T23:06:53.395+0000] {processor.py:842} WARNING - No viable dags retrieved from /Users/HP/storypoints-week1/venv/lib/python3.11/site-packages/airflow/example_dags/plugins/event_listener.py
[2026-03-04T23:06:53.442+0000] {processor.py:183} INFO - Processing /Users/HP/storypoints-week1/venv/lib/python3.11/site-packages/airflow/example_dags/plugins/event_listener.py took 0.052 seconds
[2026-03-04T23:19:03.093+0000] {processor.py:161} INFO - Started process (PID=91913) to work on /Users/HP/storypoints-week1/venv/lib/python3.11/site-packages/airflow/example_dags/plugins/event_listener.py
[2026-03-04T23:19:03.096+0000] {processor.py:830} INFO - Processing file /Users/HP/storypoints-week1/venv/lib/python3.11/site-packages/airflow/example_dags/plugins/event_listener.py for tasks to queue
[2026-03-04T23:19:03.097+0000] {logging_mixin.py:188} INFO - [2026-03-04T23:19:03.097+0000] {dagbag.py:538} INFO - Filling up the DagBag from /Users/HP/storypoints-week1/venv/lib/python3.11/site-packages/airflow/example_dags/plugins/event_listener.py
[2026-03-04T23:19:03.097+0000] {processor.py:842} WARNING - No viable dags retrieved from /Users/HP/storypoints-week1/venv/lib/python3.11/site-packages/airflow/example_dags/plugins/event_listener.py
[2026-03-04T23:19:03.146+0000] {processor.py:183} INFO - Processing /Users/HP/storypoints-week1/venv/lib/python3.11/site-packages/airflow/example_dags/plugins/event_listener.py took 0.053 seconds
[2026-03-04T23:20:37.176+0000] {processor.py:161} INFO - Started process (PID=92622) to work on /Users/HP/storypoints-week1/venv/lib/python3.11/site-packages/airflow/example_dags/plugins/event_listener.py
[2026-03-04T23:20:37.179+0000] {processor.py:830} INFO - Processing file /Users/HP/storypoints-week1/venv/lib/python3.11/site-packages/airflow/example_dags/plugins/event_listener.py for tasks to queue
[2026-03-04T23:20:37.180+0000] {logging_mixin.py:188} INFO - [2026-03-04T23:20:37.180+0000] {dagbag.py:538} INFO - Filling up the DagBag from /Users/HP/storypoints-week1/venv/lib/python3.11/site-packages/airflow/example_dags/plugins/event_listener.py
[2026-03-04T23:20:37.181+0000] {processor.py:842} WARNING - No viable dags retrieved from /Users/HP/storypoints-week1/venv/lib/python3.11/site-packages/airflow/example_dags/plugins/event_listener.py
[2026-03-04T23:20:37.234+0000] {processor.py:183} INFO - Processing /Users/HP/storypoints-week1/venv/lib/python3.11/site-packages/airflow/example_dags/plugins/event_listener.py took 0.058 seconds
