[2026-03-04T19:01:10.179+0000] {processor.py:161} INFO - Started process (PID=54168) to work on /Users/HP/storypoints-week1/venv/lib/python3.11/site-packages/airflow/example_dags/plugins/listener_plugin.py
[2026-03-04T19:01:10.181+0000] {processor.py:830} INFO - Processing file /Users/HP/storypoints-week1/venv/lib/python3.11/site-packages/airflow/example_dags/plugins/listener_plugin.py for tasks to queue
[2026-03-04T19:01:10.183+0000] {logging_mixin.py:188} INFO - [2026-03-04T19:01:10.182+0000] {dagbag.py:538} INFO - Filling up the DagBag from /Users/HP/storypoints-week1/venv/lib/python3.11/site-packages/airflow/example_dags/plugins/listener_plugin.py
[2026-03-04T19:01:10.184+0000] {processor.py:842} WARNING - No viable dags retrieved from /Users/HP/storypoints-week1/venv/lib/python3.11/site-packages/airflow/example_dags/plugins/listener_plugin.py
[2026-03-04T19:01:10.239+0000] {processor.py:183} INFO - Processing /Users/HP/storypoints-week1/venv/lib/python3.11/site-packages/airflow/example_dags/plugins/listener_plugin.py took 0.061 seconds
[2026-03-04T19:03:11.950+0000] {processor.py:161} INFO - Started process (PID=55337) to work on /Users/HP/storypoints-week1/venv/lib/python3.11/site-packages/airflow/example_dags/plugins/listener_plugin.py
[2026-03-04T19:03:11.953+0000] {processor.py:830} INFO - Processing file /Users/HP/storypoints-week1/venv/lib/python3.11/site-packages/airflow/example_dags/plugins/listener_plugin.py for tasks to queue
[2026-03-04T19:03:11.954+0000] {logging_mixin.py:188} INFO - [2026-03-04T19:03:11.954+0000] {dagbag.py:538} INFO - Filling up the DagBag from /Users/HP/storypoints-week1/venv/lib/python3.11/site-packages/airflow/example_dags/plugins/listener_plugin.py
[2026-03-04T19:03:11.956+0000] {processor.py:842} WARNING - No viable dags retrieved from /Users/HP/storypoints-week1/venv/lib/python3.11/site-packages/airflow/example_dags/plugins/listener_plugin.py
[2026-03-04T19:03:12.009+0000] {processor.py:183} INFO - Processing /Users/HP/storypoints-week1/venv/lib/python3.11/site-packages/airflow/example_dags/plugins/listener_plugin.py took 0.060 seconds
[2026-03-04T19:04:47.240+0000] {processor.py:161} INFO - Started process (PID=56656) to work on /Users/HP/storypoints-week1/venv/lib/python3.11/site-packages/airflow/example_dags/plugins/listener_plugin.py
[2026-03-04T19:04:47.242+0000] {processor.py:830} INFO - Processing file /Users/HP/storypoints-week1/venv/lib/python3.11/site-packages/airflow/example_dags/plugins/listener_plugin.py for tasks to queue
[2026-03-04T19:04:47.244+0000] {logging_mixin.py:188} INFO - [2026-03-04T19:04:47.244+0000] {dagbag.py:538} INFO - Filling up the DagBag from /Users/HP/storypoints-week1/venv/lib/python3.11/site-packages/airflow/example_dags/plugins/listener_plugin.py
[2026-03-04T19:04:47.246+0000] {processor.py:842} WARNING - No viable dags retrieved from /Users/HP/storypoints-week1/venv/lib/python3.11/site-packages/airflow/example_dags/plugins/listener_plugin.py
[2026-03-04T19:04:47.302+0000] {processor.py:183} INFO - Processing /Users/HP/storypoints-week1/venv/lib/python3.11/site-packages/airflow/example_dags/plugins/listener_plugin.py took 0.063 seconds
[2026-03-04T19:06:19.387+0000] {processor.py:161} INFO - Started process (PID=57512) to work on /Users/HP/storypoints-week1/venv/lib/python3.11/site-packages/airflow/example_dags/plugins/listener_plugin.py
[2026-03-04T19:06:19.390+0000] {processor.py:830} INFO - Processing file /Users/HP/storypoints-week1/venv/lib/python3.11/site-packages/airflow/example_dags/plugins/listener_plugin.py for tasks to queue
[2026-03-04T19:06:19.392+0000] {logging_mixin.py:188} INFO - [2026-03-04T19:06:19.392+0000] {dagbag.py:538} INFO - Filling up the DagBag from /Users/HP/storypoints-week1/venv/lib/python3.11/site-packages/airflow/example_dags/plugins/listener_plugin.py
[2026-03-04T19:06:19.393+0000] {processor.py:842} WARNING - No viable dags retrieved from /Users/HP/storypoints-week1/venv/lib/python3.11/site-packages/airflow/example_dags/plugins/listener_plugin.py
[2026-03-04T19:06:19.445+0000] {processor.py:183} INFO - Processing /Users/HP/storypoints-week1/venv/lib/python3.11/site-packages/airflow/example_dags/plugins/listener_plugin.py took 0.058 seconds
[2026-03-04T19:07:34.926+0000] {processor.py:161} INFO - Started process (PID=58242) to work on /Users/HP/storypoints-week1/venv/lib/python3.11/site-packages/airflow/example_dags/plugins/listener_plugin.py
[2026-03-04T19:07:34.928+0000] {processor.py:830} INFO - Processing file /Users/HP/storypoints-week1/venv/lib/python3.11/site-packages/airflow/example_dags/plugins/listener_plugin.py for tasks to queue
[2026-03-04T19:07:34.930+0000] {logging_mixin.py:188} INFO - [2026-03-04T19:07:34.930+0000] {dagbag.py:538} INFO - Filling up the DagBag from /Users/HP/storypoints-week1/venv/lib/python3.11/site-packages/airflow/example_dags/plugins/listener_plugin.py
[2026-03-04T19:07:34.932+0000] {processor.py:842} WARNING - No viable dags retrieved from /Users/HP/storypoints-week1/venv/lib/python3.11/site-packages/airflow/example_dags/plugins/listener_plugin.py
[2026-03-04T19:07:34.982+0000] {processor.py:183} INFO - Processing /Users/HP/storypoints-week1/venv/lib/python3.11/site-packages/airflow/example_dags/plugins/listener_plugin.py took 0.057 seconds
[2026-03-04T19:08:52.218+0000] {processor.py:161} INFO - Started process (PID=58982) to work on /Users/HP/storypoints-week1/venv/lib/python3.11/site-packages/airflow/example_dags/plugins/listener_plugin.py
[2026-03-04T19:08:52.221+0000] {processor.py:830} INFO - Processing file /Users/HP/storypoints-week1/venv/lib/python3.11/site-packages/airflow/example_dags/plugins/listener_plugin.py for tasks to queue
[2026-03-04T19:08:52.222+0000] {logging_mixin.py:188} INFO - [2026-03-04T19:08:52.222+0000] {dagbag.py:538} INFO - Filling up the DagBag from /Users/HP/storypoints-week1/venv/lib/python3.11/site-packages/airflow/example_dags/plugins/listener_plugin.py
[2026-03-04T19:08:52.223+0000] {processor.py:842} WARNING - No viable dags retrieved from /Users/HP/storypoints-week1/venv/lib/python3.11/site-packages/airflow/example_dags/plugins/listener_plugin.py
[2026-03-04T19:08:52.275+0000] {processor.py:183} INFO - Processing /Users/HP/storypoints-week1/venv/lib/python3.11/site-packages/airflow/example_dags/plugins/listener_plugin.py took 0.057 seconds
[2026-03-04T19:10:16.598+0000] {processor.py:161} INFO - Started process (PID=59793) to work on /Users/HP/storypoints-week1/venv/lib/python3.11/site-packages/airflow/example_dags/plugins/listener_plugin.py
[2026-03-04T19:10:16.601+0000] {processor.py:830} INFO - Processing file /Users/HP/storypoints-week1/venv/lib/python3.11/site-packages/airflow/example_dags/plugins/listener_plugin.py for tasks to queue
[2026-03-04T19:10:16.602+0000] {logging_mixin.py:188} INFO - [2026-03-04T19:10:16.602+0000] {dagbag.py:538} INFO - Filling up the DagBag from /Users/HP/storypoints-week1/venv/lib/python3.11/site-packages/airflow/example_dags/plugins/listener_plugin.py
[2026-03-04T19:10:16.604+0000] {processor.py:842} WARNING - No viable dags retrieved from /Users/HP/storypoints-week1/venv/lib/python3.11/site-packages/airflow/example_dags/plugins/listener_plugin.py
[2026-03-04T19:10:16.654+0000] {processor.py:183} INFO - Processing /Users/HP/storypoints-week1/venv/lib/python3.11/site-packages/airflow/example_dags/plugins/listener_plugin.py took 0.057 seconds
[2026-03-04T19:11:38.555+0000] {processor.py:161} INFO - Started process (PID=60567) to work on /Users/HP/storypoints-week1/venv/lib/python3.11/site-packages/airflow/example_dags/plugins/listener_plugin.py
[2026-03-04T19:11:38.558+0000] {processor.py:830} INFO - Processing file /Users/HP/storypoints-week1/venv/lib/python3.11/site-packages/airflow/example_dags/plugins/listener_plugin.py for tasks to queue
[2026-03-04T19:11:38.560+0000] {logging_mixin.py:188} INFO - [2026-03-04T19:11:38.560+0000] {dagbag.py:538} INFO - Filling up the DagBag from /Users/HP/storypoints-week1/venv/lib/python3.11/site-packages/airflow/example_dags/plugins/listener_plugin.py
[2026-03-04T19:11:38.562+0000] {processor.py:842} WARNING - No viable dags retrieved from /Users/HP/storypoints-week1/venv/lib/python3.11/site-packages/airflow/example_dags/plugins/listener_plugin.py
[2026-03-04T19:11:38.612+0000] {processor.py:183} INFO - Processing /Users/HP/storypoints-week1/venv/lib/python3.11/site-packages/airflow/example_dags/plugins/listener_plugin.py took 0.058 seconds
[2026-03-04T19:33:02.363+0000] {processor.py:161} INFO - Started process (PID=74152) to work on /Users/HP/storypoints-week1/venv/lib/python3.11/site-packages/airflow/example_dags/plugins/listener_plugin.py
[2026-03-04T19:33:02.365+0000] {processor.py:830} INFO - Processing file /Users/HP/storypoints-week1/venv/lib/python3.11/site-packages/airflow/example_dags/plugins/listener_plugin.py for tasks to queue
[2026-03-04T19:33:02.367+0000] {logging_mixin.py:188} INFO - [2026-03-04T19:33:02.367+0000] {dagbag.py:538} INFO - Filling up the DagBag from /Users/HP/storypoints-week1/venv/lib/python3.11/site-packages/airflow/example_dags/plugins/listener_plugin.py
[2026-03-04T19:33:02.368+0000] {processor.py:842} WARNING - No viable dags retrieved from /Users/HP/storypoints-week1/venv/lib/python3.11/site-packages/airflow/example_dags/plugins/listener_plugin.py
[2026-03-04T19:33:02.418+0000] {processor.py:183} INFO - Processing /Users/HP/storypoints-week1/venv/lib/python3.11/site-packages/airflow/example_dags/plugins/listener_plugin.py took 0.056 seconds
[2026-03-04T19:35:40.556+0000] {processor.py:161} INFO - Started process (PID=75804) to work on /Users/HP/storypoints-week1/venv/lib/python3.11/site-packages/airflow/example_dags/plugins/listener_plugin.py
[2026-03-04T19:35:40.559+0000] {processor.py:830} INFO - Processing file /Users/HP/storypoints-week1/venv/lib/python3.11/site-packages/airflow/example_dags/plugins/listener_plugin.py for tasks to queue
[2026-03-04T19:35:40.561+0000] {logging_mixin.py:188} INFO - [2026-03-04T19:35:40.561+0000] {dagbag.py:538} INFO - Filling up the DagBag from /Users/HP/storypoints-week1/venv/lib/python3.11/site-packages/airflow/example_dags/plugins/listener_plugin.py
[2026-03-04T19:35:40.562+0000] {processor.py:842} WARNING - No viable dags retrieved from /Users/HP/storypoints-week1/venv/lib/python3.11/site-packages/airflow/example_dags/plugins/listener_plugin.py
[2026-03-04T19:35:40.622+0000] {processor.py:183} INFO - Processing /Users/HP/storypoints-week1/venv/lib/python3.11/site-packages/airflow/example_dags/plugins/listener_plugin.py took 0.067 seconds
[2026-03-04T19:37:32.130+0000] {processor.py:161} INFO - Started process (PID=76903) to work on /Users/HP/storypoints-week1/venv/lib/python3.11/site-packages/airflow/example_dags/plugins/listener_plugin.py
[2026-03-04T19:37:32.133+0000] {processor.py:830} INFO - Processing file /Users/HP/storypoints-week1/venv/lib/python3.11/site-packages/airflow/example_dags/plugins/listener_plugin.py for tasks to queue
[2026-03-04T19:37:32.135+0000] {logging_mixin.py:188} INFO - [2026-03-04T19:37:32.134+0000] {dagbag.py:538} INFO - Filling up the DagBag from /Users/HP/storypoints-week1/venv/lib/python3.11/site-packages/airflow/example_dags/plugins/listener_plugin.py
[2026-03-04T19:37:32.136+0000] {processor.py:842} WARNING - No viable dags retrieved from /Users/HP/storypoints-week1/venv/lib/python3.11/site-packages/airflow/example_dags/plugins/listener_plugin.py
[2026-03-04T19:37:32.189+0000] {processor.py:183} INFO - Processing /Users/HP/storypoints-week1/venv/lib/python3.11/site-packages/airflow/example_dags/plugins/listener_plugin.py took 0.060 seconds
[2026-03-04T19:38:51.252+0000] {processor.py:161} INFO - Started process (PID=77662) to work on /Users/HP/storypoints-week1/venv/lib/python3.11/site-packages/airflow/example_dags/plugins/listener_plugin.py
[2026-03-04T19:38:51.255+0000] {processor.py:830} INFO - Processing file /Users/HP/storypoints-week1/venv/lib/python3.11/site-packages/airflow/example_dags/plugins/listener_plugin.py for tasks to queue
[2026-03-04T19:38:51.256+0000] {logging_mixin.py:188} INFO - [2026-03-04T19:38:51.256+0000] {dagbag.py:538} INFO - Filling up the DagBag from /Users/HP/storypoints-week1/venv/lib/python3.11/site-packages/airflow/example_dags/plugins/listener_plugin.py
[2026-03-04T19:38:51.258+0000] {processor.py:842} WARNING - No viable dags retrieved from /Users/HP/storypoints-week1/venv/lib/python3.11/site-packages/airflow/example_dags/plugins/listener_plugin.py
[2026-03-04T19:38:51.307+0000] {processor.py:183} INFO - Processing /Users/HP/storypoints-week1/venv/lib/python3.11/site-packages/airflow/example_dags/plugins/listener_plugin.py took 0.055 seconds
[2026-03-04T19:40:05.608+0000] {processor.py:161} INFO - Started process (PID=78368) to work on /Users/HP/storypoints-week1/venv/lib/python3.11/site-packages/airflow/example_dags/plugins/listener_plugin.py
[2026-03-04T19:40:05.610+0000] {processor.py:830} INFO - Processing file /Users/HP/storypoints-week1/venv/lib/python3.11/site-packages/airflow/example_dags/plugins/listener_plugin.py for tasks to queue
[2026-03-04T19:40:05.612+0000] {logging_mixin.py:188} INFO - [2026-03-04T19:40:05.612+0000] {dagbag.py:538} INFO - Filling up the DagBag from /Users/HP/storypoints-week1/venv/lib/python3.11/site-packages/airflow/example_dags/plugins/listener_plugin.py
[2026-03-04T19:40:05.613+0000] {processor.py:842} WARNING - No viable dags retrieved from /Users/HP/storypoints-week1/venv/lib/python3.11/site-packages/airflow/example_dags/plugins/listener_plugin.py
[2026-03-04T19:40:05.664+0000] {processor.py:183} INFO - Processing /Users/HP/storypoints-week1/venv/lib/python3.11/site-packages/airflow/example_dags/plugins/listener_plugin.py took 0.057 seconds
[2026-03-04T19:41:19.087+0000] {processor.py:161} INFO - Started process (PID=79059) to work on /Users/HP/storypoints-week1/venv/lib/python3.11/site-packages/airflow/example_dags/plugins/listener_plugin.py
[2026-03-04T19:41:19.090+0000] {processor.py:830} INFO - Processing file /Users/HP/storypoints-week1/venv/lib/python3.11/site-packages/airflow/example_dags/plugins/listener_plugin.py for tasks to queue
[2026-03-04T19:41:19.092+0000] {logging_mixin.py:188} INFO - [2026-03-04T19:41:19.092+0000] {dagbag.py:538} INFO - Filling up the DagBag from /Users/HP/storypoints-week1/venv/lib/python3.11/site-packages/airflow/example_dags/plugins/listener_plugin.py
[2026-03-04T19:41:19.094+0000] {processor.py:842} WARNING - No viable dags retrieved from /Users/HP/storypoints-week1/venv/lib/python3.11/site-packages/airflow/example_dags/plugins/listener_plugin.py
[2026-03-04T19:41:19.145+0000] {processor.py:183} INFO - Processing /Users/HP/storypoints-week1/venv/lib/python3.11/site-packages/airflow/example_dags/plugins/listener_plugin.py took 0.058 seconds
[2026-03-04T19:42:33.804+0000] {processor.py:161} INFO - Started process (PID=79761) to work on /Users/HP/storypoints-week1/venv/lib/python3.11/site-packages/airflow/example_dags/plugins/listener_plugin.py
[2026-03-04T19:42:33.806+0000] {processor.py:830} INFO - Processing file /Users/HP/storypoints-week1/venv/lib/python3.11/site-packages/airflow/example_dags/plugins/listener_plugin.py for tasks to queue
[2026-03-04T19:42:33.807+0000] {logging_mixin.py:188} INFO - [2026-03-04T19:42:33.807+0000] {dagbag.py:538} INFO - Filling up the DagBag from /Users/HP/storypoints-week1/venv/lib/python3.11/site-packages/airflow/example_dags/plugins/listener_plugin.py
[2026-03-04T19:42:33.809+0000] {processor.py:842} WARNING - No viable dags retrieved from /Users/HP/storypoints-week1/venv/lib/python3.11/site-packages/airflow/example_dags/plugins/listener_plugin.py
[2026-03-04T19:42:33.857+0000] {processor.py:183} INFO - Processing /Users/HP/storypoints-week1/venv/lib/python3.11/site-packages/airflow/example_dags/plugins/listener_plugin.py took 0.054 seconds
[2026-03-04T19:43:46.673+0000] {processor.py:161} INFO - Started process (PID=80447) to work on /Users/HP/storypoints-week1/venv/lib/python3.11/site-packages/airflow/example_dags/plugins/listener_plugin.py
[2026-03-04T19:43:46.676+0000] {processor.py:830} INFO - Processing file /Users/HP/storypoints-week1/venv/lib/python3.11/site-packages/airflow/example_dags/plugins/listener_plugin.py for tasks to queue
[2026-03-04T19:43:46.677+0000] {logging_mixin.py:188} INFO - [2026-03-04T19:43:46.677+0000] {dagbag.py:538} INFO - Filling up the DagBag from /Users/HP/storypoints-week1/venv/lib/python3.11/site-packages/airflow/example_dags/plugins/listener_plugin.py
[2026-03-04T19:43:46.678+0000] {processor.py:842} WARNING - No viable dags retrieved from /Users/HP/storypoints-week1/venv/lib/python3.11/site-packages/airflow/example_dags/plugins/listener_plugin.py
[2026-03-04T19:43:46.730+0000] {processor.py:183} INFO - Processing /Users/HP/storypoints-week1/venv/lib/python3.11/site-packages/airflow/example_dags/plugins/listener_plugin.py took 0.057 seconds
[2026-03-04T19:45:01.347+0000] {processor.py:161} INFO - Started process (PID=81152) to work on /Users/HP/storypoints-week1/venv/lib/python3.11/site-packages/airflow/example_dags/plugins/listener_plugin.py
[2026-03-04T19:45:01.350+0000] {processor.py:830} INFO - Processing file /Users/HP/storypoints-week1/venv/lib/python3.11/site-packages/airflow/example_dags/plugins/listener_plugin.py for tasks to queue
[2026-03-04T19:45:01.351+0000] {logging_mixin.py:188} INFO - [2026-03-04T19:45:01.351+0000] {dagbag.py:538} INFO - Filling up the DagBag from /Users/HP/storypoints-week1/venv/lib/python3.11/site-packages/airflow/example_dags/plugins/listener_plugin.py
[2026-03-04T19:45:01.352+0000] {processor.py:842} WARNING - No viable dags retrieved from /Users/HP/storypoints-week1/venv/lib/python3.11/site-packages/airflow/example_dags/plugins/listener_plugin.py
[2026-03-04T19:45:01.404+0000] {processor.py:183} INFO - Processing /Users/HP/storypoints-week1/venv/lib/python3.11/site-packages/airflow/example_dags/plugins/listener_plugin.py took 0.057 seconds
[2026-03-04T19:46:14.063+0000] {processor.py:161} INFO - Started process (PID=81837) to work on /Users/HP/storypoints-week1/venv/lib/python3.11/site-packages/airflow/example_dags/plugins/listener_plugin.py
[2026-03-04T19:46:14.065+0000] {processor.py:830} INFO - Processing file /Users/HP/storypoints-week1/venv/lib/python3.11/site-packages/airflow/example_dags/plugins/listener_plugin.py for tasks to queue
[2026-03-04T19:46:14.066+0000] {logging_mixin.py:188} INFO - [2026-03-04T19:46:14.066+0000] {dagbag.py:538} INFO - Filling up the DagBag from /Users/HP/storypoints-week1/venv/lib/python3.11/site-packages/airflow/example_dags/plugins/listener_plugin.py
[2026-03-04T19:46:14.068+0000] {processor.py:842} WARNING - No viable dags retrieved from /Users/HP/storypoints-week1/venv/lib/python3.11/site-packages/airflow/example_dags/plugins/listener_plugin.py
[2026-03-04T19:46:14.119+0000] {processor.py:183} INFO - Processing /Users/HP/storypoints-week1/venv/lib/python3.11/site-packages/airflow/example_dags/plugins/listener_plugin.py took 0.057 seconds
[2026-03-04T19:47:29.744+0000] {processor.py:161} INFO - Started process (PID=82559) to work on /Users/HP/storypoints-week1/venv/lib/python3.11/site-packages/airflow/example_dags/plugins/listener_plugin.py
[2026-03-04T19:47:29.746+0000] {processor.py:830} INFO - Processing file /Users/HP/storypoints-week1/venv/lib/python3.11/site-packages/airflow/example_dags/plugins/listener_plugin.py for tasks to queue
[2026-03-04T19:47:29.748+0000] {logging_mixin.py:188} INFO - [2026-03-04T19:47:29.748+0000] {dagbag.py:538} INFO - Filling up the DagBag from /Users/HP/storypoints-week1/venv/lib/python3.11/site-packages/airflow/example_dags/plugins/listener_plugin.py
[2026-03-04T19:47:29.750+0000] {processor.py:842} WARNING - No viable dags retrieved from /Users/HP/storypoints-week1/venv/lib/python3.11/site-packages/airflow/example_dags/plugins/listener_plugin.py
[2026-03-04T19:47:29.802+0000] {processor.py:183} INFO - Processing /Users/HP/storypoints-week1/venv/lib/python3.11/site-packages/airflow/example_dags/plugins/listener_plugin.py took 0.059 seconds
[2026-03-04T20:04:31.594+0000] {processor.py:161} INFO - Started process (PID=83284) to work on /Users/HP/storypoints-week1/venv/lib/python3.11/site-packages/airflow/example_dags/plugins/listener_plugin.py
[2026-03-04T20:04:31.596+0000] {processor.py:830} INFO - Processing file /Users/HP/storypoints-week1/venv/lib/python3.11/site-packages/airflow/example_dags/plugins/listener_plugin.py for tasks to queue
[2026-03-04T20:04:31.598+0000] {logging_mixin.py:188} INFO - [2026-03-04T20:04:31.598+0000] {dagbag.py:538} INFO - Filling up the DagBag from /Users/HP/storypoints-week1/venv/lib/python3.11/site-packages/airflow/example_dags/plugins/listener_plugin.py
[2026-03-04T20:04:31.599+0000] {processor.py:842} WARNING - No viable dags retrieved from /Users/HP/storypoints-week1/venv/lib/python3.11/site-packages/airflow/example_dags/plugins/listener_plugin.py
[2026-03-04T20:04:31.649+0000] {processor.py:183} INFO - Processing /Users/HP/storypoints-week1/venv/lib/python3.11/site-packages/airflow/example_dags/plugins/listener_plugin.py took 0.057 seconds
[2026-03-04T20:13:41.176+0000] {processor.py:161} INFO - Started process (PID=84171) to work on /Users/HP/storypoints-week1/venv/lib/python3.11/site-packages/airflow/example_dags/plugins/listener_plugin.py
[2026-03-04T20:13:41.178+0000] {processor.py:830} INFO - Processing file /Users/HP/storypoints-week1/venv/lib/python3.11/site-packages/airflow/example_dags/plugins/listener_plugin.py for tasks to queue
[2026-03-04T20:13:41.180+0000] {logging_mixin.py:188} INFO - [2026-03-04T20:13:41.180+0000] {dagbag.py:538} INFO - Filling up the DagBag from /Users/HP/storypoints-week1/venv/lib/python3.11/site-packages/airflow/example_dags/plugins/listener_plugin.py
[2026-03-04T20:13:41.182+0000] {processor.py:842} WARNING - No viable dags retrieved from /Users/HP/storypoints-week1/venv/lib/python3.11/site-packages/airflow/example_dags/plugins/listener_plugin.py
[2026-03-04T20:13:41.233+0000] {processor.py:183} INFO - Processing /Users/HP/storypoints-week1/venv/lib/python3.11/site-packages/airflow/example_dags/plugins/listener_plugin.py took 0.058 seconds
[2026-03-04T20:15:00.448+0000] {processor.py:161} INFO - Started process (PID=84902) to work on /Users/HP/storypoints-week1/venv/lib/python3.11/site-packages/airflow/example_dags/plugins/listener_plugin.py
[2026-03-04T20:15:00.451+0000] {processor.py:830} INFO - Processing file /Users/HP/storypoints-week1/venv/lib/python3.11/site-packages/airflow/example_dags/plugins/listener_plugin.py for tasks to queue
[2026-03-04T20:15:00.452+0000] {logging_mixin.py:188} INFO - [2026-03-04T20:15:00.452+0000] {dagbag.py:538} INFO - Filling up the DagBag from /Users/HP/storypoints-week1/venv/lib/python3.11/site-packages/airflow/example_dags/plugins/listener_plugin.py
[2026-03-04T20:15:00.454+0000] {processor.py:842} WARNING - No viable dags retrieved from /Users/HP/storypoints-week1/venv/lib/python3.11/site-packages/airflow/example_dags/plugins/listener_plugin.py
[2026-03-04T20:15:00.508+0000] {processor.py:183} INFO - Processing /Users/HP/storypoints-week1/venv/lib/python3.11/site-packages/airflow/example_dags/plugins/listener_plugin.py took 0.061 seconds
[2026-03-04T20:23:07.530+0000] {processor.py:161} INFO - Started process (PID=85639) to work on /Users/HP/storypoints-week1/venv/lib/python3.11/site-packages/airflow/example_dags/plugins/listener_plugin.py
[2026-03-04T20:23:07.532+0000] {processor.py:830} INFO - Processing file /Users/HP/storypoints-week1/venv/lib/python3.11/site-packages/airflow/example_dags/plugins/listener_plugin.py for tasks to queue
[2026-03-04T20:23:07.534+0000] {logging_mixin.py:188} INFO - [2026-03-04T20:23:07.534+0000] {dagbag.py:538} INFO - Filling up the DagBag from /Users/HP/storypoints-week1/venv/lib/python3.11/site-packages/airflow/example_dags/plugins/listener_plugin.py
[2026-03-04T20:23:07.535+0000] {processor.py:842} WARNING - No viable dags retrieved from /Users/HP/storypoints-week1/venv/lib/python3.11/site-packages/airflow/example_dags/plugins/listener_plugin.py
[2026-03-04T20:23:07.579+0000] {processor.py:183} INFO - Processing /Users/HP/storypoints-week1/venv/lib/python3.11/site-packages/airflow/example_dags/plugins/listener_plugin.py took 0.050 seconds
[2026-03-04T20:24:37.379+0000] {processor.py:161} INFO - Started process (PID=86480) to work on /Users/HP/storypoints-week1/venv/lib/python3.11/site-packages/airflow/example_dags/plugins/listener_plugin.py
[2026-03-04T20:24:37.382+0000] {processor.py:830} INFO - Processing file /Users/HP/storypoints-week1/venv/lib/python3.11/site-packages/airflow/example_dags/plugins/listener_plugin.py for tasks to queue
[2026-03-04T20:24:37.384+0000] {logging_mixin.py:188} INFO - [2026-03-04T20:24:37.383+0000] {dagbag.py:538} INFO - Filling up the DagBag from /Users/HP/storypoints-week1/venv/lib/python3.11/site-packages/airflow/example_dags/plugins/listener_plugin.py
[2026-03-04T20:24:37.385+0000] {processor.py:842} WARNING - No viable dags retrieved from /Users/HP/storypoints-week1/venv/lib/python3.11/site-packages/airflow/example_dags/plugins/listener_plugin.py
[2026-03-04T20:24:37.438+0000] {processor.py:183} INFO - Processing /Users/HP/storypoints-week1/venv/lib/python3.11/site-packages/airflow/example_dags/plugins/listener_plugin.py took 0.060 seconds
[2026-03-04T20:29:16.700+0000] {processor.py:161} INFO - Started process (PID=87215) to work on /Users/HP/storypoints-week1/venv/lib/python3.11/site-packages/airflow/example_dags/plugins/listener_plugin.py
[2026-03-04T20:29:16.702+0000] {processor.py:830} INFO - Processing file /Users/HP/storypoints-week1/venv/lib/python3.11/site-packages/airflow/example_dags/plugins/listener_plugin.py for tasks to queue
[2026-03-04T20:29:16.704+0000] {logging_mixin.py:188} INFO - [2026-03-04T20:29:16.704+0000] {dagbag.py:538} INFO - Filling up the DagBag from /Users/HP/storypoints-week1/venv/lib/python3.11/site-packages/airflow/example_dags/plugins/listener_plugin.py
[2026-03-04T20:29:16.705+0000] {processor.py:842} WARNING - No viable dags retrieved from /Users/HP/storypoints-week1/venv/lib/python3.11/site-packages/airflow/example_dags/plugins/listener_plugin.py
[2026-03-04T20:29:16.752+0000] {processor.py:183} INFO - Processing /Users/HP/storypoints-week1/venv/lib/python3.11/site-packages/airflow/example_dags/plugins/listener_plugin.py took 0.052 seconds
[2026-03-04T20:48:28.054+0000] {processor.py:161} INFO - Started process (PID=88013) to work on /Users/HP/storypoints-week1/venv/lib/python3.11/site-packages/airflow/example_dags/plugins/listener_plugin.py
[2026-03-04T20:48:28.056+0000] {processor.py:830} INFO - Processing file /Users/HP/storypoints-week1/venv/lib/python3.11/site-packages/airflow/example_dags/plugins/listener_plugin.py for tasks to queue
[2026-03-04T20:48:28.058+0000] {logging_mixin.py:188} INFO - [2026-03-04T20:48:28.058+0000] {dagbag.py:538} INFO - Filling up the DagBag from /Users/HP/storypoints-week1/venv/lib/python3.11/site-packages/airflow/example_dags/plugins/listener_plugin.py
[2026-03-04T20:48:28.059+0000] {processor.py:842} WARNING - No viable dags retrieved from /Users/HP/storypoints-week1/venv/lib/python3.11/site-packages/airflow/example_dags/plugins/listener_plugin.py
[2026-03-04T20:48:28.109+0000] {processor.py:183} INFO - Processing /Users/HP/storypoints-week1/venv/lib/python3.11/site-packages/airflow/example_dags/plugins/listener_plugin.py took 0.055 seconds
[2026-03-04T22:17:12.089+0000] {processor.py:161} INFO - Started process (PID=88783) to work on /Users/HP/storypoints-week1/venv/lib/python3.11/site-packages/airflow/example_dags/plugins/listener_plugin.py
[2026-03-04T22:17:12.091+0000] {processor.py:830} INFO - Processing file /Users/HP/storypoints-week1/venv/lib/python3.11/site-packages/airflow/example_dags/plugins/listener_plugin.py for tasks to queue
[2026-03-04T22:17:12.092+0000] {logging_mixin.py:188} INFO - [2026-03-04T22:17:12.092+0000] {dagbag.py:538} INFO - Filling up the DagBag from /Users/HP/storypoints-week1/venv/lib/python3.11/site-packages/airflow/example_dags/plugins/listener_plugin.py
[2026-03-04T22:17:12.094+0000] {processor.py:842} WARNING - No viable dags retrieved from /Users/HP/storypoints-week1/venv/lib/python3.11/site-packages/airflow/example_dags/plugins/listener_plugin.py
[2026-03-04T22:17:12.139+0000] {processor.py:183} INFO - Processing /Users/HP/storypoints-week1/venv/lib/python3.11/site-packages/airflow/example_dags/plugins/listener_plugin.py took 0.050 seconds
[2026-03-04T22:18:51.020+0000] {processor.py:161} INFO - Started process (PID=89718) to work on /Users/HP/storypoints-week1/venv/lib/python3.11/site-packages/airflow/example_dags/plugins/listener_plugin.py
[2026-03-04T22:18:51.023+0000] {processor.py:830} INFO - Processing file /Users/HP/storypoints-week1/venv/lib/python3.11/site-packages/airflow/example_dags/plugins/listener_plugin.py for tasks to queue
[2026-03-04T22:18:51.024+0000] {logging_mixin.py:188} INFO - [2026-03-04T22:18:51.024+0000] {dagbag.py:538} INFO - Filling up the DagBag from /Users/HP/storypoints-week1/venv/lib/python3.11/site-packages/airflow/example_dags/plugins/listener_plugin.py
[2026-03-04T22:18:51.025+0000] {processor.py:842} WARNING - No viable dags retrieved from /Users/HP/storypoints-week1/venv/lib/python3.11/site-packages/airflow/example_dags/plugins/listener_plugin.py
[2026-03-04T22:18:51.075+0000] {processor.py:183} INFO - Processing /Users/HP/storypoints-week1/venv/lib/python3.11/site-packages/airflow/example_dags/plugins/listener_plugin.py took 0.056 seconds
[2026-03-04T22:32:37.094+0000] {processor.py:161} INFO - Started process (PID=90443) to work on /Users/HP/storypoints-week1/venv/lib/python3.11/site-packages/airflow/example_dags/plugins/listener_plugin.py
[2026-03-04T22:32:37.096+0000] {processor.py:830} INFO - Processing file /Users/HP/storypoints-week1/venv/lib/python3.11/site-packages/airflow/example_dags/plugins/listener_plugin.py for tasks to queue
[2026-03-04T22:32:37.098+0000] {logging_mixin.py:188} INFO - [2026-03-04T22:32:37.098+0000] {dagbag.py:538} INFO - Filling up the DagBag from /Users/HP/storypoints-week1/venv/lib/python3.11/site-packages/airflow/example_dags/plugins/listener_plugin.py
[2026-03-04T22:32:37.099+0000] {processor.py:842} WARNING - No viable dags retrieved from /Users/HP/storypoints-week1/venv/lib/python3.11/site-packages/airflow/example_dags/plugins/listener_plugin.py
[2026-03-04T22:32:37.151+0000] {processor.py:183} INFO - Processing /Users/HP/storypoints-week1/venv/lib/python3.11/site-packages/airflow/example_dags/plugins/listener_plugin.py took 0.058 seconds
[2026-03-04T23:06:51.477+0000] {processor.py:161} INFO - Started process (PID=91189) to work on /Users/HP/storypoints-week1/venv/lib/python3.11/site-packages/airflow/example_dags/plugins/listener_plugin.py
[2026-03-04T23:06:51.480+0000] {processor.py:830} INFO - Processing file /Users/HP/storypoints-week1/venv/lib/python3.11/site-packages/airflow/example_dags/plugins/listener_plugin.py for tasks to queue
[2026-03-04T23:06:51.481+0000] {logging_mixin.py:188} INFO - [2026-03-04T23:06:51.481+0000] {dagbag.py:538} INFO - Filling up the DagBag from /Users/HP/storypoints-week1/venv/lib/python3.11/site-packages/airflow/example_dags/plugins/listener_plugin.py
[2026-03-04T23:06:51.482+0000] {processor.py:842} WARNING - No viable dags retrieved from /Users/HP/storypoints-week1/venv/lib/python3.11/site-packages/airflow/example_dags/plugins/listener_plugin.py
[2026-03-04T23:06:51.527+0000] {processor.py:183} INFO - Processing /Users/HP/storypoints-week1/venv/lib/python3.11/site-packages/airflow/example_dags/plugins/listener_plugin.py took 0.051 seconds
[2026-03-04T23:19:00.656+0000] {processor.py:161} INFO - Started process (PID=91889) to work on /Users/HP/storypoints-week1/venv/lib/python3.11/site-packages/airflow/example_dags/plugins/listener_plugin.py
[2026-03-04T23:19:00.659+0000] {processor.py:830} INFO - Processing file /Users/HP/storypoints-week1/venv/lib/python3.11/site-packages/airflow/example_dags/plugins/listener_plugin.py for tasks to queue
[2026-03-04T23:19:00.660+0000] {logging_mixin.py:188} INFO - [2026-03-04T23:19:00.660+0000] {dagbag.py:538} INFO - Filling up the DagBag from /Users/HP/storypoints-week1/venv/lib/python3.11/site-packages/airflow/example_dags/plugins/listener_plugin.py
[2026-03-04T23:19:00.662+0000] {processor.py:842} WARNING - No viable dags retrieved from /Users/HP/storypoints-week1/venv/lib/python3.11/site-packages/airflow/example_dags/plugins/listener_plugin.py
[2026-03-04T23:19:00.721+0000] {processor.py:183} INFO - Processing /Users/HP/storypoints-week1/venv/lib/python3.11/site-packages/airflow/example_dags/plugins/listener_plugin.py took 0.066 seconds
[2026-03-04T23:20:34.894+0000] {processor.py:161} INFO - Started process (PID=92597) to work on /Users/HP/storypoints-week1/venv/lib/python3.11/site-packages/airflow/example_dags/plugins/listener_plugin.py
[2026-03-04T23:20:34.896+0000] {processor.py:830} INFO - Processing file /Users/HP/storypoints-week1/venv/lib/python3.11/site-packages/airflow/example_dags/plugins/listener_plugin.py for tasks to queue
[2026-03-04T23:20:34.897+0000] {logging_mixin.py:188} INFO - [2026-03-04T23:20:34.897+0000] {dagbag.py:538} INFO - Filling up the DagBag from /Users/HP/storypoints-week1/venv/lib/python3.11/site-packages/airflow/example_dags/plugins/listener_plugin.py
[2026-03-04T23:20:34.898+0000] {processor.py:842} WARNING - No viable dags retrieved from /Users/HP/storypoints-week1/venv/lib/python3.11/site-packages/airflow/example_dags/plugins/listener_plugin.py
[2026-03-04T23:20:34.945+0000] {processor.py:183} INFO - Processing /Users/HP/storypoints-week1/venv/lib/python3.11/site-packages/airflow/example_dags/plugins/listener_plugin.py took 0.052 seconds
