[2026-03-06T09:47:57.039+0000] {taskinstance.py:1957} INFO - Dependencies all met for dep_context=non-requeueable deps ti=<TaskInstance: storypoints_etl_week2.ingest_clickstream scheduled__2026-03-05T09:00:00+00:00 [queued]>
[2026-03-06T09:47:57.074+0000] {taskinstance.py:1957} INFO - Dependencies all met for dep_context=requeueable deps ti=<TaskInstance: storypoints_etl_week2.ingest_clickstream scheduled__2026-03-05T09:00:00+00:00 [queued]>
[2026-03-06T09:47:57.075+0000] {taskinstance.py:2171} INFO - Starting attempt 3 of 4
[2026-03-06T09:47:57.104+0000] {taskinstance.py:2192} INFO - Executing <Task(PythonOperator): ingest_clickstream> on 2026-03-05 09:00:00+00:00
[2026-03-06T09:47:57.124+0000] {standard_task_runner.py:60} INFO - Started process 2464 to run task
[2026-03-06T09:47:57.197+0000] {standard_task_runner.py:87} INFO - Running: ['***', 'tasks', 'run', 'storypoints_etl_week2', 'ingest_clickstream', 'scheduled__2026-03-05T09:00:00+00:00', '--job-id', '36', '--raw', '--subdir', 'DAGS_FOLDER/etl_week2_dag.py', '--cfg-path', '/tmp/tmps0i2wpn2']
[2026-03-06T09:47:57.202+0000] {standard_task_runner.py:88} INFO - Job 36: Subtask ingest_clickstream
[2026-03-06T09:47:57.361+0000] {task_command.py:423} INFO - Running <TaskInstance: storypoints_etl_week2.ingest_clickstream scheduled__2026-03-05T09:00:00+00:00 [running]> on host a47d4c5c7033
[2026-03-06T09:47:57.592+0000] {taskinstance.py:2481} INFO - Exporting env vars: AIRFLOW_CTX_DAG_EMAIL='admin@storypoints.com' AIRFLOW_CTX_DAG_OWNER='storypoints_de' AIRFLOW_CTX_DAG_ID='storypoints_etl_week2' AIRFLOW_CTX_TASK_ID='ingest_clickstream' AIRFLOW_CTX_EXECUTION_DATE='2026-03-05T09:00:00+00:00' AIRFLOW_CTX_TRY_NUMBER='3' AIRFLOW_CTX_DAG_RUN_ID='scheduled__2026-03-05T09:00:00+00:00'
[2026-03-06T09:47:57.601+0000] {etl_week2_dag.py:73} INFO - ============================================================
[2026-03-06T09:47:57.604+0000] {etl_week2_dag.py:74} INFO - TASK: ingest_clickstream
[2026-03-06T09:47:57.610+0000] {etl_week2_dag.py:75} INFO - ============================================================
[2026-03-06T09:47:57.613+0000] {etl_week2_dag.py:428} WARNING - 🚨 ALERT logged: MISSING FILE: /opt/***/data/raw/clickstream/clickstream.csv
[2026-03-06T09:47:57.618+0000] {taskinstance.py:2699} ERROR - Task failed with exception
Traceback (most recent call last):
  File "/home/airflow/.local/lib/python3.8/site-packages/airflow/models/taskinstance.py", line 428, in _execute_task
    result = execute_callable(context=context, **execute_callable_kwargs)
  File "/home/airflow/.local/lib/python3.8/site-packages/airflow/operators/python.py", line 199, in execute
    return_value = self.execute_callable()
  File "/home/airflow/.local/lib/python3.8/site-packages/airflow/operators/python.py", line 216, in execute_callable
    return self.python_callable(*self.op_args, **self.op_kwargs)
  File "/opt/airflow/dags/etl_week2_dag.py", line 79, in ingest_clickstream
    raise FileNotFoundError(f"Clickstream file not found: {RAW_CLICKSTREAM}")
FileNotFoundError: Clickstream file not found: /opt/***/data/raw/clickstream/clickstream.csv
[2026-03-06T09:47:57.673+0000] {taskinstance.py:1138} INFO - Marking task as UP_FOR_RETRY. dag_id=storypoints_etl_week2, task_id=ingest_clickstream, execution_date=20260305T090000, start_date=20260306T094757, end_date=20260306T094757
[2026-03-06T09:47:57.718+0000] {standard_task_runner.py:107} ERROR - Failed to execute job 36 for task ingest_clickstream (Clickstream file not found: /opt/***/data/raw/clickstream/clickstream.csv; 2464)
[2026-03-06T09:47:57.751+0000] {local_task_job_runner.py:234} INFO - Task exited with return code 1
[2026-03-06T09:47:57.862+0000] {taskinstance.py:3281} INFO - 0 downstream tasks scheduled from follow-on schedule check
