[2026-03-06T09:37:35.360+0000] {taskinstance.py:1957} INFO - Dependencies all met for dep_context=non-requeueable deps ti=<TaskInstance: storypoints_etl_week2.ingest_clickstream scheduled__2026-03-05T09:00:00+00:00 [queued]>
[2026-03-06T09:37:35.378+0000] {taskinstance.py:1957} INFO - Dependencies all met for dep_context=requeueable deps ti=<TaskInstance: storypoints_etl_week2.ingest_clickstream scheduled__2026-03-05T09:00:00+00:00 [queued]>
[2026-03-06T09:37:35.379+0000] {taskinstance.py:2171} INFO - Starting attempt 2 of 4
[2026-03-06T09:37:35.405+0000] {taskinstance.py:2192} INFO - Executing <Task(PythonOperator): ingest_clickstream> on 2026-03-05 09:00:00+00:00
[2026-03-06T09:37:35.418+0000] {standard_task_runner.py:60} INFO - Started process 2423 to run task
[2026-03-06T09:37:35.424+0000] {standard_task_runner.py:87} INFO - Running: ['***', 'tasks', 'run', 'storypoints_etl_week2', 'ingest_clickstream', 'scheduled__2026-03-05T09:00:00+00:00', '--job-id', '35', '--raw', '--subdir', 'DAGS_FOLDER/etl_week2_dag.py', '--cfg-path', '/tmp/tmpomg62rjy']
[2026-03-06T09:37:35.426+0000] {standard_task_runner.py:88} INFO - Job 35: Subtask ingest_clickstream
[2026-03-06T09:37:35.519+0000] {task_command.py:423} INFO - Running <TaskInstance: storypoints_etl_week2.ingest_clickstream scheduled__2026-03-05T09:00:00+00:00 [running]> on host a47d4c5c7033
[2026-03-06T09:37:35.653+0000] {taskinstance.py:2481} INFO - Exporting env vars: AIRFLOW_CTX_DAG_EMAIL='admin@storypoints.com' AIRFLOW_CTX_DAG_OWNER='storypoints_de' AIRFLOW_CTX_DAG_ID='storypoints_etl_week2' AIRFLOW_CTX_TASK_ID='ingest_clickstream' AIRFLOW_CTX_EXECUTION_DATE='2026-03-05T09:00:00+00:00' AIRFLOW_CTX_TRY_NUMBER='2' AIRFLOW_CTX_DAG_RUN_ID='scheduled__2026-03-05T09:00:00+00:00'
[2026-03-06T09:37:35.659+0000] {etl_week2_dag.py:73} INFO - ============================================================
[2026-03-06T09:37:35.662+0000] {etl_week2_dag.py:74} INFO - TASK: ingest_clickstream
[2026-03-06T09:37:35.664+0000] {etl_week2_dag.py:75} INFO - ============================================================
[2026-03-06T09:37:35.665+0000] {etl_week2_dag.py:428} WARNING - 🚨 ALERT logged: MISSING FILE: /opt/***/data/raw/clickstream/clickstream.csv
[2026-03-06T09:37:35.668+0000] {taskinstance.py:2699} ERROR - Task failed with exception
Traceback (most recent call last):
  File "/home/airflow/.local/lib/python3.8/site-packages/airflow/models/taskinstance.py", line 428, in _execute_task
    result = execute_callable(context=context, **execute_callable_kwargs)
  File "/home/airflow/.local/lib/python3.8/site-packages/airflow/operators/python.py", line 199, in execute
    return_value = self.execute_callable()
  File "/home/airflow/.local/lib/python3.8/site-packages/airflow/operators/python.py", line 216, in execute_callable
    return self.python_callable(*self.op_args, **self.op_kwargs)
  File "/opt/airflow/dags/etl_week2_dag.py", line 79, in ingest_clickstream
    raise FileNotFoundError(f"Clickstream file not found: {RAW_CLICKSTREAM}")
FileNotFoundError: Clickstream file not found: /opt/***/data/raw/clickstream/clickstream.csv
[2026-03-06T09:37:35.687+0000] {taskinstance.py:1138} INFO - Marking task as UP_FOR_RETRY. dag_id=storypoints_etl_week2, task_id=ingest_clickstream, execution_date=20260305T090000, start_date=20260306T093735, end_date=20260306T093735
[2026-03-06T09:37:35.710+0000] {standard_task_runner.py:107} ERROR - Failed to execute job 35 for task ingest_clickstream (Clickstream file not found: /opt/***/data/raw/clickstream/clickstream.csv; 2423)
[2026-03-06T09:37:35.743+0000] {local_task_job_runner.py:234} INFO - Task exited with return code 1
[2026-03-06T09:37:35.789+0000] {taskinstance.py:3281} INFO - 0 downstream tasks scheduled from follow-on schedule check
