[2026-03-06T10:21:46.966+0000] {taskinstance.py:1957} INFO - Dependencies all met for dep_context=non-requeueable deps ti=<TaskInstance: storypoints_etl_week2.ingest_clickstream scheduled__2026-03-05T09:00:00+00:00 [queued]>
[2026-03-06T10:21:46.992+0000] {taskinstance.py:1957} INFO - Dependencies all met for dep_context=requeueable deps ti=<TaskInstance: storypoints_etl_week2.ingest_clickstream scheduled__2026-03-05T09:00:00+00:00 [queued]>
[2026-03-06T10:21:46.994+0000] {taskinstance.py:2171} INFO - Starting attempt 4 of 4
[2026-03-06T10:21:47.017+0000] {taskinstance.py:2192} INFO - Executing <Task(PythonOperator): ingest_clickstream> on 2026-03-05 09:00:00+00:00
[2026-03-06T10:21:47.033+0000] {standard_task_runner.py:60} INFO - Started process 2484 to run task
[2026-03-06T10:21:47.039+0000] {standard_task_runner.py:87} INFO - Running: ['***', 'tasks', 'run', 'storypoints_etl_week2', 'ingest_clickstream', 'scheduled__2026-03-05T09:00:00+00:00', '--job-id', '41', '--raw', '--subdir', 'DAGS_FOLDER/etl_week2_dag.py', '--cfg-path', '/tmp/tmpbvk83387']
[2026-03-06T10:21:47.042+0000] {standard_task_runner.py:88} INFO - Job 41: Subtask ingest_clickstream
[2026-03-06T10:21:47.130+0000] {task_command.py:423} INFO - Running <TaskInstance: storypoints_etl_week2.ingest_clickstream scheduled__2026-03-05T09:00:00+00:00 [running]> on host a47d4c5c7033
[2026-03-06T10:21:47.288+0000] {taskinstance.py:2481} INFO - Exporting env vars: AIRFLOW_CTX_DAG_EMAIL='admin@storypoints.com' AIRFLOW_CTX_DAG_OWNER='storypoints_de' AIRFLOW_CTX_DAG_ID='storypoints_etl_week2' AIRFLOW_CTX_TASK_ID='ingest_clickstream' AIRFLOW_CTX_EXECUTION_DATE='2026-03-05T09:00:00+00:00' AIRFLOW_CTX_TRY_NUMBER='4' AIRFLOW_CTX_DAG_RUN_ID='scheduled__2026-03-05T09:00:00+00:00'
[2026-03-06T10:21:47.294+0000] {etl_week2_dag.py:73} INFO - ============================================================
[2026-03-06T10:21:47.298+0000] {etl_week2_dag.py:74} INFO - TASK: ingest_clickstream
[2026-03-06T10:21:47.305+0000] {etl_week2_dag.py:75} INFO - ============================================================
[2026-03-06T10:21:47.311+0000] {etl_week2_dag.py:428} WARNING - 🚨 ALERT logged: MISSING FILE: /opt/***/data/raw/clickstream/clickstream.csv
[2026-03-06T10:21:47.313+0000] {taskinstance.py:2699} ERROR - Task failed with exception
Traceback (most recent call last):
  File "/home/airflow/.local/lib/python3.8/site-packages/airflow/models/taskinstance.py", line 428, in _execute_task
    result = execute_callable(context=context, **execute_callable_kwargs)
  File "/home/airflow/.local/lib/python3.8/site-packages/airflow/operators/python.py", line 199, in execute
    return_value = self.execute_callable()
  File "/home/airflow/.local/lib/python3.8/site-packages/airflow/operators/python.py", line 216, in execute_callable
    return self.python_callable(*self.op_args, **self.op_kwargs)
  File "/opt/airflow/dags/etl_week2_dag.py", line 79, in ingest_clickstream
    raise FileNotFoundError(f"Clickstream file not found: {RAW_CLICKSTREAM}")
FileNotFoundError: Clickstream file not found: /opt/***/data/raw/clickstream/clickstream.csv
[2026-03-06T10:21:47.336+0000] {taskinstance.py:1138} INFO - Marking task as FAILED. dag_id=storypoints_etl_week2, task_id=ingest_clickstream, execution_date=20260305T090000, start_date=20260306T102146, end_date=20260306T102147
[2026-03-06T10:21:47.408+0000] {warnings.py:109} WARNING - /home/***/.local/lib/python3.8/site-packages/***/utils/email.py:154: RemovedInAirflow3Warning: Fetching SMTP credentials from configuration variables will be deprecated in a future release. Please set credentials using a connection instead.
  send_mime_email(e_from=mail_from, e_to=recipients, mime_msg=msg, conn_id=conn_id, dryrun=dryrun)

[2026-03-06T10:21:47.411+0000] {configuration.py:1046} WARNING - section/key [smtp/smtp_user] not found in config
[2026-03-06T10:21:47.415+0000] {email.py:270} INFO - Email alerting: attempt 1
[2026-03-06T10:21:47.436+0000] {configuration.py:1046} WARNING - section/key [smtp/smtp_user] not found in config
[2026-03-06T10:21:47.437+0000] {email.py:270} INFO - Email alerting: attempt 1
[2026-03-06T10:21:47.439+0000] {taskinstance.py:826} ERROR - Failed to send email to: ['admin@storypoints.com']
Traceback (most recent call last):
  File "/home/airflow/.local/lib/python3.8/site-packages/airflow/models/taskinstance.py", line 2335, in _run_raw_task
    self._execute_task_with_callbacks(context, test_mode, session=session)
  File "/home/airflow/.local/lib/python3.8/site-packages/airflow/models/taskinstance.py", line 2500, in _execute_task_with_callbacks
    result = self._execute_task(context, task_orig)
  File "/home/airflow/.local/lib/python3.8/site-packages/airflow/models/taskinstance.py", line 2517, in _execute_task
    return _execute_task(self, context, task_orig)
  File "/home/airflow/.local/lib/python3.8/site-packages/airflow/models/taskinstance.py", line 428, in _execute_task
    result = execute_callable(context=context, **execute_callable_kwargs)
  File "/home/airflow/.local/lib/python3.8/site-packages/airflow/operators/python.py", line 199, in execute
    return_value = self.execute_callable()
  File "/home/airflow/.local/lib/python3.8/site-packages/airflow/operators/python.py", line 216, in execute_callable
    return self.python_callable(*self.op_args, **self.op_kwargs)
  File "/opt/airflow/dags/etl_week2_dag.py", line 79, in ingest_clickstream
    raise FileNotFoundError(f"Clickstream file not found: {RAW_CLICKSTREAM}")
FileNotFoundError: Clickstream file not found: /opt/***/data/raw/clickstream/clickstream.csv

During handling of the above exception, another exception occurred:

Traceback (most recent call last):
  File "/home/airflow/.local/lib/python3.8/site-packages/airflow/models/taskinstance.py", line 1000, in _email_alert
    send_email(task.email, subject, html_content)
  File "/home/airflow/.local/lib/python3.8/site-packages/airflow/utils/email.py", line 80, in send_email
    return backend(
  File "/home/airflow/.local/lib/python3.8/site-packages/airflow/utils/email.py", line 154, in send_email_smtp
    send_mime_email(e_from=mail_from, e_to=recipients, mime_msg=msg, conn_id=conn_id, dryrun=dryrun)
  File "/home/airflow/.local/lib/python3.8/site-packages/airflow/utils/email.py", line 272, in send_mime_email
    smtp_conn = _get_smtp_connection(smtp_host, smtp_port, smtp_timeout, smtp_ssl)
  File "/home/airflow/.local/lib/python3.8/site-packages/airflow/utils/email.py", line 316, in _get_smtp_connection
    return smtplib.SMTP(host=host, port=port, timeout=timeout)
  File "/usr/local/lib/python3.8/smtplib.py", line 255, in __init__
    (code, msg) = self.connect(host, port)
  File "/usr/local/lib/python3.8/smtplib.py", line 339, in connect
    self.sock = self._get_socket(host, port, self.timeout)
  File "/usr/local/lib/python3.8/smtplib.py", line 310, in _get_socket
    return socket.create_connection((host, port), timeout,
  File "/usr/local/lib/python3.8/socket.py", line 808, in create_connection
    raise err
  File "/usr/local/lib/python3.8/socket.py", line 796, in create_connection
    sock.connect(sa)
ConnectionRefusedError: [Errno 111] Connection refused

During handling of the above exception, another exception occurred:

Traceback (most recent call last):
  File "/home/airflow/.local/lib/python3.8/site-packages/airflow/models/taskinstance.py", line 824, in _handle_failure
    task_instance.email_alert(error, failure_context["task"])
  File "/home/airflow/.local/lib/python3.8/site-packages/airflow/models/taskinstance.py", line 2947, in email_alert
    _email_alert(task_instance=self, exception=exception, task=task)
  File "/home/airflow/.local/lib/python3.8/site-packages/airflow/models/taskinstance.py", line 1002, in _email_alert
    send_email(task.email, subject, html_content_err)
  File "/home/airflow/.local/lib/python3.8/site-packages/airflow/utils/email.py", line 80, in send_email
    return backend(
  File "/home/airflow/.local/lib/python3.8/site-packages/airflow/utils/email.py", line 154, in send_email_smtp
    send_mime_email(e_from=mail_from, e_to=recipients, mime_msg=msg, conn_id=conn_id, dryrun=dryrun)
  File "/home/airflow/.local/lib/python3.8/site-packages/airflow/utils/email.py", line 272, in send_mime_email
    smtp_conn = _get_smtp_connection(smtp_host, smtp_port, smtp_timeout, smtp_ssl)
  File "/home/airflow/.local/lib/python3.8/site-packages/airflow/utils/email.py", line 316, in _get_smtp_connection
    return smtplib.SMTP(host=host, port=port, timeout=timeout)
  File "/usr/local/lib/python3.8/smtplib.py", line 255, in __init__
    (code, msg) = self.connect(host, port)
  File "/usr/local/lib/python3.8/smtplib.py", line 339, in connect
    self.sock = self._get_socket(host, port, self.timeout)
  File "/usr/local/lib/python3.8/smtplib.py", line 310, in _get_socket
    return socket.create_connection((host, port), timeout,
  File "/usr/local/lib/python3.8/socket.py", line 808, in create_connection
    raise err
  File "/usr/local/lib/python3.8/socket.py", line 796, in create_connection
    sock.connect(sa)
ConnectionRefusedError: [Errno 111] Connection refused
[2026-03-06T10:21:47.441+0000] {etl_week2_dag.py:428} WARNING - 🚨 ALERT logged: DAG=storypoints_etl_week2 | TASK=ingest_clickstream | ERROR=Clickstream file not found: /opt/***/data/raw/clickstream/clickstream.csv
[2026-03-06T10:21:47.442+0000] {etl_week2_dag.py:438} ERROR - ❌ Task failed: DAG=storypoints_etl_week2 | TASK=ingest_clickstream | ERROR=Clickstream file not found: /opt/***/data/raw/clickstream/clickstream.csv
[2026-03-06T10:21:47.495+0000] {standard_task_runner.py:107} ERROR - Failed to execute job 41 for task ingest_clickstream (Clickstream file not found: /opt/***/data/raw/clickstream/clickstream.csv; 2484)
[2026-03-06T10:21:47.526+0000] {local_task_job_runner.py:234} INFO - Task exited with return code 1
[2026-03-06T10:21:47.579+0000] {taskinstance.py:3281} INFO - 0 downstream tasks scheduled from follow-on schedule check
