[2026-03-04T19:01:04.867+0000] {processor.py:161} INFO - Started process (PID=53627) to work on /Users/HP/storypoints-week1/venv/lib/python3.11/site-packages/airflow/example_dags/subdags/subdag.py
[2026-03-04T19:01:04.869+0000] {processor.py:830} INFO - Processing file /Users/HP/storypoints-week1/venv/lib/python3.11/site-packages/airflow/example_dags/subdags/subdag.py for tasks to queue
[2026-03-04T19:01:04.871+0000] {logging_mixin.py:188} INFO - [2026-03-04T19:01:04.871+0000] {dagbag.py:538} INFO - Filling up the DagBag from /Users/HP/storypoints-week1/venv/lib/python3.11/site-packages/airflow/example_dags/subdags/subdag.py
[2026-03-04T19:01:04.872+0000] {processor.py:842} WARNING - No viable dags retrieved from /Users/HP/storypoints-week1/venv/lib/python3.11/site-packages/airflow/example_dags/subdags/subdag.py
[2026-03-04T19:01:04.918+0000] {processor.py:183} INFO - Processing /Users/HP/storypoints-week1/venv/lib/python3.11/site-packages/airflow/example_dags/subdags/subdag.py took 0.051 seconds
[2026-03-04T19:03:08.451+0000] {processor.py:161} INFO - Started process (PID=55307) to work on /Users/HP/storypoints-week1/venv/lib/python3.11/site-packages/airflow/example_dags/subdags/subdag.py
[2026-03-04T19:03:08.454+0000] {processor.py:830} INFO - Processing file /Users/HP/storypoints-week1/venv/lib/python3.11/site-packages/airflow/example_dags/subdags/subdag.py for tasks to queue
[2026-03-04T19:03:08.455+0000] {logging_mixin.py:188} INFO - [2026-03-04T19:03:08.455+0000] {dagbag.py:538} INFO - Filling up the DagBag from /Users/HP/storypoints-week1/venv/lib/python3.11/site-packages/airflow/example_dags/subdags/subdag.py
[2026-03-04T19:03:08.457+0000] {processor.py:842} WARNING - No viable dags retrieved from /Users/HP/storypoints-week1/venv/lib/python3.11/site-packages/airflow/example_dags/subdags/subdag.py
[2026-03-04T19:03:08.507+0000] {processor.py:183} INFO - Processing /Users/HP/storypoints-week1/venv/lib/python3.11/site-packages/airflow/example_dags/subdags/subdag.py took 0.057 seconds
[2026-03-04T19:04:42.103+0000] {processor.py:161} INFO - Started process (PID=56603) to work on /Users/HP/storypoints-week1/venv/lib/python3.11/site-packages/airflow/example_dags/subdags/subdag.py
[2026-03-04T19:04:42.105+0000] {processor.py:830} INFO - Processing file /Users/HP/storypoints-week1/venv/lib/python3.11/site-packages/airflow/example_dags/subdags/subdag.py for tasks to queue
[2026-03-04T19:04:42.107+0000] {logging_mixin.py:188} INFO - [2026-03-04T19:04:42.106+0000] {dagbag.py:538} INFO - Filling up the DagBag from /Users/HP/storypoints-week1/venv/lib/python3.11/site-packages/airflow/example_dags/subdags/subdag.py
[2026-03-04T19:04:42.108+0000] {processor.py:842} WARNING - No viable dags retrieved from /Users/HP/storypoints-week1/venv/lib/python3.11/site-packages/airflow/example_dags/subdags/subdag.py
[2026-03-04T19:04:42.155+0000] {processor.py:183} INFO - Processing /Users/HP/storypoints-week1/venv/lib/python3.11/site-packages/airflow/example_dags/subdags/subdag.py took 0.053 seconds
[2026-03-04T19:06:14.432+0000] {processor.py:161} INFO - Started process (PID=57464) to work on /Users/HP/storypoints-week1/venv/lib/python3.11/site-packages/airflow/example_dags/subdags/subdag.py
[2026-03-04T19:06:14.435+0000] {processor.py:830} INFO - Processing file /Users/HP/storypoints-week1/venv/lib/python3.11/site-packages/airflow/example_dags/subdags/subdag.py for tasks to queue
[2026-03-04T19:06:14.436+0000] {logging_mixin.py:188} INFO - [2026-03-04T19:06:14.436+0000] {dagbag.py:538} INFO - Filling up the DagBag from /Users/HP/storypoints-week1/venv/lib/python3.11/site-packages/airflow/example_dags/subdags/subdag.py
[2026-03-04T19:06:14.438+0000] {processor.py:842} WARNING - No viable dags retrieved from /Users/HP/storypoints-week1/venv/lib/python3.11/site-packages/airflow/example_dags/subdags/subdag.py
[2026-03-04T19:06:14.486+0000] {processor.py:183} INFO - Processing /Users/HP/storypoints-week1/venv/lib/python3.11/site-packages/airflow/example_dags/subdags/subdag.py took 0.055 seconds
[2026-03-04T19:07:30.885+0000] {processor.py:161} INFO - Started process (PID=58203) to work on /Users/HP/storypoints-week1/venv/lib/python3.11/site-packages/airflow/example_dags/subdags/subdag.py
[2026-03-04T19:07:30.888+0000] {processor.py:830} INFO - Processing file /Users/HP/storypoints-week1/venv/lib/python3.11/site-packages/airflow/example_dags/subdags/subdag.py for tasks to queue
[2026-03-04T19:07:30.889+0000] {logging_mixin.py:188} INFO - [2026-03-04T19:07:30.889+0000] {dagbag.py:538} INFO - Filling up the DagBag from /Users/HP/storypoints-week1/venv/lib/python3.11/site-packages/airflow/example_dags/subdags/subdag.py
[2026-03-04T19:07:30.890+0000] {processor.py:842} WARNING - No viable dags retrieved from /Users/HP/storypoints-week1/venv/lib/python3.11/site-packages/airflow/example_dags/subdags/subdag.py
[2026-03-04T19:07:30.942+0000] {processor.py:183} INFO - Processing /Users/HP/storypoints-week1/venv/lib/python3.11/site-packages/airflow/example_dags/subdags/subdag.py took 0.058 seconds
[2026-03-04T19:08:47.395+0000] {processor.py:161} INFO - Started process (PID=58934) to work on /Users/HP/storypoints-week1/venv/lib/python3.11/site-packages/airflow/example_dags/subdags/subdag.py
[2026-03-04T19:08:47.398+0000] {processor.py:830} INFO - Processing file /Users/HP/storypoints-week1/venv/lib/python3.11/site-packages/airflow/example_dags/subdags/subdag.py for tasks to queue
[2026-03-04T19:08:47.400+0000] {logging_mixin.py:188} INFO - [2026-03-04T19:08:47.399+0000] {dagbag.py:538} INFO - Filling up the DagBag from /Users/HP/storypoints-week1/venv/lib/python3.11/site-packages/airflow/example_dags/subdags/subdag.py
[2026-03-04T19:08:47.401+0000] {processor.py:842} WARNING - No viable dags retrieved from /Users/HP/storypoints-week1/venv/lib/python3.11/site-packages/airflow/example_dags/subdags/subdag.py
[2026-03-04T19:08:47.454+0000] {processor.py:183} INFO - Processing /Users/HP/storypoints-week1/venv/lib/python3.11/site-packages/airflow/example_dags/subdags/subdag.py took 0.060 seconds
[2026-03-04T19:10:12.414+0000] {processor.py:161} INFO - Started process (PID=59755) to work on /Users/HP/storypoints-week1/venv/lib/python3.11/site-packages/airflow/example_dags/subdags/subdag.py
[2026-03-04T19:10:12.417+0000] {processor.py:830} INFO - Processing file /Users/HP/storypoints-week1/venv/lib/python3.11/site-packages/airflow/example_dags/subdags/subdag.py for tasks to queue
[2026-03-04T19:10:12.418+0000] {logging_mixin.py:188} INFO - [2026-03-04T19:10:12.418+0000] {dagbag.py:538} INFO - Filling up the DagBag from /Users/HP/storypoints-week1/venv/lib/python3.11/site-packages/airflow/example_dags/subdags/subdag.py
[2026-03-04T19:10:12.420+0000] {processor.py:842} WARNING - No viable dags retrieved from /Users/HP/storypoints-week1/venv/lib/python3.11/site-packages/airflow/example_dags/subdags/subdag.py
[2026-03-04T19:10:12.474+0000] {processor.py:183} INFO - Processing /Users/HP/storypoints-week1/venv/lib/python3.11/site-packages/airflow/example_dags/subdags/subdag.py took 0.061 seconds
[2026-03-04T19:11:33.714+0000] {processor.py:161} INFO - Started process (PID=60529) to work on /Users/HP/storypoints-week1/venv/lib/python3.11/site-packages/airflow/example_dags/subdags/subdag.py
[2026-03-04T19:11:33.717+0000] {processor.py:830} INFO - Processing file /Users/HP/storypoints-week1/venv/lib/python3.11/site-packages/airflow/example_dags/subdags/subdag.py for tasks to queue
[2026-03-04T19:11:33.718+0000] {logging_mixin.py:188} INFO - [2026-03-04T19:11:33.718+0000] {dagbag.py:538} INFO - Filling up the DagBag from /Users/HP/storypoints-week1/venv/lib/python3.11/site-packages/airflow/example_dags/subdags/subdag.py
[2026-03-04T19:11:33.720+0000] {processor.py:842} WARNING - No viable dags retrieved from /Users/HP/storypoints-week1/venv/lib/python3.11/site-packages/airflow/example_dags/subdags/subdag.py
[2026-03-04T19:11:33.771+0000] {processor.py:183} INFO - Processing /Users/HP/storypoints-week1/venv/lib/python3.11/site-packages/airflow/example_dags/subdags/subdag.py took 0.057 seconds
[2026-03-04T19:32:57.125+0000] {processor.py:161} INFO - Started process (PID=73826) to work on /Users/HP/storypoints-week1/venv/lib/python3.11/site-packages/airflow/example_dags/subdags/subdag.py
[2026-03-04T19:32:57.128+0000] {processor.py:830} INFO - Processing file /Users/HP/storypoints-week1/venv/lib/python3.11/site-packages/airflow/example_dags/subdags/subdag.py for tasks to queue
[2026-03-04T19:32:57.129+0000] {logging_mixin.py:188} INFO - [2026-03-04T19:32:57.129+0000] {dagbag.py:538} INFO - Filling up the DagBag from /Users/HP/storypoints-week1/venv/lib/python3.11/site-packages/airflow/example_dags/subdags/subdag.py
[2026-03-04T19:32:57.130+0000] {processor.py:842} WARNING - No viable dags retrieved from /Users/HP/storypoints-week1/venv/lib/python3.11/site-packages/airflow/example_dags/subdags/subdag.py
[2026-03-04T19:32:57.184+0000] {processor.py:183} INFO - Processing /Users/HP/storypoints-week1/venv/lib/python3.11/site-packages/airflow/example_dags/subdags/subdag.py took 0.060 seconds
[2026-03-04T19:35:35.422+0000] {processor.py:161} INFO - Started process (PID=75758) to work on /Users/HP/storypoints-week1/venv/lib/python3.11/site-packages/airflow/example_dags/subdags/subdag.py
[2026-03-04T19:35:35.426+0000] {processor.py:830} INFO - Processing file /Users/HP/storypoints-week1/venv/lib/python3.11/site-packages/airflow/example_dags/subdags/subdag.py for tasks to queue
[2026-03-04T19:35:35.427+0000] {logging_mixin.py:188} INFO - [2026-03-04T19:35:35.427+0000] {dagbag.py:538} INFO - Filling up the DagBag from /Users/HP/storypoints-week1/venv/lib/python3.11/site-packages/airflow/example_dags/subdags/subdag.py
[2026-03-04T19:35:35.428+0000] {processor.py:842} WARNING - No viable dags retrieved from /Users/HP/storypoints-week1/venv/lib/python3.11/site-packages/airflow/example_dags/subdags/subdag.py
[2026-03-04T19:35:35.474+0000] {processor.py:183} INFO - Processing /Users/HP/storypoints-week1/venv/lib/python3.11/site-packages/airflow/example_dags/subdags/subdag.py took 0.052 seconds
[2026-03-04T19:37:28.084+0000] {processor.py:161} INFO - Started process (PID=76866) to work on /Users/HP/storypoints-week1/venv/lib/python3.11/site-packages/airflow/example_dags/subdags/subdag.py
[2026-03-04T19:37:28.087+0000] {processor.py:830} INFO - Processing file /Users/HP/storypoints-week1/venv/lib/python3.11/site-packages/airflow/example_dags/subdags/subdag.py for tasks to queue
[2026-03-04T19:37:28.088+0000] {logging_mixin.py:188} INFO - [2026-03-04T19:37:28.088+0000] {dagbag.py:538} INFO - Filling up the DagBag from /Users/HP/storypoints-week1/venv/lib/python3.11/site-packages/airflow/example_dags/subdags/subdag.py
[2026-03-04T19:37:28.090+0000] {processor.py:842} WARNING - No viable dags retrieved from /Users/HP/storypoints-week1/venv/lib/python3.11/site-packages/airflow/example_dags/subdags/subdag.py
[2026-03-04T19:37:28.141+0000] {processor.py:183} INFO - Processing /Users/HP/storypoints-week1/venv/lib/python3.11/site-packages/airflow/example_dags/subdags/subdag.py took 0.059 seconds
[2026-03-04T19:38:47.212+0000] {processor.py:161} INFO - Started process (PID=77623) to work on /Users/HP/storypoints-week1/venv/lib/python3.11/site-packages/airflow/example_dags/subdags/subdag.py
[2026-03-04T19:38:47.215+0000] {processor.py:830} INFO - Processing file /Users/HP/storypoints-week1/venv/lib/python3.11/site-packages/airflow/example_dags/subdags/subdag.py for tasks to queue
[2026-03-04T19:38:47.216+0000] {logging_mixin.py:188} INFO - [2026-03-04T19:38:47.216+0000] {dagbag.py:538} INFO - Filling up the DagBag from /Users/HP/storypoints-week1/venv/lib/python3.11/site-packages/airflow/example_dags/subdags/subdag.py
[2026-03-04T19:38:47.218+0000] {processor.py:842} WARNING - No viable dags retrieved from /Users/HP/storypoints-week1/venv/lib/python3.11/site-packages/airflow/example_dags/subdags/subdag.py
[2026-03-04T19:38:47.267+0000] {processor.py:183} INFO - Processing /Users/HP/storypoints-week1/venv/lib/python3.11/site-packages/airflow/example_dags/subdags/subdag.py took 0.056 seconds
[2026-03-04T19:40:01.391+0000] {processor.py:161} INFO - Started process (PID=78330) to work on /Users/HP/storypoints-week1/venv/lib/python3.11/site-packages/airflow/example_dags/subdags/subdag.py
[2026-03-04T19:40:01.393+0000] {processor.py:830} INFO - Processing file /Users/HP/storypoints-week1/venv/lib/python3.11/site-packages/airflow/example_dags/subdags/subdag.py for tasks to queue
[2026-03-04T19:40:01.395+0000] {logging_mixin.py:188} INFO - [2026-03-04T19:40:01.395+0000] {dagbag.py:538} INFO - Filling up the DagBag from /Users/HP/storypoints-week1/venv/lib/python3.11/site-packages/airflow/example_dags/subdags/subdag.py
[2026-03-04T19:40:01.396+0000] {processor.py:842} WARNING - No viable dags retrieved from /Users/HP/storypoints-week1/venv/lib/python3.11/site-packages/airflow/example_dags/subdags/subdag.py
[2026-03-04T19:40:01.449+0000] {processor.py:183} INFO - Processing /Users/HP/storypoints-week1/venv/lib/python3.11/site-packages/airflow/example_dags/subdags/subdag.py took 0.059 seconds
[2026-03-04T19:41:15.058+0000] {processor.py:161} INFO - Started process (PID=79021) to work on /Users/HP/storypoints-week1/venv/lib/python3.11/site-packages/airflow/example_dags/subdags/subdag.py
[2026-03-04T19:41:15.060+0000] {processor.py:830} INFO - Processing file /Users/HP/storypoints-week1/venv/lib/python3.11/site-packages/airflow/example_dags/subdags/subdag.py for tasks to queue
[2026-03-04T19:41:15.062+0000] {logging_mixin.py:188} INFO - [2026-03-04T19:41:15.062+0000] {dagbag.py:538} INFO - Filling up the DagBag from /Users/HP/storypoints-week1/venv/lib/python3.11/site-packages/airflow/example_dags/subdags/subdag.py
[2026-03-04T19:41:15.063+0000] {processor.py:842} WARNING - No viable dags retrieved from /Users/HP/storypoints-week1/venv/lib/python3.11/site-packages/airflow/example_dags/subdags/subdag.py
[2026-03-04T19:41:15.116+0000] {processor.py:183} INFO - Processing /Users/HP/storypoints-week1/venv/lib/python3.11/site-packages/airflow/example_dags/subdags/subdag.py took 0.059 seconds
[2026-03-04T19:42:29.024+0000] {processor.py:161} INFO - Started process (PID=79716) to work on /Users/HP/storypoints-week1/venv/lib/python3.11/site-packages/airflow/example_dags/subdags/subdag.py
[2026-03-04T19:42:29.026+0000] {processor.py:830} INFO - Processing file /Users/HP/storypoints-week1/venv/lib/python3.11/site-packages/airflow/example_dags/subdags/subdag.py for tasks to queue
[2026-03-04T19:42:29.028+0000] {logging_mixin.py:188} INFO - [2026-03-04T19:42:29.028+0000] {dagbag.py:538} INFO - Filling up the DagBag from /Users/HP/storypoints-week1/venv/lib/python3.11/site-packages/airflow/example_dags/subdags/subdag.py
[2026-03-04T19:42:29.029+0000] {processor.py:842} WARNING - No viable dags retrieved from /Users/HP/storypoints-week1/venv/lib/python3.11/site-packages/airflow/example_dags/subdags/subdag.py
[2026-03-04T19:42:29.081+0000] {processor.py:183} INFO - Processing /Users/HP/storypoints-week1/venv/lib/python3.11/site-packages/airflow/example_dags/subdags/subdag.py took 0.058 seconds
[2026-03-04T19:43:42.645+0000] {processor.py:161} INFO - Started process (PID=80409) to work on /Users/HP/storypoints-week1/venv/lib/python3.11/site-packages/airflow/example_dags/subdags/subdag.py
[2026-03-04T19:43:42.648+0000] {processor.py:830} INFO - Processing file /Users/HP/storypoints-week1/venv/lib/python3.11/site-packages/airflow/example_dags/subdags/subdag.py for tasks to queue
[2026-03-04T19:43:42.649+0000] {logging_mixin.py:188} INFO - [2026-03-04T19:43:42.649+0000] {dagbag.py:538} INFO - Filling up the DagBag from /Users/HP/storypoints-week1/venv/lib/python3.11/site-packages/airflow/example_dags/subdags/subdag.py
[2026-03-04T19:43:42.651+0000] {processor.py:842} WARNING - No viable dags retrieved from /Users/HP/storypoints-week1/venv/lib/python3.11/site-packages/airflow/example_dags/subdags/subdag.py
[2026-03-04T19:43:42.712+0000] {processor.py:183} INFO - Processing /Users/HP/storypoints-week1/venv/lib/python3.11/site-packages/airflow/example_dags/subdags/subdag.py took 0.068 seconds
[2026-03-04T19:44:56.536+0000] {processor.py:161} INFO - Started process (PID=81107) to work on /Users/HP/storypoints-week1/venv/lib/python3.11/site-packages/airflow/example_dags/subdags/subdag.py
[2026-03-04T19:44:56.539+0000] {processor.py:830} INFO - Processing file /Users/HP/storypoints-week1/venv/lib/python3.11/site-packages/airflow/example_dags/subdags/subdag.py for tasks to queue
[2026-03-04T19:44:56.540+0000] {logging_mixin.py:188} INFO - [2026-03-04T19:44:56.540+0000] {dagbag.py:538} INFO - Filling up the DagBag from /Users/HP/storypoints-week1/venv/lib/python3.11/site-packages/airflow/example_dags/subdags/subdag.py
[2026-03-04T19:44:56.541+0000] {processor.py:842} WARNING - No viable dags retrieved from /Users/HP/storypoints-week1/venv/lib/python3.11/site-packages/airflow/example_dags/subdags/subdag.py
[2026-03-04T19:44:56.592+0000] {processor.py:183} INFO - Processing /Users/HP/storypoints-week1/venv/lib/python3.11/site-packages/airflow/example_dags/subdags/subdag.py took 0.057 seconds
[2026-03-04T19:46:10.014+0000] {processor.py:161} INFO - Started process (PID=81799) to work on /Users/HP/storypoints-week1/venv/lib/python3.11/site-packages/airflow/example_dags/subdags/subdag.py
[2026-03-04T19:46:10.016+0000] {processor.py:830} INFO - Processing file /Users/HP/storypoints-week1/venv/lib/python3.11/site-packages/airflow/example_dags/subdags/subdag.py for tasks to queue
[2026-03-04T19:46:10.017+0000] {logging_mixin.py:188} INFO - [2026-03-04T19:46:10.017+0000] {dagbag.py:538} INFO - Filling up the DagBag from /Users/HP/storypoints-week1/venv/lib/python3.11/site-packages/airflow/example_dags/subdags/subdag.py
[2026-03-04T19:46:10.018+0000] {processor.py:842} WARNING - No viable dags retrieved from /Users/HP/storypoints-week1/venv/lib/python3.11/site-packages/airflow/example_dags/subdags/subdag.py
[2026-03-04T19:46:10.069+0000] {processor.py:183} INFO - Processing /Users/HP/storypoints-week1/venv/lib/python3.11/site-packages/airflow/example_dags/subdags/subdag.py took 0.056 seconds
[2026-03-04T19:47:25.713+0000] {processor.py:161} INFO - Started process (PID=82521) to work on /Users/HP/storypoints-week1/venv/lib/python3.11/site-packages/airflow/example_dags/subdags/subdag.py
[2026-03-04T19:47:25.715+0000] {processor.py:830} INFO - Processing file /Users/HP/storypoints-week1/venv/lib/python3.11/site-packages/airflow/example_dags/subdags/subdag.py for tasks to queue
[2026-03-04T19:47:25.717+0000] {logging_mixin.py:188} INFO - [2026-03-04T19:47:25.717+0000] {dagbag.py:538} INFO - Filling up the DagBag from /Users/HP/storypoints-week1/venv/lib/python3.11/site-packages/airflow/example_dags/subdags/subdag.py
[2026-03-04T19:47:25.718+0000] {processor.py:842} WARNING - No viable dags retrieved from /Users/HP/storypoints-week1/venv/lib/python3.11/site-packages/airflow/example_dags/subdags/subdag.py
[2026-03-04T19:47:25.768+0000] {processor.py:183} INFO - Processing /Users/HP/storypoints-week1/venv/lib/python3.11/site-packages/airflow/example_dags/subdags/subdag.py took 0.056 seconds
[2026-03-04T20:04:27.622+0000] {processor.py:161} INFO - Started process (PID=83247) to work on /Users/HP/storypoints-week1/venv/lib/python3.11/site-packages/airflow/example_dags/subdags/subdag.py
[2026-03-04T20:04:27.625+0000] {processor.py:830} INFO - Processing file /Users/HP/storypoints-week1/venv/lib/python3.11/site-packages/airflow/example_dags/subdags/subdag.py for tasks to queue
[2026-03-04T20:04:27.626+0000] {logging_mixin.py:188} INFO - [2026-03-04T20:04:27.626+0000] {dagbag.py:538} INFO - Filling up the DagBag from /Users/HP/storypoints-week1/venv/lib/python3.11/site-packages/airflow/example_dags/subdags/subdag.py
[2026-03-04T20:04:27.628+0000] {processor.py:842} WARNING - No viable dags retrieved from /Users/HP/storypoints-week1/venv/lib/python3.11/site-packages/airflow/example_dags/subdags/subdag.py
[2026-03-04T20:04:27.677+0000] {processor.py:183} INFO - Processing /Users/HP/storypoints-week1/venv/lib/python3.11/site-packages/airflow/example_dags/subdags/subdag.py took 0.055 seconds
[2026-03-04T20:13:35.514+0000] {processor.py:161} INFO - Started process (PID=84124) to work on /Users/HP/storypoints-week1/venv/lib/python3.11/site-packages/airflow/example_dags/subdags/subdag.py
[2026-03-04T20:13:35.516+0000] {processor.py:830} INFO - Processing file /Users/HP/storypoints-week1/venv/lib/python3.11/site-packages/airflow/example_dags/subdags/subdag.py for tasks to queue
[2026-03-04T20:13:35.518+0000] {logging_mixin.py:188} INFO - [2026-03-04T20:13:35.518+0000] {dagbag.py:538} INFO - Filling up the DagBag from /Users/HP/storypoints-week1/venv/lib/python3.11/site-packages/airflow/example_dags/subdags/subdag.py
[2026-03-04T20:13:35.519+0000] {processor.py:842} WARNING - No viable dags retrieved from /Users/HP/storypoints-week1/venv/lib/python3.11/site-packages/airflow/example_dags/subdags/subdag.py
[2026-03-04T20:13:35.572+0000] {processor.py:183} INFO - Processing /Users/HP/storypoints-week1/venv/lib/python3.11/site-packages/airflow/example_dags/subdags/subdag.py took 0.059 seconds
[2026-03-04T20:14:55.642+0000] {processor.py:161} INFO - Started process (PID=84858) to work on /Users/HP/storypoints-week1/venv/lib/python3.11/site-packages/airflow/example_dags/subdags/subdag.py
[2026-03-04T20:14:55.645+0000] {processor.py:830} INFO - Processing file /Users/HP/storypoints-week1/venv/lib/python3.11/site-packages/airflow/example_dags/subdags/subdag.py for tasks to queue
[2026-03-04T20:14:55.647+0000] {logging_mixin.py:188} INFO - [2026-03-04T20:14:55.646+0000] {dagbag.py:538} INFO - Filling up the DagBag from /Users/HP/storypoints-week1/venv/lib/python3.11/site-packages/airflow/example_dags/subdags/subdag.py
[2026-03-04T20:14:55.648+0000] {processor.py:842} WARNING - No viable dags retrieved from /Users/HP/storypoints-week1/venv/lib/python3.11/site-packages/airflow/example_dags/subdags/subdag.py
[2026-03-04T20:14:55.699+0000] {processor.py:183} INFO - Processing /Users/HP/storypoints-week1/venv/lib/python3.11/site-packages/airflow/example_dags/subdags/subdag.py took 0.057 seconds
[2026-03-04T20:23:02.405+0000] {processor.py:161} INFO - Started process (PID=85593) to work on /Users/HP/storypoints-week1/venv/lib/python3.11/site-packages/airflow/example_dags/subdags/subdag.py
[2026-03-04T20:23:02.407+0000] {processor.py:830} INFO - Processing file /Users/HP/storypoints-week1/venv/lib/python3.11/site-packages/airflow/example_dags/subdags/subdag.py for tasks to queue
[2026-03-04T20:23:02.409+0000] {logging_mixin.py:188} INFO - [2026-03-04T20:23:02.409+0000] {dagbag.py:538} INFO - Filling up the DagBag from /Users/HP/storypoints-week1/venv/lib/python3.11/site-packages/airflow/example_dags/subdags/subdag.py
[2026-03-04T20:23:02.410+0000] {processor.py:842} WARNING - No viable dags retrieved from /Users/HP/storypoints-week1/venv/lib/python3.11/site-packages/airflow/example_dags/subdags/subdag.py
[2026-03-04T20:23:02.460+0000] {processor.py:183} INFO - Processing /Users/HP/storypoints-week1/venv/lib/python3.11/site-packages/airflow/example_dags/subdags/subdag.py took 0.057 seconds
[2026-03-04T20:24:33.237+0000] {processor.py:161} INFO - Started process (PID=86442) to work on /Users/HP/storypoints-week1/venv/lib/python3.11/site-packages/airflow/example_dags/subdags/subdag.py
[2026-03-04T20:24:33.239+0000] {processor.py:830} INFO - Processing file /Users/HP/storypoints-week1/venv/lib/python3.11/site-packages/airflow/example_dags/subdags/subdag.py for tasks to queue
[2026-03-04T20:24:33.241+0000] {logging_mixin.py:188} INFO - [2026-03-04T20:24:33.241+0000] {dagbag.py:538} INFO - Filling up the DagBag from /Users/HP/storypoints-week1/venv/lib/python3.11/site-packages/airflow/example_dags/subdags/subdag.py
[2026-03-04T20:24:33.243+0000] {processor.py:842} WARNING - No viable dags retrieved from /Users/HP/storypoints-week1/venv/lib/python3.11/site-packages/airflow/example_dags/subdags/subdag.py
[2026-03-04T20:24:33.293+0000] {processor.py:183} INFO - Processing /Users/HP/storypoints-week1/venv/lib/python3.11/site-packages/airflow/example_dags/subdags/subdag.py took 0.057 seconds
[2026-03-04T20:29:12.646+0000] {processor.py:161} INFO - Started process (PID=87172) to work on /Users/HP/storypoints-week1/venv/lib/python3.11/site-packages/airflow/example_dags/subdags/subdag.py
[2026-03-04T20:29:12.648+0000] {processor.py:830} INFO - Processing file /Users/HP/storypoints-week1/venv/lib/python3.11/site-packages/airflow/example_dags/subdags/subdag.py for tasks to queue
[2026-03-04T20:29:12.650+0000] {logging_mixin.py:188} INFO - [2026-03-04T20:29:12.650+0000] {dagbag.py:538} INFO - Filling up the DagBag from /Users/HP/storypoints-week1/venv/lib/python3.11/site-packages/airflow/example_dags/subdags/subdag.py
[2026-03-04T20:29:12.651+0000] {processor.py:842} WARNING - No viable dags retrieved from /Users/HP/storypoints-week1/venv/lib/python3.11/site-packages/airflow/example_dags/subdags/subdag.py
[2026-03-04T20:29:12.701+0000] {processor.py:183} INFO - Processing /Users/HP/storypoints-week1/venv/lib/python3.11/site-packages/airflow/example_dags/subdags/subdag.py took 0.056 seconds
[2026-03-04T20:48:23.951+0000] {processor.py:161} INFO - Started process (PID=87973) to work on /Users/HP/storypoints-week1/venv/lib/python3.11/site-packages/airflow/example_dags/subdags/subdag.py
[2026-03-04T20:48:23.953+0000] {processor.py:830} INFO - Processing file /Users/HP/storypoints-week1/venv/lib/python3.11/site-packages/airflow/example_dags/subdags/subdag.py for tasks to queue
[2026-03-04T20:48:23.955+0000] {logging_mixin.py:188} INFO - [2026-03-04T20:48:23.955+0000] {dagbag.py:538} INFO - Filling up the DagBag from /Users/HP/storypoints-week1/venv/lib/python3.11/site-packages/airflow/example_dags/subdags/subdag.py
[2026-03-04T20:48:23.956+0000] {processor.py:842} WARNING - No viable dags retrieved from /Users/HP/storypoints-week1/venv/lib/python3.11/site-packages/airflow/example_dags/subdags/subdag.py
[2026-03-04T20:48:24.003+0000] {processor.py:183} INFO - Processing /Users/HP/storypoints-week1/venv/lib/python3.11/site-packages/airflow/example_dags/subdags/subdag.py took 0.053 seconds
[2026-03-04T22:17:07.145+0000] {processor.py:161} INFO - Started process (PID=88736) to work on /Users/HP/storypoints-week1/venv/lib/python3.11/site-packages/airflow/example_dags/subdags/subdag.py
[2026-03-04T22:17:07.147+0000] {processor.py:830} INFO - Processing file /Users/HP/storypoints-week1/venv/lib/python3.11/site-packages/airflow/example_dags/subdags/subdag.py for tasks to queue
[2026-03-04T22:17:07.148+0000] {logging_mixin.py:188} INFO - [2026-03-04T22:17:07.148+0000] {dagbag.py:538} INFO - Filling up the DagBag from /Users/HP/storypoints-week1/venv/lib/python3.11/site-packages/airflow/example_dags/subdags/subdag.py
[2026-03-04T22:17:07.149+0000] {processor.py:842} WARNING - No viable dags retrieved from /Users/HP/storypoints-week1/venv/lib/python3.11/site-packages/airflow/example_dags/subdags/subdag.py
[2026-03-04T22:17:07.193+0000] {processor.py:183} INFO - Processing /Users/HP/storypoints-week1/venv/lib/python3.11/site-packages/airflow/example_dags/subdags/subdag.py took 0.050 seconds
[2026-03-04T22:18:47.095+0000] {processor.py:161} INFO - Started process (PID=89680) to work on /Users/HP/storypoints-week1/venv/lib/python3.11/site-packages/airflow/example_dags/subdags/subdag.py
[2026-03-04T22:18:47.097+0000] {processor.py:830} INFO - Processing file /Users/HP/storypoints-week1/venv/lib/python3.11/site-packages/airflow/example_dags/subdags/subdag.py for tasks to queue
[2026-03-04T22:18:47.098+0000] {logging_mixin.py:188} INFO - [2026-03-04T22:18:47.098+0000] {dagbag.py:538} INFO - Filling up the DagBag from /Users/HP/storypoints-week1/venv/lib/python3.11/site-packages/airflow/example_dags/subdags/subdag.py
[2026-03-04T22:18:47.100+0000] {processor.py:842} WARNING - No viable dags retrieved from /Users/HP/storypoints-week1/venv/lib/python3.11/site-packages/airflow/example_dags/subdags/subdag.py
[2026-03-04T22:18:47.146+0000] {processor.py:183} INFO - Processing /Users/HP/storypoints-week1/venv/lib/python3.11/site-packages/airflow/example_dags/subdags/subdag.py took 0.052 seconds
[2026-03-04T22:32:32.890+0000] {processor.py:161} INFO - Started process (PID=90401) to work on /Users/HP/storypoints-week1/venv/lib/python3.11/site-packages/airflow/example_dags/subdags/subdag.py
[2026-03-04T22:32:32.892+0000] {processor.py:830} INFO - Processing file /Users/HP/storypoints-week1/venv/lib/python3.11/site-packages/airflow/example_dags/subdags/subdag.py for tasks to queue
[2026-03-04T22:32:32.893+0000] {logging_mixin.py:188} INFO - [2026-03-04T22:32:32.893+0000] {dagbag.py:538} INFO - Filling up the DagBag from /Users/HP/storypoints-week1/venv/lib/python3.11/site-packages/airflow/example_dags/subdags/subdag.py
[2026-03-04T22:32:32.894+0000] {processor.py:842} WARNING - No viable dags retrieved from /Users/HP/storypoints-week1/venv/lib/python3.11/site-packages/airflow/example_dags/subdags/subdag.py
[2026-03-04T22:32:32.943+0000] {processor.py:183} INFO - Processing /Users/HP/storypoints-week1/venv/lib/python3.11/site-packages/airflow/example_dags/subdags/subdag.py took 0.054 seconds
[2026-03-04T23:06:47.439+0000] {processor.py:161} INFO - Started process (PID=91149) to work on /Users/HP/storypoints-week1/venv/lib/python3.11/site-packages/airflow/example_dags/subdags/subdag.py
[2026-03-04T23:06:47.442+0000] {processor.py:830} INFO - Processing file /Users/HP/storypoints-week1/venv/lib/python3.11/site-packages/airflow/example_dags/subdags/subdag.py for tasks to queue
[2026-03-04T23:06:47.443+0000] {logging_mixin.py:188} INFO - [2026-03-04T23:06:47.443+0000] {dagbag.py:538} INFO - Filling up the DagBag from /Users/HP/storypoints-week1/venv/lib/python3.11/site-packages/airflow/example_dags/subdags/subdag.py
[2026-03-04T23:06:47.444+0000] {processor.py:842} WARNING - No viable dags retrieved from /Users/HP/storypoints-week1/venv/lib/python3.11/site-packages/airflow/example_dags/subdags/subdag.py
[2026-03-04T23:06:47.495+0000] {processor.py:183} INFO - Processing /Users/HP/storypoints-week1/venv/lib/python3.11/site-packages/airflow/example_dags/subdags/subdag.py took 0.057 seconds
[2026-03-04T23:08:00.694+0000] {processor.py:161} INFO - Started process (PID=91848) to work on /Users/HP/storypoints-week1/venv/lib/python3.11/site-packages/airflow/example_dags/subdags/subdag.py
[2026-03-04T23:08:00.696+0000] {processor.py:830} INFO - Processing file /Users/HP/storypoints-week1/venv/lib/python3.11/site-packages/airflow/example_dags/subdags/subdag.py for tasks to queue
[2026-03-04T23:08:00.698+0000] {logging_mixin.py:188} INFO - [2026-03-04T23:08:00.698+0000] {dagbag.py:538} INFO - Filling up the DagBag from /Users/HP/storypoints-week1/venv/lib/python3.11/site-packages/airflow/example_dags/subdags/subdag.py
[2026-03-04T23:08:00.699+0000] {processor.py:842} WARNING - No viable dags retrieved from /Users/HP/storypoints-week1/venv/lib/python3.11/site-packages/airflow/example_dags/subdags/subdag.py
[2026-03-04T23:08:00.746+0000] {processor.py:183} INFO - Processing /Users/HP/storypoints-week1/venv/lib/python3.11/site-packages/airflow/example_dags/subdags/subdag.py took 0.053 seconds
[2026-03-04T23:20:31.136+0000] {processor.py:161} INFO - Started process (PID=92562) to work on /Users/HP/storypoints-week1/venv/lib/python3.11/site-packages/airflow/example_dags/subdags/subdag.py
[2026-03-04T23:20:31.138+0000] {processor.py:830} INFO - Processing file /Users/HP/storypoints-week1/venv/lib/python3.11/site-packages/airflow/example_dags/subdags/subdag.py for tasks to queue
[2026-03-04T23:20:31.140+0000] {logging_mixin.py:188} INFO - [2026-03-04T23:20:31.139+0000] {dagbag.py:538} INFO - Filling up the DagBag from /Users/HP/storypoints-week1/venv/lib/python3.11/site-packages/airflow/example_dags/subdags/subdag.py
[2026-03-04T23:20:31.141+0000] {processor.py:842} WARNING - No viable dags retrieved from /Users/HP/storypoints-week1/venv/lib/python3.11/site-packages/airflow/example_dags/subdags/subdag.py
[2026-03-04T23:20:31.190+0000] {processor.py:183} INFO - Processing /Users/HP/storypoints-week1/venv/lib/python3.11/site-packages/airflow/example_dags/subdags/subdag.py took 0.055 seconds
