[2026-03-05T22:54:09.910+0000] {processor.py:161} INFO - Started process (PID=10605) to work on /opt/airflow/dags/etl_week2_dag.py
[2026-03-05T22:54:09.913+0000] {processor.py:830} INFO - Processing file /opt/airflow/dags/etl_week2_dag.py for tasks to queue
[2026-03-05T22:54:09.917+0000] {logging_mixin.py:188} INFO - [2026-03-05T22:54:09.917+0000] {dagbag.py:538} INFO - Filling up the DagBag from /opt/airflow/dags/etl_week2_dag.py
[2026-03-05T22:54:10.355+0000] {processor.py:840} INFO - DAG(s) 'storypoints_etl_week2' retrieved from /opt/airflow/dags/etl_week2_dag.py
[2026-03-05T22:54:10.478+0000] {logging_mixin.py:188} INFO - [2026-03-05T22:54:10.477+0000] {override.py:1769} INFO - Created Permission View: can edit on DAG:storypoints_etl_week2
[2026-03-05T22:54:10.485+0000] {logging_mixin.py:188} INFO - [2026-03-05T22:54:10.485+0000] {override.py:1769} INFO - Created Permission View: can read on DAG:storypoints_etl_week2
[2026-03-05T22:54:10.489+0000] {logging_mixin.py:188} INFO - [2026-03-05T22:54:10.489+0000] {override.py:1769} INFO - Created Permission View: can delete on DAG:storypoints_etl_week2
[2026-03-05T22:54:10.490+0000] {logging_mixin.py:188} INFO - [2026-03-05T22:54:10.490+0000] {dag.py:3033} INFO - Sync 1 DAGs
[2026-03-05T22:54:10.500+0000] {logging_mixin.py:188} INFO - [2026-03-05T22:54:10.500+0000] {dag.py:3055} INFO - Creating ORM DAG for storypoints_etl_week2
[2026-03-05T22:54:10.517+0000] {logging_mixin.py:188} INFO - [2026-03-05T22:54:10.516+0000] {dag.py:3820} INFO - Setting next_dagrun for storypoints_etl_week2 to 2026-03-04T09:00:00+00:00, run_after=2026-03-05T09:00:00+00:00
[2026-03-05T22:54:10.540+0000] {processor.py:183} INFO - Processing /opt/airflow/dags/etl_week2_dag.py took 0.634 seconds
[2026-03-05T22:54:40.754+0000] {processor.py:161} INFO - Started process (PID=10679) to work on /opt/airflow/dags/etl_week2_dag.py
[2026-03-05T22:54:40.756+0000] {processor.py:830} INFO - Processing file /opt/airflow/dags/etl_week2_dag.py for tasks to queue
[2026-03-05T22:54:40.757+0000] {logging_mixin.py:188} INFO - [2026-03-05T22:54:40.756+0000] {dagbag.py:538} INFO - Filling up the DagBag from /opt/airflow/dags/etl_week2_dag.py
[2026-03-05T22:54:41.078+0000] {processor.py:840} INFO - DAG(s) 'storypoints_etl_week2' retrieved from /opt/airflow/dags/etl_week2_dag.py
[2026-03-05T22:54:41.125+0000] {logging_mixin.py:188} INFO - [2026-03-05T22:54:41.125+0000] {dag.py:3033} INFO - Sync 1 DAGs
[2026-03-05T22:54:41.163+0000] {logging_mixin.py:188} INFO - [2026-03-05T22:54:41.163+0000] {dag.py:3820} INFO - Setting next_dagrun for storypoints_etl_week2 to 2026-03-04T09:00:00+00:00, run_after=2026-03-05T09:00:00+00:00
[2026-03-05T22:54:41.193+0000] {processor.py:183} INFO - Processing /opt/airflow/dags/etl_week2_dag.py took 0.444 seconds
[2026-03-05T22:55:11.683+0000] {processor.py:161} INFO - Started process (PID=10736) to work on /opt/airflow/dags/etl_week2_dag.py
[2026-03-05T22:55:11.684+0000] {processor.py:830} INFO - Processing file /opt/airflow/dags/etl_week2_dag.py for tasks to queue
[2026-03-05T22:55:11.685+0000] {logging_mixin.py:188} INFO - [2026-03-05T22:55:11.685+0000] {dagbag.py:538} INFO - Filling up the DagBag from /opt/airflow/dags/etl_week2_dag.py
[2026-03-05T22:55:11.932+0000] {processor.py:840} INFO - DAG(s) 'storypoints_etl_week2' retrieved from /opt/airflow/dags/etl_week2_dag.py
[2026-03-05T22:55:11.956+0000] {logging_mixin.py:188} INFO - [2026-03-05T22:55:11.955+0000] {dag.py:3033} INFO - Sync 1 DAGs
[2026-03-05T22:55:11.976+0000] {logging_mixin.py:188} INFO - [2026-03-05T22:55:11.975+0000] {dag.py:3820} INFO - Setting next_dagrun for storypoints_etl_week2 to 2026-03-04T09:00:00+00:00, run_after=2026-03-05T09:00:00+00:00
[2026-03-05T22:55:11.992+0000] {processor.py:183} INFO - Processing /opt/airflow/dags/etl_week2_dag.py took 0.314 seconds
[2026-03-05T22:55:42.466+0000] {processor.py:161} INFO - Started process (PID=10793) to work on /opt/airflow/dags/etl_week2_dag.py
[2026-03-05T22:55:42.467+0000] {processor.py:830} INFO - Processing file /opt/airflow/dags/etl_week2_dag.py for tasks to queue
[2026-03-05T22:55:42.467+0000] {logging_mixin.py:188} INFO - [2026-03-05T22:55:42.467+0000] {dagbag.py:538} INFO - Filling up the DagBag from /opt/airflow/dags/etl_week2_dag.py
[2026-03-05T22:55:42.672+0000] {processor.py:840} INFO - DAG(s) 'storypoints_etl_week2' retrieved from /opt/airflow/dags/etl_week2_dag.py
[2026-03-05T22:55:42.694+0000] {logging_mixin.py:188} INFO - [2026-03-05T22:55:42.694+0000] {dag.py:3033} INFO - Sync 1 DAGs
[2026-03-05T22:55:42.712+0000] {logging_mixin.py:188} INFO - [2026-03-05T22:55:42.712+0000] {dag.py:3820} INFO - Setting next_dagrun for storypoints_etl_week2 to 2026-03-04T09:00:00+00:00, run_after=2026-03-05T09:00:00+00:00
[2026-03-05T22:55:42.725+0000] {processor.py:183} INFO - Processing /opt/airflow/dags/etl_week2_dag.py took 0.262 seconds
[2026-03-05T22:56:12.853+0000] {processor.py:161} INFO - Started process (PID=10850) to work on /opt/airflow/dags/etl_week2_dag.py
[2026-03-05T22:56:12.855+0000] {processor.py:830} INFO - Processing file /opt/airflow/dags/etl_week2_dag.py for tasks to queue
[2026-03-05T22:56:12.856+0000] {logging_mixin.py:188} INFO - [2026-03-05T22:56:12.855+0000] {dagbag.py:538} INFO - Filling up the DagBag from /opt/airflow/dags/etl_week2_dag.py
[2026-03-05T22:56:13.106+0000] {processor.py:840} INFO - DAG(s) 'storypoints_etl_week2' retrieved from /opt/airflow/dags/etl_week2_dag.py
[2026-03-05T22:56:13.134+0000] {logging_mixin.py:188} INFO - [2026-03-05T22:56:13.133+0000] {dag.py:3033} INFO - Sync 1 DAGs
[2026-03-05T22:56:13.159+0000] {logging_mixin.py:188} INFO - [2026-03-05T22:56:13.158+0000] {dag.py:3820} INFO - Setting next_dagrun for storypoints_etl_week2 to 2026-03-04T09:00:00+00:00, run_after=2026-03-05T09:00:00+00:00
[2026-03-05T22:56:13.180+0000] {processor.py:183} INFO - Processing /opt/airflow/dags/etl_week2_dag.py took 0.332 seconds
[2026-03-05T22:56:43.422+0000] {processor.py:161} INFO - Started process (PID=10907) to work on /opt/airflow/dags/etl_week2_dag.py
[2026-03-05T22:56:43.423+0000] {processor.py:830} INFO - Processing file /opt/airflow/dags/etl_week2_dag.py for tasks to queue
[2026-03-05T22:56:43.423+0000] {logging_mixin.py:188} INFO - [2026-03-05T22:56:43.423+0000] {dagbag.py:538} INFO - Filling up the DagBag from /opt/airflow/dags/etl_week2_dag.py
[2026-03-05T22:56:43.613+0000] {processor.py:840} INFO - DAG(s) 'storypoints_etl_week2' retrieved from /opt/airflow/dags/etl_week2_dag.py
[2026-03-05T22:56:43.631+0000] {logging_mixin.py:188} INFO - [2026-03-05T22:56:43.630+0000] {dag.py:3033} INFO - Sync 1 DAGs
[2026-03-05T22:56:43.648+0000] {logging_mixin.py:188} INFO - [2026-03-05T22:56:43.647+0000] {dag.py:3820} INFO - Setting next_dagrun for storypoints_etl_week2 to 2026-03-04T09:00:00+00:00, run_after=2026-03-05T09:00:00+00:00
[2026-03-05T22:56:43.661+0000] {processor.py:183} INFO - Processing /opt/airflow/dags/etl_week2_dag.py took 0.242 seconds
[2026-03-05T22:57:13.809+0000] {processor.py:161} INFO - Started process (PID=10971) to work on /opt/airflow/dags/etl_week2_dag.py
[2026-03-05T22:57:13.811+0000] {processor.py:830} INFO - Processing file /opt/airflow/dags/etl_week2_dag.py for tasks to queue
[2026-03-05T22:57:13.812+0000] {logging_mixin.py:188} INFO - [2026-03-05T22:57:13.811+0000] {dagbag.py:538} INFO - Filling up the DagBag from /opt/airflow/dags/etl_week2_dag.py
[2026-03-05T22:57:14.103+0000] {processor.py:840} INFO - DAG(s) 'storypoints_etl_week2' retrieved from /opt/airflow/dags/etl_week2_dag.py
[2026-03-05T22:57:14.140+0000] {logging_mixin.py:188} INFO - [2026-03-05T22:57:14.139+0000] {dag.py:3033} INFO - Sync 1 DAGs
[2026-03-05T22:57:14.169+0000] {logging_mixin.py:188} INFO - [2026-03-05T22:57:14.168+0000] {dag.py:3820} INFO - Setting next_dagrun for storypoints_etl_week2 to 2026-03-05T09:00:00+00:00, run_after=2026-03-06T09:00:00+00:00
[2026-03-05T22:57:14.191+0000] {processor.py:183} INFO - Processing /opt/airflow/dags/etl_week2_dag.py took 0.386 seconds
[2026-03-05T22:57:44.451+0000] {processor.py:161} INFO - Started process (PID=11028) to work on /opt/airflow/dags/etl_week2_dag.py
[2026-03-05T22:57:44.452+0000] {processor.py:830} INFO - Processing file /opt/airflow/dags/etl_week2_dag.py for tasks to queue
[2026-03-05T22:57:44.453+0000] {logging_mixin.py:188} INFO - [2026-03-05T22:57:44.453+0000] {dagbag.py:538} INFO - Filling up the DagBag from /opt/airflow/dags/etl_week2_dag.py
[2026-03-05T22:57:44.646+0000] {processor.py:840} INFO - DAG(s) 'storypoints_etl_week2' retrieved from /opt/airflow/dags/etl_week2_dag.py
[2026-03-05T22:57:44.667+0000] {logging_mixin.py:188} INFO - [2026-03-05T22:57:44.666+0000] {dag.py:3033} INFO - Sync 1 DAGs
[2026-03-05T22:57:44.685+0000] {logging_mixin.py:188} INFO - [2026-03-05T22:57:44.685+0000] {dag.py:3820} INFO - Setting next_dagrun for storypoints_etl_week2 to 2026-03-05T09:00:00+00:00, run_after=2026-03-06T09:00:00+00:00
[2026-03-05T22:57:44.698+0000] {processor.py:183} INFO - Processing /opt/airflow/dags/etl_week2_dag.py took 0.250 seconds
[2026-03-05T22:58:15.032+0000] {processor.py:161} INFO - Started process (PID=11085) to work on /opt/airflow/dags/etl_week2_dag.py
[2026-03-05T22:58:15.033+0000] {processor.py:830} INFO - Processing file /opt/airflow/dags/etl_week2_dag.py for tasks to queue
[2026-03-05T22:58:15.034+0000] {logging_mixin.py:188} INFO - [2026-03-05T22:58:15.034+0000] {dagbag.py:538} INFO - Filling up the DagBag from /opt/airflow/dags/etl_week2_dag.py
[2026-03-05T22:58:15.228+0000] {processor.py:840} INFO - DAG(s) 'storypoints_etl_week2' retrieved from /opt/airflow/dags/etl_week2_dag.py
[2026-03-05T22:58:15.249+0000] {logging_mixin.py:188} INFO - [2026-03-05T22:58:15.248+0000] {dag.py:3033} INFO - Sync 1 DAGs
[2026-03-05T22:58:15.266+0000] {logging_mixin.py:188} INFO - [2026-03-05T22:58:15.266+0000] {dag.py:3820} INFO - Setting next_dagrun for storypoints_etl_week2 to 2026-03-05T09:00:00+00:00, run_after=2026-03-06T09:00:00+00:00
[2026-03-05T22:58:15.278+0000] {processor.py:183} INFO - Processing /opt/airflow/dags/etl_week2_dag.py took 0.249 seconds
[2026-03-05T22:58:45.677+0000] {processor.py:161} INFO - Started process (PID=11142) to work on /opt/airflow/dags/etl_week2_dag.py
[2026-03-05T22:58:45.677+0000] {processor.py:830} INFO - Processing file /opt/airflow/dags/etl_week2_dag.py for tasks to queue
[2026-03-05T22:58:45.678+0000] {logging_mixin.py:188} INFO - [2026-03-05T22:58:45.678+0000] {dagbag.py:538} INFO - Filling up the DagBag from /opt/airflow/dags/etl_week2_dag.py
[2026-03-05T22:58:45.863+0000] {processor.py:840} INFO - DAG(s) 'storypoints_etl_week2' retrieved from /opt/airflow/dags/etl_week2_dag.py
[2026-03-05T22:58:45.881+0000] {logging_mixin.py:188} INFO - [2026-03-05T22:58:45.881+0000] {dag.py:3033} INFO - Sync 1 DAGs
[2026-03-05T22:58:45.899+0000] {logging_mixin.py:188} INFO - [2026-03-05T22:58:45.899+0000] {dag.py:3820} INFO - Setting next_dagrun for storypoints_etl_week2 to 2026-03-05T09:00:00+00:00, run_after=2026-03-06T09:00:00+00:00
[2026-03-05T22:58:45.913+0000] {processor.py:183} INFO - Processing /opt/airflow/dags/etl_week2_dag.py took 0.239 seconds
[2026-03-05T22:59:16.525+0000] {processor.py:161} INFO - Started process (PID=11199) to work on /opt/airflow/dags/etl_week2_dag.py
[2026-03-05T22:59:16.525+0000] {processor.py:830} INFO - Processing file /opt/airflow/dags/etl_week2_dag.py for tasks to queue
[2026-03-05T22:59:16.526+0000] {logging_mixin.py:188} INFO - [2026-03-05T22:59:16.526+0000] {dagbag.py:538} INFO - Filling up the DagBag from /opt/airflow/dags/etl_week2_dag.py
[2026-03-05T22:59:16.722+0000] {processor.py:840} INFO - DAG(s) 'storypoints_etl_week2' retrieved from /opt/airflow/dags/etl_week2_dag.py
[2026-03-05T22:59:16.742+0000] {logging_mixin.py:188} INFO - [2026-03-05T22:59:16.740+0000] {dag.py:3033} INFO - Sync 1 DAGs
[2026-03-05T22:59:16.919+0000] {logging_mixin.py:188} INFO - [2026-03-05T22:59:16.919+0000] {dag.py:3820} INFO - Setting next_dagrun for storypoints_etl_week2 to 2026-03-05T09:00:00+00:00, run_after=2026-03-06T09:00:00+00:00
[2026-03-05T22:59:16.931+0000] {processor.py:183} INFO - Processing /opt/airflow/dags/etl_week2_dag.py took 0.410 seconds
[2026-03-05T22:59:47.057+0000] {processor.py:161} INFO - Started process (PID=11256) to work on /opt/airflow/dags/etl_week2_dag.py
[2026-03-05T22:59:47.058+0000] {processor.py:830} INFO - Processing file /opt/airflow/dags/etl_week2_dag.py for tasks to queue
[2026-03-05T22:59:47.058+0000] {logging_mixin.py:188} INFO - [2026-03-05T22:59:47.058+0000] {dagbag.py:538} INFO - Filling up the DagBag from /opt/airflow/dags/etl_week2_dag.py
[2026-03-05T22:59:47.238+0000] {processor.py:840} INFO - DAG(s) 'storypoints_etl_week2' retrieved from /opt/airflow/dags/etl_week2_dag.py
[2026-03-05T22:59:47.256+0000] {logging_mixin.py:188} INFO - [2026-03-05T22:59:47.255+0000] {dag.py:3033} INFO - Sync 1 DAGs
[2026-03-05T22:59:47.272+0000] {logging_mixin.py:188} INFO - [2026-03-05T22:59:47.272+0000] {dag.py:3820} INFO - Setting next_dagrun for storypoints_etl_week2 to 2026-03-05T09:00:00+00:00, run_after=2026-03-06T09:00:00+00:00
[2026-03-05T22:59:47.287+0000] {processor.py:183} INFO - Processing /opt/airflow/dags/etl_week2_dag.py took 0.234 seconds
[2026-03-05T23:00:17.421+0000] {processor.py:161} INFO - Started process (PID=11313) to work on /opt/airflow/dags/etl_week2_dag.py
[2026-03-05T23:00:17.422+0000] {processor.py:830} INFO - Processing file /opt/airflow/dags/etl_week2_dag.py for tasks to queue
[2026-03-05T23:00:17.423+0000] {logging_mixin.py:188} INFO - [2026-03-05T23:00:17.422+0000] {dagbag.py:538} INFO - Filling up the DagBag from /opt/airflow/dags/etl_week2_dag.py
[2026-03-05T23:00:17.612+0000] {processor.py:840} INFO - DAG(s) 'storypoints_etl_week2' retrieved from /opt/airflow/dags/etl_week2_dag.py
[2026-03-05T23:00:17.633+0000] {logging_mixin.py:188} INFO - [2026-03-05T23:00:17.632+0000] {dag.py:3033} INFO - Sync 1 DAGs
[2026-03-05T23:00:17.807+0000] {logging_mixin.py:188} INFO - [2026-03-05T23:00:17.807+0000] {dag.py:3820} INFO - Setting next_dagrun for storypoints_etl_week2 to 2026-03-05T09:00:00+00:00, run_after=2026-03-06T09:00:00+00:00
[2026-03-05T23:00:17.819+0000] {processor.py:183} INFO - Processing /opt/airflow/dags/etl_week2_dag.py took 0.402 seconds
[2026-03-05T23:00:48.183+0000] {processor.py:161} INFO - Started process (PID=11370) to work on /opt/airflow/dags/etl_week2_dag.py
[2026-03-05T23:00:48.184+0000] {processor.py:830} INFO - Processing file /opt/airflow/dags/etl_week2_dag.py for tasks to queue
[2026-03-05T23:00:48.184+0000] {logging_mixin.py:188} INFO - [2026-03-05T23:00:48.184+0000] {dagbag.py:538} INFO - Filling up the DagBag from /opt/airflow/dags/etl_week2_dag.py
[2026-03-05T23:00:48.475+0000] {processor.py:840} INFO - DAG(s) 'storypoints_etl_week2' retrieved from /opt/airflow/dags/etl_week2_dag.py
[2026-03-05T23:00:48.490+0000] {logging_mixin.py:188} INFO - [2026-03-05T23:00:48.489+0000] {dag.py:3033} INFO - Sync 1 DAGs
[2026-03-05T23:00:48.505+0000] {logging_mixin.py:188} INFO - [2026-03-05T23:00:48.505+0000] {dag.py:3820} INFO - Setting next_dagrun for storypoints_etl_week2 to 2026-03-05T09:00:00+00:00, run_after=2026-03-06T09:00:00+00:00
[2026-03-05T23:00:48.517+0000] {processor.py:183} INFO - Processing /opt/airflow/dags/etl_week2_dag.py took 0.336 seconds
[2026-03-05T23:01:18.668+0000] {processor.py:161} INFO - Started process (PID=11427) to work on /opt/airflow/dags/etl_week2_dag.py
[2026-03-05T23:01:18.669+0000] {processor.py:830} INFO - Processing file /opt/airflow/dags/etl_week2_dag.py for tasks to queue
[2026-03-05T23:01:18.670+0000] {logging_mixin.py:188} INFO - [2026-03-05T23:01:18.669+0000] {dagbag.py:538} INFO - Filling up the DagBag from /opt/airflow/dags/etl_week2_dag.py
[2026-03-05T23:01:19.038+0000] {processor.py:840} INFO - DAG(s) 'storypoints_etl_week2' retrieved from /opt/airflow/dags/etl_week2_dag.py
[2026-03-05T23:01:19.055+0000] {logging_mixin.py:188} INFO - [2026-03-05T23:01:19.054+0000] {dag.py:3033} INFO - Sync 1 DAGs
[2026-03-05T23:01:19.070+0000] {logging_mixin.py:188} INFO - [2026-03-05T23:01:19.070+0000] {dag.py:3820} INFO - Setting next_dagrun for storypoints_etl_week2 to 2026-03-05T09:00:00+00:00, run_after=2026-03-06T09:00:00+00:00
[2026-03-05T23:01:19.081+0000] {processor.py:183} INFO - Processing /opt/airflow/dags/etl_week2_dag.py took 0.416 seconds
[2026-03-05T23:01:49.851+0000] {processor.py:161} INFO - Started process (PID=11491) to work on /opt/airflow/dags/etl_week2_dag.py
[2026-03-05T23:01:49.855+0000] {processor.py:830} INFO - Processing file /opt/airflow/dags/etl_week2_dag.py for tasks to queue
[2026-03-05T23:01:49.861+0000] {logging_mixin.py:188} INFO - [2026-03-05T23:01:49.860+0000] {dagbag.py:538} INFO - Filling up the DagBag from /opt/airflow/dags/etl_week2_dag.py
[2026-03-05T23:01:50.645+0000] {processor.py:840} INFO - DAG(s) 'storypoints_etl_week2' retrieved from /opt/airflow/dags/etl_week2_dag.py
[2026-03-05T23:01:50.688+0000] {logging_mixin.py:188} INFO - [2026-03-05T23:01:50.687+0000] {dag.py:3033} INFO - Sync 1 DAGs
[2026-03-05T23:01:50.741+0000] {logging_mixin.py:188} INFO - [2026-03-05T23:01:50.740+0000] {dag.py:3820} INFO - Setting next_dagrun for storypoints_etl_week2 to 2026-03-05T09:00:00+00:00, run_after=2026-03-06T09:00:00+00:00
[2026-03-05T23:01:50.784+0000] {processor.py:183} INFO - Processing /opt/airflow/dags/etl_week2_dag.py took 0.963 seconds
[2026-03-05T23:02:20.926+0000] {processor.py:161} INFO - Started process (PID=11548) to work on /opt/airflow/dags/etl_week2_dag.py
[2026-03-05T23:02:20.927+0000] {processor.py:830} INFO - Processing file /opt/airflow/dags/etl_week2_dag.py for tasks to queue
[2026-03-05T23:02:20.928+0000] {logging_mixin.py:188} INFO - [2026-03-05T23:02:20.927+0000] {dagbag.py:538} INFO - Filling up the DagBag from /opt/airflow/dags/etl_week2_dag.py
[2026-03-05T23:02:21.242+0000] {processor.py:840} INFO - DAG(s) 'storypoints_etl_week2' retrieved from /opt/airflow/dags/etl_week2_dag.py
[2026-03-05T23:02:21.260+0000] {logging_mixin.py:188} INFO - [2026-03-05T23:02:21.260+0000] {dag.py:3033} INFO - Sync 1 DAGs
[2026-03-05T23:02:21.276+0000] {logging_mixin.py:188} INFO - [2026-03-05T23:02:21.275+0000] {dag.py:3820} INFO - Setting next_dagrun for storypoints_etl_week2 to 2026-03-05T09:00:00+00:00, run_after=2026-03-06T09:00:00+00:00
[2026-03-05T23:02:21.288+0000] {processor.py:183} INFO - Processing /opt/airflow/dags/etl_week2_dag.py took 0.365 seconds
[2026-03-05T23:02:51.334+0000] {processor.py:161} INFO - Started process (PID=11605) to work on /opt/airflow/dags/etl_week2_dag.py
[2026-03-05T23:02:51.335+0000] {processor.py:830} INFO - Processing file /opt/airflow/dags/etl_week2_dag.py for tasks to queue
[2026-03-05T23:02:51.335+0000] {logging_mixin.py:188} INFO - [2026-03-05T23:02:51.335+0000] {dagbag.py:538} INFO - Filling up the DagBag from /opt/airflow/dags/etl_week2_dag.py
[2026-03-05T23:02:51.761+0000] {processor.py:840} INFO - DAG(s) 'storypoints_etl_week2' retrieved from /opt/airflow/dags/etl_week2_dag.py
[2026-03-05T23:02:51.782+0000] {logging_mixin.py:188} INFO - [2026-03-05T23:02:51.781+0000] {dag.py:3033} INFO - Sync 1 DAGs
[2026-03-05T23:02:51.800+0000] {logging_mixin.py:188} INFO - [2026-03-05T23:02:51.800+0000] {dag.py:3820} INFO - Setting next_dagrun for storypoints_etl_week2 to 2026-03-05T09:00:00+00:00, run_after=2026-03-06T09:00:00+00:00
[2026-03-05T23:02:51.812+0000] {processor.py:183} INFO - Processing /opt/airflow/dags/etl_week2_dag.py took 0.482 seconds
[2026-03-05T23:03:21.890+0000] {processor.py:161} INFO - Started process (PID=11662) to work on /opt/airflow/dags/etl_week2_dag.py
[2026-03-05T23:03:21.891+0000] {processor.py:830} INFO - Processing file /opt/airflow/dags/etl_week2_dag.py for tasks to queue
[2026-03-05T23:03:21.891+0000] {logging_mixin.py:188} INFO - [2026-03-05T23:03:21.891+0000] {dagbag.py:538} INFO - Filling up the DagBag from /opt/airflow/dags/etl_week2_dag.py
[2026-03-05T23:03:22.180+0000] {processor.py:840} INFO - DAG(s) 'storypoints_etl_week2' retrieved from /opt/airflow/dags/etl_week2_dag.py
[2026-03-05T23:03:22.196+0000] {logging_mixin.py:188} INFO - [2026-03-05T23:03:22.196+0000] {dag.py:3033} INFO - Sync 1 DAGs
[2026-03-05T23:03:22.210+0000] {logging_mixin.py:188} INFO - [2026-03-05T23:03:22.210+0000] {dag.py:3820} INFO - Setting next_dagrun for storypoints_etl_week2 to 2026-03-05T09:00:00+00:00, run_after=2026-03-06T09:00:00+00:00
[2026-03-05T23:03:22.224+0000] {processor.py:183} INFO - Processing /opt/airflow/dags/etl_week2_dag.py took 0.337 seconds
[2026-03-05T23:03:52.808+0000] {processor.py:161} INFO - Started process (PID=11719) to work on /opt/airflow/dags/etl_week2_dag.py
[2026-03-05T23:03:52.808+0000] {processor.py:830} INFO - Processing file /opt/airflow/dags/etl_week2_dag.py for tasks to queue
[2026-03-05T23:03:52.809+0000] {logging_mixin.py:188} INFO - [2026-03-05T23:03:52.809+0000] {dagbag.py:538} INFO - Filling up the DagBag from /opt/airflow/dags/etl_week2_dag.py
[2026-03-05T23:03:53.103+0000] {processor.py:840} INFO - DAG(s) 'storypoints_etl_week2' retrieved from /opt/airflow/dags/etl_week2_dag.py
[2026-03-05T23:03:53.123+0000] {logging_mixin.py:188} INFO - [2026-03-05T23:03:53.123+0000] {dag.py:3033} INFO - Sync 1 DAGs
[2026-03-05T23:03:53.139+0000] {logging_mixin.py:188} INFO - [2026-03-05T23:03:53.139+0000] {dag.py:3820} INFO - Setting next_dagrun for storypoints_etl_week2 to 2026-03-05T09:00:00+00:00, run_after=2026-03-06T09:00:00+00:00
[2026-03-05T23:03:53.153+0000] {processor.py:183} INFO - Processing /opt/airflow/dags/etl_week2_dag.py took 0.348 seconds
[2026-03-05T23:04:23.250+0000] {processor.py:161} INFO - Started process (PID=11776) to work on /opt/airflow/dags/etl_week2_dag.py
[2026-03-05T23:04:23.251+0000] {processor.py:830} INFO - Processing file /opt/airflow/dags/etl_week2_dag.py for tasks to queue
[2026-03-05T23:04:23.251+0000] {logging_mixin.py:188} INFO - [2026-03-05T23:04:23.251+0000] {dagbag.py:538} INFO - Filling up the DagBag from /opt/airflow/dags/etl_week2_dag.py
[2026-03-05T23:04:23.643+0000] {processor.py:840} INFO - DAG(s) 'storypoints_etl_week2' retrieved from /opt/airflow/dags/etl_week2_dag.py
[2026-03-05T23:04:23.666+0000] {logging_mixin.py:188} INFO - [2026-03-05T23:04:23.665+0000] {dag.py:3033} INFO - Sync 1 DAGs
[2026-03-05T23:04:23.687+0000] {logging_mixin.py:188} INFO - [2026-03-05T23:04:23.687+0000] {dag.py:3820} INFO - Setting next_dagrun for storypoints_etl_week2 to 2026-03-05T09:00:00+00:00, run_after=2026-03-06T09:00:00+00:00
[2026-03-05T23:04:23.702+0000] {processor.py:183} INFO - Processing /opt/airflow/dags/etl_week2_dag.py took 0.455 seconds
[2026-03-05T23:04:53.912+0000] {processor.py:161} INFO - Started process (PID=11833) to work on /opt/airflow/dags/etl_week2_dag.py
[2026-03-05T23:04:53.913+0000] {processor.py:830} INFO - Processing file /opt/airflow/dags/etl_week2_dag.py for tasks to queue
[2026-03-05T23:04:53.914+0000] {logging_mixin.py:188} INFO - [2026-03-05T23:04:53.913+0000] {dagbag.py:538} INFO - Filling up the DagBag from /opt/airflow/dags/etl_week2_dag.py
[2026-03-05T23:04:54.214+0000] {processor.py:840} INFO - DAG(s) 'storypoints_etl_week2' retrieved from /opt/airflow/dags/etl_week2_dag.py
[2026-03-05T23:04:54.234+0000] {logging_mixin.py:188} INFO - [2026-03-05T23:04:54.233+0000] {dag.py:3033} INFO - Sync 1 DAGs
[2026-03-05T23:04:54.249+0000] {logging_mixin.py:188} INFO - [2026-03-05T23:04:54.248+0000] {dag.py:3820} INFO - Setting next_dagrun for storypoints_etl_week2 to 2026-03-05T09:00:00+00:00, run_after=2026-03-06T09:00:00+00:00
[2026-03-05T23:04:54.261+0000] {processor.py:183} INFO - Processing /opt/airflow/dags/etl_week2_dag.py took 0.352 seconds
[2026-03-05T23:05:24.345+0000] {processor.py:161} INFO - Started process (PID=11890) to work on /opt/airflow/dags/etl_week2_dag.py
[2026-03-05T23:05:24.345+0000] {processor.py:830} INFO - Processing file /opt/airflow/dags/etl_week2_dag.py for tasks to queue
[2026-03-05T23:05:24.346+0000] {logging_mixin.py:188} INFO - [2026-03-05T23:05:24.346+0000] {dagbag.py:538} INFO - Filling up the DagBag from /opt/airflow/dags/etl_week2_dag.py
[2026-03-05T23:05:24.632+0000] {processor.py:840} INFO - DAG(s) 'storypoints_etl_week2' retrieved from /opt/airflow/dags/etl_week2_dag.py
[2026-03-05T23:05:24.650+0000] {logging_mixin.py:188} INFO - [2026-03-05T23:05:24.649+0000] {dag.py:3033} INFO - Sync 1 DAGs
[2026-03-05T23:05:24.664+0000] {logging_mixin.py:188} INFO - [2026-03-05T23:05:24.664+0000] {dag.py:3820} INFO - Setting next_dagrun for storypoints_etl_week2 to 2026-03-05T09:00:00+00:00, run_after=2026-03-06T09:00:00+00:00
[2026-03-05T23:05:24.678+0000] {processor.py:183} INFO - Processing /opt/airflow/dags/etl_week2_dag.py took 0.337 seconds
[2026-03-05T23:05:54.796+0000] {processor.py:161} INFO - Started process (PID=11947) to work on /opt/airflow/dags/etl_week2_dag.py
[2026-03-05T23:05:54.797+0000] {processor.py:830} INFO - Processing file /opt/airflow/dags/etl_week2_dag.py for tasks to queue
[2026-03-05T23:05:54.797+0000] {logging_mixin.py:188} INFO - [2026-03-05T23:05:54.797+0000] {dagbag.py:538} INFO - Filling up the DagBag from /opt/airflow/dags/etl_week2_dag.py
[2026-03-05T23:05:55.103+0000] {processor.py:840} INFO - DAG(s) 'storypoints_etl_week2' retrieved from /opt/airflow/dags/etl_week2_dag.py
[2026-03-05T23:05:55.119+0000] {logging_mixin.py:188} INFO - [2026-03-05T23:05:55.118+0000] {dag.py:3033} INFO - Sync 1 DAGs
[2026-03-05T23:05:55.134+0000] {logging_mixin.py:188} INFO - [2026-03-05T23:05:55.134+0000] {dag.py:3820} INFO - Setting next_dagrun for storypoints_etl_week2 to 2026-03-05T09:00:00+00:00, run_after=2026-03-06T09:00:00+00:00
[2026-03-05T23:05:55.147+0000] {processor.py:183} INFO - Processing /opt/airflow/dags/etl_week2_dag.py took 0.354 seconds
[2026-03-05T23:06:25.897+0000] {processor.py:161} INFO - Started process (PID=12004) to work on /opt/airflow/dags/etl_week2_dag.py
[2026-03-05T23:06:25.897+0000] {processor.py:830} INFO - Processing file /opt/airflow/dags/etl_week2_dag.py for tasks to queue
[2026-03-05T23:06:25.898+0000] {logging_mixin.py:188} INFO - [2026-03-05T23:06:25.898+0000] {dagbag.py:538} INFO - Filling up the DagBag from /opt/airflow/dags/etl_week2_dag.py
[2026-03-05T23:06:26.193+0000] {processor.py:840} INFO - DAG(s) 'storypoints_etl_week2' retrieved from /opt/airflow/dags/etl_week2_dag.py
[2026-03-05T23:06:26.209+0000] {logging_mixin.py:188} INFO - [2026-03-05T23:06:26.209+0000] {dag.py:3033} INFO - Sync 1 DAGs
[2026-03-05T23:06:26.223+0000] {logging_mixin.py:188} INFO - [2026-03-05T23:06:26.223+0000] {dag.py:3820} INFO - Setting next_dagrun for storypoints_etl_week2 to 2026-03-05T09:00:00+00:00, run_after=2026-03-06T09:00:00+00:00
[2026-03-05T23:06:26.237+0000] {processor.py:183} INFO - Processing /opt/airflow/dags/etl_week2_dag.py took 0.343 seconds
[2026-03-05T23:06:56.408+0000] {processor.py:161} INFO - Started process (PID=12068) to work on /opt/airflow/dags/etl_week2_dag.py
[2026-03-05T23:06:56.409+0000] {processor.py:830} INFO - Processing file /opt/airflow/dags/etl_week2_dag.py for tasks to queue
[2026-03-05T23:06:56.410+0000] {logging_mixin.py:188} INFO - [2026-03-05T23:06:56.410+0000] {dagbag.py:538} INFO - Filling up the DagBag from /opt/airflow/dags/etl_week2_dag.py
[2026-03-05T23:06:56.920+0000] {processor.py:840} INFO - DAG(s) 'storypoints_etl_week2' retrieved from /opt/airflow/dags/etl_week2_dag.py
[2026-03-05T23:06:56.941+0000] {logging_mixin.py:188} INFO - [2026-03-05T23:06:56.940+0000] {dag.py:3033} INFO - Sync 1 DAGs
[2026-03-05T23:06:56.960+0000] {logging_mixin.py:188} INFO - [2026-03-05T23:06:56.960+0000] {dag.py:3820} INFO - Setting next_dagrun for storypoints_etl_week2 to 2026-03-05T09:00:00+00:00, run_after=2026-03-06T09:00:00+00:00
[2026-03-05T23:06:56.977+0000] {processor.py:183} INFO - Processing /opt/airflow/dags/etl_week2_dag.py took 0.573 seconds
[2026-03-05T23:07:27.044+0000] {processor.py:161} INFO - Started process (PID=12125) to work on /opt/airflow/dags/etl_week2_dag.py
[2026-03-05T23:07:27.045+0000] {processor.py:830} INFO - Processing file /opt/airflow/dags/etl_week2_dag.py for tasks to queue
[2026-03-05T23:07:27.045+0000] {logging_mixin.py:188} INFO - [2026-03-05T23:07:27.045+0000] {dagbag.py:538} INFO - Filling up the DagBag from /opt/airflow/dags/etl_week2_dag.py
[2026-03-05T23:07:27.336+0000] {processor.py:840} INFO - DAG(s) 'storypoints_etl_week2' retrieved from /opt/airflow/dags/etl_week2_dag.py
[2026-03-05T23:07:27.352+0000] {logging_mixin.py:188} INFO - [2026-03-05T23:07:27.352+0000] {dag.py:3033} INFO - Sync 1 DAGs
[2026-03-05T23:07:27.367+0000] {logging_mixin.py:188} INFO - [2026-03-05T23:07:27.367+0000] {dag.py:3820} INFO - Setting next_dagrun for storypoints_etl_week2 to 2026-03-05T09:00:00+00:00, run_after=2026-03-06T09:00:00+00:00
[2026-03-05T23:07:27.377+0000] {processor.py:183} INFO - Processing /opt/airflow/dags/etl_week2_dag.py took 0.336 seconds
[2026-03-05T23:07:58.084+0000] {processor.py:161} INFO - Started process (PID=12182) to work on /opt/airflow/dags/etl_week2_dag.py
[2026-03-05T23:07:58.085+0000] {processor.py:830} INFO - Processing file /opt/airflow/dags/etl_week2_dag.py for tasks to queue
[2026-03-05T23:07:58.086+0000] {logging_mixin.py:188} INFO - [2026-03-05T23:07:58.085+0000] {dagbag.py:538} INFO - Filling up the DagBag from /opt/airflow/dags/etl_week2_dag.py
[2026-03-05T23:07:58.384+0000] {processor.py:840} INFO - DAG(s) 'storypoints_etl_week2' retrieved from /opt/airflow/dags/etl_week2_dag.py
[2026-03-05T23:07:58.400+0000] {logging_mixin.py:188} INFO - [2026-03-05T23:07:58.399+0000] {dag.py:3033} INFO - Sync 1 DAGs
[2026-03-05T23:07:58.415+0000] {logging_mixin.py:188} INFO - [2026-03-05T23:07:58.414+0000] {dag.py:3820} INFO - Setting next_dagrun for storypoints_etl_week2 to 2026-03-05T09:00:00+00:00, run_after=2026-03-06T09:00:00+00:00
[2026-03-05T23:07:58.426+0000] {processor.py:183} INFO - Processing /opt/airflow/dags/etl_week2_dag.py took 0.345 seconds
[2026-03-05T23:08:28.930+0000] {processor.py:161} INFO - Started process (PID=12239) to work on /opt/airflow/dags/etl_week2_dag.py
[2026-03-05T23:08:28.930+0000] {processor.py:830} INFO - Processing file /opt/airflow/dags/etl_week2_dag.py for tasks to queue
[2026-03-05T23:08:28.931+0000] {logging_mixin.py:188} INFO - [2026-03-05T23:08:28.931+0000] {dagbag.py:538} INFO - Filling up the DagBag from /opt/airflow/dags/etl_week2_dag.py
[2026-03-05T23:08:29.230+0000] {processor.py:840} INFO - DAG(s) 'storypoints_etl_week2' retrieved from /opt/airflow/dags/etl_week2_dag.py
[2026-03-05T23:08:29.247+0000] {logging_mixin.py:188} INFO - [2026-03-05T23:08:29.247+0000] {dag.py:3033} INFO - Sync 1 DAGs
[2026-03-05T23:08:29.261+0000] {logging_mixin.py:188} INFO - [2026-03-05T23:08:29.261+0000] {dag.py:3820} INFO - Setting next_dagrun for storypoints_etl_week2 to 2026-03-05T09:00:00+00:00, run_after=2026-03-06T09:00:00+00:00
[2026-03-05T23:08:29.271+0000] {processor.py:183} INFO - Processing /opt/airflow/dags/etl_week2_dag.py took 0.344 seconds
[2026-03-05T23:08:59.677+0000] {processor.py:161} INFO - Started process (PID=12296) to work on /opt/airflow/dags/etl_week2_dag.py
[2026-03-05T23:08:59.679+0000] {processor.py:830} INFO - Processing file /opt/airflow/dags/etl_week2_dag.py for tasks to queue
[2026-03-05T23:08:59.679+0000] {logging_mixin.py:188} INFO - [2026-03-05T23:08:59.679+0000] {dagbag.py:538} INFO - Filling up the DagBag from /opt/airflow/dags/etl_week2_dag.py
[2026-03-05T23:09:00.019+0000] {processor.py:840} INFO - DAG(s) 'storypoints_etl_week2' retrieved from /opt/airflow/dags/etl_week2_dag.py
[2026-03-05T23:09:00.037+0000] {logging_mixin.py:188} INFO - [2026-03-05T23:09:00.036+0000] {dag.py:3033} INFO - Sync 1 DAGs
[2026-03-05T23:09:00.052+0000] {logging_mixin.py:188} INFO - [2026-03-05T23:09:00.052+0000] {dag.py:3820} INFO - Setting next_dagrun for storypoints_etl_week2 to 2026-03-05T09:00:00+00:00, run_after=2026-03-06T09:00:00+00:00
[2026-03-05T23:09:00.064+0000] {processor.py:183} INFO - Processing /opt/airflow/dags/etl_week2_dag.py took 0.391 seconds
[2026-03-05T23:09:30.197+0000] {processor.py:161} INFO - Started process (PID=12353) to work on /opt/airflow/dags/etl_week2_dag.py
[2026-03-05T23:09:30.197+0000] {processor.py:830} INFO - Processing file /opt/airflow/dags/etl_week2_dag.py for tasks to queue
[2026-03-05T23:09:30.198+0000] {logging_mixin.py:188} INFO - [2026-03-05T23:09:30.198+0000] {dagbag.py:538} INFO - Filling up the DagBag from /opt/airflow/dags/etl_week2_dag.py
[2026-03-05T23:09:30.376+0000] {processor.py:840} INFO - DAG(s) 'storypoints_etl_week2' retrieved from /opt/airflow/dags/etl_week2_dag.py
[2026-03-05T23:09:30.393+0000] {logging_mixin.py:188} INFO - [2026-03-05T23:09:30.392+0000] {dag.py:3033} INFO - Sync 1 DAGs
[2026-03-05T23:09:30.408+0000] {logging_mixin.py:188} INFO - [2026-03-05T23:09:30.408+0000] {dag.py:3820} INFO - Setting next_dagrun for storypoints_etl_week2 to 2026-03-05T09:00:00+00:00, run_after=2026-03-06T09:00:00+00:00
[2026-03-05T23:09:30.419+0000] {processor.py:183} INFO - Processing /opt/airflow/dags/etl_week2_dag.py took 0.225 seconds
[2026-03-05T23:10:00.592+0000] {processor.py:161} INFO - Started process (PID=12410) to work on /opt/airflow/dags/etl_week2_dag.py
[2026-03-05T23:10:00.593+0000] {processor.py:830} INFO - Processing file /opt/airflow/dags/etl_week2_dag.py for tasks to queue
[2026-03-05T23:10:00.593+0000] {logging_mixin.py:188} INFO - [2026-03-05T23:10:00.593+0000] {dagbag.py:538} INFO - Filling up the DagBag from /opt/airflow/dags/etl_week2_dag.py
[2026-03-05T23:10:00.795+0000] {processor.py:840} INFO - DAG(s) 'storypoints_etl_week2' retrieved from /opt/airflow/dags/etl_week2_dag.py
[2026-03-05T23:10:00.816+0000] {logging_mixin.py:188} INFO - [2026-03-05T23:10:00.815+0000] {dag.py:3033} INFO - Sync 1 DAGs
[2026-03-05T23:10:00.832+0000] {logging_mixin.py:188} INFO - [2026-03-05T23:10:00.832+0000] {dag.py:3820} INFO - Setting next_dagrun for storypoints_etl_week2 to 2026-03-05T09:00:00+00:00, run_after=2026-03-06T09:00:00+00:00
[2026-03-05T23:10:00.843+0000] {processor.py:183} INFO - Processing /opt/airflow/dags/etl_week2_dag.py took 0.254 seconds
[2026-03-05T23:10:31.077+0000] {processor.py:161} INFO - Started process (PID=12467) to work on /opt/airflow/dags/etl_week2_dag.py
[2026-03-05T23:10:31.078+0000] {processor.py:830} INFO - Processing file /opt/airflow/dags/etl_week2_dag.py for tasks to queue
[2026-03-05T23:10:31.078+0000] {logging_mixin.py:188} INFO - [2026-03-05T23:10:31.078+0000] {dagbag.py:538} INFO - Filling up the DagBag from /opt/airflow/dags/etl_week2_dag.py
[2026-03-05T23:10:31.254+0000] {processor.py:840} INFO - DAG(s) 'storypoints_etl_week2' retrieved from /opt/airflow/dags/etl_week2_dag.py
[2026-03-05T23:10:31.271+0000] {logging_mixin.py:188} INFO - [2026-03-05T23:10:31.271+0000] {dag.py:3033} INFO - Sync 1 DAGs
[2026-03-05T23:10:31.286+0000] {logging_mixin.py:188} INFO - [2026-03-05T23:10:31.286+0000] {dag.py:3820} INFO - Setting next_dagrun for storypoints_etl_week2 to 2026-03-05T09:00:00+00:00, run_after=2026-03-06T09:00:00+00:00
[2026-03-05T23:10:31.298+0000] {processor.py:183} INFO - Processing /opt/airflow/dags/etl_week2_dag.py took 0.223 seconds
[2026-03-05T23:11:01.526+0000] {processor.py:161} INFO - Started process (PID=12524) to work on /opt/airflow/dags/etl_week2_dag.py
[2026-03-05T23:11:01.527+0000] {processor.py:830} INFO - Processing file /opt/airflow/dags/etl_week2_dag.py for tasks to queue
[2026-03-05T23:11:01.528+0000] {logging_mixin.py:188} INFO - [2026-03-05T23:11:01.527+0000] {dagbag.py:538} INFO - Filling up the DagBag from /opt/airflow/dags/etl_week2_dag.py
[2026-03-05T23:11:01.748+0000] {processor.py:840} INFO - DAG(s) 'storypoints_etl_week2' retrieved from /opt/airflow/dags/etl_week2_dag.py
[2026-03-05T23:11:01.767+0000] {logging_mixin.py:188} INFO - [2026-03-05T23:11:01.767+0000] {dag.py:3033} INFO - Sync 1 DAGs
[2026-03-05T23:11:01.785+0000] {logging_mixin.py:188} INFO - [2026-03-05T23:11:01.785+0000] {dag.py:3820} INFO - Setting next_dagrun for storypoints_etl_week2 to 2026-03-05T09:00:00+00:00, run_after=2026-03-06T09:00:00+00:00
[2026-03-05T23:11:01.799+0000] {processor.py:183} INFO - Processing /opt/airflow/dags/etl_week2_dag.py took 0.276 seconds
[2026-03-05T23:11:31.938+0000] {processor.py:161} INFO - Started process (PID=12581) to work on /opt/airflow/dags/etl_week2_dag.py
[2026-03-05T23:11:31.939+0000] {processor.py:830} INFO - Processing file /opt/airflow/dags/etl_week2_dag.py for tasks to queue
[2026-03-05T23:11:31.940+0000] {logging_mixin.py:188} INFO - [2026-03-05T23:11:31.939+0000] {dagbag.py:538} INFO - Filling up the DagBag from /opt/airflow/dags/etl_week2_dag.py
[2026-03-05T23:11:32.115+0000] {processor.py:840} INFO - DAG(s) 'storypoints_etl_week2' retrieved from /opt/airflow/dags/etl_week2_dag.py
[2026-03-05T23:11:32.133+0000] {logging_mixin.py:188} INFO - [2026-03-05T23:11:32.133+0000] {dag.py:3033} INFO - Sync 1 DAGs
[2026-03-05T23:11:32.148+0000] {logging_mixin.py:188} INFO - [2026-03-05T23:11:32.148+0000] {dag.py:3820} INFO - Setting next_dagrun for storypoints_etl_week2 to 2026-03-05T09:00:00+00:00, run_after=2026-03-06T09:00:00+00:00
[2026-03-05T23:11:32.159+0000] {processor.py:183} INFO - Processing /opt/airflow/dags/etl_week2_dag.py took 0.224 seconds
[2026-03-05T23:12:02.258+0000] {processor.py:161} INFO - Started process (PID=12644) to work on /opt/airflow/dags/etl_week2_dag.py
[2026-03-05T23:12:02.259+0000] {processor.py:830} INFO - Processing file /opt/airflow/dags/etl_week2_dag.py for tasks to queue
[2026-03-05T23:12:02.260+0000] {logging_mixin.py:188} INFO - [2026-03-05T23:12:02.260+0000] {dagbag.py:538} INFO - Filling up the DagBag from /opt/airflow/dags/etl_week2_dag.py
[2026-03-05T23:12:02.454+0000] {processor.py:840} INFO - DAG(s) 'storypoints_etl_week2' retrieved from /opt/airflow/dags/etl_week2_dag.py
[2026-03-05T23:12:02.478+0000] {logging_mixin.py:188} INFO - [2026-03-05T23:12:02.478+0000] {dag.py:3033} INFO - Sync 1 DAGs
[2026-03-05T23:12:02.497+0000] {logging_mixin.py:188} INFO - [2026-03-05T23:12:02.497+0000] {dag.py:3820} INFO - Setting next_dagrun for storypoints_etl_week2 to 2026-03-05T09:00:00+00:00, run_after=2026-03-06T09:00:00+00:00
[2026-03-05T23:12:02.510+0000] {processor.py:183} INFO - Processing /opt/airflow/dags/etl_week2_dag.py took 0.256 seconds
[2026-03-05T23:12:32.532+0000] {processor.py:161} INFO - Started process (PID=12701) to work on /opt/airflow/dags/etl_week2_dag.py
[2026-03-05T23:12:32.533+0000] {processor.py:830} INFO - Processing file /opt/airflow/dags/etl_week2_dag.py for tasks to queue
[2026-03-05T23:12:32.534+0000] {logging_mixin.py:188} INFO - [2026-03-05T23:12:32.533+0000] {dagbag.py:538} INFO - Filling up the DagBag from /opt/airflow/dags/etl_week2_dag.py
[2026-03-05T23:12:32.729+0000] {processor.py:840} INFO - DAG(s) 'storypoints_etl_week2' retrieved from /opt/airflow/dags/etl_week2_dag.py
[2026-03-05T23:12:32.747+0000] {logging_mixin.py:188} INFO - [2026-03-05T23:12:32.746+0000] {dag.py:3033} INFO - Sync 1 DAGs
[2026-03-05T23:12:32.763+0000] {logging_mixin.py:188} INFO - [2026-03-05T23:12:32.763+0000] {dag.py:3820} INFO - Setting next_dagrun for storypoints_etl_week2 to 2026-03-05T09:00:00+00:00, run_after=2026-03-06T09:00:00+00:00
[2026-03-05T23:12:32.774+0000] {processor.py:183} INFO - Processing /opt/airflow/dags/etl_week2_dag.py took 0.245 seconds
[2026-03-05T23:13:03.016+0000] {processor.py:161} INFO - Started process (PID=12758) to work on /opt/airflow/dags/etl_week2_dag.py
[2026-03-05T23:13:03.017+0000] {processor.py:830} INFO - Processing file /opt/airflow/dags/etl_week2_dag.py for tasks to queue
[2026-03-05T23:13:03.018+0000] {logging_mixin.py:188} INFO - [2026-03-05T23:13:03.018+0000] {dagbag.py:538} INFO - Filling up the DagBag from /opt/airflow/dags/etl_week2_dag.py
[2026-03-05T23:13:03.207+0000] {processor.py:840} INFO - DAG(s) 'storypoints_etl_week2' retrieved from /opt/airflow/dags/etl_week2_dag.py
[2026-03-05T23:13:03.228+0000] {logging_mixin.py:188} INFO - [2026-03-05T23:13:03.227+0000] {dag.py:3033} INFO - Sync 1 DAGs
[2026-03-05T23:13:03.246+0000] {logging_mixin.py:188} INFO - [2026-03-05T23:13:03.245+0000] {dag.py:3820} INFO - Setting next_dagrun for storypoints_etl_week2 to 2026-03-05T09:00:00+00:00, run_after=2026-03-06T09:00:00+00:00
[2026-03-05T23:13:03.258+0000] {processor.py:183} INFO - Processing /opt/airflow/dags/etl_week2_dag.py took 0.245 seconds
[2026-03-05T23:13:34.052+0000] {processor.py:161} INFO - Started process (PID=12815) to work on /opt/airflow/dags/etl_week2_dag.py
[2026-03-05T23:13:34.053+0000] {processor.py:830} INFO - Processing file /opt/airflow/dags/etl_week2_dag.py for tasks to queue
[2026-03-05T23:13:34.053+0000] {logging_mixin.py:188} INFO - [2026-03-05T23:13:34.053+0000] {dagbag.py:538} INFO - Filling up the DagBag from /opt/airflow/dags/etl_week2_dag.py
[2026-03-05T23:13:34.229+0000] {processor.py:840} INFO - DAG(s) 'storypoints_etl_week2' retrieved from /opt/airflow/dags/etl_week2_dag.py
[2026-03-05T23:13:34.246+0000] {logging_mixin.py:188} INFO - [2026-03-05T23:13:34.246+0000] {dag.py:3033} INFO - Sync 1 DAGs
[2026-03-05T23:13:34.261+0000] {logging_mixin.py:188} INFO - [2026-03-05T23:13:34.261+0000] {dag.py:3820} INFO - Setting next_dagrun for storypoints_etl_week2 to 2026-03-05T09:00:00+00:00, run_after=2026-03-06T09:00:00+00:00
[2026-03-05T23:13:34.272+0000] {processor.py:183} INFO - Processing /opt/airflow/dags/etl_week2_dag.py took 0.223 seconds
[2026-03-05T23:14:04.522+0000] {processor.py:161} INFO - Started process (PID=12872) to work on /opt/airflow/dags/etl_week2_dag.py
[2026-03-05T23:14:04.523+0000] {processor.py:830} INFO - Processing file /opt/airflow/dags/etl_week2_dag.py for tasks to queue
[2026-03-05T23:14:04.524+0000] {logging_mixin.py:188} INFO - [2026-03-05T23:14:04.524+0000] {dagbag.py:538} INFO - Filling up the DagBag from /opt/airflow/dags/etl_week2_dag.py
[2026-03-05T23:14:04.723+0000] {processor.py:840} INFO - DAG(s) 'storypoints_etl_week2' retrieved from /opt/airflow/dags/etl_week2_dag.py
[2026-03-05T23:14:04.742+0000] {logging_mixin.py:188} INFO - [2026-03-05T23:14:04.742+0000] {dag.py:3033} INFO - Sync 1 DAGs
[2026-03-05T23:14:04.761+0000] {logging_mixin.py:188} INFO - [2026-03-05T23:14:04.761+0000] {dag.py:3820} INFO - Setting next_dagrun for storypoints_etl_week2 to 2026-03-05T09:00:00+00:00, run_after=2026-03-06T09:00:00+00:00
[2026-03-05T23:14:04.773+0000] {processor.py:183} INFO - Processing /opt/airflow/dags/etl_week2_dag.py took 0.254 seconds
[2026-03-05T23:14:34.893+0000] {processor.py:161} INFO - Started process (PID=12929) to work on /opt/airflow/dags/etl_week2_dag.py
[2026-03-05T23:14:34.893+0000] {processor.py:830} INFO - Processing file /opt/airflow/dags/etl_week2_dag.py for tasks to queue
[2026-03-05T23:14:34.894+0000] {logging_mixin.py:188} INFO - [2026-03-05T23:14:34.894+0000] {dagbag.py:538} INFO - Filling up the DagBag from /opt/airflow/dags/etl_week2_dag.py
[2026-03-05T23:14:35.064+0000] {processor.py:840} INFO - DAG(s) 'storypoints_etl_week2' retrieved from /opt/airflow/dags/etl_week2_dag.py
[2026-03-05T23:14:35.083+0000] {logging_mixin.py:188} INFO - [2026-03-05T23:14:35.082+0000] {dag.py:3033} INFO - Sync 1 DAGs
[2026-03-05T23:14:35.098+0000] {logging_mixin.py:188} INFO - [2026-03-05T23:14:35.098+0000] {dag.py:3820} INFO - Setting next_dagrun for storypoints_etl_week2 to 2026-03-05T09:00:00+00:00, run_after=2026-03-06T09:00:00+00:00
[2026-03-05T23:14:35.109+0000] {processor.py:183} INFO - Processing /opt/airflow/dags/etl_week2_dag.py took 0.219 seconds
[2026-03-05T23:15:05.225+0000] {processor.py:161} INFO - Started process (PID=12986) to work on /opt/airflow/dags/etl_week2_dag.py
[2026-03-05T23:15:05.228+0000] {processor.py:830} INFO - Processing file /opt/airflow/dags/etl_week2_dag.py for tasks to queue
[2026-03-05T23:15:05.229+0000] {logging_mixin.py:188} INFO - [2026-03-05T23:15:05.229+0000] {dagbag.py:538} INFO - Filling up the DagBag from /opt/airflow/dags/etl_week2_dag.py
[2026-03-05T23:15:05.799+0000] {processor.py:840} INFO - DAG(s) 'storypoints_etl_week2' retrieved from /opt/airflow/dags/etl_week2_dag.py
[2026-03-05T23:15:05.870+0000] {logging_mixin.py:188} INFO - [2026-03-05T23:15:05.868+0000] {dag.py:3033} INFO - Sync 1 DAGs
[2026-03-05T23:15:05.932+0000] {logging_mixin.py:188} INFO - [2026-03-05T23:15:05.931+0000] {dag.py:3820} INFO - Setting next_dagrun for storypoints_etl_week2 to 2026-03-05T09:00:00+00:00, run_after=2026-03-06T09:00:00+00:00
[2026-03-05T23:15:05.963+0000] {processor.py:183} INFO - Processing /opt/airflow/dags/etl_week2_dag.py took 0.745 seconds
[2026-03-05T23:15:36.140+0000] {processor.py:161} INFO - Started process (PID=13043) to work on /opt/airflow/dags/etl_week2_dag.py
[2026-03-05T23:15:36.141+0000] {processor.py:830} INFO - Processing file /opt/airflow/dags/etl_week2_dag.py for tasks to queue
[2026-03-05T23:15:36.142+0000] {logging_mixin.py:188} INFO - [2026-03-05T23:15:36.142+0000] {dagbag.py:538} INFO - Filling up the DagBag from /opt/airflow/dags/etl_week2_dag.py
[2026-03-05T23:15:36.323+0000] {processor.py:840} INFO - DAG(s) 'storypoints_etl_week2' retrieved from /opt/airflow/dags/etl_week2_dag.py
[2026-03-05T23:15:36.341+0000] {logging_mixin.py:188} INFO - [2026-03-05T23:15:36.340+0000] {dag.py:3033} INFO - Sync 1 DAGs
[2026-03-05T23:15:36.358+0000] {logging_mixin.py:188} INFO - [2026-03-05T23:15:36.357+0000] {dag.py:3820} INFO - Setting next_dagrun for storypoints_etl_week2 to 2026-03-05T09:00:00+00:00, run_after=2026-03-06T09:00:00+00:00
[2026-03-05T23:15:36.368+0000] {processor.py:183} INFO - Processing /opt/airflow/dags/etl_week2_dag.py took 0.231 seconds
[2026-03-05T23:16:06.753+0000] {processor.py:161} INFO - Started process (PID=13100) to work on /opt/airflow/dags/etl_week2_dag.py
[2026-03-05T23:16:06.754+0000] {processor.py:830} INFO - Processing file /opt/airflow/dags/etl_week2_dag.py for tasks to queue
[2026-03-05T23:16:06.754+0000] {logging_mixin.py:188} INFO - [2026-03-05T23:16:06.754+0000] {dagbag.py:538} INFO - Filling up the DagBag from /opt/airflow/dags/etl_week2_dag.py
[2026-03-05T23:16:06.935+0000] {processor.py:840} INFO - DAG(s) 'storypoints_etl_week2' retrieved from /opt/airflow/dags/etl_week2_dag.py
[2026-03-05T23:16:06.957+0000] {logging_mixin.py:188} INFO - [2026-03-05T23:16:06.956+0000] {dag.py:3033} INFO - Sync 1 DAGs
[2026-03-05T23:16:06.979+0000] {logging_mixin.py:188} INFO - [2026-03-05T23:16:06.978+0000] {dag.py:3820} INFO - Setting next_dagrun for storypoints_etl_week2 to 2026-03-05T09:00:00+00:00, run_after=2026-03-06T09:00:00+00:00
[2026-03-05T23:16:06.997+0000] {processor.py:183} INFO - Processing /opt/airflow/dags/etl_week2_dag.py took 0.249 seconds
[2026-03-05T23:16:37.480+0000] {processor.py:161} INFO - Started process (PID=13157) to work on /opt/airflow/dags/etl_week2_dag.py
[2026-03-05T23:16:37.481+0000] {processor.py:830} INFO - Processing file /opt/airflow/dags/etl_week2_dag.py for tasks to queue
[2026-03-05T23:16:37.482+0000] {logging_mixin.py:188} INFO - [2026-03-05T23:16:37.482+0000] {dagbag.py:538} INFO - Filling up the DagBag from /opt/airflow/dags/etl_week2_dag.py
[2026-03-05T23:16:37.680+0000] {processor.py:840} INFO - DAG(s) 'storypoints_etl_week2' retrieved from /opt/airflow/dags/etl_week2_dag.py
[2026-03-05T23:16:37.699+0000] {logging_mixin.py:188} INFO - [2026-03-05T23:16:37.698+0000] {dag.py:3033} INFO - Sync 1 DAGs
[2026-03-05T23:16:37.716+0000] {logging_mixin.py:188} INFO - [2026-03-05T23:16:37.716+0000] {dag.py:3820} INFO - Setting next_dagrun for storypoints_etl_week2 to 2026-03-05T09:00:00+00:00, run_after=2026-03-06T09:00:00+00:00
[2026-03-05T23:16:37.728+0000] {processor.py:183} INFO - Processing /opt/airflow/dags/etl_week2_dag.py took 0.252 seconds
[2026-03-05T23:17:07.932+0000] {processor.py:161} INFO - Started process (PID=13214) to work on /opt/airflow/dags/etl_week2_dag.py
[2026-03-05T23:17:07.933+0000] {processor.py:830} INFO - Processing file /opt/airflow/dags/etl_week2_dag.py for tasks to queue
[2026-03-05T23:17:07.934+0000] {logging_mixin.py:188} INFO - [2026-03-05T23:17:07.933+0000] {dagbag.py:538} INFO - Filling up the DagBag from /opt/airflow/dags/etl_week2_dag.py
[2026-03-05T23:17:08.124+0000] {processor.py:840} INFO - DAG(s) 'storypoints_etl_week2' retrieved from /opt/airflow/dags/etl_week2_dag.py
[2026-03-05T23:17:08.145+0000] {logging_mixin.py:188} INFO - [2026-03-05T23:17:08.145+0000] {dag.py:3033} INFO - Sync 1 DAGs
[2026-03-05T23:17:08.164+0000] {logging_mixin.py:188} INFO - [2026-03-05T23:17:08.164+0000] {dag.py:3820} INFO - Setting next_dagrun for storypoints_etl_week2 to 2026-03-05T09:00:00+00:00, run_after=2026-03-06T09:00:00+00:00
[2026-03-05T23:17:08.178+0000] {processor.py:183} INFO - Processing /opt/airflow/dags/etl_week2_dag.py took 0.249 seconds
[2026-03-05T23:17:38.351+0000] {processor.py:161} INFO - Started process (PID=13277) to work on /opt/airflow/dags/etl_week2_dag.py
[2026-03-05T23:17:38.352+0000] {processor.py:830} INFO - Processing file /opt/airflow/dags/etl_week2_dag.py for tasks to queue
[2026-03-05T23:17:38.352+0000] {logging_mixin.py:188} INFO - [2026-03-05T23:17:38.352+0000] {dagbag.py:538} INFO - Filling up the DagBag from /opt/airflow/dags/etl_week2_dag.py
[2026-03-05T23:17:38.553+0000] {processor.py:840} INFO - DAG(s) 'storypoints_etl_week2' retrieved from /opt/airflow/dags/etl_week2_dag.py
[2026-03-05T23:17:38.572+0000] {logging_mixin.py:188} INFO - [2026-03-05T23:17:38.571+0000] {dag.py:3033} INFO - Sync 1 DAGs
[2026-03-05T23:17:38.589+0000] {logging_mixin.py:188} INFO - [2026-03-05T23:17:38.589+0000] {dag.py:3820} INFO - Setting next_dagrun for storypoints_etl_week2 to 2026-03-05T09:00:00+00:00, run_after=2026-03-06T09:00:00+00:00
[2026-03-05T23:17:38.602+0000] {processor.py:183} INFO - Processing /opt/airflow/dags/etl_week2_dag.py took 0.255 seconds
[2026-03-05T23:18:08.901+0000] {processor.py:161} INFO - Started process (PID=13334) to work on /opt/airflow/dags/etl_week2_dag.py
[2026-03-05T23:18:08.901+0000] {processor.py:830} INFO - Processing file /opt/airflow/dags/etl_week2_dag.py for tasks to queue
[2026-03-05T23:18:08.902+0000] {logging_mixin.py:188} INFO - [2026-03-05T23:18:08.902+0000] {dagbag.py:538} INFO - Filling up the DagBag from /opt/airflow/dags/etl_week2_dag.py
[2026-03-05T23:18:09.086+0000] {processor.py:840} INFO - DAG(s) 'storypoints_etl_week2' retrieved from /opt/airflow/dags/etl_week2_dag.py
[2026-03-05T23:18:09.108+0000] {logging_mixin.py:188} INFO - [2026-03-05T23:18:09.108+0000] {dag.py:3033} INFO - Sync 1 DAGs
[2026-03-05T23:18:09.126+0000] {logging_mixin.py:188} INFO - [2026-03-05T23:18:09.126+0000] {dag.py:3820} INFO - Setting next_dagrun for storypoints_etl_week2 to 2026-03-05T09:00:00+00:00, run_after=2026-03-06T09:00:00+00:00
[2026-03-05T23:18:09.139+0000] {processor.py:183} INFO - Processing /opt/airflow/dags/etl_week2_dag.py took 0.242 seconds
[2026-03-05T23:18:39.507+0000] {processor.py:161} INFO - Started process (PID=13391) to work on /opt/airflow/dags/etl_week2_dag.py
[2026-03-05T23:18:39.508+0000] {processor.py:830} INFO - Processing file /opt/airflow/dags/etl_week2_dag.py for tasks to queue
[2026-03-05T23:18:39.509+0000] {logging_mixin.py:188} INFO - [2026-03-05T23:18:39.509+0000] {dagbag.py:538} INFO - Filling up the DagBag from /opt/airflow/dags/etl_week2_dag.py
[2026-03-05T23:18:39.684+0000] {processor.py:840} INFO - DAG(s) 'storypoints_etl_week2' retrieved from /opt/airflow/dags/etl_week2_dag.py
[2026-03-05T23:18:39.701+0000] {logging_mixin.py:188} INFO - [2026-03-05T23:18:39.701+0000] {dag.py:3033} INFO - Sync 1 DAGs
[2026-03-05T23:18:39.716+0000] {logging_mixin.py:188} INFO - [2026-03-05T23:18:39.715+0000] {dag.py:3820} INFO - Setting next_dagrun for storypoints_etl_week2 to 2026-03-05T09:00:00+00:00, run_after=2026-03-06T09:00:00+00:00
[2026-03-05T23:18:39.728+0000] {processor.py:183} INFO - Processing /opt/airflow/dags/etl_week2_dag.py took 0.223 seconds
[2026-03-05T23:19:09.975+0000] {processor.py:161} INFO - Started process (PID=13448) to work on /opt/airflow/dags/etl_week2_dag.py
[2026-03-05T23:19:09.976+0000] {processor.py:830} INFO - Processing file /opt/airflow/dags/etl_week2_dag.py for tasks to queue
[2026-03-05T23:19:09.976+0000] {logging_mixin.py:188} INFO - [2026-03-05T23:19:09.976+0000] {dagbag.py:538} INFO - Filling up the DagBag from /opt/airflow/dags/etl_week2_dag.py
[2026-03-05T23:19:10.159+0000] {processor.py:840} INFO - DAG(s) 'storypoints_etl_week2' retrieved from /opt/airflow/dags/etl_week2_dag.py
[2026-03-05T23:19:10.178+0000] {logging_mixin.py:188} INFO - [2026-03-05T23:19:10.177+0000] {dag.py:3033} INFO - Sync 1 DAGs
[2026-03-05T23:19:10.194+0000] {logging_mixin.py:188} INFO - [2026-03-05T23:19:10.193+0000] {dag.py:3820} INFO - Setting next_dagrun for storypoints_etl_week2 to 2026-03-05T09:00:00+00:00, run_after=2026-03-06T09:00:00+00:00
[2026-03-05T23:19:10.206+0000] {processor.py:183} INFO - Processing /opt/airflow/dags/etl_week2_dag.py took 0.235 seconds
[2026-03-05T23:19:40.380+0000] {processor.py:161} INFO - Started process (PID=13505) to work on /opt/airflow/dags/etl_week2_dag.py
[2026-03-05T23:19:40.381+0000] {processor.py:830} INFO - Processing file /opt/airflow/dags/etl_week2_dag.py for tasks to queue
[2026-03-05T23:19:40.382+0000] {logging_mixin.py:188} INFO - [2026-03-05T23:19:40.382+0000] {dagbag.py:538} INFO - Filling up the DagBag from /opt/airflow/dags/etl_week2_dag.py
[2026-03-05T23:19:40.578+0000] {processor.py:840} INFO - DAG(s) 'storypoints_etl_week2' retrieved from /opt/airflow/dags/etl_week2_dag.py
[2026-03-05T23:19:40.600+0000] {logging_mixin.py:188} INFO - [2026-03-05T23:19:40.599+0000] {dag.py:3033} INFO - Sync 1 DAGs
[2026-03-05T23:19:40.620+0000] {logging_mixin.py:188} INFO - [2026-03-05T23:19:40.620+0000] {dag.py:3820} INFO - Setting next_dagrun for storypoints_etl_week2 to 2026-03-05T09:00:00+00:00, run_after=2026-03-06T09:00:00+00:00
[2026-03-05T23:19:40.633+0000] {processor.py:183} INFO - Processing /opt/airflow/dags/etl_week2_dag.py took 0.257 seconds
[2026-03-05T23:20:10.675+0000] {processor.py:161} INFO - Started process (PID=13562) to work on /opt/airflow/dags/etl_week2_dag.py
[2026-03-05T23:20:10.676+0000] {processor.py:830} INFO - Processing file /opt/airflow/dags/etl_week2_dag.py for tasks to queue
[2026-03-05T23:20:10.677+0000] {logging_mixin.py:188} INFO - [2026-03-05T23:20:10.677+0000] {dagbag.py:538} INFO - Filling up the DagBag from /opt/airflow/dags/etl_week2_dag.py
[2026-03-05T23:20:10.964+0000] {processor.py:840} INFO - DAG(s) 'storypoints_etl_week2' retrieved from /opt/airflow/dags/etl_week2_dag.py
[2026-03-05T23:20:10.992+0000] {logging_mixin.py:188} INFO - [2026-03-05T23:20:10.991+0000] {dag.py:3033} INFO - Sync 1 DAGs
[2026-03-05T23:20:11.019+0000] {logging_mixin.py:188} INFO - [2026-03-05T23:20:11.019+0000] {dag.py:3820} INFO - Setting next_dagrun for storypoints_etl_week2 to 2026-03-05T09:00:00+00:00, run_after=2026-03-06T09:00:00+00:00
[2026-03-05T23:20:11.041+0000] {processor.py:183} INFO - Processing /opt/airflow/dags/etl_week2_dag.py took 0.370 seconds
[2026-03-05T23:20:41.578+0000] {processor.py:161} INFO - Started process (PID=13619) to work on /opt/airflow/dags/etl_week2_dag.py
[2026-03-05T23:20:41.579+0000] {processor.py:830} INFO - Processing file /opt/airflow/dags/etl_week2_dag.py for tasks to queue
[2026-03-05T23:20:41.579+0000] {logging_mixin.py:188} INFO - [2026-03-05T23:20:41.579+0000] {dagbag.py:538} INFO - Filling up the DagBag from /opt/airflow/dags/etl_week2_dag.py
[2026-03-05T23:20:41.867+0000] {processor.py:840} INFO - DAG(s) 'storypoints_etl_week2' retrieved from /opt/airflow/dags/etl_week2_dag.py
[2026-03-05T23:20:41.934+0000] {logging_mixin.py:188} INFO - [2026-03-05T23:20:41.933+0000] {dag.py:3033} INFO - Sync 1 DAGs
[2026-03-05T23:20:41.970+0000] {logging_mixin.py:188} INFO - [2026-03-05T23:20:41.970+0000] {dag.py:3820} INFO - Setting next_dagrun for storypoints_etl_week2 to 2026-03-05T09:00:00+00:00, run_after=2026-03-06T09:00:00+00:00
[2026-03-05T23:20:41.988+0000] {processor.py:183} INFO - Processing /opt/airflow/dags/etl_week2_dag.py took 0.412 seconds
[2026-03-05T23:21:12.366+0000] {processor.py:161} INFO - Started process (PID=13676) to work on /opt/airflow/dags/etl_week2_dag.py
[2026-03-05T23:21:12.367+0000] {processor.py:830} INFO - Processing file /opt/airflow/dags/etl_week2_dag.py for tasks to queue
[2026-03-05T23:21:12.368+0000] {logging_mixin.py:188} INFO - [2026-03-05T23:21:12.368+0000] {dagbag.py:538} INFO - Filling up the DagBag from /opt/airflow/dags/etl_week2_dag.py
[2026-03-05T23:21:12.550+0000] {processor.py:840} INFO - DAG(s) 'storypoints_etl_week2' retrieved from /opt/airflow/dags/etl_week2_dag.py
[2026-03-05T23:21:12.569+0000] {logging_mixin.py:188} INFO - [2026-03-05T23:21:12.569+0000] {dag.py:3033} INFO - Sync 1 DAGs
[2026-03-05T23:21:12.588+0000] {logging_mixin.py:188} INFO - [2026-03-05T23:21:12.587+0000] {dag.py:3820} INFO - Setting next_dagrun for storypoints_etl_week2 to 2026-03-05T09:00:00+00:00, run_after=2026-03-06T09:00:00+00:00
[2026-03-05T23:21:12.769+0000] {processor.py:183} INFO - Processing /opt/airflow/dags/etl_week2_dag.py took 0.407 seconds
[2026-03-05T23:21:42.884+0000] {processor.py:161} INFO - Started process (PID=13733) to work on /opt/airflow/dags/etl_week2_dag.py
[2026-03-05T23:21:42.885+0000] {processor.py:830} INFO - Processing file /opt/airflow/dags/etl_week2_dag.py for tasks to queue
[2026-03-05T23:21:42.885+0000] {logging_mixin.py:188} INFO - [2026-03-05T23:21:42.885+0000] {dagbag.py:538} INFO - Filling up the DagBag from /opt/airflow/dags/etl_week2_dag.py
[2026-03-05T23:21:43.057+0000] {processor.py:840} INFO - DAG(s) 'storypoints_etl_week2' retrieved from /opt/airflow/dags/etl_week2_dag.py
[2026-03-05T23:21:43.075+0000] {logging_mixin.py:188} INFO - [2026-03-05T23:21:43.075+0000] {dag.py:3033} INFO - Sync 1 DAGs
[2026-03-05T23:21:43.196+0000] {logging_mixin.py:188} INFO - [2026-03-05T23:21:43.196+0000] {dag.py:3820} INFO - Setting next_dagrun for storypoints_etl_week2 to 2026-03-05T09:00:00+00:00, run_after=2026-03-06T09:00:00+00:00
[2026-03-05T23:21:43.208+0000] {processor.py:183} INFO - Processing /opt/airflow/dags/etl_week2_dag.py took 0.326 seconds
[2026-03-05T23:22:13.235+0000] {processor.py:161} INFO - Started process (PID=13790) to work on /opt/airflow/dags/etl_week2_dag.py
[2026-03-05T23:22:13.236+0000] {processor.py:830} INFO - Processing file /opt/airflow/dags/etl_week2_dag.py for tasks to queue
[2026-03-05T23:22:13.237+0000] {logging_mixin.py:188} INFO - [2026-03-05T23:22:13.237+0000] {dagbag.py:538} INFO - Filling up the DagBag from /opt/airflow/dags/etl_week2_dag.py
[2026-03-05T23:22:13.542+0000] {processor.py:840} INFO - DAG(s) 'storypoints_etl_week2' retrieved from /opt/airflow/dags/etl_week2_dag.py
[2026-03-05T23:22:13.561+0000] {logging_mixin.py:188} INFO - [2026-03-05T23:22:13.561+0000] {dag.py:3033} INFO - Sync 1 DAGs
[2026-03-05T23:22:13.575+0000] {logging_mixin.py:188} INFO - [2026-03-05T23:22:13.575+0000] {dag.py:3820} INFO - Setting next_dagrun for storypoints_etl_week2 to 2026-03-05T09:00:00+00:00, run_after=2026-03-06T09:00:00+00:00
[2026-03-05T23:22:13.586+0000] {processor.py:183} INFO - Processing /opt/airflow/dags/etl_week2_dag.py took 0.354 seconds
[2026-03-05T23:22:43.690+0000] {processor.py:161} INFO - Started process (PID=13847) to work on /opt/airflow/dags/etl_week2_dag.py
[2026-03-05T23:22:43.691+0000] {processor.py:830} INFO - Processing file /opt/airflow/dags/etl_week2_dag.py for tasks to queue
[2026-03-05T23:22:43.691+0000] {logging_mixin.py:188} INFO - [2026-03-05T23:22:43.691+0000] {dagbag.py:538} INFO - Filling up the DagBag from /opt/airflow/dags/etl_week2_dag.py
[2026-03-05T23:22:44.000+0000] {processor.py:840} INFO - DAG(s) 'storypoints_etl_week2' retrieved from /opt/airflow/dags/etl_week2_dag.py
[2026-03-05T23:22:44.016+0000] {logging_mixin.py:188} INFO - [2026-03-05T23:22:44.016+0000] {dag.py:3033} INFO - Sync 1 DAGs
[2026-03-05T23:22:44.031+0000] {logging_mixin.py:188} INFO - [2026-03-05T23:22:44.031+0000] {dag.py:3820} INFO - Setting next_dagrun for storypoints_etl_week2 to 2026-03-05T09:00:00+00:00, run_after=2026-03-06T09:00:00+00:00
[2026-03-05T23:22:44.044+0000] {processor.py:183} INFO - Processing /opt/airflow/dags/etl_week2_dag.py took 0.357 seconds
[2026-03-05T23:23:14.090+0000] {processor.py:161} INFO - Started process (PID=13904) to work on /opt/airflow/dags/etl_week2_dag.py
[2026-03-05T23:23:14.091+0000] {processor.py:830} INFO - Processing file /opt/airflow/dags/etl_week2_dag.py for tasks to queue
[2026-03-05T23:23:14.091+0000] {logging_mixin.py:188} INFO - [2026-03-05T23:23:14.091+0000] {dagbag.py:538} INFO - Filling up the DagBag from /opt/airflow/dags/etl_week2_dag.py
[2026-03-05T23:23:14.511+0000] {processor.py:840} INFO - DAG(s) 'storypoints_etl_week2' retrieved from /opt/airflow/dags/etl_week2_dag.py
[2026-03-05T23:23:14.534+0000] {logging_mixin.py:188} INFO - [2026-03-05T23:23:14.534+0000] {dag.py:3033} INFO - Sync 1 DAGs
[2026-03-05T23:23:14.552+0000] {logging_mixin.py:188} INFO - [2026-03-05T23:23:14.552+0000] {dag.py:3820} INFO - Setting next_dagrun for storypoints_etl_week2 to 2026-03-05T09:00:00+00:00, run_after=2026-03-06T09:00:00+00:00
[2026-03-05T23:23:14.570+0000] {processor.py:183} INFO - Processing /opt/airflow/dags/etl_week2_dag.py took 0.483 seconds
[2026-03-05T23:23:44.960+0000] {processor.py:161} INFO - Started process (PID=13961) to work on /opt/airflow/dags/etl_week2_dag.py
[2026-03-05T23:23:44.960+0000] {processor.py:830} INFO - Processing file /opt/airflow/dags/etl_week2_dag.py for tasks to queue
[2026-03-05T23:23:44.961+0000] {logging_mixin.py:188} INFO - [2026-03-05T23:23:44.961+0000] {dagbag.py:538} INFO - Filling up the DagBag from /opt/airflow/dags/etl_week2_dag.py
[2026-03-05T23:23:45.347+0000] {processor.py:840} INFO - DAG(s) 'storypoints_etl_week2' retrieved from /opt/airflow/dags/etl_week2_dag.py
[2026-03-05T23:23:45.364+0000] {logging_mixin.py:188} INFO - [2026-03-05T23:23:45.363+0000] {dag.py:3033} INFO - Sync 1 DAGs
[2026-03-05T23:23:45.382+0000] {logging_mixin.py:188} INFO - [2026-03-05T23:23:45.382+0000] {dag.py:3820} INFO - Setting next_dagrun for storypoints_etl_week2 to 2026-03-05T09:00:00+00:00, run_after=2026-03-06T09:00:00+00:00
[2026-03-05T23:23:45.397+0000] {processor.py:183} INFO - Processing /opt/airflow/dags/etl_week2_dag.py took 0.441 seconds
[2026-03-05T23:24:15.425+0000] {processor.py:161} INFO - Started process (PID=14018) to work on /opt/airflow/dags/etl_week2_dag.py
[2026-03-05T23:24:15.426+0000] {processor.py:830} INFO - Processing file /opt/airflow/dags/etl_week2_dag.py for tasks to queue
[2026-03-05T23:24:15.427+0000] {logging_mixin.py:188} INFO - [2026-03-05T23:24:15.426+0000] {dagbag.py:538} INFO - Filling up the DagBag from /opt/airflow/dags/etl_week2_dag.py
[2026-03-05T23:24:15.728+0000] {processor.py:840} INFO - DAG(s) 'storypoints_etl_week2' retrieved from /opt/airflow/dags/etl_week2_dag.py
[2026-03-05T23:24:15.744+0000] {logging_mixin.py:188} INFO - [2026-03-05T23:24:15.744+0000] {dag.py:3033} INFO - Sync 1 DAGs
[2026-03-05T23:24:15.759+0000] {logging_mixin.py:188} INFO - [2026-03-05T23:24:15.759+0000] {dag.py:3820} INFO - Setting next_dagrun for storypoints_etl_week2 to 2026-03-05T09:00:00+00:00, run_after=2026-03-06T09:00:00+00:00
[2026-03-05T23:24:15.770+0000] {processor.py:183} INFO - Processing /opt/airflow/dags/etl_week2_dag.py took 0.349 seconds
[2026-03-05T23:24:46.060+0000] {processor.py:161} INFO - Started process (PID=14075) to work on /opt/airflow/dags/etl_week2_dag.py
[2026-03-05T23:24:46.061+0000] {processor.py:830} INFO - Processing file /opt/airflow/dags/etl_week2_dag.py for tasks to queue
[2026-03-05T23:24:46.062+0000] {logging_mixin.py:188} INFO - [2026-03-05T23:24:46.061+0000] {dagbag.py:538} INFO - Filling up the DagBag from /opt/airflow/dags/etl_week2_dag.py
[2026-03-05T23:24:46.337+0000] {processor.py:840} INFO - DAG(s) 'storypoints_etl_week2' retrieved from /opt/airflow/dags/etl_week2_dag.py
[2026-03-05T23:24:46.352+0000] {logging_mixin.py:188} INFO - [2026-03-05T23:24:46.352+0000] {dag.py:3033} INFO - Sync 1 DAGs
[2026-03-05T23:24:46.366+0000] {logging_mixin.py:188} INFO - [2026-03-05T23:24:46.366+0000] {dag.py:3820} INFO - Setting next_dagrun for storypoints_etl_week2 to 2026-03-05T09:00:00+00:00, run_after=2026-03-06T09:00:00+00:00
[2026-03-05T23:24:46.377+0000] {processor.py:183} INFO - Processing /opt/airflow/dags/etl_week2_dag.py took 0.321 seconds
[2026-03-05T23:25:16.448+0000] {processor.py:161} INFO - Started process (PID=14132) to work on /opt/airflow/dags/etl_week2_dag.py
[2026-03-05T23:25:16.449+0000] {processor.py:830} INFO - Processing file /opt/airflow/dags/etl_week2_dag.py for tasks to queue
[2026-03-05T23:25:16.450+0000] {logging_mixin.py:188} INFO - [2026-03-05T23:25:16.449+0000] {dagbag.py:538} INFO - Filling up the DagBag from /opt/airflow/dags/etl_week2_dag.py
[2026-03-05T23:25:16.733+0000] {processor.py:840} INFO - DAG(s) 'storypoints_etl_week2' retrieved from /opt/airflow/dags/etl_week2_dag.py
[2026-03-05T23:25:16.750+0000] {logging_mixin.py:188} INFO - [2026-03-05T23:25:16.750+0000] {dag.py:3033} INFO - Sync 1 DAGs
[2026-03-05T23:25:16.766+0000] {logging_mixin.py:188} INFO - [2026-03-05T23:25:16.766+0000] {dag.py:3820} INFO - Setting next_dagrun for storypoints_etl_week2 to 2026-03-05T09:00:00+00:00, run_after=2026-03-06T09:00:00+00:00
[2026-03-05T23:25:16.777+0000] {processor.py:183} INFO - Processing /opt/airflow/dags/etl_week2_dag.py took 0.331 seconds
[2026-03-05T23:25:46.853+0000] {processor.py:161} INFO - Started process (PID=14189) to work on /opt/airflow/dags/etl_week2_dag.py
[2026-03-05T23:25:46.854+0000] {processor.py:830} INFO - Processing file /opt/airflow/dags/etl_week2_dag.py for tasks to queue
[2026-03-05T23:25:46.855+0000] {logging_mixin.py:188} INFO - [2026-03-05T23:25:46.854+0000] {dagbag.py:538} INFO - Filling up the DagBag from /opt/airflow/dags/etl_week2_dag.py
[2026-03-05T23:25:47.138+0000] {processor.py:840} INFO - DAG(s) 'storypoints_etl_week2' retrieved from /opt/airflow/dags/etl_week2_dag.py
[2026-03-05T23:25:47.153+0000] {logging_mixin.py:188} INFO - [2026-03-05T23:25:47.153+0000] {dag.py:3033} INFO - Sync 1 DAGs
[2026-03-05T23:25:47.168+0000] {logging_mixin.py:188} INFO - [2026-03-05T23:25:47.168+0000] {dag.py:3820} INFO - Setting next_dagrun for storypoints_etl_week2 to 2026-03-05T09:00:00+00:00, run_after=2026-03-06T09:00:00+00:00
[2026-03-05T23:25:47.179+0000] {processor.py:183} INFO - Processing /opt/airflow/dags/etl_week2_dag.py took 0.328 seconds
[2026-03-05T23:26:17.422+0000] {processor.py:161} INFO - Started process (PID=14246) to work on /opt/airflow/dags/etl_week2_dag.py
[2026-03-05T23:26:17.423+0000] {processor.py:830} INFO - Processing file /opt/airflow/dags/etl_week2_dag.py for tasks to queue
[2026-03-05T23:26:17.424+0000] {logging_mixin.py:188} INFO - [2026-03-05T23:26:17.424+0000] {dagbag.py:538} INFO - Filling up the DagBag from /opt/airflow/dags/etl_week2_dag.py
[2026-03-05T23:26:17.706+0000] {processor.py:840} INFO - DAG(s) 'storypoints_etl_week2' retrieved from /opt/airflow/dags/etl_week2_dag.py
[2026-03-05T23:26:17.723+0000] {logging_mixin.py:188} INFO - [2026-03-05T23:26:17.722+0000] {dag.py:3033} INFO - Sync 1 DAGs
[2026-03-05T23:26:17.737+0000] {logging_mixin.py:188} INFO - [2026-03-05T23:26:17.737+0000] {dag.py:3820} INFO - Setting next_dagrun for storypoints_etl_week2 to 2026-03-05T09:00:00+00:00, run_after=2026-03-06T09:00:00+00:00
[2026-03-05T23:26:17.747+0000] {processor.py:183} INFO - Processing /opt/airflow/dags/etl_week2_dag.py took 0.327 seconds
[2026-03-05T23:26:48.031+0000] {processor.py:161} INFO - Started process (PID=14303) to work on /opt/airflow/dags/etl_week2_dag.py
[2026-03-05T23:26:48.032+0000] {processor.py:830} INFO - Processing file /opt/airflow/dags/etl_week2_dag.py for tasks to queue
[2026-03-05T23:26:48.033+0000] {logging_mixin.py:188} INFO - [2026-03-05T23:26:48.032+0000] {dagbag.py:538} INFO - Filling up the DagBag from /opt/airflow/dags/etl_week2_dag.py
[2026-03-05T23:26:48.318+0000] {processor.py:840} INFO - DAG(s) 'storypoints_etl_week2' retrieved from /opt/airflow/dags/etl_week2_dag.py
[2026-03-05T23:26:48.334+0000] {logging_mixin.py:188} INFO - [2026-03-05T23:26:48.334+0000] {dag.py:3033} INFO - Sync 1 DAGs
[2026-03-05T23:26:48.349+0000] {logging_mixin.py:188} INFO - [2026-03-05T23:26:48.348+0000] {dag.py:3820} INFO - Setting next_dagrun for storypoints_etl_week2 to 2026-03-05T09:00:00+00:00, run_after=2026-03-06T09:00:00+00:00
[2026-03-05T23:26:48.360+0000] {processor.py:183} INFO - Processing /opt/airflow/dags/etl_week2_dag.py took 0.331 seconds
[2026-03-05T23:30:43.769+0000] {processor.py:161} INFO - Started process (PID=14352) to work on /opt/airflow/dags/etl_week2_dag.py
[2026-03-05T23:30:43.770+0000] {processor.py:830} INFO - Processing file /opt/airflow/dags/etl_week2_dag.py for tasks to queue
[2026-03-05T23:30:43.771+0000] {logging_mixin.py:188} INFO - [2026-03-05T23:30:43.771+0000] {dagbag.py:538} INFO - Filling up the DagBag from /opt/airflow/dags/etl_week2_dag.py
[2026-03-05T23:30:44.769+0000] {processor.py:840} INFO - DAG(s) 'storypoints_etl_week2' retrieved from /opt/airflow/dags/etl_week2_dag.py
[2026-03-05T23:30:44.852+0000] {logging_mixin.py:188} INFO - [2026-03-05T23:30:44.850+0000] {dag.py:3033} INFO - Sync 1 DAGs
[2026-03-05T23:30:44.914+0000] {logging_mixin.py:188} INFO - [2026-03-05T23:30:44.914+0000] {dag.py:3820} INFO - Setting next_dagrun for storypoints_etl_week2 to 2026-03-05T09:00:00+00:00, run_after=2026-03-06T09:00:00+00:00
[2026-03-05T23:30:44.979+0000] {processor.py:183} INFO - Processing /opt/airflow/dags/etl_week2_dag.py took 1.215 seconds
[2026-03-05T23:31:15.759+0000] {processor.py:161} INFO - Started process (PID=14419) to work on /opt/airflow/dags/etl_week2_dag.py
[2026-03-05T23:31:15.760+0000] {processor.py:830} INFO - Processing file /opt/airflow/dags/etl_week2_dag.py for tasks to queue
[2026-03-05T23:31:15.760+0000] {logging_mixin.py:188} INFO - [2026-03-05T23:31:15.760+0000] {dagbag.py:538} INFO - Filling up the DagBag from /opt/airflow/dags/etl_week2_dag.py
[2026-03-05T23:31:16.212+0000] {processor.py:840} INFO - DAG(s) 'storypoints_etl_week2' retrieved from /opt/airflow/dags/etl_week2_dag.py
[2026-03-05T23:31:16.249+0000] {logging_mixin.py:188} INFO - [2026-03-05T23:31:16.246+0000] {dag.py:3033} INFO - Sync 1 DAGs
[2026-03-05T23:31:16.274+0000] {logging_mixin.py:188} INFO - [2026-03-05T23:31:16.274+0000] {dag.py:3820} INFO - Setting next_dagrun for storypoints_etl_week2 to 2026-03-05T09:00:00+00:00, run_after=2026-03-06T09:00:00+00:00
[2026-03-05T23:31:16.298+0000] {processor.py:183} INFO - Processing /opt/airflow/dags/etl_week2_dag.py took 0.543 seconds
[2026-03-05T23:31:46.363+0000] {processor.py:161} INFO - Started process (PID=14476) to work on /opt/airflow/dags/etl_week2_dag.py
[2026-03-05T23:31:46.364+0000] {processor.py:830} INFO - Processing file /opt/airflow/dags/etl_week2_dag.py for tasks to queue
[2026-03-05T23:31:46.365+0000] {logging_mixin.py:188} INFO - [2026-03-05T23:31:46.364+0000] {dagbag.py:538} INFO - Filling up the DagBag from /opt/airflow/dags/etl_week2_dag.py
[2026-03-05T23:31:46.695+0000] {processor.py:840} INFO - DAG(s) 'storypoints_etl_week2' retrieved from /opt/airflow/dags/etl_week2_dag.py
[2026-03-05T23:31:46.716+0000] {logging_mixin.py:188} INFO - [2026-03-05T23:31:46.715+0000] {dag.py:3033} INFO - Sync 1 DAGs
[2026-03-05T23:31:46.734+0000] {logging_mixin.py:188} INFO - [2026-03-05T23:31:46.734+0000] {dag.py:3820} INFO - Setting next_dagrun for storypoints_etl_week2 to 2026-03-05T09:00:00+00:00, run_after=2026-03-06T09:00:00+00:00
[2026-03-05T23:31:46.747+0000] {processor.py:183} INFO - Processing /opt/airflow/dags/etl_week2_dag.py took 0.386 seconds
[2026-03-05T23:32:16.815+0000] {processor.py:161} INFO - Started process (PID=14535) to work on /opt/airflow/dags/etl_week2_dag.py
[2026-03-05T23:32:16.816+0000] {processor.py:830} INFO - Processing file /opt/airflow/dags/etl_week2_dag.py for tasks to queue
[2026-03-05T23:32:16.816+0000] {logging_mixin.py:188} INFO - [2026-03-05T23:32:16.816+0000] {dagbag.py:538} INFO - Filling up the DagBag from /opt/airflow/dags/etl_week2_dag.py
[2026-03-05T23:32:17.140+0000] {processor.py:840} INFO - DAG(s) 'storypoints_etl_week2' retrieved from /opt/airflow/dags/etl_week2_dag.py
[2026-03-05T23:32:17.157+0000] {logging_mixin.py:188} INFO - [2026-03-05T23:32:17.156+0000] {dag.py:3033} INFO - Sync 1 DAGs
[2026-03-05T23:32:17.174+0000] {logging_mixin.py:188} INFO - [2026-03-05T23:32:17.174+0000] {dag.py:3820} INFO - Setting next_dagrun for storypoints_etl_week2 to 2026-03-05T09:00:00+00:00, run_after=2026-03-06T09:00:00+00:00
[2026-03-05T23:32:17.187+0000] {processor.py:183} INFO - Processing /opt/airflow/dags/etl_week2_dag.py took 0.375 seconds
[2026-03-05T23:32:47.317+0000] {processor.py:161} INFO - Started process (PID=14590) to work on /opt/airflow/dags/etl_week2_dag.py
[2026-03-05T23:32:47.318+0000] {processor.py:830} INFO - Processing file /opt/airflow/dags/etl_week2_dag.py for tasks to queue
[2026-03-05T23:32:47.319+0000] {logging_mixin.py:188} INFO - [2026-03-05T23:32:47.318+0000] {dagbag.py:538} INFO - Filling up the DagBag from /opt/airflow/dags/etl_week2_dag.py
[2026-03-05T23:32:47.685+0000] {processor.py:840} INFO - DAG(s) 'storypoints_etl_week2' retrieved from /opt/airflow/dags/etl_week2_dag.py
[2026-03-05T23:32:47.709+0000] {logging_mixin.py:188} INFO - [2026-03-05T23:32:47.708+0000] {dag.py:3033} INFO - Sync 1 DAGs
[2026-03-05T23:32:47.727+0000] {logging_mixin.py:188} INFO - [2026-03-05T23:32:47.726+0000] {dag.py:3820} INFO - Setting next_dagrun for storypoints_etl_week2 to 2026-03-05T09:00:00+00:00, run_after=2026-03-06T09:00:00+00:00
[2026-03-05T23:32:47.751+0000] {processor.py:183} INFO - Processing /opt/airflow/dags/etl_week2_dag.py took 0.437 seconds
[2026-03-05T23:33:18.757+0000] {processor.py:161} INFO - Started process (PID=14648) to work on /opt/airflow/dags/etl_week2_dag.py
[2026-03-05T23:33:18.758+0000] {processor.py:830} INFO - Processing file /opt/airflow/dags/etl_week2_dag.py for tasks to queue
[2026-03-05T23:33:18.759+0000] {logging_mixin.py:188} INFO - [2026-03-05T23:33:18.759+0000] {dagbag.py:538} INFO - Filling up the DagBag from /opt/airflow/dags/etl_week2_dag.py
[2026-03-05T23:33:18.985+0000] {processor.py:840} INFO - DAG(s) 'storypoints_etl_week2' retrieved from /opt/airflow/dags/etl_week2_dag.py
[2026-03-05T23:33:19.017+0000] {logging_mixin.py:188} INFO - [2026-03-05T23:33:19.016+0000] {dag.py:3033} INFO - Sync 1 DAGs
[2026-03-05T23:33:19.039+0000] {logging_mixin.py:188} INFO - [2026-03-05T23:33:19.039+0000] {dag.py:3820} INFO - Setting next_dagrun for storypoints_etl_week2 to 2026-03-05T09:00:00+00:00, run_after=2026-03-06T09:00:00+00:00
[2026-03-05T23:33:19.059+0000] {processor.py:183} INFO - Processing /opt/airflow/dags/etl_week2_dag.py took 0.305 seconds
[2026-03-05T23:33:50.487+0000] {processor.py:161} INFO - Started process (PID=14707) to work on /opt/airflow/dags/etl_week2_dag.py
[2026-03-05T23:33:50.490+0000] {processor.py:830} INFO - Processing file /opt/airflow/dags/etl_week2_dag.py for tasks to queue
[2026-03-05T23:33:50.495+0000] {logging_mixin.py:188} INFO - [2026-03-05T23:33:50.494+0000] {dagbag.py:538} INFO - Filling up the DagBag from /opt/airflow/dags/etl_week2_dag.py
[2026-03-05T23:33:51.580+0000] {processor.py:840} INFO - DAG(s) 'storypoints_etl_week2' retrieved from /opt/airflow/dags/etl_week2_dag.py
[2026-03-05T23:33:51.637+0000] {logging_mixin.py:188} INFO - [2026-03-05T23:33:51.635+0000] {dag.py:3033} INFO - Sync 1 DAGs
[2026-03-05T23:33:51.686+0000] {logging_mixin.py:188} INFO - [2026-03-05T23:33:51.686+0000] {dag.py:3820} INFO - Setting next_dagrun for storypoints_etl_week2 to 2026-03-05T09:00:00+00:00, run_after=2026-03-06T09:00:00+00:00
[2026-03-05T23:33:51.730+0000] {processor.py:183} INFO - Processing /opt/airflow/dags/etl_week2_dag.py took 1.257 seconds
[2026-03-05T23:36:35.445+0000] {processor.py:161} INFO - Started process (PID=14751) to work on /opt/airflow/dags/etl_week2_dag.py
[2026-03-05T23:36:35.449+0000] {processor.py:830} INFO - Processing file /opt/airflow/dags/etl_week2_dag.py for tasks to queue
[2026-03-05T23:36:35.453+0000] {logging_mixin.py:188} INFO - [2026-03-05T23:36:35.451+0000] {dagbag.py:538} INFO - Filling up the DagBag from /opt/airflow/dags/etl_week2_dag.py
[2026-03-05T23:36:36.057+0000] {processor.py:840} INFO - DAG(s) 'storypoints_etl_week2' retrieved from /opt/airflow/dags/etl_week2_dag.py
[2026-03-05T23:36:36.104+0000] {logging_mixin.py:188} INFO - [2026-03-05T23:36:36.103+0000] {dag.py:3033} INFO - Sync 1 DAGs
[2026-03-05T23:36:36.136+0000] {logging_mixin.py:188} INFO - [2026-03-05T23:36:36.136+0000] {dag.py:3820} INFO - Setting next_dagrun for storypoints_etl_week2 to 2026-03-05T09:00:00+00:00, run_after=2026-03-06T09:00:00+00:00
[2026-03-05T23:36:36.155+0000] {processor.py:183} INFO - Processing /opt/airflow/dags/etl_week2_dag.py took 0.722 seconds
[2026-03-05T23:37:07.091+0000] {processor.py:161} INFO - Started process (PID=14816) to work on /opt/airflow/dags/etl_week2_dag.py
[2026-03-05T23:37:07.093+0000] {processor.py:830} INFO - Processing file /opt/airflow/dags/etl_week2_dag.py for tasks to queue
[2026-03-05T23:37:07.093+0000] {logging_mixin.py:188} INFO - [2026-03-05T23:37:07.093+0000] {dagbag.py:538} INFO - Filling up the DagBag from /opt/airflow/dags/etl_week2_dag.py
[2026-03-05T23:37:07.290+0000] {processor.py:840} INFO - DAG(s) 'storypoints_etl_week2' retrieved from /opt/airflow/dags/etl_week2_dag.py
[2026-03-05T23:37:07.311+0000] {logging_mixin.py:188} INFO - [2026-03-05T23:37:07.311+0000] {dag.py:3033} INFO - Sync 1 DAGs
[2026-03-05T23:37:07.327+0000] {logging_mixin.py:188} INFO - [2026-03-05T23:37:07.327+0000] {dag.py:3820} INFO - Setting next_dagrun for storypoints_etl_week2 to 2026-03-05T09:00:00+00:00, run_after=2026-03-06T09:00:00+00:00
[2026-03-05T23:37:07.344+0000] {processor.py:183} INFO - Processing /opt/airflow/dags/etl_week2_dag.py took 0.256 seconds
[2026-03-05T23:37:38.044+0000] {processor.py:161} INFO - Started process (PID=14874) to work on /opt/airflow/dags/etl_week2_dag.py
[2026-03-05T23:37:38.044+0000] {processor.py:830} INFO - Processing file /opt/airflow/dags/etl_week2_dag.py for tasks to queue
[2026-03-05T23:37:38.045+0000] {logging_mixin.py:188} INFO - [2026-03-05T23:37:38.045+0000] {dagbag.py:538} INFO - Filling up the DagBag from /opt/airflow/dags/etl_week2_dag.py
[2026-03-05T23:37:38.233+0000] {processor.py:840} INFO - DAG(s) 'storypoints_etl_week2' retrieved from /opt/airflow/dags/etl_week2_dag.py
[2026-03-05T23:37:38.257+0000] {logging_mixin.py:188} INFO - [2026-03-05T23:37:38.256+0000] {dag.py:3033} INFO - Sync 1 DAGs
[2026-03-05T23:37:38.275+0000] {logging_mixin.py:188} INFO - [2026-03-05T23:37:38.275+0000] {dag.py:3820} INFO - Setting next_dagrun for storypoints_etl_week2 to 2026-03-05T09:00:00+00:00, run_after=2026-03-06T09:00:00+00:00
[2026-03-05T23:37:38.292+0000] {processor.py:183} INFO - Processing /opt/airflow/dags/etl_week2_dag.py took 0.250 seconds
[2026-03-05T23:38:08.676+0000] {processor.py:161} INFO - Started process (PID=14931) to work on /opt/airflow/dags/etl_week2_dag.py
[2026-03-05T23:38:08.677+0000] {processor.py:830} INFO - Processing file /opt/airflow/dags/etl_week2_dag.py for tasks to queue
[2026-03-05T23:38:08.677+0000] {logging_mixin.py:188} INFO - [2026-03-05T23:38:08.677+0000] {dagbag.py:538} INFO - Filling up the DagBag from /opt/airflow/dags/etl_week2_dag.py
[2026-03-05T23:38:08.892+0000] {processor.py:840} INFO - DAG(s) 'storypoints_etl_week2' retrieved from /opt/airflow/dags/etl_week2_dag.py
[2026-03-05T23:38:08.927+0000] {logging_mixin.py:188} INFO - [2026-03-05T23:38:08.927+0000] {dag.py:3033} INFO - Sync 1 DAGs
[2026-03-05T23:38:08.959+0000] {logging_mixin.py:188} INFO - [2026-03-05T23:38:08.959+0000] {dag.py:3820} INFO - Setting next_dagrun for storypoints_etl_week2 to 2026-03-05T09:00:00+00:00, run_after=2026-03-06T09:00:00+00:00
[2026-03-05T23:38:08.986+0000] {processor.py:183} INFO - Processing /opt/airflow/dags/etl_week2_dag.py took 0.313 seconds
[2026-03-05T23:38:39.563+0000] {processor.py:161} INFO - Started process (PID=14988) to work on /opt/airflow/dags/etl_week2_dag.py
[2026-03-05T23:38:39.564+0000] {processor.py:830} INFO - Processing file /opt/airflow/dags/etl_week2_dag.py for tasks to queue
[2026-03-05T23:38:39.565+0000] {logging_mixin.py:188} INFO - [2026-03-05T23:38:39.565+0000] {dagbag.py:538} INFO - Filling up the DagBag from /opt/airflow/dags/etl_week2_dag.py
[2026-03-05T23:38:39.786+0000] {processor.py:840} INFO - DAG(s) 'storypoints_etl_week2' retrieved from /opt/airflow/dags/etl_week2_dag.py
[2026-03-05T23:38:39.813+0000] {logging_mixin.py:188} INFO - [2026-03-05T23:38:39.812+0000] {dag.py:3033} INFO - Sync 1 DAGs
[2026-03-05T23:38:39.838+0000] {logging_mixin.py:188} INFO - [2026-03-05T23:38:39.838+0000] {dag.py:3820} INFO - Setting next_dagrun for storypoints_etl_week2 to 2026-03-05T09:00:00+00:00, run_after=2026-03-06T09:00:00+00:00
[2026-03-05T23:38:39.870+0000] {processor.py:183} INFO - Processing /opt/airflow/dags/etl_week2_dag.py took 0.310 seconds
[2026-03-05T23:40:46.131+0000] {processor.py:161} INFO - Started process (PID=15037) to work on /opt/airflow/dags/etl_week2_dag.py
[2026-03-05T23:40:46.133+0000] {processor.py:830} INFO - Processing file /opt/airflow/dags/etl_week2_dag.py for tasks to queue
[2026-03-05T23:40:46.135+0000] {logging_mixin.py:188} INFO - [2026-03-05T23:40:46.134+0000] {dagbag.py:538} INFO - Filling up the DagBag from /opt/airflow/dags/etl_week2_dag.py
[2026-03-05T23:40:46.887+0000] {processor.py:840} INFO - DAG(s) 'storypoints_etl_week2' retrieved from /opt/airflow/dags/etl_week2_dag.py
[2026-03-05T23:40:46.933+0000] {logging_mixin.py:188} INFO - [2026-03-05T23:40:46.932+0000] {dag.py:3033} INFO - Sync 1 DAGs
[2026-03-05T23:40:46.960+0000] {logging_mixin.py:188} INFO - [2026-03-05T23:40:46.960+0000] {dag.py:3820} INFO - Setting next_dagrun for storypoints_etl_week2 to 2026-03-05T09:00:00+00:00, run_after=2026-03-06T09:00:00+00:00
[2026-03-05T23:40:46.989+0000] {processor.py:183} INFO - Processing /opt/airflow/dags/etl_week2_dag.py took 0.865 seconds
[2026-03-05T23:41:17.267+0000] {processor.py:161} INFO - Started process (PID=15094) to work on /opt/airflow/dags/etl_week2_dag.py
[2026-03-05T23:41:17.268+0000] {processor.py:830} INFO - Processing file /opt/airflow/dags/etl_week2_dag.py for tasks to queue
[2026-03-05T23:41:17.269+0000] {logging_mixin.py:188} INFO - [2026-03-05T23:41:17.269+0000] {dagbag.py:538} INFO - Filling up the DagBag from /opt/airflow/dags/etl_week2_dag.py
[2026-03-05T23:41:17.499+0000] {processor.py:840} INFO - DAG(s) 'storypoints_etl_week2' retrieved from /opt/airflow/dags/etl_week2_dag.py
[2026-03-05T23:41:17.530+0000] {logging_mixin.py:188} INFO - [2026-03-05T23:41:17.528+0000] {dag.py:3033} INFO - Sync 1 DAGs
[2026-03-05T23:41:17.551+0000] {logging_mixin.py:188} INFO - [2026-03-05T23:41:17.551+0000] {dag.py:3820} INFO - Setting next_dagrun for storypoints_etl_week2 to 2026-03-05T09:00:00+00:00, run_after=2026-03-06T09:00:00+00:00
[2026-03-05T23:41:17.569+0000] {processor.py:183} INFO - Processing /opt/airflow/dags/etl_week2_dag.py took 0.304 seconds
[2026-03-05T23:46:39.395+0000] {processor.py:161} INFO - Started process (PID=15151) to work on /opt/airflow/dags/etl_week2_dag.py
[2026-03-05T23:46:39.396+0000] {processor.py:830} INFO - Processing file /opt/airflow/dags/etl_week2_dag.py for tasks to queue
[2026-03-05T23:46:39.398+0000] {logging_mixin.py:188} INFO - [2026-03-05T23:46:39.397+0000] {dagbag.py:538} INFO - Filling up the DagBag from /opt/airflow/dags/etl_week2_dag.py
[2026-03-05T23:46:39.650+0000] {processor.py:840} INFO - DAG(s) 'storypoints_etl_week2' retrieved from /opt/airflow/dags/etl_week2_dag.py
[2026-03-05T23:46:39.678+0000] {logging_mixin.py:188} INFO - [2026-03-05T23:46:39.677+0000] {dag.py:3033} INFO - Sync 1 DAGs
[2026-03-05T23:46:39.713+0000] {logging_mixin.py:188} INFO - [2026-03-05T23:46:39.713+0000] {dag.py:3820} INFO - Setting next_dagrun for storypoints_etl_week2 to 2026-03-05T09:00:00+00:00, run_after=2026-03-06T09:00:00+00:00
[2026-03-05T23:46:39.749+0000] {processor.py:183} INFO - Processing /opt/airflow/dags/etl_week2_dag.py took 0.358 seconds
[2026-03-05T23:47:09.936+0000] {processor.py:161} INFO - Started process (PID=15208) to work on /opt/airflow/dags/etl_week2_dag.py
[2026-03-05T23:47:09.937+0000] {processor.py:830} INFO - Processing file /opt/airflow/dags/etl_week2_dag.py for tasks to queue
[2026-03-05T23:47:09.938+0000] {logging_mixin.py:188} INFO - [2026-03-05T23:47:09.938+0000] {dagbag.py:538} INFO - Filling up the DagBag from /opt/airflow/dags/etl_week2_dag.py
[2026-03-05T23:47:10.180+0000] {processor.py:840} INFO - DAG(s) 'storypoints_etl_week2' retrieved from /opt/airflow/dags/etl_week2_dag.py
[2026-03-05T23:47:10.198+0000] {logging_mixin.py:188} INFO - [2026-03-05T23:47:10.197+0000] {dag.py:3033} INFO - Sync 1 DAGs
[2026-03-05T23:47:10.217+0000] {logging_mixin.py:188} INFO - [2026-03-05T23:47:10.216+0000] {dag.py:3820} INFO - Setting next_dagrun for storypoints_etl_week2 to 2026-03-05T09:00:00+00:00, run_after=2026-03-06T09:00:00+00:00
[2026-03-05T23:47:10.229+0000] {processor.py:183} INFO - Processing /opt/airflow/dags/etl_week2_dag.py took 0.297 seconds
[2026-03-05T23:47:40.662+0000] {processor.py:161} INFO - Started process (PID=15265) to work on /opt/airflow/dags/etl_week2_dag.py
[2026-03-05T23:47:40.663+0000] {processor.py:830} INFO - Processing file /opt/airflow/dags/etl_week2_dag.py for tasks to queue
[2026-03-05T23:47:40.663+0000] {logging_mixin.py:188} INFO - [2026-03-05T23:47:40.663+0000] {dagbag.py:538} INFO - Filling up the DagBag from /opt/airflow/dags/etl_week2_dag.py
[2026-03-05T23:47:40.879+0000] {processor.py:840} INFO - DAG(s) 'storypoints_etl_week2' retrieved from /opt/airflow/dags/etl_week2_dag.py
[2026-03-05T23:47:40.904+0000] {logging_mixin.py:188} INFO - [2026-03-05T23:47:40.903+0000] {dag.py:3033} INFO - Sync 1 DAGs
[2026-03-05T23:47:40.922+0000] {logging_mixin.py:188} INFO - [2026-03-05T23:47:40.922+0000] {dag.py:3820} INFO - Setting next_dagrun for storypoints_etl_week2 to 2026-03-05T09:00:00+00:00, run_after=2026-03-06T09:00:00+00:00
[2026-03-05T23:47:40.940+0000] {processor.py:183} INFO - Processing /opt/airflow/dags/etl_week2_dag.py took 0.283 seconds
