[2026-03-06T09:13:30.367+0000] {taskinstance.py:1957} INFO - Dependencies all met for dep_context=non-requeueable deps ti=<TaskInstance: storypoints_etl_week2.ingest_transactions scheduled__2026-03-05T09:00:00+00:00 [queued]>
[2026-03-06T09:13:30.394+0000] {taskinstance.py:1957} INFO - Dependencies all met for dep_context=requeueable deps ti=<TaskInstance: storypoints_etl_week2.ingest_transactions scheduled__2026-03-05T09:00:00+00:00 [queued]>
[2026-03-06T09:13:30.395+0000] {taskinstance.py:2171} INFO - Starting attempt 1 of 4
[2026-03-06T09:13:30.424+0000] {taskinstance.py:2192} INFO - Executing <Task(PythonOperator): ingest_transactions> on 2026-03-05 09:00:00+00:00
[2026-03-06T09:13:30.444+0000] {standard_task_runner.py:60} INFO - Started process 2405 to run task
[2026-03-06T09:13:30.451+0000] {standard_task_runner.py:87} INFO - Running: ['***', 'tasks', 'run', 'storypoints_etl_week2', 'ingest_transactions', 'scheduled__2026-03-05T09:00:00+00:00', '--job-id', '30', '--raw', '--subdir', 'DAGS_FOLDER/etl_week2_dag.py', '--cfg-path', '/tmp/tmpkof6_9hd']
[2026-03-06T09:13:30.453+0000] {standard_task_runner.py:88} INFO - Job 30: Subtask ingest_transactions
[2026-03-06T09:13:30.550+0000] {task_command.py:423} INFO - Running <TaskInstance: storypoints_etl_week2.ingest_transactions scheduled__2026-03-05T09:00:00+00:00 [running]> on host a47d4c5c7033
[2026-03-06T09:13:30.686+0000] {taskinstance.py:2481} INFO - Exporting env vars: AIRFLOW_CTX_DAG_EMAIL='admin@storypoints.com' AIRFLOW_CTX_DAG_OWNER='storypoints_de' AIRFLOW_CTX_DAG_ID='storypoints_etl_week2' AIRFLOW_CTX_TASK_ID='ingest_transactions' AIRFLOW_CTX_EXECUTION_DATE='2026-03-05T09:00:00+00:00' AIRFLOW_CTX_TRY_NUMBER='1' AIRFLOW_CTX_DAG_RUN_ID='scheduled__2026-03-05T09:00:00+00:00'
[2026-03-06T09:13:30.692+0000] {etl_week2_dag.py:108} INFO - ============================================================
[2026-03-06T09:13:30.693+0000] {etl_week2_dag.py:109} INFO - TASK: ingest_transactions
[2026-03-06T09:13:30.693+0000] {etl_week2_dag.py:110} INFO - ============================================================
[2026-03-06T09:13:30.695+0000] {etl_week2_dag.py:428} WARNING - 🚨 ALERT logged: MISSING FILE: /opt/***/data/raw/transactions/transactions.csv
[2026-03-06T09:13:30.696+0000] {taskinstance.py:2699} ERROR - Task failed with exception
Traceback (most recent call last):
  File "/home/airflow/.local/lib/python3.8/site-packages/airflow/models/taskinstance.py", line 428, in _execute_task
    result = execute_callable(context=context, **execute_callable_kwargs)
  File "/home/airflow/.local/lib/python3.8/site-packages/airflow/operators/python.py", line 199, in execute
    return_value = self.execute_callable()
  File "/home/airflow/.local/lib/python3.8/site-packages/airflow/operators/python.py", line 216, in execute_callable
    return self.python_callable(*self.op_args, **self.op_kwargs)
  File "/opt/airflow/dags/etl_week2_dag.py", line 114, in ingest_transactions
    raise FileNotFoundError(f"Transactions file not found: {RAW_TRANSACTIONS}")
FileNotFoundError: Transactions file not found: /opt/***/data/raw/transactions/transactions.csv
[2026-03-06T09:13:30.712+0000] {taskinstance.py:1138} INFO - Marking task as UP_FOR_RETRY. dag_id=storypoints_etl_week2, task_id=ingest_transactions, execution_date=20260305T090000, start_date=20260306T091330, end_date=20260306T091330
[2026-03-06T09:13:30.737+0000] {standard_task_runner.py:107} ERROR - Failed to execute job 30 for task ingest_transactions (Transactions file not found: /opt/***/data/raw/transactions/transactions.csv; 2405)
[2026-03-06T09:13:30.760+0000] {local_task_job_runner.py:234} INFO - Task exited with return code 1
[2026-03-06T09:13:30.845+0000] {taskinstance.py:3281} INFO - 0 downstream tasks scheduled from follow-on schedule check
