[2026-03-06T21:30:50.300+0000] {taskinstance.py:1957} INFO - Dependencies all met for dep_context=non-requeueable deps ti=<TaskInstance: storypoints_etl_week2.ingest_clickstream manual__2026-03-06T21:30:47.462098+00:00 [queued]>
[2026-03-06T21:30:50.321+0000] {taskinstance.py:1957} INFO - Dependencies all met for dep_context=requeueable deps ti=<TaskInstance: storypoints_etl_week2.ingest_clickstream manual__2026-03-06T21:30:47.462098+00:00 [queued]>
[2026-03-06T21:30:50.322+0000] {taskinstance.py:2171} INFO - Starting attempt 1 of 4
[2026-03-06T21:30:50.342+0000] {taskinstance.py:2192} INFO - Executing <Task(PythonOperator): ingest_clickstream> on 2026-03-06 21:30:47.462098+00:00
[2026-03-06T21:30:50.350+0000] {standard_task_runner.py:60} INFO - Started process 4193 to run task
[2026-03-06T21:30:50.356+0000] {standard_task_runner.py:87} INFO - Running: ['***', 'tasks', 'run', 'storypoints_etl_week2', 'ingest_clickstream', 'manual__2026-03-06T21:30:47.462098+00:00', '--job-id', '45', '--raw', '--subdir', 'DAGS_FOLDER/etl_week2_dag.py', '--cfg-path', '/tmp/tmps0j6fi21']
[2026-03-06T21:30:50.358+0000] {standard_task_runner.py:88} INFO - Job 45: Subtask ingest_clickstream
[2026-03-06T21:30:50.424+0000] {task_command.py:423} INFO - Running <TaskInstance: storypoints_etl_week2.ingest_clickstream manual__2026-03-06T21:30:47.462098+00:00 [running]> on host a47d4c5c7033
[2026-03-06T21:30:50.571+0000] {taskinstance.py:2481} INFO - Exporting env vars: AIRFLOW_CTX_DAG_EMAIL='admin@storypoints.com' AIRFLOW_CTX_DAG_OWNER='storypoints_de' AIRFLOW_CTX_DAG_ID='storypoints_etl_week2' AIRFLOW_CTX_TASK_ID='ingest_clickstream' AIRFLOW_CTX_EXECUTION_DATE='2026-03-06T21:30:47.462098+00:00' AIRFLOW_CTX_TRY_NUMBER='1' AIRFLOW_CTX_DAG_RUN_ID='manual__2026-03-06T21:30:47.462098+00:00'
[2026-03-06T21:30:50.584+0000] {etl_week2_dag.py:73} INFO - ============================================================
[2026-03-06T21:30:50.585+0000] {etl_week2_dag.py:74} INFO - TASK: ingest_clickstream
[2026-03-06T21:30:50.587+0000] {etl_week2_dag.py:75} INFO - ============================================================
[2026-03-06T21:30:50.801+0000] {etl_week2_dag.py:88} INFO -    Chunk 1: 50,000 rows (total: 50,000)
[2026-03-06T21:30:50.918+0000] {etl_week2_dag.py:88} INFO -    Chunk 2: 50,000 rows (total: 100,000)
[2026-03-06T21:30:51.049+0000] {etl_week2_dag.py:88} INFO -    Chunk 3: 50,000 rows (total: 150,000)
[2026-03-06T21:30:51.142+0000] {etl_week2_dag.py:88} INFO -    Chunk 4: 50,000 rows (total: 200,000)
[2026-03-06T21:30:51.871+0000] {etl_week2_dag.py:96} INFO - ✅ Clickstream ingested: 200,000 rows, 6 columns
[2026-03-06T21:30:51.904+0000] {python.py:201} INFO - Done. Returned value was: 200000
[2026-03-06T21:30:51.930+0000] {taskinstance.py:1138} INFO - Marking task as SUCCESS. dag_id=storypoints_etl_week2, task_id=ingest_clickstream, execution_date=20260306T213047, start_date=20260306T213050, end_date=20260306T213051
[2026-03-06T21:30:52.003+0000] {local_task_job_runner.py:234} INFO - Task exited with return code 0
[2026-03-06T21:30:52.048+0000] {taskinstance.py:3281} INFO - 0 downstream tasks scheduled from follow-on schedule check
