[2026-03-05T23:06:54.200+0000] {taskinstance.py:1957} INFO - Dependencies all met for dep_context=non-requeueable deps ti=<TaskInstance: storypoints_etl_week2.ingest_clickstream scheduled__2026-03-04T09:00:00+00:00 [queued]>
[2026-03-05T23:06:54.215+0000] {taskinstance.py:1957} INFO - Dependencies all met for dep_context=requeueable deps ti=<TaskInstance: storypoints_etl_week2.ingest_clickstream scheduled__2026-03-04T09:00:00+00:00 [queued]>
[2026-03-05T23:06:54.216+0000] {taskinstance.py:2171} INFO - Starting attempt 3 of 4
[2026-03-05T23:06:54.257+0000] {taskinstance.py:2192} INFO - Executing <Task(PythonOperator): ingest_clickstream> on 2026-03-04 09:00:00+00:00
[2026-03-05T23:06:54.273+0000] {standard_task_runner.py:60} INFO - Started process 1734 to run task
[2026-03-05T23:06:54.291+0000] {standard_task_runner.py:87} INFO - Running: ['***', 'tasks', 'run', 'storypoints_etl_week2', 'ingest_clickstream', 'scheduled__2026-03-04T09:00:00+00:00', '--job-id', '21', '--raw', '--subdir', 'DAGS_FOLDER/etl_week2_dag.py', '--cfg-path', '/tmp/tmpb3mpp5k6']
[2026-03-05T23:06:54.295+0000] {standard_task_runner.py:88} INFO - Job 21: Subtask ingest_clickstream
[2026-03-05T23:06:54.409+0000] {task_command.py:423} INFO - Running <TaskInstance: storypoints_etl_week2.ingest_clickstream scheduled__2026-03-04T09:00:00+00:00 [running]> on host a47d4c5c7033
[2026-03-05T23:06:54.523+0000] {taskinstance.py:2481} INFO - Exporting env vars: AIRFLOW_CTX_DAG_EMAIL='admin@storypoints.com' AIRFLOW_CTX_DAG_OWNER='storypoints_de' AIRFLOW_CTX_DAG_ID='storypoints_etl_week2' AIRFLOW_CTX_TASK_ID='ingest_clickstream' AIRFLOW_CTX_EXECUTION_DATE='2026-03-04T09:00:00+00:00' AIRFLOW_CTX_TRY_NUMBER='3' AIRFLOW_CTX_DAG_RUN_ID='scheduled__2026-03-04T09:00:00+00:00'
[2026-03-05T23:06:54.532+0000] {etl_week2_dag.py:73} INFO - ============================================================
[2026-03-05T23:06:54.533+0000] {etl_week2_dag.py:74} INFO - TASK: ingest_clickstream
[2026-03-05T23:06:54.535+0000] {etl_week2_dag.py:75} INFO - ============================================================
[2026-03-05T23:06:54.536+0000] {etl_week2_dag.py:428} WARNING - 🚨 ALERT logged: MISSING FILE: /opt/***/data/raw/clickstream/clickstream.csv
[2026-03-05T23:06:54.537+0000] {taskinstance.py:2699} ERROR - Task failed with exception
Traceback (most recent call last):
  File "/home/airflow/.local/lib/python3.8/site-packages/airflow/models/taskinstance.py", line 428, in _execute_task
    result = execute_callable(context=context, **execute_callable_kwargs)
  File "/home/airflow/.local/lib/python3.8/site-packages/airflow/operators/python.py", line 199, in execute
    return_value = self.execute_callable()
  File "/home/airflow/.local/lib/python3.8/site-packages/airflow/operators/python.py", line 216, in execute_callable
    return self.python_callable(*self.op_args, **self.op_kwargs)
  File "/opt/airflow/dags/etl_week2_dag.py", line 79, in ingest_clickstream
    raise FileNotFoundError(f"Clickstream file not found: {RAW_CLICKSTREAM}")
FileNotFoundError: Clickstream file not found: /opt/***/data/raw/clickstream/clickstream.csv
[2026-03-05T23:06:54.550+0000] {taskinstance.py:1138} INFO - Marking task as UP_FOR_RETRY. dag_id=storypoints_etl_week2, task_id=ingest_clickstream, execution_date=20260304T090000, start_date=20260305T230654, end_date=20260305T230654
[2026-03-05T23:06:54.571+0000] {standard_task_runner.py:107} ERROR - Failed to execute job 21 for task ingest_clickstream (Clickstream file not found: /opt/***/data/raw/clickstream/clickstream.csv; 1734)
[2026-03-05T23:06:54.600+0000] {local_task_job_runner.py:234} INFO - Task exited with return code 1
[2026-03-05T23:06:54.699+0000] {taskinstance.py:3281} INFO - 0 downstream tasks scheduled from follow-on schedule check
