[2026-03-05T23:06:54.177+0000] {taskinstance.py:1957} INFO - Dependencies all met for dep_context=non-requeueable deps ti=<TaskInstance: storypoints_etl_week2.ingest_currency_api manual__2026-03-05T22:56:44.344401+00:00 [queued]>
[2026-03-05T23:06:54.198+0000] {taskinstance.py:1957} INFO - Dependencies all met for dep_context=requeueable deps ti=<TaskInstance: storypoints_etl_week2.ingest_currency_api manual__2026-03-05T22:56:44.344401+00:00 [queued]>
[2026-03-05T23:06:54.202+0000] {taskinstance.py:2171} INFO - Starting attempt 3 of 4
[2026-03-05T23:06:54.237+0000] {taskinstance.py:2192} INFO - Executing <Task(PythonOperator): ingest_currency_api> on 2026-03-05 22:56:44.344401+00:00
[2026-03-05T23:06:54.255+0000] {standard_task_runner.py:60} INFO - Started process 1733 to run task
[2026-03-05T23:06:54.268+0000] {standard_task_runner.py:87} INFO - Running: ['***', 'tasks', 'run', 'storypoints_etl_week2', 'ingest_currency_api', 'manual__2026-03-05T22:56:44.344401+00:00', '--job-id', '17', '--raw', '--subdir', 'DAGS_FOLDER/etl_week2_dag.py', '--cfg-path', '/tmp/tmpm8jtxky_']
[2026-03-05T23:06:54.271+0000] {standard_task_runner.py:88} INFO - Job 17: Subtask ingest_currency_api
[2026-03-05T23:06:54.395+0000] {task_command.py:423} INFO - Running <TaskInstance: storypoints_etl_week2.ingest_currency_api manual__2026-03-05T22:56:44.344401+00:00 [running]> on host a47d4c5c7033
[2026-03-05T23:06:54.493+0000] {taskinstance.py:2481} INFO - Exporting env vars: AIRFLOW_CTX_DAG_EMAIL='admin@storypoints.com' AIRFLOW_CTX_DAG_OWNER='storypoints_de' AIRFLOW_CTX_DAG_ID='storypoints_etl_week2' AIRFLOW_CTX_TASK_ID='ingest_currency_api' AIRFLOW_CTX_EXECUTION_DATE='2026-03-05T22:56:44.344401+00:00' AIRFLOW_CTX_TRY_NUMBER='3' AIRFLOW_CTX_DAG_RUN_ID='manual__2026-03-05T22:56:44.344401+00:00'
[2026-03-05T23:06:54.499+0000] {etl_week2_dag.py:146} INFO - ============================================================
[2026-03-05T23:06:54.499+0000] {etl_week2_dag.py:147} INFO - TASK: ingest_currency_api
[2026-03-05T23:06:54.500+0000] {etl_week2_dag.py:148} INFO - ============================================================
[2026-03-05T23:06:54.500+0000] {etl_week2_dag.py:428} WARNING - 🚨 ALERT logged: MISSING API KEY: EXCHANGE_RATE_API_KEY not set
[2026-03-05T23:06:54.501+0000] {taskinstance.py:2699} ERROR - Task failed with exception
Traceback (most recent call last):
  File "/home/airflow/.local/lib/python3.8/site-packages/airflow/models/taskinstance.py", line 428, in _execute_task
    result = execute_callable(context=context, **execute_callable_kwargs)
  File "/home/airflow/.local/lib/python3.8/site-packages/airflow/operators/python.py", line 199, in execute
    return_value = self.execute_callable()
  File "/home/airflow/.local/lib/python3.8/site-packages/airflow/operators/python.py", line 216, in execute_callable
    return self.python_callable(*self.op_args, **self.op_kwargs)
  File "/opt/airflow/dags/etl_week2_dag.py", line 153, in ingest_currency_api
    raise ValueError("EXCHANGE_RATE_API_KEY not set in Airflow Variables or environment")
ValueError: EXCHANGE_RATE_API_KEY not set in Airflow Variables or environment
[2026-03-05T23:06:54.517+0000] {taskinstance.py:1138} INFO - Marking task as UP_FOR_RETRY. dag_id=storypoints_etl_week2, task_id=ingest_currency_api, execution_date=20260305T225644, start_date=20260305T230654, end_date=20260305T230654
[2026-03-05T23:06:54.541+0000] {standard_task_runner.py:107} ERROR - Failed to execute job 17 for task ingest_currency_api (EXCHANGE_RATE_API_KEY not set in Airflow Variables or environment; 1733)
[2026-03-05T23:06:54.567+0000] {local_task_job_runner.py:234} INFO - Task exited with return code 1
[2026-03-05T23:06:54.658+0000] {taskinstance.py:3281} INFO - 0 downstream tasks scheduled from follow-on schedule check
