[2026-03-06T09:13:30.367+0000] {taskinstance.py:1957} INFO - Dependencies all met for dep_context=non-requeueable deps ti=<TaskInstance: storypoints_etl_week2.ingest_currency_api scheduled__2026-03-05T09:00:00+00:00 [queued]>
[2026-03-06T09:13:30.386+0000] {taskinstance.py:1957} INFO - Dependencies all met for dep_context=requeueable deps ti=<TaskInstance: storypoints_etl_week2.ingest_currency_api scheduled__2026-03-05T09:00:00+00:00 [queued]>
[2026-03-06T09:13:30.387+0000] {taskinstance.py:2171} INFO - Starting attempt 1 of 4
[2026-03-06T09:13:30.437+0000] {taskinstance.py:2192} INFO - Executing <Task(PythonOperator): ingest_currency_api> on 2026-03-05 09:00:00+00:00
[2026-03-06T09:13:30.447+0000] {standard_task_runner.py:60} INFO - Started process 2406 to run task
[2026-03-06T09:13:30.454+0000] {standard_task_runner.py:87} INFO - Running: ['***', 'tasks', 'run', 'storypoints_etl_week2', 'ingest_currency_api', 'scheduled__2026-03-05T09:00:00+00:00', '--job-id', '31', '--raw', '--subdir', 'DAGS_FOLDER/etl_week2_dag.py', '--cfg-path', '/tmp/tmpi2bh2jd0']
[2026-03-06T09:13:30.456+0000] {standard_task_runner.py:88} INFO - Job 31: Subtask ingest_currency_api
[2026-03-06T09:13:30.552+0000] {task_command.py:423} INFO - Running <TaskInstance: storypoints_etl_week2.ingest_currency_api scheduled__2026-03-05T09:00:00+00:00 [running]> on host a47d4c5c7033
[2026-03-06T09:13:30.685+0000] {taskinstance.py:2481} INFO - Exporting env vars: AIRFLOW_CTX_DAG_EMAIL='admin@storypoints.com' AIRFLOW_CTX_DAG_OWNER='storypoints_de' AIRFLOW_CTX_DAG_ID='storypoints_etl_week2' AIRFLOW_CTX_TASK_ID='ingest_currency_api' AIRFLOW_CTX_EXECUTION_DATE='2026-03-05T09:00:00+00:00' AIRFLOW_CTX_TRY_NUMBER='1' AIRFLOW_CTX_DAG_RUN_ID='scheduled__2026-03-05T09:00:00+00:00'
[2026-03-06T09:13:30.691+0000] {etl_week2_dag.py:146} INFO - ============================================================
[2026-03-06T09:13:30.693+0000] {etl_week2_dag.py:147} INFO - TASK: ingest_currency_api
[2026-03-06T09:13:30.693+0000] {etl_week2_dag.py:148} INFO - ============================================================
[2026-03-06T09:13:30.695+0000] {etl_week2_dag.py:428} WARNING - 🚨 ALERT logged: MISSING API KEY: EXCHANGE_RATE_API_KEY not set
[2026-03-06T09:13:30.696+0000] {taskinstance.py:2699} ERROR - Task failed with exception
Traceback (most recent call last):
  File "/home/airflow/.local/lib/python3.8/site-packages/airflow/models/taskinstance.py", line 428, in _execute_task
    result = execute_callable(context=context, **execute_callable_kwargs)
  File "/home/airflow/.local/lib/python3.8/site-packages/airflow/operators/python.py", line 199, in execute
    return_value = self.execute_callable()
  File "/home/airflow/.local/lib/python3.8/site-packages/airflow/operators/python.py", line 216, in execute_callable
    return self.python_callable(*self.op_args, **self.op_kwargs)
  File "/opt/airflow/dags/etl_week2_dag.py", line 153, in ingest_currency_api
    raise ValueError("EXCHANGE_RATE_API_KEY not set in Airflow Variables or environment")
ValueError: EXCHANGE_RATE_API_KEY not set in Airflow Variables or environment
[2026-03-06T09:13:30.713+0000] {taskinstance.py:1138} INFO - Marking task as UP_FOR_RETRY. dag_id=storypoints_etl_week2, task_id=ingest_currency_api, execution_date=20260305T090000, start_date=20260306T091330, end_date=20260306T091330
[2026-03-06T09:13:30.738+0000] {standard_task_runner.py:107} ERROR - Failed to execute job 31 for task ingest_currency_api (EXCHANGE_RATE_API_KEY not set in Airflow Variables or environment; 2406)
[2026-03-06T09:13:30.765+0000] {local_task_job_runner.py:234} INFO - Task exited with return code 1
[2026-03-06T09:13:30.815+0000] {taskinstance.py:3281} INFO - 0 downstream tasks scheduled from follow-on schedule check
